<?xml version="1.0" encoding="UTF-8"?>
<testsuite xmlns:xsi="http://www.w3.org/2001/XMLSchema-instance" xsi:noNamespaceSchemaLocation="https://maven.apache.org/surefire/maven-surefire-plugin/xsd/surefire-test-report-3.0.xsd" version="3.0" name="InspireTest.TestAll" time="174.921" tests="1" errors="0" skipped="0" failures="1">
  <properties>
    <property name="java.specification.version" value="13"/>
    <property name="sun.jnu.encoding" value="UTF-8"/>
    <property name="java.class.path" value="/home/runner/work/nl-ngr-validation/nl-ngr-validation/target/test-classes:/home/runner/work/nl-ngr-validation/nl-ngr-validation/target/classes:/home/runner/.m2/repository/com/intuit/karate/karate-apache/0.9.5/karate-apache-0.9.5.jar:/home/runner/.m2/repository/com/intuit/karate/karate-core/0.9.5/karate-core-0.9.5.jar:/home/runner/.m2/repository/com/jayway/jsonpath/json-path/2.4.0/json-path-2.4.0.jar:/home/runner/.m2/repository/net/minidev/json-smart/2.3/json-smart-2.3.jar:/home/runner/.m2/repository/net/minidev/accessors-smart/1.2/accessors-smart-1.2.jar:/home/runner/.m2/repository/info/cukes/cucumber-java/1.2.5/cucumber-java-1.2.5.jar:/home/runner/.m2/repository/info/cukes/cucumber-core/1.2.5/cucumber-core-1.2.5.jar:/home/runner/.m2/repository/org/yaml/snakeyaml/1.24/snakeyaml-1.24.jar:/home/runner/.m2/repository/de/siegmar/fastcsv/1.0.3/fastcsv-1.0.3.jar:/home/runner/.m2/repository/info/picocli/picocli/4.0.3/picocli-4.0.3.jar:/home/runner/.m2/repository/org/apache/httpcomponents/httpclient/4.5.11/httpclient-4.5.11.jar:/home/runner/.m2/repository/org/apache/httpcomponents/httpcore/4.4.13/httpcore-4.4.13.jar:/home/runner/.m2/repository/commons-codec/commons-codec/1.11/commons-codec-1.11.jar:/home/runner/.m2/repository/org/apache/httpcomponents/httpmime/4.5.11/httpmime-4.5.11.jar:/home/runner/.m2/repository/org/slf4j/jcl-over-slf4j/1.7.25/jcl-over-slf4j-1.7.25.jar:/home/runner/.m2/repository/org/slf4j/slf4j-api/1.7.25/slf4j-api-1.7.25.jar:/home/runner/.m2/repository/ch/qos/logback/logback-classic/1.2.3/logback-classic-1.2.3.jar:/home/runner/.m2/repository/ch/qos/logback/logback-core/1.2.3/logback-core-1.2.3.jar:/home/runner/.m2/repository/com/intuit/karate/karate-junit5/0.9.5/karate-junit5-0.9.5.jar:/home/runner/.m2/repository/org/junit/jupiter/junit-jupiter-api/5.6.2/junit-jupiter-api-5.6.2.jar:/home/runner/.m2/repository/org/apiguardian/apiguardian-api/1.1.0/apiguardian-api-1.1.0.jar:/home/runner/.m2/repository/org/opentest4j/opentest4j/1.2.0/opentest4j-1.2.0.jar:/home/runner/.m2/repository/org/junit/platform/junit-platform-commons/1.6.2/junit-platform-commons-1.6.2.jar:/home/runner/.m2/repository/org/junit/jupiter/junit-jupiter-engine/5.6.2/junit-jupiter-engine-5.6.2.jar:/home/runner/.m2/repository/org/junit/platform/junit-platform-engine/1.6.2/junit-platform-engine-1.6.2.jar:/home/runner/.m2/repository/net/masterthought/cucumber-reporting/3.13.0/cucumber-reporting-3.13.0.jar:/home/runner/.m2/repository/org/apache/logging/log4j/log4j-api/2.8.2/log4j-api-2.8.2.jar:/home/runner/.m2/repository/org/apache/logging/log4j/log4j-core/2.8.2/log4j-core-2.8.2.jar:/home/runner/.m2/repository/com/fasterxml/jackson/core/jackson-databind/2.8.6/jackson-databind-2.8.6.jar:/home/runner/.m2/repository/com/fasterxml/jackson/core/jackson-annotations/2.8.0/jackson-annotations-2.8.0.jar:/home/runner/.m2/repository/com/fasterxml/jackson/core/jackson-core/2.8.6/jackson-core-2.8.6.jar:/home/runner/.m2/repository/org/apache/velocity/velocity/1.7/velocity-1.7.jar:/home/runner/.m2/repository/commons-collections/commons-collections/3.2.1/commons-collections-3.2.1.jar:/home/runner/.m2/repository/commons-lang/commons-lang/2.4/commons-lang-2.4.jar:/home/runner/.m2/repository/velocity-tools/velocity-tools/1.4/velocity-tools-1.4.jar:/home/runner/.m2/repository/joda-time/joda-time/2.9.9/joda-time-2.9.9.jar:/home/runner/.m2/repository/org/apache/commons/commons-lang3/3.6/commons-lang3-3.6.jar:/home/runner/.m2/repository/commons-io/commons-io/2.5/commons-io-2.5.jar:/home/runner/.m2/repository/net/lingala/zip4j/zip4j/1.3.2/zip4j-1.3.2.jar:/home/runner/.m2/repository/org/codehaus/plexus/plexus-utils/3.0.24/plexus-utils-3.0.24.jar:/home/runner/.m2/repository/org/jsoup/jsoup/1.10.3/jsoup-1.10.3.jar:/home/runner/.m2/repository/com/googlecode/owasp-java-html-sanitizer/owasp-java-html-sanitizer/20170515.1/owasp-java-html-sanitizer-20170515.1.jar:/home/runner/.m2/repository/com/google/guava/guava/20.0/guava-20.0.jar:/home/runner/.m2/repository/commons-configuration/commons-configuration/1.6/commons-configuration-1.6.jar:/home/runner/.m2/repository/commons-logging/commons-logging/1.1.1/commons-logging-1.1.1.jar:/home/runner/.m2/repository/commons-digester/commons-digester/1.8/commons-digester-1.8.jar:/home/runner/.m2/repository/commons-beanutils/commons-beanutils/1.7.0/commons-beanutils-1.7.0.jar:/home/runner/.m2/repository/commons-beanutils/commons-beanutils-core/1.8.0/commons-beanutils-core-1.8.0.jar:/home/runner/.m2/repository/org/apache/maven/plugins/maven-surefire-plugin/3.0.0-M4/maven-surefire-plugin-3.0.0-M4.jar:/home/runner/.m2/repository/org/apache/maven/surefire/maven-surefire-common/3.0.0-M4/maven-surefire-common-3.0.0-M4.jar:/home/runner/.m2/repository/org/apache/maven/surefire/surefire-api/3.0.0-M4/surefire-api-3.0.0-M4.jar:/home/runner/.m2/repository/org/apache/maven/surefire/surefire-logger-api/3.0.0-M4/surefire-logger-api-3.0.0-M4.jar:/home/runner/.m2/repository/org/apache/maven/surefire/surefire-extensions-api/3.0.0-M4/surefire-extensions-api-3.0.0-M4.jar:/home/runner/.m2/repository/org/apache/maven/surefire/surefire-booter/3.0.0-M4/surefire-booter-3.0.0-M4.jar:/home/runner/.m2/repository/org/apache/maven/maven-toolchain/3.0-alpha-2/maven-toolchain-3.0-alpha-2.jar:/home/runner/.m2/repository/org/apache/maven/shared/maven-artifact-transfer/0.11.0/maven-artifact-transfer-0.11.0.jar:/home/runner/.m2/repository/org/apache/maven/shared/maven-common-artifact-filters/3.0.1/maven-common-artifact-filters-3.0.1.jar:/home/runner/.m2/repository/org/apache/maven/maven-model/3.0/maven-model-3.0.jar:/home/runner/.m2/repository/org/apache/maven/maven-plugin-api/3.0/maven-plugin-api-3.0.jar:/home/runner/.m2/repository/org/sonatype/sisu/sisu-inject-plexus/1.4.2/sisu-inject-plexus-1.4.2.jar:/home/runner/.m2/repository/org/codehaus/plexus/plexus-classworlds/2.2.3/plexus-classworlds-2.2.3.jar:/home/runner/.m2/repository/org/sonatype/sisu/sisu-inject-bean/1.4.2/sisu-inject-bean-1.4.2.jar:/home/runner/.m2/repository/org/sonatype/sisu/sisu-guice/2.1.7/sisu-guice-2.1.7-noaop.jar:/home/runner/.m2/repository/org/apache/maven/shared/maven-shared-utils/3.1.0/maven-shared-utils-3.1.0.jar:/home/runner/.m2/repository/org/codehaus/plexus/plexus-java/1.0.3/plexus-java-1.0.3.jar:/home/runner/.m2/repository/org/ow2/asm/asm/7.0/asm-7.0.jar:/home/runner/.m2/repository/com/thoughtworks/qdox/qdox/2.0-M9/qdox-2.0-M9.jar:/home/runner/.m2/repository/org/junit/jupiter/junit-jupiter/5.6.2/junit-jupiter-5.6.2.jar:/home/runner/.m2/repository/org/junit/jupiter/junit-jupiter-params/5.6.2/junit-jupiter-params-5.6.2.jar:"/>
    <property name="java.vm.vendor" value="Azul Systems, Inc."/>
    <property name="sun.arch.data.model" value="64"/>
    <property name="java.vendor.url" value="http://www.azulsystems.com/"/>
    <property name="user.timezone" value="Etc/UTC"/>
    <property name="os.name" value="Linux"/>
    <property name="java.vm.specification.version" value="13"/>
    <property name="sun.java.launcher" value="SUN_STANDARD"/>
    <property name="sun.boot.library.path" value="/opt/hostedtoolcache/jdk/13.0.4/x64/lib"/>
    <property name="sun.java.command" value="/home/runner/work/nl-ngr-validation/nl-ngr-validation/target/surefire/surefirebooter14652678882315160563.jar /home/runner/work/nl-ngr-validation/nl-ngr-validation/target/surefire 2020-09-18T14-42-43_667-jvmRun1 surefire5480890594210625886tmp surefire_010906646399501705271tmp"/>
    <property name="jdk.debug" value="release"/>
    <property name="surefire.test.class.path" value="/home/runner/work/nl-ngr-validation/nl-ngr-validation/target/test-classes:/home/runner/work/nl-ngr-validation/nl-ngr-validation/target/classes:/home/runner/.m2/repository/com/intuit/karate/karate-apache/0.9.5/karate-apache-0.9.5.jar:/home/runner/.m2/repository/com/intuit/karate/karate-core/0.9.5/karate-core-0.9.5.jar:/home/runner/.m2/repository/com/jayway/jsonpath/json-path/2.4.0/json-path-2.4.0.jar:/home/runner/.m2/repository/net/minidev/json-smart/2.3/json-smart-2.3.jar:/home/runner/.m2/repository/net/minidev/accessors-smart/1.2/accessors-smart-1.2.jar:/home/runner/.m2/repository/info/cukes/cucumber-java/1.2.5/cucumber-java-1.2.5.jar:/home/runner/.m2/repository/info/cukes/cucumber-core/1.2.5/cucumber-core-1.2.5.jar:/home/runner/.m2/repository/org/yaml/snakeyaml/1.24/snakeyaml-1.24.jar:/home/runner/.m2/repository/de/siegmar/fastcsv/1.0.3/fastcsv-1.0.3.jar:/home/runner/.m2/repository/info/picocli/picocli/4.0.3/picocli-4.0.3.jar:/home/runner/.m2/repository/org/apache/httpcomponents/httpclient/4.5.11/httpclient-4.5.11.jar:/home/runner/.m2/repository/org/apache/httpcomponents/httpcore/4.4.13/httpcore-4.4.13.jar:/home/runner/.m2/repository/commons-codec/commons-codec/1.11/commons-codec-1.11.jar:/home/runner/.m2/repository/org/apache/httpcomponents/httpmime/4.5.11/httpmime-4.5.11.jar:/home/runner/.m2/repository/org/slf4j/jcl-over-slf4j/1.7.25/jcl-over-slf4j-1.7.25.jar:/home/runner/.m2/repository/org/slf4j/slf4j-api/1.7.25/slf4j-api-1.7.25.jar:/home/runner/.m2/repository/ch/qos/logback/logback-classic/1.2.3/logback-classic-1.2.3.jar:/home/runner/.m2/repository/ch/qos/logback/logback-core/1.2.3/logback-core-1.2.3.jar:/home/runner/.m2/repository/com/intuit/karate/karate-junit5/0.9.5/karate-junit5-0.9.5.jar:/home/runner/.m2/repository/org/junit/jupiter/junit-jupiter-api/5.6.2/junit-jupiter-api-5.6.2.jar:/home/runner/.m2/repository/org/apiguardian/apiguardian-api/1.1.0/apiguardian-api-1.1.0.jar:/home/runner/.m2/repository/org/opentest4j/opentest4j/1.2.0/opentest4j-1.2.0.jar:/home/runner/.m2/repository/org/junit/platform/junit-platform-commons/1.6.2/junit-platform-commons-1.6.2.jar:/home/runner/.m2/repository/org/junit/jupiter/junit-jupiter-engine/5.6.2/junit-jupiter-engine-5.6.2.jar:/home/runner/.m2/repository/org/junit/platform/junit-platform-engine/1.6.2/junit-platform-engine-1.6.2.jar:/home/runner/.m2/repository/net/masterthought/cucumber-reporting/3.13.0/cucumber-reporting-3.13.0.jar:/home/runner/.m2/repository/org/apache/logging/log4j/log4j-api/2.8.2/log4j-api-2.8.2.jar:/home/runner/.m2/repository/org/apache/logging/log4j/log4j-core/2.8.2/log4j-core-2.8.2.jar:/home/runner/.m2/repository/com/fasterxml/jackson/core/jackson-databind/2.8.6/jackson-databind-2.8.6.jar:/home/runner/.m2/repository/com/fasterxml/jackson/core/jackson-annotations/2.8.0/jackson-annotations-2.8.0.jar:/home/runner/.m2/repository/com/fasterxml/jackson/core/jackson-core/2.8.6/jackson-core-2.8.6.jar:/home/runner/.m2/repository/org/apache/velocity/velocity/1.7/velocity-1.7.jar:/home/runner/.m2/repository/commons-collections/commons-collections/3.2.1/commons-collections-3.2.1.jar:/home/runner/.m2/repository/commons-lang/commons-lang/2.4/commons-lang-2.4.jar:/home/runner/.m2/repository/velocity-tools/velocity-tools/1.4/velocity-tools-1.4.jar:/home/runner/.m2/repository/joda-time/joda-time/2.9.9/joda-time-2.9.9.jar:/home/runner/.m2/repository/org/apache/commons/commons-lang3/3.6/commons-lang3-3.6.jar:/home/runner/.m2/repository/commons-io/commons-io/2.5/commons-io-2.5.jar:/home/runner/.m2/repository/net/lingala/zip4j/zip4j/1.3.2/zip4j-1.3.2.jar:/home/runner/.m2/repository/org/codehaus/plexus/plexus-utils/3.0.24/plexus-utils-3.0.24.jar:/home/runner/.m2/repository/org/jsoup/jsoup/1.10.3/jsoup-1.10.3.jar:/home/runner/.m2/repository/com/googlecode/owasp-java-html-sanitizer/owasp-java-html-sanitizer/20170515.1/owasp-java-html-sanitizer-20170515.1.jar:/home/runner/.m2/repository/com/google/guava/guava/20.0/guava-20.0.jar:/home/runner/.m2/repository/commons-configuration/commons-configuration/1.6/commons-configuration-1.6.jar:/home/runner/.m2/repository/commons-logging/commons-logging/1.1.1/commons-logging-1.1.1.jar:/home/runner/.m2/repository/commons-digester/commons-digester/1.8/commons-digester-1.8.jar:/home/runner/.m2/repository/commons-beanutils/commons-beanutils/1.7.0/commons-beanutils-1.7.0.jar:/home/runner/.m2/repository/commons-beanutils/commons-beanutils-core/1.8.0/commons-beanutils-core-1.8.0.jar:/home/runner/.m2/repository/org/apache/maven/plugins/maven-surefire-plugin/3.0.0-M4/maven-surefire-plugin-3.0.0-M4.jar:/home/runner/.m2/repository/org/apache/maven/surefire/maven-surefire-common/3.0.0-M4/maven-surefire-common-3.0.0-M4.jar:/home/runner/.m2/repository/org/apache/maven/surefire/surefire-api/3.0.0-M4/surefire-api-3.0.0-M4.jar:/home/runner/.m2/repository/org/apache/maven/surefire/surefire-logger-api/3.0.0-M4/surefire-logger-api-3.0.0-M4.jar:/home/runner/.m2/repository/org/apache/maven/surefire/surefire-extensions-api/3.0.0-M4/surefire-extensions-api-3.0.0-M4.jar:/home/runner/.m2/repository/org/apache/maven/surefire/surefire-booter/3.0.0-M4/surefire-booter-3.0.0-M4.jar:/home/runner/.m2/repository/org/apache/maven/maven-toolchain/3.0-alpha-2/maven-toolchain-3.0-alpha-2.jar:/home/runner/.m2/repository/org/apache/maven/shared/maven-artifact-transfer/0.11.0/maven-artifact-transfer-0.11.0.jar:/home/runner/.m2/repository/org/apache/maven/shared/maven-common-artifact-filters/3.0.1/maven-common-artifact-filters-3.0.1.jar:/home/runner/.m2/repository/org/apache/maven/maven-model/3.0/maven-model-3.0.jar:/home/runner/.m2/repository/org/apache/maven/maven-plugin-api/3.0/maven-plugin-api-3.0.jar:/home/runner/.m2/repository/org/sonatype/sisu/sisu-inject-plexus/1.4.2/sisu-inject-plexus-1.4.2.jar:/home/runner/.m2/repository/org/codehaus/plexus/plexus-classworlds/2.2.3/plexus-classworlds-2.2.3.jar:/home/runner/.m2/repository/org/sonatype/sisu/sisu-inject-bean/1.4.2/sisu-inject-bean-1.4.2.jar:/home/runner/.m2/repository/org/sonatype/sisu/sisu-guice/2.1.7/sisu-guice-2.1.7-noaop.jar:/home/runner/.m2/repository/org/apache/maven/shared/maven-shared-utils/3.1.0/maven-shared-utils-3.1.0.jar:/home/runner/.m2/repository/org/codehaus/plexus/plexus-java/1.0.3/plexus-java-1.0.3.jar:/home/runner/.m2/repository/org/ow2/asm/asm/7.0/asm-7.0.jar:/home/runner/.m2/repository/com/thoughtworks/qdox/qdox/2.0-M9/qdox-2.0-M9.jar:/home/runner/.m2/repository/org/junit/jupiter/junit-jupiter/5.6.2/junit-jupiter-5.6.2.jar:/home/runner/.m2/repository/org/junit/jupiter/junit-jupiter-params/5.6.2/junit-jupiter-params-5.6.2.jar:"/>
    <property name="sun.cpu.endian" value="little"/>
    <property name="user.home" value="/home/runner"/>
    <property name="user.language" value="en"/>
    <property name="java.specification.vendor" value="Oracle Corporation"/>
    <property name="java.version.date" value="2020-07-14"/>
    <property name="java.home" value="/opt/hostedtoolcache/jdk/13.0.4/x64"/>
    <property name="file.separator" value="/"/>
    <property name="basedir" value="/home/runner/work/nl-ngr-validation/nl-ngr-validation"/>
    <property name="java.vm.compressedOopsMode" value="32-bit"/>
    <property name="line.separator" value="&#10;"/>
    <property name="java.vm.specification.vendor" value="Oracle Corporation"/>
    <property name="jdk.vendor.version" value="Zulu13.33+25-CA"/>
    <property name="java.specification.name" value="Java Platform API Specification"/>
    <property name="surefire.real.class.path" value="/home/runner/work/nl-ngr-validation/nl-ngr-validation/target/surefire/surefirebooter14652678882315160563.jar"/>
    <property name="sun.management.compiler" value="HotSpot 64-Bit Tiered Compilers"/>
    <property name="java.runtime.version" value="13.0.4+8-MTS"/>
    <property name="user.name" value="runner"/>
    <property name="path.separator" value=":"/>
    <property name="os.version" value="5.4.0-1025-azure"/>
    <property name="java.runtime.name" value="OpenJDK Runtime Environment"/>
    <property name="file.encoding" value="UTF-8"/>
    <property name="java.vm.name" value="OpenJDK 64-Bit Server VM"/>
    <property name="java.vendor.version" value="Zulu13.33+25-CA"/>
    <property name="localRepository" value="/home/runner/.m2/repository"/>
    <property name="java.vendor.url.bug" value="http://www.azulsystems.com/support/"/>
    <property name="java.io.tmpdir" value="/tmp"/>
    <property name="java.version" value="13.0.4"/>
    <property name="user.dir" value="/home/runner/work/nl-ngr-validation/nl-ngr-validation"/>
    <property name="os.arch" value="amd64"/>
    <property name="java.vm.specification.name" value="Java Virtual Machine Specification"/>
    <property name="java.library.path" value="/usr/java/packages/lib:/usr/lib64:/lib64:/lib:/usr/lib"/>
    <property name="java.vm.info" value="mixed mode, sharing"/>
    <property name="java.vendor" value="Azul Systems, Inc."/>
    <property name="java.vm.version" value="13.0.4+8-MTS"/>
    <property name="sun.io.unicode.encoding" value="UnicodeLittle"/>
    <property name="java.class.version" value="57.0"/>
  </properties>
  <testcase name="testParallel" classname="InspireTest.TestAll" time="174.875">
    <failure type="org.opentest4j.AssertionFailedError"><![CDATA[org.opentest4j.AssertionFailedError: 
failed features:
InspireTest.ngr.datasetrecords.ngr-check-dataset-record: [1.2:16] ngr-check-dataset-record.feature:80 - feature call (loop) failed: classpath:InspireTest/ngr/datasetrecords/def/checkxlinkurl.template.feature
caller: classpath:InspireTest/ngr/datasetrecords/ngr-check-dataset-record.feature
items: [{link=https://nationaalgeoregister.nl/geonetwork/srv/resources7e290e63-f991-4cc3-beff-1ff08ce2be77}, {link=https://www.nationaalgeoregister.nl/geonetwork/srv/eng/thesaurus.download?ref=external.theme.inspire-theme}]
errors:
-------
feature call (loop) failed at index: 0
caller: classpath:InspireTest/ngr/datasetrecords/def/checkxlinkurl.template.feature
arg: {"link":"https://nationaalgeoregister.nl/geonetwork/srv/resources7e290e63-f991-4cc3-beff-1ff08ce2be77"}
checkxlinkurl.template.feature:15 - status code was: 404, expected: 200, response time: 268, url: https://nationaalgeoregister.nl/geonetwork/srv/resources7e290e63-f991-4cc3-beff-1ff08ce2be77, response: 
-------
feature call (loop) failed at index: 1
caller: classpath:InspireTest/ngr/datasetrecords/def/checkxlinkurl.template.feature
arg: {"link":"https://www.nationaalgeoregister.nl/geonetwork/srv/eng/thesaurus.download?ref=external.theme.inspire-theme"}
checkxlinkurl.template.feature:15 - status code was: 500, expected: 200, response time: 414, url: https://www.nationaalgeoregister.nl/geonetwork/srv/eng/thesaurus.download?ref=external.theme.inspire-theme, response: 
[1.3:16] ngr-check-dataset-record.feature:80 - feature call (loop) failed: classpath:InspireTest/ngr/datasetrecords/def/checkxlinkurl.template.feature
caller: classpath:InspireTest/ngr/datasetrecords/ngr-check-dataset-record.feature
items: [{link=http://standaarden.overheid.nl/owms/terms/Ministerie_van_Landbouw,_Natuur_en_Voedselkwaliteit}, {link=https://www.nationaalgeoregister.nl/geonetwork/srv/api/records3703b249-a0eb-484e-ba7a-10e31a55bcec}, {link=579}]
errors:
-------
feature call (loop) failed at index: 1
caller: classpath:InspireTest/ngr/datasetrecords/def/checkxlinkurl.template.feature
arg: {"link":"https://www.nationaalgeoregister.nl/geonetwork/srv/api/records3703b249-a0eb-484e-ba7a-10e31a55bcec"}
checkxlinkurl.template.feature:15 - status code was: 500, expected: 200, response time: 574, url: https://www.nationaalgeoregister.nl/geonetwork/srv/api/records3703b249-a0eb-484e-ba7a-10e31a55bcec, response: 
-------
feature call (loop) failed at index: 2
caller: classpath:InspireTest/ngr/datasetrecords/def/checkxlinkurl.template.feature
arg: {"link":"579"}
checkxlinkurl.template.feature:14 - 
org.apache.http.client.ClientProtocolException
[1.5:16] ngr-check-dataset-record.feature:80 - feature call (loop) failed: classpath:InspireTest/ngr/datasetrecords/def/checkxlinkurl.template.feature
caller: classpath:InspireTest/ngr/datasetrecords/ngr-check-dataset-record.feature
items: [{link=https://nationaalgeoregister.nl/geonetwork/srv/resourcesff07bd5a-d6eb-11ea-87d0-0242ac130003}, {link=https://www.nationaalgeoregister.nl/geonetwork/srv/eng/thesaurus.download?ref=external.theme.inspire-theme}]
errors:
-------
feature call (loop) failed at index: 0
caller: classpath:InspireTest/ngr/datasetrecords/def/checkxlinkurl.template.feature
arg: {"link":"https://nationaalgeoregister.nl/geonetwork/srv/resourcesff07bd5a-d6eb-11ea-87d0-0242ac130003"}
checkxlinkurl.template.feature:15 - status code was: 404, expected: 200, response time: 266, url: https://nationaalgeoregister.nl/geonetwork/srv/resourcesff07bd5a-d6eb-11ea-87d0-0242ac130003, response: 
-------
feature call (loop) failed at index: 1
caller: classpath:InspireTest/ngr/datasetrecords/def/checkxlinkurl.template.feature
arg: {"link":"https://www.nationaalgeoregister.nl/geonetwork/srv/eng/thesaurus.download?ref=external.theme.inspire-theme"}
checkxlinkurl.template.feature:15 - status code was: 500, expected: 200, response time: 416, url: https://www.nationaalgeoregister.nl/geonetwork/srv/eng/thesaurus.download?ref=external.theme.inspire-theme, response: 
[1.6:16] ngr-check-dataset-record.feature:80 - feature call (loop) failed: classpath:InspireTest/ngr/datasetrecords/def/checkxlinkurl.template.feature
caller: classpath:InspireTest/ngr/datasetrecords/ngr-check-dataset-record.feature
items: [{link=http://standaarden.overheid.nl/owms/terms/Ministerie_van_Landbouw,_Natuur_en_Voedselkwaliteit}, {link=http://nationaalgeoregister.nl/geonetwork/srv/dut/catalog.search#/metadata/247a1d15-0a67-40ce-85be-1403c08f15a8}, {link=http://standaarden.overheid.nl/owms/terms/Ministerie_van_Landbouw,_Natuur_en_Voedselkwaliteit}, {link=http://standaarden.overheid.nl/owms/terms/Ministerie_van_Landbouw,_Natuur_en_Voedselkwaliteit}, {link=xlink:href=https://inspire.ec.europa.eu/id/document/tg/ps}, {link=https://data.overheid.nl/organisatie/PDOK}]
errors:
-------
feature call (loop) failed at index: 4
caller: classpath:InspireTest/ngr/datasetrecords/def/checkxlinkurl.template.feature
arg: {"link":"xlink:href=https://inspire.ec.europa.eu/id/document/tg/ps"}
checkxlinkurl.template.feature:14 - 
org.apache.http.client.ClientProtocolException: URI does not specify a valid host name: xlink:href=https://inspire.ec.europa.eu/id/document/tg/ps
-------
feature call (loop) failed at index: 5
caller: classpath:InspireTest/ngr/datasetrecords/def/checkxlinkurl.template.feature
arg: {"link":"https://data.overheid.nl/organisatie/PDOK"}
checkxlinkurl.template.feature:15 - status code was: 404, expected: 200, response time: 759, url: https://data.overheid.nl/organisatie/PDOK, response: 
[1.7:16] ngr-check-dataset-record.feature:80 - feature call (loop) failed: classpath:InspireTest/ngr/datasetrecords/def/checkxlinkurl.template.feature
caller: classpath:InspireTest/ngr/datasetrecords/ngr-check-dataset-record.feature
items: [{link=http://kadaster/06b6c650-cdb1-11dd-ad8b-0800200c9a78}]
errors:
-------
feature call (loop) failed at index: 0
caller: classpath:InspireTest/ngr/datasetrecords/def/checkxlinkurl.template.feature
arg: {"link":"http://kadaster/06b6c650-cdb1-11dd-ad8b-0800200c9a78"}
checkxlinkurl.template.feature:14 - 
java.net.UnknownHostException: kadaster: Temporary failure in name resolution
[1.8:16] ngr-check-dataset-record.feature:80 - feature call (loop) failed: classpath:InspireTest/ngr/datasetrecords/def/checkxlinkurl.template.feature
caller: classpath:InspireTest/ngr/datasetrecords/ngr-check-dataset-record.feature
items: [{link=http://kadaster/7c22107ea-5e31-4bbc-8e24-d15fe230062e}]
errors:
-------
feature call (loop) failed at index: 0
caller: classpath:InspireTest/ngr/datasetrecords/def/checkxlinkurl.template.feature
arg: {"link":"http://kadaster/7c22107ea-5e31-4bbc-8e24-d15fe230062e"}
checkxlinkurl.template.feature:14 - 
java.net.UnknownHostException: kadaster
[1.9:16] ngr-check-dataset-record.feature:80 - feature call (loop) failed: classpath:InspireTest/ngr/datasetrecords/def/checkxlinkurl.template.feature
caller: classpath:InspireTest/ngr/datasetrecords/ngr-check-dataset-record.feature
items: [{link=http://www.opengis.net/def/crs/EPSG/0/http://www.opengis.net/def/crs/EPSG/0/4258}, {link=http://kadaster/cb4edbd2-2dca-4d44-92bb-b2202048b526}]
errors:
-------
feature call (loop) failed at index: 1
caller: classpath:InspireTest/ngr/datasetrecords/def/checkxlinkurl.template.feature
arg: {"link":"http://kadaster/cb4edbd2-2dca-4d44-92bb-b2202048b526"}
checkxlinkurl.template.feature:14 - 
java.net.UnknownHostException: kadaster
[1.10:16] ngr-check-dataset-record.feature:80 - feature call (loop) failed: classpath:InspireTest/ngr/datasetrecords/def/checkxlinkurl.template.feature
caller: classpath:InspireTest/ngr/datasetrecords/ngr-check-dataset-record.feature
items: [{link=https://data.rivm.nl/inspire/id#7247293d-2113-44d8-b335-8167b2ec4d1b}]
errors:
-------
feature call (loop) failed at index: 0
caller: classpath:InspireTest/ngr/datasetrecords/def/checkxlinkurl.template.feature
arg: {"link":"https://data.rivm.nl/inspire/id#7247293d-2113-44d8-b335-8167b2ec4d1b"}
checkxlinkurl.template.feature:14 - 
javax.net.ssl.SSLException: Connection reset
[1.11:16] ngr-check-dataset-record.feature:80 - feature call (loop) failed: classpath:InspireTest/ngr/datasetrecords/def/checkxlinkurl.template.feature
caller: classpath:InspireTest/ngr/datasetrecords/ngr-check-dataset-record.feature
items: [{link=http://kadaster/06b6c650-cdb1-11dd-ad8b-0800200c9a79}]
errors:
-------
feature call (loop) failed at index: 0
caller: classpath:InspireTest/ngr/datasetrecords/def/checkxlinkurl.template.feature
arg: {"link":"http://kadaster/06b6c650-cdb1-11dd-ad8b-0800200c9a79"}
checkxlinkurl.template.feature:14 - 
java.net.UnknownHostException: kadaster
[1.12:16] ngr-check-dataset-record.feature:80 - feature call (loop) failed: classpath:InspireTest/ngr/datasetrecords/def/checkxlinkurl.template.feature
caller: classpath:InspireTest/ngr/datasetrecords/ngr-check-dataset-record.feature
items: [{link=https://ngr.acceptatie.nationaalgeoregister.nl/geonetwork/srv/resourcesbbe3c19d-12b0-4912-a6f4-46eb189e85ac}, {link=http://rdfdata.eionet.europa.eu/inspirethemes/themes/16}, {link=http://geonetwork-opensource.org/inspire-theme#}, {link=https://www.nationaalgeoregister.nl/geonetwork/srv/eng/thesaurus.download?ref=external.theme.inspire-theme}]
errors:
-------
feature call (loop) failed at index: 0
caller: classpath:InspireTest/ngr/datasetrecords/def/checkxlinkurl.template.feature
arg: {"link":"https://ngr.acceptatie.nationaalgeoregister.nl/geonetwork/srv/resourcesbbe3c19d-12b0-4912-a6f4-46eb189e85ac"}
checkxlinkurl.template.feature:15 - status code was: 404, expected: 200, response time: 317, url: https://ngr.acceptatie.nationaalgeoregister.nl/geonetwork/srv/resourcesbbe3c19d-12b0-4912-a6f4-46eb189e85ac, response: 
-------
feature call (loop) failed at index: 1
caller: classpath:InspireTest/ngr/datasetrecords/def/checkxlinkurl.template.feature
arg: {"link":"http://rdfdata.eionet.europa.eu/inspirethemes/themes/16"}
checkxlinkurl.template.feature:15 - status code was: 404, expected: 200, response time: 969, url: http://rdfdata.eionet.europa.eu/inspirethemes/themes/16, response: 
-------
feature call (loop) failed at index: 2
caller: classpath:InspireTest/ngr/datasetrecords/def/checkxlinkurl.template.feature
arg: {"link":"http://geonetwork-opensource.org/inspire-theme#"}
checkxlinkurl.template.feature:15 - status code was: 404, expected: 200, response time: 390, url: http://geonetwork-opensource.org/inspire-theme#, response: 
-------
feature call (loop) failed at index: 3
caller: classpath:InspireTest/ngr/datasetrecords/def/checkxlinkurl.template.feature
arg: {"link":"https://www.nationaalgeoregister.nl/geonetwork/srv/eng/thesaurus.download?ref=external.theme.inspire-theme"}
checkxlinkurl.template.feature:15 - status code was: 500, expected: 200, response time: 408, url: https://www.nationaalgeoregister.nl/geonetwork/srv/eng/thesaurus.download?ref=external.theme.inspire-theme, response: 
[1.13:16] ngr-check-dataset-record.feature:80 - feature call (loop) failed: classpath:InspireTest/ngr/datasetrecords/def/checkxlinkurl.template.feature
caller: classpath:InspireTest/ngr/datasetrecords/ngr-check-dataset-record.feature
items: [{link=https://ngr.acceptatie.nationaalgeoregister.nl/geonetwork/srv/resourcesc7662717-9e43-4367-a344-723d73abbb3e}]
errors:
-------
feature call (loop) failed at index: 0
caller: classpath:InspireTest/ngr/datasetrecords/def/checkxlinkurl.template.feature
arg: {"link":"https://ngr.acceptatie.nationaalgeoregister.nl/geonetwork/srv/resourcesc7662717-9e43-4367-a344-723d73abbb3e"}
checkxlinkurl.template.feature:15 - status code was: 404, expected: 200, response time: 397, url: https://ngr.acceptatie.nationaalgeoregister.nl/geonetwork/srv/resourcesc7662717-9e43-4367-a344-723d73abbb3e, response: 
[1.15:16] ngr-check-dataset-record.feature:80 - feature call (loop) failed: classpath:InspireTest/ngr/datasetrecords/def/checkxlinkurl.template.feature
caller: classpath:InspireTest/ngr/datasetrecords/ngr-check-dataset-record.feature
items: [{link=https://data.rivm.nl/inspire/id#e6ddc53d-04c4-435d-bedd-a5ace2dc0313}]
errors:
-------
feature call (loop) failed at index: 0
caller: classpath:InspireTest/ngr/datasetrecords/def/checkxlinkurl.template.feature
arg: {"link":"https://data.rivm.nl/inspire/id#e6ddc53d-04c4-435d-bedd-a5ace2dc0313"}
checkxlinkurl.template.feature:14 - 
javax.net.ssl.SSLException: Connection reset
[1.16:16] ngr-check-dataset-record.feature:80 - feature call (loop) failed: classpath:InspireTest/ngr/datasetrecords/def/checkxlinkurl.template.feature
caller: classpath:InspireTest/ngr/datasetrecords/ngr-check-dataset-record.feature
items: [{link=http://kadaster/2482250f-3b00-4439-9f93-f3118229b201}, {link=}, {link=}, {link=}, {link=}, {link=}]
errors:
-------
feature call (loop) failed at index: 0
caller: classpath:InspireTest/ngr/datasetrecords/def/checkxlinkurl.template.feature
arg: {"link":"http://kadaster/2482250f-3b00-4439-9f93-f3118229b201"}
checkxlinkurl.template.feature:14 - 
java.net.UnknownHostException: kadaster
-------
feature call (loop) failed at index: 1
caller: classpath:InspireTest/ngr/datasetrecords/def/checkxlinkurl.template.feature
arg: {"link":""}
checkxlinkurl.template.feature:14 - 
org.apache.http.client.ClientProtocolException
-------
feature call (loop) failed at index: 2
caller: classpath:InspireTest/ngr/datasetrecords/def/checkxlinkurl.template.feature
arg: {"link":""}
checkxlinkurl.template.feature:14 - 
org.apache.http.client.ClientProtocolException
-------
feature call (loop) failed at index: 3
caller: classpath:InspireTest/ngr/datasetrecords/def/checkxlinkurl.template.feature
arg: {"link":""}
checkxlinkurl.template.feature:14 - 
org.apache.http.client.ClientProtocolException
-------
feature call (loop) failed at index: 4
caller: classpath:InspireTest/ngr/datasetrecords/def/checkxlinkurl.template.feature
arg: {"link":""}
checkxlinkurl.template.feature:14 - 
org.apache.http.client.ClientProtocolException
-------
feature call (loop) failed at index: 5
caller: classpath:InspireTest/ngr/datasetrecords/def/checkxlinkurl.template.feature
arg: {"link":""}
checkxlinkurl.template.feature:14 - 
org.apache.http.client.ClientProtocolException
[1.17:16] ngr-check-dataset-record.feature:80 - feature call (loop) failed: classpath:InspireTest/ngr/datasetrecords/def/checkxlinkurl.template.feature
caller: classpath:InspireTest/ngr/datasetrecords/ngr-check-dataset-record.feature
items: [{link=http://www.opengis.net/def/crs/EPSG/0/http://www.opengis.net/def/crs/EPSG/0/4258}, {link=http://kadaster/9778afe6-2152-4a8f-ba32-9697625401e3}]
errors:
-------
feature call (loop) failed at index: 1
caller: classpath:InspireTest/ngr/datasetrecords/def/checkxlinkurl.template.feature
arg: {"link":"http://kadaster/9778afe6-2152-4a8f-ba32-9697625401e3"}
checkxlinkurl.template.feature:14 - 
java.net.UnknownHostException: kadaster
[1.18:16] ngr-check-dataset-record.feature:80 - feature call (loop) failed: classpath:InspireTest/ngr/datasetrecords/def/checkxlinkurl.template.feature
caller: classpath:InspireTest/ngr/datasetrecords/ngr-check-dataset-record.feature
items: [{link=https://geodata.nationaalgeoregister.nl/inspire/su-grid/wfs}, {link=}]
errors:
-------
feature call (loop) failed at index: 0
caller: classpath:InspireTest/ngr/datasetrecords/def/checkxlinkurl.template.feature
arg: {"link":"https://geodata.nationaalgeoregister.nl/inspire/su-grid/wfs"}
checkxlinkurl.template.feature:15 - status code was: 400, expected: 200, response time: 393, url: https://geodata.nationaalgeoregister.nl/inspire/su-grid/wfs, response: 
-------
feature call (loop) failed at index: 1
caller: classpath:InspireTest/ngr/datasetrecords/def/checkxlinkurl.template.feature
arg: {"link":""}
checkxlinkurl.template.feature:14 - 
org.apache.http.client.ClientProtocolException
[1.19:16] ngr-check-dataset-record.feature:80 - feature call (loop) failed: classpath:InspireTest/ngr/datasetrecords/def/checkxlinkurl.template.feature
caller: classpath:InspireTest/ngr/datasetrecords/ngr-check-dataset-record.feature
items: [{link=https://data.rivm.nl/inspire/id#5cb4b489-67c8-44bc-85c5-424a80a53b3b}]
errors:
-------
feature call (loop) failed at index: 0
caller: classpath:InspireTest/ngr/datasetrecords/def/checkxlinkurl.template.feature
arg: {"link":"https://data.rivm.nl/inspire/id#5cb4b489-67c8-44bc-85c5-424a80a53b3b"}
checkxlinkurl.template.feature:14 - 
javax.net.ssl.SSLException: Connection reset
[1.20:16] ngr-check-dataset-record.feature:80 - feature call (loop) failed: classpath:InspireTest/ngr/datasetrecords/def/checkxlinkurl.template.feature
caller: classpath:InspireTest/ngr/datasetrecords/ngr-check-dataset-record.feature
items: [{link=https://www.nationaalgeoregister.nl/geonetwork/srv/api/records83dab947-387b-49df-8ad2-32bb10d46d38}]
errors:
-------
feature call (loop) failed at index: 0
caller: classpath:InspireTest/ngr/datasetrecords/def/checkxlinkurl.template.feature
arg: {"link":"https://www.nationaalgeoregister.nl/geonetwork/srv/api/records83dab947-387b-49df-8ad2-32bb10d46d38"}
checkxlinkurl.template.feature:15 - status code was: 500, expected: 200, response time: 304, url: https://www.nationaalgeoregister.nl/geonetwork/srv/api/records83dab947-387b-49df-8ad2-32bb10d46d38, response: 
[1.21:16] ngr-check-dataset-record.feature:80 - feature call (loop) failed: classpath:InspireTest/ngr/datasetrecords/def/checkxlinkurl.template.feature
caller: classpath:InspireTest/ngr/datasetrecords/ngr-check-dataset-record.feature
items: [{link=http://www.opengis.net/def/crs/EPSG/0/http://www.opengis.net/def/crs/EPSG/0/4258}, {link=http://kadaster/ff1d6d44-aea1-4ad5-b084-9afea143f1bf}]
errors:
-------
feature call (loop) failed at index: 1
caller: classpath:InspireTest/ngr/datasetrecords/def/checkxlinkurl.template.feature
arg: {"link":"http://kadaster/ff1d6d44-aea1-4ad5-b084-9afea143f1bf"}
checkxlinkurl.template.feature:14 - 
java.net.UnknownHostException: kadaster
[1.22:16] ngr-check-dataset-record.feature:80 - feature call (loop) failed: classpath:InspireTest/ngr/datasetrecords/def/checkxlinkurl.template.feature
caller: classpath:InspireTest/ngr/datasetrecords/ngr-check-dataset-record.feature
items: [{link=https://data.rivm.nl/inspire/id#64d546c9-71d4-4c84-a04c-61c5d0734f65}]
errors:
-------
feature call (loop) failed at index: 0
caller: classpath:InspireTest/ngr/datasetrecords/def/checkxlinkurl.template.feature
arg: {"link":"https://data.rivm.nl/inspire/id#64d546c9-71d4-4c84-a04c-61c5d0734f65"}
checkxlinkurl.template.feature:14 - 
javax.net.ssl.SSLException: Connection reset
[1.23:16] ngr-check-dataset-record.feature:80 - feature call (loop) failed: classpath:InspireTest/ngr/datasetrecords/def/checkxlinkurl.template.feature
caller: classpath:InspireTest/ngr/datasetrecords/ngr-check-dataset-record.feature
items: [{link=https://www.nationaalgeoregister.nl/geonetwork/srv/dut/catalog.search#/metadata/5a1adb58-0bbe-425d-b0fe-577a6c0a4228}, {link=http://rdfdata.eionet.europa.eu/inspirethemes/themes/10}, {link=urn:ogc:def:crs:EPSG::5709}]
errors:
-------
feature call (loop) failed at index: 1
caller: classpath:InspireTest/ngr/datasetrecords/def/checkxlinkurl.template.feature
arg: {"link":"http://rdfdata.eionet.europa.eu/inspirethemes/themes/10"}
checkxlinkurl.template.feature:15 - status code was: 404, expected: 200, response time: 192, url: http://rdfdata.eionet.europa.eu/inspirethemes/themes/10, response: 
-------
feature call (loop) failed at index: 2
caller: classpath:InspireTest/ngr/datasetrecords/def/checkxlinkurl.template.feature
arg: {"link":"urn:ogc:def:crs:EPSG::5709"}
checkxlinkurl.template.feature:14 - 
org.apache.http.client.ClientProtocolException: URI does not specify a valid host name: urn:ogc:def:crs:EPSG::5709
[1.24:16] ngr-check-dataset-record.feature:80 - feature call (loop) failed: classpath:InspireTest/ngr/datasetrecords/def/checkxlinkurl.template.feature
caller: classpath:InspireTest/ngr/datasetrecords/ngr-check-dataset-record.feature
items: [{link=https://www.nationaalgeoregister.nl/geonetwork/srv/dut/catalog.search#/metadata/8de2f5eb-b09f-4f6d-8397-8878a1b86238}, {link=http://rdfdata.eionet.europa.eu/inspirethemes/themes/18}, {link=https://ngr.geocat.live/geonetwork/srv/eng/thesaurus.download?ref=external.theme.httpinspireeceuropaeumetadatacodelistPrioritydataset-Prioritydataset}, {link=urn:ogc:def:crs:EPSG::5709}]
errors:
-------
feature call (loop) failed at index: 1
caller: classpath:InspireTest/ngr/datasetrecords/def/checkxlinkurl.template.feature
arg: {"link":"http://rdfdata.eionet.europa.eu/inspirethemes/themes/18"}
checkxlinkurl.template.feature:15 - status code was: 404, expected: 200, response time: 191, url: http://rdfdata.eionet.europa.eu/inspirethemes/themes/18, response: 
-------
feature call (loop) failed at index: 2
caller: classpath:InspireTest/ngr/datasetrecords/def/checkxlinkurl.template.feature
arg: {"link":"https://ngr.geocat.live/geonetwork/srv/eng/thesaurus.download?ref=external.theme.httpinspireeceuropaeumetadatacodelistPrioritydataset-Prioritydataset"}
checkxlinkurl.template.feature:15 - status code was: 500, expected: 200, response time: 305, url: https://ngr.geocat.live/geonetwork/srv/eng/thesaurus.download?ref=external.theme.httpinspireeceuropaeumetadatacodelistPrioritydataset-Prioritydataset, response: 
-------
feature call (loop) failed at index: 3
caller: classpath:InspireTest/ngr/datasetrecords/def/checkxlinkurl.template.feature
arg: {"link":"urn:ogc:def:crs:EPSG::5709"}
checkxlinkurl.template.feature:14 - 
org.apache.http.client.ClientProtocolException: URI does not specify a valid host name: urn:ogc:def:crs:EPSG::5709
[1.25:16] ngr-check-dataset-record.feature:80 - feature call (loop) failed: classpath:InspireTest/ngr/datasetrecords/def/checkxlinkurl.template.feature
caller: classpath:InspireTest/ngr/datasetrecords/ngr-check-dataset-record.feature
items: [{link=https://www.nationaalgeoregister.nl/geonetwork/srv/dut/catalog.search#/metadata/tbjk534p-wubf-crbp-cj25-d4161160gfim}, {link=http://rdfdata.eionet.europa.eu/inspirethemes/themes/28}, {link=https://ngr.geocat.live/geonetwork/srv/eng/thesaurus.download?ref=external.theme.httpinspireeceuropaeumetadatacodelistPrioritydataset-Prioritydataset}]
errors:
-------
feature call (loop) failed at index: 1
caller: classpath:InspireTest/ngr/datasetrecords/def/checkxlinkurl.template.feature
arg: {"link":"http://rdfdata.eionet.europa.eu/inspirethemes/themes/28"}
checkxlinkurl.template.feature:15 - status code was: 404, expected: 200, response time: 192, url: http://rdfdata.eionet.europa.eu/inspirethemes/themes/28, response: 
-------
feature call (loop) failed at index: 2
caller: classpath:InspireTest/ngr/datasetrecords/def/checkxlinkurl.template.feature
arg: {"link":"https://ngr.geocat.live/geonetwork/srv/eng/thesaurus.download?ref=external.theme.httpinspireeceuropaeumetadatacodelistPrioritydataset-Prioritydataset"}
checkxlinkurl.template.feature:15 - status code was: 500, expected: 200, response time: 297, url: https://ngr.geocat.live/geonetwork/srv/eng/thesaurus.download?ref=external.theme.httpinspireeceuropaeumetadatacodelistPrioritydataset-Prioritydataset, response: 
[1.26:16] ngr-check-dataset-record.feature:80 - feature call (loop) failed: classpath:InspireTest/ngr/datasetrecords/def/checkxlinkurl.template.feature
caller: classpath:InspireTest/ngr/datasetrecords/ngr-check-dataset-record.feature
items: [{link=https://www.nationaalgeoregister.nl/geonetwork/srv/dut/catalog.search#/metadata/eu-cb527d-f6db-4835-b0cd-deb245241254}, {link=http://rdfdata.eionet.europa.eu/inspirethemes/themes/7}, {link=http://inspire.ec.europa.eu/metadata-codelist/Prioritydataset/SurfaceWaterBodies-dir-2000-60}, {link=https://ngr.geocat.live/geonetwork/srv/eng/thesaurus.download?ref=external.theme.httpinspireeceuropaeumetadatacodelistPrioritydataset-Prioritydataset}]
errors:
-------
feature call (loop) failed at index: 1
caller: classpath:InspireTest/ngr/datasetrecords/def/checkxlinkurl.template.feature
arg: {"link":"http://rdfdata.eionet.europa.eu/inspirethemes/themes/7"}
checkxlinkurl.template.feature:15 - status code was: 404, expected: 200, response time: 191, url: http://rdfdata.eionet.europa.eu/inspirethemes/themes/7, response: 
-------
feature call (loop) failed at index: 2
caller: classpath:InspireTest/ngr/datasetrecords/def/checkxlinkurl.template.feature
arg: {"link":"http://inspire.ec.europa.eu/metadata-codelist/Prioritydataset/SurfaceWaterBodies-dir-2000-60"}
checkxlinkurl.template.feature:15 - status code was: 404, expected: 200, response time: 437, url: http://inspire.ec.europa.eu/metadata-codelist/Prioritydataset/SurfaceWaterBodies-dir-2000-60, response: 
-------
feature call (loop) failed at index: 3
caller: classpath:InspireTest/ngr/datasetrecords/def/checkxlinkurl.template.feature
arg: {"link":"https://ngr.geocat.live/geonetwork/srv/eng/thesaurus.download?ref=external.theme.httpinspireeceuropaeumetadatacodelistPrioritydataset-Prioritydataset"}
checkxlinkurl.template.feature:15 - status code was: 500, expected: 200, response time: 313, url: https://ngr.geocat.live/geonetwork/srv/eng/thesaurus.download?ref=external.theme.httpinspireeceuropaeumetadatacodelistPrioritydataset-Prioritydataset, response: 
[1.27:16] ngr-check-dataset-record.feature:80 - feature call (loop) failed: classpath:InspireTest/ngr/datasetrecords/def/checkxlinkurl.template.feature
caller: classpath:InspireTest/ngr/datasetrecords/ngr-check-dataset-record.feature
items: [{link=https://www.nationaalgeoregister.nl/geonetwork/srv/dut/catalog.search#/metadata/be1b1514-8d1f-48e1-9624-fee9b784138b}, {link=http://rdfdata.eionet.europa.eu/inspirethemes/themes/7}, {link=urn:ogc:def:crs:EPSG::5709}]
errors:
-------
feature call (loop) failed at index: 1
caller: classpath:InspireTest/ngr/datasetrecords/def/checkxlinkurl.template.feature
arg: {"link":"http://rdfdata.eionet.europa.eu/inspirethemes/themes/7"}
checkxlinkurl.template.feature:15 - status code was: 404, expected: 200, response time: 193, url: http://rdfdata.eionet.europa.eu/inspirethemes/themes/7, response: 
-------
feature call (loop) failed at index: 2
caller: classpath:InspireTest/ngr/datasetrecords/def/checkxlinkurl.template.feature
arg: {"link":"urn:ogc:def:crs:EPSG::5709"}
checkxlinkurl.template.feature:14 - 
org.apache.http.client.ClientProtocolException: URI does not specify a valid host name: urn:ogc:def:crs:EPSG::5709
[1.29:16] ngr-check-dataset-record.feature:80 - feature call (loop) failed: classpath:InspireTest/ngr/datasetrecords/def/checkxlinkurl.template.feature
caller: classpath:InspireTest/ngr/datasetrecords/ngr-check-dataset-record.feature
items: [{link=https://nationaalgeoregister.nl/geonetwork/srv/resourcese26eb6c9-c441-43e8-8db6-aabbf11578fd}, {link=http://rdfdata.eionet.europa.eu/inspirethemes/themes/16}, {link=http://geonetwork-opensource.org/inspire-theme#}, {link=https://www.nationaalgeoregister.nl/geonetwork/srv/eng/thesaurus.download?ref=external.theme.inspire-theme}]
errors:
-------
feature call (loop) failed at index: 0
caller: classpath:InspireTest/ngr/datasetrecords/def/checkxlinkurl.template.feature
arg: {"link":"https://nationaalgeoregister.nl/geonetwork/srv/resourcese26eb6c9-c441-43e8-8db6-aabbf11578fd"}
checkxlinkurl.template.feature:15 - status code was: 404, expected: 200, response time: 266, url: https://nationaalgeoregister.nl/geonetwork/srv/resourcese26eb6c9-c441-43e8-8db6-aabbf11578fd, response: 
-------
feature call (loop) failed at index: 1
caller: classpath:InspireTest/ngr/datasetrecords/def/checkxlinkurl.template.feature
arg: {"link":"http://rdfdata.eionet.europa.eu/inspirethemes/themes/16"}
checkxlinkurl.template.feature:15 - status code was: 404, expected: 200, response time: 190, url: http://rdfdata.eionet.europa.eu/inspirethemes/themes/16, response: 
-------
feature call (loop) failed at index: 2
caller: classpath:InspireTest/ngr/datasetrecords/def/checkxlinkurl.template.feature
arg: {"link":"http://geonetwork-opensource.org/inspire-theme#"}
checkxlinkurl.template.feature:15 - status code was: 404, expected: 200, response time: 382, url: http://geonetwork-opensource.org/inspire-theme#, response: 
-------
feature call (loop) failed at index: 3
caller: classpath:InspireTest/ngr/datasetrecords/def/checkxlinkurl.template.feature
arg: {"link":"https://www.nationaalgeoregister.nl/geonetwork/srv/eng/thesaurus.download?ref=external.theme.inspire-theme"}
checkxlinkurl.template.feature:15 - status code was: 500, expected: 200, response time: 315, url: https://www.nationaalgeoregister.nl/geonetwork/srv/eng/thesaurus.download?ref=external.theme.inspire-theme, response: 
[1.30:16] ngr-check-dataset-record.feature:48 - xpath does not exist: /GetRecordByIdResponse//@href on response
[1.31:16] ngr-check-dataset-record.feature:80 - feature call (loop) failed: classpath:InspireTest/ngr/datasetrecords/def/checkxlinkurl.template.feature
caller: classpath:InspireTest/ngr/datasetrecords/ngr-check-dataset-record.feature
items: [{link=https://www.nationaalgeoregister.nl/geonetwork/srv/api/records3e57ce43-7707-43ed-a4b9-72b3a6d812f8}]
errors:
-------
feature call (loop) failed at index: 0
caller: classpath:InspireTest/ngr/datasetrecords/def/checkxlinkurl.template.feature
arg: {"link":"https://www.nationaalgeoregister.nl/geonetwork/srv/api/records3e57ce43-7707-43ed-a4b9-72b3a6d812f8"}
checkxlinkurl.template.feature:15 - status code was: 500, expected: 200, response time: 300, url: https://www.nationaalgeoregister.nl/geonetwork/srv/api/records3e57ce43-7707-43ed-a4b9-72b3a6d812f8, response: 
[1.32:16] ngr-check-dataset-record.feature:80 - feature call (loop) failed: classpath:InspireTest/ngr/datasetrecords/def/checkxlinkurl.template.feature
caller: classpath:InspireTest/ngr/datasetrecords/ngr-check-dataset-record.feature
items: [{link=http://www.opengis.net/def/crs/EPSG/0/https://www.opengis.net/def/crs/EPSG/0/4258}, {link=https://www.nationaalgeoregister.nl/geonetwork/srv/api/recordsc2225e5d-b46f-4e38-8445-ab10fd40c0dc}]
errors:
-------
feature call (loop) failed at index: 1
caller: classpath:InspireTest/ngr/datasetrecords/def/checkxlinkurl.template.feature
arg: {"link":"https://www.nationaalgeoregister.nl/geonetwork/srv/api/recordsc2225e5d-b46f-4e38-8445-ab10fd40c0dc"}
checkxlinkurl.template.feature:15 - status code was: 500, expected: 200, response time: 308, url: https://www.nationaalgeoregister.nl/geonetwork/srv/api/recordsc2225e5d-b46f-4e38-8445-ab10fd40c0dc, response: 
[1.33:16] ngr-check-dataset-record.feature:80 - feature call (loop) failed: classpath:InspireTest/ngr/datasetrecords/def/checkxlinkurl.template.feature
caller: classpath:InspireTest/ngr/datasetrecords/ngr-check-dataset-record.feature
items: [{link=https://www.nationaalgeoregister.nl/geonetwork/srv/dut/catalog.search#/metadata/eu-f297898-2640-44c2-bbe9-c0480da83794}, {link=http://rdfdata.eionet.europa.eu/inspirethemes/themes/8}, {link=urn:ogc:def:crs:EPSG::5709}]
errors:
-------
feature call (loop) failed at index: 1
caller: classpath:InspireTest/ngr/datasetrecords/def/checkxlinkurl.template.feature
arg: {"link":"http://rdfdata.eionet.europa.eu/inspirethemes/themes/8"}
checkxlinkurl.template.feature:15 - status code was: 404, expected: 200, response time: 192, url: http://rdfdata.eionet.europa.eu/inspirethemes/themes/8, response: 
-------
feature call (loop) failed at index: 2
caller: classpath:InspireTest/ngr/datasetrecords/def/checkxlinkurl.template.feature
arg: {"link":"urn:ogc:def:crs:EPSG::5709"}
checkxlinkurl.template.feature:14 - 
org.apache.http.client.ClientProtocolException: URI does not specify a valid host name: urn:ogc:def:crs:EPSG::5709
[1.35:16] ngr-check-dataset-record.feature:80 - feature call (loop) failed: classpath:InspireTest/ngr/datasetrecords/def/checkxlinkurl.template.feature
caller: classpath:InspireTest/ngr/datasetrecords/ngr-check-dataset-record.feature
items: [{link=http://kadaster/06b6c650-cdb1-11dd-ad8b-0800200c9a76}]
errors:
-------
feature call (loop) failed at index: 0
caller: classpath:InspireTest/ngr/datasetrecords/def/checkxlinkurl.template.feature
arg: {"link":"http://kadaster/06b6c650-cdb1-11dd-ad8b-0800200c9a76"}
checkxlinkurl.template.feature:14 - 
java.net.UnknownHostException: kadaster
[1.36:16] ngr-check-dataset-record.feature:80 - feature call (loop) failed: classpath:InspireTest/ngr/datasetrecords/def/checkxlinkurl.template.feature
caller: classpath:InspireTest/ngr/datasetrecords/ngr-check-dataset-record.feature
items: [{link=http://www.opengis.net/def/crs/EPSG/0/https://www.opengis.net/def/crs/EPSG/0/4258}, {link=https://www.nationaalgeoregister.nl/geonetwork/srv/api/recordsbe6551de-a709-4c6d-a5e2-f63f0cf038ba}]
errors:
-------
feature call (loop) failed at index: 1
caller: classpath:InspireTest/ngr/datasetrecords/def/checkxlinkurl.template.feature
arg: {"link":"https://www.nationaalgeoregister.nl/geonetwork/srv/api/recordsbe6551de-a709-4c6d-a5e2-f63f0cf038ba"}
checkxlinkurl.template.feature:15 - status code was: 500, expected: 200, response time: 306, url: https://www.nationaalgeoregister.nl/geonetwork/srv/api/recordsbe6551de-a709-4c6d-a5e2-f63f0cf038ba, response: 
[1.37:16] ngr-check-dataset-record.feature:80 - feature call (loop) failed: classpath:InspireTest/ngr/datasetrecords/def/checkxlinkurl.template.feature
caller: classpath:InspireTest/ngr/datasetrecords/ngr-check-dataset-record.feature
items: [{link=https://nationaalgeoregister.nl/geonetwork/srv/resources7d716522-fa1a-43b4-99c0-3a3480f9e218}, {link=https://www.nationaalgeoregister.nl/geonetwork/srv/eng/thesaurus.download?ref=external.theme.inspire-theme}]
errors:
-------
feature call (loop) failed at index: 0
caller: classpath:InspireTest/ngr/datasetrecords/def/checkxlinkurl.template.feature
arg: {"link":"https://nationaalgeoregister.nl/geonetwork/srv/resources7d716522-fa1a-43b4-99c0-3a3480f9e218"}
checkxlinkurl.template.feature:15 - status code was: 404, expected: 200, response time: 268, url: https://nationaalgeoregister.nl/geonetwork/srv/resources7d716522-fa1a-43b4-99c0-3a3480f9e218, response: 
-------
feature call (loop) failed at index: 1
caller: classpath:InspireTest/ngr/datasetrecords/def/checkxlinkurl.template.feature
arg: {"link":"https://www.nationaalgeoregister.nl/geonetwork/srv/eng/thesaurus.download?ref=external.theme.inspire-theme"}
checkxlinkurl.template.feature:15 - status code was: 500, expected: 200, response time: 317, url: https://www.nationaalgeoregister.nl/geonetwork/srv/eng/thesaurus.download?ref=external.theme.inspire-theme, response: 
[1.38:16] ngr-check-dataset-record.feature:80 - feature call (loop) failed: classpath:InspireTest/ngr/datasetrecords/def/checkxlinkurl.template.feature
caller: classpath:InspireTest/ngr/datasetrecords/ngr-check-dataset-record.feature
items: [{link=http://www.opengis.net/def/crs/EPSG/0/http://www.opengis.net/def/crs/EPSG/0/4258}, {link=http://kadaster/1d32fc50-cd5b-4425-b0df-16c7c7940e94}]
errors:
-------
feature call (loop) failed at index: 1
caller: classpath:InspireTest/ngr/datasetrecords/def/checkxlinkurl.template.feature
arg: {"link":"http://kadaster/1d32fc50-cd5b-4425-b0df-16c7c7940e94"}
checkxlinkurl.template.feature:14 - 
java.net.UnknownHostException: kadaster
[1.39:16] ngr-check-dataset-record.feature:80 - feature call (loop) failed: classpath:InspireTest/ngr/datasetrecords/def/checkxlinkurl.template.feature
caller: classpath:InspireTest/ngr/datasetrecords/ngr-check-dataset-record.feature
items: [{link=https://data.rivm.nl/inspire/id#1de92b14-bc21-4f33-b0de-abd325e61804}]
errors:
-------
feature call (loop) failed at index: 0
caller: classpath:InspireTest/ngr/datasetrecords/def/checkxlinkurl.template.feature
arg: {"link":"https://data.rivm.nl/inspire/id#1de92b14-bc21-4f33-b0de-abd325e61804"}
checkxlinkurl.template.feature:14 - 
javax.net.ssl.SSLException: Connection reset
[1.40:16] ngr-check-dataset-record.feature:80 - feature call (loop) failed: classpath:InspireTest/ngr/datasetrecords/def/checkxlinkurl.template.feature
caller: classpath:InspireTest/ngr/datasetrecords/ngr-check-dataset-record.feature
items: [{link=h}, {link=t}, {link=t}, {link=p}, {link=s}, {link=:}, {link=/}, {link=/}, {link=w}, {link=w}, {link=w}, {link=.}, {link=n}, {link=a}, {link=t}, {link=i}, {link=o}, {link=n}, {link=a}, {link=a}, {link=l}, {link=g}, {link=e}, {link=o}, {link=r}, {link=e}, {link=g}, {link=i}, {link=s}, {link=t}, {link=e}, {link=r}, {link=.}, {link=n}, {link=l}, {link=:}, {link=4}, {link=4}, {link=3}, {link=/}, {link=g}, {link=e}, {link=o}, {link=n}, {link=e}, {link=t}, {link=w}, {link=o}, {link=r}, {link=k}, {link=/}, {link=s}, {link=r}, {link=v}, {link=/}, {link=e}, {link=n}, {link=g}, {link=/}, {link=t}, {link=h}, {link=e}, {link=s}, {link=a}, {link=u}, {link=r}, {link=u}, {link=s}, {link=.}, {link=d}, {link=o}, {link=w}, {link=n}, {link=l}, {link=o}, {link=a}, {link=d}, {link=?}, {link=r}, {link=e}, {link=f}, {link==}, {link=e}, {link=x}, {link=t}, {link=e}, {link=r}, {link=n}, {link=a}, {link=l}, {link=.}, {link=t}, {link=h}, {link=e}, {link=m}, {link=e}, {link=.}, {link=h}, {link=t}, {link=t}, {link=p}, {link=i}, {link=n}, {link=s}, {link=p}, {link=i}, {link=r}, {link=e}, {link=e}, {link=c}, {link=e}, {link=u}, {link=r}, {link=o}, {link=p}, {link=a}, {link=e}, {link=u}, {link=t}, {link=h}, {link=e}, {link=m}, {link=e}, {link=-}, {link=t}, {link=h}, {link=e}, {link=m}, {link=e}]
errors:
-------
feature call (loop) failed at index: 0
caller: classpath:InspireTest/ngr/datasetrecords/def/checkxlinkurl.template.feature
arg: {"link":"h"}
checkxlinkurl.template.feature:14 - 
org.apache.http.client.ClientProtocolException
-------
feature call (loop) failed at index: 1
caller: classpath:InspireTest/ngr/datasetrecords/def/checkxlinkurl.template.feature
arg: {"link":"t"}
checkxlinkurl.template.feature:14 - 
org.apache.http.client.ClientProtocolException
-------
feature call (loop) failed at index: 2
caller: classpath:InspireTest/ngr/datasetrecords/def/checkxlinkurl.template.feature
arg: {"link":"t"}
checkxlinkurl.template.feature:14 - 
org.apache.http.client.ClientProtocolException
-------
feature call (loop) failed at index: 3
caller: classpath:InspireTest/ngr/datasetrecords/def/checkxlinkurl.template.feature
arg: {"link":"p"}
checkxlinkurl.template.feature:14 - 
org.apache.http.client.ClientProtocolException
-------
feature call (loop) failed at index: 4
caller: classpath:InspireTest/ngr/datasetrecords/def/checkxlinkurl.template.feature
arg: {"link":"s"}
checkxlinkurl.template.feature:14 - 
org.apache.http.client.ClientProtocolException
-------
feature call (loop) failed at index: 5
caller: classpath:InspireTest/ngr/datasetrecords/def/checkxlinkurl.template.feature
arg: {"link":":"}
checkxlinkurl.template.feature:14 - java.net.URISyntaxException: Expected scheme name at index 0: :
-------
feature call (loop) failed at index: 6
caller: classpath:InspireTest/ngr/datasetrecords/def/checkxlinkurl.template.feature
arg: {"link":"/"}
checkxlinkurl.template.feature:14 - 
org.apache.http.client.ClientProtocolException
-------
feature call (loop) failed at index: 7
caller: classpath:InspireTest/ngr/datasetrecords/def/checkxlinkurl.template.feature
arg: {"link":"/"}
checkxlinkurl.template.feature:14 - 
org.apache.http.client.ClientProtocolException
-------
feature call (loop) failed at index: 8
caller: classpath:InspireTest/ngr/datasetrecords/def/checkxlinkurl.template.feature
arg: {"link":"w"}
checkxlinkurl.template.feature:14 - 
org.apache.http.client.ClientProtocolException
-------
feature call (loop) failed at index: 9
caller: classpath:InspireTest/ngr/datasetrecords/def/checkxlinkurl.template.feature
arg: {"link":"w"}
checkxlinkurl.template.feature:14 - 
org.apache.http.client.ClientProtocolException
-------
feature call (loop) failed at index: 10
caller: classpath:InspireTest/ngr/datasetrecords/def/checkxlinkurl.template.feature
arg: {"link":"w"}
checkxlinkurl.template.feature:14 - 
org.apache.http.client.ClientProtocolException
-------
feature call (loop) failed at index: 11
caller: classpath:InspireTest/ngr/datasetrecords/def/checkxlinkurl.template.feature
arg: {"link":"."}
checkxlinkurl.template.feature:14 - 
org.apache.http.client.ClientProtocolException
-------
feature call (loop) failed at index: 12
caller: classpath:InspireTest/ngr/datasetrecords/def/checkxlinkurl.template.feature
arg: {"link":"n"}
checkxlinkurl.template.feature:14 - 
org.apache.http.client.ClientProtocolException
-------
feature call (loop) failed at index: 13
caller: classpath:InspireTest/ngr/datasetrecords/def/checkxlinkurl.template.feature
arg: {"link":"a"}
checkxlinkurl.template.feature:14 - 
org.apache.http.client.ClientProtocolException
-------
feature call (loop) failed at index: 14
caller: classpath:InspireTest/ngr/datasetrecords/def/checkxlinkurl.template.feature
arg: {"link":"t"}
checkxlinkurl.template.feature:14 - 
org.apache.http.client.ClientProtocolException
-------
feature call (loop) failed at index: 15
caller: classpath:InspireTest/ngr/datasetrecords/def/checkxlinkurl.template.feature
arg: {"link":"i"}
checkxlinkurl.template.feature:14 - 
org.apache.http.client.ClientProtocolException
-------
feature call (loop) failed at index: 16
caller: classpath:InspireTest/ngr/datasetrecords/def/checkxlinkurl.template.feature
arg: {"link":"o"}
checkxlinkurl.template.feature:14 - 
org.apache.http.client.ClientProtocolException
-------
feature call (loop) failed at index: 17
caller: classpath:InspireTest/ngr/datasetrecords/def/checkxlinkurl.template.feature
arg: {"link":"n"}
checkxlinkurl.template.feature:14 - 
org.apache.http.client.ClientProtocolException
-------
feature call (loop) failed at index: 18
caller: classpath:InspireTest/ngr/datasetrecords/def/checkxlinkurl.template.feature
arg: {"link":"a"}
checkxlinkurl.template.feature:14 - 
org.apache.http.client.ClientProtocolException
-------
feature call (loop) failed at index: 19
caller: classpath:InspireTest/ngr/datasetrecords/def/checkxlinkurl.template.feature
arg: {"link":"a"}
checkxlinkurl.template.feature:14 - 
org.apache.http.client.ClientProtocolException
-------
feature call (loop) failed at index: 20
caller: classpath:InspireTest/ngr/datasetrecords/def/checkxlinkurl.template.feature
arg: {"link":"l"}
checkxlinkurl.template.feature:14 - 
org.apache.http.client.ClientProtocolException
-------
feature call (loop) failed at index: 21
caller: classpath:InspireTest/ngr/datasetrecords/def/checkxlinkurl.template.feature
arg: {"link":"g"}
checkxlinkurl.template.feature:14 - 
org.apache.http.client.ClientProtocolException
-------
feature call (loop) failed at index: 22
caller: classpath:InspireTest/ngr/datasetrecords/def/checkxlinkurl.template.feature
arg: {"link":"e"}
checkxlinkurl.template.feature:14 - 
org.apache.http.client.ClientProtocolException
-------
feature call (loop) failed at index: 23
caller: classpath:InspireTest/ngr/datasetrecords/def/checkxlinkurl.template.feature
arg: {"link":"o"}
checkxlinkurl.template.feature:14 - 
org.apache.http.client.ClientProtocolException
-------
feature call (loop) failed at index: 24
caller: classpath:InspireTest/ngr/datasetrecords/def/checkxlinkurl.template.feature
arg: {"link":"r"}
checkxlinkurl.template.feature:14 - 
org.apache.http.client.ClientProtocolException
-------
feature call (loop) failed at index: 25
caller: classpath:InspireTest/ngr/datasetrecords/def/checkxlinkurl.template.feature
arg: {"link":"e"}
checkxlinkurl.template.feature:14 - 
org.apache.http.client.ClientProtocolException
-------
feature call (loop) failed at index: 26
caller: classpath:InspireTest/ngr/datasetrecords/def/checkxlinkurl.template.feature
arg: {"link":"g"}
checkxlinkurl.template.feature:14 - 
org.apache.http.client.ClientProtocolException
-------
feature call (loop) failed at index: 27
caller: classpath:InspireTest/ngr/datasetrecords/def/checkxlinkurl.template.feature
arg: {"link":"i"}
checkxlinkurl.template.feature:14 - 
org.apache.http.client.ClientProtocolException
-------
feature call (loop) failed at index: 28
caller: classpath:InspireTest/ngr/datasetrecords/def/checkxlinkurl.template.feature
arg: {"link":"s"}
checkxlinkurl.template.feature:14 - 
org.apache.http.client.ClientProtocolException
-------
feature call (loop) failed at index: 29
caller: classpath:InspireTest/ngr/datasetrecords/def/checkxlinkurl.template.feature
arg: {"link":"t"}
checkxlinkurl.template.feature:14 - 
org.apache.http.client.ClientProtocolException
-------
feature call (loop) failed at index: 30
caller: classpath:InspireTest/ngr/datasetrecords/def/checkxlinkurl.template.feature
arg: {"link":"e"}
checkxlinkurl.template.feature:14 - 
org.apache.http.client.ClientProtocolException
-------
feature call (loop) failed at index: 31
caller: classpath:InspireTest/ngr/datasetrecords/def/checkxlinkurl.template.feature
arg: {"link":"r"}
checkxlinkurl.template.feature:14 - 
org.apache.http.client.ClientProtocolException
-------
feature call (loop) failed at index: 32
caller: classpath:InspireTest/ngr/datasetrecords/def/checkxlinkurl.template.feature
arg: {"link":"."}
checkxlinkurl.template.feature:14 - 
org.apache.http.client.ClientProtocolException
-------
feature call (loop) failed at index: 33
caller: classpath:InspireTest/ngr/datasetrecords/def/checkxlinkurl.template.feature
arg: {"link":"n"}
checkxlinkurl.template.feature:14 - 
org.apache.http.client.ClientProtocolException
-------
feature call (loop) failed at index: 34
caller: classpath:InspireTest/ngr/datasetrecords/def/checkxlinkurl.template.feature
arg: {"link":"l"}
checkxlinkurl.template.feature:14 - 
org.apache.http.client.ClientProtocolException
-------
feature call (loop) failed at index: 35
caller: classpath:InspireTest/ngr/datasetrecords/def/checkxlinkurl.template.feature
arg: {"link":":"}
checkxlinkurl.template.feature:14 - java.net.URISyntaxException: Expected scheme name at index 0: :
-------
feature call (loop) failed at index: 36
caller: classpath:InspireTest/ngr/datasetrecords/def/checkxlinkurl.template.feature
arg: {"link":"4"}
checkxlinkurl.template.feature:14 - 
org.apache.http.client.ClientProtocolException
-------
feature call (loop) failed at index: 37
caller: classpath:InspireTest/ngr/datasetrecords/def/checkxlinkurl.template.feature
arg: {"link":"4"}
checkxlinkurl.template.feature:14 - 
org.apache.http.client.ClientProtocolException
-------
feature call (loop) failed at index: 38
caller: classpath:InspireTest/ngr/datasetrecords/def/checkxlinkurl.template.feature
arg: {"link":"3"}
checkxlinkurl.template.feature:14 - 
org.apache.http.client.ClientProtocolException
-------
feature call (loop) failed at index: 39
caller: classpath:InspireTest/ngr/datasetrecords/def/checkxlinkurl.template.feature
arg: {"link":"/"}
checkxlinkurl.template.feature:14 - 
org.apache.http.client.ClientProtocolException
-------
feature call (loop) failed at index: 40
caller: classpath:InspireTest/ngr/datasetrecords/def/checkxlinkurl.template.feature
arg: {"link":"g"}
checkxlinkurl.template.feature:14 - 
org.apache.http.client.ClientProtocolException
-------
feature call (loop) failed at index: 41
caller: classpath:InspireTest/ngr/datasetrecords/def/checkxlinkurl.template.feature
arg: {"link":"e"}
checkxlinkurl.template.feature:14 - 
org.apache.http.client.ClientProtocolException
-------
feature call (loop) failed at index: 42
caller: classpath:InspireTest/ngr/datasetrecords/def/checkxlinkurl.template.feature
arg: {"link":"o"}
checkxlinkurl.template.feature:14 - 
org.apache.http.client.ClientProtocolException
-------
feature call (loop) failed at index: 43
caller: classpath:InspireTest/ngr/datasetrecords/def/checkxlinkurl.template.feature
arg: {"link":"n"}
checkxlinkurl.template.feature:14 - 
org.apache.http.client.ClientProtocolException
-------
feature call (loop) failed at index: 44
caller: classpath:InspireTest/ngr/datasetrecords/def/checkxlinkurl.template.feature
arg: {"link":"e"}
checkxlinkurl.template.feature:14 - 
org.apache.http.client.ClientProtocolException
-------
feature call (loop) failed at index: 45
caller: classpath:InspireTest/ngr/datasetrecords/def/checkxlinkurl.template.feature
arg: {"link":"t"}
checkxlinkurl.template.feature:14 - 
org.apache.http.client.ClientProtocolException
-------
feature call (loop) failed at index: 46
caller: classpath:InspireTest/ngr/datasetrecords/def/checkxlinkurl.template.feature
arg: {"link":"w"}
checkxlinkurl.template.feature:14 - 
org.apache.http.client.ClientProtocolException
-------
feature call (loop) failed at index: 47
caller: classpath:InspireTest/ngr/datasetrecords/def/checkxlinkurl.template.feature
arg: {"link":"o"}
checkxlinkurl.template.feature:14 - 
org.apache.http.client.ClientProtocolException
-------
feature call (loop) failed at index: 48
caller: classpath:InspireTest/ngr/datasetrecords/def/checkxlinkurl.template.feature
arg: {"link":"r"}
checkxlinkurl.template.feature:14 - 
org.apache.http.client.ClientProtocolException
-------
feature call (loop) failed at index: 49
caller: classpath:InspireTest/ngr/datasetrecords/def/checkxlinkurl.template.feature
arg: {"link":"k"}
checkxlinkurl.template.feature:14 - 
org.apache.http.client.ClientProtocolException
-------
feature call (loop) failed at index: 50
caller: classpath:InspireTest/ngr/datasetrecords/def/checkxlinkurl.template.feature
arg: {"link":"/"}
checkxlinkurl.template.feature:14 - 
org.apache.http.client.ClientProtocolException
-------
feature call (loop) failed at index: 51
caller: classpath:InspireTest/ngr/datasetrecords/def/checkxlinkurl.template.feature
arg: {"link":"s"}
checkxlinkurl.template.feature:14 - 
org.apache.http.client.ClientProtocolException
-------
feature call (loop) failed at index: 52
caller: classpath:InspireTest/ngr/datasetrecords/def/checkxlinkurl.template.feature
arg: {"link":"r"}
checkxlinkurl.template.feature:14 - 
org.apache.http.client.ClientProtocolException
-------
feature call (loop) failed at index: 53
caller: classpath:InspireTest/ngr/datasetrecords/def/checkxlinkurl.template.feature
arg: {"link":"v"}
checkxlinkurl.template.feature:14 - 
org.apache.http.client.ClientProtocolException
-------
feature call (loop) failed at index: 54
caller: classpath:InspireTest/ngr/datasetrecords/def/checkxlinkurl.template.feature
arg: {"link":"/"}
checkxlinkurl.template.feature:14 - 
org.apache.http.client.ClientProtocolException
-------
feature call (loop) failed at index: 55
caller: classpath:InspireTest/ngr/datasetrecords/def/checkxlinkurl.template.feature
arg: {"link":"e"}
checkxlinkurl.template.feature:14 - 
org.apache.http.client.ClientProtocolException
-------
feature call (loop) failed at index: 56
caller: classpath:InspireTest/ngr/datasetrecords/def/checkxlinkurl.template.feature
arg: {"link":"n"}
checkxlinkurl.template.feature:14 - 
org.apache.http.client.ClientProtocolException
-------
feature call (loop) failed at index: 57
caller: classpath:InspireTest/ngr/datasetrecords/def/checkxlinkurl.template.feature
arg: {"link":"g"}
checkxlinkurl.template.feature:14 - 
org.apache.http.client.ClientProtocolException
-------
feature call (loop) failed at index: 58
caller: classpath:InspireTest/ngr/datasetrecords/def/checkxlinkurl.template.feature
arg: {"link":"/"}
checkxlinkurl.template.feature:14 - 
org.apache.http.client.ClientProtocolException
-------
feature call (loop) failed at index: 59
caller: classpath:InspireTest/ngr/datasetrecords/def/checkxlinkurl.template.feature
arg: {"link":"t"}
checkxlinkurl.template.feature:14 - 
org.apache.http.client.ClientProtocolException
-------
feature call (loop) failed at index: 60
caller: classpath:InspireTest/ngr/datasetrecords/def/checkxlinkurl.template.feature
arg: {"link":"h"}
checkxlinkurl.template.feature:14 - 
org.apache.http.client.ClientProtocolException
-------
feature call (loop) failed at index: 61
caller: classpath:InspireTest/ngr/datasetrecords/def/checkxlinkurl.template.feature
arg: {"link":"e"}
checkxlinkurl.template.feature:14 - 
org.apache.http.client.ClientProtocolException
-------
feature call (loop) failed at index: 62
caller: classpath:InspireTest/ngr/datasetrecords/def/checkxlinkurl.template.feature
arg: {"link":"s"}
checkxlinkurl.template.feature:14 - 
org.apache.http.client.ClientProtocolException
-------
feature call (loop) failed at index: 63
caller: classpath:InspireTest/ngr/datasetrecords/def/checkxlinkurl.template.feature
arg: {"link":"a"}
checkxlinkurl.template.feature:14 - 
org.apache.http.client.ClientProtocolException
-------
feature call (loop) failed at index: 64
caller: classpath:InspireTest/ngr/datasetrecords/def/checkxlinkurl.template.feature
arg: {"link":"u"}
checkxlinkurl.template.feature:14 - 
org.apache.http.client.ClientProtocolException
-------
feature call (loop) failed at index: 65
caller: classpath:InspireTest/ngr/datasetrecords/def/checkxlinkurl.template.feature
arg: {"link":"r"}
checkxlinkurl.template.feature:14 - 
org.apache.http.client.ClientProtocolException
-------
feature call (loop) failed at index: 66
caller: classpath:InspireTest/ngr/datasetrecords/def/checkxlinkurl.template.feature
arg: {"link":"u"}
checkxlinkurl.template.feature:14 - 
org.apache.http.client.ClientProtocolException
-------
feature call (loop) failed at index: 67
caller: classpath:InspireTest/ngr/datasetrecords/def/checkxlinkurl.template.feature
arg: {"link":"s"}
checkxlinkurl.template.feature:14 - 
org.apache.http.client.ClientProtocolException
-------
feature call (loop) failed at index: 68
caller: classpath:InspireTest/ngr/datasetrecords/def/checkxlinkurl.template.feature
arg: {"link":"."}
checkxlinkurl.template.feature:14 - 
org.apache.http.client.ClientProtocolException
-------
feature call (loop) failed at index: 69
caller: classpath:InspireTest/ngr/datasetrecords/def/checkxlinkurl.template.feature
arg: {"link":"d"}
checkxlinkurl.template.feature:14 - 
org.apache.http.client.ClientProtocolException
-------
feature call (loop) failed at index: 70
caller: classpath:InspireTest/ngr/datasetrecords/def/checkxlinkurl.template.feature
arg: {"link":"o"}
checkxlinkurl.template.feature:14 - 
org.apache.http.client.ClientProtocolException
-------
feature call (loop) failed at index: 71
caller: classpath:InspireTest/ngr/datasetrecords/def/checkxlinkurl.template.feature
arg: {"link":"w"}
checkxlinkurl.template.feature:14 - 
org.apache.http.client.ClientProtocolException
-------
feature call (loop) failed at index: 72
caller: classpath:InspireTest/ngr/datasetrecords/def/checkxlinkurl.template.feature
arg: {"link":"n"}
checkxlinkurl.template.feature:14 - 
org.apache.http.client.ClientProtocolException
-------
feature call (loop) failed at index: 73
caller: classpath:InspireTest/ngr/datasetrecords/def/checkxlinkurl.template.feature
arg: {"link":"l"}
checkxlinkurl.template.feature:14 - 
org.apache.http.client.ClientProtocolException
-------
feature call (loop) failed at index: 74
caller: classpath:InspireTest/ngr/datasetrecords/def/checkxlinkurl.template.feature
arg: {"link":"o"}
checkxlinkurl.template.feature:14 - 
org.apache.http.client.ClientProtocolException
-------
feature call (loop) failed at index: 75
caller: classpath:InspireTest/ngr/datasetrecords/def/checkxlinkurl.template.feature
arg: {"link":"a"}
checkxlinkurl.template.feature:14 - 
org.apache.http.client.ClientProtocolException
-------
feature call (loop) failed at index: 76
caller: classpath:InspireTest/ngr/datasetrecords/def/checkxlinkurl.template.feature
arg: {"link":"d"}
checkxlinkurl.template.feature:14 - 
org.apache.http.client.ClientProtocolException
-------
feature call (loop) failed at index: 77
caller: classpath:InspireTest/ngr/datasetrecords/def/checkxlinkurl.template.feature
arg: {"link":"?"}
checkxlinkurl.template.feature:14 - 
org.apache.http.client.ClientProtocolException
-------
feature call (loop) failed at index: 78
caller: classpath:InspireTest/ngr/datasetrecords/def/checkxlinkurl.template.feature
arg: {"link":"r"}
checkxlinkurl.template.feature:14 - 
org.apache.http.client.ClientProtocolException
-------
feature call (loop) failed at index: 79
caller: classpath:InspireTest/ngr/datasetrecords/def/checkxlinkurl.template.feature
arg: {"link":"e"}
checkxlinkurl.template.feature:14 - 
org.apache.http.client.ClientProtocolException
-------
feature call (loop) failed at index: 80
caller: classpath:InspireTest/ngr/datasetrecords/def/checkxlinkurl.template.feature
arg: {"link":"f"}
checkxlinkurl.template.feature:14 - 
org.apache.http.client.ClientProtocolException
-------
feature call (loop) failed at index: 81
caller: classpath:InspireTest/ngr/datasetrecords/def/checkxlinkurl.template.feature
arg: {"link":"="}
checkxlinkurl.template.feature:14 - 
org.apache.http.client.ClientProtocolException
-------
feature call (loop) failed at index: 82
caller: classpath:InspireTest/ngr/datasetrecords/def/checkxlinkurl.template.feature
arg: {"link":"e"}
checkxlinkurl.template.feature:14 - 
org.apache.http.client.ClientProtocolException
-------
feature call (loop) failed at index: 83
caller: classpath:InspireTest/ngr/datasetrecords/def/checkxlinkurl.template.feature
arg: {"link":"x"}
checkxlinkurl.template.feature:14 - 
org.apache.http.client.ClientProtocolException
-------
feature call (loop) failed at index: 84
caller: classpath:InspireTest/ngr/datasetrecords/def/checkxlinkurl.template.feature
arg: {"link":"t"}
checkxlinkurl.template.feature:14 - 
org.apache.http.client.ClientProtocolException
-------
feature call (loop) failed at index: 85
caller: classpath:InspireTest/ngr/datasetrecords/def/checkxlinkurl.template.feature
arg: {"link":"e"}
checkxlinkurl.template.feature:14 - 
org.apache.http.client.ClientProtocolException
-------
feature call (loop) failed at index: 86
caller: classpath:InspireTest/ngr/datasetrecords/def/checkxlinkurl.template.feature
arg: {"link":"r"}
checkxlinkurl.template.feature:14 - 
org.apache.http.client.ClientProtocolException
-------
feature call (loop) failed at index: 87
caller: classpath:InspireTest/ngr/datasetrecords/def/checkxlinkurl.template.feature
arg: {"link":"n"}
checkxlinkurl.template.feature:14 - 
org.apache.http.client.ClientProtocolException
-------
feature call (loop) failed at index: 88
caller: classpath:InspireTest/ngr/datasetrecords/def/checkxlinkurl.template.feature
arg: {"link":"a"}
checkxlinkurl.template.feature:14 - 
org.apache.http.client.ClientProtocolException
-------
feature call (loop) failed at index: 89
caller: classpath:InspireTest/ngr/datasetrecords/def/checkxlinkurl.template.feature
arg: {"link":"l"}
checkxlinkurl.template.feature:14 - 
org.apache.http.client.ClientProtocolException
-------
feature call (loop) failed at index: 90
caller: classpath:InspireTest/ngr/datasetrecords/def/checkxlinkurl.template.feature
arg: {"link":"."}
checkxlinkurl.template.feature:14 - 
org.apache.http.client.ClientProtocolException
-------
feature call (loop) failed at index: 91
caller: classpath:InspireTest/ngr/datasetrecords/def/checkxlinkurl.template.feature
arg: {"link":"t"}
checkxlinkurl.template.feature:14 - 
org.apache.http.client.ClientProtocolException
-------
feature call (loop) failed at index: 92
caller: classpath:InspireTest/ngr/datasetrecords/def/checkxlinkurl.template.feature
arg: {"link":"h"}
checkxlinkurl.template.feature:14 - 
org.apache.http.client.ClientProtocolException
-------
feature call (loop) failed at index: 93
caller: classpath:InspireTest/ngr/datasetrecords/def/checkxlinkurl.template.feature
arg: {"link":"e"}
checkxlinkurl.template.feature:14 - 
org.apache.http.client.ClientProtocolException
-------
feature call (loop) failed at index: 94
caller: classpath:InspireTest/ngr/datasetrecords/def/checkxlinkurl.template.feature
arg: {"link":"m"}
checkxlinkurl.template.feature:14 - 
org.apache.http.client.ClientProtocolException
-------
feature call (loop) failed at index: 95
caller: classpath:InspireTest/ngr/datasetrecords/def/checkxlinkurl.template.feature
arg: {"link":"e"}
checkxlinkurl.template.feature:14 - 
org.apache.http.client.ClientProtocolException
-------
feature call (loop) failed at index: 96
caller: classpath:InspireTest/ngr/datasetrecords/def/checkxlinkurl.template.feature
arg: {"link":"."}
checkxlinkurl.template.feature:14 - 
org.apache.http.client.ClientProtocolException
-------
feature call (loop) failed at index: 97
caller: classpath:InspireTest/ngr/datasetrecords/def/checkxlinkurl.template.feature
arg: {"link":"h"}
checkxlinkurl.template.feature:14 - 
org.apache.http.client.ClientProtocolException
-------
feature call (loop) failed at index: 98
caller: classpath:InspireTest/ngr/datasetrecords/def/checkxlinkurl.template.feature
arg: {"link":"t"}
checkxlinkurl.template.feature:14 - 
org.apache.http.client.ClientProtocolException
-------
feature call (loop) failed at index: 99
caller: classpath:InspireTest/ngr/datasetrecords/def/checkxlinkurl.template.feature
arg: {"link":"t"}
checkxlinkurl.template.feature:14 - 
org.apache.http.client.ClientProtocolException
-------
feature call (loop) failed at index: 100
caller: classpath:InspireTest/ngr/datasetrecords/def/checkxlinkurl.template.feature
arg: {"link":"p"}
checkxlinkurl.template.feature:14 - 
org.apache.http.client.ClientProtocolException
-------
feature call (loop) failed at index: 101
caller: classpath:InspireTest/ngr/datasetrecords/def/checkxlinkurl.template.feature
arg: {"link":"i"}
checkxlinkurl.template.feature:14 - 
org.apache.http.client.ClientProtocolException
-------
feature call (loop) failed at index: 102
caller: classpath:InspireTest/ngr/datasetrecords/def/checkxlinkurl.template.feature
arg: {"link":"n"}
checkxlinkurl.template.feature:14 - 
org.apache.http.client.ClientProtocolException
-------
feature call (loop) failed at index: 103
caller: classpath:InspireTest/ngr/datasetrecords/def/checkxlinkurl.template.feature
arg: {"link":"s"}
checkxlinkurl.template.feature:14 - 
org.apache.http.client.ClientProtocolException
-------
feature call (loop) failed at index: 104
caller: classpath:InspireTest/ngr/datasetrecords/def/checkxlinkurl.template.feature
arg: {"link":"p"}
checkxlinkurl.template.feature:14 - 
org.apache.http.client.ClientProtocolException
-------
feature call (loop) failed at index: 105
caller: classpath:InspireTest/ngr/datasetrecords/def/checkxlinkurl.template.feature
arg: {"link":"i"}
checkxlinkurl.template.feature:14 - 
org.apache.http.client.ClientProtocolException
-------
feature call (loop) failed at index: 106
caller: classpath:InspireTest/ngr/datasetrecords/def/checkxlinkurl.template.feature
arg: {"link":"r"}
checkxlinkurl.template.feature:14 - 
org.apache.http.client.ClientProtocolException
-------
feature call (loop) failed at index: 107
caller: classpath:InspireTest/ngr/datasetrecords/def/checkxlinkurl.template.feature
arg: {"link":"e"}
checkxlinkurl.template.feature:14 - 
org.apache.http.client.ClientProtocolException
-------
feature call (loop) failed at index: 108
caller: classpath:InspireTest/ngr/datasetrecords/def/checkxlinkurl.template.feature
arg: {"link":"e"}
checkxlinkurl.template.feature:14 - 
org.apache.http.client.ClientProtocolException
-------
feature call (loop) failed at index: 109
caller: classpath:InspireTest/ngr/datasetrecords/def/checkxlinkurl.template.feature
arg: {"link":"c"}
checkxlinkurl.template.feature:14 - 
org.apache.http.client.ClientProtocolException
-------
feature call (loop) failed at index: 110
caller: classpath:InspireTest/ngr/datasetrecords/def/checkxlinkurl.template.feature
arg: {"link":"e"}
checkxlinkurl.template.feature:14 - 
org.apache.http.client.ClientProtocolException
-------
feature call (loop) failed at index: 111
caller: classpath:InspireTest/ngr/datasetrecords/def/checkxlinkurl.template.feature
arg: {"link":"u"}
checkxlinkurl.template.feature:14 - 
org.apache.http.client.ClientProtocolException
-------
feature call (loop) failed at index: 112
caller: classpath:InspireTest/ngr/datasetrecords/def/checkxlinkurl.template.feature
arg: {"link":"r"}
checkxlinkurl.template.feature:14 - 
org.apache.http.client.ClientProtocolException
-------
feature call (loop) failed at index: 113
caller: classpath:InspireTest/ngr/datasetrecords/def/checkxlinkurl.template.feature
arg: {"link":"o"}
checkxlinkurl.template.feature:14 - 
org.apache.http.client.ClientProtocolException
-------
feature call (loop) failed at index: 114
caller: classpath:InspireTest/ngr/datasetrecords/def/checkxlinkurl.template.feature
arg: {"link":"p"}
checkxlinkurl.template.feature:14 - 
org.apache.http.client.ClientProtocolException
-------
feature call (loop) failed at index: 115
caller: classpath:InspireTest/ngr/datasetrecords/def/checkxlinkurl.template.feature
arg: {"link":"a"}
checkxlinkurl.template.feature:14 - 
org.apache.http.client.ClientProtocolException
-------
feature call (loop) failed at index: 116
caller: classpath:InspireTest/ngr/datasetrecords/def/checkxlinkurl.template.feature
arg: {"link":"e"}
checkxlinkurl.template.feature:14 - 
org.apache.http.client.ClientProtocolException
-------
feature call (loop) failed at index: 117
caller: classpath:InspireTest/ngr/datasetrecords/def/checkxlinkurl.template.feature
arg: {"link":"u"}
checkxlinkurl.template.feature:14 - 
org.apache.http.client.ClientProtocolException
-------
feature call (loop) failed at index: 118
caller: classpath:InspireTest/ngr/datasetrecords/def/checkxlinkurl.template.feature
arg: {"link":"t"}
checkxlinkurl.template.feature:14 - 
org.apache.http.client.ClientProtocolException
-------
feature call (loop) failed at index: 119
caller: classpath:InspireTest/ngr/datasetrecords/def/checkxlinkurl.template.feature
arg: {"link":"h"}
checkxlinkurl.template.feature:14 - 
org.apache.http.client.ClientProtocolException
-------
feature call (loop) failed at index: 120
caller: classpath:InspireTest/ngr/datasetrecords/def/checkxlinkurl.template.feature
arg: {"link":"e"}
checkxlinkurl.template.feature:14 - 
org.apache.http.client.ClientProtocolException
-------
feature call (loop) failed at index: 121
caller: classpath:InspireTest/ngr/datasetrecords/def/checkxlinkurl.template.feature
arg: {"link":"m"}
checkxlinkurl.template.feature:14 - 
org.apache.http.client.ClientProtocolException
-------
feature call (loop) failed at index: 122
caller: classpath:InspireTest/ngr/datasetrecords/def/checkxlinkurl.template.feature
arg: {"link":"e"}
checkxlinkurl.template.feature:14 - 
org.apache.http.client.ClientProtocolException
-------
feature call (loop) failed at index: 123
caller: classpath:InspireTest/ngr/datasetrecords/def/checkxlinkurl.template.feature
arg: {"link":"-"}
checkxlinkurl.template.feature:14 - 
org.apache.http.client.ClientProtocolException
-------
feature call (loop) failed at index: 124
caller: classpath:InspireTest/ngr/datasetrecords/def/checkxlinkurl.template.feature
arg: {"link":"t"}
checkxlinkurl.template.feature:14 - 
org.apache.http.client.ClientProtocolException
-------
feature call (loop) failed at index: 125
caller: classpath:InspireTest/ngr/datasetrecords/def/checkxlinkurl.template.feature
arg: {"link":"h"}
checkxlinkurl.template.feature:14 - 
org.apache.http.client.ClientProtocolException
-------
feature call (loop) failed at index: 126
caller: classpath:InspireTest/ngr/datasetrecords/def/checkxlinkurl.template.feature
arg: {"link":"e"}
checkxlinkurl.template.feature:14 - 
org.apache.http.client.ClientProtocolException
-------
feature call (loop) failed at index: 127
caller: classpath:InspireTest/ngr/datasetrecords/def/checkxlinkurl.template.feature
arg: {"link":"m"}
checkxlinkurl.template.feature:14 - 
org.apache.http.client.ClientProtocolException
-------
feature call (loop) failed at index: 128
caller: classpath:InspireTest/ngr/datasetrecords/def/checkxlinkurl.template.feature
arg: {"link":"e"}
checkxlinkurl.template.feature:14 - 
org.apache.http.client.ClientProtocolException
[1.41:16] ngr-check-dataset-record.feature:80 - feature call (loop) failed: classpath:InspireTest/ngr/datasetrecords/def/checkxlinkurl.template.feature
caller: classpath:InspireTest/ngr/datasetrecords/ngr-check-dataset-record.feature
items: [{link=http://www.opengis.net/def/crs/EPSG/0/http://www.opengis.net/def/crs/EPSG/0/4258}, {link=http://kadaster/7cdfa80a-cfbf-4324-978d-f1f141756b66}]
errors:
-------
feature call (loop) failed at index: 1
caller: classpath:InspireTest/ngr/datasetrecords/def/checkxlinkurl.template.feature
arg: {"link":"http://kadaster/7cdfa80a-cfbf-4324-978d-f1f141756b66"}
checkxlinkurl.template.feature:14 - 
java.net.UnknownHostException: kadaster
[1.42:16] ngr-check-dataset-record.feature:80 - feature call (loop) failed: classpath:InspireTest/ngr/datasetrecords/def/checkxlinkurl.template.feature
caller: classpath:InspireTest/ngr/datasetrecords/ngr-check-dataset-record.feature
items: [{link=https://www.nationaalgeoregister.nl/geonetwork/srv/api/records58d39928-f502-48c9-a8c1-03244dc181bf}]
errors:
-------
feature call (loop) failed at index: 0
caller: classpath:InspireTest/ngr/datasetrecords/def/checkxlinkurl.template.feature
arg: {"link":"https://www.nationaalgeoregister.nl/geonetwork/srv/api/records58d39928-f502-48c9-a8c1-03244dc181bf"}
checkxlinkurl.template.feature:15 - status code was: 500, expected: 200, response time: 320, url: https://www.nationaalgeoregister.nl/geonetwork/srv/api/records58d39928-f502-48c9-a8c1-03244dc181bf, response: 
[1.43:16] ngr-check-dataset-record.feature:80 - feature call (loop) failed: classpath:InspireTest/ngr/datasetrecords/def/checkxlinkurl.template.feature
caller: classpath:InspireTest/ngr/datasetrecords/ngr-check-dataset-record.feature
items: [{link=https://www.nationaalgeoregister.nl/geonetwork/srv/dut/catalog.search#/metadata/25294679-adb9-4c39-a93b-6954ff9414ac}, {link=http://rdfdata.eionet.europa.eu/inspirethemes/themes/20}, {link=http://rdfdata.eionet.europa.eu/inspirethemes/themes/28}, {link=urn:ogc:def:crs:EPSG::5709}]
errors:
-------
feature call (loop) failed at index: 1
caller: classpath:InspireTest/ngr/datasetrecords/def/checkxlinkurl.template.feature
arg: {"link":"http://rdfdata.eionet.europa.eu/inspirethemes/themes/20"}
checkxlinkurl.template.feature:15 - status code was: 404, expected: 200, response time: 191, url: http://rdfdata.eionet.europa.eu/inspirethemes/themes/20, response: 
-------
feature call (loop) failed at index: 2
caller: classpath:InspireTest/ngr/datasetrecords/def/checkxlinkurl.template.feature
arg: {"link":"http://rdfdata.eionet.europa.eu/inspirethemes/themes/28"}
checkxlinkurl.template.feature:15 - status code was: 404, expected: 200, response time: 191, url: http://rdfdata.eionet.europa.eu/inspirethemes/themes/28, response: 
-------
feature call (loop) failed at index: 3
caller: classpath:InspireTest/ngr/datasetrecords/def/checkxlinkurl.template.feature
arg: {"link":"urn:ogc:def:crs:EPSG::5709"}
checkxlinkurl.template.feature:14 - 
org.apache.http.client.ClientProtocolException: URI does not specify a valid host name: urn:ogc:def:crs:EPSG::5709
[1.45:16] ngr-check-dataset-record.feature:80 - feature call (loop) failed: classpath:InspireTest/ngr/datasetrecords/def/checkxlinkurl.template.feature
caller: classpath:InspireTest/ngr/datasetrecords/ngr-check-dataset-record.feature
items: [{link=http://www.opengis.net/def/crs/EPSG/0/http://www.opengis.net/def/crs/EPSG/0/4258}, {link=http://kadaster/80b2d12c-32be-54fg-b6d3—34f4ffc06cf3}]
errors:
-------
feature call (loop) failed at index: 1
caller: classpath:InspireTest/ngr/datasetrecords/def/checkxlinkurl.template.feature
arg: {"link":"http://kadaster/80b2d12c-32be-54fg-b6d3\u201434f4ffc06cf3"}
checkxlinkurl.template.feature:14 - 
java.net.UnknownHostException: kadaster
[1.46:16] ngr-check-dataset-record.feature:80 - feature call (loop) failed: classpath:InspireTest/ngr/datasetrecords/def/checkxlinkurl.template.feature
caller: classpath:InspireTest/ngr/datasetrecords/ngr-check-dataset-record.feature
items: [{link=http://www.opengis.net/def/crs/EPSG/0/http://www.opengis.net/def/crs/EPSG/0/4258}, {link=http://kadaster/0f9b8c87-80a6-435f-b3b3-e07c3918d344}]
errors:
-------
feature call (loop) failed at index: 1
caller: classpath:InspireTest/ngr/datasetrecords/def/checkxlinkurl.template.feature
arg: {"link":"http://kadaster/0f9b8c87-80a6-435f-b3b3-e07c3918d344"}
checkxlinkurl.template.feature:14 - 
java.net.UnknownHostException: kadaster
[1.47:16] ngr-check-dataset-record.feature:80 - feature call (loop) failed: classpath:InspireTest/ngr/datasetrecords/def/checkxlinkurl.template.feature
caller: classpath:InspireTest/ngr/datasetrecords/ngr-check-dataset-record.feature
items: [{link=http://kadaster/2482250f-3b00-4439-9f93-f3118229b017}, {link=}, {link=}, {link=}]
errors:
-------
feature call (loop) failed at index: 0
caller: classpath:InspireTest/ngr/datasetrecords/def/checkxlinkurl.template.feature
arg: {"link":"http://kadaster/2482250f-3b00-4439-9f93-f3118229b017"}
checkxlinkurl.template.feature:14 - 
java.net.UnknownHostException: kadaster
-------
feature call (loop) failed at index: 1
caller: classpath:InspireTest/ngr/datasetrecords/def/checkxlinkurl.template.feature
arg: {"link":""}
checkxlinkurl.template.feature:14 - 
org.apache.http.client.ClientProtocolException
-------
feature call (loop) failed at index: 2
caller: classpath:InspireTest/ngr/datasetrecords/def/checkxlinkurl.template.feature
arg: {"link":""}
checkxlinkurl.template.feature:14 - 
org.apache.http.client.ClientProtocolException
-------
feature call (loop) failed at index: 3
caller: classpath:InspireTest/ngr/datasetrecords/def/checkxlinkurl.template.feature
arg: {"link":""}
checkxlinkurl.template.feature:14 - 
org.apache.http.client.ClientProtocolException
[1.48:16] ngr-check-dataset-record.feature:80 - feature call (loop) failed: classpath:InspireTest/ngr/datasetrecords/def/checkxlinkurl.template.feature
caller: classpath:InspireTest/ngr/datasetrecords/ngr-check-dataset-record.feature
items: [{link=https://data.rivm.nl/inspire/id#1e3a98db-5d5e-4e61-8b64-1d132ddb439e}]
errors:
-------
feature call (loop) failed at index: 0
caller: classpath:InspireTest/ngr/datasetrecords/def/checkxlinkurl.template.feature
arg: {"link":"https://data.rivm.nl/inspire/id#1e3a98db-5d5e-4e61-8b64-1d132ddb439e"}
checkxlinkurl.template.feature:14 - 
javax.net.ssl.SSLException: Connection reset
[1.49:16] ngr-check-dataset-record.feature:80 - feature call (loop) failed: classpath:InspireTest/ngr/datasetrecords/def/checkxlinkurl.template.feature
caller: classpath:InspireTest/ngr/datasetrecords/ngr-check-dataset-record.feature
items: [{link=h}, {link=t}, {link=t}, {link=p}, {link=:}, {link=/}, {link=/}, {link=s}, {link=t}, {link=a}, {link=n}, {link=d}, {link=a}, {link=r}, {link=d}, {link=s}, {link=.}, {link=i}, {link=s}, {link=o}, {link=.}, {link=o}, {link=r}, {link=g}, {link=/}, {link=i}, {link=t}, {link=t}, {link=f}, {link=/}, {link=P}, {link=u}, {link=b}, {link=l}, {link=i}, {link=c}, {link=l}, {link=y}, {link=A}, {link=v}, {link=a}, {link=i}, {link=l}, {link=a}, {link=b}, {link=l}, {link=e}, {link=S}, {link=t}, {link=a}, {link=n}, {link=d}, {link=a}, {link=r}, {link=d}, {link=s}, {link=/}, {link=I}, {link=S}, {link=O}, {link=_}, {link=1}, {link=9}, {link=1}, {link=3}, {link=9}, {link=_}, {link=S}, {link=c}, {link=h}, {link=e}, {link=m}, {link=a}, {link=s}, {link=/}, {link=r}, {link=e}, {link=s}, {link=o}, {link=u}, {link=r}, {link=c}, {link=e}, {link=s}, {link=/}, {link=u}, {link=o}, {link=m}, {link=/}, {link=g}, {link=m}, {link=x}, {link=U}, {link=o}, {link=m}, {link=.}, {link=x}, {link=m}, {link=l}, {link=#}, {link=m}]
errors:
-------
feature call (loop) failed at index: 0
caller: classpath:InspireTest/ngr/datasetrecords/def/checkxlinkurl.template.feature
arg: {"link":"h"}
checkxlinkurl.template.feature:14 - 
org.apache.http.client.ClientProtocolException
-------
feature call (loop) failed at index: 1
caller: classpath:InspireTest/ngr/datasetrecords/def/checkxlinkurl.template.feature
arg: {"link":"t"}
checkxlinkurl.template.feature:14 - 
org.apache.http.client.ClientProtocolException
-------
feature call (loop) failed at index: 2
caller: classpath:InspireTest/ngr/datasetrecords/def/checkxlinkurl.template.feature
arg: {"link":"t"}
checkxlinkurl.template.feature:14 - 
org.apache.http.client.ClientProtocolException
-------
feature call (loop) failed at index: 3
caller: classpath:InspireTest/ngr/datasetrecords/def/checkxlinkurl.template.feature
arg: {"link":"p"}
checkxlinkurl.template.feature:14 - 
org.apache.http.client.ClientProtocolException
-------
feature call (loop) failed at index: 4
caller: classpath:InspireTest/ngr/datasetrecords/def/checkxlinkurl.template.feature
arg: {"link":":"}
checkxlinkurl.template.feature:14 - java.net.URISyntaxException: Expected scheme name at index 0: :
-------
feature call (loop) failed at index: 5
caller: classpath:InspireTest/ngr/datasetrecords/def/checkxlinkurl.template.feature
arg: {"link":"/"}
checkxlinkurl.template.feature:14 - 
org.apache.http.client.ClientProtocolException
-------
feature call (loop) failed at index: 6
caller: classpath:InspireTest/ngr/datasetrecords/def/checkxlinkurl.template.feature
arg: {"link":"/"}
checkxlinkurl.template.feature:14 - 
org.apache.http.client.ClientProtocolException
-------
feature call (loop) failed at index: 7
caller: classpath:InspireTest/ngr/datasetrecords/def/checkxlinkurl.template.feature
arg: {"link":"s"}
checkxlinkurl.template.feature:14 - 
org.apache.http.client.ClientProtocolException
-------
feature call (loop) failed at index: 8
caller: classpath:InspireTest/ngr/datasetrecords/def/checkxlinkurl.template.feature
arg: {"link":"t"}
checkxlinkurl.template.feature:14 - 
org.apache.http.client.ClientProtocolException
-------
feature call (loop) failed at index: 9
caller: classpath:InspireTest/ngr/datasetrecords/def/checkxlinkurl.template.feature
arg: {"link":"a"}
checkxlinkurl.template.feature:14 - 
org.apache.http.client.ClientProtocolException
-------
feature call (loop) failed at index: 10
caller: classpath:InspireTest/ngr/datasetrecords/def/checkxlinkurl.template.feature
arg: {"link":"n"}
checkxlinkurl.template.feature:14 - 
org.apache.http.client.ClientProtocolException
-------
feature call (loop) failed at index: 11
caller: classpath:InspireTest/ngr/datasetrecords/def/checkxlinkurl.template.feature
arg: {"link":"d"}
checkxlinkurl.template.feature:14 - 
org.apache.http.client.ClientProtocolException
-------
feature call (loop) failed at index: 12
caller: classpath:InspireTest/ngr/datasetrecords/def/checkxlinkurl.template.feature
arg: {"link":"a"}
checkxlinkurl.template.feature:14 - 
org.apache.http.client.ClientProtocolException
-------
feature call (loop) failed at index: 13
caller: classpath:InspireTest/ngr/datasetrecords/def/checkxlinkurl.template.feature
arg: {"link":"r"}
checkxlinkurl.template.feature:14 - 
org.apache.http.client.ClientProtocolException
-------
feature call (loop) failed at index: 14
caller: classpath:InspireTest/ngr/datasetrecords/def/checkxlinkurl.template.feature
arg: {"link":"d"}
checkxlinkurl.template.feature:14 - 
org.apache.http.client.ClientProtocolException
-------
feature call (loop) failed at index: 15
caller: classpath:InspireTest/ngr/datasetrecords/def/checkxlinkurl.template.feature
arg: {"link":"s"}
checkxlinkurl.template.feature:14 - 
org.apache.http.client.ClientProtocolException
-------
feature call (loop) failed at index: 16
caller: classpath:InspireTest/ngr/datasetrecords/def/checkxlinkurl.template.feature
arg: {"link":"."}
checkxlinkurl.template.feature:14 - 
org.apache.http.client.ClientProtocolException
-------
feature call (loop) failed at index: 17
caller: classpath:InspireTest/ngr/datasetrecords/def/checkxlinkurl.template.feature
arg: {"link":"i"}
checkxlinkurl.template.feature:14 - 
org.apache.http.client.ClientProtocolException
-------
feature call (loop) failed at index: 18
caller: classpath:InspireTest/ngr/datasetrecords/def/checkxlinkurl.template.feature
arg: {"link":"s"}
checkxlinkurl.template.feature:14 - 
org.apache.http.client.ClientProtocolException
-------
feature call (loop) failed at index: 19
caller: classpath:InspireTest/ngr/datasetrecords/def/checkxlinkurl.template.feature
arg: {"link":"o"}
checkxlinkurl.template.feature:14 - 
org.apache.http.client.ClientProtocolException
-------
feature call (loop) failed at index: 20
caller: classpath:InspireTest/ngr/datasetrecords/def/checkxlinkurl.template.feature
arg: {"link":"."}
checkxlinkurl.template.feature:14 - 
org.apache.http.client.ClientProtocolException
-------
feature call (loop) failed at index: 21
caller: classpath:InspireTest/ngr/datasetrecords/def/checkxlinkurl.template.feature
arg: {"link":"o"}
checkxlinkurl.template.feature:14 - 
org.apache.http.client.ClientProtocolException
-------
feature call (loop) failed at index: 22
caller: classpath:InspireTest/ngr/datasetrecords/def/checkxlinkurl.template.feature
arg: {"link":"r"}
checkxlinkurl.template.feature:14 - 
org.apache.http.client.ClientProtocolException
-------
feature call (loop) failed at index: 23
caller: classpath:InspireTest/ngr/datasetrecords/def/checkxlinkurl.template.feature
arg: {"link":"g"}
checkxlinkurl.template.feature:14 - 
org.apache.http.client.ClientProtocolException
-------
feature call (loop) failed at index: 24
caller: classpath:InspireTest/ngr/datasetrecords/def/checkxlinkurl.template.feature
arg: {"link":"/"}
checkxlinkurl.template.feature:14 - 
org.apache.http.client.ClientProtocolException
-------
feature call (loop) failed at index: 25
caller: classpath:InspireTest/ngr/datasetrecords/def/checkxlinkurl.template.feature
arg: {"link":"i"}
checkxlinkurl.template.feature:14 - 
org.apache.http.client.ClientProtocolException
-------
feature call (loop) failed at index: 26
caller: classpath:InspireTest/ngr/datasetrecords/def/checkxlinkurl.template.feature
arg: {"link":"t"}
checkxlinkurl.template.feature:14 - 
org.apache.http.client.ClientProtocolException
-------
feature call (loop) failed at index: 27
caller: classpath:InspireTest/ngr/datasetrecords/def/checkxlinkurl.template.feature
arg: {"link":"t"}
checkxlinkurl.template.feature:14 - 
org.apache.http.client.ClientProtocolException
-------
feature call (loop) failed at index: 28
caller: classpath:InspireTest/ngr/datasetrecords/def/checkxlinkurl.template.feature
arg: {"link":"f"}
checkxlinkurl.template.feature:14 - 
org.apache.http.client.ClientProtocolException
-------
feature call (loop) failed at index: 29
caller: classpath:InspireTest/ngr/datasetrecords/def/checkxlinkurl.template.feature
arg: {"link":"/"}
checkxlinkurl.template.feature:14 - 
org.apache.http.client.ClientProtocolException
-------
feature call (loop) failed at index: 30
caller: classpath:InspireTest/ngr/datasetrecords/def/checkxlinkurl.template.feature
arg: {"link":"P"}
checkxlinkurl.template.feature:14 - 
org.apache.http.client.ClientProtocolException
-------
feature call (loop) failed at index: 31
caller: classpath:InspireTest/ngr/datasetrecords/def/checkxlinkurl.template.feature
arg: {"link":"u"}
checkxlinkurl.template.feature:14 - 
org.apache.http.client.ClientProtocolException
-------
feature call (loop) failed at index: 32
caller: classpath:InspireTest/ngr/datasetrecords/def/checkxlinkurl.template.feature
arg: {"link":"b"}
checkxlinkurl.template.feature:14 - 
org.apache.http.client.ClientProtocolException
-------
feature call (loop) failed at index: 33
caller: classpath:InspireTest/ngr/datasetrecords/def/checkxlinkurl.template.feature
arg: {"link":"l"}
checkxlinkurl.template.feature:14 - 
org.apache.http.client.ClientProtocolException
-------
feature call (loop) failed at index: 34
caller: classpath:InspireTest/ngr/datasetrecords/def/checkxlinkurl.template.feature
arg: {"link":"i"}
checkxlinkurl.template.feature:14 - 
org.apache.http.client.ClientProtocolException
-------
feature call (loop) failed at index: 35
caller: classpath:InspireTest/ngr/datasetrecords/def/checkxlinkurl.template.feature
arg: {"link":"c"}
checkxlinkurl.template.feature:14 - 
org.apache.http.client.ClientProtocolException
-------
feature call (loop) failed at index: 36
caller: classpath:InspireTest/ngr/datasetrecords/def/checkxlinkurl.template.feature
arg: {"link":"l"}
checkxlinkurl.template.feature:14 - 
org.apache.http.client.ClientProtocolException
-------
feature call (loop) failed at index: 37
caller: classpath:InspireTest/ngr/datasetrecords/def/checkxlinkurl.template.feature
arg: {"link":"y"}
checkxlinkurl.template.feature:14 - 
org.apache.http.client.ClientProtocolException
-------
feature call (loop) failed at index: 38
caller: classpath:InspireTest/ngr/datasetrecords/def/checkxlinkurl.template.feature
arg: {"link":"A"}
checkxlinkurl.template.feature:14 - 
org.apache.http.client.ClientProtocolException
-------
feature call (loop) failed at index: 39
caller: classpath:InspireTest/ngr/datasetrecords/def/checkxlinkurl.template.feature
arg: {"link":"v"}
checkxlinkurl.template.feature:14 - 
org.apache.http.client.ClientProtocolException
-------
feature call (loop) failed at index: 40
caller: classpath:InspireTest/ngr/datasetrecords/def/checkxlinkurl.template.feature
arg: {"link":"a"}
checkxlinkurl.template.feature:14 - 
org.apache.http.client.ClientProtocolException
-------
feature call (loop) failed at index: 41
caller: classpath:InspireTest/ngr/datasetrecords/def/checkxlinkurl.template.feature
arg: {"link":"i"}
checkxlinkurl.template.feature:14 - 
org.apache.http.client.ClientProtocolException
-------
feature call (loop) failed at index: 42
caller: classpath:InspireTest/ngr/datasetrecords/def/checkxlinkurl.template.feature
arg: {"link":"l"}
checkxlinkurl.template.feature:14 - 
org.apache.http.client.ClientProtocolException
-------
feature call (loop) failed at index: 43
caller: classpath:InspireTest/ngr/datasetrecords/def/checkxlinkurl.template.feature
arg: {"link":"a"}
checkxlinkurl.template.feature:14 - 
org.apache.http.client.ClientProtocolException
-------
feature call (loop) failed at index: 44
caller: classpath:InspireTest/ngr/datasetrecords/def/checkxlinkurl.template.feature
arg: {"link":"b"}
checkxlinkurl.template.feature:14 - 
org.apache.http.client.ClientProtocolException
-------
feature call (loop) failed at index: 45
caller: classpath:InspireTest/ngr/datasetrecords/def/checkxlinkurl.template.feature
arg: {"link":"l"}
checkxlinkurl.template.feature:14 - 
org.apache.http.client.ClientProtocolException
-------
feature call (loop) failed at index: 46
caller: classpath:InspireTest/ngr/datasetrecords/def/checkxlinkurl.template.feature
arg: {"link":"e"}
checkxlinkurl.template.feature:14 - 
org.apache.http.client.ClientProtocolException
-------
feature call (loop) failed at index: 47
caller: classpath:InspireTest/ngr/datasetrecords/def/checkxlinkurl.template.feature
arg: {"link":"S"}
checkxlinkurl.template.feature:14 - 
org.apache.http.client.ClientProtocolException
-------
feature call (loop) failed at index: 48
caller: classpath:InspireTest/ngr/datasetrecords/def/checkxlinkurl.template.feature
arg: {"link":"t"}
checkxlinkurl.template.feature:14 - 
org.apache.http.client.ClientProtocolException
-------
feature call (loop) failed at index: 49
caller: classpath:InspireTest/ngr/datasetrecords/def/checkxlinkurl.template.feature
arg: {"link":"a"}
checkxlinkurl.template.feature:14 - 
org.apache.http.client.ClientProtocolException
-------
feature call (loop) failed at index: 50
caller: classpath:InspireTest/ngr/datasetrecords/def/checkxlinkurl.template.feature
arg: {"link":"n"}
checkxlinkurl.template.feature:14 - 
org.apache.http.client.ClientProtocolException
-------
feature call (loop) failed at index: 51
caller: classpath:InspireTest/ngr/datasetrecords/def/checkxlinkurl.template.feature
arg: {"link":"d"}
checkxlinkurl.template.feature:14 - 
org.apache.http.client.ClientProtocolException
-------
feature call (loop) failed at index: 52
caller: classpath:InspireTest/ngr/datasetrecords/def/checkxlinkurl.template.feature
arg: {"link":"a"}
checkxlinkurl.template.feature:14 - 
org.apache.http.client.ClientProtocolException
-------
feature call (loop) failed at index: 53
caller: classpath:InspireTest/ngr/datasetrecords/def/checkxlinkurl.template.feature
arg: {"link":"r"}
checkxlinkurl.template.feature:14 - 
org.apache.http.client.ClientProtocolException
-------
feature call (loop) failed at index: 54
caller: classpath:InspireTest/ngr/datasetrecords/def/checkxlinkurl.template.feature
arg: {"link":"d"}
checkxlinkurl.template.feature:14 - 
org.apache.http.client.ClientProtocolException
-------
feature call (loop) failed at index: 55
caller: classpath:InspireTest/ngr/datasetrecords/def/checkxlinkurl.template.feature
arg: {"link":"s"}
checkxlinkurl.template.feature:14 - 
org.apache.http.client.ClientProtocolException
-------
feature call (loop) failed at index: 56
caller: classpath:InspireTest/ngr/datasetrecords/def/checkxlinkurl.template.feature
arg: {"link":"/"}
checkxlinkurl.template.feature:14 - 
org.apache.http.client.ClientProtocolException
-------
feature call (loop) failed at index: 57
caller: classpath:InspireTest/ngr/datasetrecords/def/checkxlinkurl.template.feature
arg: {"link":"I"}
checkxlinkurl.template.feature:14 - 
org.apache.http.client.ClientProtocolException
-------
feature call (loop) failed at index: 58
caller: classpath:InspireTest/ngr/datasetrecords/def/checkxlinkurl.template.feature
arg: {"link":"S"}
checkxlinkurl.template.feature:14 - 
org.apache.http.client.ClientProtocolException
-------
feature call (loop) failed at index: 59
caller: classpath:InspireTest/ngr/datasetrecords/def/checkxlinkurl.template.feature
arg: {"link":"O"}
checkxlinkurl.template.feature:14 - 
org.apache.http.client.ClientProtocolException
-------
feature call (loop) failed at index: 60
caller: classpath:InspireTest/ngr/datasetrecords/def/checkxlinkurl.template.feature
arg: {"link":"_"}
checkxlinkurl.template.feature:14 - 
org.apache.http.client.ClientProtocolException
-------
feature call (loop) failed at index: 61
caller: classpath:InspireTest/ngr/datasetrecords/def/checkxlinkurl.template.feature
arg: {"link":"1"}
checkxlinkurl.template.feature:14 - 
org.apache.http.client.ClientProtocolException
-------
feature call (loop) failed at index: 62
caller: classpath:InspireTest/ngr/datasetrecords/def/checkxlinkurl.template.feature
arg: {"link":"9"}
checkxlinkurl.template.feature:14 - 
org.apache.http.client.ClientProtocolException
-------
feature call (loop) failed at index: 63
caller: classpath:InspireTest/ngr/datasetrecords/def/checkxlinkurl.template.feature
arg: {"link":"1"}
checkxlinkurl.template.feature:14 - 
org.apache.http.client.ClientProtocolException
-------
feature call (loop) failed at index: 64
caller: classpath:InspireTest/ngr/datasetrecords/def/checkxlinkurl.template.feature
arg: {"link":"3"}
checkxlinkurl.template.feature:14 - 
org.apache.http.client.ClientProtocolException
-------
feature call (loop) failed at index: 65
caller: classpath:InspireTest/ngr/datasetrecords/def/checkxlinkurl.template.feature
arg: {"link":"9"}
checkxlinkurl.template.feature:14 - 
org.apache.http.client.ClientProtocolException
-------
feature call (loop) failed at index: 66
caller: classpath:InspireTest/ngr/datasetrecords/def/checkxlinkurl.template.feature
arg: {"link":"_"}
checkxlinkurl.template.feature:14 - 
org.apache.http.client.ClientProtocolException
-------
feature call (loop) failed at index: 67
caller: classpath:InspireTest/ngr/datasetrecords/def/checkxlinkurl.template.feature
arg: {"link":"S"}
checkxlinkurl.template.feature:14 - 
org.apache.http.client.ClientProtocolException
-------
feature call (loop) failed at index: 68
caller: classpath:InspireTest/ngr/datasetrecords/def/checkxlinkurl.template.feature
arg: {"link":"c"}
checkxlinkurl.template.feature:14 - 
org.apache.http.client.ClientProtocolException
-------
feature call (loop) failed at index: 69
caller: classpath:InspireTest/ngr/datasetrecords/def/checkxlinkurl.template.feature
arg: {"link":"h"}
checkxlinkurl.template.feature:14 - 
org.apache.http.client.ClientProtocolException
-------
feature call (loop) failed at index: 70
caller: classpath:InspireTest/ngr/datasetrecords/def/checkxlinkurl.template.feature
arg: {"link":"e"}
checkxlinkurl.template.feature:14 - 
org.apache.http.client.ClientProtocolException
-------
feature call (loop) failed at index: 71
caller: classpath:InspireTest/ngr/datasetrecords/def/checkxlinkurl.template.feature
arg: {"link":"m"}
checkxlinkurl.template.feature:14 - 
org.apache.http.client.ClientProtocolException
-------
feature call (loop) failed at index: 72
caller: classpath:InspireTest/ngr/datasetrecords/def/checkxlinkurl.template.feature
arg: {"link":"a"}
checkxlinkurl.template.feature:14 - 
org.apache.http.client.ClientProtocolException
-------
feature call (loop) failed at index: 73
caller: classpath:InspireTest/ngr/datasetrecords/def/checkxlinkurl.template.feature
arg: {"link":"s"}
checkxlinkurl.template.feature:14 - 
org.apache.http.client.ClientProtocolException
-------
feature call (loop) failed at index: 74
caller: classpath:InspireTest/ngr/datasetrecords/def/checkxlinkurl.template.feature
arg: {"link":"/"}
checkxlinkurl.template.feature:14 - 
org.apache.http.client.ClientProtocolException
-------
feature call (loop) failed at index: 75
caller: classpath:InspireTest/ngr/datasetrecords/def/checkxlinkurl.template.feature
arg: {"link":"r"}
checkxlinkurl.template.feature:14 - 
org.apache.http.client.ClientProtocolException
-------
feature call (loop) failed at index: 76
caller: classpath:InspireTest/ngr/datasetrecords/def/checkxlinkurl.template.feature
arg: {"link":"e"}
checkxlinkurl.template.feature:14 - 
org.apache.http.client.ClientProtocolException
-------
feature call (loop) failed at index: 77
caller: classpath:InspireTest/ngr/datasetrecords/def/checkxlinkurl.template.feature
arg: {"link":"s"}
checkxlinkurl.template.feature:14 - 
org.apache.http.client.ClientProtocolException
-------
feature call (loop) failed at index: 78
caller: classpath:InspireTest/ngr/datasetrecords/def/checkxlinkurl.template.feature
arg: {"link":"o"}
checkxlinkurl.template.feature:14 - 
org.apache.http.client.ClientProtocolException
-------
feature call (loop) failed at index: 79
caller: classpath:InspireTest/ngr/datasetrecords/def/checkxlinkurl.template.feature
arg: {"link":"u"}
checkxlinkurl.template.feature:14 - 
org.apache.http.client.ClientProtocolException
-------
feature call (loop) failed at index: 80
caller: classpath:InspireTest/ngr/datasetrecords/def/checkxlinkurl.template.feature
arg: {"link":"r"}
checkxlinkurl.template.feature:14 - 
org.apache.http.client.ClientProtocolException
-------
feature call (loop) failed at index: 81
caller: classpath:InspireTest/ngr/datasetrecords/def/checkxlinkurl.template.feature
arg: {"link":"c"}
checkxlinkurl.template.feature:14 - 
org.apache.http.client.ClientProtocolException
-------
feature call (loop) failed at index: 82
caller: classpath:InspireTest/ngr/datasetrecords/def/checkxlinkurl.template.feature
arg: {"link":"e"}
checkxlinkurl.template.feature:14 - 
org.apache.http.client.ClientProtocolException
-------
feature call (loop) failed at index: 83
caller: classpath:InspireTest/ngr/datasetrecords/def/checkxlinkurl.template.feature
arg: {"link":"s"}
checkxlinkurl.template.feature:14 - 
org.apache.http.client.ClientProtocolException
-------
feature call (loop) failed at index: 84
caller: classpath:InspireTest/ngr/datasetrecords/def/checkxlinkurl.template.feature
arg: {"link":"/"}
checkxlinkurl.template.feature:14 - 
org.apache.http.client.ClientProtocolException
-------
feature call (loop) failed at index: 85
caller: classpath:InspireTest/ngr/datasetrecords/def/checkxlinkurl.template.feature
arg: {"link":"u"}
checkxlinkurl.template.feature:14 - 
org.apache.http.client.ClientProtocolException
-------
feature call (loop) failed at index: 86
caller: classpath:InspireTest/ngr/datasetrecords/def/checkxlinkurl.template.feature
arg: {"link":"o"}
checkxlinkurl.template.feature:14 - 
org.apache.http.client.ClientProtocolException
-------
feature call (loop) failed at index: 87
caller: classpath:InspireTest/ngr/datasetrecords/def/checkxlinkurl.template.feature
arg: {"link":"m"}
checkxlinkurl.template.feature:14 - 
org.apache.http.client.ClientProtocolException
-------
feature call (loop) failed at index: 88
caller: classpath:InspireTest/ngr/datasetrecords/def/checkxlinkurl.template.feature
arg: {"link":"/"}
checkxlinkurl.template.feature:14 - 
org.apache.http.client.ClientProtocolException
-------
feature call (loop) failed at index: 89
caller: classpath:InspireTest/ngr/datasetrecords/def/checkxlinkurl.template.feature
arg: {"link":"g"}
checkxlinkurl.template.feature:14 - 
org.apache.http.client.ClientProtocolException
-------
feature call (loop) failed at index: 90
caller: classpath:InspireTest/ngr/datasetrecords/def/checkxlinkurl.template.feature
arg: {"link":"m"}
checkxlinkurl.template.feature:14 - 
org.apache.http.client.ClientProtocolException
-------
feature call (loop) failed at index: 91
caller: classpath:InspireTest/ngr/datasetrecords/def/checkxlinkurl.template.feature
arg: {"link":"x"}
checkxlinkurl.template.feature:14 - 
org.apache.http.client.ClientProtocolException
-------
feature call (loop) failed at index: 92
caller: classpath:InspireTest/ngr/datasetrecords/def/checkxlinkurl.template.feature
arg: {"link":"U"}
checkxlinkurl.template.feature:14 - 
org.apache.http.client.ClientProtocolException
-------
feature call (loop) failed at index: 93
caller: classpath:InspireTest/ngr/datasetrecords/def/checkxlinkurl.template.feature
arg: {"link":"o"}
checkxlinkurl.template.feature:14 - 
org.apache.http.client.ClientProtocolException
-------
feature call (loop) failed at index: 94
caller: classpath:InspireTest/ngr/datasetrecords/def/checkxlinkurl.template.feature
arg: {"link":"m"}
checkxlinkurl.template.feature:14 - 
org.apache.http.client.ClientProtocolException
-------
feature call (loop) failed at index: 95
caller: classpath:InspireTest/ngr/datasetrecords/def/checkxlinkurl.template.feature
arg: {"link":"."}
checkxlinkurl.template.feature:14 - 
org.apache.http.client.ClientProtocolException
-------
feature call (loop) failed at index: 96
caller: classpath:InspireTest/ngr/datasetrecords/def/checkxlinkurl.template.feature
arg: {"link":"x"}
checkxlinkurl.template.feature:14 - 
org.apache.http.client.ClientProtocolException
-------
feature call (loop) failed at index: 97
caller: classpath:InspireTest/ngr/datasetrecords/def/checkxlinkurl.template.feature
arg: {"link":"m"}
checkxlinkurl.template.feature:14 - 
org.apache.http.client.ClientProtocolException
-------
feature call (loop) failed at index: 98
caller: classpath:InspireTest/ngr/datasetrecords/def/checkxlinkurl.template.feature
arg: {"link":"l"}
checkxlinkurl.template.feature:14 - 
org.apache.http.client.ClientProtocolException
-------
feature call (loop) failed at index: 99
caller: classpath:InspireTest/ngr/datasetrecords/def/checkxlinkurl.template.feature
arg: {"link":"#"}
checkxlinkurl.template.feature:14 - 
org.apache.http.client.ClientProtocolException
-------
feature call (loop) failed at index: 100
caller: classpath:InspireTest/ngr/datasetrecords/def/checkxlinkurl.template.feature
arg: {"link":"m"}
checkxlinkurl.template.feature:14 - 
org.apache.http.client.ClientProtocolException
[1.53:16] ngr-check-dataset-record.feature:80 - feature call (loop) failed: classpath:InspireTest/ngr/datasetrecords/def/checkxlinkurl.template.feature
caller: classpath:InspireTest/ngr/datasetrecords/ngr-check-dataset-record.feature
items: [{link=https://data.rivm.nl/inspire/id#6941b1f2-7ee6-4a1d-9cba-9071e3ca6cb3}]
errors:
-------
feature call (loop) failed at index: 0
caller: classpath:InspireTest/ngr/datasetrecords/def/checkxlinkurl.template.feature
arg: {"link":"https://data.rivm.nl/inspire/id#6941b1f2-7ee6-4a1d-9cba-9071e3ca6cb3"}
checkxlinkurl.template.feature:14 - 
javax.net.ssl.SSLException: Connection reset
[1.54:16] ngr-check-dataset-record.feature:80 - feature call (loop) failed: classpath:InspireTest/ngr/datasetrecords/def/checkxlinkurl.template.feature
caller: classpath:InspireTest/ngr/datasetrecords/ngr-check-dataset-record.feature
items: [{link=https://data.rivm.nl/inspire/id#36a7e8cb-8300-4602-93d2-135943365a6f}]
errors:
-------
feature call (loop) failed at index: 0
caller: classpath:InspireTest/ngr/datasetrecords/def/checkxlinkurl.template.feature
arg: {"link":"https://data.rivm.nl/inspire/id#36a7e8cb-8300-4602-93d2-135943365a6f"}
checkxlinkurl.template.feature:14 - 
javax.net.ssl.SSLException: Connection reset
[1.55:16] ngr-check-dataset-record.feature:80 - feature call (loop) failed: classpath:InspireTest/ngr/datasetrecords/def/checkxlinkurl.template.feature
caller: classpath:InspireTest/ngr/datasetrecords/ngr-check-dataset-record.feature
items: [{link=https://www.nationaalgeoregister.nl/geonetwork/srv/dut/catalog.search#/metadata/adn73c4a-ef03-4785-b7f6-942e86b385f5}, {link=http://rdfdata.eionet.europa.eu/inspirethemes/themes/10}, {link=urn:ogc:def:crs:EPSG::5709}]
errors:
-------
feature call (loop) failed at index: 1
caller: classpath:InspireTest/ngr/datasetrecords/def/checkxlinkurl.template.feature
arg: {"link":"http://rdfdata.eionet.europa.eu/inspirethemes/themes/10"}
checkxlinkurl.template.feature:15 - status code was: 404, expected: 200, response time: 193, url: http://rdfdata.eionet.europa.eu/inspirethemes/themes/10, response: 
-------
feature call (loop) failed at index: 2
caller: classpath:InspireTest/ngr/datasetrecords/def/checkxlinkurl.template.feature
arg: {"link":"urn:ogc:def:crs:EPSG::5709"}
checkxlinkurl.template.feature:14 - 
org.apache.http.client.ClientProtocolException: URI does not specify a valid host name: urn:ogc:def:crs:EPSG::5709
[1.57:16] ngr-check-dataset-record.feature:80 - feature call (loop) failed: classpath:InspireTest/ngr/datasetrecords/def/checkxlinkurl.template.feature
caller: classpath:InspireTest/ngr/datasetrecords/ngr-check-dataset-record.feature
items: [{link=http://www.opengis.net/def/crs/EPSG/0/http://www.opengis.net/def/crs/EPSG/0/3034}, {link=http://nationaalgeoregister.nl/geonetwork/srv/dut/csw?SERVICE=CSW&version=2.0.2&REQUEST=GetRecordById&elementSetName=full&OutputSchema=http://www.isotc211.org/2005/gmd&ID=c829abeb-bfac-4224-8332-e7a9a89e692e}, {link=https://creativecommons.org/publicdomain/mark/*/deed.nl}, {link=}]
errors:
-------
feature call (loop) failed at index: 2
caller: classpath:InspireTest/ngr/datasetrecords/def/checkxlinkurl.template.feature
arg: {"link":"https://creativecommons.org/publicdomain/mark/*/deed.nl"}
checkxlinkurl.template.feature:15 - status code was: 404, expected: 200, response time: 29, url: https://creativecommons.org/publicdomain/mark/*/deed.nl, response: 
-------
feature call (loop) failed at index: 3
caller: classpath:InspireTest/ngr/datasetrecords/def/checkxlinkurl.template.feature
arg: {"link":""}
checkxlinkurl.template.feature:14 - 
org.apache.http.client.ClientProtocolException
[1.58:16] ngr-check-dataset-record.feature:80 - feature call (loop) failed: classpath:InspireTest/ngr/datasetrecords/def/checkxlinkurl.template.feature
caller: classpath:InspireTest/ngr/datasetrecords/ngr-check-dataset-record.feature
items: [{link=http://www.opengis.net/def/crs/EPSG/0/http://www.opengis.net/def/crs/EPSG/0/3034}, {link=http://nationaalgeoregister.nl/geonetwork/srv/dut/csw?SERVICE=CSW&version=2.0.2&REQUEST=GetRecordById&elementSetName=full&OutputSchema=http://www.isotc211.org/2005/gmd&ID=34e6165f-1269-48d1-b255-0f05d163d692}, {link=https://creativecommons.org/publicdomain/mark/*/deed.nl}, {link=}]
errors:
-------
feature call (loop) failed at index: 2
caller: classpath:InspireTest/ngr/datasetrecords/def/checkxlinkurl.template.feature
arg: {"link":"https://creativecommons.org/publicdomain/mark/*/deed.nl"}
checkxlinkurl.template.feature:15 - status code was: 404, expected: 200, response time: 36, url: https://creativecommons.org/publicdomain/mark/*/deed.nl, response: 
-------
feature call (loop) failed at index: 3
caller: classpath:InspireTest/ngr/datasetrecords/def/checkxlinkurl.template.feature
arg: {"link":""}
checkxlinkurl.template.feature:14 - 
org.apache.http.client.ClientProtocolException
[1.59:16] ngr-check-dataset-record.feature:80 - feature call (loop) failed: classpath:InspireTest/ngr/datasetrecords/def/checkxlinkurl.template.feature
caller: classpath:InspireTest/ngr/datasetrecords/ngr-check-dataset-record.feature
items: [{link=http://www.opengis.net/def/crs/EPSG/0/http://www.opengis.net/def/crs/EPSG/0/3034}, {link=http://nationaalgeoregister.nl/geonetwork/srv/dut/csw?SERVICE=CSW&version=2.0.2&REQUEST=GetRecordById&elementSetName=full&OutputSchema=http://www.isotc211.org/2005/gmd&ID=41023936-009d-48ec-a90d-c966895463c1}, {link=https://creativecommons.org/publicdomain/mark/*/deed.nl}, {link=}]
errors:
-------
feature call (loop) failed at index: 2
caller: classpath:InspireTest/ngr/datasetrecords/def/checkxlinkurl.template.feature
arg: {"link":"https://creativecommons.org/publicdomain/mark/*/deed.nl"}
checkxlinkurl.template.feature:15 - status code was: 404, expected: 200, response time: 36, url: https://creativecommons.org/publicdomain/mark/*/deed.nl, response: 
-------
feature call (loop) failed at index: 3
caller: classpath:InspireTest/ngr/datasetrecords/def/checkxlinkurl.template.feature
arg: {"link":""}
checkxlinkurl.template.feature:14 - 
org.apache.http.client.ClientProtocolException
[1.60:16] ngr-check-dataset-record.feature:80 - feature call (loop) failed: classpath:InspireTest/ngr/datasetrecords/def/checkxlinkurl.template.feature
caller: classpath:InspireTest/ngr/datasetrecords/ngr-check-dataset-record.feature
items: [{link=}]
errors:
-------
feature call (loop) failed at index: 0
caller: classpath:InspireTest/ngr/datasetrecords/def/checkxlinkurl.template.feature
arg: {"link":""}
checkxlinkurl.template.feature:14 - 
org.apache.http.client.ClientProtocolException
[1.61:16] ngr-check-dataset-record.feature:80 - feature call (loop) failed: classpath:InspireTest/ngr/datasetrecords/def/checkxlinkurl.template.feature
caller: classpath:InspireTest/ngr/datasetrecords/ngr-check-dataset-record.feature
items: [{link=https://www.nationaalgeoregister.nl/geonetwork/srv/dut/catalog.search#/metadata/eu-2c7040b-c448-451b-bf15-f2416ecaadd1}, {link=http://rdfdata.eionet.europa.eu/inspirethemes/themes/7}, {link=urn:ogc:def:crs:EPSG::5709}]
errors:
-------
feature call (loop) failed at index: 1
caller: classpath:InspireTest/ngr/datasetrecords/def/checkxlinkurl.template.feature
arg: {"link":"http://rdfdata.eionet.europa.eu/inspirethemes/themes/7"}
checkxlinkurl.template.feature:15 - status code was: 404, expected: 200, response time: 192, url: http://rdfdata.eionet.europa.eu/inspirethemes/themes/7, response: 
-------
feature call (loop) failed at index: 2
caller: classpath:InspireTest/ngr/datasetrecords/def/checkxlinkurl.template.feature
arg: {"link":"urn:ogc:def:crs:EPSG::5709"}
checkxlinkurl.template.feature:14 - 
org.apache.http.client.ClientProtocolException: URI does not specify a valid host name: urn:ogc:def:crs:EPSG::5709
[1.63:16] ngr-check-dataset-record.feature:80 - feature call (loop) failed: classpath:InspireTest/ngr/datasetrecords/def/checkxlinkurl.template.feature
caller: classpath:InspireTest/ngr/datasetrecords/ngr-check-dataset-record.feature
items: [{link=http://nationaalgeoregister.nl/geonetwork/srv/dut/csw?SERVICE=CSW&version=2.0.2&REQUEST=GetRecordById&elementSetName=full&OutputSchema=http://www.isotc211.org/2005/gmd&ID=2daad588-11ef-47de-9832-6fe2c3b93e6d}, {link=https://creativecommons.org/publicdomain/mark/*/deed.nl}, {link=}]
errors:
-------
feature call (loop) failed at index: 1
caller: classpath:InspireTest/ngr/datasetrecords/def/checkxlinkurl.template.feature
arg: {"link":"https://creativecommons.org/publicdomain/mark/*/deed.nl"}
checkxlinkurl.template.feature:15 - status code was: 404, expected: 200, response time: 27, url: https://creativecommons.org/publicdomain/mark/*/deed.nl, response: 
-------
feature call (loop) failed at index: 2
caller: classpath:InspireTest/ngr/datasetrecords/def/checkxlinkurl.template.feature
arg: {"link":""}
checkxlinkurl.template.feature:14 - 
org.apache.http.client.ClientProtocolException
[1.64:16] ngr-check-dataset-record.feature:80 - feature call (loop) failed: classpath:InspireTest/ngr/datasetrecords/def/checkxlinkurl.template.feature
caller: classpath:InspireTest/ngr/datasetrecords/ngr-check-dataset-record.feature
items: [{link=http://nationaalgeoregister.nl/geonetwork/srv/dut/csw?SERVICE=CSW&version=2.0.2&REQUEST=GetRecordById&elementSetName=full&OutputSchema=http://www.isotc211.org/2005/gmd&ID=bc2c53f6-c908-4d7c-a6c0-78d9a2855640}, {link=https://creativecommons.org/publicdomain/mark/*/deed.nl}, {link=}]
errors:
-------
feature call (loop) failed at index: 1
caller: classpath:InspireTest/ngr/datasetrecords/def/checkxlinkurl.template.feature
arg: {"link":"https://creativecommons.org/publicdomain/mark/*/deed.nl"}
checkxlinkurl.template.feature:15 - status code was: 404, expected: 200, response time: 26, url: https://creativecommons.org/publicdomain/mark/*/deed.nl, response: 
-------
feature call (loop) failed at index: 2
caller: classpath:InspireTest/ngr/datasetrecords/def/checkxlinkurl.template.feature
arg: {"link":""}
checkxlinkurl.template.feature:14 - 
org.apache.http.client.ClientProtocolException
[1.65:16] ngr-check-dataset-record.feature:80 - feature call (loop) failed: classpath:InspireTest/ngr/datasetrecords/def/checkxlinkurl.template.feature
caller: classpath:InspireTest/ngr/datasetrecords/ngr-check-dataset-record.feature
items: [{link=https://www.nationaalgeoregister.nl/geonetwork/srv/dut/catalog.search#/metadata/wt-f5eb-b09f-4f6d-8397-8878a1b86238}, {link=http://rdfdata.eionet.europa.eu/inspirethemes/themes/18}, {link=https://ngr.geocat.live/geonetwork/srv/eng/thesaurus.download?ref=external.theme.httpinspireeceuropaeumetadatacodelistPrioritydataset-Prioritydataset}]
errors:
-------
feature call (loop) failed at index: 1
caller: classpath:InspireTest/ngr/datasetrecords/def/checkxlinkurl.template.feature
arg: {"link":"http://rdfdata.eionet.europa.eu/inspirethemes/themes/18"}
checkxlinkurl.template.feature:15 - status code was: 404, expected: 200, response time: 192, url: http://rdfdata.eionet.europa.eu/inspirethemes/themes/18, response: 
-------
feature call (loop) failed at index: 2
caller: classpath:InspireTest/ngr/datasetrecords/def/checkxlinkurl.template.feature
arg: {"link":"https://ngr.geocat.live/geonetwork/srv/eng/thesaurus.download?ref=external.theme.httpinspireeceuropaeumetadatacodelistPrioritydataset-Prioritydataset"}
checkxlinkurl.template.feature:15 - status code was: 500, expected: 200, response time: 444, url: https://ngr.geocat.live/geonetwork/srv/eng/thesaurus.download?ref=external.theme.httpinspireeceuropaeumetadatacodelistPrioritydataset-Prioritydataset, response: 
[1.66:16] ngr-check-dataset-record.feature:80 - feature call (loop) failed: classpath:InspireTest/ngr/datasetrecords/def/checkxlinkurl.template.feature
caller: classpath:InspireTest/ngr/datasetrecords/ngr-check-dataset-record.feature
items: [{link=https://www.nationaalgeoregister.nl/geonetwork/srv/dut/catalog.search#/metadata/wt-3730-e750-485a-9c0c-39bf9be72cf9}, {link=http://rdfdata.eionet.europa.eu/inspirethemes/themes/18}, {link=https://ngr.geocat.live/geonetwork/srv/eng/thesaurus.download?ref=external.theme.httpinspireeceuropaeumetadatacodelistPrioritydataset-Prioritydataset}]
errors:
-------
feature call (loop) failed at index: 1
caller: classpath:InspireTest/ngr/datasetrecords/def/checkxlinkurl.template.feature
arg: {"link":"http://rdfdata.eionet.europa.eu/inspirethemes/themes/18"}
checkxlinkurl.template.feature:15 - status code was: 404, expected: 200, response time: 192, url: http://rdfdata.eionet.europa.eu/inspirethemes/themes/18, response: 
-------
feature call (loop) failed at index: 2
caller: classpath:InspireTest/ngr/datasetrecords/def/checkxlinkurl.template.feature
arg: {"link":"https://ngr.geocat.live/geonetwork/srv/eng/thesaurus.download?ref=external.theme.httpinspireeceuropaeumetadatacodelistPrioritydataset-Prioritydataset"}
checkxlinkurl.template.feature:15 - status code was: 500, expected: 200, response time: 333, url: https://ngr.geocat.live/geonetwork/srv/eng/thesaurus.download?ref=external.theme.httpinspireeceuropaeumetadatacodelistPrioritydataset-Prioritydataset, response: 
[1.67:16] ngr-check-dataset-record.feature:80 - feature call (loop) failed: classpath:InspireTest/ngr/datasetrecords/def/checkxlinkurl.template.feature
caller: classpath:InspireTest/ngr/datasetrecords/ngr-check-dataset-record.feature
items: [{link=http://www.opengis.net/def/crs/EPSG/0/http://www.opengis.net/def/crs/EPSG/0/3034}, {link=http://nationaalgeoregister.nl/geonetwork/srv/dut/csw?SERVICE=CSW&version=2.0.2&REQUEST=GetRecordById&elementSetName=full&OutputSchema=http://www.isotc211.org/2005/gmd&ID=998ba1dc-f6a6-49a3-a021-51f30d9b1d0e}, {link=https://creativecommons.org/publicdomain/mark/*/deed.nl}, {link=}]
errors:
-------
feature call (loop) failed at index: 2
caller: classpath:InspireTest/ngr/datasetrecords/def/checkxlinkurl.template.feature
arg: {"link":"https://creativecommons.org/publicdomain/mark/*/deed.nl"}
checkxlinkurl.template.feature:15 - status code was: 404, expected: 200, response time: 34, url: https://creativecommons.org/publicdomain/mark/*/deed.nl, response: 
-------
feature call (loop) failed at index: 3
caller: classpath:InspireTest/ngr/datasetrecords/def/checkxlinkurl.template.feature
arg: {"link":""}
checkxlinkurl.template.feature:14 - 
org.apache.http.client.ClientProtocolException
[1.68:16] ngr-check-dataset-record.feature:80 - feature call (loop) failed: classpath:InspireTest/ngr/datasetrecords/def/checkxlinkurl.template.feature
caller: classpath:InspireTest/ngr/datasetrecords/ngr-check-dataset-record.feature
items: [{link=http://www.opengis.net/def/crs/EPSG/0/http://www.opengis.net/def/crs/EPSG/0/3034}, {link=http://nationaalgeoregister.nl/geonetwork/srv/dut/csw?SERVICE=CSW&version=2.0.2&REQUEST=GetRecordById&elementSetName=full&OutputSchema=http://www.isotc211.org/2005/gmd&ID=c7d8d77b-8c47-4309-8c58-9b12b086407f}, {link=https://creativecommons.org/publicdomain/mark/*/deed.nl}, {link=}]
errors:
-------
feature call (loop) failed at index: 2
caller: classpath:InspireTest/ngr/datasetrecords/def/checkxlinkurl.template.feature
arg: {"link":"https://creativecommons.org/publicdomain/mark/*/deed.nl"}
checkxlinkurl.template.feature:15 - status code was: 404, expected: 200, response time: 21, url: https://creativecommons.org/publicdomain/mark/*/deed.nl, response: 
-------
feature call (loop) failed at index: 3
caller: classpath:InspireTest/ngr/datasetrecords/def/checkxlinkurl.template.feature
arg: {"link":""}
checkxlinkurl.template.feature:14 - 
org.apache.http.client.ClientProtocolException
[1.69:16] ngr-check-dataset-record.feature:80 - feature call (loop) failed: classpath:InspireTest/ngr/datasetrecords/def/checkxlinkurl.template.feature
caller: classpath:InspireTest/ngr/datasetrecords/ngr-check-dataset-record.feature
items: [{link=https://www.nationaalgeoregister.nl/geonetwork/srv/dut/catalog.search#/metadata/krw2006-68b5-4ff3-94a4-9c24109ffd5e}, {link=http://rdfdata.eionet.europa.eu/inspirethemes/themes/24}, {link=https://ngr.geocat.live/geonetwork/srv/eng/thesaurus.download?ref=external.theme.httpinspireeceuropaeumetadatacodelistPrioritydataset-Prioritydataset}, {link=urn:ogc:def:crs:EPSG::5709}]
errors:
-------
feature call (loop) failed at index: 1
caller: classpath:InspireTest/ngr/datasetrecords/def/checkxlinkurl.template.feature
arg: {"link":"http://rdfdata.eionet.europa.eu/inspirethemes/themes/24"}
checkxlinkurl.template.feature:15 - status code was: 404, expected: 200, response time: 191, url: http://rdfdata.eionet.europa.eu/inspirethemes/themes/24, response: 
-------
feature call (loop) failed at index: 2
caller: classpath:InspireTest/ngr/datasetrecords/def/checkxlinkurl.template.feature
arg: {"link":"https://ngr.geocat.live/geonetwork/srv/eng/thesaurus.download?ref=external.theme.httpinspireeceuropaeumetadatacodelistPrioritydataset-Prioritydataset"}
checkxlinkurl.template.feature:15 - status code was: 500, expected: 200, response time: 311, url: https://ngr.geocat.live/geonetwork/srv/eng/thesaurus.download?ref=external.theme.httpinspireeceuropaeumetadatacodelistPrioritydataset-Prioritydataset, response: 
-------
feature call (loop) failed at index: 3
caller: classpath:InspireTest/ngr/datasetrecords/def/checkxlinkurl.template.feature
arg: {"link":"urn:ogc:def:crs:EPSG::5709"}
checkxlinkurl.template.feature:14 - 
org.apache.http.client.ClientProtocolException: URI does not specify a valid host name: urn:ogc:def:crs:EPSG::5709
[1.70:16] ngr-check-dataset-record.feature:80 - feature call (loop) failed: classpath:InspireTest/ngr/datasetrecords/def/checkxlinkurl.template.feature
caller: classpath:InspireTest/ngr/datasetrecords/ngr-check-dataset-record.feature
items: [{link=https://www.nationaalgeoregister.nl/geonetwork/srv/dut/catalog.search#/metadata/710c381c-ab2d-45d5-a45d-af2eba811e5f}, {link=http://rdfdata.eionet.europa.eu/inspirethemes/themes/8}, {link=urn:ogc:def:crs:EPSG::5709}]
errors:
-------
feature call (loop) failed at index: 1
caller: classpath:InspireTest/ngr/datasetrecords/def/checkxlinkurl.template.feature
arg: {"link":"http://rdfdata.eionet.europa.eu/inspirethemes/themes/8"}
checkxlinkurl.template.feature:15 - status code was: 404, expected: 200, response time: 191, url: http://rdfdata.eionet.europa.eu/inspirethemes/themes/8, response: 
-------
feature call (loop) failed at index: 2
caller: classpath:InspireTest/ngr/datasetrecords/def/checkxlinkurl.template.feature
arg: {"link":"urn:ogc:def:crs:EPSG::5709"}
checkxlinkurl.template.feature:14 - 
org.apache.http.client.ClientProtocolException: URI does not specify a valid host name: urn:ogc:def:crs:EPSG::5709
[1.71:16] ngr-check-dataset-record.feature:80 - feature call (loop) failed: classpath:InspireTest/ngr/datasetrecords/def/checkxlinkurl.template.feature
caller: classpath:InspireTest/ngr/datasetrecords/ngr-check-dataset-record.feature
items: [{link=http://www.opengis.net/def/crs/EPSG/0/http://www.opengis.net/def/crs/EPSG/0/3034}, {link=http://nationaalgeoregister.nl/geonetwork/srv/dut/csw?SERVICE=CSW&version=2.0.2&REQUEST=GetRecordById&elementSetName=full&OutputSchema=http://www.isotc211.org/2005/gmd&ID=cc408b2d-09a6-4b2b-9aa3-b46bfe2f00a5}, {link=https://creativecommons.org/publicdomain/mark/*/deed.nl}, {link=}]
errors:
-------
feature call (loop) failed at index: 2
caller: classpath:InspireTest/ngr/datasetrecords/def/checkxlinkurl.template.feature
arg: {"link":"https://creativecommons.org/publicdomain/mark/*/deed.nl"}
checkxlinkurl.template.feature:15 - status code was: 404, expected: 200, response time: 36, url: https://creativecommons.org/publicdomain/mark/*/deed.nl, response: 
-------
feature call (loop) failed at index: 3
caller: classpath:InspireTest/ngr/datasetrecords/def/checkxlinkurl.template.feature
arg: {"link":""}
checkxlinkurl.template.feature:14 - 
org.apache.http.client.ClientProtocolException
[1.72:16] ngr-check-dataset-record.feature:80 - feature call (loop) failed: classpath:InspireTest/ngr/datasetrecords/def/checkxlinkurl.template.feature
caller: classpath:InspireTest/ngr/datasetrecords/ngr-check-dataset-record.feature
items: [{link=http://www.opengis.net/def/crs/EPSG/0/http://www.opengis.net/def/crs/EPSG/0/3034}, {link=http://nationaalgeoregister.nl/geonetwork/srv/dut/csw?SERVICE=CSW&version=2.0.2&REQUEST=GetRecordById&elementSetName=full&OutputSchema=http://www.isotc211.org/2005/gmd&ID=f0821bfe-5a0a-11e9-8647-d663bd873d93}, {link=https://creativecommons.org/publicdomain/mark/*/deed.nl}, {link=}]
errors:
-------
feature call (loop) failed at index: 2
caller: classpath:InspireTest/ngr/datasetrecords/def/checkxlinkurl.template.feature
arg: {"link":"https://creativecommons.org/publicdomain/mark/*/deed.nl"}
checkxlinkurl.template.feature:15 - status code was: 404, expected: 200, response time: 37, url: https://creativecommons.org/publicdomain/mark/*/deed.nl, response: 
-------
feature call (loop) failed at index: 3
caller: classpath:InspireTest/ngr/datasetrecords/def/checkxlinkurl.template.feature
arg: {"link":""}
checkxlinkurl.template.feature:14 - 
org.apache.http.client.ClientProtocolException
[1.73:16] ngr-check-dataset-record.feature:80 - feature call (loop) failed: classpath:InspireTest/ngr/datasetrecords/def/checkxlinkurl.template.feature
caller: classpath:InspireTest/ngr/datasetrecords/ngr-check-dataset-record.feature
items: [{link=https://www.nationaalgeoregister.nl/geonetwork/srv/dut/catalog.search#/metadata/10f9ec6-4464-462e-9765-83d90cefbeab}, {link=http://rdfdata.eionet.europa.eu/inspirethemes/themes/24}, {link=https://ngr.geocat.live/geonetwork/srv/eng/thesaurus.download?ref=external.theme.httpinspireeceuropaeumetadatacodelistPrioritydataset-Prioritydataset}, {link=urn:ogc:def:crs:EPSG::5709}]
errors:
-------
feature call (loop) failed at index: 1
caller: classpath:InspireTest/ngr/datasetrecords/def/checkxlinkurl.template.feature
arg: {"link":"http://rdfdata.eionet.europa.eu/inspirethemes/themes/24"}
checkxlinkurl.template.feature:15 - status code was: 404, expected: 200, response time: 195, url: http://rdfdata.eionet.europa.eu/inspirethemes/themes/24, response: 
-------
feature call (loop) failed at index: 2
caller: classpath:InspireTest/ngr/datasetrecords/def/checkxlinkurl.template.feature
arg: {"link":"https://ngr.geocat.live/geonetwork/srv/eng/thesaurus.download?ref=external.theme.httpinspireeceuropaeumetadatacodelistPrioritydataset-Prioritydataset"}
checkxlinkurl.template.feature:15 - status code was: 500, expected: 200, response time: 295, url: https://ngr.geocat.live/geonetwork/srv/eng/thesaurus.download?ref=external.theme.httpinspireeceuropaeumetadatacodelistPrioritydataset-Prioritydataset, response: 
-------
feature call (loop) failed at index: 3
caller: classpath:InspireTest/ngr/datasetrecords/def/checkxlinkurl.template.feature
arg: {"link":"urn:ogc:def:crs:EPSG::5709"}
checkxlinkurl.template.feature:14 - 
org.apache.http.client.ClientProtocolException: URI does not specify a valid host name: urn:ogc:def:crs:EPSG::5709
[1.74:16] ngr-check-dataset-record.feature:80 - feature call (loop) failed: classpath:InspireTest/ngr/datasetrecords/def/checkxlinkurl.template.feature
caller: classpath:InspireTest/ngr/datasetrecords/ngr-check-dataset-record.feature
items: [{link=https://www.nationaalgeoregister.nl/geonetwork/srv/dut/catalog.search#/metadata/2e31680f-68b5-4ff3-94a4-9c24109ffd5e}, {link=http://rdfdata.eionet.europa.eu/inspirethemes/themes/24}, {link=https://ngr.geocat.live/geonetwork/srv/eng/thesaurus.download?ref=external.theme.httpinspireeceuropaeumetadatacodelistPrioritydataset-Prioritydataset}, {link=urn:ogc:def:crs:EPSG::5709}]
errors:
-------
feature call (loop) failed at index: 1
caller: classpath:InspireTest/ngr/datasetrecords/def/checkxlinkurl.template.feature
arg: {"link":"http://rdfdata.eionet.europa.eu/inspirethemes/themes/24"}
checkxlinkurl.template.feature:15 - status code was: 404, expected: 200, response time: 191, url: http://rdfdata.eionet.europa.eu/inspirethemes/themes/24, response: 
-------
feature call (loop) failed at index: 2
caller: classpath:InspireTest/ngr/datasetrecords/def/checkxlinkurl.template.feature
arg: {"link":"https://ngr.geocat.live/geonetwork/srv/eng/thesaurus.download?ref=external.theme.httpinspireeceuropaeumetadatacodelistPrioritydataset-Prioritydataset"}
checkxlinkurl.template.feature:15 - status code was: 500, expected: 200, response time: 302, url: https://ngr.geocat.live/geonetwork/srv/eng/thesaurus.download?ref=external.theme.httpinspireeceuropaeumetadatacodelistPrioritydataset-Prioritydataset, response: 
-------
feature call (loop) failed at index: 3
caller: classpath:InspireTest/ngr/datasetrecords/def/checkxlinkurl.template.feature
arg: {"link":"urn:ogc:def:crs:EPSG::5709"}
checkxlinkurl.template.feature:14 - 
org.apache.http.client.ClientProtocolException: URI does not specify a valid host name: urn:ogc:def:crs:EPSG::5709
[1.75:16] ngr-check-dataset-record.feature:80 - feature call (loop) failed: classpath:InspireTest/ngr/datasetrecords/def/checkxlinkurl.template.feature
caller: classpath:InspireTest/ngr/datasetrecords/ngr-check-dataset-record.feature
items: [{link=https://www.nationaalgeoregister.nl/geonetwork/srv/dut/catalog.search#/metadata/622a632a-c57b-44a2-83a4-e51223d5f15g}, {link=http://rdfdata.eionet.europa.eu/inspirethemes/themes/24}, {link=https://ngr.geocat.live/geonetwork/srv/eng/thesaurus.download?ref=external.theme.httpinspireeceuropaeumetadatacodelistPrioritydataset-Prioritydataset}, {link=urn:ogc:def:crs:EPSG::5709}]
errors:
-------
feature call (loop) failed at index: 1
caller: classpath:InspireTest/ngr/datasetrecords/def/checkxlinkurl.template.feature
arg: {"link":"http://rdfdata.eionet.europa.eu/inspirethemes/themes/24"}
checkxlinkurl.template.feature:15 - status code was: 404, expected: 200, response time: 191, url: http://rdfdata.eionet.europa.eu/inspirethemes/themes/24, response: 
-------
feature call (loop) failed at index: 2
caller: classpath:InspireTest/ngr/datasetrecords/def/checkxlinkurl.template.feature
arg: {"link":"https://ngr.geocat.live/geonetwork/srv/eng/thesaurus.download?ref=external.theme.httpinspireeceuropaeumetadatacodelistPrioritydataset-Prioritydataset"}
checkxlinkurl.template.feature:15 - status code was: 500, expected: 200, response time: 314, url: https://ngr.geocat.live/geonetwork/srv/eng/thesaurus.download?ref=external.theme.httpinspireeceuropaeumetadatacodelistPrioritydataset-Prioritydataset, response: 
-------
feature call (loop) failed at index: 3
caller: classpath:InspireTest/ngr/datasetrecords/def/checkxlinkurl.template.feature
arg: {"link":"urn:ogc:def:crs:EPSG::5709"}
checkxlinkurl.template.feature:14 - 
org.apache.http.client.ClientProtocolException: URI does not specify a valid host name: urn:ogc:def:crs:EPSG::5709
[1.76:16] ngr-check-dataset-record.feature:80 - feature call (loop) failed: classpath:InspireTest/ngr/datasetrecords/def/checkxlinkurl.template.feature
caller: classpath:InspireTest/ngr/datasetrecords/ngr-check-dataset-record.feature
items: [{link=https://www.nationaalgeoregister.nl/geonetwork/srv/dut/catalog.search#/metadata/krw-f7bb2351-9788-42ea-a58b-a5ee1842304e}, {link=http://rdfdata.eionet.europa.eu/inspirethemes/themes/24}, {link=https://ngr.geocat.live/geonetwork/srv/eng/thesaurus.download?ref=external.theme.httpinspireeceuropaeumetadatacodelistPrioritydataset-Prioritydataset}, {link=urn:ogc:def:crs:EPSG::5709}]
errors:
-------
feature call (loop) failed at index: 1
caller: classpath:InspireTest/ngr/datasetrecords/def/checkxlinkurl.template.feature
arg: {"link":"http://rdfdata.eionet.europa.eu/inspirethemes/themes/24"}
checkxlinkurl.template.feature:15 - status code was: 404, expected: 200, response time: 194, url: http://rdfdata.eionet.europa.eu/inspirethemes/themes/24, response: 
-------
feature call (loop) failed at index: 2
caller: classpath:InspireTest/ngr/datasetrecords/def/checkxlinkurl.template.feature
arg: {"link":"https://ngr.geocat.live/geonetwork/srv/eng/thesaurus.download?ref=external.theme.httpinspireeceuropaeumetadatacodelistPrioritydataset-Prioritydataset"}
checkxlinkurl.template.feature:15 - status code was: 500, expected: 200, response time: 339, url: https://ngr.geocat.live/geonetwork/srv/eng/thesaurus.download?ref=external.theme.httpinspireeceuropaeumetadatacodelistPrioritydataset-Prioritydataset, response: 
-------
feature call (loop) failed at index: 3
caller: classpath:InspireTest/ngr/datasetrecords/def/checkxlinkurl.template.feature
arg: {"link":"urn:ogc:def:crs:EPSG::5709"}
checkxlinkurl.template.feature:14 - 
org.apache.http.client.ClientProtocolException: URI does not specify a valid host name: urn:ogc:def:crs:EPSG::5709
[1.77:16] ngr-check-dataset-record.feature:80 - feature call (loop) failed: classpath:InspireTest/ngr/datasetrecords/def/checkxlinkurl.template.feature
caller: classpath:InspireTest/ngr/datasetrecords/ngr-check-dataset-record.feature
items: [{link=https://www.nationaalgeoregister.nl/geonetwork/srv/dut/catalog.search#/metadata/a1960e70-22f4-4fd9-91a8-b605c6ceda3e}, {link=http://rdfdata.eionet.europa.eu/inspirethemes/themes/24}, {link=https://ngr.geocat.live/geonetwork/srv/eng/thesaurus.download?ref=external.theme.httpinspireeceuropaeumetadatacodelistPrioritydataset-Prioritydataset}]
errors:
-------
feature call (loop) failed at index: 1
caller: classpath:InspireTest/ngr/datasetrecords/def/checkxlinkurl.template.feature
arg: {"link":"http://rdfdata.eionet.europa.eu/inspirethemes/themes/24"}
checkxlinkurl.template.feature:15 - status code was: 404, expected: 200, response time: 195, url: http://rdfdata.eionet.europa.eu/inspirethemes/themes/24, response: 
-------
feature call (loop) failed at index: 2
caller: classpath:InspireTest/ngr/datasetrecords/def/checkxlinkurl.template.feature
arg: {"link":"https://ngr.geocat.live/geonetwork/srv/eng/thesaurus.download?ref=external.theme.httpinspireeceuropaeumetadatacodelistPrioritydataset-Prioritydataset"}
checkxlinkurl.template.feature:15 - status code was: 500, expected: 200, response time: 297, url: https://ngr.geocat.live/geonetwork/srv/eng/thesaurus.download?ref=external.theme.httpinspireeceuropaeumetadatacodelistPrioritydataset-Prioritydataset, response: 
[1.78:16] ngr-check-dataset-record.feature:80 - feature call (loop) failed: classpath:InspireTest/ngr/datasetrecords/def/checkxlinkurl.template.feature
caller: classpath:InspireTest/ngr/datasetrecords/ngr-check-dataset-record.feature
items: [{link=https://www.nationaalgeoregister.nl/geonetwork/srv/dut/catalog.search#/metadata/110f9ec6-4464-462e-9765-83d90cefbeag}, {link=http://rdfdata.eionet.europa.eu/inspirethemes/themes/24}, {link=https://ngr.geocat.live/geonetwork/srv/eng/thesaurus.download?ref=external.theme.httpinspireeceuropaeumetadatacodelistPrioritydataset-Prioritydataset}, {link=urn:ogc:def:crs:EPSG::5709}]
errors:
-------
feature call (loop) failed at index: 1
caller: classpath:InspireTest/ngr/datasetrecords/def/checkxlinkurl.template.feature
arg: {"link":"http://rdfdata.eionet.europa.eu/inspirethemes/themes/24"}
checkxlinkurl.template.feature:15 - status code was: 404, expected: 200, response time: 190, url: http://rdfdata.eionet.europa.eu/inspirethemes/themes/24, response: 
-------
feature call (loop) failed at index: 2
caller: classpath:InspireTest/ngr/datasetrecords/def/checkxlinkurl.template.feature
arg: {"link":"https://ngr.geocat.live/geonetwork/srv/eng/thesaurus.download?ref=external.theme.httpinspireeceuropaeumetadatacodelistPrioritydataset-Prioritydataset"}
checkxlinkurl.template.feature:15 - status code was: 500, expected: 200, response time: 303, url: https://ngr.geocat.live/geonetwork/srv/eng/thesaurus.download?ref=external.theme.httpinspireeceuropaeumetadatacodelistPrioritydataset-Prioritydataset, response: 
-------
feature call (loop) failed at index: 3
caller: classpath:InspireTest/ngr/datasetrecords/def/checkxlinkurl.template.feature
arg: {"link":"urn:ogc:def:crs:EPSG::5709"}
checkxlinkurl.template.feature:14 - 
org.apache.http.client.ClientProtocolException: URI does not specify a valid host name: urn:ogc:def:crs:EPSG::5709
[1.79:16] ngr-check-dataset-record.feature:80 - feature call (loop) failed: classpath:InspireTest/ngr/datasetrecords/def/checkxlinkurl.template.feature
caller: classpath:InspireTest/ngr/datasetrecords/ngr-check-dataset-record.feature
items: [{link=https://www.nationaalgeoregister.nl/geonetwork/srv/dut/catalog.search#/metadata/krw2006-c57b-44a2-83a4-e51223d5f15g}, {link=http://rdfdata.eionet.europa.eu/inspirethemes/themes/24}, {link=https://ngr.geocat.live/geonetwork/srv/eng/thesaurus.download?ref=external.theme.httpinspireeceuropaeumetadatacodelistPrioritydataset-Prioritydataset}, {link=urn:ogc:def:crs:EPSG::5709}]
errors:
-------
feature call (loop) failed at index: 1
caller: classpath:InspireTest/ngr/datasetrecords/def/checkxlinkurl.template.feature
arg: {"link":"http://rdfdata.eionet.europa.eu/inspirethemes/themes/24"}
checkxlinkurl.template.feature:15 - status code was: 404, expected: 200, response time: 192, url: http://rdfdata.eionet.europa.eu/inspirethemes/themes/24, response: 
-------
feature call (loop) failed at index: 2
caller: classpath:InspireTest/ngr/datasetrecords/def/checkxlinkurl.template.feature
arg: {"link":"https://ngr.geocat.live/geonetwork/srv/eng/thesaurus.download?ref=external.theme.httpinspireeceuropaeumetadatacodelistPrioritydataset-Prioritydataset"}
checkxlinkurl.template.feature:15 - status code was: 500, expected: 200, response time: 307, url: https://ngr.geocat.live/geonetwork/srv/eng/thesaurus.download?ref=external.theme.httpinspireeceuropaeumetadatacodelistPrioritydataset-Prioritydataset, response: 
-------
feature call (loop) failed at index: 3
caller: classpath:InspireTest/ngr/datasetrecords/def/checkxlinkurl.template.feature
arg: {"link":"urn:ogc:def:crs:EPSG::5709"}
checkxlinkurl.template.feature:14 - 
org.apache.http.client.ClientProtocolException: URI does not specify a valid host name: urn:ogc:def:crs:EPSG::5709
[1.80:16] ngr-check-dataset-record.feature:80 - feature call (loop) failed: classpath:InspireTest/ngr/datasetrecords/def/checkxlinkurl.template.feature
caller: classpath:InspireTest/ngr/datasetrecords/ngr-check-dataset-record.feature
items: [{link=https://www.nationaalgeoregister.nl/geonetwork/srv/dut/catalog.search#/metadata/110f9ec6-4464-462e-9765-83d90cefbeac}, {link=http://rdfdata.eionet.europa.eu/inspirethemes/themes/24}, {link=https://ngr.geocat.live/geonetwork/srv/eng/thesaurus.download?ref=external.theme.httpinspireeceuropaeumetadatacodelistPrioritydataset-Prioritydataset}]
errors:
-------
feature call (loop) failed at index: 1
caller: classpath:InspireTest/ngr/datasetrecords/def/checkxlinkurl.template.feature
arg: {"link":"http://rdfdata.eionet.europa.eu/inspirethemes/themes/24"}
checkxlinkurl.template.feature:15 - status code was: 404, expected: 200, response time: 190, url: http://rdfdata.eionet.europa.eu/inspirethemes/themes/24, response: 
-------
feature call (loop) failed at index: 2
caller: classpath:InspireTest/ngr/datasetrecords/def/checkxlinkurl.template.feature
arg: {"link":"https://ngr.geocat.live/geonetwork/srv/eng/thesaurus.download?ref=external.theme.httpinspireeceuropaeumetadatacodelistPrioritydataset-Prioritydataset"}
checkxlinkurl.template.feature:15 - status code was: 500, expected: 200, response time: 298, url: https://ngr.geocat.live/geonetwork/srv/eng/thesaurus.download?ref=external.theme.httpinspireeceuropaeumetadatacodelistPrioritydataset-Prioritydataset, response: 
[1.81:16] ngr-check-dataset-record.feature:80 - feature call (loop) failed: classpath:InspireTest/ngr/datasetrecords/def/checkxlinkurl.template.feature
caller: classpath:InspireTest/ngr/datasetrecords/ngr-check-dataset-record.feature
items: [{link=https://www.nationaalgeoregister.nl/geonetwork/srv/dut/catalog.search#/metadata/891ddc2d-8949-4a45-be96-c65b87c41f13}, {link=http://rdfdata.eionet.europa.eu/inspirethemes/themes/20}, {link=https://ngr.geocat.live/geonetwork/srv/eng/thesaurus.download?ref=external.theme.httpinspireeceuropaeumetadatacodelistPrioritydataset-Prioritydataset}]
errors:
-------
feature call (loop) failed at index: 1
caller: classpath:InspireTest/ngr/datasetrecords/def/checkxlinkurl.template.feature
arg: {"link":"http://rdfdata.eionet.europa.eu/inspirethemes/themes/20"}
checkxlinkurl.template.feature:15 - status code was: 404, expected: 200, response time: 194, url: http://rdfdata.eionet.europa.eu/inspirethemes/themes/20, response: 
-------
feature call (loop) failed at index: 2
caller: classpath:InspireTest/ngr/datasetrecords/def/checkxlinkurl.template.feature
arg: {"link":"https://ngr.geocat.live/geonetwork/srv/eng/thesaurus.download?ref=external.theme.httpinspireeceuropaeumetadatacodelistPrioritydataset-Prioritydataset"}
checkxlinkurl.template.feature:15 - status code was: 500, expected: 200, response time: 379, url: https://ngr.geocat.live/geonetwork/srv/eng/thesaurus.download?ref=external.theme.httpinspireeceuropaeumetadatacodelistPrioritydataset-Prioritydataset, response: 
[1.82:16] ngr-check-dataset-record.feature:80 - feature call (loop) failed: classpath:InspireTest/ngr/datasetrecords/def/checkxlinkurl.template.feature
caller: classpath:InspireTest/ngr/datasetrecords/ngr-check-dataset-record.feature
items: [{link=}]
errors:
-------
feature call (loop) failed at index: 0
caller: classpath:InspireTest/ngr/datasetrecords/def/checkxlinkurl.template.feature
arg: {"link":""}
checkxlinkurl.template.feature:14 - 
org.apache.http.client.ClientProtocolException
[1.83:16] ngr-check-dataset-record.feature:80 - feature call (loop) failed: classpath:InspireTest/ngr/datasetrecords/def/checkxlinkurl.template.feature
caller: classpath:InspireTest/ngr/datasetrecords/ngr-check-dataset-record.feature
items: [{link=https://www.nationaalgeoregister.nl/geonetwork/srv/dut/catalog.search#/metadata/a9b7026e-0a81-4813-93bd-ba49e6f28502}, {link=http://rdfdata.eionet.europa.eu/inspirethemes/themes/7}, {link=http://rdfdata.eionet.europa.eu/inspirethemes/themes/18}, {link=https://ngr.geocat.live/geonetwork/srv/eng/thesaurus.download?ref=external.theme.httpinspireeceuropaeumetadatacodelistPrioritydataset-Prioritydataset}, {link=urn:ogc:def:crs:EPSG::5709}]
errors:
-------
feature call (loop) failed at index: 1
caller: classpath:InspireTest/ngr/datasetrecords/def/checkxlinkurl.template.feature
arg: {"link":"http://rdfdata.eionet.europa.eu/inspirethemes/themes/7"}
checkxlinkurl.template.feature:15 - status code was: 404, expected: 200, response time: 192, url: http://rdfdata.eionet.europa.eu/inspirethemes/themes/7, response: 
-------
feature call (loop) failed at index: 2
caller: classpath:InspireTest/ngr/datasetrecords/def/checkxlinkurl.template.feature
arg: {"link":"http://rdfdata.eionet.europa.eu/inspirethemes/themes/18"}
checkxlinkurl.template.feature:15 - status code was: 404, expected: 200, response time: 191, url: http://rdfdata.eionet.europa.eu/inspirethemes/themes/18, response: 
-------
feature call (loop) failed at index: 3
caller: classpath:InspireTest/ngr/datasetrecords/def/checkxlinkurl.template.feature
arg: {"link":"https://ngr.geocat.live/geonetwork/srv/eng/thesaurus.download?ref=external.theme.httpinspireeceuropaeumetadatacodelistPrioritydataset-Prioritydataset"}
checkxlinkurl.template.feature:15 - status code was: 500, expected: 200, response time: 410, url: https://ngr.geocat.live/geonetwork/srv/eng/thesaurus.download?ref=external.theme.httpinspireeceuropaeumetadatacodelistPrioritydataset-Prioritydataset, response: 
-------
feature call (loop) failed at index: 4
caller: classpath:InspireTest/ngr/datasetrecords/def/checkxlinkurl.template.feature
arg: {"link":"urn:ogc:def:crs:EPSG::5709"}
checkxlinkurl.template.feature:14 - 
org.apache.http.client.ClientProtocolException: URI does not specify a valid host name: urn:ogc:def:crs:EPSG::5709
[1.85:16] ngr-check-dataset-record.feature:80 - feature call (loop) failed: classpath:InspireTest/ngr/datasetrecords/def/checkxlinkurl.template.feature
caller: classpath:InspireTest/ngr/datasetrecords/ngr-check-dataset-record.feature
items: [{link=}]
errors:
-------
feature call (loop) failed at index: 0
caller: classpath:InspireTest/ngr/datasetrecords/def/checkxlinkurl.template.feature
arg: {"link":""}
checkxlinkurl.template.feature:14 - 
org.apache.http.client.ClientProtocolException
[1.86:16] ngr-check-dataset-record.feature:80 - feature call (loop) failed: classpath:InspireTest/ngr/datasetrecords/def/checkxlinkurl.template.feature
caller: classpath:InspireTest/ngr/datasetrecords/ngr-check-dataset-record.feature
items: [{link=http://www.opengis.net/def/crs/EPSG/0/https://www.opengis.net/def/crs/EPSG/0/4258}, {link=https://www.nationaalgeoregister.nl/geonetwork/srv/api/records4cda487b-c467-490c-a843-6563fec016be}]
errors:
-------
feature call (loop) failed at index: 1
caller: classpath:InspireTest/ngr/datasetrecords/def/checkxlinkurl.template.feature
arg: {"link":"https://www.nationaalgeoregister.nl/geonetwork/srv/api/records4cda487b-c467-490c-a843-6563fec016be"}
checkxlinkurl.template.feature:15 - status code was: 500, expected: 200, response time: 426, url: https://www.nationaalgeoregister.nl/geonetwork/srv/api/records4cda487b-c467-490c-a843-6563fec016be, response: 
[1.87:16] ngr-check-dataset-record.feature:80 - feature call (loop) failed: classpath:InspireTest/ngr/datasetrecords/def/checkxlinkurl.template.feature
caller: classpath:InspireTest/ngr/datasetrecords/ngr-check-dataset-record.feature
items: [{link=https://www.nationaalgeoregister.nl/geonetwork/srv/dut/catalog.search#/metadata/ror-9d8e-4758-83fx-28b057f185e1}, {link=http://rdfdata.eionet.europa.eu/inspirethemes/themes/25}, {link=https://ngr.geocat.live/geonetwork/srv/eng/thesaurus.download?ref=external.theme.httpinspireeceuropaeumetadatacodelistPrioritydataset-Prioritydataset}, {link=urn:ogc:def:crs:EPSG::5709}]
errors:
-------
feature call (loop) failed at index: 1
caller: classpath:InspireTest/ngr/datasetrecords/def/checkxlinkurl.template.feature
arg: {"link":"http://rdfdata.eionet.europa.eu/inspirethemes/themes/25"}
checkxlinkurl.template.feature:15 - status code was: 404, expected: 200, response time: 191, url: http://rdfdata.eionet.europa.eu/inspirethemes/themes/25, response: 
-------
feature call (loop) failed at index: 2
caller: classpath:InspireTest/ngr/datasetrecords/def/checkxlinkurl.template.feature
arg: {"link":"https://ngr.geocat.live/geonetwork/srv/eng/thesaurus.download?ref=external.theme.httpinspireeceuropaeumetadatacodelistPrioritydataset-Prioritydataset"}
checkxlinkurl.template.feature:15 - status code was: 500, expected: 200, response time: 298, url: https://ngr.geocat.live/geonetwork/srv/eng/thesaurus.download?ref=external.theme.httpinspireeceuropaeumetadatacodelistPrioritydataset-Prioritydataset, response: 
-------
feature call (loop) failed at index: 3
caller: classpath:InspireTest/ngr/datasetrecords/def/checkxlinkurl.template.feature
arg: {"link":"urn:ogc:def:crs:EPSG::5709"}
checkxlinkurl.template.feature:14 - 
org.apache.http.client.ClientProtocolException: URI does not specify a valid host name: urn:ogc:def:crs:EPSG::5709
[1.88:16] ngr-check-dataset-record.feature:80 - feature call (loop) failed: classpath:InspireTest/ngr/datasetrecords/def/checkxlinkurl.template.feature
caller: classpath:InspireTest/ngr/datasetrecords/ngr-check-dataset-record.feature
items: [{link=https://www.nationaalgeoregister.nl/geonetwork/srv/dut/catalog.search#/metadata/ror-9d8e-4758-83fx-28b057f185f1}, {link=http://rdfdata.eionet.europa.eu/inspirethemes/themes/25}, {link=https://ngr.geocat.live/geonetwork/srv/eng/thesaurus.download?ref=external.theme.httpinspireeceuropaeumetadatacodelistPrioritydataset-Prioritydataset}, {link=urn:ogc:def:crs:EPSG::5709}]
errors:
-------
feature call (loop) failed at index: 1
caller: classpath:InspireTest/ngr/datasetrecords/def/checkxlinkurl.template.feature
arg: {"link":"http://rdfdata.eionet.europa.eu/inspirethemes/themes/25"}
checkxlinkurl.template.feature:15 - status code was: 404, expected: 200, response time: 190, url: http://rdfdata.eionet.europa.eu/inspirethemes/themes/25, response: 
-------
feature call (loop) failed at index: 2
caller: classpath:InspireTest/ngr/datasetrecords/def/checkxlinkurl.template.feature
arg: {"link":"https://ngr.geocat.live/geonetwork/srv/eng/thesaurus.download?ref=external.theme.httpinspireeceuropaeumetadatacodelistPrioritydataset-Prioritydataset"}
checkxlinkurl.template.feature:15 - status code was: 500, expected: 200, response time: 310, url: https://ngr.geocat.live/geonetwork/srv/eng/thesaurus.download?ref=external.theme.httpinspireeceuropaeumetadatacodelistPrioritydataset-Prioritydataset, response: 
-------
feature call (loop) failed at index: 3
caller: classpath:InspireTest/ngr/datasetrecords/def/checkxlinkurl.template.feature
arg: {"link":"urn:ogc:def:crs:EPSG::5709"}
checkxlinkurl.template.feature:14 - 
org.apache.http.client.ClientProtocolException: URI does not specify a valid host name: urn:ogc:def:crs:EPSG::5709
[1.89:16] ngr-check-dataset-record.feature:80 - feature call (loop) failed: classpath:InspireTest/ngr/datasetrecords/def/checkxlinkurl.template.feature
caller: classpath:InspireTest/ngr/datasetrecords/ngr-check-dataset-record.feature
items: [{link=https://www.nationaalgeoregister.nl/geonetwork/srv/dut/catalog.search#/metadata/uwwtd-9d8e-4758-83fa-28b057f185e3}, {link=http://rdfdata.eionet.europa.eu/inspirethemes/themes/24}, {link=https://ngr.geocat.live/geonetwork/srv/eng/thesaurus.download?ref=external.theme.httpinspireeceuropaeumetadatacodelistPrioritydataset-Prioritydataset}, {link=urn:ogc:def:crs:EPSG::5709}]
errors:
-------
feature call (loop) failed at index: 1
caller: classpath:InspireTest/ngr/datasetrecords/def/checkxlinkurl.template.feature
arg: {"link":"http://rdfdata.eionet.europa.eu/inspirethemes/themes/24"}
checkxlinkurl.template.feature:15 - status code was: 404, expected: 200, response time: 192, url: http://rdfdata.eionet.europa.eu/inspirethemes/themes/24, response: 
-------
feature call (loop) failed at index: 2
caller: classpath:InspireTest/ngr/datasetrecords/def/checkxlinkurl.template.feature
arg: {"link":"https://ngr.geocat.live/geonetwork/srv/eng/thesaurus.download?ref=external.theme.httpinspireeceuropaeumetadatacodelistPrioritydataset-Prioritydataset"}
checkxlinkurl.template.feature:15 - status code was: 500, expected: 200, response time: 293, url: https://ngr.geocat.live/geonetwork/srv/eng/thesaurus.download?ref=external.theme.httpinspireeceuropaeumetadatacodelistPrioritydataset-Prioritydataset, response: 
-------
feature call (loop) failed at index: 3
caller: classpath:InspireTest/ngr/datasetrecords/def/checkxlinkurl.template.feature
arg: {"link":"urn:ogc:def:crs:EPSG::5709"}
checkxlinkurl.template.feature:14 - 
org.apache.http.client.ClientProtocolException: URI does not specify a valid host name: urn:ogc:def:crs:EPSG::5709
[1.90:16] ngr-check-dataset-record.feature:80 - feature call (loop) failed: classpath:InspireTest/ngr/datasetrecords/def/checkxlinkurl.template.feature
caller: classpath:InspireTest/ngr/datasetrecords/ngr-check-dataset-record.feature
items: [{link=https://www.nationaalgeoregister.nl/geonetwork/srv/dut/catalog.search#/metadata/uwwtd-9d8e-4758-83fa-28b057f185e1}, {link=http://rdfdata.eionet.europa.eu/inspirethemes/themes/24}, {link=https://ngr.geocat.live/geonetwork/srv/eng/thesaurus.download?ref=external.theme.httpinspireeceuropaeumetadatacodelistPrioritydataset-Prioritydataset}, {link=urn:ogc:def:crs:EPSG::5709}]
errors:
-------
feature call (loop) failed at index: 1
caller: classpath:InspireTest/ngr/datasetrecords/def/checkxlinkurl.template.feature
arg: {"link":"http://rdfdata.eionet.europa.eu/inspirethemes/themes/24"}
checkxlinkurl.template.feature:15 - status code was: 404, expected: 200, response time: 190, url: http://rdfdata.eionet.europa.eu/inspirethemes/themes/24, response: 
-------
feature call (loop) failed at index: 2
caller: classpath:InspireTest/ngr/datasetrecords/def/checkxlinkurl.template.feature
arg: {"link":"https://ngr.geocat.live/geonetwork/srv/eng/thesaurus.download?ref=external.theme.httpinspireeceuropaeumetadatacodelistPrioritydataset-Prioritydataset"}
checkxlinkurl.template.feature:15 - status code was: 500, expected: 200, response time: 302, url: https://ngr.geocat.live/geonetwork/srv/eng/thesaurus.download?ref=external.theme.httpinspireeceuropaeumetadatacodelistPrioritydataset-Prioritydataset, response: 
-------
feature call (loop) failed at index: 3
caller: classpath:InspireTest/ngr/datasetrecords/def/checkxlinkurl.template.feature
arg: {"link":"urn:ogc:def:crs:EPSG::5709"}
checkxlinkurl.template.feature:14 - 
org.apache.http.client.ClientProtocolException: URI does not specify a valid host name: urn:ogc:def:crs:EPSG::5709
[1.91:16] ngr-check-dataset-record.feature:80 - feature call (loop) failed: classpath:InspireTest/ngr/datasetrecords/def/checkxlinkurl.template.feature
caller: classpath:InspireTest/ngr/datasetrecords/ngr-check-dataset-record.feature
items: [{link=http://kadaster/06b6c650-cdb1-11dd-ad8b-0800200c9a77}]
errors:
-------
feature call (loop) failed at index: 0
caller: classpath:InspireTest/ngr/datasetrecords/def/checkxlinkurl.template.feature
arg: {"link":"http://kadaster/06b6c650-cdb1-11dd-ad8b-0800200c9a77"}
checkxlinkurl.template.feature:14 - 
java.net.UnknownHostException: kadaster: Temporary failure in name resolution
[1.92:16] ngr-check-dataset-record.feature:80 - feature call (loop) failed: classpath:InspireTest/ngr/datasetrecords/def/checkxlinkurl.template.feature
caller: classpath:InspireTest/ngr/datasetrecords/ngr-check-dataset-record.feature
items: [{link=http://kadaster/79a1c01b-21ad-43e8-a5c2-23e3eeb95be2}, {link=}]
errors:
-------
feature call (loop) failed at index: 0
caller: classpath:InspireTest/ngr/datasetrecords/def/checkxlinkurl.template.feature
arg: {"link":"http://kadaster/79a1c01b-21ad-43e8-a5c2-23e3eeb95be2"}
checkxlinkurl.template.feature:14 - 
java.net.UnknownHostException: kadaster
-------
feature call (loop) failed at index: 1
caller: classpath:InspireTest/ngr/datasetrecords/def/checkxlinkurl.template.feature
arg: {"link":""}
checkxlinkurl.template.feature:14 - 
org.apache.http.client.ClientProtocolException
[1.93:16] ngr-check-dataset-record.feature:80 - feature call (loop) failed: classpath:InspireTest/ngr/datasetrecords/def/checkxlinkurl.template.feature
caller: classpath:InspireTest/ngr/datasetrecords/ngr-check-dataset-record.feature
items: [{link=http://www.opengis.net/def/crs/EPSG/0/http://www.opengis.net/def/crs/EPSG/0/4258}, {link=http://kadaster/70a0f618-9d4f-4be9-9d9d-11106ff6971c}]
errors:
-------
feature call (loop) failed at index: 1
caller: classpath:InspireTest/ngr/datasetrecords/def/checkxlinkurl.template.feature
arg: {"link":"http://kadaster/70a0f618-9d4f-4be9-9d9d-11106ff6971c"}
checkxlinkurl.template.feature:14 - 
java.net.UnknownHostException: kadaster
[1.94:16] ngr-check-dataset-record.feature:48 - xpath does not exist: /GetRecordByIdResponse//@href on response
[1.95:16] ngr-check-dataset-record.feature:80 - feature call (loop) failed: classpath:InspireTest/ngr/datasetrecords/def/checkxlinkurl.template.feature
caller: classpath:InspireTest/ngr/datasetrecords/ngr-check-dataset-record.feature
items: [{link=https://www.nationaalgeoregister.nl/geonetwork/srv/dut/catalog.search#/metadata/4783ea4f-6b8c-4600-8af0-516f3556cfe9}, {link=http://rdfdata.eionet.europa.eu/inspirethemes/themes/24}, {link=}, {link=}, {link=}, {link=urn:ogc:def:crs:EPSG::5709}]
errors:
-------
feature call (loop) failed at index: 1
caller: classpath:InspireTest/ngr/datasetrecords/def/checkxlinkurl.template.feature
arg: {"link":"http://rdfdata.eionet.europa.eu/inspirethemes/themes/24"}
checkxlinkurl.template.feature:15 - status code was: 404, expected: 200, response time: 191, url: http://rdfdata.eionet.europa.eu/inspirethemes/themes/24, response: 
-------
feature call (loop) failed at index: 2
caller: classpath:InspireTest/ngr/datasetrecords/def/checkxlinkurl.template.feature
arg: {"link":""}
checkxlinkurl.template.feature:14 - 
org.apache.http.client.ClientProtocolException
-------
feature call (loop) failed at index: 3
caller: classpath:InspireTest/ngr/datasetrecords/def/checkxlinkurl.template.feature
arg: {"link":""}
checkxlinkurl.template.feature:14 - 
org.apache.http.client.ClientProtocolException
-------
feature call (loop) failed at index: 4
caller: classpath:InspireTest/ngr/datasetrecords/def/checkxlinkurl.template.feature
arg: {"link":""}
checkxlinkurl.template.feature:14 - 
org.apache.http.client.ClientProtocolException
-------
feature call (loop) failed at index: 5
caller: classpath:InspireTest/ngr/datasetrecords/def/checkxlinkurl.template.feature
arg: {"link":"urn:ogc:def:crs:EPSG::5709"}
checkxlinkurl.template.feature:14 - 
org.apache.http.client.ClientProtocolException: URI does not specify a valid host name: urn:ogc:def:crs:EPSG::5709
[1.96:16] ngr-check-dataset-record.feature:80 - feature call (loop) failed: classpath:InspireTest/ngr/datasetrecords/def/checkxlinkurl.template.feature
caller: classpath:InspireTest/ngr/datasetrecords/ngr-check-dataset-record.feature
items: [{link=http://kadaster/2482250f-3b00-4439-9f93-f3118229b018}, {link=}, {link=}, {link=}]
errors:
-------
feature call (loop) failed at index: 0
caller: classpath:InspireTest/ngr/datasetrecords/def/checkxlinkurl.template.feature
arg: {"link":"http://kadaster/2482250f-3b00-4439-9f93-f3118229b018"}
checkxlinkurl.template.feature:14 - 
java.net.UnknownHostException: kadaster
-------
feature call (loop) failed at index: 1
caller: classpath:InspireTest/ngr/datasetrecords/def/checkxlinkurl.template.feature
arg: {"link":""}
checkxlinkurl.template.feature:14 - 
org.apache.http.client.ClientProtocolException
-------
feature call (loop) failed at index: 2
caller: classpath:InspireTest/ngr/datasetrecords/def/checkxlinkurl.template.feature
arg: {"link":""}
checkxlinkurl.template.feature:14 - 
org.apache.http.client.ClientProtocolException
-------
feature call (loop) failed at index: 3
caller: classpath:InspireTest/ngr/datasetrecords/def/checkxlinkurl.template.feature
arg: {"link":""}
checkxlinkurl.template.feature:14 - 
org.apache.http.client.ClientProtocolException
[1.97:16] ngr-check-dataset-record.feature:80 - feature call (loop) failed: classpath:InspireTest/ngr/datasetrecords/def/checkxlinkurl.template.feature
caller: classpath:InspireTest/ngr/datasetrecords/ngr-check-dataset-record.feature
items: [{link=https://nationaalgeoregister.nl/geonetwork/srv/resources66495385-8f7b-4661-85a7-11a2bbcbb6b9}, {link=http://rdfdata.eionet.europa.eu/inspirethemes/themes/13}, {link=http://geonetwork-opensource.org/inspire-theme#}, {link=https://www.nationaalgeoregister.nl/geonetwork/srv/eng/thesaurus.download?ref=external.theme.inspire-theme}]
errors:
-------
feature call (loop) failed at index: 0
caller: classpath:InspireTest/ngr/datasetrecords/def/checkxlinkurl.template.feature
arg: {"link":"https://nationaalgeoregister.nl/geonetwork/srv/resources66495385-8f7b-4661-85a7-11a2bbcbb6b9"}
checkxlinkurl.template.feature:15 - status code was: 404, expected: 200, response time: 266, url: https://nationaalgeoregister.nl/geonetwork/srv/resources66495385-8f7b-4661-85a7-11a2bbcbb6b9, response: 
-------
feature call (loop) failed at index: 1
caller: classpath:InspireTest/ngr/datasetrecords/def/checkxlinkurl.template.feature
arg: {"link":"http://rdfdata.eionet.europa.eu/inspirethemes/themes/13"}
checkxlinkurl.template.feature:15 - status code was: 404, expected: 200, response time: 191, url: http://rdfdata.eionet.europa.eu/inspirethemes/themes/13, response: 
-------
feature call (loop) failed at index: 2
caller: classpath:InspireTest/ngr/datasetrecords/def/checkxlinkurl.template.feature
arg: {"link":"http://geonetwork-opensource.org/inspire-theme#"}
checkxlinkurl.template.feature:15 - status code was: 404, expected: 200, response time: 380, url: http://geonetwork-opensource.org/inspire-theme#, response: 
-------
feature call (loop) failed at index: 3
caller: classpath:InspireTest/ngr/datasetrecords/def/checkxlinkurl.template.feature
arg: {"link":"https://www.nationaalgeoregister.nl/geonetwork/srv/eng/thesaurus.download?ref=external.theme.inspire-theme"}
checkxlinkurl.template.feature:15 - status code was: 500, expected: 200, response time: 307, url: https://www.nationaalgeoregister.nl/geonetwork/srv/eng/thesaurus.download?ref=external.theme.inspire-theme, response: 
[1.99:16] ngr-check-dataset-record.feature:80 - feature call (loop) failed: classpath:InspireTest/ngr/datasetrecords/def/checkxlinkurl.template.feature
caller: classpath:InspireTest/ngr/datasetrecords/ngr-check-dataset-record.feature
items: [{link=http://www.opengis.net/def/crs/EPSG/0/https://www.opengis.net/def/crs/EPSG/0/4258}, {link=https://ngr.acceptatie.nationaalgeoregister.nl/geonetwork/srv/resourcesd7ab6903-1152-450b-b81d-042682dcfd03}]
errors:
-------
feature call (loop) failed at index: 1
caller: classpath:InspireTest/ngr/datasetrecords/def/checkxlinkurl.template.feature
arg: {"link":"https://ngr.acceptatie.nationaalgeoregister.nl/geonetwork/srv/resourcesd7ab6903-1152-450b-b81d-042682dcfd03"}
checkxlinkurl.template.feature:15 - status code was: 404, expected: 200, response time: 267, url: https://ngr.acceptatie.nationaalgeoregister.nl/geonetwork/srv/resourcesd7ab6903-1152-450b-b81d-042682dcfd03, response: 
[1.100:16] ngr-check-dataset-record.feature:80 - feature call (loop) failed: classpath:InspireTest/ngr/datasetrecords/def/checkxlinkurl.template.feature
caller: classpath:InspireTest/ngr/datasetrecords/ngr-check-dataset-record.feature
items: [{link=http://www.opengis.net/def/crs/EPSG/0/https://www.opengis.net/def/crs/EPSG/0/4258}, {link=https://www.nationaalgeoregister.nl/geonetwork/srv/api/recordsf1d27179-36eb-4376-8048-f51d2eb23a09}]
errors:
-------
feature call (loop) failed at index: 1
caller: classpath:InspireTest/ngr/datasetrecords/def/checkxlinkurl.template.feature
arg: {"link":"https://www.nationaalgeoregister.nl/geonetwork/srv/api/recordsf1d27179-36eb-4376-8048-f51d2eb23a09"}
checkxlinkurl.template.feature:15 - status code was: 500, expected: 200, response time: 327, url: https://www.nationaalgeoregister.nl/geonetwork/srv/api/recordsf1d27179-36eb-4376-8048-f51d2eb23a09, response: 
[1.101:16] ngr-check-dataset-record.feature:80 - feature call (loop) failed: classpath:InspireTest/ngr/datasetrecords/def/checkxlinkurl.template.feature
caller: classpath:InspireTest/ngr/datasetrecords/ngr-check-dataset-record.feature
items: [{link=http://kadaster/2482250f-3b00-4439-9f93-f3118229b020}, {link=}, {link=}, {link=}]
errors:
-------
feature call (loop) failed at index: 0
caller: classpath:InspireTest/ngr/datasetrecords/def/checkxlinkurl.template.feature
arg: {"link":"http://kadaster/2482250f-3b00-4439-9f93-f3118229b020"}
checkxlinkurl.template.feature:14 - 
java.net.UnknownHostException: kadaster
-------
feature call (loop) failed at index: 1
caller: classpath:InspireTest/ngr/datasetrecords/def/checkxlinkurl.template.feature
arg: {"link":""}
checkxlinkurl.template.feature:14 - 
org.apache.http.client.ClientProtocolException
-------
feature call (loop) failed at index: 2
caller: classpath:InspireTest/ngr/datasetrecords/def/checkxlinkurl.template.feature
arg: {"link":""}
checkxlinkurl.template.feature:14 - 
org.apache.http.client.ClientProtocolException
-------
feature call (loop) failed at index: 3
caller: classpath:InspireTest/ngr/datasetrecords/def/checkxlinkurl.template.feature
arg: {"link":""}
checkxlinkurl.template.feature:14 - 
org.apache.http.client.ClientProtocolException
[1.102:16] ngr-check-dataset-record.feature:80 - feature call (loop) failed: classpath:InspireTest/ngr/datasetrecords/def/checkxlinkurl.template.feature
caller: classpath:InspireTest/ngr/datasetrecords/ngr-check-dataset-record.feature
items: [{link=https://www.nationaalgeoregister.nl/geonetwork/srv/dut/catalog.search#/metadata/krw-782cab20-8328-45f1-a9b2-c27d07c14066}, {link=http://rdfdata.eionet.europa.eu/inspirethemes/themes/24}, {link=https://ngr.geocat.live/geonetwork/srv/eng/thesaurus.download?ref=external.theme.httpinspireeceuropaeumetadatacodelistPrioritydataset-Prioritydataset}, {link=urn:ogc:def:crs:EPSG::5709}]
errors:
-------
feature call (loop) failed at index: 1
caller: classpath:InspireTest/ngr/datasetrecords/def/checkxlinkurl.template.feature
arg: {"link":"http://rdfdata.eionet.europa.eu/inspirethemes/themes/24"}
checkxlinkurl.template.feature:15 - status code was: 404, expected: 200, response time: 191, url: http://rdfdata.eionet.europa.eu/inspirethemes/themes/24, response: 
-------
feature call (loop) failed at index: 2
caller: classpath:InspireTest/ngr/datasetrecords/def/checkxlinkurl.template.feature
arg: {"link":"https://ngr.geocat.live/geonetwork/srv/eng/thesaurus.download?ref=external.theme.httpinspireeceuropaeumetadatacodelistPrioritydataset-Prioritydataset"}
checkxlinkurl.template.feature:15 - status code was: 500, expected: 200, response time: 297, url: https://ngr.geocat.live/geonetwork/srv/eng/thesaurus.download?ref=external.theme.httpinspireeceuropaeumetadatacodelistPrioritydataset-Prioritydataset, response: 
-------
feature call (loop) failed at index: 3
caller: classpath:InspireTest/ngr/datasetrecords/def/checkxlinkurl.template.feature
arg: {"link":"urn:ogc:def:crs:EPSG::5709"}
checkxlinkurl.template.feature:14 - 
org.apache.http.client.ClientProtocolException: URI does not specify a valid host name: urn:ogc:def:crs:EPSG::5709
[1.103:16] ngr-check-dataset-record.feature:80 - feature call (loop) failed: classpath:InspireTest/ngr/datasetrecords/def/checkxlinkurl.template.feature
caller: classpath:InspireTest/ngr/datasetrecords/ngr-check-dataset-record.feature
items: [{link=http://kadaster/e2318c58-b1e6-4621-9c77-33b8a1fd0124}]
errors:
-------
feature call (loop) failed at index: 0
caller: classpath:InspireTest/ngr/datasetrecords/def/checkxlinkurl.template.feature
arg: {"link":"http://kadaster/e2318c58-b1e6-4621-9c77-33b8a1fd0124"}
checkxlinkurl.template.feature:14 - 
java.net.UnknownHostException: kadaster
[1.104:16] ngr-check-dataset-record.feature:80 - feature call (loop) failed: classpath:InspireTest/ngr/datasetrecords/def/checkxlinkurl.template.feature
caller: classpath:InspireTest/ngr/datasetrecords/ngr-check-dataset-record.feature
items: [{link=http://www.opengis.net/def/crs/EPSG/0/https://www.opengis.net/def/crs/EPSG/0/4258}, {link=https://www.nationaalgeoregister.nl/geonetwork/srv/api/records4617f0e0-6af4-4ac0-9044-31df9d03071c}]
errors:
-------
feature call (loop) failed at index: 1
caller: classpath:InspireTest/ngr/datasetrecords/def/checkxlinkurl.template.feature
arg: {"link":"https://www.nationaalgeoregister.nl/geonetwork/srv/api/records4617f0e0-6af4-4ac0-9044-31df9d03071c"}
checkxlinkurl.template.feature:15 - status code was: 500, expected: 200, response time: 298, url: https://www.nationaalgeoregister.nl/geonetwork/srv/api/records4617f0e0-6af4-4ac0-9044-31df9d03071c, response: 
[1.105:16] ngr-check-dataset-record.feature:80 - feature call (loop) failed: classpath:InspireTest/ngr/datasetrecords/def/checkxlinkurl.template.feature
caller: classpath:InspireTest/ngr/datasetrecords/ngr-check-dataset-record.feature
items: [{link=http://www.opengis.net/def/crs/EPSG/0/http://www.opengis.net/def/crs/EPSG/0/3034}, {link=http://nationaalgeoregister.nl/geonetwork/srv/dut/csw?SERVICE=CSW&version=2.0.2&REQUEST=GetRecordById&elementSetName=full&OutputSchema=http://www.isotc211.org/2005/gmd&ID=0f128799-cf18-4b37-a721-e62b068191f5}, {link=https://creativecommons.org/publicdomain/mark/*/deed.nl}, {link=}]
errors:
-------
feature call (loop) failed at index: 2
caller: classpath:InspireTest/ngr/datasetrecords/def/checkxlinkurl.template.feature
arg: {"link":"https://creativecommons.org/publicdomain/mark/*/deed.nl"}
checkxlinkurl.template.feature:15 - status code was: 404, expected: 200, response time: 31, url: https://creativecommons.org/publicdomain/mark/*/deed.nl, response: 
-------
feature call (loop) failed at index: 3
caller: classpath:InspireTest/ngr/datasetrecords/def/checkxlinkurl.template.feature
arg: {"link":""}
checkxlinkurl.template.feature:14 - 
org.apache.http.client.ClientProtocolException
[1.106:16] ngr-check-dataset-record.feature:80 - feature call (loop) failed: classpath:InspireTest/ngr/datasetrecords/def/checkxlinkurl.template.feature
caller: classpath:InspireTest/ngr/datasetrecords/ngr-check-dataset-record.feature
items: [{link=http://www.opengis.net/def/crs/EPSG/0/http://www.opengis.net/def/crs/EPSG/0/3034}, {link=http://nationaalgeoregister.nl/geonetwork/srv/dut/csw?SERVICE=CSW&version=2.0.2&REQUEST=GetRecordById&elementSetName=full&OutputSchema=http://www.isotc211.org/2005/gmd&ID=ca94a0cb-7561-4a10-a7d6-b840e56c33ff}, {link=https://creativecommons.org/publicdomain/mark/*/deed.nl}, {link=}]
errors:
-------
feature call (loop) failed at index: 2
caller: classpath:InspireTest/ngr/datasetrecords/def/checkxlinkurl.template.feature
arg: {"link":"https://creativecommons.org/publicdomain/mark/*/deed.nl"}
checkxlinkurl.template.feature:15 - status code was: 404, expected: 200, response time: 31, url: https://creativecommons.org/publicdomain/mark/*/deed.nl, response: 
-------
feature call (loop) failed at index: 3
caller: classpath:InspireTest/ngr/datasetrecords/def/checkxlinkurl.template.feature
arg: {"link":""}
checkxlinkurl.template.feature:14 - 
org.apache.http.client.ClientProtocolException
[1.107:16] ngr-check-dataset-record.feature:80 - feature call (loop) failed: classpath:InspireTest/ngr/datasetrecords/def/checkxlinkurl.template.feature
caller: classpath:InspireTest/ngr/datasetrecords/ngr-check-dataset-record.feature
items: [{link=https://www.nationaalgeoregister.nl/geonetwork/srv/api/records6c6be9c5-b09b-4dcf-a5fd-f149cbaca6fb}, {link=https://creativecommons.org/publicdomain/zero/*/deed.nl}]
errors:
-------
feature call (loop) failed at index: 0
caller: classpath:InspireTest/ngr/datasetrecords/def/checkxlinkurl.template.feature
arg: {"link":"https://www.nationaalgeoregister.nl/geonetwork/srv/api/records6c6be9c5-b09b-4dcf-a5fd-f149cbaca6fb"}
checkxlinkurl.template.feature:15 - status code was: 500, expected: 200, response time: 299, url: https://www.nationaalgeoregister.nl/geonetwork/srv/api/records6c6be9c5-b09b-4dcf-a5fd-f149cbaca6fb, response: 
-------
feature call (loop) failed at index: 1
caller: classpath:InspireTest/ngr/datasetrecords/def/checkxlinkurl.template.feature
arg: {"link":"https://creativecommons.org/publicdomain/zero/*/deed.nl"}
checkxlinkurl.template.feature:15 - status code was: 404, expected: 200, response time: 28, url: https://creativecommons.org/publicdomain/zero/*/deed.nl, response: 
[1.108:16] ngr-check-dataset-record.feature:80 - feature call (loop) failed: classpath:InspireTest/ngr/datasetrecords/def/checkxlinkurl.template.feature
caller: classpath:InspireTest/ngr/datasetrecords/ngr-check-dataset-record.feature
items: [{link=http://www.opengis.net/def/crs/EPSG/0/http://www.opengis.net/def/crs/EPSG/0/3034}, {link=http://nationaalgeoregister.nl/geonetwork/srv/dut/csw?SERVICE=CSW&version=2.0.2&REQUEST=GetRecordById&elementSetName=full&OutputSchema=http://www.isotc211.org/2005/gmd&ID=f002bfc5-7d87-46b6-819e-8415422b65c9}, {link=https://creativecommons.org/publicdomain/mark/*/deed.nl}, {link=}]
errors:
-------
feature call (loop) failed at index: 2
caller: classpath:InspireTest/ngr/datasetrecords/def/checkxlinkurl.template.feature
arg: {"link":"https://creativecommons.org/publicdomain/mark/*/deed.nl"}
checkxlinkurl.template.feature:15 - status code was: 404, expected: 200, response time: 46, url: https://creativecommons.org/publicdomain/mark/*/deed.nl, response: 
-------
feature call (loop) failed at index: 3
caller: classpath:InspireTest/ngr/datasetrecords/def/checkxlinkurl.template.feature
arg: {"link":""}
checkxlinkurl.template.feature:14 - 
org.apache.http.client.ClientProtocolException
[1.109:16] ngr-check-dataset-record.feature:80 - feature call (loop) failed: classpath:InspireTest/ngr/datasetrecords/def/checkxlinkurl.template.feature
caller: classpath:InspireTest/ngr/datasetrecords/ngr-check-dataset-record.feature
items: [{link=https://nationaalgeoregister.nl/geonetwork/srv/resourcesce4a6d93-83d6-4397-afa1-d4117d5ce76b}, {link=http://rdfdata.eionet.europa.eu/inspirethemes/themes/34}, {link=http://geonetwork-opensource.org/inspire-theme#}, {link=https://www.nationaalgeoregister.nl/geonetwork/srv/eng/thesaurus.download?ref=external.theme.inspire-theme}]
errors:
-------
feature call (loop) failed at index: 0
caller: classpath:InspireTest/ngr/datasetrecords/def/checkxlinkurl.template.feature
arg: {"link":"https://nationaalgeoregister.nl/geonetwork/srv/resourcesce4a6d93-83d6-4397-afa1-d4117d5ce76b"}
checkxlinkurl.template.feature:15 - status code was: 404, expected: 200, response time: 265, url: https://nationaalgeoregister.nl/geonetwork/srv/resourcesce4a6d93-83d6-4397-afa1-d4117d5ce76b, response: 
-------
feature call (loop) failed at index: 1
caller: classpath:InspireTest/ngr/datasetrecords/def/checkxlinkurl.template.feature
arg: {"link":"http://rdfdata.eionet.europa.eu/inspirethemes/themes/34"}
checkxlinkurl.template.feature:15 - status code was: 404, expected: 200, response time: 191, url: http://rdfdata.eionet.europa.eu/inspirethemes/themes/34, response: 
-------
feature call (loop) failed at index: 2
caller: classpath:InspireTest/ngr/datasetrecords/def/checkxlinkurl.template.feature
arg: {"link":"http://geonetwork-opensource.org/inspire-theme#"}
checkxlinkurl.template.feature:15 - status code was: 404, expected: 200, response time: 382, url: http://geonetwork-opensource.org/inspire-theme#, response: 
-------
feature call (loop) failed at index: 3
caller: classpath:InspireTest/ngr/datasetrecords/def/checkxlinkurl.template.feature
arg: {"link":"https://www.nationaalgeoregister.nl/geonetwork/srv/eng/thesaurus.download?ref=external.theme.inspire-theme"}
checkxlinkurl.template.feature:15 - status code was: 500, expected: 200, response time: 302, url: https://www.nationaalgeoregister.nl/geonetwork/srv/eng/thesaurus.download?ref=external.theme.inspire-theme, response: 
[1.112:16] ngr-check-dataset-record.feature:80 - feature call (loop) failed: classpath:InspireTest/ngr/datasetrecords/def/checkxlinkurl.template.feature
caller: classpath:InspireTest/ngr/datasetrecords/ngr-check-dataset-record.feature
items: [{link=http://kadaster/06b6c650-cdb1-11dd-ad8b-0800200c9a80}]
errors:
-------
feature call (loop) failed at index: 0
caller: classpath:InspireTest/ngr/datasetrecords/def/checkxlinkurl.template.feature
arg: {"link":"http://kadaster/06b6c650-cdb1-11dd-ad8b-0800200c9a80"}
checkxlinkurl.template.feature:14 - 
java.net.UnknownHostException: kadaster
[1.113:16] ngr-check-dataset-record.feature:80 - feature call (loop) failed: classpath:InspireTest/ngr/datasetrecords/def/checkxlinkurl.template.feature
caller: classpath:InspireTest/ngr/datasetrecords/ngr-check-dataset-record.feature
items: [{link=https://data.rivm.nl/inspire/id#90bab79d-5f92-4aaa-8edc-99195438ef65}]
errors:
-------
feature call (loop) failed at index: 0
caller: classpath:InspireTest/ngr/datasetrecords/def/checkxlinkurl.template.feature
arg: {"link":"https://data.rivm.nl/inspire/id#90bab79d-5f92-4aaa-8edc-99195438ef65"}
checkxlinkurl.template.feature:14 - 
javax.net.ssl.SSLException: Connection reset
[1.114:16] ngr-check-dataset-record.feature:80 - feature call (loop) failed: classpath:InspireTest/ngr/datasetrecords/def/checkxlinkurl.template.feature
caller: classpath:InspireTest/ngr/datasetrecords/ngr-check-dataset-record.feature
items: [{link=http://kadaster/2482250f-3b00-4439-9f93-f3118229b023}, {link=}, {link=}, {link=}]
errors:
-------
feature call (loop) failed at index: 0
caller: classpath:InspireTest/ngr/datasetrecords/def/checkxlinkurl.template.feature
arg: {"link":"http://kadaster/2482250f-3b00-4439-9f93-f3118229b023"}
checkxlinkurl.template.feature:14 - 
java.net.UnknownHostException: kadaster
-------
feature call (loop) failed at index: 1
caller: classpath:InspireTest/ngr/datasetrecords/def/checkxlinkurl.template.feature
arg: {"link":""}
checkxlinkurl.template.feature:14 - 
org.apache.http.client.ClientProtocolException
-------
feature call (loop) failed at index: 2
caller: classpath:InspireTest/ngr/datasetrecords/def/checkxlinkurl.template.feature
arg: {"link":""}
checkxlinkurl.template.feature:14 - 
org.apache.http.client.ClientProtocolException
-------
feature call (loop) failed at index: 3
caller: classpath:InspireTest/ngr/datasetrecords/def/checkxlinkurl.template.feature
arg: {"link":""}
checkxlinkurl.template.feature:14 - 
org.apache.http.client.ClientProtocolException
[1.115:16] ngr-check-dataset-record.feature:80 - feature call (loop) failed: classpath:InspireTest/ngr/datasetrecords/def/checkxlinkurl.template.feature
caller: classpath:InspireTest/ngr/datasetrecords/ngr-check-dataset-record.feature
items: [{link=http://kadaster/2482250f-3b00-4439-9f93-f3118229b014}, {link=}, {link=}, {link=}]
errors:
-------
feature call (loop) failed at index: 0
caller: classpath:InspireTest/ngr/datasetrecords/def/checkxlinkurl.template.feature
arg: {"link":"http://kadaster/2482250f-3b00-4439-9f93-f3118229b014"}
checkxlinkurl.template.feature:14 - 
java.net.UnknownHostException: kadaster
-------
feature call (loop) failed at index: 1
caller: classpath:InspireTest/ngr/datasetrecords/def/checkxlinkurl.template.feature
arg: {"link":""}
checkxlinkurl.template.feature:14 - 
org.apache.http.client.ClientProtocolException
-------
feature call (loop) failed at index: 2
caller: classpath:InspireTest/ngr/datasetrecords/def/checkxlinkurl.template.feature
arg: {"link":""}
checkxlinkurl.template.feature:14 - 
org.apache.http.client.ClientProtocolException
-------
feature call (loop) failed at index: 3
caller: classpath:InspireTest/ngr/datasetrecords/def/checkxlinkurl.template.feature
arg: {"link":""}
checkxlinkurl.template.feature:14 - 
org.apache.http.client.ClientProtocolException
[1.117:16] ngr-check-dataset-record.feature:80 - feature call (loop) failed: classpath:InspireTest/ngr/datasetrecords/def/checkxlinkurl.template.feature
caller: classpath:InspireTest/ngr/datasetrecords/ngr-check-dataset-record.feature
items: [{link=http://kadaster/06b6c650-cdb1-11dd-ad8b-0800200c9a75}]
errors:
-------
feature call (loop) failed at index: 0
caller: classpath:InspireTest/ngr/datasetrecords/def/checkxlinkurl.template.feature
arg: {"link":"http://kadaster/06b6c650-cdb1-11dd-ad8b-0800200c9a75"}
checkxlinkurl.template.feature:14 - 
java.net.UnknownHostException: kadaster
[1.118:16] ngr-check-dataset-record.feature:80 - feature call (loop) failed: classpath:InspireTest/ngr/datasetrecords/def/checkxlinkurl.template.feature
caller: classpath:InspireTest/ngr/datasetrecords/ngr-check-dataset-record.feature
items: [{link=https://nationaalgeoregister.nl/geonetwork/srv/resources052a3480-1031-4d29-ba55-01672e2c50d9}]
errors:
-------
feature call (loop) failed at index: 0
caller: classpath:InspireTest/ngr/datasetrecords/def/checkxlinkurl.template.feature
arg: {"link":"https://nationaalgeoregister.nl/geonetwork/srv/resources052a3480-1031-4d29-ba55-01672e2c50d9"}
checkxlinkurl.template.feature:15 - status code was: 404, expected: 200, response time: 264, url: https://nationaalgeoregister.nl/geonetwork/srv/resources052a3480-1031-4d29-ba55-01672e2c50d9, response: 
[1.119:16] ngr-check-dataset-record.feature:80 - feature call (loop) failed: classpath:InspireTest/ngr/datasetrecords/def/checkxlinkurl.template.feature
caller: classpath:InspireTest/ngr/datasetrecords/ngr-check-dataset-record.feature
items: [{link=http://www.opengis.net/def/crs/EPSG/0/http://www.opengis.net/def/crs/EPSG/0/4258}, {link=http://kadaster/ed4caa3b-a49e-4a9a-8206-50a3cf451b9a}]
errors:
-------
feature call (loop) failed at index: 1
caller: classpath:InspireTest/ngr/datasetrecords/def/checkxlinkurl.template.feature
arg: {"link":"http://kadaster/ed4caa3b-a49e-4a9a-8206-50a3cf451b9a"}
checkxlinkurl.template.feature:14 - 
java.net.UnknownHostException: kadaster
[1.120:16] ngr-check-dataset-record.feature:80 - feature call (loop) failed: classpath:InspireTest/ngr/datasetrecords/def/checkxlinkurl.template.feature
caller: classpath:InspireTest/ngr/datasetrecords/ngr-check-dataset-record.feature
items: [{link=http://www.opengis.net/def/crs/EPSG/0/http://www.opengis.net/def/crs/EPSG/0/4258}, {link=http://kadaster/29f0fa66-3928-4e95-ae30-5b1eab818ac1}]
errors:
-------
feature call (loop) failed at index: 1
caller: classpath:InspireTest/ngr/datasetrecords/def/checkxlinkurl.template.feature
arg: {"link":"http://kadaster/29f0fa66-3928-4e95-ae30-5b1eab818ac1"}
checkxlinkurl.template.feature:14 - 
java.net.UnknownHostException: kadaster
[1.121:16] ngr-check-dataset-record.feature:80 - feature call (loop) failed: classpath:InspireTest/ngr/datasetrecords/def/checkxlinkurl.template.feature
caller: classpath:InspireTest/ngr/datasetrecords/ngr-check-dataset-record.feature
items: [{link=https://www.nationaalgeoregister.nl/geonetwork/srv/api/records844404a2-9cd0-452e-b29a-74588777485a}]
errors:
-------
feature call (loop) failed at index: 0
caller: classpath:InspireTest/ngr/datasetrecords/def/checkxlinkurl.template.feature
arg: {"link":"https://www.nationaalgeoregister.nl/geonetwork/srv/api/records844404a2-9cd0-452e-b29a-74588777485a"}
checkxlinkurl.template.feature:15 - status code was: 500, expected: 200, response time: 296, url: https://www.nationaalgeoregister.nl/geonetwork/srv/api/records844404a2-9cd0-452e-b29a-74588777485a, response: 
[1.122:16] ngr-check-dataset-record.feature:80 - feature call (loop) failed: classpath:InspireTest/ngr/datasetrecords/def/checkxlinkurl.template.feature
caller: classpath:InspireTest/ngr/datasetrecords/ngr-check-dataset-record.feature
items: [{link=https://data.rivm.nl/inspire/id#722e3937-3e53-4048-97ef-1ced2c77f7dd}]
errors:
-------
feature call (loop) failed at index: 0
caller: classpath:InspireTest/ngr/datasetrecords/def/checkxlinkurl.template.feature
arg: {"link":"https://data.rivm.nl/inspire/id#722e3937-3e53-4048-97ef-1ced2c77f7dd"}
checkxlinkurl.template.feature:14 - 
javax.net.ssl.SSLException: Connection reset
[1.123:16] ngr-check-dataset-record.feature:80 - feature call (loop) failed: classpath:InspireTest/ngr/datasetrecords/def/checkxlinkurl.template.feature
caller: classpath:InspireTest/ngr/datasetrecords/ngr-check-dataset-record.feature
items: [{link=https://data.rivm.nl/inspire/id#6e6bf543-e1e3-468d-afae-e88618ad9a65}]
errors:
-------
feature call (loop) failed at index: 0
caller: classpath:InspireTest/ngr/datasetrecords/def/checkxlinkurl.template.feature
arg: {"link":"https://data.rivm.nl/inspire/id#6e6bf543-e1e3-468d-afae-e88618ad9a65"}
checkxlinkurl.template.feature:14 - 
javax.net.ssl.SSLException: Connection reset
[1.124:16] ngr-check-dataset-record.feature:80 - feature call (loop) failed: classpath:InspireTest/ngr/datasetrecords/def/checkxlinkurl.template.feature
caller: classpath:InspireTest/ngr/datasetrecords/ngr-check-dataset-record.feature
items: [{link=https://www.nationaalgeoregister.nl/geonetwork/srv/dut/catalog.search#/metadata/110f9ec6-4464-462e-9765-83d90cefbead}, {link=http://rdfdata.eionet.europa.eu/inspirethemes/themes/24}, {link=https://ngr.geocat.live/geonetwork/srv/eng/thesaurus.download?ref=external.theme.httpinspireeceuropaeumetadatacodelistPrioritydataset-Prioritydataset}]
errors:
-------
feature call (loop) failed at index: 1
caller: classpath:InspireTest/ngr/datasetrecords/def/checkxlinkurl.template.feature
arg: {"link":"http://rdfdata.eionet.europa.eu/inspirethemes/themes/24"}
checkxlinkurl.template.feature:15 - status code was: 404, expected: 200, response time: 191, url: http://rdfdata.eionet.europa.eu/inspirethemes/themes/24, response: 
-------
feature call (loop) failed at index: 2
caller: classpath:InspireTest/ngr/datasetrecords/def/checkxlinkurl.template.feature
arg: {"link":"https://ngr.geocat.live/geonetwork/srv/eng/thesaurus.download?ref=external.theme.httpinspireeceuropaeumetadatacodelistPrioritydataset-Prioritydataset"}
checkxlinkurl.template.feature:15 - status code was: 500, expected: 200, response time: 416, url: https://ngr.geocat.live/geonetwork/srv/eng/thesaurus.download?ref=external.theme.httpinspireeceuropaeumetadatacodelistPrioritydataset-Prioritydataset, response: 
[1.125:16] ngr-check-dataset-record.feature:80 - feature call (loop) failed: classpath:InspireTest/ngr/datasetrecords/def/checkxlinkurl.template.feature
caller: classpath:InspireTest/ngr/datasetrecords/ngr-check-dataset-record.feature
items: [{link=http://standaarden.overheid.nl/owms/terms/Ministerie_van_Landbouw,_Natuur_en_Voedselkwaliteit}, {link=http://www.nationaalgeoregister.nl/geonetwork/srv/dut/catalog.search#/metadata/a04afee4-47d5-45b7-b7a0-a6f86106af11}, {link=http://standaarden.overheid.nl/owms/terms/Ministerie_van_Landbouw,_Natuur_en_Voedselkwaliteit}, {link=http://standaarden.overheid.nl/owms/terms/Ministerie_van_Landbouw,_Natuur_en_Voedselkwaliteit}, {link=https://data.overheid.nl/organisatie/PDOK}]
errors:
-------
feature call (loop) failed at index: 4
caller: classpath:InspireTest/ngr/datasetrecords/def/checkxlinkurl.template.feature
arg: {"link":"https://data.overheid.nl/organisatie/PDOK"}
checkxlinkurl.template.feature:15 - status code was: 404, expected: 200, response time: 673, url: https://data.overheid.nl/organisatie/PDOK, response: 
[1.126:16] ngr-check-dataset-record.feature:80 - feature call (loop) failed: classpath:InspireTest/ngr/datasetrecords/def/checkxlinkurl.template.feature
caller: classpath:InspireTest/ngr/datasetrecords/ngr-check-dataset-record.feature
items: [{link=https://data.rivm.nl/inspire/id#df9bc66f-941b-4c38-a104-1b8d940a53db}]
errors:
-------
feature call (loop) failed at index: 0
caller: classpath:InspireTest/ngr/datasetrecords/def/checkxlinkurl.template.feature
arg: {"link":"https://data.rivm.nl/inspire/id#df9bc66f-941b-4c38-a104-1b8d940a53db"}
checkxlinkurl.template.feature:14 - 
javax.net.ssl.SSLException: Connection reset
[1.127:16] ngr-check-dataset-record.feature:80 - feature call (loop) failed: classpath:InspireTest/ngr/datasetrecords/def/checkxlinkurl.template.feature
caller: classpath:InspireTest/ngr/datasetrecords/ngr-check-dataset-record.feature
items: [{link=https://data.rivm.nl/inspire/id#4504a4b2-3179-44b3-a5a9-b67b693c514d}]
errors:
-------
feature call (loop) failed at index: 0
caller: classpath:InspireTest/ngr/datasetrecords/def/checkxlinkurl.template.feature
arg: {"link":"https://data.rivm.nl/inspire/id#4504a4b2-3179-44b3-a5a9-b67b693c514d"}
checkxlinkurl.template.feature:14 - 
javax.net.ssl.SSLException: Connection reset
[1.128:16] ngr-check-dataset-record.feature:80 - feature call (loop) failed: classpath:InspireTest/ngr/datasetrecords/def/checkxlinkurl.template.feature
caller: classpath:InspireTest/ngr/datasetrecords/ngr-check-dataset-record.feature
items: [{link=https://data.rivm.nl/inspire/id#a3095f95-0ec7-46ff-ae14-ce2173e8fafa}]
errors:
-------
feature call (loop) failed at index: 0
caller: classpath:InspireTest/ngr/datasetrecords/def/checkxlinkurl.template.feature
arg: {"link":"https://data.rivm.nl/inspire/id#a3095f95-0ec7-46ff-ae14-ce2173e8fafa"}
checkxlinkurl.template.feature:14 - 
javax.net.ssl.SSLException: Connection reset
[1.129:16] ngr-check-dataset-record.feature:80 - feature call (loop) failed: classpath:InspireTest/ngr/datasetrecords/def/checkxlinkurl.template.feature
caller: classpath:InspireTest/ngr/datasetrecords/ngr-check-dataset-record.feature
items: [{link=https://data.rivm.nl/inspire/id#440c4a06-6924-4f9c-a9e2-6f61340f711b}]
errors:
-------
feature call (loop) failed at index: 0
caller: classpath:InspireTest/ngr/datasetrecords/def/checkxlinkurl.template.feature
arg: {"link":"https://data.rivm.nl/inspire/id#440c4a06-6924-4f9c-a9e2-6f61340f711b"}
checkxlinkurl.template.feature:14 - 
javax.net.ssl.SSLException: Connection reset
[1.130:16] ngr-check-dataset-record.feature:80 - feature call (loop) failed: classpath:InspireTest/ngr/datasetrecords/def/checkxlinkurl.template.feature
caller: classpath:InspireTest/ngr/datasetrecords/ngr-check-dataset-record.feature
items: [{link=https://data.rivm.nl/inspire?id#505e9f1e-84bc-4856-9771-4295db998bb6}]
errors:
-------
feature call (loop) failed at index: 0
caller: classpath:InspireTest/ngr/datasetrecords/def/checkxlinkurl.template.feature
arg: {"link":"https://data.rivm.nl/inspire?id#505e9f1e-84bc-4856-9771-4295db998bb6"}
checkxlinkurl.template.feature:15 - status code was: 404, expected: 200, response time: 340, url: https://data.rivm.nl/inspire?id#505e9f1e-84bc-4856-9771-4295db998bb6, response: 
[1.131:16] ngr-check-dataset-record.feature:80 - feature call (loop) failed: classpath:InspireTest/ngr/datasetrecords/def/checkxlinkurl.template.feature
caller: classpath:InspireTest/ngr/datasetrecords/ngr-check-dataset-record.feature
items: [{link=http://www.opengis.net/def/crs/EPSG/0/https://www.opengis.net/def/crs/EPSG/0/4258}, {link=https://www.nationaalgeoregister.nl/geonetwork/srv/api/recordse8b84fae-00b3-49c1-80c1-df8f69f64e8c}]
errors:
-------
feature call (loop) failed at index: 1
caller: classpath:InspireTest/ngr/datasetrecords/def/checkxlinkurl.template.feature
arg: {"link":"https://www.nationaalgeoregister.nl/geonetwork/srv/api/recordse8b84fae-00b3-49c1-80c1-df8f69f64e8c"}
checkxlinkurl.template.feature:15 - status code was: 500, expected: 200, response time: 477, url: https://www.nationaalgeoregister.nl/geonetwork/srv/api/recordse8b84fae-00b3-49c1-80c1-df8f69f64e8c, response: 
[1.132:16] ngr-check-dataset-record.feature:80 - feature call (loop) failed: classpath:InspireTest/ngr/datasetrecords/def/checkxlinkurl.template.feature
caller: classpath:InspireTest/ngr/datasetrecords/ngr-check-dataset-record.feature
items: [{link=http://www.opengis.net/def/crs/EPSG/0/https://www.opengis.net/def/crs/EPSG/0/4258}, {link=https://www.nationaalgeoregister.nl/geonetwork/srv/api/recordsbb11be63-bd38-4632-bf54-df44c423a529}]
errors:
-------
feature call (loop) failed at index: 1
caller: classpath:InspireTest/ngr/datasetrecords/def/checkxlinkurl.template.feature
arg: {"link":"https://www.nationaalgeoregister.nl/geonetwork/srv/api/recordsbb11be63-bd38-4632-bf54-df44c423a529"}
checkxlinkurl.template.feature:15 - status code was: 500, expected: 200, response time: 348, url: https://www.nationaalgeoregister.nl/geonetwork/srv/api/recordsbb11be63-bd38-4632-bf54-df44c423a529, response: 
[1.133:16] ngr-check-dataset-record.feature:80 - feature call (loop) failed: classpath:InspireTest/ngr/datasetrecords/def/checkxlinkurl.template.feature
caller: classpath:InspireTest/ngr/datasetrecords/ngr-check-dataset-record.feature
items: [{link=https://www.nationaalgeoregister.nl/geonetwork/srv/dut/catalog.search#/metadata/krm-a905-9d8e-4758-83fa-28b057f185e3}, {link=http://rdfdata.eionet.europa.eu/inspirethemes/themes/24}, {link=https://ngr.geocat.live/geonetwork/srv/eng/thesaurus.download?ref=external.theme.httpinspireeceuropaeumetadatacodelistPrioritydataset-Prioritydataset}]
errors:
-------
feature call (loop) failed at index: 1
caller: classpath:InspireTest/ngr/datasetrecords/def/checkxlinkurl.template.feature
arg: {"link":"http://rdfdata.eionet.europa.eu/inspirethemes/themes/24"}
checkxlinkurl.template.feature:15 - status code was: 404, expected: 200, response time: 202, url: http://rdfdata.eionet.europa.eu/inspirethemes/themes/24, response: 
-------
feature call (loop) failed at index: 2
caller: classpath:InspireTest/ngr/datasetrecords/def/checkxlinkurl.template.feature
arg: {"link":"https://ngr.geocat.live/geonetwork/srv/eng/thesaurus.download?ref=external.theme.httpinspireeceuropaeumetadatacodelistPrioritydataset-Prioritydataset"}
checkxlinkurl.template.feature:15 - status code was: 500, expected: 200, response time: 326, url: https://ngr.geocat.live/geonetwork/srv/eng/thesaurus.download?ref=external.theme.httpinspireeceuropaeumetadatacodelistPrioritydataset-Prioritydataset, response: 
[1.134:16] ngr-check-dataset-record.feature:80 - feature call (loop) failed: classpath:InspireTest/ngr/datasetrecords/def/checkxlinkurl.template.feature
caller: classpath:InspireTest/ngr/datasetrecords/ngr-check-dataset-record.feature
items: [{link=https://www.nationaalgeoregister.nl/geonetwork/srv/dut/catalog.search#/metadata/krm-a905-9d8e-4758-83fa-28b057f185e4}, {link=http://rdfdata.eionet.europa.eu/inspirethemes/themes/24}, {link=https://ngr.geocat.live/geonetwork/srv/eng/thesaurus.download?ref=external.theme.httpinspireeceuropaeumetadatacodelistPrioritydataset-Prioritydataset}]
errors:
-------
feature call (loop) failed at index: 1
caller: classpath:InspireTest/ngr/datasetrecords/def/checkxlinkurl.template.feature
arg: {"link":"http://rdfdata.eionet.europa.eu/inspirethemes/themes/24"}
checkxlinkurl.template.feature:15 - status code was: 404, expected: 200, response time: 191, url: http://rdfdata.eionet.europa.eu/inspirethemes/themes/24, response: 
-------
feature call (loop) failed at index: 2
caller: classpath:InspireTest/ngr/datasetrecords/def/checkxlinkurl.template.feature
arg: {"link":"https://ngr.geocat.live/geonetwork/srv/eng/thesaurus.download?ref=external.theme.httpinspireeceuropaeumetadatacodelistPrioritydataset-Prioritydataset"}
checkxlinkurl.template.feature:15 - status code was: 500, expected: 200, response time: 305, url: https://ngr.geocat.live/geonetwork/srv/eng/thesaurus.download?ref=external.theme.httpinspireeceuropaeumetadatacodelistPrioritydataset-Prioritydataset, response: 
[1.135:16] ngr-check-dataset-record.feature:80 - feature call (loop) failed: classpath:InspireTest/ngr/datasetrecords/def/checkxlinkurl.template.feature
caller: classpath:InspireTest/ngr/datasetrecords/ngr-check-dataset-record.feature
items: [{link=https://nationaalgeoregister.nl/geonetwork/srv/resources8bdf76b6-c9c9-4011-a7bc-022ae14a4024}, {link=http://rdfdata.eionet.europa.eu/inspirethemes/themes/24}, {link=http://geonetwork-opensource.org/inspire-theme#}, {link=https://www.nationaalgeoregister.nl/geonetwork/srv/eng/thesaurus.download?ref=external.theme.inspire-theme}]
errors:
-------
feature call (loop) failed at index: 0
caller: classpath:InspireTest/ngr/datasetrecords/def/checkxlinkurl.template.feature
arg: {"link":"https://nationaalgeoregister.nl/geonetwork/srv/resources8bdf76b6-c9c9-4011-a7bc-022ae14a4024"}
checkxlinkurl.template.feature:15 - status code was: 404, expected: 200, response time: 266, url: https://nationaalgeoregister.nl/geonetwork/srv/resources8bdf76b6-c9c9-4011-a7bc-022ae14a4024, response: 
-------
feature call (loop) failed at index: 1
caller: classpath:InspireTest/ngr/datasetrecords/def/checkxlinkurl.template.feature
arg: {"link":"http://rdfdata.eionet.europa.eu/inspirethemes/themes/24"}
checkxlinkurl.template.feature:15 - status code was: 404, expected: 200, response time: 191, url: http://rdfdata.eionet.europa.eu/inspirethemes/themes/24, response: 
-------
feature call (loop) failed at index: 2
caller: classpath:InspireTest/ngr/datasetrecords/def/checkxlinkurl.template.feature
arg: {"link":"http://geonetwork-opensource.org/inspire-theme#"}
checkxlinkurl.template.feature:15 - status code was: 404, expected: 200, response time: 379, url: http://geonetwork-opensource.org/inspire-theme#, response: 
-------
feature call (loop) failed at index: 3
caller: classpath:InspireTest/ngr/datasetrecords/def/checkxlinkurl.template.feature
arg: {"link":"https://www.nationaalgeoregister.nl/geonetwork/srv/eng/thesaurus.download?ref=external.theme.inspire-theme"}
checkxlinkurl.template.feature:15 - status code was: 500, expected: 200, response time: 309, url: https://www.nationaalgeoregister.nl/geonetwork/srv/eng/thesaurus.download?ref=external.theme.inspire-theme, response: 
[1.136:16] ngr-check-dataset-record.feature:80 - feature call (loop) failed: classpath:InspireTest/ngr/datasetrecords/def/checkxlinkurl.template.feature
caller: classpath:InspireTest/ngr/datasetrecords/ngr-check-dataset-record.feature
items: [{link=https://data.rivm.nl/inspire/id#10fcd5a9-3804-48e3-bcbd-d816594dbb6f}]
errors:
-------
feature call (loop) failed at index: 0
caller: classpath:InspireTest/ngr/datasetrecords/def/checkxlinkurl.template.feature
arg: {"link":"https://data.rivm.nl/inspire/id#10fcd5a9-3804-48e3-bcbd-d816594dbb6f"}
checkxlinkurl.template.feature:14 - 
javax.net.ssl.SSLException: Connection reset
[1.137:16] ngr-check-dataset-record.feature:80 - feature call (loop) failed: classpath:InspireTest/ngr/datasetrecords/def/checkxlinkurl.template.feature
caller: classpath:InspireTest/ngr/datasetrecords/ngr-check-dataset-record.feature
items: [{link=http://www.opengis.net/def/crs/EPSG/0/http://www.opengis.net/def/crs/EPSG/0/3034}, {link=http://nationaalgeoregister.nl/geonetwork/srv/dut/csw?SERVICE=CSW&version=2.0.2&REQUEST=GetRecordById&elementSetName=full&OutputSchema=http://www.isotc211.org/2005/gmd&ID=49ab8bee-b467-486a-96ca-b950443c453a}, {link=https://creativecommons.org/publicdomain/mark/*/deed.nl}, {link=}]
errors:
-------
feature call (loop) failed at index: 2
caller: classpath:InspireTest/ngr/datasetrecords/def/checkxlinkurl.template.feature
arg: {"link":"https://creativecommons.org/publicdomain/mark/*/deed.nl"}
checkxlinkurl.template.feature:15 - status code was: 404, expected: 200, response time: 27, url: https://creativecommons.org/publicdomain/mark/*/deed.nl, response: 
-------
feature call (loop) failed at index: 3
caller: classpath:InspireTest/ngr/datasetrecords/def/checkxlinkurl.template.feature
arg: {"link":""}
checkxlinkurl.template.feature:14 - 
org.apache.http.client.ClientProtocolException
[1.138:16] ngr-check-dataset-record.feature:80 - feature call (loop) failed: classpath:InspireTest/ngr/datasetrecords/def/checkxlinkurl.template.feature
caller: classpath:InspireTest/ngr/datasetrecords/ngr-check-dataset-record.feature
items: [{link=http://standaarden.overheid.nl/owms/terms/Ministerie_van_Landbouw,_Natuur_en_Voedselkwaliteit}, {link=http://nationaalgeoregister.nl/geonetwork/srv/dut/catalog.search#/metadata/19165027-a13a-4c19-9013-ec1fd191019d}, {link=http://standaarden.overheid.nl/owms/terms/Ministerie_van_Landbouw,_Natuur_en_Voedselkwaliteit}, {link=http://standaarden.overheid.nl/owms/terms/Ministerie_van_Landbouw,_Natuur_en_Voedselkwaliteit}, {link=https://data.overheid.nl/organisatie/PDOK}]
errors:
-------
feature call (loop) failed at index: 4
caller: classpath:InspireTest/ngr/datasetrecords/def/checkxlinkurl.template.feature
arg: {"link":"https://data.overheid.nl/organisatie/PDOK"}
checkxlinkurl.template.feature:15 - status code was: 404, expected: 200, response time: 1286, url: https://data.overheid.nl/organisatie/PDOK, response: 
[1.139:16] ngr-check-dataset-record.feature:80 - feature call (loop) failed: classpath:InspireTest/ngr/datasetrecords/def/checkxlinkurl.template.feature
caller: classpath:InspireTest/ngr/datasetrecords/ngr-check-dataset-record.feature
items: [{link=https://data.rivm.nl/inspire/id#b867ba72-5a7c-41fe-b997-394b56dfbd25}]
errors:
-------
feature call (loop) failed at index: 0
caller: classpath:InspireTest/ngr/datasetrecords/def/checkxlinkurl.template.feature
arg: {"link":"https://data.rivm.nl/inspire/id#b867ba72-5a7c-41fe-b997-394b56dfbd25"}
checkxlinkurl.template.feature:14 - 
javax.net.ssl.SSLException: Connection reset
[1.140:16] ngr-check-dataset-record.feature:80 - feature call (loop) failed: classpath:InspireTest/ngr/datasetrecords/def/checkxlinkurl.template.feature
caller: classpath:InspireTest/ngr/datasetrecords/ngr-check-dataset-record.feature
items: [{link=https://data.rivm.nl/inspire/id#a98a6cdb-61cd-4107-b775-2334e6772ed5}]
errors:
-------
feature call (loop) failed at index: 0
caller: classpath:InspireTest/ngr/datasetrecords/def/checkxlinkurl.template.feature
arg: {"link":"https://data.rivm.nl/inspire/id#a98a6cdb-61cd-4107-b775-2334e6772ed5"}
checkxlinkurl.template.feature:14 - 
javax.net.ssl.SSLException: Connection reset
[1.141:16] ngr-check-dataset-record.feature:80 - feature call (loop) failed: classpath:InspireTest/ngr/datasetrecords/def/checkxlinkurl.template.feature
caller: classpath:InspireTest/ngr/datasetrecords/ngr-check-dataset-record.feature
items: [{link=u}, {link=r}, {link=n}, {link=:}, {link=o}, {link=g}, {link=c}, {link=:}, {link=d}, {link=e}, {link=f}, {link=:}, {link=c}, {link=r}, {link=s}, {link=:}, {link=E}, {link=P}, {link=S}, {link=G}, {link=:}, {link=:}, {link=5}, {link=6}, {link=2}, {link=1}]
errors:
-------
feature call (loop) failed at index: 0
caller: classpath:InspireTest/ngr/datasetrecords/def/checkxlinkurl.template.feature
arg: {"link":"u"}
checkxlinkurl.template.feature:14 - 
org.apache.http.client.ClientProtocolException
-------
feature call (loop) failed at index: 1
caller: classpath:InspireTest/ngr/datasetrecords/def/checkxlinkurl.template.feature
arg: {"link":"r"}
checkxlinkurl.template.feature:14 - 
org.apache.http.client.ClientProtocolException
-------
feature call (loop) failed at index: 2
caller: classpath:InspireTest/ngr/datasetrecords/def/checkxlinkurl.template.feature
arg: {"link":"n"}
checkxlinkurl.template.feature:14 - 
org.apache.http.client.ClientProtocolException
-------
feature call (loop) failed at index: 3
caller: classpath:InspireTest/ngr/datasetrecords/def/checkxlinkurl.template.feature
arg: {"link":":"}
checkxlinkurl.template.feature:14 - java.net.URISyntaxException: Expected scheme name at index 0: :
-------
feature call (loop) failed at index: 4
caller: classpath:InspireTest/ngr/datasetrecords/def/checkxlinkurl.template.feature
arg: {"link":"o"}
checkxlinkurl.template.feature:14 - 
org.apache.http.client.ClientProtocolException
-------
feature call (loop) failed at index: 5
caller: classpath:InspireTest/ngr/datasetrecords/def/checkxlinkurl.template.feature
arg: {"link":"g"}
checkxlinkurl.template.feature:14 - 
org.apache.http.client.ClientProtocolException
-------
feature call (loop) failed at index: 6
caller: classpath:InspireTest/ngr/datasetrecords/def/checkxlinkurl.template.feature
arg: {"link":"c"}
checkxlinkurl.template.feature:14 - 
org.apache.http.client.ClientProtocolException
-------
feature call (loop) failed at index: 7
caller: classpath:InspireTest/ngr/datasetrecords/def/checkxlinkurl.template.feature
arg: {"link":":"}
checkxlinkurl.template.feature:14 - java.net.URISyntaxException: Expected scheme name at index 0: :
-------
feature call (loop) failed at index: 8
caller: classpath:InspireTest/ngr/datasetrecords/def/checkxlinkurl.template.feature
arg: {"link":"d"}
checkxlinkurl.template.feature:14 - 
org.apache.http.client.ClientProtocolException
-------
feature call (loop) failed at index: 9
caller: classpath:InspireTest/ngr/datasetrecords/def/checkxlinkurl.template.feature
arg: {"link":"e"}
checkxlinkurl.template.feature:14 - 
org.apache.http.client.ClientProtocolException
-------
feature call (loop) failed at index: 10
caller: classpath:InspireTest/ngr/datasetrecords/def/checkxlinkurl.template.feature
arg: {"link":"f"}
checkxlinkurl.template.feature:14 - 
org.apache.http.client.ClientProtocolException
-------
feature call (loop) failed at index: 11
caller: classpath:InspireTest/ngr/datasetrecords/def/checkxlinkurl.template.feature
arg: {"link":":"}
checkxlinkurl.template.feature:14 - java.net.URISyntaxException: Expected scheme name at index 0: :
-------
feature call (loop) failed at index: 12
caller: classpath:InspireTest/ngr/datasetrecords/def/checkxlinkurl.template.feature
arg: {"link":"c"}
checkxlinkurl.template.feature:14 - 
org.apache.http.client.ClientProtocolException
-------
feature call (loop) failed at index: 13
caller: classpath:InspireTest/ngr/datasetrecords/def/checkxlinkurl.template.feature
arg: {"link":"r"}
checkxlinkurl.template.feature:14 - 
org.apache.http.client.ClientProtocolException
-------
feature call (loop) failed at index: 14
caller: classpath:InspireTest/ngr/datasetrecords/def/checkxlinkurl.template.feature
arg: {"link":"s"}
checkxlinkurl.template.feature:14 - 
org.apache.http.client.ClientProtocolException
-------
feature call (loop) failed at index: 15
caller: classpath:InspireTest/ngr/datasetrecords/def/checkxlinkurl.template.feature
arg: {"link":":"}
checkxlinkurl.template.feature:14 - java.net.URISyntaxException: Expected scheme name at index 0: :
-------
feature call (loop) failed at index: 16
caller: classpath:InspireTest/ngr/datasetrecords/def/checkxlinkurl.template.feature
arg: {"link":"E"}
checkxlinkurl.template.feature:14 - 
org.apache.http.client.ClientProtocolException
-------
feature call (loop) failed at index: 17
caller: classpath:InspireTest/ngr/datasetrecords/def/checkxlinkurl.template.feature
arg: {"link":"P"}
checkxlinkurl.template.feature:14 - 
org.apache.http.client.ClientProtocolException
-------
feature call (loop) failed at index: 18
caller: classpath:InspireTest/ngr/datasetrecords/def/checkxlinkurl.template.feature
arg: {"link":"S"}
checkxlinkurl.template.feature:14 - 
org.apache.http.client.ClientProtocolException
-------
feature call (loop) failed at index: 19
caller: classpath:InspireTest/ngr/datasetrecords/def/checkxlinkurl.template.feature
arg: {"link":"G"}
checkxlinkurl.template.feature:14 - 
org.apache.http.client.ClientProtocolException
-------
feature call (loop) failed at index: 20
caller: classpath:InspireTest/ngr/datasetrecords/def/checkxlinkurl.template.feature
arg: {"link":":"}
checkxlinkurl.template.feature:14 - java.net.URISyntaxException: Expected scheme name at index 0: :
-------
feature call (loop) failed at index: 21
caller: classpath:InspireTest/ngr/datasetrecords/def/checkxlinkurl.template.feature
arg: {"link":":"}
checkxlinkurl.template.feature:14 - java.net.URISyntaxException: Expected scheme name at index 0: :
-------
feature call (loop) failed at index: 22
caller: classpath:InspireTest/ngr/datasetrecords/def/checkxlinkurl.template.feature
arg: {"link":"5"}
checkxlinkurl.template.feature:14 - 
org.apache.http.client.ClientProtocolException
-------
feature call (loop) failed at index: 23
caller: classpath:InspireTest/ngr/datasetrecords/def/checkxlinkurl.template.feature
arg: {"link":"6"}
checkxlinkurl.template.feature:14 - 
org.apache.http.client.ClientProtocolException
-------
feature call (loop) failed at index: 24
caller: classpath:InspireTest/ngr/datasetrecords/def/checkxlinkurl.template.feature
arg: {"link":"2"}
checkxlinkurl.template.feature:14 - 
org.apache.http.client.ClientProtocolException
-------
feature call (loop) failed at index: 25
caller: classpath:InspireTest/ngr/datasetrecords/def/checkxlinkurl.template.feature
arg: {"link":"1"}
checkxlinkurl.template.feature:14 - 
org.apache.http.client.ClientProtocolException
[1.142:16] ngr-check-dataset-record.feature:80 - feature call (loop) failed: classpath:InspireTest/ngr/datasetrecords/def/checkxlinkurl.template.feature
caller: classpath:InspireTest/ngr/datasetrecords/ngr-check-dataset-record.feature
items: [{link=}]
errors:
-------
feature call (loop) failed at index: 0
caller: classpath:InspireTest/ngr/datasetrecords/def/checkxlinkurl.template.feature
arg: {"link":""}
checkxlinkurl.template.feature:14 - 
org.apache.http.client.ClientProtocolException
[1.143:16] ngr-check-dataset-record.feature:80 - feature call (loop) failed: classpath:InspireTest/ngr/datasetrecords/def/checkxlinkurl.template.feature
caller: classpath:InspireTest/ngr/datasetrecords/ngr-check-dataset-record.feature
items: [{link=https://www.nationaalgeoregister.nl/geonetwork/srv/api/recordsc3c004ad-5387-4b00-a225-9afbcaa5d31b}]
errors:
-------
feature call (loop) failed at index: 0
caller: classpath:InspireTest/ngr/datasetrecords/def/checkxlinkurl.template.feature
arg: {"link":"https://www.nationaalgeoregister.nl/geonetwork/srv/api/recordsc3c004ad-5387-4b00-a225-9afbcaa5d31b"}
checkxlinkurl.template.feature:15 - status code was: 500, expected: 200, response time: 298, url: https://www.nationaalgeoregister.nl/geonetwork/srv/api/recordsc3c004ad-5387-4b00-a225-9afbcaa5d31b, response: 
[1.144:16] ngr-check-dataset-record.feature:80 - feature call (loop) failed: classpath:InspireTest/ngr/datasetrecords/def/checkxlinkurl.template.feature
caller: classpath:InspireTest/ngr/datasetrecords/ngr-check-dataset-record.feature
items: [{link=https://data.rivm.nl/inspire/id#fd9c4f87-026e-4681-8d94-9702f3c83078}]
errors:
-------
feature call (loop) failed at index: 0
caller: classpath:InspireTest/ngr/datasetrecords/def/checkxlinkurl.template.feature
arg: {"link":"https://data.rivm.nl/inspire/id#fd9c4f87-026e-4681-8d94-9702f3c83078"}
checkxlinkurl.template.feature:14 - 
javax.net.ssl.SSLException: Connection reset
[1.146:16] ngr-check-dataset-record.feature:80 - feature call (loop) failed: classpath:InspireTest/ngr/datasetrecords/def/checkxlinkurl.template.feature
caller: classpath:InspireTest/ngr/datasetrecords/ngr-check-dataset-record.feature
items: [{link=https://www.nationaalgeoregister.nl/geonetwork/srv/api/records1b2abd21-3084-4db7-ab49-46866b4aac2b}, {link=https://creativecommons.org/publicdomain/zero/*/deed.nl}]
errors:
-------
feature call (loop) failed at index: 0
caller: classpath:InspireTest/ngr/datasetrecords/def/checkxlinkurl.template.feature
arg: {"link":"https://www.nationaalgeoregister.nl/geonetwork/srv/api/records1b2abd21-3084-4db7-ab49-46866b4aac2b"}
checkxlinkurl.template.feature:15 - status code was: 500, expected: 200, response time: 332, url: https://www.nationaalgeoregister.nl/geonetwork/srv/api/records1b2abd21-3084-4db7-ab49-46866b4aac2b, response: 
-------
feature call (loop) failed at index: 1
caller: classpath:InspireTest/ngr/datasetrecords/def/checkxlinkurl.template.feature
arg: {"link":"https://creativecommons.org/publicdomain/zero/*/deed.nl"}
checkxlinkurl.template.feature:15 - status code was: 404, expected: 200, response time: 28, url: https://creativecommons.org/publicdomain/zero/*/deed.nl, response: 
[1.147:16] ngr-check-dataset-record.feature:80 - feature call (loop) failed: classpath:InspireTest/ngr/datasetrecords/def/checkxlinkurl.template.feature
caller: classpath:InspireTest/ngr/datasetrecords/ngr-check-dataset-record.feature
items: [{link=http://nationaalgeoregister.nl/geonetwork/srv/dut/csw?SERVICE=CSW&version=2.0.2&REQUEST=GetRecordById&elementSetName=full&OutputSchema=http://www.isotc211.org/2005/gmd&ID=f5f68d51-2ca4-4897-8227-d3938b2b0a7e}, {link=https://creativecommons.org/publicdomain/mark/*/deed.nl}, {link=}]
errors:
-------
feature call (loop) failed at index: 1
caller: classpath:InspireTest/ngr/datasetrecords/def/checkxlinkurl.template.feature
arg: {"link":"https://creativecommons.org/publicdomain/mark/*/deed.nl"}
checkxlinkurl.template.feature:15 - status code was: 404, expected: 200, response time: 24, url: https://creativecommons.org/publicdomain/mark/*/deed.nl, response: 
-------
feature call (loop) failed at index: 2
caller: classpath:InspireTest/ngr/datasetrecords/def/checkxlinkurl.template.feature
arg: {"link":""}
checkxlinkurl.template.feature:14 - 
org.apache.http.client.ClientProtocolException
[1.148:16] ngr-check-dataset-record.feature:80 - feature call (loop) failed: classpath:InspireTest/ngr/datasetrecords/def/checkxlinkurl.template.feature
caller: classpath:InspireTest/ngr/datasetrecords/ngr-check-dataset-record.feature
items: [{link=https://www.nationaalgeoregister.nl/geonetwork/srv/api/records49807edc-0007-41aa-8809-d381f6713de4}, {link=https://creativecommons.org/publicdomain/zero/*/deed.nl}]
errors:
-------
feature call (loop) failed at index: 0
caller: classpath:InspireTest/ngr/datasetrecords/def/checkxlinkurl.template.feature
arg: {"link":"https://www.nationaalgeoregister.nl/geonetwork/srv/api/records49807edc-0007-41aa-8809-d381f6713de4"}
checkxlinkurl.template.feature:15 - status code was: 500, expected: 200, response time: 313, url: https://www.nationaalgeoregister.nl/geonetwork/srv/api/records49807edc-0007-41aa-8809-d381f6713de4, response: 
-------
feature call (loop) failed at index: 1
caller: classpath:InspireTest/ngr/datasetrecords/def/checkxlinkurl.template.feature
arg: {"link":"https://creativecommons.org/publicdomain/zero/*/deed.nl"}
checkxlinkurl.template.feature:15 - status code was: 404, expected: 200, response time: 30, url: https://creativecommons.org/publicdomain/zero/*/deed.nl, response: 
[1.149:16] ngr-check-dataset-record.feature:80 - feature call (loop) failed: classpath:InspireTest/ngr/datasetrecords/def/checkxlinkurl.template.feature
caller: classpath:InspireTest/ngr/datasetrecords/ngr-check-dataset-record.feature
items: [{link=https://www.nationaalgeoregister.nl/geonetwork/srv/api/records6e4a2001-fef7-471c-8286-4f859bc1131e}, {link=https://creativecommons.org/publicdomain/zero/*/deed.nl}]
errors:
-------
feature call (loop) failed at index: 0
caller: classpath:InspireTest/ngr/datasetrecords/def/checkxlinkurl.template.feature
arg: {"link":"https://www.nationaalgeoregister.nl/geonetwork/srv/api/records6e4a2001-fef7-471c-8286-4f859bc1131e"}
checkxlinkurl.template.feature:15 - status code was: 500, expected: 200, response time: 303, url: https://www.nationaalgeoregister.nl/geonetwork/srv/api/records6e4a2001-fef7-471c-8286-4f859bc1131e, response: 
-------
feature call (loop) failed at index: 1
caller: classpath:InspireTest/ngr/datasetrecords/def/checkxlinkurl.template.feature
arg: {"link":"https://creativecommons.org/publicdomain/zero/*/deed.nl"}
checkxlinkurl.template.feature:15 - status code was: 404, expected: 200, response time: 36, url: https://creativecommons.org/publicdomain/zero/*/deed.nl, response: 
[1.150:16] ngr-check-dataset-record.feature:80 - feature call (loop) failed: classpath:InspireTest/ngr/datasetrecords/def/checkxlinkurl.template.feature
caller: classpath:InspireTest/ngr/datasetrecords/ngr-check-dataset-record.feature
items: [{link=http://www.opengis.net/def/crs/EPSG/0/http://www.opengis.net/def/crs/EPSG/0/4258}, {link=http://kadaster/3b7bb05b-2d2e-4329-9a72-0eac19e315de}]
errors:
-------
feature call (loop) failed at index: 1
caller: classpath:InspireTest/ngr/datasetrecords/def/checkxlinkurl.template.feature
arg: {"link":"http://kadaster/3b7bb05b-2d2e-4329-9a72-0eac19e315de"}
checkxlinkurl.template.feature:14 - 
java.net.UnknownHostException: kadaster: Temporary failure in name resolution
[1.151:16] ngr-check-dataset-record.feature:80 - feature call (loop) failed: classpath:InspireTest/ngr/datasetrecords/def/checkxlinkurl.template.feature
caller: classpath:InspireTest/ngr/datasetrecords/ngr-check-dataset-record.feature
items: [{link=http://services.rce.geovoorziening.nl/www/download/nl.xml}, {link=}, {link=}]
errors:
-------
feature call (loop) failed at index: 1
caller: classpath:InspireTest/ngr/datasetrecords/def/checkxlinkurl.template.feature
arg: {"link":""}
checkxlinkurl.template.feature:14 - 
org.apache.http.client.ClientProtocolException
-------
feature call (loop) failed at index: 2
caller: classpath:InspireTest/ngr/datasetrecords/def/checkxlinkurl.template.feature
arg: {"link":""}
checkxlinkurl.template.feature:14 - 
org.apache.http.client.ClientProtocolException
[1.153:16] ngr-check-dataset-record.feature:80 - feature call (loop) failed: classpath:InspireTest/ngr/datasetrecords/def/checkxlinkurl.template.feature
caller: classpath:InspireTest/ngr/datasetrecords/ngr-check-dataset-record.feature
items: [{link=https://www.nationaalgeoregister.nl/geonetwork/srv/dut/catalog.search#/metadata/7939fd42-cf88-42c5-ab3b-232cf232a3ac}, {link=http://rdfdata.eionet.europa.eu/inspirethemes/themes/10}, {link=urn:ogc:def:crs:EPSG::5709}]
errors:
-------
feature call (loop) failed at index: 1
caller: classpath:InspireTest/ngr/datasetrecords/def/checkxlinkurl.template.feature
arg: {"link":"http://rdfdata.eionet.europa.eu/inspirethemes/themes/10"}
checkxlinkurl.template.feature:15 - status code was: 404, expected: 200, response time: 192, url: http://rdfdata.eionet.europa.eu/inspirethemes/themes/10, response: 
-------
feature call (loop) failed at index: 2
caller: classpath:InspireTest/ngr/datasetrecords/def/checkxlinkurl.template.feature
arg: {"link":"urn:ogc:def:crs:EPSG::5709"}
checkxlinkurl.template.feature:14 - 
org.apache.http.client.ClientProtocolException: URI does not specify a valid host name: urn:ogc:def:crs:EPSG::5709
[1.154:16] ngr-check-dataset-record.feature:48 - xpath does not exist: /GetRecordByIdResponse//@href on response
[1.155:16] ngr-check-dataset-record.feature:80 - feature call (loop) failed: classpath:InspireTest/ngr/datasetrecords/def/checkxlinkurl.template.feature
caller: classpath:InspireTest/ngr/datasetrecords/ngr-check-dataset-record.feature
items: [{link=https://www.nationaalgeoregister.nl/geonetwork/srv/dut/catalog.search#/metadata/cf69ec50-9849-4afd-853c-ee56211d336d}, {link=http://rdfdata.eionet.europa.eu/inspirethemes/themes/20}, {link=http://rdfdata.eionet.europa.eu/inspirethemes/themes/28}, {link=urn:ogc:def:crs:EPSG::5709}]
errors:
-------
feature call (loop) failed at index: 1
caller: classpath:InspireTest/ngr/datasetrecords/def/checkxlinkurl.template.feature
arg: {"link":"http://rdfdata.eionet.europa.eu/inspirethemes/themes/20"}
checkxlinkurl.template.feature:15 - status code was: 404, expected: 200, response time: 191, url: http://rdfdata.eionet.europa.eu/inspirethemes/themes/20, response: 
-------
feature call (loop) failed at index: 2
caller: classpath:InspireTest/ngr/datasetrecords/def/checkxlinkurl.template.feature
arg: {"link":"http://rdfdata.eionet.europa.eu/inspirethemes/themes/28"}
checkxlinkurl.template.feature:15 - status code was: 404, expected: 200, response time: 190, url: http://rdfdata.eionet.europa.eu/inspirethemes/themes/28, response: 
-------
feature call (loop) failed at index: 3
caller: classpath:InspireTest/ngr/datasetrecords/def/checkxlinkurl.template.feature
arg: {"link":"urn:ogc:def:crs:EPSG::5709"}
checkxlinkurl.template.feature:14 - 
org.apache.http.client.ClientProtocolException: URI does not specify a valid host name: urn:ogc:def:crs:EPSG::5709
[1.156:16] ngr-check-dataset-record.feature:80 - feature call (loop) failed: classpath:InspireTest/ngr/datasetrecords/def/checkxlinkurl.template.feature
caller: classpath:InspireTest/ngr/datasetrecords/ngr-check-dataset-record.feature
items: [{link=https://geodata.nationaalgeoregister.nl/cbsgebiedsindelingen/atom/cbsgebiedsindelingen.xml}, {link=https://www.iana.org/assignments/media-types/application/geopackage+sqlite3}, {link=}]
errors:
-------
feature call (loop) failed at index: 2
caller: classpath:InspireTest/ngr/datasetrecords/def/checkxlinkurl.template.feature
arg: {"link":""}
checkxlinkurl.template.feature:14 - 
org.apache.http.client.ClientProtocolException
[1.157:16] ngr-check-dataset-record.feature:80 - feature call (loop) failed: classpath:InspireTest/ngr/datasetrecords/def/checkxlinkurl.template.feature
caller: classpath:InspireTest/ngr/datasetrecords/ngr-check-dataset-record.feature
items: [{link=https://nationaalgeoregister.nl/geonetwork/srv/resources49e49382-674d-4ce8-9f4a-ba4dd2265eef}, {link=http://rdfdata.eionet.europa.eu/inspirethemes/themes/33}, {link=http://geonetwork-opensource.org/inspire-theme#}, {link=https://www.nationaalgeoregister.nl/geonetwork/srv/eng/thesaurus.download?ref=external.theme.inspire-theme}]
errors:
-------
feature call (loop) failed at index: 0
caller: classpath:InspireTest/ngr/datasetrecords/def/checkxlinkurl.template.feature
arg: {"link":"https://nationaalgeoregister.nl/geonetwork/srv/resources49e49382-674d-4ce8-9f4a-ba4dd2265eef"}
checkxlinkurl.template.feature:15 - status code was: 404, expected: 200, response time: 271, url: https://nationaalgeoregister.nl/geonetwork/srv/resources49e49382-674d-4ce8-9f4a-ba4dd2265eef, response: 
-------
feature call (loop) failed at index: 1
caller: classpath:InspireTest/ngr/datasetrecords/def/checkxlinkurl.template.feature
arg: {"link":"http://rdfdata.eionet.europa.eu/inspirethemes/themes/33"}
checkxlinkurl.template.feature:15 - status code was: 404, expected: 200, response time: 191, url: http://rdfdata.eionet.europa.eu/inspirethemes/themes/33, response: 
-------
feature call (loop) failed at index: 2
caller: classpath:InspireTest/ngr/datasetrecords/def/checkxlinkurl.template.feature
arg: {"link":"http://geonetwork-opensource.org/inspire-theme#"}
checkxlinkurl.template.feature:15 - status code was: 404, expected: 200, response time: 380, url: http://geonetwork-opensource.org/inspire-theme#, response: 
-------
feature call (loop) failed at index: 3
caller: classpath:InspireTest/ngr/datasetrecords/def/checkxlinkurl.template.feature
arg: {"link":"https://www.nationaalgeoregister.nl/geonetwork/srv/eng/thesaurus.download?ref=external.theme.inspire-theme"}
checkxlinkurl.template.feature:15 - status code was: 500, expected: 200, response time: 296, url: https://www.nationaalgeoregister.nl/geonetwork/srv/eng/thesaurus.download?ref=external.theme.inspire-theme, response: 
[1.158:16] ngr-check-dataset-record.feature:80 - feature call (loop) failed: classpath:InspireTest/ngr/datasetrecords/def/checkxlinkurl.template.feature
caller: classpath:InspireTest/ngr/datasetrecords/ngr-check-dataset-record.feature
items: [{link=http://inspire.rdw.nl/www/download/Licentie-Geogedeeld-RDW.pdf}, {link=}]
errors:
-------
feature call (loop) failed at index: 1
caller: classpath:InspireTest/ngr/datasetrecords/def/checkxlinkurl.template.feature
arg: {"link":""}
checkxlinkurl.template.feature:14 - 
org.apache.http.client.ClientProtocolException
[1.159:16] ngr-check-dataset-record.feature:80 - feature call (loop) failed: classpath:InspireTest/ngr/datasetrecords/def/checkxlinkurl.template.feature
caller: classpath:InspireTest/ngr/datasetrecords/ngr-check-dataset-record.feature
items: [{link=http://kadaster/2482250f-3b00-4439-9f93-f3118229b024}, {link=}, {link=}, {link=}]
errors:
-------
feature call (loop) failed at index: 0
caller: classpath:InspireTest/ngr/datasetrecords/def/checkxlinkurl.template.feature
arg: {"link":"http://kadaster/2482250f-3b00-4439-9f93-f3118229b024"}
checkxlinkurl.template.feature:14 - 
java.net.UnknownHostException: kadaster
-------
feature call (loop) failed at index: 1
caller: classpath:InspireTest/ngr/datasetrecords/def/checkxlinkurl.template.feature
arg: {"link":""}
checkxlinkurl.template.feature:14 - 
org.apache.http.client.ClientProtocolException
-------
feature call (loop) failed at index: 2
caller: classpath:InspireTest/ngr/datasetrecords/def/checkxlinkurl.template.feature
arg: {"link":""}
checkxlinkurl.template.feature:14 - 
org.apache.http.client.ClientProtocolException
-------
feature call (loop) failed at index: 3
caller: classpath:InspireTest/ngr/datasetrecords/def/checkxlinkurl.template.feature
arg: {"link":""}
checkxlinkurl.template.feature:14 - 
org.apache.http.client.ClientProtocolException
[1.160:16] ngr-check-dataset-record.feature:80 - feature call (loop) failed: classpath:InspireTest/ngr/datasetrecords/def/checkxlinkurl.template.feature
caller: classpath:InspireTest/ngr/datasetrecords/ngr-check-dataset-record.feature
items: [{link=https://data.rivm.nl/inspire/id#a3b9f437-f571-4a00-b3c3-58e4354c244f}]
errors:
-------
feature call (loop) failed at index: 0
caller: classpath:InspireTest/ngr/datasetrecords/def/checkxlinkurl.template.feature
arg: {"link":"https://data.rivm.nl/inspire/id#a3b9f437-f571-4a00-b3c3-58e4354c244f"}
checkxlinkurl.template.feature:14 - 
javax.net.ssl.SSLException: Connection reset
[1.161:16] ngr-check-dataset-record.feature:80 - feature call (loop) failed: classpath:InspireTest/ngr/datasetrecords/def/checkxlinkurl.template.feature
caller: classpath:InspireTest/ngr/datasetrecords/ngr-check-dataset-record.feature
items: [{link=http://www.opengis.net/def/crs/EPSG/0/http://www.opengis.net/def/crs/EPSG/0/3034}, {link=http://nationaalgeoregister.nl/geonetwork/srv/dut/csw?SERVICE=CSW&version=2.0.2&REQUEST=GetRecordById&elementSetName=full&OutputSchema=http://www.isotc211.org/2005/gmd&ID=b6ee58a1-b097-4c6d-8600-eb81efc1468c}, {link=https://creativecommons.org/publicdomain/mark/*/deed.nl}, {link=}]
errors:
-------
feature call (loop) failed at index: 2
caller: classpath:InspireTest/ngr/datasetrecords/def/checkxlinkurl.template.feature
arg: {"link":"https://creativecommons.org/publicdomain/mark/*/deed.nl"}
checkxlinkurl.template.feature:15 - status code was: 404, expected: 200, response time: 31, url: https://creativecommons.org/publicdomain/mark/*/deed.nl, response: 
-------
feature call (loop) failed at index: 3
caller: classpath:InspireTest/ngr/datasetrecords/def/checkxlinkurl.template.feature
arg: {"link":""}
checkxlinkurl.template.feature:14 - 
org.apache.http.client.ClientProtocolException
[1.162:16] ngr-check-dataset-record.feature:80 - feature call (loop) failed: classpath:InspireTest/ngr/datasetrecords/def/checkxlinkurl.template.feature
caller: classpath:InspireTest/ngr/datasetrecords/ngr-check-dataset-record.feature
items: [{link=https://ngr.acceptatie.nationaalgeoregister.nl/geonetwork/srv/resources9d973c4a-ef03-4785-b7f6-942e86b385f7}, {link=www.hydro.nl}, {link=https://www.nationaalgeoregister.nl/geonetwork/srv/eng/thesaurus.download?ref=external.theme.inspire-theme}]
errors:
-------
feature call (loop) failed at index: 0
caller: classpath:InspireTest/ngr/datasetrecords/def/checkxlinkurl.template.feature
arg: {"link":"https://ngr.acceptatie.nationaalgeoregister.nl/geonetwork/srv/resources9d973c4a-ef03-4785-b7f6-942e86b385f7"}
checkxlinkurl.template.feature:15 - status code was: 404, expected: 200, response time: 273, url: https://ngr.acceptatie.nationaalgeoregister.nl/geonetwork/srv/resources9d973c4a-ef03-4785-b7f6-942e86b385f7, response: 
-------
feature call (loop) failed at index: 1
caller: classpath:InspireTest/ngr/datasetrecords/def/checkxlinkurl.template.feature
arg: {"link":"www.hydro.nl"}
checkxlinkurl.template.feature:14 - 
org.apache.http.client.ClientProtocolException
-------
feature call (loop) failed at index: 2
caller: classpath:InspireTest/ngr/datasetrecords/def/checkxlinkurl.template.feature
arg: {"link":"https://www.nationaalgeoregister.nl/geonetwork/srv/eng/thesaurus.download?ref=external.theme.inspire-theme"}
checkxlinkurl.template.feature:15 - status code was: 500, expected: 200, response time: 305, url: https://www.nationaalgeoregister.nl/geonetwork/srv/eng/thesaurus.download?ref=external.theme.inspire-theme, response: 
[1.163:16] ngr-check-dataset-record.feature:80 - feature call (loop) failed: classpath:InspireTest/ngr/datasetrecords/def/checkxlinkurl.template.feature
caller: classpath:InspireTest/ngr/datasetrecords/ngr-check-dataset-record.feature
items: [{link=http://kadaster/e2318c58-b1e6-4621-9c77-33b8a1fd0e76}]
errors:
-------
feature call (loop) failed at index: 0
caller: classpath:InspireTest/ngr/datasetrecords/def/checkxlinkurl.template.feature
arg: {"link":"http://kadaster/e2318c58-b1e6-4621-9c77-33b8a1fd0e76"}
checkxlinkurl.template.feature:14 - 
java.net.UnknownHostException: kadaster
[1.164:16] ngr-check-dataset-record.feature:80 - feature call (loop) failed: classpath:InspireTest/ngr/datasetrecords/def/checkxlinkurl.template.feature
caller: classpath:InspireTest/ngr/datasetrecords/ngr-check-dataset-record.feature
items: [{link=https://www.nationaalgeoregister.nl/geonetwork/srv/api/records/002d9127-c16d-4b8d-9f5e-102a8c8e36c4}]
errors:
-------
feature call (loop) failed at index: 0
caller: classpath:InspireTest/ngr/datasetrecords/def/checkxlinkurl.template.feature
arg: {"link":"https://www.nationaalgeoregister.nl/geonetwork/srv/api/records/002d9127-c16d-4b8d-9f5e-102a8c8e36c4"}
checkxlinkurl.template.feature:15 - status code was: 400, expected: 200, response time: 269, url: https://www.nationaalgeoregister.nl/geonetwork/srv/api/records/002d9127-c16d-4b8d-9f5e-102a8c8e36c4, response: 
[1.165:16] ngr-check-dataset-record.feature:80 - feature call (loop) failed: classpath:InspireTest/ngr/datasetrecords/def/checkxlinkurl.template.feature
caller: classpath:InspireTest/ngr/datasetrecords/ngr-check-dataset-record.feature
items: [{link=https://www.nationaalgeoregister.nl/geonetwork/srv/dut/catalog.search#/metadata/68ebd5c9-0ea1-4f22-9907-ec4c063cd3e2}, {link=http://rdfdata.eionet.europa.eu/inspirethemes/themes/20}, {link=urn:ogc:def:crs:EPSG::5709}]
errors:
-------
feature call (loop) failed at index: 1
caller: classpath:InspireTest/ngr/datasetrecords/def/checkxlinkurl.template.feature
arg: {"link":"http://rdfdata.eionet.europa.eu/inspirethemes/themes/20"}
checkxlinkurl.template.feature:15 - status code was: 404, expected: 200, response time: 192, url: http://rdfdata.eionet.europa.eu/inspirethemes/themes/20, response: 
-------
feature call (loop) failed at index: 2
caller: classpath:InspireTest/ngr/datasetrecords/def/checkxlinkurl.template.feature
arg: {"link":"urn:ogc:def:crs:EPSG::5709"}
checkxlinkurl.template.feature:14 - 
org.apache.http.client.ClientProtocolException: URI does not specify a valid host name: urn:ogc:def:crs:EPSG::5709
[1.166:16] ngr-check-dataset-record.feature:80 - feature call (loop) failed: classpath:InspireTest/ngr/datasetrecords/def/checkxlinkurl.template.feature
caller: classpath:InspireTest/ngr/datasetrecords/ngr-check-dataset-record.feature
items: [{link=http://www.opengis.net/def/crs/EPSG/0/https://www.opengis.net/def/crs/EPSG/0/4258}, {link=https://www.nationaalgeoregister.nl:443/geonetwork/srv/api/records/a5241416-8401-4623-be61-57ef50447a41}]
errors:
-------
feature call (loop) failed at index: 1
caller: classpath:InspireTest/ngr/datasetrecords/def/checkxlinkurl.template.feature
arg: {"link":"https://www.nationaalgeoregister.nl:443/geonetwork/srv/api/records/a5241416-8401-4623-be61-57ef50447a41"}
checkxlinkurl.template.feature:15 - status code was: 400, expected: 200, response time: 312, url: https://www.nationaalgeoregister.nl:443/geonetwork/srv/api/records/a5241416-8401-4623-be61-57ef50447a41, response: 
[1.167:16] ngr-check-dataset-record.feature:80 - feature call (loop) failed: classpath:InspireTest/ngr/datasetrecords/def/checkxlinkurl.template.feature
caller: classpath:InspireTest/ngr/datasetrecords/ngr-check-dataset-record.feature
items: [{link=https://monumentenregister.cultureelerfgoed.nl/sites/default/files/MRS/mrs-inspire.zip}]
errors:
-------
feature call (loop) failed at index: 0
caller: classpath:InspireTest/ngr/datasetrecords/def/checkxlinkurl.template.feature
arg: {"link":"https://monumentenregister.cultureelerfgoed.nl/sites/default/files/MRS/mrs-inspire.zip"}
checkxlinkurl.template.feature:15 - status code was: 404, expected: 200, response time: 706, url: https://monumentenregister.cultureelerfgoed.nl/sites/default/files/MRS/mrs-inspire.zip, response: 
[1.168:16] ngr-check-dataset-record.feature:80 - feature call (loop) failed: classpath:InspireTest/ngr/datasetrecords/def/checkxlinkurl.template.feature
caller: classpath:InspireTest/ngr/datasetrecords/ngr-check-dataset-record.feature
items: [{link=http://www.opengis.net/def/crs/EPSG/0/https://www.opengis.net/def/crs/EPSG/0/4258}, {link=https://www.nationaalgeoregister.nl/geonetwork/srv/api/recordsf44dac86-2228-412f-8355-e56446ca9933}, {link=www.hydro.nl}]
errors:
-------
feature call (loop) failed at index: 1
caller: classpath:InspireTest/ngr/datasetrecords/def/checkxlinkurl.template.feature
arg: {"link":"https://www.nationaalgeoregister.nl/geonetwork/srv/api/recordsf44dac86-2228-412f-8355-e56446ca9933"}
checkxlinkurl.template.feature:15 - status code was: 500, expected: 200, response time: 438, url: https://www.nationaalgeoregister.nl/geonetwork/srv/api/recordsf44dac86-2228-412f-8355-e56446ca9933, response: 
-------
feature call (loop) failed at index: 2
caller: classpath:InspireTest/ngr/datasetrecords/def/checkxlinkurl.template.feature
arg: {"link":"www.hydro.nl"}
checkxlinkurl.template.feature:14 - 
org.apache.http.client.ClientProtocolException
[1.170:16] ngr-check-dataset-record.feature:80 - feature call (loop) failed: classpath:InspireTest/ngr/datasetrecords/def/checkxlinkurl.template.feature
caller: classpath:InspireTest/ngr/datasetrecords/ngr-check-dataset-record.feature
items: [{link=http://www.opengis.net/def/crs/EPSG/0/http://www.opengis.net/def/crs/EPSG/0/3034}, {link=http://nationaalgeoregister.nl/geonetwork/srv/dut/csw?SERVICE=CSW&version=2.0.2&REQUEST=GetRecordById&elementSetName=full&OutputSchema=http://www.isotc211.org/2005/gmd&ID=58e7dc38-a498-4852-b4ef-908f5baa9056}, {link=https://creativecommons.org/publicdomain/mark/*/deed.nl}, {link=}]
errors:
-------
feature call (loop) failed at index: 2
caller: classpath:InspireTest/ngr/datasetrecords/def/checkxlinkurl.template.feature
arg: {"link":"https://creativecommons.org/publicdomain/mark/*/deed.nl"}
checkxlinkurl.template.feature:15 - status code was: 404, expected: 200, response time: 39, url: https://creativecommons.org/publicdomain/mark/*/deed.nl, response: 
-------
feature call (loop) failed at index: 3
caller: classpath:InspireTest/ngr/datasetrecords/def/checkxlinkurl.template.feature
arg: {"link":""}
checkxlinkurl.template.feature:14 - 
org.apache.http.client.ClientProtocolException
[1.171:16] ngr-check-dataset-record.feature:80 - feature call (loop) failed: classpath:InspireTest/ngr/datasetrecords/def/checkxlinkurl.template.feature
caller: classpath:InspireTest/ngr/datasetrecords/ngr-check-dataset-record.feature
items: [{link=http://www.opengis.net/def/crs/EPSG/0/ETRS89}, {link=https://www.nationaalgeoregister.nl/geonetwork/srv/api/records07575774-57a1-4419-bab4-6c88fdeb02b2}]
errors:
-------
feature call (loop) failed at index: 1
caller: classpath:InspireTest/ngr/datasetrecords/def/checkxlinkurl.template.feature
arg: {"link":"https://www.nationaalgeoregister.nl/geonetwork/srv/api/records07575774-57a1-4419-bab4-6c88fdeb02b2"}
checkxlinkurl.template.feature:15 - status code was: 500, expected: 200, response time: 296, url: https://www.nationaalgeoregister.nl/geonetwork/srv/api/records07575774-57a1-4419-bab4-6c88fdeb02b2, response: 
[1.172:16] ngr-check-dataset-record.feature:80 - feature call (loop) failed: classpath:InspireTest/ngr/datasetrecords/def/checkxlinkurl.template.feature
caller: classpath:InspireTest/ngr/datasetrecords/ngr-check-dataset-record.feature
items: [{link=http://geodata.nationaalgeoregister.nl/cbsprovincies/extract/cbsprovincies.zip}, {link=}]
errors:
-------
feature call (loop) failed at index: 1
caller: classpath:InspireTest/ngr/datasetrecords/def/checkxlinkurl.template.feature
arg: {"link":""}
checkxlinkurl.template.feature:14 - 
org.apache.http.client.ClientProtocolException
[1.173:16] ngr-check-dataset-record.feature:80 - feature call (loop) failed: classpath:InspireTest/ngr/datasetrecords/def/checkxlinkurl.template.feature
caller: classpath:InspireTest/ngr/datasetrecords/ngr-check-dataset-record.feature
items: [{link=http://nationaalgeoregister.nl/geonetwork/srv/dut/csw?SERVICE=CSW&version=2.0.2&REQUEST=GetRecordById&elementSetName=full&OutputSchema=http://www.isotc211.org/2005/gmd&ID=df5ee213-e1bd-433b-80f7-4ea20f493ca8}, {link=https://creativecommons.org/publicdomain/mark/*/deed.nl}, {link=}]
errors:
-------
feature call (loop) failed at index: 1
caller: classpath:InspireTest/ngr/datasetrecords/def/checkxlinkurl.template.feature
arg: {"link":"https://creativecommons.org/publicdomain/mark/*/deed.nl"}
checkxlinkurl.template.feature:15 - status code was: 404, expected: 200, response time: 29, url: https://creativecommons.org/publicdomain/mark/*/deed.nl, response: 
-------
feature call (loop) failed at index: 2
caller: classpath:InspireTest/ngr/datasetrecords/def/checkxlinkurl.template.feature
arg: {"link":""}
checkxlinkurl.template.feature:14 - 
org.apache.http.client.ClientProtocolException
[1.174:16] ngr-check-dataset-record.feature:80 - feature call (loop) failed: classpath:InspireTest/ngr/datasetrecords/def/checkxlinkurl.template.feature
caller: classpath:InspireTest/ngr/datasetrecords/ngr-check-dataset-record.feature
items: [{link=https://data.rivm.nl/inspire/id#c6d62f69-7be0-4c19-a4af-d146c6a3c166}]
errors:
-------
feature call (loop) failed at index: 0
caller: classpath:InspireTest/ngr/datasetrecords/def/checkxlinkurl.template.feature
arg: {"link":"https://data.rivm.nl/inspire/id#c6d62f69-7be0-4c19-a4af-d146c6a3c166"}
checkxlinkurl.template.feature:14 - 
javax.net.ssl.SSLException: Connection reset
[1.175:16] ngr-check-dataset-record.feature:80 - feature call (loop) failed: classpath:InspireTest/ngr/datasetrecords/def/checkxlinkurl.template.feature
caller: classpath:InspireTest/ngr/datasetrecords/ngr-check-dataset-record.feature
items: [{link=http://www.opengis.net/def/crs/EPSG/0/http://www.opengis.net/def/crs/EPSG/0/3034}, {link=http://nationaalgeoregister.nl/geonetwork/srv/dut/csw?SERVICE=CSW&version=2.0.2&REQUEST=GetRecordById&elementSetName=full&OutputSchema=http://www.isotc211.org/2005/gmd&ID=88f76a94-ee4d-4e0c-9fde-91b692403e39}, {link=https://creativecommons.org/publicdomain/mark/*/deed.nl}, {link=}]
errors:
-------
feature call (loop) failed at index: 2
caller: classpath:InspireTest/ngr/datasetrecords/def/checkxlinkurl.template.feature
arg: {"link":"https://creativecommons.org/publicdomain/mark/*/deed.nl"}
checkxlinkurl.template.feature:15 - status code was: 404, expected: 200, response time: 29, url: https://creativecommons.org/publicdomain/mark/*/deed.nl, response: 
-------
feature call (loop) failed at index: 3
caller: classpath:InspireTest/ngr/datasetrecords/def/checkxlinkurl.template.feature
arg: {"link":""}
checkxlinkurl.template.feature:14 - 
org.apache.http.client.ClientProtocolException
[1.176:16] ngr-check-dataset-record.feature:80 - feature call (loop) failed: classpath:InspireTest/ngr/datasetrecords/def/checkxlinkurl.template.feature
caller: classpath:InspireTest/ngr/datasetrecords/ngr-check-dataset-record.feature
items: [{link=https://www.nationaalgeoregister.nl/geonetwork/srv/dut/catalog.search#/metadata/wt-83730-e750-485a-9c0c-39bf9be72cf8}, {link=http://rdfdata.eionet.europa.eu/inspirethemes/themes/18}, {link=https://ngr.geocat.live/geonetwork/srv/eng/thesaurus.download?ref=external.theme.httpinspireeceuropaeumetadatacodelistPrioritydataset-Prioritydataset}]
errors:
-------
feature call (loop) failed at index: 1
caller: classpath:InspireTest/ngr/datasetrecords/def/checkxlinkurl.template.feature
arg: {"link":"http://rdfdata.eionet.europa.eu/inspirethemes/themes/18"}
checkxlinkurl.template.feature:15 - status code was: 404, expected: 200, response time: 763, url: http://rdfdata.eionet.europa.eu/inspirethemes/themes/18, response: 
-------
feature call (loop) failed at index: 2
caller: classpath:InspireTest/ngr/datasetrecords/def/checkxlinkurl.template.feature
arg: {"link":"https://ngr.geocat.live/geonetwork/srv/eng/thesaurus.download?ref=external.theme.httpinspireeceuropaeumetadatacodelistPrioritydataset-Prioritydataset"}
checkxlinkurl.template.feature:15 - status code was: 500, expected: 200, response time: 434, url: https://ngr.geocat.live/geonetwork/srv/eng/thesaurus.download?ref=external.theme.httpinspireeceuropaeumetadatacodelistPrioritydataset-Prioritydataset, response: 
[1.177:16] ngr-check-dataset-record.feature:80 - feature call (loop) failed: classpath:InspireTest/ngr/datasetrecords/def/checkxlinkurl.template.feature
caller: classpath:InspireTest/ngr/datasetrecords/ngr-check-dataset-record.feature
items: [{link=https://www.nationaalgeoregister.nl/geonetwork/srv/dut/catalog.search#/metadata/adn73c4a-ef03-4785-b7f6-942e86b385f7}, {link=http://rdfdata.eionet.europa.eu/inspirethemes/themes/10}, {link=urn:ogc:def:crs:EPSG::5709}]
errors:
-------
feature call (loop) failed at index: 1
caller: classpath:InspireTest/ngr/datasetrecords/def/checkxlinkurl.template.feature
arg: {"link":"http://rdfdata.eionet.europa.eu/inspirethemes/themes/10"}
checkxlinkurl.template.feature:15 - status code was: 404, expected: 200, response time: 681, url: http://rdfdata.eionet.europa.eu/inspirethemes/themes/10, response: 
-------
feature call (loop) failed at index: 2
caller: classpath:InspireTest/ngr/datasetrecords/def/checkxlinkurl.template.feature
arg: {"link":"urn:ogc:def:crs:EPSG::5709"}
checkxlinkurl.template.feature:14 - 
org.apache.http.client.ClientProtocolException: URI does not specify a valid host name: urn:ogc:def:crs:EPSG::5709
[1.178:16] ngr-check-dataset-record.feature:80 - feature call (loop) failed: classpath:InspireTest/ngr/datasetrecords/def/checkxlinkurl.template.feature
caller: classpath:InspireTest/ngr/datasetrecords/ngr-check-dataset-record.feature
items: [{link=https://www.nationaalgeoregister.nl/geonetwork/srv/dut/catalog.search#/metadata/ror-9d8e-4758-83fx-28b057f185g1}, {link=http://rdfdata.eionet.europa.eu/inspirethemes/themes/25}, {link=https://ngr.geocat.live/geonetwork/srv/eng/thesaurus.download?ref=external.theme.httpinspireeceuropaeumetadatacodelistPrioritydataset-Prioritydataset}, {link=urn:ogc:def:crs:EPSG::5709}]
errors:
-------
feature call (loop) failed at index: 1
caller: classpath:InspireTest/ngr/datasetrecords/def/checkxlinkurl.template.feature
arg: {"link":"http://rdfdata.eionet.europa.eu/inspirethemes/themes/25"}
checkxlinkurl.template.feature:15 - status code was: 404, expected: 200, response time: 475, url: http://rdfdata.eionet.europa.eu/inspirethemes/themes/25, response: 
-------
feature call (loop) failed at index: 2
caller: classpath:InspireTest/ngr/datasetrecords/def/checkxlinkurl.template.feature
arg: {"link":"https://ngr.geocat.live/geonetwork/srv/eng/thesaurus.download?ref=external.theme.httpinspireeceuropaeumetadatacodelistPrioritydataset-Prioritydataset"}
checkxlinkurl.template.feature:15 - status code was: 500, expected: 200, response time: 422, url: https://ngr.geocat.live/geonetwork/srv/eng/thesaurus.download?ref=external.theme.httpinspireeceuropaeumetadatacodelistPrioritydataset-Prioritydataset, response: 
-------
feature call (loop) failed at index: 3
caller: classpath:InspireTest/ngr/datasetrecords/def/checkxlinkurl.template.feature
arg: {"link":"urn:ogc:def:crs:EPSG::5709"}
checkxlinkurl.template.feature:14 - 
org.apache.http.client.ClientProtocolException: URI does not specify a valid host name: urn:ogc:def:crs:EPSG::5709
[1.179:16] ngr-check-dataset-record.feature:80 - feature call (loop) failed: classpath:InspireTest/ngr/datasetrecords/def/checkxlinkurl.template.feature
caller: classpath:InspireTest/ngr/datasetrecords/ngr-check-dataset-record.feature
items: [{link=http://kadaster/2482250f-3b00-4439-9f93-f3118229b015}, {link=}, {link=}, {link=}]
errors:
-------
feature call (loop) failed at index: 0
caller: classpath:InspireTest/ngr/datasetrecords/def/checkxlinkurl.template.feature
arg: {"link":"http://kadaster/2482250f-3b00-4439-9f93-f3118229b015"}
checkxlinkurl.template.feature:14 - 
java.net.UnknownHostException: kadaster
-------
feature call (loop) failed at index: 1
caller: classpath:InspireTest/ngr/datasetrecords/def/checkxlinkurl.template.feature
arg: {"link":""}
checkxlinkurl.template.feature:14 - 
org.apache.http.client.ClientProtocolException
-------
feature call (loop) failed at index: 2
caller: classpath:InspireTest/ngr/datasetrecords/def/checkxlinkurl.template.feature
arg: {"link":""}
checkxlinkurl.template.feature:14 - 
org.apache.http.client.ClientProtocolException
-------
feature call (loop) failed at index: 3
caller: classpath:InspireTest/ngr/datasetrecords/def/checkxlinkurl.template.feature
arg: {"link":""}
checkxlinkurl.template.feature:14 - 
org.apache.http.client.ClientProtocolException
[1.180:16] ngr-check-dataset-record.feature:80 - feature call (loop) failed: classpath:InspireTest/ngr/datasetrecords/def/checkxlinkurl.template.feature
caller: classpath:InspireTest/ngr/datasetrecords/ngr-check-dataset-record.feature
items: [{link=http://www.opengis.net/def/crs/EPSG/0/NAP}, {link=https://ngr.acceptatie.nationaalgeoregister.nl/geonetwork/srv/resourcesd72ddff0-2724-11e2-81c1-0800200c9a66}]
errors:
-------
feature call (loop) failed at index: 1
caller: classpath:InspireTest/ngr/datasetrecords/def/checkxlinkurl.template.feature
arg: {"link":"https://ngr.acceptatie.nationaalgeoregister.nl/geonetwork/srv/resourcesd72ddff0-2724-11e2-81c1-0800200c9a66"}
checkxlinkurl.template.feature:15 - status code was: 404, expected: 200, response time: 267, url: https://ngr.acceptatie.nationaalgeoregister.nl/geonetwork/srv/resourcesd72ddff0-2724-11e2-81c1-0800200c9a66, response: 
[1.181:16] ngr-check-dataset-record.feature:80 - feature call (loop) failed: classpath:InspireTest/ngr/datasetrecords/def/checkxlinkurl.template.feature
caller: classpath:InspireTest/ngr/datasetrecords/ngr-check-dataset-record.feature
items: [{link=http://www.opengis.net/def/crs/EPSG/0/http://www.opengis.net/def/crs/EPSG/0/4258}, {link=https://www.nationaalgeoregister.nl/geonetwork/srv/dut/catalog.search#/metadata/3387ef8a-9237-453a-aa4e-585d1e193550}, {link=https://creativecommons.org/publicdomain/mark/*/deed.nl}]
errors:
-------
feature call (loop) failed at index: 2
caller: classpath:InspireTest/ngr/datasetrecords/def/checkxlinkurl.template.feature
arg: {"link":"https://creativecommons.org/publicdomain/mark/*/deed.nl"}
checkxlinkurl.template.feature:15 - status code was: 404, expected: 200, response time: 23, url: https://creativecommons.org/publicdomain/mark/*/deed.nl, response: 
[1.182:16] ngr-check-dataset-record.feature:80 - feature call (loop) failed: classpath:InspireTest/ngr/datasetrecords/def/checkxlinkurl.template.feature
caller: classpath:InspireTest/ngr/datasetrecords/ngr-check-dataset-record.feature
items: [{link=http://www.opengis.net/def/crs/EPSG/0/NAP}, {link=https://ngr.acceptatie.nationaalgeoregister.nl/geonetwork/srv/resourcesddf87610-2724-11e2-81c1-0800200c9a66}]
errors:
-------
feature call (loop) failed at index: 1
caller: classpath:InspireTest/ngr/datasetrecords/def/checkxlinkurl.template.feature
arg: {"link":"https://ngr.acceptatie.nationaalgeoregister.nl/geonetwork/srv/resourcesddf87610-2724-11e2-81c1-0800200c9a66"}
checkxlinkurl.template.feature:15 - status code was: 404, expected: 200, response time: 268, url: https://ngr.acceptatie.nationaalgeoregister.nl/geonetwork/srv/resourcesddf87610-2724-11e2-81c1-0800200c9a66, response: 
[1.183:16] ngr-check-dataset-record.feature:80 - feature call (loop) failed: classpath:InspireTest/ngr/datasetrecords/def/checkxlinkurl.template.feature
caller: classpath:InspireTest/ngr/datasetrecords/ngr-check-dataset-record.feature
items: [{link=https://ngr.acceptatie.nationaalgeoregister.nl/geonetwork/srv/resources03671a9e-6aaf-464d-be99-9aad25cef9e3}, {link=http://standaarden.overheid.nl/owms/terms/Ministerie_van_Landbouw,_Natuur_en_Voedselkwaliteit}]
errors:
-------
feature call (loop) failed at index: 0
caller: classpath:InspireTest/ngr/datasetrecords/def/checkxlinkurl.template.feature
arg: {"link":"https://ngr.acceptatie.nationaalgeoregister.nl/geonetwork/srv/resources03671a9e-6aaf-464d-be99-9aad25cef9e3"}
checkxlinkurl.template.feature:15 - status code was: 404, expected: 200, response time: 291, url: https://ngr.acceptatie.nationaalgeoregister.nl/geonetwork/srv/resources03671a9e-6aaf-464d-be99-9aad25cef9e3, response: 
[1.184:16] ngr-check-dataset-record.feature:80 - feature call (loop) failed: classpath:InspireTest/ngr/datasetrecords/def/checkxlinkurl.template.feature
caller: classpath:InspireTest/ngr/datasetrecords/ngr-check-dataset-record.feature
items: [{link=http://www.opengis.net/def/crs/EPSG/0/http://www.opengis.net/def/crs/EPSG/0/3034}, {link=http://nationaalgeoregister.nl/geonetwork/srv/dut/csw?SERVICE=CSW&version=2.0.2&REQUEST=GetRecordById&elementSetName=full&OutputSchema=http://www.isotc211.org/2005/gmd&ID=60a2a7c2-d5b3-4ad5-b562-c448695357fb}, {link=https://creativecommons.org/publicdomain/mark/*/deed.nl}, {link=}]
errors:
-------
feature call (loop) failed at index: 2
caller: classpath:InspireTest/ngr/datasetrecords/def/checkxlinkurl.template.feature
arg: {"link":"https://creativecommons.org/publicdomain/mark/*/deed.nl"}
checkxlinkurl.template.feature:15 - status code was: 404, expected: 200, response time: 41, url: https://creativecommons.org/publicdomain/mark/*/deed.nl, response: 
-------
feature call (loop) failed at index: 3
caller: classpath:InspireTest/ngr/datasetrecords/def/checkxlinkurl.template.feature
arg: {"link":""}
checkxlinkurl.template.feature:14 - 
org.apache.http.client.ClientProtocolException
[1.185:16] ngr-check-dataset-record.feature:80 - feature call (loop) failed: classpath:InspireTest/ngr/datasetrecords/def/checkxlinkurl.template.feature
caller: classpath:InspireTest/ngr/datasetrecords/ngr-check-dataset-record.feature
items: [{link=https://www.nationaalgeoregister.nl/geonetwork/srv/dut/catalog.search#/metadata/uwwtd-9d8e-4758-83fa-28b057f185e2}, {link=http://rdfdata.eionet.europa.eu/inspirethemes/themes/24}, {link=https://ngr.geocat.live/geonetwork/srv/eng/thesaurus.download?ref=external.theme.httpinspireeceuropaeumetadatacodelistPrioritydataset-Prioritydataset}, {link=urn:ogc:def:crs:EPSG::5709}]
errors:
-------
feature call (loop) failed at index: 1
caller: classpath:InspireTest/ngr/datasetrecords/def/checkxlinkurl.template.feature
arg: {"link":"http://rdfdata.eionet.europa.eu/inspirethemes/themes/24"}
checkxlinkurl.template.feature:15 - status code was: 404, expected: 200, response time: 190, url: http://rdfdata.eionet.europa.eu/inspirethemes/themes/24, response: 
-------
feature call (loop) failed at index: 2
caller: classpath:InspireTest/ngr/datasetrecords/def/checkxlinkurl.template.feature
arg: {"link":"https://ngr.geocat.live/geonetwork/srv/eng/thesaurus.download?ref=external.theme.httpinspireeceuropaeumetadatacodelistPrioritydataset-Prioritydataset"}
checkxlinkurl.template.feature:15 - status code was: 500, expected: 200, response time: 295, url: https://ngr.geocat.live/geonetwork/srv/eng/thesaurus.download?ref=external.theme.httpinspireeceuropaeumetadatacodelistPrioritydataset-Prioritydataset, response: 
-------
feature call (loop) failed at index: 3
caller: classpath:InspireTest/ngr/datasetrecords/def/checkxlinkurl.template.feature
arg: {"link":"urn:ogc:def:crs:EPSG::5709"}
checkxlinkurl.template.feature:14 - 
org.apache.http.client.ClientProtocolException: URI does not specify a valid host name: urn:ogc:def:crs:EPSG::5709
[1.186:16] ngr-check-dataset-record.feature:80 - feature call (loop) failed: classpath:InspireTest/ngr/datasetrecords/def/checkxlinkurl.template.feature
caller: classpath:InspireTest/ngr/datasetrecords/ngr-check-dataset-record.feature
items: [{link=https://ngr.acceptatie.nationaalgeoregister.nl/geonetwork/srv/resourcesc7a15080-2724-11e2-81c1-0800200c9a66}, {link=http://rdfdata.eionet.europa.eu/inspirethemes/themes/13}, {link=http://rdfdata.eionet.europa.eu/inspirethemes/themes/#}, {link=https://www.nationaalgeoregister.nl/geonetwork/srv/eng/thesaurus.download?ref=external.theme.inspire-theme}]
errors:
-------
feature call (loop) failed at index: 0
caller: classpath:InspireTest/ngr/datasetrecords/def/checkxlinkurl.template.feature
arg: {"link":"https://ngr.acceptatie.nationaalgeoregister.nl/geonetwork/srv/resourcesc7a15080-2724-11e2-81c1-0800200c9a66"}
checkxlinkurl.template.feature:15 - status code was: 404, expected: 200, response time: 266, url: https://ngr.acceptatie.nationaalgeoregister.nl/geonetwork/srv/resourcesc7a15080-2724-11e2-81c1-0800200c9a66, response: 
-------
feature call (loop) failed at index: 1
caller: classpath:InspireTest/ngr/datasetrecords/def/checkxlinkurl.template.feature
arg: {"link":"http://rdfdata.eionet.europa.eu/inspirethemes/themes/13"}
checkxlinkurl.template.feature:15 - status code was: 404, expected: 200, response time: 190, url: http://rdfdata.eionet.europa.eu/inspirethemes/themes/13, response: 
-------
feature call (loop) failed at index: 2
caller: classpath:InspireTest/ngr/datasetrecords/def/checkxlinkurl.template.feature
arg: {"link":"http://rdfdata.eionet.europa.eu/inspirethemes/themes/#"}
checkxlinkurl.template.feature:15 - status code was: 404, expected: 200, response time: 192, url: http://rdfdata.eionet.europa.eu/inspirethemes/themes/#, response: 
-------
feature call (loop) failed at index: 3
caller: classpath:InspireTest/ngr/datasetrecords/def/checkxlinkurl.template.feature
arg: {"link":"https://www.nationaalgeoregister.nl/geonetwork/srv/eng/thesaurus.download?ref=external.theme.inspire-theme"}
checkxlinkurl.template.feature:15 - status code was: 500, expected: 200, response time: 300, url: https://www.nationaalgeoregister.nl/geonetwork/srv/eng/thesaurus.download?ref=external.theme.inspire-theme, response: 
[1.187:16] ngr-check-dataset-record.feature:80 - feature call (loop) failed: classpath:InspireTest/ngr/datasetrecords/def/checkxlinkurl.template.feature
caller: classpath:InspireTest/ngr/datasetrecords/ngr-check-dataset-record.feature
items: [{link=http://kadaster/3bf3f7f3-8ac9-4203-bb95-2c932d5f0f3e}]
errors:
-------
feature call (loop) failed at index: 0
caller: classpath:InspireTest/ngr/datasetrecords/def/checkxlinkurl.template.feature
arg: {"link":"http://kadaster/3bf3f7f3-8ac9-4203-bb95-2c932d5f0f3e"}
checkxlinkurl.template.feature:14 - 
java.net.UnknownHostException: kadaster
[1.188:16] ngr-check-dataset-record.feature:80 - feature call (loop) failed: classpath:InspireTest/ngr/datasetrecords/def/checkxlinkurl.template.feature
caller: classpath:InspireTest/ngr/datasetrecords/ngr-check-dataset-record.feature
items: [{link=https://nationaalgeoregister.nl/geonetwork/srv/resources7d4d5090-8b18-4c30-a07a-9d738039112f}, {link=http://rdfdata.eionet.europa.eu/inspirethemes/themes/13}, {link=http://geonetwork-opensource.org/inspire-theme#}, {link=https://www.nationaalgeoregister.nl/geonetwork/srv/eng/thesaurus.download?ref=external.theme.inspire-theme}]
errors:
-------
feature call (loop) failed at index: 0
caller: classpath:InspireTest/ngr/datasetrecords/def/checkxlinkurl.template.feature
arg: {"link":"https://nationaalgeoregister.nl/geonetwork/srv/resources7d4d5090-8b18-4c30-a07a-9d738039112f"}
checkxlinkurl.template.feature:15 - status code was: 404, expected: 200, response time: 268, url: https://nationaalgeoregister.nl/geonetwork/srv/resources7d4d5090-8b18-4c30-a07a-9d738039112f, response: 
-------
feature call (loop) failed at index: 1
caller: classpath:InspireTest/ngr/datasetrecords/def/checkxlinkurl.template.feature
arg: {"link":"http://rdfdata.eionet.europa.eu/inspirethemes/themes/13"}
checkxlinkurl.template.feature:15 - status code was: 404, expected: 200, response time: 191, url: http://rdfdata.eionet.europa.eu/inspirethemes/themes/13, response: 
-------
feature call (loop) failed at index: 2
caller: classpath:InspireTest/ngr/datasetrecords/def/checkxlinkurl.template.feature
arg: {"link":"http://geonetwork-opensource.org/inspire-theme#"}
checkxlinkurl.template.feature:15 - status code was: 404, expected: 200, response time: 379, url: http://geonetwork-opensource.org/inspire-theme#, response: 
-------
feature call (loop) failed at index: 3
caller: classpath:InspireTest/ngr/datasetrecords/def/checkxlinkurl.template.feature
arg: {"link":"https://www.nationaalgeoregister.nl/geonetwork/srv/eng/thesaurus.download?ref=external.theme.inspire-theme"}
checkxlinkurl.template.feature:15 - status code was: 500, expected: 200, response time: 297, url: https://www.nationaalgeoregister.nl/geonetwork/srv/eng/thesaurus.download?ref=external.theme.inspire-theme, response: 
[1.189:16] ngr-check-dataset-record.feature:80 - feature call (loop) failed: classpath:InspireTest/ngr/datasetrecords/def/checkxlinkurl.template.feature
caller: classpath:InspireTest/ngr/datasetrecords/ngr-check-dataset-record.feature
items: [{link=https://ngr.acceptatie.nationaalgeoregister.nl/geonetwork/srv/resources34e95842-4e4e-46de-9198-79e8cd4d30dc}]
errors:
-------
feature call (loop) failed at index: 0
caller: classpath:InspireTest/ngr/datasetrecords/def/checkxlinkurl.template.feature
arg: {"link":"https://ngr.acceptatie.nationaalgeoregister.nl/geonetwork/srv/resources34e95842-4e4e-46de-9198-79e8cd4d30dc"}
checkxlinkurl.template.feature:15 - status code was: 404, expected: 200, response time: 266, url: https://ngr.acceptatie.nationaalgeoregister.nl/geonetwork/srv/resources34e95842-4e4e-46de-9198-79e8cd4d30dc, response: 
[1.190:16] ngr-check-dataset-record.feature:80 - feature call (loop) failed: classpath:InspireTest/ngr/datasetrecords/def/checkxlinkurl.template.feature
caller: classpath:InspireTest/ngr/datasetrecords/ngr-check-dataset-record.feature
items: [{link=http://www.opengis.net/def/crs/EPSG/0/http://www.opengis.net/def/crs/EPSG/0/4258}, {link=http://kadaster/df1a98c0-58ba-48ff-8825-b4fb6322c586}]
errors:
-------
feature call (loop) failed at index: 1
caller: classpath:InspireTest/ngr/datasetrecords/def/checkxlinkurl.template.feature
arg: {"link":"http://kadaster/df1a98c0-58ba-48ff-8825-b4fb6322c586"}
checkxlinkurl.template.feature:14 - 
java.net.UnknownHostException: kadaster
[1.192:16] ngr-check-dataset-record.feature:80 - feature call (loop) failed: classpath:InspireTest/ngr/datasetrecords/def/checkxlinkurl.template.feature
caller: classpath:InspireTest/ngr/datasetrecords/ngr-check-dataset-record.feature
items: [{link=}]
errors:
-------
feature call (loop) failed at index: 0
caller: classpath:InspireTest/ngr/datasetrecords/def/checkxlinkurl.template.feature
arg: {"link":""}
checkxlinkurl.template.feature:14 - 
org.apache.http.client.ClientProtocolException
[1.193:16] ngr-check-dataset-record.feature:80 - feature call (loop) failed: classpath:InspireTest/ngr/datasetrecords/def/checkxlinkurl.template.feature
caller: classpath:InspireTest/ngr/datasetrecords/ngr-check-dataset-record.feature
items: [{link=https://data.rivm.nl/inspire/id#b5ccab29-e2cc-4178-9f81-40c50e909754}]
errors:
-------
feature call (loop) failed at index: 0
caller: classpath:InspireTest/ngr/datasetrecords/def/checkxlinkurl.template.feature
arg: {"link":"https://data.rivm.nl/inspire/id#b5ccab29-e2cc-4178-9f81-40c50e909754"}
checkxlinkurl.template.feature:14 - 
javax.net.ssl.SSLException: Connection reset
[1.194:16] ngr-check-dataset-record.feature:80 - feature call (loop) failed: classpath:InspireTest/ngr/datasetrecords/def/checkxlinkurl.template.feature
caller: classpath:InspireTest/ngr/datasetrecords/ngr-check-dataset-record.feature
items: [{link=http://kadaster/06b6c650-cdb1-11dd-ad8b-0800200c9a81}]
errors:
-------
feature call (loop) failed at index: 0
caller: classpath:InspireTest/ngr/datasetrecords/def/checkxlinkurl.template.feature
arg: {"link":"http://kadaster/06b6c650-cdb1-11dd-ad8b-0800200c9a81"}
checkxlinkurl.template.feature:14 - 
java.net.UnknownHostException: kadaster
[1.195:16] ngr-check-dataset-record.feature:80 - feature call (loop) failed: classpath:InspireTest/ngr/datasetrecords/def/checkxlinkurl.template.feature
caller: classpath:InspireTest/ngr/datasetrecords/ngr-check-dataset-record.feature
items: [{link=http://kadaster/2482250f-3b00-4439-9f93-f3118229b021}, {link=}, {link=}, {link=}]
errors:
-------
feature call (loop) failed at index: 0
caller: classpath:InspireTest/ngr/datasetrecords/def/checkxlinkurl.template.feature
arg: {"link":"http://kadaster/2482250f-3b00-4439-9f93-f3118229b021"}
checkxlinkurl.template.feature:14 - 
java.net.UnknownHostException: kadaster
-------
feature call (loop) failed at index: 1
caller: classpath:InspireTest/ngr/datasetrecords/def/checkxlinkurl.template.feature
arg: {"link":""}
checkxlinkurl.template.feature:14 - 
org.apache.http.client.ClientProtocolException
-------
feature call (loop) failed at index: 2
caller: classpath:InspireTest/ngr/datasetrecords/def/checkxlinkurl.template.feature
arg: {"link":""}
checkxlinkurl.template.feature:14 - 
org.apache.http.client.ClientProtocolException
-------
feature call (loop) failed at index: 3
caller: classpath:InspireTest/ngr/datasetrecords/def/checkxlinkurl.template.feature
arg: {"link":""}
checkxlinkurl.template.feature:14 - 
org.apache.http.client.ClientProtocolException
[1.196:16] ngr-check-dataset-record.feature:80 - feature call (loop) failed: classpath:InspireTest/ngr/datasetrecords/def/checkxlinkurl.template.feature
caller: classpath:InspireTest/ngr/datasetrecords/ngr-check-dataset-record.feature
items: [{link=https://www.nationaalgeoregister.nl/geonetwork/srv/dut/catalog.search#/metadata/50eef6be-619d-4e16-9b92-48971109b636}, {link=http://rdfdata.eionet.europa.eu/inspirethemes/themes/18}, {link=http://inspire.ec.europa.eu/metadata-codelist/PriorityDataset/MajorRoadsNoiseExposureDelineationNight-dir-2002-49}, {link=https://ngr.geocat.live/geonetwork/srv/eng/thesaurus.download?ref=external.theme.httpinspireeceuropaeumetadatacodelistPrioritydataset-Prioritydataset}, {link=urn:ogc:def:crs:EPSG::5709}]
errors:
-------
feature call (loop) failed at index: 1
caller: classpath:InspireTest/ngr/datasetrecords/def/checkxlinkurl.template.feature
arg: {"link":"http://rdfdata.eionet.europa.eu/inspirethemes/themes/18"}
checkxlinkurl.template.feature:15 - status code was: 404, expected: 200, response time: 191, url: http://rdfdata.eionet.europa.eu/inspirethemes/themes/18, response: 
-------
feature call (loop) failed at index: 3
caller: classpath:InspireTest/ngr/datasetrecords/def/checkxlinkurl.template.feature
arg: {"link":"https://ngr.geocat.live/geonetwork/srv/eng/thesaurus.download?ref=external.theme.httpinspireeceuropaeumetadatacodelistPrioritydataset-Prioritydataset"}
checkxlinkurl.template.feature:15 - status code was: 500, expected: 200, response time: 401, url: https://ngr.geocat.live/geonetwork/srv/eng/thesaurus.download?ref=external.theme.httpinspireeceuropaeumetadatacodelistPrioritydataset-Prioritydataset, response: 
-------
feature call (loop) failed at index: 4
caller: classpath:InspireTest/ngr/datasetrecords/def/checkxlinkurl.template.feature
arg: {"link":"urn:ogc:def:crs:EPSG::5709"}
checkxlinkurl.template.feature:14 - 
org.apache.http.client.ClientProtocolException: URI does not specify a valid host name: urn:ogc:def:crs:EPSG::5709
[1.197:16] ngr-check-dataset-record.feature:80 - feature call (loop) failed: classpath:InspireTest/ngr/datasetrecords/def/checkxlinkurl.template.feature
caller: classpath:InspireTest/ngr/datasetrecords/ngr-check-dataset-record.feature
items: [{link=http://standaarden.overheid.nl/owms/terms/Ministerie_van_Landbouw,_Natuur_en_Voedselkwaliteit}, {link=http://nationaalgeoregister.nl/geonetwork/srv/dut/catalog.search#/metadata/280ed37a-b8d2-4ac5-8567-04d84fad3a41}, {link=https://creativecommons.org/publicdomain/mark/*/deed.nl}, {link=https://data.overheid.nl/organisatie/PDOK}]
errors:
-------
feature call (loop) failed at index: 2
caller: classpath:InspireTest/ngr/datasetrecords/def/checkxlinkurl.template.feature
arg: {"link":"https://creativecommons.org/publicdomain/mark/*/deed.nl"}
checkxlinkurl.template.feature:15 - status code was: 404, expected: 200, response time: 23, url: https://creativecommons.org/publicdomain/mark/*/deed.nl, response: 
-------
feature call (loop) failed at index: 3
caller: classpath:InspireTest/ngr/datasetrecords/def/checkxlinkurl.template.feature
arg: {"link":"https://data.overheid.nl/organisatie/PDOK"}
checkxlinkurl.template.feature:15 - status code was: 404, expected: 200, response time: 479, url: https://data.overheid.nl/organisatie/PDOK, response: 
InspireTest.ngr.datasetrecords.check-known-dataset-record: [1:14] -unknown-:9 - javascript evaluation failed: "datasetIdentifierCode","title","organisationName","email",
"datasetIdentifierCode","title","organisationName","email",
247a1d15-0a67-40ce-85be-1403c08f15a8","Nationale Parken (INSPIRE Geharmoniseerd)","no organisationName found in dataset record","[geodatabeheer.giscc@rvo.nl, geodatabeheer.giscc@rvo.nl, info@minlnv.nl, , , ]",
f99e915a-75e5-4c36-97f2-61eff692d85b","Grondwateronderzoek onder INSPIRE","[TNO Geologische Dienst Nederland, TNO Geologische Dienst Nederland, TNO Geologische Dienst Nederland]","[info@dinoloket.nl, info@dinoloket.nl, info@dinoloket.nl]",
fcefa13c-44e2-4953-b6d6-1ddceebc57fc","Vogelrichtlijn verspreiding van soorten","[Ministerie van Economische Zaken - GIS Competence Center, Wageningen Environmental Research (Alterra), PDOK, Sovon Vogelonderzoek Nederland]","[geodatabeheer.giscc@rvo.nl, GeoDesk.CGI@wur.nl, geodatabeheer.giscc@rvo.nl, beheerPDOK@kadaster.nl, ]",
3a72b9a4-cda9-11ea-87d0-0242ac130003","Grondwater Monitoring Net","[TNO Geologische Dienst Nederland, TNO Geologische Dienst Nederland, TNO Geologische Dienst Nederland]","[info@bro.nl, Info@bro.nl, info@dinoloket.nl]",
977e0e94-7aa9-4784-b2da-eaec44adb61b","Habitatrichtlijn verspreiding van habitattypen","[Ministerie van Economische Zaken - GIS Competence Center, Wageningen Environmental Research (Alterra), PDOK, Alterra]","[geodatabeheer.giscc@rvo.nl, GeoDesk.CGI@wur.nl, geodatabeheer.giscc@rvo.nl, beheerPDOK@kadaster.nl, ]",
3703b249-a0eb-484e-ba7a-10e31a55bcec","Invasieve Exoten (INSPIRE Geharmoniseerd)","Ministerie van Landbouw, Natuur en Voedselkwaliteit","[geodatabeheer.giscc@rvo.nl, Geodatabeheer.GISCC@rvo.nl]",
af0c582f-9e6b-46e6-865a-fc3a2d5289b9","Bodemgebruik","[Kadaster, Kadaster, Kadaster]","[PPB-GVA@kadaster.nl, kcc@kadaster.nl, kcc@kadaster.nl]",
9d9f1738-aced-47c9-aaa0-c62474a2dcfb","Zeegebieden","[Kadaster, Kadaster, Kadaster]","[PPB-GVA@kadaster.nl, kcc@kadaster.nl, kcc@kadaster.nl]",
3a7dd0a6-d130-4c4c-b0ba-24365cf036e2","Vervoersnetwerken - Spoorwegen (INSPIRE geharmoniseerd)","[Kadaster, Kadaster]","[PPB-GVA@kadaster.nl, kcc@kadaster.nl]",
b3f66964-a8c1-456f-9799-9cafca2cb7b1","Monitoring stations (Nitraatrichtlijn) ondiepe filters","no organisationName found in dataset record","[geodata@rivm.nl, , geodata@rivm.nl]",
a7fb2234-f7b4-4a03-b282-f10947f42fb1","Kaart van de bodemopbouw in Nederland 1:50.000 onder INSPIRE","[TNO Geologische Dienst Nederland, Alterra, Wageningen UR, TNO Geologische Dienst Nederland]","[info@dinoloket.nl, geodesk.cgi@wur.nl, info@dinoloket.nl]",
81ff84ec-42a4-4481-840b-12713bbb5d38","Geografische Namen","[Kadaster, Kadaster, Kadaster]","[PPB-GVA@kadaster.nl, kcc@kadaster.nl, kcc@kadaster.nl]",
c7662717-9e43-4367-a344-723d73abbb3e","-Gegevens boormonsterprofiel onder PDOK","[TNO Geologische Dienst Nederland, TNO Geologische Dienst Nederland]","[info@dinoloket, info@dinoloket.nl]",
28c4780a-1a44-4376-b283-14a50a481729","Habitatrichtlijn verspreiding van soorten","[Wageningen Environmental Research (Alterra), PDOK, CBS, Natuurloket, PGO's]","[geodatabeheer.giscc@rvo.nl, GeoDesk.CGI@wur.nl, geodatabeheer.giscc@rvo.nl, beheerPDOK@kadaster.nl, , , ]",
8b0b02a0-1e1b-4cda-bcfe-6fa0f738e38f","Emissies naar het riool in 2011 vanuit de industrie","no organisationName found in dataset record","[emissieregistratie@rivm.nl, , emissieregistratie@rivm.nl]",
29d5310f-dd0d-45ba-abad-b4ffc6b8785f","TOP10NL","[Kadaster, Kadaster, Kadaster, Kadaster, Kadaster, Kadaster, Kadaster, Kadaster, Kadaster]","[PPB-GVA@kadaster.nl, kcc@kadaster.nl, kcc@kadaster.nl, , , , , , ]",
791adbe3-772f-42cb-a3be-5a617bcecef0","Zeegebieden (INSPIRE geharmoniseerd)","[Kadaster, Kadaster]","[PPB-GVA@kadaster.nl, kcc@kadaster.nl]",
db8d613f-5edc-4467-9cc0-e2dcfb9d64a8","Statistical Units Grid","[Statistics Netherlands, Statistics Netherlands, Statistics Netherlandds, Statistics Netherlands]","[infoservice@cbs.nl, infoservice@cbs.nl, infoservice@cbs.nl, , ]",
2cc2c30c-91b8-412a-a060-e84d25272581","Zones en agglomeraties (Richtlijn Luchtkwaliteit) 2013","no organisationName found in dataset record","[geodata@rivm.nl, , geodata@rivm.nl]",
83dab947-387b-49df-8ad2-32bb10d46d38","Geluidkaart Schiphol 2016 (Lden)","[Ministerie van IenW, Ministerie van IenW]","[sylvia.koolmees@minienw.nl, sylvia.koolmees@minienw.nl]",
5951efa2-1ff3-4763-a966-a2f5497679ee","Vervoersnetwerken - Waterwegen (INSPIRE geharmoniseerd)","[Kadaster, Kadaster]","[PPB-GVA@kadaster.nl, kcc@kadaster.nl]",
f2f86edf-ac3a-48e8-9292-0544da2d7645","Emissies naar het riool in 2015 vanuit de industrie","no organisationName found in dataset record","[emissieregistratie@rivm.nl, , emissieregistratie@rivm.nl]",
5a1adb58-0bbe-425d-b0fe-577a6c0a4228","Actueel Hoogtebestand Nederland 1 (AHN1)","[Rijkswaterstaat, stuurgroep AHN, , Rijkswaterstaat, Rijkswaterstaat]","[servicedesk-data@rijkswaterstaat.nl, servicedesk-data@rijkswaterstaat.nl, , servicedesk-data@rijkswaterstaat.nl, servicedesk-data@rijkswaterstaat.nl]",
8de2f5eb-b09f-4f6d-8397-8878a1b86238","Geluidbelasting rijkswegen in Nederland 2011 (24-uurs gemiddelde)","[Rijkswaterstaat, Rijkswaterstaat, , Rijkswaterstaat, Rijkswaterstaat]","[servicedesk-data@rijkswaterstaat.nl, servicedesk-data@rijkswaterstaat.nl, , servicedesk-data@rijkswaterstaat.nl, servicedesk-data@rijkswaterstaat.nl]",
tbjk534p-wubf-crbp-cj25-d4161160gfim","Kaderrichtlijn Mariene Strategie - Bevroren monitoringsdata","[Rijkswaterstaat, Rijkswaterstaat, , Rijkswaterstaat, Rijkswaterstaat]","[servicedesk-data@rijkswaterstaat.nl, servicedesk-data@rijkswaterstaat.nl, , servicedesk-data@rijkswaterstaat.nl, servicedesk-data@rijkswaterstaat.nl]",
eu-cb527d-f6db-4835-b0cd-deb245241254","Vervoersnetwerken - Wegen (INSPIRE geharmoniseerd) - RWS","[Rijkswaterstaat, Rijkswaterstaat, , Beheer PDOK, Rijkswaterstaat]","[servicedesk-data@rijkswaterstaat.nl, beheerPDOK@kadaster.nl, , beheerPDOK@kadaster.nl, servicedesk-data@rijkswaterstaat.nl]",
be1b1514-8d1f-48e1-9624-fee9b784138b","Vaarwegmarkeringen Nederland","[Rijkswaterstaat, Rijkswaterstaat, , Rijkswaterstaat, Rijkswaterstaat]","[servicedesk-data@rijkswaterstaat.nl, servicedesk-data@rijkswaterstaat.nl, , servicedesk-data@rijkswaterstaat.nl, servicedesk-data@rijkswaterstaat.nl]",
cbeaebc3-815a-48af-a978-0e16892865fc","Vogelrichtlijn verspreidingsgebied van soorten","[Ministerie van Economische Zaken - GIS Competence Center, Wageningen Environmental Research (Alterra), PDOK, Sovon Vogelonderzoek Nederland]","[geodatabeheer.giscc@rvo.nl, GeoDesk.CGI@wur.nl, geodatabeheer.giscc@rvo.nl, beheerPDOK@kadaster.nl, ]",
9dd9bf30-36e6-45ae-b368-bdef2720bdde","Bodemkundig boormonsterprofiel onder INSPIRE","[TNO Geologische Dienst Nederland, Alterra, Wageningen UR, TNO Geologische Dienst Nederland]","[info@dinoloket.nl, geodesk.cgi@wur.nl, info@dinoloket.nl]",
edf79e6a-d73d-4def-8d22-0f495cc76a73","Bronbestanden waterkwaliteit","[Informatiehuis Water, Informatiehuis Water]","[servicedesk@ihw.nl, servicedesk@ihw.nl]",
3e57ce43-7707-43ed-a4b9-72b3a6d812f8","Geluidkaart hoofdspoornet 2011 (Lnight)","[Ministerie van IenW, Ministerie van IenW]","[sylvia.koolmees@minienw.nl, sylvia.koolmees@minienw.nl]",
c2225e5d-b46f-4e38-8445-ab10fd40c0dc","Blokindeling Nederlands Continentaal Plat","[Ministerie van Defensie, Koninklijke Marine, Dienst der Hydrografie, Ministerie van Defensie, Koninklijke Marine, Dienst der Hydrografie, Ministerie van Defensie, Koninklijke Marine, Dienst der Hydrografie]","[data@hydro.nl, data@hydro.nl, data@hydro.nl]",
eu-f297898-2640-44c2-bbe9-c0480da83794","Hydrografie - Netwerk (INSPIRE geharmoniseerd) - WT","[Rijkswaterstaat, Rijkswaterstaat, , Rijkswaterstaat, Wetransform]","[servicedesk-data@rijkswaterstaat.nl, servicedesk-data@rijkswaterstaat.nl, , servicedesk-data@rijkswaterstaat.nl, info@wetransform.to]",
3d59fd06-9aec-4744-91e7-65e119f74569","Mossel- en oesterhabitats","[Ministerie van Economische Zaken - GIS Competence Center, Wageningen Marine Research, PDOK]","[geodatabeheer.giscc@rvo.nl, geodatabeheer.giscc@rvo.nl, info@wur.nl, BeheerPDOK@kadaster.nl]",
c5c4a6d6-b850-473c-8ab5-af9c2c550809","Administratieve Eenheden","[Kadaster, Kadaster en Openbare Registers, Kadaster en de Openbare Registers]","[PPB-GVA@kadaster.nl, kcc@kadaster.nl, kcc@kadaster.nl]",
be6551de-a709-4c6d-a5e2-f63f0cf038ba","Amplitude van het getij op de Noordzee","[Ministerie van Defensie, Koninklijke Marine, Dienst der Hydrografie, Ministerie van Defensie, Koninklijke Marine, Dienst der Hydrografie, Ministerie van Defensie, Koninklijke Marine, Dienst der Hydrografie]","[data@hydro.nl, data@hydro.nl, data@hydro.nl, ]",
6050578f-0010-4bfa-b013-c8617b80ba62","Grondwatersamenstellinggegevens KRW meetronde 2012 onder INSPIRE","[TNO Geologische Dienst Nederland, TNO Geologische Dienst Nederland, TNO Geologische Dienst Nederland]","[info@dinoloket.nl, info@dinoloket.nl, info@dinoloket.nl]",
a29917b9-3426-4041-a11b-69bcb2256904","Kadastrale kaart v4","[Kadaster, Kadaster en Openbare Registers, Dienst voor het Kadaster en de Openbare Registers]","[PPB-GVA@kadaster.nl, kcc@kadaster.nl, kcc@kadaster.nl, , ]",
a5f961e9-ebdd-41e2-b8e8-ab33ed340a83","Adressen (INSPIRE geharmoniseerd)","[Kadaster, Kadaster]","[PPB-GVA@kadaster.nl, kcc@kadaster.nl]",
08b27bf0-e34a-4b30-9eac-5edadfb6a288","Afgevoerde hoeveelheid afval in 2015 vanuit de industrie","no organisationName found in dataset record","[emissieregistratie@rivm.nl, , emissieregistratie@rivm.nl]",
14657c9b-91e4-4355-8563-2911ad0e78e4","Vervoersnetwerken - Gemeenschappelijke elementen (INSPIRE geharmoniseerd)","[Kadaster, Kadaster]","[PPB-GVA@kadaster.nl, kcc@kadaster.nl]",
58d39928-f502-48c9-a8c1-03244dc181bf","Geluidkaart Schiphol 2016 (Lnight)","[Ministerie van IenW, Ministerie van IenW]","[sylvia.koolmees@minienw.nl, sylvia.koolmees@minienw.nl]",
25294679-adb9-4c39-a93b-6954ff9414ac","Waterstanden en afvoeren verwacht - Rijkswaterstaat","[Rijkswaterstaat, Rijkswaterstaat, , Rijkswaterstaat, Rijkswaterstaat]","[servicedesk-data@rijkswaterstaat.nl, servicedesk-data@rijkswaterstaat.nl, , servicedesk-data@rijkswaterstaat.nl, servicedesk-data@rijkswaterstaat.nl]",
d6b85d84-cdb9-4a6e-b799-cf8826e22a94","Ligging industrie en CO2 emissies","Ministerie van Economische Zaken - GIS Competence Center","[geodatabeheer.giscc@rvo.nl, geodatabeheer.giscc@rvo.nl]",
b4ae622c-6201-49d8-bd2e-f7fce9206a1e","Gebouwen (INSPIRE geharmoniseerd)","[Kadaster, Kadaster]","[PPB-GVA@kadaster.nl, kcc@kadaster.nl]",
e80ad426-1392-4349-9f80-14dae5f1bf57","Kadastrale Percelen (INSPIRE geharmoniseerd)","[Kadaster, Kadaster]","[PPB-GVA@kadaster.nl, kcc@kadaster.nl, , ]",
74aca3eb-c38b-4214-9537-e0abc69e11b5","Luchtfoto 2017 25cm RGB open data","[Kadaster, Het Waterschapshuis, Kadaster, Eurosense, Eurosense, Eurosense, Kadaster, Kadaster]","[PPB-GVA@kadaster.nl, info@hetwaterschapshuis.nl, kcc@kadaster.nl, , , , , , ]",
ed960299-a147-4c1a-bc57-41ff83a2264f","Bodemkaart50000_versie2014","[Wageningen Environmental Research, Wageningen Environmental Research (Alterra), Wageningen Environmental Research, Wageningen Environmental Research (Alterra), ALTERRA en voorafgaande instituten, ALTERRA en voorafgaande instituten, Alterra, Alterra, Alterra Wageningen UR, Alterra]","[fokke.brouwer@wur.nl, GeoDesk@wur.nl, fokke.brouwer@wur.nl, GeoDesk@wur.nl]",
d9baa847-4652-4588-abe1-0b050f40f27f","Ziekenhuizen in Nederland (september 2013)","no organisationName found in dataset record","[atlas@rivm.nl, , geodata@rivm.nl]",
12bb57cd-73e0-41ba-a1e9-6d986b9109d3","Human Health NL NUTS2","[Statistics Netherlands, Statistics Netherlands, Statistics Netherlandds, Statistics Netherlands]","[infoservice@cbs.nl, infoservice@cbs.nl, infoservice@cbs.nl, , ]",
76541ebb-a554-4540-a017-399d4bb4a860","Population Distribution NL","[Statistics Netherlands, Statistics Netherlands, Statistics Netherlandds, Statistics Netherlands]","[infoservice@cbs.nl, infoservice@cbs.nl, infoservice@cbs.nl, , ]",
fe0e1e5f-512f-4bb1-bbf8-4028d3dfa24f","Schelpdierpercelen","[Ministerie van Economische Zaken - GIS Competence Center, PDOK]","[geodatabeheer.giscc@rvo.nl, geodatabeheer.giscc@rvo.nl, BeheerPDOK@kadaster.nl]",
d24ccb35-e9d2-41bf-b231-43083fc0c76d","LCP emissies (Richtlijn Industriële emissies) 2016","no organisationName found in dataset record","[emissieregistratie@rivm.nl, , emissieregistratie@rivm.nl]",
36a7e8cb-8300-4602-93d2-135943365a6f","Monitoring stations (Nitraatrichtlijn) diepe filters","no organisationName found in dataset record","[geodata@rivm.nl, , geodata@rivm.nl]",
adn73c4a-ef03-4785-b7f6-942e86b385f5","Bathymetrie Nederland - kust","[Rijkswaterstaat, Rijkswaterstaat, , Rijkswaterstaat, Rijkswaterstaat]","[servicedesk-data@rijkswaterstaat.nl, servicedesk-data@rijkswaterstaat.nl, , servicedesk-data@rijkswaterstaat.nl, servicedesk-data@rijkswaterstaat.nl]",
f273941e-9c3b-43bc-b886-2d50d0bf9348","Habitatrichtlijn verspreidingsgebied van soorten","[Ministerie van Economische Zaken - GIS Competence Center, Wageningen Environmental Research (Alterra), PDOK, CBS, Natuurloket, pgo's]","[geodatabeheer.giscc@rvo.nl, GeoDesk.CGI@wur.nl, geodatabeheer.giscc@rvo.nl, beheerPDOK@kadaster.nl, , , ]",
9986a7ef-e5e2-4a7a-9018-2e1f9631ba8c","Zwemwater (provinciaal en Rijkswateren) uit {Zwemwaterregister}","[Interprovinciaal Overleg, Interprovinciaal Overleg, Interprovinciaal Overleg]","[inspire@gbo-provincies.nl, inspire@gbo-provincies.nl, inspire@gbo-provincies.nl]",
34e6165f-1269-48d1-b255-0f05d163d692","Geluidszones rondom bedrijventerreinen zowel provinciaal als gemeentelijk","[Interprovinciaal Overleg, Interprovinciaal Overleg, Interprovinciaal Overleg]","[inspire@gbo-provincies.nl, inspire@gbo-provincies.nl, inspire@gbo-provincies.nl]",
41023936-009d-48ec-a90d-c966895463c1","Geluidszones rondom vliegvelden","[Interprovinciaal Overleg, Interprovinciaal Overleg, Interprovinciaal Overleg]","[inspire@gbo-provincies.nl, inspire@gbo-provincies.nl, inspire@gbo-provincies.nl]",
ffefc3dc-dc8f-4589-ae22-a60bebcdf5cb","Wijk- en Buurtkaart 2018 versie 2","[Centraal Bureau voor de Statistiek, Centraal Bureau voor de Statistiek, Centraal Bureau voor de Statistiek, Kadaster]","[infoservice@cbs.nl, infoservice@cbs.nl, infoservice@cbs.nl, , ]",
eu-2c7040b-c448-451b-bf15-f2416ecaadd1","Vervoersnetwerken - Waterwegen (INSPIRE geharmoniseerd) - WT","[Rijkswaterstaat, Rijkswaterstaat, , Rijkswaterstaat, Wetransform]","[servicedesk-data@rijkswaterstaat.nl, servicedesk-data@rijkswaterstaat.nl, , servicedesk-data@rijkswaterstaat.nl, info@wetransform.to]",
6318009c-7b11-4ab9-9929-735584dfb692","Land Use 2015","[Statistics Netherlands, Statistics Netherlands, PDOK]","[infoservice@cbs.nl, infoservice@cbs.nl, , , ]",
2daad588-11ef-47de-9832-6fe2c3b93e6d","Overstromingsrisicokaarten","[Interprovinciaal Overleg, Interprovinciaal Overleg, Interprovinciaal Overleg]","[inspire@gbo-provincies.nl, inspire@gbo-provincies.nl, inspire@gbo-provincies.nl]",
bc2c53f6-c908-4d7c-a6c0-78d9a2855640","Overstromingsgevaarkaarten","[Interprovinciaal Overleg, Interprovinciaal Overleg, Interprovinciaal Overleg]","[inspire@gbo-provincies.nl, inspire@gbo-provincies.nl, inspire@gbo-provincies.nl]",
wt-f5eb-b09f-4f6d-8397-8878a1b86238","Menselijke gezondheid en veiligheid - geluidbelasting rijkswegen 2011 (INSPIRE geharmoniseerd)","[Rijkswaterstaat, Rijkswaterstaat, , Rijkswaterstaat, Wetransform]","[servicedesk-data@rijkswaterstaat.nl, servicedesk-data@rijkswaterstaat.nl, , servicedesk-data@rijkswaterstaat.nl, info@wetransform.to]",
wt-3730-e750-485a-9c0c-39bf9be72cf9","Menselijke gezondheid en veiligheid -  geluidbelasting rijkswegen 2006 (INSPIRE geharmoniseerd)","[Rijkswaterstaat, Rijkswaterstaat, , Rijkswaterstaat, Wetransform]","[servicedesk-data@rijkswaterstaat.nl, servicedesk-data@rijkswaterstaat.nl, , servicedesk-data@rijkswaterstaat.nl, info@wetransform.to]",
998ba1dc-f6a6-49a3-a021-51f30d9b1d0e","Wet Ammoniak en Veehouderij gebieden","[Interprovinciaal Overleg, Interprovinciaal Overleg, Interprovinciaal Overleg]","[inspire@gbo-provincies.nl, inspire@gbo-provincies.nl, inspire@gbo-provincies.nl]",
c7d8d77b-8c47-4309-8c58-9b12b086407f","Natuurnetwerk Nederland","[Interprovinciaal Overleg, Interprovinciaal Overleg, Interprovinciaal Overleg]","[inspire@gbo-provincies.nl, inspire@gbo-provincies.nl, inspire@gbo-provincies.nl]",
krw2006-68b5-4ff3-94a4-9c24109ffd5e","Kaderrichtlijn Water - Oppervlaktewaterlichamen Nederland EU2009 vlakken","[Rijkswaterstaat, Rijkswaterstaat, , Rijkswaterstaat, Rijkswaterstaat]","[servicedesk-data@rijkswaterstaat.nl, servicedesk-data@rijkswaterstaat.nl, , servicedesk-data@rijkswaterstaat.nl, servicedesk-data@rijkswaterstaat.nl]",
710c381c-ab2d-45d5-a45d-af2eba811e5f","Nationaal Hydrologisch Instrumentarium (NHI) - netwerkschematisatie","[Rijkswaterstaat, Rijkswaterstaat, , Rijkswaterstaat, Rijkswaterstaat]","[servicedesk-data@rijkswaterstaat.nl, servicedesk-data@rijkswaterstaat.nl, , servicedesk-data@rijkswaterstaat.nl, servicedesk-data@rijkswaterstaat.nl]",
cc408b2d-09a6-4b2b-9aa3-b46bfe2f00a5","Stiltegebieden","[Interprovinciaal Overleg, Interprovinciaal Overleg, Interprovinciaal Overleg]","[inspire@gbo-provincies.nl, inspire@gbo-provincies.nl, inspire@gbo-provincies.nl]",
f0821bfe-5a0a-11e9-8647-d663bd873d93","NB-wetgebieden buiten Natura 2000","[Interprovinciaal Overleg, Interprovinciaal Overleg, Interprovinciaal Overleg]","[inspire@gbo-provincies.nl, inspire@gbo-provincies.nl, inspire@gbo-provincies.nl]",
110f9ec6-4464-462e-9765-83d90cefbeab","Kaderrichtlijn Water - Stroomgebieddistricten Nederland EU2015","[Informatiehuis Water, Informatiehuis Water, , Rijkswaterstaat, Rijkswaterstaat]","[servicedesk@ihw.nl, servicedesk-data@rijkswaterstaat.nl, , servicedesk-data@rijkswaterstaat.nl, servicedesk-data@rijkswaterstaat.nl]",
2e31680f-68b5-4ff3-94a4-9c24109ffd5e","Kaderrichtlijn Water - Oppervlaktewaterlichamen Nederland 2019 vlakken","[Rijkswaterstaat, Rijkswaterstaat, , Rijkswaterstaat, Rijkswaterstaat]","[servicedesk-data@rijkswaterstaat.nl, servicedesk-data@rijkswaterstaat.nl, , servicedesk-data@rijkswaterstaat.nl, servicedesk-data@rijkswaterstaat.nl]",
622a632a-c57b-44a2-83a4-e51223d5f15g","Kaderrichtlijn Water - Oppervlaktewaterlichamen Nederland 2019 lijnen","[Rijkswaterstaat, Rijkswaterstaat, , Rijkswaterstaat, Rijkswaterstaat]","[servicedesk-data@rijkswaterstaat.nl, servicedesk-data@rijkswaterstaat.nl, , servicedesk-data@rijkswaterstaat.nl, servicedesk-data@rijkswaterstaat.nl]",
krw-f7bb2351-9788-42ea-a58b-a5ee1842304e","Kaderrichtlijn Water - Stroomgebieddistricten Nederland 2019 vlakken","[Rijkswaterstaat, Rijkswaterstaat, , Rijkswaterstaat, Rijkswaterstaat]","[servicedesk-data@rijkswaterstaat.nl, servicedesk-data@rijkswaterstaat.nl, , servicedesk-data@rijkswaterstaat.nl, servicedesk-data@rijkswaterstaat.nl]",
a1960e70-22f4-4fd9-91a8-b605c6ceda3e","Kaderrichtlijn Water - Oppervlaktewaterlichamen Nederland EU2015 riviernetwerk","[Informatiehuis Water, Informatiehuis Water, , Rijkswaterstaat, Rijkswaterstaat]","[servicedesk@ihw.nl, servicedesk@ihw.nl, , servicedesk-data@rijkswaterstaat.nl, servicedesk-data@rijkswaterstaat.nl]",
110f9ec6-4464-462e-9765-83d90cefbeag","Kaderrichtlijn Water - Oppervlaktewaterlichamen Nederland EU2015 lijnen","[Informatiehuis Water, Informatiehuis Water, , Rijkswaterstaat, Informatiehuis Water]","[servicedesk@ihw.nl, servicedesk@ihw.nl, , servicedesk-data@rijkswaterstaat.nl, servicedesk@ihw.nl]",
krw2006-c57b-44a2-83a4-e51223d5f15g","Kaderrichtlijn Water - Oppervlaktewaterlichamen Nederland EU2009 lijnen","[Rijkswaterstaat, Rijkswaterstaat, , Rijkswaterstaat, Rijkswaterstaat]","[servicedesk-data@rijkswaterstaat.nl, servicedesk-data@rijkswaterstaat.nl, , servicedesk-data@rijkswaterstaat.nl, servicedesk-data@rijkswaterstaat.nl]",
110f9ec6-4464-462e-9765-83d90cefbeac","Kaderrichtlijn Water - Deelstroomgebieden Nederland EU2015","[Informatiehuis Water, Informatiehuis Water, , Rijkswaterstaat, Rijkswaterstaat]","[servicedesk@ihw.nl, servicedesk@ihw.nl, , servicedesk-data@rijkswaterstaat.nl, servicedesk-data@rijkswaterstaat.nl]",
891ddc2d-8949-4a45-be96-c65b87c41f13","Kaderrichtlijn Water - Monitoringlocaties Nederland EU2015","[Informatiehuis Water, Informatiehuis Water, , Rijkswaterstaat, Rijkswaterstaat]","[servicedesk@ihw.nl, servicedesk-data@rijkswaterstaat.nl, , servicedesk-data@rijkswaterstaat.nl, servicedesk-data@rijkswaterstaat.nl]",
26103042-50a1-4ee5-9c5b-857a2f8b7680","Wijk- en Buurtkaart 2017 versie 3","[Centraal Bureau voor de Statistiek, Centraal Bureau voor de Statistiek, Centraal Bureau voor de Statistiek, Kadaster]","[infoservice@cbs.nl, infoservice@cbs.nl, infoservice@cbs.nl, , ]",
a9b7026e-0a81-4813-93bd-ba49e6f28502","NWB - Wegen","[Rijkswaterstaat, Rijkswaterstaat, , Rijkswaterstaat, Rijkswaterstaat]","[servicedesk-data@rijkswaterstaat.nl, servicedesk-data@rijkswaterstaat.nl, , servicedesk-data@rijkswaterstaat.nl, servicedesk-data@rws.n]",
f605a24f-60cd-4c40-94c8-2186aba3ddd0","CBS Vierkantstatistieken 500m","[Centraal Bureau voor de Statistiek, Centraal Bureau voor de Statistiek, Centraal Bureau voor de Statistiek, Centraal Bureau voor de Statistiek]","[infoservice@cbs.nl, infoservice@cbs.nl, infoservice@cbs.nl, ]",
6cde2ce7-3ecd-4785-b7b8-d62c3381efe9","Wijk- en Buurtkaart 2016 versie 3","[Centraal Bureau voor de Statistiek, Centraal Bureau voor de Statistiek, Centraal Bureau voor de Statistiek, Kadaster]","[infoservice@cbs.nl, infoservice@cbs.nl, infoservice@cbs.nl, , ]",
4cda487b-c467-490c-a843-6563fec016be","Aansluitende zone volgens UNCLOS - Noordzee","[Ministerie van Defensie, Koninklijke Marine, Dienst der Hydrografie, Ministerie van Defensie, Koninklijke Marine, Dienst der Hydrografie, Ministerie van Defensie, Koninklijke Marine, Dienst der Hydrografie]","[data@hydro.nl, data@hydro.nl, data@hydro.nl, , ]",
ror-9d8e-4758-83fx-28b057f185e1","Richtlijn Overstromingsrisico - gebieden met Potentieel Significant Overstromingsrisico EU2018 vlakken","[Rijkswaterstaat, Rijkswaterstaat, , Rijkswaterstaat, Rijkswaterstaat]","[servicedesk-data@rijkswaterstaat.nl, servicedesk-data@rijkswaterstaat.nl, , servicedesk-data@rijkswaterstaat.nl, servicedesk-data@rijkswaterstaat.nl]",
ror-9d8e-4758-83fx-28b057f185f1","Richtlijn Overstromingsrisico - historische overstromingen EU2018","[Rijkswaterstaat, Rijkswaterstaat, , Rijkswaterstaat, Rijkswaterstaat]","[servicedesk-data@rijkswaterstaat.nl, servicedesk-data@rijkswaterstaat.nl, , servicedesk-data@rijkswaterstaat.nl, servicedesk-data@rijkswaterstaat.nl]",
uwwtd-9d8e-4758-83fa-28b057f185e3","Richtlijn Stedelijk Afvalwater - rioolwaterzuiveringsinstallaties Nederland EU2015","[Rijkswaterstaat, Rijkswaterstaat, , Rijkswaterstaat, Rijkswaterstaat]","[servicedesk-data@rijkswaterstaat.nl, servicedesk-data@rijkswaterstaat.nl, , servicedesk-data@rijkswaterstaat.nl, servicedesk-data@rijkswaterstaat.nl]",
uwwtd-9d8e-4758-83fa-28b057f185e1","Richtlijn Stedelijk Afvalwater - agglomeraties Nederland EU2015","[Rijkswaterstaat, Rijkswaterstaat, , Rijkswaterstaat, Rijkswaterstaat]","[servicedesk-data@rijkswaterstaat.nl, servicedesk-data@rijkswaterstaat.nl, , servicedesk-data@rijkswaterstaat.nl, servicedesk-data@rijkswaterstaat.nl]",
76091be7-358a-4a44-8182-b4139c96c6a4","Adressen","[Kadaster, Kadaster, Kadaster]","[PPB-GVA@kadaster.nl, kcc@kadaster.nl, kcc@kadaster.nl]",
0558a41c-b09a-47fa-b8db-9de6bfe4f494","Gebouwen","[Kadaster, Kadaster, Kadaster]","[PPB-GVA@kadaster.nl, kcc@kadaster.nl, kcc@kadaster.nl]",
1c3afc74-cc34-44b7-938a-963e2350795a","Hydrografie - Physical Waters (INSPIRE geharmoniseerd)","[Kadaster, Kadaster]","[PPB-GVA@kadaster.nl, kcc@kadaster.nl]",
c935f2ab-9b65-4dc4-94a0-73aeb840a941","Overheidsdiensten","[Kamer van Koophandel, Kamer van Koophandel]","[erik.simonse@kvk.nl, erik.simonse@kvk.nl]",
4783ea4f-6b8c-4600-8af0-516f3556cfe9","Kaderrichtlijn Water - Register Beschermd Gebied - Schelpdierwater 2008","[Rijkswaterstaat, Rijkswaterstaat, , Rijkswaterstaat, Rijkswaterstaat]","[servicedesk-data@rijkswaterstaat.nl, servicedesk-data@rijkswaterstaat.nl, , servicedesk-data@rijkswaterstaat.nl, servicedesk-data@rijkswaterstaat.nl]",
7c24ea89-074e-4c4f-91e3-d38e813e9cb6","Luchtfoto 2017 25cm CIR open data","[Kadaster, Het Waterschapshuis, Kadaster, Eurosense, Eurosense, Eurosense, Kadaster, Kadaster]","[PPB-GVA@kadaster.nl, info@hetwaterschapshuis.nl, kcc@kadaster.nl, , , , , , ]",
80630ee7-3a15-4ea0-bdc0-a8aebfa2f204","Oppervlaktegeologie, Geologische kaart onder INSPIRE","[TNO Geologische Dienst Nederland, TNO Geologische Dienst Nederland, TNO Geologische Dienst Nederland]","[info@dinoloket.nl, info@dinoloket.nl, info@dinoloket.nl]",
2d3dd6d2-2d2b-4b5f-9e30-86e19ed77a56","Bestand Bodemgebruik 2015","[Centraal Bureau voor de Statistiek, Centraal Bureau voor de Statistiek, PDOK]","[infoservice@cbs.nl, infoservice@cbs.nl, , , ]",
1249746f-c2a6-4639-98f2-251676b3528e","Maritieme grenzen - basislijn Noordzee","[Ministerie van Defensie, Koninklijke Marine, Dienst der Hydrografie, Ministerie van Defensie, Koninklijke Marine, Dienst der Hydrografie, Ministerie van Defensie, Koninklijke Marine, Dienst der Hydrografie]","[data@hydro.nl, data@hydro.nl, data@hydro.nl]",
f1d27179-36eb-4376-8048-f51d2eb23a09","Nederlands deel PSSA Waddenzee","[Ministerie van Defensie, Koninklijke Marine, Dienst der Hydrografie, Ministerie van Defensie, Koninklijke Marine, Dienst der Hydrografie, Ministerie van Defensie, Koninklijke Marine, Dienst der Hydrografie]","[data@hydro.nl, data@hydro.nl, data@hydro.nl, , ]",
5b274449-b6c2-4672-a32f-e0bd40975a53","Luchtfoto 2018 25cm RGB open data","[Kadaster, Het Waterschapshuis, Kadaster, Eurosense, Eurosense, Eurosense, Kadaster, Kadaster]","[PPB-GVA@kadaster.nl, info@hetwaterschapshuis.nl, kcc@kadaster.nl, , , , , , ]",
krw-782cab20-8328-45f1-a9b2-c27d07c14066","Kaderrichtlijn Water - Deelstroomgebieden Nederland 2019 vlakken","[Rijkswaterstaat, Rijkswaterstaat, , Rijkswaterstaat, Rijkswaterstaat]","[servicedesk-data@rijkswaterstaat.nl, servicedesk-data@rijkswaterstaat.nl, , servicedesk-data@rijkswaterstaat.nl, servicedesk-data@rijkswaterstaat.nl]",
e536d943-ecff-4d7a-9500-cc31a263a6af","Publiekrechtelijke beperkingen","[Kadaster, Kadaster]","[PPB-GVA@kadaster.nl, kcc@kadaster.nl]",
4617f0e0-6af4-4ac0-9044-31df9d03071c","Gebieden in de territoriale zee","[Ministerie van Defensie, Koninklijke Marine, Dienst der Hydrografie, Ministerie van Defensie, Koninklijke Marine, Dienst der Hydrografie, Ministerie van Defensie, Koninklijke Marine, Dienst der Hydrografie]","[data@hydro.nl, data@hydro.nl, data@hydro.nl, , ]",
0f128799-cf18-4b37-a721-e62b068191f5","Gebiedsbeheer, gebieden waar beperkingen gelden, gereguleerde gebieden en rapportage-eenheden - Provincies (INSPIRE geharmoniseerd)","[Interprovinciaal Overleg, Interprovinciaal Overleg, Interprovinciaal Overleg]","[inspire@gbo-provincies.nl, inspire@gbo-provincies.nl, inspire@gbo-provincies.nl]",
ca94a0cb-7561-4a10-a7d6-b840e56c33ff","Provinciale monumenten","[Interprovinciaal Overleg, Interprovinciaal Overleg, Interprovinciaal Overleg]","[inspire@gbo-provincies.nl, inspire@gbo-provincies.nl, inspire@gbo-provincies.nl]",
380aa01e-dce7-11e3-9f07-901b0e19e163","Netwerk van KNMI waarneemstations","[Koninklijk Nederlands Meteorologisch Instituut (KNMI), Koninklijk Nederlands Meteorologisch Instituut (KNMI), Koninklijk Nederlands Meteorologisch Instituut (KNMI)]","[datacentrum@knmi.nl, datacentrum@knmi.nl, datacentrum@knmi.nl]",
f002bfc5-7d87-46b6-819e-8415422b65c9","Aardkundige waarden","[Interprovinciaal Overleg, Interprovinciaal Overleg, Interprovinciaal Overleg]","[inspire@gbo-provincies.nl, inspire@gbo-provincies.nl, inspire@gbo-provincies.nl]",
e3b0da1e-0664-4025-b3f5-a54d74a26450","zoutvelden en zoutproductieputten onder INSPIRE","[TNO Geologische Dienst Nederland, TNO Geologische Dienst Nederland, TNO Geologische Dienst Nederland]","[info@dinoloket.nl, info@dinoloket.nl, info@dinoloket.nl]",
dc5b522e-3e14-4738-9e8e-2401e1b19ef2","Potentieel koude en warmte uit open en gesloten WKO systemen (GJ/ha.jaar)","[Ministerie van Economische Zaken - GIS Competence Center, Ministerie van Economische Zaken - GIS Competence Center]","[geodatabeheer.giscc@rvo.nl, geodatabeheer.giscc@rvo.nl, geodatabeheer.giscc@rvo.nl]",
88a3c1ae-902e-4efa-8663-ddd836101929","Werelderfgoed","[Rijksdienst voor het Cultureel Erfgoed, Rijksdienst voor het Cultureel Erfgoed, Rijksdienst voor het Cultureel Erfgoed]","[info@cultureelerfgoed.nl, info@cultureelerfgoed.nl, info@cultureelerfgoed.nl]",
4b282988-cb91-4bbc-b147-f653014917cb","Hydrografie","[Kadaster, Kadaster, Kadaster]","[PPB-GVA@kadaster.nl, kcc@kadaster.nl, kcc@kadaster.nl]",
50a2c5e6-c8e7-425d-854e-26f578196bc9","Afgevoerde hoeveelheid afval in 2011 vanuit de industrie","no organisationName found in dataset record","[emissieregistratie@rivm.nl, , emissieregistratie@rivm.nl]",
64ff8561-5c56-4cc1-ae0e-94366fb70b7e","Luchtfoto 2019 25cm RGB open data","[Kadaster, Het Waterschapshuis, Kadaster, Geocart, Geocart, Geocart, Kadaster, Kadaster]","[PPB-GVA@kadaster.nl, info@hetwaterschapshuis.nl, kcc@kadaster.nl, , , , , , ]",
df15af6e-0d21-4437-a69f-802be3479bba","Luchtfoto 2016 25cm RGB open data","[Kadaster, Het Waterschapshuis, Kadaster, Eurosense, Eurosense, Eurosense, Kadaster, Kadaster]","[PPB-GVA@kadaster.nl, info@hetwaterschapshuis.nl, kcc@kadaster.nl, , , , , , ]",
10d1153e-778f-4995-9b6c-7c69b196cccb","Statistical Units Vector","[Statistics Netherlands, Statistics Netherlands, Statistics Netherlandds, Statistics Netherlands]","[infoservice@cbs.nl, infoservice@cbs.nl, infoservice@cbs.nl, , ]",
3eebf700-5abf-42e4-826c-03cfb497e366","Vervoersnetwerken","[Kadaster, Kadaster, Kadaster]","[PPB-GVA@kadaster.nl, kcc@kadaster.nl, kcc@kadaster.nl]",
11a292bd-9022-4a9f-b1bf-02f5c89ad74a","Totale potentie aardwarmte uit aquifers, INSPIRE","[TNO Geologische Dienst Nederland, TNO Geologische Dienst Nederland, TNO Geologische Dienst Nederland]","[info@dinoloket.nl, info@dinoloket.nl, info@dinoloket.nl]",
6c06740d-058f-4a12-bb3f-bf68efd03d09","Vervoersnetwerken - Kabelbanen (INSPIRE geharmoniseerd)","[Kadaster, Kadaster]","[PPB-GVA@kadaster.nl, kcc@kadaster.nl]",
7dd1fd45-ace5-41e0-93a6-64e3be231717","Administratieve Eenheden (INSPIRE geharmoniseerd)","[Kadaster, Kadaster]","[PPB-GVA@kadaster.nl, kcc@kadaster.nl]",
844404a2-9cd0-452e-b29a-74588777485a","Geluidkaart hoofdspoornet 2011 (Lden)","[Ministerie van IenW, Ministerie van IenW]","[sylvia.koolmees@minienw.nl, sylvia.koolmees@minienw.nl]",
8a4f5c3b-aced-48fd-afb5-f1f1d0ef21d6","Omgevingsdosisequivalenttempo Nationaal Meetnet Radioactiviteit 2011","no organisationName found in dataset record","[geodata@rivm.nl, , geodata@rivm.nl]",
ad6caa40-89ab-47e3-85ab-3f8e32024a71","Emissies naar lucht en water in 2011 vanuit de industrie","no organisationName found in dataset record","[emissieregistratie@rivm.nl, , emissieregistratie@rivm.nl]",
110f9ec6-4464-462e-9765-83d90cefbead","Kaderrichtlijn Water - Oppervlaktewaterlichamen Nederland EU2015 vlakken","[Informatiehuis Water, Informatiehuis Water, , Rijkswaterstaat, Informatiehuis Water]","[servicedesk@ihw.nl, servicedesk-data@rijkswaterstaat.nl, , servicedesk-data@rijkswaterstaat.nl, servicedesk@ihw.nl]",
af135cd8-d429-4fc7-b9e3-09e15217520d","Gemeten fijnere fractie van Fijn stof concentraties in buitenlucht.","no organisationName found in dataset record","[geodata@rivm.nl, geodata@rivm.nl]",
a04afee4-47d5-45b7-b7a0-a6f86106af11","Mosselzaadinvanginstallaties","no organisationName found in dataset record","[geodatabeheer.giscc@rvo.nl, VR@minez.nl, geodatabeheer.giscc@rvo.nl, beheer@pdok.nl]",
d3c9efd6-fca7-49d6-92bb-5f507abece90","Gemeten Ammoniak concentraties in buitenlucht.","no organisationName found in dataset record","[geodata@rivm.nl, geodata@rivm.nl]",
b3ec8793-7747-4da0-b6c3-aa384446a586","Gemeten Fijn stof concentraties in buitenlucht.","no organisationName found in dataset record","[geodata@rivm.nl, geodata@rivm.nl]",
500d396f-5ec6-4e4b-a151-5fb3cddd8082","Gemeten Zwaveldioxide concentraties in buitenlucht.","no organisationName found in dataset record","[geodata@rivm.nl, geodata@rivm.nl]",
733559a5-201d-40e5-ad43-d1c7bae84d9f","Gemeten Stikstofdioxide concentraties in buitenlucht.","RIVM","[geodata@rivm.nl, geodata@rivm.nl]",
e8b84fae-00b3-49c1-80c1-df8f69f64e8c","EEZ volgens UNCLOS - Noordzee","[Ministerie van Defensie, Koninklijke Marine, Dienst der Hydrografie, Ministerie van Defensie, Koninklijke Marine, Dienst der Hydrografie, Ministerie van Defensie, Koninklijke Marine, Dienst der Hydrografie]","[data@hydro.nl, data@hydro.nl, data@hydro.nl, , ]",
bb11be63-bd38-4632-bf54-df44c423a529","Territoriale Zee volgens UNCLOS - Noordzee","[Ministerie van Defensie, Koninklijke Marine, Dienst der Hydrografie, Ministerie van Defensie, Koninklijke Marine, Dienst der Hydrografie, Ministerie van Defensie, Koninklijke Marine, Dienst der Hydrografie]","[data@hydro.nl, data@hydro.nl, data@hydro.nl, , ]",
krm-a905-9d8e-4758-83fa-28b057f185e3","Kaderrichtlijn Mariene Strategie - Rapportage eenheden Nederland EU2018","[Rijkswaterstaat, Rijkswaterstaat, , Rijkswaterstaat, Rijkswaterstaat]","[servicedesk-data@rijkswaterstaat.nl, servicedesk-data@rijkswaterstaat.nl, , servicedesk-data@rijkswaterstaat.nl, servicedesk-data@rijkswaterstaat.nl]",
krm-a905-9d8e-4758-83fa-28b057f185e4","Kaderrichtlijn Mariene Strategie - Mariene wateren Nederland EU2018","[Rijkswaterstaat, Rijkswaterstaat, , Rijkswaterstaat, Rijkswaterstaat]","[servicedesk-data@rijkswaterstaat.nl, servicedesk-data@rijkswaterstaat.nl, , servicedesk-data@rijkswaterstaat.nl, servicedesk-data@rijkswaterstaat.nl]",
24de356e-ec4d-4a18-9903-6401d222b77c","Vergunningen Mijnbouwwet onder INSPIRE","[TNO Geologische Dienst Nederland, TNO Geologische Dienst Nederland, TNO Geologische Dienst Nederland]","[info@dinoloket.nl, info@dinoloket.nl, info@dinoloket.nl]",
e1e99000-ec47-4e9f-84a5-adad24fef0dc","Natuurlijke alfa activiteitsconcentratie in lucht Nationaal Meetnet Radioactiviteit 2011","no organisationName found in dataset record","[geodata@rivm.nl, , geodata@rivm.nl]",
49ab8bee-b467-486a-96ca-b950443c453a","Beschermde gebieden - Provincies (INSPIRE geharmoniseerd)","[Interprovinciaal Overleg, Interprovinciaal Overleg, Interprovinciaal Overleg]","[inspire@gbo-provincies.nl, inspire@gbo-provincies.nl, inspire@gbo-provincies.nl]",
19165027-a13a-4c19-9013-ec1fd191019d","Wetlands (RAMSAR) (INSPIRE Geharmoniseerd)","[, ]","[geodatabeheer.giscc@rvo.nl, geodatabeheer.giscc@rvo.nl, geodatabeheer.giscc@rvo.nl, GeoDesk.CGI@wur.nl, beheer@pdok.nl, , ]",
f91c6ad6-62a5-46d0-8a5b-8a62e7a4b833","Gemeten Stikstofmonoxide concentraties in buitenlucht.","no organisationName found in dataset record","[geodata@rivm.nl, geodata@rivm.nl]",
32a21114-8694-40ce-ab76-9dcd885c7861","Kwaliteit van drinkwater in Nederland (2012)","[RIVM, ]","[geodata@rivm.nl, , geodata@rivm.nl]",
73ec579e-c906-433a-b0b6-d3aa33421558","Luchtvaartinformatie","[Luchtverkeersleiding Nederland (LVNL), Luchtverkeersleiding Nederland (LVNL)]","[AIS@LVNL.NL, AIS@LVNL.nl]",
c3c004ad-5387-4b00-a225-9afbcaa5d31b","Geluidkaart hoofdspoornet 2016 (Lden)","[Ministerie van IenW, Ministerie van IenW]","[sylvia.koolmees@minienw.nl, sylvia.koolmees@minienw.nl]",
5c37d29a-006d-4136-8989-adfc35a1d4a7","Wijk- en Buurtkaart 2019 versie 1","[Centraal Bureau voor de Statistiek, Centraal Bureau voor de Statistiek, Centraal Bureau voor de Statistiek, Kadaster]","[infoservice@cbs.nl, infoservice@cbs.nl, infoservice@cbs.nl, , ]",
d8f370e8-123c-4ab3-9410-04f728327ac6","Gemeten Ozon concentraties in buitenlucht.","no organisationName found in dataset record","[geodata@rivm.nl, geodata@rivm.nl]",
4e2ef670-cddd-11dd-ad8b-0800200c9a66","Stads- en Dorpsgezichten","[Rijksdienst voor het Cultureel Erfgoed, Rijksdienst voor het Cultureel Erfgoed, Rijksdienst voor het Cultureel Erfgoed]","[info@cultureelerfgoed.nl, info@cultureelerfgoed.nl, info@cultureelerfgoed.nl]",
64c987ec-dce6-11e3-8563-901b0e19e163","Actuele synoptische weerwaarnemingen KNMI Nederland per 10 minuten (24 uur)","[Koninklijk Nederlands Meteorologisch Instituut (KNMI), Koninklijk Nederlands Meteorologisch Instituut (KNMI), Koninklijk Nederlands Meteorologisch Instituut (KNMI)]","[datacentrum@knmi.nl, datacentrum@knmi.nl, datacentrum@knmi.nl]",
f5f68d51-2ca4-4897-8227-d3938b2b0a7e","Afvalinrichtingen inclusief nucleaire inrichtingen","[Interprovinciaal Overleg, Interprovinciaal Overleg, Interprovinciaal Overleg]","[inspire@gbo-provincies.nl, inspire@gbo-provincies.nl, inspire@gbo-provincies.nl]",
daa63e4c-dce6-11e3-991e-901b0e19e163","Gecontroleerde klimatologische daggegevens KNMI Nederland","[Koninklijk Nederlands Meteorologisch Instituut (KNMI), Koninklijk Nederlands Meteorologisch Instituut (KNMI), Koninklijk Nederlands Meteorologisch Instituut (KNMI)]","[datacentrum@knmi.nl, datacentrum@knmi.nl, datacentrum@knmi.nl]",
b59f06c0-dce5-11e3-9c10-901b0e19e163","Aardbevingen Nederland (KNMI)","[Koninklijk Nederlands Meteorologisch Instituut (KNMI), Koninklijk Nederlands Meteorologisch Instituut (KNMI), Koninklijk Nederlands Meteorologisch Instituut (KNMI)]","[datacentrum@knmi.nl, datacentrum@knmi.nl, datacentrum@knmi.nl]",
31de946d-85d4-4c93-bb97-e25f4ef1401a","Vervoersnetwerken - Luchttransport (INSPIRE geharmoniseerd)","[Kadaster, Kadaster]","[PPB-GVA@kadaster.nl, kcc@kadaster.nl]",
6f84efeb-fc1d-4565-a721-80735ea57dbd","Rijksmonumenten (verouderd)","[Rijksdienst voor het Cultureel Erfgoed, Rijksdienst voor het Cultureel Erfgoed]","[info@cultureelerfgoed.nl, info@cultureelerfgoed.nl]",
d845cef6-0e23-4212-a951-b69763e39ef0","Windsnelheden op 100m hoogte (m/s)","no organisationName found in dataset record","[geodatabeheer.giscc@rvo.nl, geodatabeheer.giscc@rvo.nl, ]",
fe45c540-e37d-11e4-b571-0800200c9a66","Zwemwaterlocaties en zwemwaterkwaliteit - monsterpunten","[Interprovinciaal Overleg, Interprovinciaal Overleg, Interprovinciaal Overleg, Interprovinciaal Overleg, Interprovinciaal Overleg]","[inspire@gbo-provincies.nl, inspire@gbo-provincies.nl, inspire@gbo-provincies.nl]",
7939fd42-cf88-42c5-ab3b-232cf232a3ac","Actueel Hoogtebestand Nederland 2 (AHN2)","[Rijkswaterstaat, stuurgroep AHN, , Rijkswaterstaat, Rijkswaterstaat]","[servicedesk-data@rijkswaterstaat.nl, servicedesk-data@rijkswaterstaat.nl, , servicedesk-data@rijkswaterstaat.nl, servicedesk-data@rijkswaterstaat.nl]",
cf69ec50-9849-4afd-853c-ee56211d336d","Waterstanden en afvoeren actueel - Rijkswaterstaat","[Rijkswaterstaat, Rijkswaterstaat, , Rijkswaterstaat, Rijkswaterstaat]","[servicedesk-data@rijkswaterstaat.nl, servicedesk-data@rijkswaterstaat.nl, , servicedesk-data@rijkswaterstaat.nl, servicedesk-data@rijkswaterstaat.nl]",
effe1ab0-073d-437c-af13-df5c5e07d6cd","CBS gebiedsindelingen","[Centraal Bureau voor de Statistiek, Centraal Bureau voor de Statistiek, Centraal Bureau voor de Statistiek, Kadaster]","[infoservice@cbs.nl, infoservice@cbs.nl, infoservice@cbs.nl, , ]",
b61a773c-ecad-4e60-93e9-0a4caac0b52f","Olie- en gasvelden onder INSPIRE","[TNO Geologische Dienst Nederland, TNO Geologische Dienst Nederland, TNO Geologische Dienst Nederland]","[info@dinoloket.nl, info@dinoloket.nl, info@dinoloket.nl]",
fe2f9091-1962-4073-9e3b-3e4aeed488a5","Beperkingen voor voertuigen (INSPIRE geharmoniseerde data)","[RDW, RDW, RDW]","[ontheffingen@rdw.nl, ontheffingen@rdw.nl, , ]",
9ed6b8ed-254a-4745-a09a-3b57137d1b69","Luchtfoto 2019 25cm CIR open data","[Kadaster, Het Waterschapshuis, Kadaster, Geocart, Geocart, Geocart, Kadaster, Kadaster]","[PPB-GVA@kadaster.nl, info@hetwaterschapshuis.nl, kcc@kadaster.nl, , , , , , ]",
5800f3b0-2ea2-4231-8165-216a7b26867f","Gemeten Koolstofmonoxide concentraties in buitenlucht.","RIVM","[geodata@rivm.nl, geodata@rivm.nl]",
b6ee58a1-b097-4c6d-8600-eb81efc1468c","Productie/industrie-inrichtingen (o.b.v. SBI-codes) uit {Risico Register Gevaarlijke stoffen (RRGS)}","[Interprovinciaal Overleg, Interprovinciaal Overleg, Interprovinciaal Overleg]","[inspire@gbo-provincies.nl, inspire@gbo-provincies.nl, inspire@gbo-provincies.nl]",
17716ed7-ce0d-4bfd-8868-a398e5578a36","Ruimtelijke plannen Wro: Ruimtelijkeplannen.nl","[Kadaster, Kadaster]","[PPB-GVA@kadaster.nl, ruimtelijkeplannen@kadaster.nl]",
a322184d-6285-4856-bb78-f450b30ffc0e","Bathymetrie Nederlands deel van de Noordzee dieper dan 10 m LAT","[Ministerie van Defensie, Koninklijke Marine, Dienst der Hydrografie, Ministerie van Defensie, Koninklijke Marine, Dienst der Hydrografie]","[data@hydro.nl, data@hydro.nl, data@hydro.nl, , ]",
002d9127-c16d-4b8d-9f5e-102a8c8e36c4","Geluidkaart hoofdspoornet 2016 (Lnight)","[Ministerie van IenW, Ministerie van IenW]","[sylvia.koolmees@minienw.nl, sylvia.koolmees@minienw.nl]",
68ebd5c9-0ea1-4f22-9907-ec4c063cd3e2","Landelijk zoet en zoutwatermeetnet - Rijkswaterstaat","[Rijkswaterstaat, Rijkswaterstaat, , Rijkswaterstaat, Rijkswaterstaat]","[servicedesk-data@rijkswaterstaat.nl, servicedesk-data@rijkswaterstaat.nl, , servicedesk-data@rijkswaterstaat.nl, servicedesk-data@rijkswaterstaat.nl]",
a5241416-8401-4623-be61-57ef50447a41","Maritieme grenzen - Noordzee","[Ministerie van Defensie, Koninklijke Marine, Dienst der Hydrografie, Ministerie van Defensie, Koninklijke Marine, Dienst der Hydrografie, Ministerie van Defensie, Koninklijke Marine, Dienst der Hydrografie]","[data@hydro.nl, data@hydro.nl, data@hydro.nl, , ]",
493ab81b-75f8-4205-b030-6b2fd9eb4295","INSPIRE geharmoniseerde Beschermde Gebieden - Cultuur Historie","[Rijksdienst voor het Cultureel Erfgoed, Rijksdienst voor het Cultureel Erfgoed, Rijksdienst voor het Cultureel Erfgoed]","[info@cultureelerfgoed.nl, info@cultureelerfgoed.nl, info@cultureelerfgoed.nl]",
f44dac86-2228-412f-8355-e56446ca9933","Gebieden in de Eemsmonding en de Dollard","[Ministerie van Defensie, Koninklijke Marine, Dienst der Hydrografie, Ministerie van Defensie, Koninklijke Marine, Dienst der Hydrografie]","[data@hydro.nl, data@hydro.nl, data@hydro.nl]",
1462bbce-ccd3-4362-83d8-4535ca8f44eb","CBS Vierkantstatistieken 100m","[Centraal Bureau voor de Statistiek, Centraal Bureau voor de Statistiek, Centraal Bureau voor de Statistiek, Centraal Bureau voor de Statistiek]","[infoservice@cbs.nl, infoservice@cbs.nl, infoservice@cbs.nl, ]",
58e7dc38-a498-4852-b4ef-908f5baa9056","Begrenzingen van vergunde ontgrondingsgebieden voor zand- en grindwinning","[Interprovinciaal Overleg, Interprovinciaal Overleg, Interprovinciaal Overleg]","[inspire@gbo-provincies.nl, inspire@gbo-provincies.nl, inspire@gbo-provincies.nl]",
07575774-57a1-4419-bab4-6c88fdeb02b2","Hydrografie waterschappen INSPIRE","[Het Waterschapshuis, Het Waterschapshuis, Het Waterschapshuis, Het Waterschapshuis]","[datastromen@hetwaterschapshuis.nl, datastromen@hetwaterschapshuis.nl, , datastromen@hetwaterschapshuis.nl]",
71c2b7d2-a1a8-4836-b8d4-7247d331b04d","CBS Provincies 2012","[Centraal Bureau voor de Statistiek, Centraal Bureau voor de Statistiek, Centraal Bureau voor de Statistiek, Kadaster]","[infoservice@cbs.nl, infoservice@cbs.nl, infoservice@cbs.nl, , ]",
df5ee213-e1bd-433b-80f7-4ea20f493ca8","Zwemwaterkwaliteit (provinciaal en Rijkswateren) uit {Zwemwaterregister}","[Interprovinciaal Overleg, Interprovinciaal Overleg, Interprovinciaal Overleg]","[inspire@gbo-provincies.nl, inspire@gbo-provincies.nl, inspire@gbo-provincies.nl]",
f8d840bc-18df-4449-b797-b9adcb81d3ec","Emissies naar lucht en water in 2015 vanuit de industrie","no organisationName found in dataset record","[emissieregistratie@rivm.nl, , emissieregistratie@rivm.nl]",
88f76a94-ee4d-4e0c-9fde-91b692403e39","Natuurbranden","[Interprovinciaal Overleg, Interprovinciaal Overleg, Interprovinciaal Overleg]","[inspire@gbo-provincies.nl, inspire@gbo-provincies.nl, inspire@gbo-provincies.nl]",
wt-83730-e750-485a-9c0c-39bf9be72cf8","Menselijke gezondheid en veiligheid - geluidbelasting rijkswegen 2016 (INSPIRE geharmoniseerd)","[Rijkswaterstaat, Rijkswaterstaat, , Rijkswaterstaat, Wetransform]","[servicedesk-data@rijkswaterstaat.nl, servicedesk-data@rijkswaterstaat.nl, , servicedesk-data@rijkswaterstaat.nl, info@wetransform.to]",
adn73c4a-ef03-4785-b7f6-942e86b385f7","Bathymetrie Nederland - binnenwateren","[Rijkswaterstaat, Rijkswaterstaat, , Rijkswaterstaat, Rijkswaterstaat]","[servicedesk-data@rijkswaterstaat.nl, servicedesk-data@rijkswaterstaat.nl, , servicedesk-data@rijkswaterstaat.nl, servicedesk-data@rijkswaterstaat.nl]",
ror-9d8e-4758-83fx-28b057f185g1","Richtlijn Overstromingsrisico - gebieden met Potentieel Significant Overstromingsrisico EU2018 lijnen","[Rijkswaterstaat, Rijkswaterstaat, , Rijkswaterstaat, Rijkswaterstaat]","[servicedesk-data@rijkswaterstaat.nl, servicedesk-data@rijkswaterstaat.nl, , servicedesk-data@rijkswaterstaat.nl, servicedesk-data@rijkswaterstaat.nl]",
1be28290-55fa-4486-b9d3-b9d147117863","Luchtfoto 2016 25cm CIR open data","[Kadaster, Het Waterschapshuis, Kadaster, Eurosense, Eurosense, Eurosense, Kadaster, Kadaster]","[PPB-GVA@kadaster.nl, info@hetwaterschapshuis.nl, kcc@kadaster.nl, , , , , , ]",
E7D9F0D6-2B8D-6699-F26E-4A781228F2DD","BRO REGIS II Hydrogeologisch model (HGM)","[TNO Geologische Dienst Nederland, TNO Geologische Dienst Nederland, TNO Geologische Dienst Nederland]","[info@bro.nl, info@bro.nl, info@dinoloket.nl]",
3387ef8a-9237-453a-aa4e-585d1e193550","Nationaal Beschermde Gebieden (CDDA) (INSPIRE geharmoniseerd)","[Ministerie van Economische Zaken - GIS Competence Center, Ministerie van Landbouw, Natuur en Voedselkwaliteit, Ministerie van Economische Zaken - GIS Competence Center]","[geodatabeheer.giscc@rvo.nl, geodatabeheer.giscc@rvo.nl, geodatabeheer.giscc@rvo.nl]",
7D35598D-DFBF-C64D-0F1A-92A80A45EB14","BRO GeoTOP (GTM)","[TNO Geologische Dienst Nederland, TNO Geologische Dienst Nederland, TNO Geologische Dienst Nederland]","[info@bro.nl, info@bro.nl, info@dinoloket.nl]",
03671a9e-6aaf-464d-be99-9aad25cef9e3","Habitatrichtlijn verspreidingsgebied van habitattypen","[Ministerie van Economische Zaken - GIS Competence Center, , Wageningen Environmental Research (Alterra), PDOK, Alterra]","[geodatabeheer.giscc@rvo.nl, , GeoDesk.CGI@wur.nl, geodatabeheer.giscc@rvo.nl, beheerPDOK@kadaster.nl, ]",
60a2a7c2-d5b3-4ad5-b562-c448695357fb","Nationale Landschappen","[Interprovinciaal Overleg, Interprovinciaal Overleg, Interprovinciaal Overleg]","[inspire@gbo-provincies.nl, inspire@gbo-provincies.nl, inspire@gbo-provincies.nl]",
uwwtd-9d8e-4758-83fa-28b057f185e2","Richtlijn Stedelijk Afvalwater - lozingspunten Nederland EU2015","[Rijkswaterstaat, Rijkswaterstaat, , Rijkswaterstaat, Rijkswaterstaat]","[servicedesk-data@rijkswaterstaat.nl, servicedesk-data@rijkswaterstaat.nl, , servicedesk-data@rijkswaterstaat.nl, servicedesk-data@rijkswaterstaat.nl]",
F646DFB9-5BF6-EAB9-042B-CAB6FF2DC275","BRO Digital Geological Model (DGM)","[TNO Geologische Dienst Nederland, TNO Geologische Dienst Nederland, TNO Geologische Dienst Nederland]","[info@bro.nl, info@bro.nl, info@dinoloket.nl]",
1a40eb6f-4f33-4e15-a0b1-2d350ad2636e","Geografische Namen (INSPIRE geharmoniseerd)","[Kadaster, Kadaster]","[PPB-GVA@kadaster.nl, kcc@kadaster.nl]",
6c1cf452-8c62-4046-99ab-640a5e184f9c","Geologisch booronderzoek onder INSPIRE","[TNO Geologische Dienst Nederland, TNO Geologische Dienst Nederland, TNO Geologische Dienst Nederland]","[info@dinoloket.nl, info@dinoloket.nl, info@dinoloket.nl]",
34e95842-4e4e-46de-9198-79e8cd4d30dc","Geografische Namen (Nat) - Nederland","[Ministerie van Defensie, Koninklijke Marine, Dienst der Hydrografie, Ministerie van Defensie, Koninklijke Marine, Dienst der Hydrografie, Ministerie van Defensie, Koninklijke Marine, Dienst der Hydrografie]","[data@hydro.nl, data@hydro.nl, data@hydro.nl, , ]",
8f45b8ef-0ce8-463a-9059-5efdcecb785c","Vervoersnetwerken - Wegen (INSPIRE geharmoniseerd)","[Kadaster, Kadaster]","[PPB-GVA@kadaster.nl, kcc@kadaster.nl]",
0d6ccccc-7cfb-4eaa-8dc5-8b433d19b121","Landbouwbedrijven","no organisationName found in dataset record","[geodatabeheer.giscc@rvo.nl, gegevensvragenASB@rvo.nl, gegevensvragenASB@rvo.nl]",
afc450bd-65b3-4e59-b0fb-619869bf6ada","Landelijk grondwaterregister - Faciliteiten voor productie en industrie","[Interprovinciaal Overleg, Interprovinciaal Overleg, Interprovinciaal Overleg, Interprovinciaal Overleg, Interprovinciaal Overleg]","[inspire@gbo-provincies.nl, inspire@gbo-provincies.nl, inspire@gbo-provincies.nl, , ]",
588a4cb1-b442-4ac1-87e4-40401e353166","Jaarcijfers Landelijk Meetnet Luchtkwaliteit 2012","no organisationName found in dataset record","[geodata@rivm.nl, , geodata@rivm.nl]",
29c17585-e702-463f-a5dc-99d34b17d333","RDinfo","[Kadaster, Dienst van Het Kadaster en Openbare Registers, Dienst voor het Kadaster en de Openbare Registers]","[PPB-GVA@kadaster.nl, kcc@kadaster.nl, rd@kadaster.nl]",
7f5d7945-8fa8-4d36-be4c-2fdb3c7d613b","Luchtfoto 2018 25cm CIR open data","[Kadaster, Het Waterschapshuis, Kadaster, Eurosense, Eurosense, Eurosense, Kadaster, Kadaster]","[PPB-GVA@kadaster.nl, info@hetwaterschapshuis.nl, kcc@kadaster.nl, , , , , , ]",
50eef6be-619d-4e16-9b92-48971109b636","Geluidbelasting rijkswegen in Nederland 2011 (nacht gemiddelde)","[Rijkswaterstaat, Rijkswaterstaat, , Rijkswaterstaat, Rijkswaterstaat]","[servicedesk-data@rijkswaterstaat.nl, servicedesk-data@rijkswaterstaat.nl, , servicedesk-data@rijkswaterstaat.nl, servicedesk-data@rijkswaterstaat.nl]",
280ed37a-b8d2-4ac5-8567-04d84fad3a41","Natura 2000 (INSPIRE geharmoniseerd)","Ministerie van Landbouw, Natuur en Voedselkwaliteit","[geodatabeheer.giscc@rvo.nl, geodatabeheer.giscc@rvo.nl, beheer@pdok.nl]",, <eval>:3:3 Missing space after numeric literal
247a1d15-0a67-40ce-85be-1403c08f15a8","Nationale Parken (INSPIRE Geharmoniseerd)","no organisationName found in dataset record","[geodatabeheer.giscc@rvo.nl, geodatabeheer.giscc@rvo.nl, info@minlnv.nl, , , ]",
   ^ in <eval> at line number 3 at column number 3
 ==> expected: <0> but was: <178>
	at InspireTest.TestAll.testParallel(InspireTest.java:27)
]]></failure>
    <system-out><![CDATA[14:42:46.311 [main] INFO  com.intuit.karate.Runner - waiting for parallel features to complete ...
14:42:46.691 [ForkJoinPool-1-worker-3] INFO  com.intuit.karate - karate.env system property was:  
14:42:46.694 [ForkJoinPool-1-worker-9] INFO  com.intuit.karate - karate.env system property was:  
14:42:46.698 [ForkJoinPool-1-worker-5] INFO  com.intuit.karate - karate.env system property was:  
14:42:46.698 [pool-1-thread-2] INFO  com.intuit.karate - karate.env system property was:  
14:42:46.685 [pool-1-thread-1] INFO  com.intuit.karate - karate.env system property was:  
14:42:46.682 [ForkJoinPool-1-worker-7] INFO  com.intuit.karate - karate.env system property was:  
14:42:46.697 [ForkJoinPool-1-worker-11] INFO  com.intuit.karate - karate.env system property was:  
14:42:46.922 [pool-1-thread-2] INFO  com.intuit.karate - >> lock acquired, begin callonce: read('def/writedatasetcsvheader.template.feature')
14:42:46.963 [ForkJoinPool-1-worker-7] INFO  com.intuit.karate - [print] "datasetIdentifierCode","title","organisationName","email",
14:42:47.012 [pool-1-thread-2] INFO  com.intuit.karate - [print] "datasetIdentifierCode","title","organisationName","email",
14:42:47.027 [pool-1-thread-2] INFO  com.intuit.karate - << lock released, cached callonce: read('def/writedatasetcsvheader.template.feature')
14:42:47.041 [pool-1-thread-2] INFO  com.intuit.karate - >> lock acquired, begin callonce: read('def/getcswbriefrecords.feature')
14:42:47.263 [pool-1-thread-6] INFO  com.intuit.karate.Runner - <<pass>> feature 7 of 9: classpath:InspireTest/ngr/datasetrecords/def/writedatasetcsvheader.template.feature
14:42:47.271 [ForkJoinPool-1-worker-7] INFO  com.intuit.karate - [print] [
  "http://creativecommons.org/licenses/by/3.0/deed.nl"
]

---------------------------------------------------------
feature: classpath:InspireTest/ngr/datasetrecords/def/writedatasetcsvheader.template.feature
report: target/surefire-reports/InspireTest.ngr.datasetrecords.def.writedatasetcsvheader.template.json
scenarios:  1 | passed:  1 | failed:  0 | time: 0.1078
---------------------------------------------------------
14:42:47.287 [ForkJoinPool-1-worker-13] INFO  com.intuit.karate - [print] [
  "http://creativecommons.org/licenses/by/3.0/nl/"
]

14:42:47.330 [pool-1-thread-6] INFO  com.intuit.karate - karate.env system property was:  
14:42:47.338 [ForkJoinPool-1-worker-7] INFO  com.intuit.karate - [print]
14:42:47.379 [ForkJoinPool-1-worker-13] INFO  com.intuit.karate - [print]
14:42:47.404 [ForkJoinPool-1-worker-13] INFO  com.intuit.karate - [print] testing xlinkurl:http://creativecommons.org/licenses/by/3.0/nl/
14:42:47.405 [ForkJoinPool-1-worker-7] INFO  com.intuit.karate - [print] testing xlinkurl:http://creativecommons.org/licenses/by/3.0/deed.nl
14:42:47.409 [pool-1-thread-6] INFO  com.intuit.karate - >> lock acquired, begin callonce: read('def/getdataset.template.feature')
14:42:47.488 [pool-1-thread-5] INFO  com.intuit.karate.Runner - <<pass>> feature 5 of 9: classpath:InspireTest/ngr/datasetrecords/def/getcswbriefrecordsjson.feature
---------------------------------------------------------
feature: classpath:InspireTest/ngr/datasetrecords/def/getcswbriefrecordsjson.feature
report: target/surefire-reports/InspireTest.ngr.datasetrecords.def.getcswbriefrecordsjson.json
scenarios:  1 | passed:  1 | failed:  0 | time: 0.5614
---------------------------------------------------------
14:42:47.513 [ForkJoinPool-1-worker-5] INFO  com.intuit.karate - [print] [
  "http://creativecommons.org/licenses/by/4.0/deed.nl"
]

14:42:47.589 [ForkJoinPool-1-worker-5] INFO  com.intuit.karate - [print]
14:42:47.604 [ForkJoinPool-1-worker-5] INFO  com.intuit.karate - [print] testing xlinkurl:http://creativecommons.org/licenses/by/4.0/deed.nl
14:42:47.633 [ForkJoinPool-1-worker-11] INFO  com.intuit.karate - [print] [
  "http://creativecommons.org/publicdomain/mark/1.0/deed.nl"
]

14:42:47.666 [ForkJoinPool-1-worker-13] INFO  com.intuit.karate - [print] [
  "http://creativecommons.org/publicdomain/zero/1.0/deed.nl"
]

14:42:47.698 [ForkJoinPool-1-worker-7] INFO  com.intuit.karate - [print] [
  "http://data.europa.eu/eli/reg/2010/1089"
]

14:42:47.707 [ForkJoinPool-1-worker-11] INFO  com.intuit.karate - [print]
14:42:47.723 [ForkJoinPool-1-worker-11] INFO  com.intuit.karate - [print] testing xlinkurl:http://creativecommons.org/publicdomain/mark/1.0/deed.nl
14:42:47.729 [pool-1-thread-4] INFO  com.intuit.karate.Runner - <<pass>> feature 4 of 9: classpath:InspireTest/ngr/datasetrecords/def/getdataset.template.feature
---------------------------------------------------------
feature: classpath:InspireTest/ngr/datasetrecords/def/getdataset.template.feature
report: target/surefire-reports/InspireTest.ngr.datasetrecords.def.getdataset.template.json
scenarios:  1 | passed:  1 | failed:  0 | time: 0.8078
---------------------------------------------------------
14:42:47.742 [ForkJoinPool-1-worker-3] INFO  com.intuit.karate - [print] [
  "http://inspire.ec.europa.eu/applicationschema"
]

14:42:47.734 [pool-1-thread-6] INFO  com.intuit.karate - << lock released, cached callonce: read('def/getdataset.template.feature')
14:42:47.757 [ForkJoinPool-1-worker-5] INFO  com.intuit.karate - [print] [
  "http://inspire.ec.europa.eu/applicationschema/of"
]

14:42:47.759 [ForkJoinPool-1-worker-7] INFO  com.intuit.karate - [print]
14:42:47.738 [ForkJoinPool-1-worker-13] INFO  com.intuit.karate - [print]
14:42:47.761 [ForkJoinPool-1-worker-7] INFO  com.intuit.karate - [print] testing xlinkurl:http://data.europa.eu/eli/reg/2010/1089
14:42:47.761 [ForkJoinPool-1-worker-13] INFO  com.intuit.karate - [print] testing xlinkurl:http://creativecommons.org/publicdomain/zero/1.0/deed.nl
14:42:47.795 [ForkJoinPool-1-worker-5] INFO  com.intuit.karate - [print]
14:42:47.797 [ForkJoinPool-1-worker-5] INFO  com.intuit.karate - [print] testing xlinkurl:http://inspire.ec.europa.eu/applicationschema/of
14:42:47.789 [pool-1-thread-6] INFO  com.intuit.karate - [print] {
  "__arg": null,
  "responseType": "string",
  "responseHeaders": {
    "Connection": [
      "keep-alive"
    ],
    "Server": [
      "GitHub.com"
    ],
    "Content-Type": [
      "text/csv; charset=utf-8"
    ],
    "Strict-Transport-Security": [
      "max-age=31556952"
    ],
    "Last-Modified": [
      "Fri, 18 Sep 2020 14:39:12 GMT"
    ],
    "ETag": [
      "W/\"5f64c690-c0d2\""
    ],
    "Access-Control-Allow-Origin": [
      "*"
    ],
    "Expires": [
      "Fri, 18 Sep 2020 14:52:47 GMT"
    ],
    "Cache-Control": [
      "max-age=600"
    ],
    "X-Proxy-Cache": [
      "MISS"
    ],
    "X-GitHub-Request-Id": [
      "331C:80FD:6DB804:7AEB9A:5F64C767"
    ],
    "Accept-Ranges": [
      "bytes"
    ],
    "Date": [
      "Fri, 18 Sep 2020 14:42:47 GMT"
    ],
    "Via": [
      "1.1 varnish"
    ],
    "Age": [
      "0"
    ],
    "X-Served-By": [
      "cache-bwi5064-BWI"
    ],
    "X-Cache": [
      "MISS"
    ],
    "X-Cache-Hits": [
      "0"
    ],
    "X-Timer": [
      "S1600440168.587090,VS0,VE81"
    ],
    "Vary": [
      "Accept-Encoding"
    ],
    "X-Fastly-Request-ID": [
      "112a22ce7c1dfc031548eed82895afd8a9dedd46"
    ]
  },
  "responseTime": 228,
  "response": "\"datasetIdentifierCode\",\"title\",\"organisationName\",\"email\",\n\"datasetIdentifierCode\",\"title\",\"organisationName\",\"email\",\n247a1d15-0a67-40ce-85be-1403c08f15a8\",\"Nationale Parken (INSPIRE Geharmoniseerd)\",\"no organisationName found in dataset record\",\"[geodatabeheer.giscc@rvo.nl, geodatabeheer.giscc@rvo.nl, info@minlnv.nl, , , ]\",\nf99e915a-75e5-4c36-97f2-61eff692d85b\",\"Grondwateronderzoek onder INSPIRE\",\"[TNO Geologische Dienst Nederland, TNO Geologische Dienst Nederland, TNO Geologische Dienst Nederland]\",\"[info@dinoloket.nl, info@dinoloket.nl, info@dinoloket.nl]\",\nfcefa13c-44e2-4953-b6d6-1ddceebc57fc\",\"Vogelrichtlijn verspreiding van soorten\",\"[Ministerie van Economische Zaken - GIS Competence Center, Wageningen Environmental Research (Alterra), PDOK, Sovon Vogelonderzoek Nederland]\",\"[geodatabeheer.giscc@rvo.nl, GeoDesk.CGI@wur.nl, geodatabeheer.giscc@rvo.nl, beheerPDOK@kadaster.nl, ]\",\n3a72b9a4-cda9-11ea-87d0-0242ac130003\",\"Grondwater Monitoring Net\",\"[TNO Geologische Dienst Nederland, TNO Geologische Dienst Nederland, TNO Geologische Dienst Nederland]\",\"[info@bro.nl, Info@bro.nl, info@dinoloket.nl]\",\n977e0e94-7aa9-4784-b2da-eaec44adb61b\",\"Habitatrichtlijn verspreiding van habitattypen\",\"[Ministerie van Economische Zaken - GIS Competence Center, Wageningen Environmental Research (Alterra), PDOK, Alterra]\",\"[geodatabeheer.giscc@rvo.nl, GeoDesk.CGI@wur.nl, geodatabeheer.giscc@rvo.nl, beheerPDOK@kadaster.nl, ]\",\n3703b249-a0eb-484e-ba7a-10e31a55bcec\",\"Invasieve Exoten (INSPIRE Geharmoniseerd)\",\"Ministerie van Landbouw, Natuur en Voedselkwaliteit\",\"[geodatabeheer.giscc@rvo.nl, Geodatabeheer.GISCC@rvo.nl]\",\naf0c582f-9e6b-46e6-865a-fc3a2d5289b9\",\"Bodemgebruik\",\"[Kadaster, Kadaster, Kadaster]\",\"[PPB-GVA@kadaster.nl, kcc@kadaster.nl, kcc@kadaster.nl]\",\n9d9f1738-aced-47c9-aaa0-c62474a2dcfb\",\"Zeegebieden\",\"[Kadaster, Kadaster, Kadaster]\",\"[PPB-GVA@kadaster.nl, kcc@kadaster.nl, kcc@kadaster.nl]\",\n3a7dd0a6-d130-4c4c-b0ba-24365cf036e2\",\"Vervoersnetwerken - Spoorwegen (INSPIRE geharmoniseerd)\",\"[Kadaster, Kadaster]\",\"[PPB-GVA@kadaster.nl, kcc@kadaster.nl]\",\nb3f66964-a8c1-456f-9799-9cafca2cb7b1\",\"Monitoring stations (Nitraatrichtlijn) ondiepe filters\",\"no organisationName found in dataset record\",\"[geodata@rivm.nl, , geodata@rivm.nl]\",\na7fb2234-f7b4-4a03-b282-f10947f42fb1\",\"Kaart van de bodemopbouw in Nederland 1:50.000 onder INSPIRE\",\"[TNO Geologische Dienst Nederland, Alterra, Wageningen UR, TNO Geologische Dienst Nederland]\",\"[info@dinoloket.nl, geodesk.cgi@wur.nl, info@dinoloket.nl]\",\n81ff84ec-42a4-4481-840b-12713bbb5d38\",\"Geografische Namen\",\"[Kadaster, Kadaster, Kadaster]\",\"[PPB-GVA@kadaster.nl, kcc@kadaster.nl, kcc@kadaster.nl]\",\nc7662717-9e43-4367-a344-723d73abbb3e\",\"-Gegevens boormonsterprofiel onder PDOK\",\"[TNO Geologische Dienst Nederland, TNO Geologische Dienst Nederland]\",\"[info@dinoloket, info@dinoloket.nl]\",\n28c4780a-1a44-4376-b283-14a50a481729\",\"Habitatrichtlijn verspreiding van soorten\",\"[Wageningen Environmental Research (Alterra), PDOK, CBS, Natuurloket, PGO's]\",\"[geodatabeheer.giscc@rvo.nl, GeoDesk.CGI@wur.nl, geodatabeheer.giscc@rvo.nl, beheerPDOK@kadaster.nl, , , ]\",\n8b0b02a0-1e1b-4cda-bcfe-6fa0f738e38f\",\"Emissies naar het riool in 2011 vanuit de industrie\",\"no organisationName found in dataset record\",\"[emissieregistratie@rivm.nl, , emissieregistratie@rivm.nl]\",\n29d5310f-dd0d-45ba-abad-b4ffc6b8785f\",\"TOP10NL\",\"[Kadaster, Kadaster, Kadaster, Kadaster, Kadaster, Kadaster, Kadaster, Kadaster, Kadaster]\",\"[PPB-GVA@kadaster.nl, kcc@kadaster.nl, kcc@kadaster.nl, , , , , , ]\",\n791adbe3-772f-42cb-a3be-5a617bcecef0\",\"Zeegebieden (INSPIRE geharmoniseerd)\",\"[Kadaster, Kadaster]\",\"[PPB-GVA@kadaster.nl, kcc@kadaster.nl]\",\ndb8d613f-5edc-4467-9cc0-e2dcfb9d64a8\",\"Statistical Units Grid\",\"[Statistics Netherlands, Statistics Netherlands, Statistics Netherlandds, Statistics Netherlands]\",\"[infoservice@cbs.nl, infoservice@cbs.nl, infoservice@cbs.nl, , ]\",\n2cc2c30c-91b8-412a-a060-e84d25272581\",\"Zones en agglomeraties (Richtlijn Luchtkwaliteit) 2013\",\"no organisationName found in dataset record\",\"[geodata@rivm.nl, , geodata@rivm.nl]\",\n83dab947-387b-49df-8ad2-32bb10d46d38\",\"Geluidkaart Schiphol 2016 (Lden)\",\"[Ministerie van IenW, Ministerie van IenW]\",\"[sylvia.koolmees@minienw.nl, sylvia.koolmees@minienw.nl]\",\n5951efa2-1ff3-4763-a966-a2f5497679ee\",\"Vervoersnetwerken - Waterwegen (INSPIRE geharmoniseerd)\",\"[Kadaster, Kadaster]\",\"[PPB-GVA@kadaster.nl, kcc@kadaster.nl]\",\nf2f86edf-ac3a-48e8-9292-0544da2d7645\",\"Emissies naar het riool in 2015 vanuit de industrie\",\"no organisationName found in dataset record\",\"[emissieregistratie@rivm.nl, , emissieregistratie@rivm.nl]\",\n5a1adb58-0bbe-425d-b0fe-577a6c0a4228\",\"Actueel Hoogtebestand Nederland 1 (AHN1)\",\"[Rijkswaterstaat, stuurgroep AHN, , Rijkswaterstaat, Rijkswaterstaat]\",\"[servicedesk-data@rijkswaterstaat.nl, servicedesk-data@rijkswaterstaat.nl, , servicedesk-data@rijkswaterstaat.nl, servicedesk-data@rijkswaterstaat.nl]\",\n8de2f5eb-b09f-4f6d-8397-8878a1b86238\",\"Geluidbelasting rijkswegen in Nederland 2011 (24-uurs gemiddelde)\",\"[Rijkswaterstaat, Rijkswaterstaat, , Rijkswaterstaat, Rijkswaterstaat]\",\"[servicedesk-data@rijkswaterstaat.nl, servicedesk-data@rijkswaterstaat.nl, , servicedesk-data@rijkswaterstaat.nl, servicedesk-data@rijkswaterstaat.nl]\",\ntbjk534p-wubf-crbp-cj25-d4161160gfim\",\"Kaderrichtlijn Mariene Strategie - Bevroren monitoringsdata\",\"[Rijkswaterstaat, Rijkswaterstaat, , Rijkswaterstaat, Rijkswaterstaat]\",\"[servicedesk-data@rijkswaterstaat.nl, servicedesk-data@rijkswaterstaat.nl, , servicedesk-data@rijkswaterstaat.nl, servicedesk-data@rijkswaterstaat.nl]\",\neu-cb527d-f6db-4835-b0cd-deb245241254\",\"Vervoersnetwerken - Wegen (INSPIRE geharmoniseerd) - RWS\",\"[Rijkswaterstaat, Rijkswaterstaat, , Beheer PDOK, Rijkswaterstaat]\",\"[servicedesk-data@rijkswaterstaat.nl, beheerPDOK@kadaster.nl, , beheerPDOK@kadaster.nl, servicedesk-data@rijkswaterstaat.nl]\",\nbe1b1514-8d1f-48e1-9624-fee9b784138b\",\"Vaarwegmarkeringen Nederland\",\"[Rijkswaterstaat, Rijkswaterstaat, , Rijkswaterstaat, Rijkswaterstaat]\",\"[servicedesk-data@rijkswaterstaat.nl, servicedesk-data@rijkswaterstaat.nl, , servicedesk-data@rijkswaterstaat.nl, servicedesk-data@rijkswaterstaat.nl]\",\ncbeaebc3-815a-48af-a978-0e16892865fc\",\"Vogelrichtlijn verspreidingsgebied van soorten\",\"[Ministerie van Economische Zaken - GIS Competence Center, Wageningen Environmental Research (Alterra), PDOK, Sovon Vogelonderzoek Nederland]\",\"[geodatabeheer.giscc@rvo.nl, GeoDesk.CGI@wur.nl, geodatabeheer.giscc@rvo.nl, beheerPDOK@kadaster.nl, ]\",\n9dd9bf30-36e6-45ae-b368-bdef2720bdde\",\"Bodemkundig boormonsterprofiel onder INSPIRE\",\"[TNO Geologische Dienst Nederland, Alterra, Wageningen UR, TNO Geologische Dienst Nederland]\",\"[info@dinoloket.nl, geodesk.cgi@wur.nl, info@dinoloket.nl]\",\nedf79e6a-d73d-4def-8d22-0f495cc76a73\",\"Bronbestanden waterkwaliteit\",\"[Informatiehuis Water, Informatiehuis Water]\",\"[servicedesk@ihw.nl, servicedesk@ihw.nl]\",\n3e57ce43-7707-43ed-a4b9-72b3a6d812f8\",\"Geluidkaart hoofdspoornet 2011 (Lnight)\",\"[Ministerie van IenW, Ministerie van IenW]\",\"[sylvia.koolmees@minienw.nl, sylvia.koolmees@minienw.nl]\",\nc2225e5d-b46f-4e38-8445-ab10fd40c0dc\",\"Blokindeling Nederlands Continentaal Plat\",\"[Ministerie van Defensie, Koninklijke Marine, Dienst der Hydrografie, Ministerie van Defensie, Koninklijke Marine, Dienst der Hydrografie, Ministerie van Defensie, Koninklijke Marine, Dienst der Hydrografie]\",\"[data@hydro.nl, data@hydro.nl, data@hydro.nl]\",\neu-f297898-2640-44c2-bbe9-c0480da83794\",\"Hydrografie - Netwerk (INSPIRE geharmoniseerd) - WT\",\"[Rijkswaterstaat, Rijkswaterstaat, , Rijkswaterstaat, Wetransform]\",\"[servicedesk-data@rijkswaterstaat.nl, servicedesk-data@rijkswaterstaat.nl, , servicedesk-data@rijkswaterstaat.nl, info@wetransform.to]\",\n3d59fd06-9aec-4744-91e7-65e119f74569\",\"Mossel- en oesterhabitats\",\"[Ministerie van Economische Zaken - GIS Competence Center, Wageningen Marine Research, PDOK]\",\"[geodatabeheer.giscc@rvo.nl, geodatabeheer.giscc@rvo.nl, info@wur.nl, BeheerPDOK@kadaster.nl]\",\nc5c4a6d6-b850-473c-8ab5-af9c2c550809\",\"Administratieve Eenheden\",\"[Kadaster, Kadaster en Openbare Registers, Kadaster en de Openbare Registers]\",\"[PPB-GVA@kadaster.nl, kcc@kadaster.nl, kcc@kadaster.nl]\",\nbe6551de-a709-4c6d-a5e2-f63f0cf038ba\",\"Amplitude van het getij op de Noordzee\",\"[Ministerie van Defensie, Koninklijke Marine, Dienst der Hydrografie, Ministerie van Defensie, Koninklijke Marine, Dienst der Hydrografie, Ministerie van Defensie, Koninklijke Marine, Dienst der Hydrografie]\",\"[data@hydro.nl, data@hydro.nl, data@hydro.nl, ]\",\n6050578f-0010-4bfa-b013-c8617b80ba62\",\"Grondwatersamenstellinggegevens KRW meetronde 2012 onder INSPIRE\",\"[TNO Geologische Dienst Nederland, TNO Geologische Dienst Nederland, TNO Geologische Dienst Nederland]\",\"[info@dinoloket.nl, info@dinoloket.nl, info@dinoloket.nl]\",\na29917b9-3426-4041-a11b-69bcb2256904\",\"Kadastrale kaart v4\",\"[Kadaster, Kadaster en Openbare Registers, Dienst voor het Kadaster en de Openbare Registers]\",\"[PPB-GVA@kadaster.nl, kcc@kadaster.nl, kcc@kadaster.nl, , ]\",\na5f961e9-ebdd-41e2-b8e8-ab33ed340a83\",\"Adressen (INSPIRE geharmoniseerd)\",\"[Kadaster, Kadaster]\",\"[PPB-GVA@kadaster.nl, kcc@kadaster.nl]\",\n08b27bf0-e34a-4b30-9eac-5edadfb6a288\",\"Afgevoerde hoeveelheid afval in 2015 vanuit de industrie\",\"no organisationName found in dataset record\",\"[emissieregistratie@rivm.nl, , emissieregistratie@rivm.nl]\",\n14657c9b-91e4-4355-8563-2911ad0e78e4\",\"Vervoersnetwerken - Gemeenschappelijke elementen (INSPIRE geharmoniseerd)\",\"[Kadaster, Kadaster]\",\"[PPB-GVA@kadaster.nl, kcc@kadaster.nl]\",\n58d39928-f502-48c9-a8c1-03244dc181bf\",\"Geluidkaart Schiphol 2016 (Lnight)\",\"[Ministerie van IenW, Ministerie van IenW]\",\"[sylvia.koolmees@minienw.nl, sylvia.koolmees@minienw.nl]\",\n25294679-adb9-4c39-a93b-6954ff9414ac\",\"Waterstanden en afvoeren verwacht - Rijkswaterstaat\",\"[Rijkswaterstaat, Rijkswaterstaat, , Rijkswaterstaat, Rijkswaterstaat]\",\"[servicedesk-data@rijkswaterstaat.nl, servicedesk-data@rijkswaterstaat.nl, , servicedesk-data@rijkswaterstaat.nl, servicedesk-data@rijkswaterstaat.nl]\",\nd6b85d84-cdb9-4a6e-b799-cf8826e22a94\",\"Ligging industrie en CO2 emissies\",\"Ministerie van Economische Zaken - GIS Competence Center\",\"[geodatabeheer.giscc@rvo.nl, geodatabeheer.giscc@rvo.nl]\",\nb4ae622c-6201-49d8-bd2e-f7fce9206a1e\",\"Gebouwen (INSPIRE geharmoniseerd)\",\"[Kadaster, Kadaster]\",\"[PPB-GVA@kadaster.nl, kcc@kadaster.nl]\",\ne80ad426-1392-4349-9f80-14dae5f1bf57\",\"Kadastrale Percelen (INSPIRE geharmoniseerd)\",\"[Kadaster, Kadaster]\",\"[PPB-GVA@kadaster.nl, kcc@kadaster.nl, , ]\",\n74aca3eb-c38b-4214-9537-e0abc69e11b5\",\"Luchtfoto 2017 25cm RGB open data\",\"[Kadaster, Het Waterschapshuis, Kadaster, Eurosense, Eurosense, Eurosense, Kadaster, Kadaster]\",\"[PPB-GVA@kadaster.nl, info@hetwaterschapshuis.nl, kcc@kadaster.nl, , , , , , ]\",\ned960299-a147-4c1a-bc57-41ff83a2264f\",\"Bodemkaart50000_versie2014\",\"[Wageningen Environmental Research, Wageningen Environmental Research (Alterra), Wageningen Environmental Research, Wageningen Environmental Research (Alterra), ALTERRA en voorafgaande instituten, ALTERRA en voorafgaande instituten, Alterra, Alterra, Alterra Wageningen UR, Alterra]\",\"[fokke.brouwer@wur.nl, GeoDesk@wur.nl, fokke.brouwer@wur.nl, GeoDesk@wur.nl]\",\nd9baa847-4652-4588-abe1-0b050f40f27f\",\"Ziekenhuizen in Nederland (september 2013)\",\"no organisationName found in dataset record\",\"[atlas@rivm.nl, , geodata@rivm.nl]\",\n12bb57cd-73e0-41ba-a1e9-6d986b9109d3\",\"Human Health NL NUTS2\",\"[Statistics Netherlands, Statistics Netherlands, Statistics Netherlandds, Statistics Netherlands]\",\"[infoservice@cbs.nl, infoservice@cbs.nl, infoservice@cbs.nl, , ]\",\n76541ebb-a554-4540-a017-399d4bb4a860\",\"Population Distribution NL\",\"[Statistics Netherlands, Statistics Netherlands, Statistics Netherlandds, Statistics Netherlands]\",\"[infoservice@cbs.nl, infoservice@cbs.nl, infoservice@cbs.nl, , ]\",\nfe0e1e5f-512f-4bb1-bbf8-4028d3dfa24f\",\"Schelpdierpercelen\",\"[Ministerie van Economische Zaken - GIS Competence Center, PDOK]\",\"[geodatabeheer.giscc@rvo.nl, geodatabeheer.giscc@rvo.nl, BeheerPDOK@kadaster.nl]\",\nd24ccb35-e9d2-41bf-b231-43083fc0c76d\",\"LCP emissies (Richtlijn Industriële emissies) 2016\",\"no organisationName found in dataset record\",\"[emissieregistratie@rivm.nl, , emissieregistratie@rivm.nl]\",\n36a7e8cb-8300-4602-93d2-135943365a6f\",\"Monitoring stations (Nitraatrichtlijn) diepe filters\",\"no organisationName found in dataset record\",\"[geodata@rivm.nl, , geodata@rivm.nl]\",\nadn73c4a-ef03-4785-b7f6-942e86b385f5\",\"Bathymetrie Nederland - kust\",\"[Rijkswaterstaat, Rijkswaterstaat, , Rijkswaterstaat, Rijkswaterstaat]\",\"[servicedesk-data@rijkswaterstaat.nl, servicedesk-data@rijkswaterstaat.nl, , servicedesk-data@rijkswaterstaat.nl, servicedesk-data@rijkswaterstaat.nl]\",\nf273941e-9c3b-43bc-b886-2d50d0bf9348\",\"Habitatrichtlijn verspreidingsgebied van soorten\",\"[Ministerie van Economische Zaken - GIS Competence Center, Wageningen Environmental Research (Alterra), PDOK, CBS, Natuurloket, pgo's]\",\"[geodatabeheer.giscc@rvo.nl, GeoDesk.CGI@wur.nl, geodatabeheer.giscc@rvo.nl, beheerPDOK@kadaster.nl, , , ]\",\n9986a7ef-e5e2-4a7a-9018-2e1f9631ba8c\",\"Zwemwater (provinciaal en Rijkswateren) uit {Zwemwaterregister}\",\"[Interprovinciaal Overleg, Interprovinciaal Overleg, Interprovinciaal Overleg]\",\"[inspire@gbo-provincies.nl, inspire@gbo-provincies.nl, inspire@gbo-provincies.nl]\",\n34e6165f-1269-48d1-b255-0f05d163d692\",\"Geluidszones rondom bedrijventerreinen zowel provinciaal als gemeentelijk\",\"[Interprovinciaal Overleg, Interprovinciaal Overleg, Interprovinciaal Overleg]\",\"[inspire@gbo-provincies.nl, inspire@gbo-provincies.nl, inspire@gbo-provincies.nl]\",\n41023936-009d-48ec-a90d-c966895463c1\",\"Geluidszones rondom vliegvelden\",\"[Interprovinciaal Overleg, Interprovinciaal Overleg, Interprovinciaal Overleg]\",\"[inspire@gbo-provincies.nl, inspire@gbo-provincies.nl, inspire@gbo-provincies.nl]\",\nffefc3dc-dc8f-4589-ae22-a60bebcdf5cb\",\"Wijk- en Buurtkaart 2018 versie 2\",\"[Centraal Bureau voor de Statistiek, Centraal Bureau voor de Statistiek, Centraal Bureau voor de Statistiek, Kadaster]\",\"[infoservice@cbs.nl, infoservice@cbs.nl, infoservice@cbs.nl, , ]\",\neu-2c7040b-c448-451b-bf15-f2416ecaadd1\",\"Vervoersnetwerken - Waterwegen (INSPIRE geharmoniseerd) - WT\",\"[Rijkswaterstaat, Rijkswaterstaat, , Rijkswaterstaat, Wetransform]\",\"[servicedesk-data@rijkswaterstaat.nl, servicedesk-data@rijkswaterstaat.nl, , servicedesk-data@rijkswaterstaat.nl, info@wetransform.to]\",\n6318009c-7b11-4ab9-9929-735584dfb692\",\"Land Use 2015\",\"[Statistics Netherlands, Statistics Netherlands, PDOK]\",\"[infoservice@cbs.nl, infoservice@cbs.nl, , , ]\",\n2daad588-11ef-47de-9832-6fe2c3b93e6d\",\"Overstromingsrisicokaarten\",\"[Interprovinciaal Overleg, Interprovinciaal Overleg, Interprovinciaal Overleg]\",\"[inspire@gbo-provincies.nl, inspire@gbo-provincies.nl, inspire@gbo-provincies.nl]\",\nbc2c53f6-c908-4d7c-a6c0-78d9a2855640\",\"Overstromingsgevaarkaarten\",\"[Interprovinciaal Overleg, Interprovinciaal Overleg, Interprovinciaal Overleg]\",\"[inspire@gbo-provincies.nl, inspire@gbo-provincies.nl, inspire@gbo-provincies.nl]\",\nwt-f5eb-b09f-4f6d-8397-8878a1b86238\",\"Menselijke gezondheid en veiligheid - geluidbelasting rijkswegen 2011 (INSPIRE geharmoniseerd)\",\"[Rijkswaterstaat, Rijkswaterstaat, , Rijkswaterstaat, Wetransform]\",\"[servicedesk-data@rijkswaterstaat.nl, servicedesk-data@rijkswaterstaat.nl, , servicedesk-data@rijkswaterstaat.nl, info@wetransform.to]\",\nwt-3730-e750-485a-9c0c-39bf9be72cf9\",\"Menselijke gezondheid en veiligheid -  geluidbelasting rijkswegen 2006 (INSPIRE geharmoniseerd)\",\"[Rijkswaterstaat, Rijkswaterstaat, , Rijkswaterstaat, Wetransform]\",\"[servicedesk-data@rijkswaterstaat.nl, servicedesk-data@rijkswaterstaat.nl, , servicedesk-data@rijkswaterstaat.nl, info@wetransform.to]\",\n998ba1dc-f6a6-49a3-a021-51f30d9b1d0e\",\"Wet Ammoniak en Veehouderij gebieden\",\"[Interprovinciaal Overleg, Interprovinciaal Overleg, Interprovinciaal Overleg]\",\"[inspire@gbo-provincies.nl, inspire@gbo-provincies.nl, inspire@gbo-provincies.nl]\",\nc7d8d77b-8c47-4309-8c58-9b12b086407f\",\"Natuurnetwerk Nederland\",\"[Interprovinciaal Overleg, Interprovinciaal Overleg, Interprovinciaal Overleg]\",\"[inspire@gbo-provincies.nl, inspire@gbo-provincies.nl, inspire@gbo-provincies.nl]\",\nkrw2006-68b5-4ff3-94a4-9c24109ffd5e\",\"Kaderrichtlijn Water - Oppervlaktewaterlichamen Nederland EU2009 vlakken\",\"[Rijkswaterstaat, Rijkswaterstaat, , Rijkswaterstaat, Rijkswaterstaat]\",\"[servicedesk-data@rijkswaterstaat.nl, servicedesk-data@rijkswaterstaat.nl, , servicedesk-data@rijkswaterstaat.nl, servicedesk-data@rijkswaterstaat.nl]\",\n710c381c-ab2d-45d5-a45d-af2eba811e5f\",\"Nationaal Hydrologisch Instrumentarium (NHI) - netwerkschematisatie\",\"[Rijkswaterstaat, Rijkswaterstaat, , Rijkswaterstaat, Rijkswaterstaat]\",\"[servicedesk-data@rijkswaterstaat.nl, servicedesk-data@rijkswaterstaat.nl, , servicedesk-data@rijkswaterstaat.nl, servicedesk-data@rijkswaterstaat.nl]\",\ncc408b2d-09a6-4b2b-9aa3-b46bfe2f00a5\",\"Stiltegebieden\",\"[Interprovinciaal Overleg, Interprovinciaal Overleg, Interprovinciaal Overleg]\",\"[inspire@gbo-provincies.nl, inspire@gbo-provincies.nl, inspire@gbo-provincies.nl]\",\nf0821bfe-5a0a-11e9-8647-d663bd873d93\",\"NB-wetgebieden buiten Natura 2000\",\"[Interprovinciaal Overleg, Interprovinciaal Overleg, Interprovinciaal Overleg]\",\"[inspire@gbo-provincies.nl, inspire@gbo-provincies.nl, inspire@gbo-provincies.nl]\",\n110f9ec6-4464-462e-9765-83d90cefbeab\",\"Kaderrichtlijn Water - Stroomgebieddistricten Nederland EU2015\",\"[Informatiehuis Water, Informatiehuis Water, , Rijkswaterstaat, Rijkswaterstaat]\",\"[servicedesk@ihw.nl, servicedesk-data@rijkswaterstaat.nl, , servicedesk-data@rijkswaterstaat.nl, servicedesk-data@rijkswaterstaat.nl]\",\n2e31680f-68b5-4ff3-94a4-9c24109ffd5e\",\"Kaderrichtlijn Water - Oppervlaktewaterlichamen Nederland 2019 vlakken\",\"[Rijkswaterstaat, Rijkswaterstaat, , Rijkswaterstaat, Rijkswaterstaat]\",\"[servicedesk-data@rijkswaterstaat.nl, servicedesk-data@rijkswaterstaat.nl, , servicedesk-data@rijkswaterstaat.nl, servicedesk-data@rijkswaterstaat.nl]\",\n622a632a-c57b-44a2-83a4-e51223d5f15g\",\"Kaderrichtlijn Water - Oppervlaktewaterlichamen Nederland 2019 lijnen\",\"[Rijkswaterstaat, Rijkswaterstaat, , Rijkswaterstaat, Rijkswaterstaat]\",\"[servicedesk-data@rijkswaterstaat.nl, servicedesk-data@rijkswaterstaat.nl, , servicedesk-data@rijkswaterstaat.nl, servicedesk-data@rijkswaterstaat.nl]\",\nkrw-f7bb2351-9788-42ea-a58b-a5ee1842304e\",\"Kaderrichtlijn Water - Stroomgebieddistricten Nederland 2019 vlakken\",\"[Rijkswaterstaat, Rijkswaterstaat, , Rijkswaterstaat, Rijkswaterstaat]\",\"[servicedesk-data@rijkswaterstaat.nl, servicedesk-data@rijkswaterstaat.nl, , servicedesk-data@rijkswaterstaat.nl, servicedesk-data@rijkswaterstaat.nl]\",\na1960e70-22f4-4fd9-91a8-b605c6ceda3e\",\"Kaderrichtlijn Water - Oppervlaktewaterlichamen Nederland EU2015 riviernetwerk\",\"[Informatiehuis Water, Informatiehuis Water, , Rijkswaterstaat, Rijkswaterstaat]\",\"[servicedesk@ihw.nl, servicedesk@ihw.nl, , servicedesk-data@rijkswaterstaat.nl, servicedesk-data@rijkswaterstaat.nl]\",\n110f9ec6-4464-462e-9765-83d90cefbeag\",\"Kaderrichtlijn Water - Oppervlaktewaterlichamen Nederland EU2015 lijnen\",\"[Informatiehuis Water, Informatiehuis Water, , Rijkswaterstaat, Informatiehuis Water]\",\"[servicedesk@ihw.nl, servicedesk@ihw.nl, , servicedesk-data@rijkswaterstaat.nl, servicedesk@ihw.nl]\",\nkrw2006-c57b-44a2-83a4-e51223d5f15g\",\"Kaderrichtlijn Water - Oppervlaktewaterlichamen Nederland EU2009 lijnen\",\"[Rijkswaterstaat, Rijkswaterstaat, , Rijkswaterstaat, Rijkswaterstaat]\",\"[servicedesk-data@rijkswaterstaat.nl, servicedesk-data@rijkswaterstaat.nl, , servicedesk-data@rijkswaterstaat.nl, servicedesk-data@rijkswaterstaat.nl]\",\n110f9ec6-4464-462e-9765-83d90cefbeac\",\"Kaderrichtlijn Water - Deelstroomgebieden Nederland EU2015\",\"[Informatiehuis Water, Informatiehuis Water, , Rijkswaterstaat, Rijkswaterstaat]\",\"[servicedesk@ihw.nl, servicedesk@ihw.nl, , servicedesk-data@rijkswaterstaat.nl, servicedesk-data@rijkswaterstaat.nl]\",\n891ddc2d-8949-4a45-be96-c65b87c41f13\",\"Kaderrichtlijn Water - Monitoringlocaties Nederland EU2015\",\"[Informatiehuis Water, Informatiehuis Water, , Rijkswaterstaat, Rijkswaterstaat]\",\"[servicedesk@ihw.nl, servicedesk-data@rijkswaterstaat.nl, , servicedesk-data@rijkswaterstaat.nl, servicedesk-data@rijkswaterstaat.nl]\",\n26103042-50a1-4ee5-9c5b-857a2f8b7680\",\"Wijk- en Buurtkaart 2017 versie 3\",\"[Centraal Bureau voor de Statistiek, Centraal Bureau voor de Statistiek, Centraal Bureau voor de Statistiek, Kadaster]\",\"[infoservice@cbs.nl, infoservice@cbs.nl, infoservice@cbs.nl, , ]\",\na9b7026e-0a81-4813-93bd-ba49e6f28502\",\"NWB - Wegen\",\"[Rijkswaterstaat, Rijkswaterstaat, , Rijkswaterstaat, Rijkswaterstaat]\",\"[servicedesk-data@rijkswaterstaat.nl, servicedesk-data@rijkswaterstaat.nl, , servicedesk-data@rijkswaterstaat.nl, servicedesk-data@rws.n]\",\nf605a24f-60cd-4c40-94c8-2186aba3ddd0\",\"CBS Vierkantstatistieken 500m\",\"[Centraal Bureau voor de Statistiek, Centraal Bureau voor de Statistiek, Centraal Bureau voor de Statistiek, Centraal Bureau voor de Statistiek]\",\"[infoservice@cbs.nl, infoservice@cbs.nl, infoservice@cbs.nl, ]\",\n6cde2ce7-3ecd-4785-b7b8-d62c3381efe9\",\"Wijk- en Buurtkaart 2016 versie 3\",\"[Centraal Bureau voor de Statistiek, Centraal Bureau voor de Statistiek, Centraal Bureau voor de Statistiek, Kadaster]\",\"[infoservice@cbs.nl, infoservice@cbs.nl, infoservice@cbs.nl, , ]\",\n4cda487b-c467-490c-a843-6563fec016be\",\"Aansluitende zone volgens UNCLOS - Noordzee\",\"[Ministerie van Defensie, Koninklijke Marine, Dienst der Hydrografie, Ministerie van Defensie, Koninklijke Marine, Dienst der Hydrografie, Ministerie van Defensie, Koninklijke Marine, Dienst der Hydrografie]\",\"[data@hydro.nl, data@hydro.nl, data@hydro.nl, , ]\",\nror-9d8e-4758-83fx-28b057f185e1\",\"Richtlijn Overstromingsrisico - gebieden met Potentieel Significant Overstromingsrisico EU2018 vlakken\",\"[Rijkswaterstaat, Rijkswaterstaat, , Rijkswaterstaat, Rijkswaterstaat]\",\"[servicedesk-data@rijkswaterstaat.nl, servicedesk-data@rijkswaterstaat.nl, , servicedesk-data@rijkswaterstaat.nl, servicedesk-data@rijkswaterstaat.nl]\",\nror-9d8e-4758-83fx-28b057f185f1\",\"Richtlijn Overstromingsrisico - historische overstromingen EU2018\",\"[Rijkswaterstaat, Rijkswaterstaat, , Rijkswaterstaat, Rijkswaterstaat]\",\"[servicedesk-data@rijkswaterstaat.nl, servicedesk-data@rijkswaterstaat.nl, , servicedesk-data@rijkswaterstaat.nl, servicedesk-data@rijkswaterstaat.nl]\",\nuwwtd-9d8e-4758-83fa-28b057f185e3\",\"Richtlijn Stedelijk Afvalwater - rioolwaterzuiveringsinstallaties Nederland EU2015\",\"[Rijkswaterstaat, Rijkswaterstaat, , Rijkswaterstaat, Rijkswaterstaat]\",\"[servicedesk-data@rijkswaterstaat.nl, servicedesk-data@rijkswaterstaat.nl, , servicedesk-data@rijkswaterstaat.nl, servicedesk-data@rijkswaterstaat.nl]\",\nuwwtd-9d8e-4758-83fa-28b057f185e1\",\"Richtlijn Stedelijk Afvalwater - agglomeraties Nederland EU2015\",\"[Rijkswaterstaat, Rijkswaterstaat, , Rijkswaterstaat, Rijkswaterstaat]\",\"[servicedesk-data@rijkswaterstaat.nl, servicedesk-data@rijkswaterstaat.nl, , servicedesk-data@rijkswaterstaat.nl, servicedesk-data@rijkswaterstaat.nl]\",\n76091be7-358a-4a44-8182-b4139c96c6a4\",\"Adressen\",\"[Kadaster, Kadaster, Kadaster]\",\"[PPB-GVA@kadaster.nl, kcc@kadaster.nl, kcc@kadaster.nl]\",\n0558a41c-b09a-47fa-b8db-9de6bfe4f494\",\"Gebouwen\",\"[Kadaster, Kadaster, Kadaster]\",\"[PPB-GVA@kadaster.nl, kcc@kadaster.nl, kcc@kadaster.nl]\",\n1c3afc74-cc34-44b7-938a-963e2350795a\",\"Hydrografie - Physical Waters (INSPIRE geharmoniseerd)\",\"[Kadaster, Kadaster]\",\"[PPB-GVA@kadaster.nl, kcc@kadaster.nl]\",\nc935f2ab-9b65-4dc4-94a0-73aeb840a941\",\"Overheidsdiensten\",\"[Kamer van Koophandel, Kamer van Koophandel]\",\"[erik.simonse@kvk.nl, erik.simonse@kvk.nl]\",\n4783ea4f-6b8c-4600-8af0-516f3556cfe9\",\"Kaderrichtlijn Water - Register Beschermd Gebied - Schelpdierwater 2008\",\"[Rijkswaterstaat, Rijkswaterstaat, , Rijkswaterstaat, Rijkswaterstaat]\",\"[servicedesk-data@rijkswaterstaat.nl, servicedesk-data@rijkswaterstaat.nl, , servicedesk-data@rijkswaterstaat.nl, servicedesk-data@rijkswaterstaat.nl]\",\n7c24ea89-074e-4c4f-91e3-d38e813e9cb6\",\"Luchtfoto 2017 25cm CIR open data\",\"[Kadaster, Het Waterschapshuis, Kadaster, Eurosense, Eurosense, Eurosense, Kadaster, Kadaster]\",\"[PPB-GVA@kadaster.nl, info@hetwaterschapshuis.nl, kcc@kadaster.nl, , , , , , ]\",\n80630ee7-3a15-4ea0-bdc0-a8aebfa2f204\",\"Oppervlaktegeologie, Geologische kaart onder INSPIRE\",\"[TNO Geologische Dienst Nederland, TNO Geologische Dienst Nederland, TNO Geologische Dienst Nederland]\",\"[info@dinoloket.nl, info@dinoloket.nl, info@dinoloket.nl]\",\n2d3dd6d2-2d2b-4b5f-9e30-86e19ed77a56\",\"Bestand Bodemgebruik 2015\",\"[Centraal Bureau voor de Statistiek, Centraal Bureau voor de Statistiek, PDOK]\",\"[infoservice@cbs.nl, infoservice@cbs.nl, , , ]\",\n1249746f-c2a6-4639-98f2-251676b3528e\",\"Maritieme grenzen - basislijn Noordzee\",\"[Ministerie van Defensie, Koninklijke Marine, Dienst der Hydrografie, Ministerie van Defensie, Koninklijke Marine, Dienst der Hydrografie, Ministerie van Defensie, Koninklijke Marine, Dienst der Hydrografie]\",\"[data@hydro.nl, data@hydro.nl, data@hydro.nl]\",\nf1d27179-36eb-4376-8048-f51d2eb23a09\",\"Nederlands deel PSSA Waddenzee\",\"[Ministerie van Defensie, Koninklijke Marine, Dienst der Hydrografie, Ministerie van Defensie, Koninklijke Marine, Dienst der Hydrografie, Ministerie van Defensie, Koninklijke Marine, Dienst der Hydrografie]\",\"[data@hydro.nl, data@hydro.nl, data@hydro.nl, , ]\",\n5b274449-b6c2-4672-a32f-e0bd40975a53\",\"Luchtfoto 2018 25cm RGB open data\",\"[Kadaster, Het Waterschapshuis, Kadaster, Eurosense, Eurosense, Eurosense, Kadaster, Kadaster]\",\"[PPB-GVA@kadaster.nl, info@hetwaterschapshuis.nl, kcc@kadaster.nl, , , , , , ]\",\nkrw-782cab20-8328-45f1-a9b2-c27d07c14066\",\"Kaderrichtlijn Water - Deelstroomgebieden Nederland 2019 vlakken\",\"[Rijkswaterstaat, Rijkswaterstaat, , Rijkswaterstaat, Rijkswaterstaat]\",\"[servicedesk-data@rijkswaterstaat.nl, servicedesk-data@rijkswaterstaat.nl, , servicedesk-data@rijkswaterstaat.nl, servicedesk-data@rijkswaterstaat.nl]\",\ne536d943-ecff-4d7a-9500-cc31a263a6af\",\"Publiekrechtelijke beperkingen\",\"[Kadaster, Kadaster]\",\"[PPB-GVA@kadaster.nl, kcc@kadaster.nl]\",\n4617f0e0-6af4-4ac0-9044-31df9d03071c\",\"Gebieden in de territoriale zee\",\"[Ministerie van Defensie, Koninklijke Marine, Dienst der Hydrografie, Ministerie van Defensie, Koninklijke Marine, Dienst der Hydrografie, Ministerie van Defensie, Koninklijke Marine, Dienst der Hydrografie]\",\"[data@hydro.nl, data@hydro.nl, data@hydro.nl, , ]\",\n0f128799-cf18-4b37-a721-e62b068191f5\",\"Gebiedsbeheer, gebieden waar beperkingen gelden, gereguleerde gebieden en rapportage-eenheden - Provincies (INSPIRE geharmoniseerd)\",\"[Interprovinciaal Overleg, Interprovinciaal Overleg, Interprovinciaal Overleg]\",\"[inspire@gbo-provincies.nl, inspire@gbo-provincies.nl, inspire@gbo-provincies.nl]\",\nca94a0cb-7561-4a10-a7d6-b840e56c33ff\",\"Provinciale monumenten\",\"[Interprovinciaal Overleg, Interprovinciaal Overleg, Interprovinciaal Overleg]\",\"[inspire@gbo-provincies.nl, inspire@gbo-provincies.nl, inspire@gbo-provincies.nl]\",\n380aa01e-dce7-11e3-9f07-901b0e19e163\",\"Netwerk van KNMI waarneemstations\",\"[Koninklijk Nederlands Meteorologisch Instituut (KNMI), Koninklijk Nederlands Meteorologisch Instituut (KNMI), Koninklijk Nederlands Meteorologisch Instituut (KNMI)]\",\"[datacentrum@knmi.nl, datacentrum@knmi.nl, datacentrum@knmi.nl]\",\nf002bfc5-7d87-46b6-819e-8415422b65c9\",\"Aardkundige waarden\",\"[Interprovinciaal Overleg, Interprovinciaal Overleg, Interprovinciaal Overleg]\",\"[inspire@gbo-provincies.nl, inspire@gbo-provincies.nl, inspire@gbo-provincies.nl]\",\ne3b0da1e-0664-4025-b3f5-a54d74a26450\",\"zoutvelden en zoutproductieputten onder INSPIRE\",\"[TNO Geologische Dienst Nederland, TNO Geologische Dienst Nederland, TNO Geologische Dienst Nederland]\",\"[info@dinoloket.nl, info@dinoloket.nl, info@dinoloket.nl]\",\ndc5b522e-3e14-4738-9e8e-2401e1b19ef2\",\"Potentieel koude en warmte uit open en gesloten WKO systemen (GJ/ha.jaar)\",\"[Ministerie van Economische Zaken - GIS Competence Center, Ministerie van Economische Zaken - GIS Competence Center]\",\"[geodatabeheer.giscc@rvo.nl, geodatabeheer.giscc@rvo.nl, geodatabeheer.giscc@rvo.nl]\",\n88a3c1ae-902e-4efa-8663-ddd836101929\",\"Werelderfgoed\",\"[Rijksdienst voor het Cultureel Erfgoed, Rijksdienst voor het Cultureel Erfgoed, Rijksdienst voor het Cultureel Erfgoed]\",\"[info@cultureelerfgoed.nl, info@cultureelerfgoed.nl, info@cultureelerfgoed.nl]\",\n4b282988-cb91-4bbc-b147-f653014917cb\",\"Hydrografie\",\"[Kadaster, Kadaster, Kadaster]\",\"[PPB-GVA@kadaster.nl, kcc@kadaster.nl, kcc@kadaster.nl]\",\n50a2c5e6-c8e7-425d-854e-26f578196bc9\",\"Afgevoerde hoeveelheid afval in 2011 vanuit de industrie\",\"no organisationName found in dataset record\",\"[emissieregistratie@rivm.nl, , emissieregistratie@rivm.nl]\",\n64ff8561-5c56-4cc1-ae0e-94366fb70b7e\",\"Luchtfoto 2019 25cm RGB open data\",\"[Kadaster, Het Waterschapshuis, Kadaster, Geocart, Geocart, Geocart, Kadaster, Kadaster]\",\"[PPB-GVA@kadaster.nl, info@hetwaterschapshuis.nl, kcc@kadaster.nl, , , , , , ]\",\ndf15af6e-0d21-4437-a69f-802be3479bba\",\"Luchtfoto 2016 25cm RGB open data\",\"[Kadaster, Het Waterschapshuis, Kadaster, Eurosense, Eurosense, Eurosense, Kadaster, Kadaster]\",\"[PPB-GVA@kadaster.nl, info@hetwaterschapshuis.nl, kcc@kadaster.nl, , , , , , ]\",\n10d1153e-778f-4995-9b6c-7c69b196cccb\",\"Statistical Units Vector\",\"[Statistics Netherlands, Statistics Netherlands, Statistics Netherlandds, Statistics Netherlands]\",\"[infoservice@cbs.nl, infoservice@cbs.nl, infoservice@cbs.nl, , ]\",\n3eebf700-5abf-42e4-826c-03cfb497e366\",\"Vervoersnetwerken\",\"[Kadaster, Kadaster, Kadaster]\",\"[PPB-GVA@kadaster.nl, kcc@kadaster.nl, kcc@kadaster.nl]\",\n11a292bd-9022-4a9f-b1bf-02f5c89ad74a\",\"Totale potentie aardwarmte uit aquifers, INSPIRE\",\"[TNO Geologische Dienst Nederland, TNO Geologische Dienst Nederland, TNO Geologische Dienst Nederland]\",\"[info@dinoloket.nl, info@dinoloket.nl, info@dinoloket.nl]\",\n6c06740d-058f-4a12-bb3f-bf68efd03d09\",\"Vervoersnetwerken - Kabelbanen (INSPIRE geharmoniseerd)\",\"[Kadaster, Kadaster]\",\"[PPB-GVA@kadaster.nl, kcc@kadaster.nl]\",\n7dd1fd45-ace5-41e0-93a6-64e3be231717\",\"Administratieve Eenheden (INSPIRE geharmoniseerd)\",\"[Kadaster, Kadaster]\",\"[PPB-GVA@kadaster.nl, kcc@kadaster.nl]\",\n844404a2-9cd0-452e-b29a-74588777485a\",\"Geluidkaart hoofdspoornet 2011 (Lden)\",\"[Ministerie van IenW, Ministerie van IenW]\",\"[sylvia.koolmees@minienw.nl, sylvia.koolmees@minienw.nl]\",\n8a4f5c3b-aced-48fd-afb5-f1f1d0ef21d6\",\"Omgevingsdosisequivalenttempo Nationaal Meetnet Radioactiviteit 2011\",\"no organisationName found in dataset record\",\"[geodata@rivm.nl, , geodata@rivm.nl]\",\nad6caa40-89ab-47e3-85ab-3f8e32024a71\",\"Emissies naar lucht en water in 2011 vanuit de industrie\",\"no organisationName found in dataset record\",\"[emissieregistratie@rivm.nl, , emissieregistratie@rivm.nl]\",\n110f9ec6-4464-462e-9765-83d90cefbead\",\"Kaderrichtlijn Water - Oppervlaktewaterlichamen Nederland EU2015 vlakken\",\"[Informatiehuis Water, Informatiehuis Water, , Rijkswaterstaat, Informatiehuis Water]\",\"[servicedesk@ihw.nl, servicedesk-data@rijkswaterstaat.nl, , servicedesk-data@rijkswaterstaat.nl, servicedesk@ihw.nl]\",\naf135cd8-d429-4fc7-b9e3-09e15217520d\",\"Gemeten fijnere fractie van Fijn stof concentraties in buitenlucht.\",\"no organisationName found in dataset record\",\"[geodata@rivm.nl, geodata@rivm.nl]\",\na04afee4-47d5-45b7-b7a0-a6f86106af11\",\"Mosselzaadinvanginstallaties\",\"no organisationName found in dataset record\",\"[geodatabeheer.giscc@rvo.nl, VR@minez.nl, geodatabeheer.giscc@rvo.nl, beheer@pdok.nl]\",\nd3c9efd6-fca7-49d6-92bb-5f507abece90\",\"Gemeten Ammoniak concentraties in buitenlucht.\",\"no organisationName found in dataset record\",\"[geodata@rivm.nl, geodata@rivm.nl]\",\nb3ec8793-7747-4da0-b6c3-aa384446a586\",\"Gemeten Fijn stof concentraties in buitenlucht.\",\"no organisationName found in dataset record\",\"[geodata@rivm.nl, geodata@rivm.nl]\",\n500d396f-5ec6-4e4b-a151-5fb3cddd8082\",\"Gemeten Zwaveldioxide concentraties in buitenlucht.\",\"no organisationName found in dataset record\",\"[geodata@rivm.nl, geodata@rivm.nl]\",\n733559a5-201d-40e5-ad43-d1c7bae84d9f\",\"Gemeten Stikstofdioxide concentraties in buitenlucht.\",\"RIVM\",\"[geodata@rivm.nl, geodata@rivm.nl]\",\ne8b84fae-00b3-49c1-80c1-df8f69f64e8c\",\"EEZ volgens UNCLOS - Noordzee\",\"[Ministerie van Defensie, Koninklijke Marine, Dienst der Hydrografie, Ministerie van Defensie, Koninklijke Marine, Dienst der Hydrografie, Ministerie van Defensie, Koninklijke Marine, Dienst der Hydrografie]\",\"[data@hydro.nl, data@hydro.nl, data@hydro.nl, , ]\",\nbb11be63-bd38-4632-bf54-df44c423a529\",\"Territoriale Zee volgens UNCLOS - Noordzee\",\"[Ministerie van Defensie, Koninklijke Marine, Dienst der Hydrografie, Ministerie van Defensie, Koninklijke Marine, Dienst der Hydrografie, Ministerie van Defensie, Koninklijke Marine, Dienst der Hydrografie]\",\"[data@hydro.nl, data@hydro.nl, data@hydro.nl, , ]\",\nkrm-a905-9d8e-4758-83fa-28b057f185e3\",\"Kaderrichtlijn Mariene Strategie - Rapportage eenheden Nederland EU2018\",\"[Rijkswaterstaat, Rijkswaterstaat, , Rijkswaterstaat, Rijkswaterstaat]\",\"[servicedesk-data@rijkswaterstaat.nl, servicedesk-data@rijkswaterstaat.nl, , servicedesk-data@rijkswaterstaat.nl, servicedesk-data@rijkswaterstaat.nl]\",\nkrm-a905-9d8e-4758-83fa-28b057f185e4\",\"Kaderrichtlijn Mariene Strategie - Mariene wateren Nederland EU2018\",\"[Rijkswaterstaat, Rijkswaterstaat, , Rijkswaterstaat, Rijkswaterstaat]\",\"[servicedesk-data@rijkswaterstaat.nl, servicedesk-data@rijkswaterstaat.nl, , servicedesk-data@rijkswaterstaat.nl, servicedesk-data@rijkswaterstaat.nl]\",\n24de356e-ec4d-4a18-9903-6401d222b77c\",\"Vergunningen Mijnbouwwet onder INSPIRE\",\"[TNO Geologische Dienst Nederland, TNO Geologische Dienst Nederland, TNO Geologische Dienst Nederland]\",\"[info@dinoloket.nl, info@dinoloket.nl, info@dinoloket.nl]\",\ne1e99000-ec47-4e9f-84a5-adad24fef0dc\",\"Natuurlijke alfa activiteitsconcentratie in lucht Nationaal Meetnet Radioactiviteit 2011\",\"no organisationName found in dataset record\",\"[geodata@rivm.nl, , geodata@rivm.nl]\",\n49ab8bee-b467-486a-96ca-b950443c453a\",\"Beschermde gebieden - Provincies (INSPIRE geharmoniseerd)\",\"[Interprovinciaal Overleg, Interprovinciaal Overleg, Interprovinciaal Overleg]\",\"[inspire@gbo-provincies.nl, inspire@gbo-provincies.nl, inspire@gbo-provincies.nl]\",\n19165027-a13a-4c19-9013-ec1fd191019d\",\"Wetlands (RAMSAR) (INSPIRE Geharmoniseerd)\",\"[, ]\",\"[geodatabeheer.giscc@rvo.nl, geodatabeheer.giscc@rvo.nl, geodatabeheer.giscc@rvo.nl, GeoDesk.CGI@wur.nl, beheer@pdok.nl, , ]\",\nf91c6ad6-62a5-46d0-8a5b-8a62e7a4b833\",\"Gemeten Stikstofmonoxide concentraties in buitenlucht.\",\"no organisationName found in dataset record\",\"[geodata@rivm.nl, geodata@rivm.nl]\",\n32a21114-8694-40ce-ab76-9dcd885c7861\",\"Kwaliteit van drinkwater in Nederland (2012)\",\"[RIVM, ]\",\"[geodata@rivm.nl, , geodata@rivm.nl]\",\n73ec579e-c906-433a-b0b6-d3aa33421558\",\"Luchtvaartinformatie\",\"[Luchtverkeersleiding Nederland (LVNL), Luchtverkeersleiding Nederland (LVNL)]\",\"[AIS@LVNL.NL, AIS@LVNL.nl]\",\nc3c004ad-5387-4b00-a225-9afbcaa5d31b\",\"Geluidkaart hoofdspoornet 2016 (Lden)\",\"[Ministerie van IenW, Ministerie van IenW]\",\"[sylvia.koolmees@minienw.nl, sylvia.koolmees@minienw.nl]\",\n5c37d29a-006d-4136-8989-adfc35a1d4a7\",\"Wijk- en Buurtkaart 2019 versie 1\",\"[Centraal Bureau voor de Statistiek, Centraal Bureau voor de Statistiek, Centraal Bureau voor de Statistiek, Kadaster]\",\"[infoservice@cbs.nl, infoservice@cbs.nl, infoservice@cbs.nl, , ]\",\nd8f370e8-123c-4ab3-9410-04f728327ac6\",\"Gemeten Ozon concentraties in buitenlucht.\",\"no organisationName found in dataset record\",\"[geodata@rivm.nl, geodata@rivm.nl]\",\n4e2ef670-cddd-11dd-ad8b-0800200c9a66\",\"Stads- en Dorpsgezichten\",\"[Rijksdienst voor het Cultureel Erfgoed, Rijksdienst voor het Cultureel Erfgoed, Rijksdienst voor het Cultureel Erfgoed]\",\"[info@cultureelerfgoed.nl, info@cultureelerfgoed.nl, info@cultureelerfgoed.nl]\",\n64c987ec-dce6-11e3-8563-901b0e19e163\",\"Actuele synoptische weerwaarnemingen KNMI Nederland per 10 minuten (24 uur)\",\"[Koninklijk Nederlands Meteorologisch Instituut (KNMI), Koninklijk Nederlands Meteorologisch Instituut (KNMI), Koninklijk Nederlands Meteorologisch Instituut (KNMI)]\",\"[datacentrum@knmi.nl, datacentrum@knmi.nl, datacentrum@knmi.nl]\",\nf5f68d51-2ca4-4897-8227-d3938b2b0a7e\",\"Afvalinrichtingen inclusief nucleaire inrichtingen\",\"[Interprovinciaal Overleg, Interprovinciaal Overleg, Interprovinciaal Overleg]\",\"[inspire@gbo-provincies.nl, inspire@gbo-provincies.nl, inspire@gbo-provincies.nl]\",\ndaa63e4c-dce6-11e3-991e-901b0e19e163\",\"Gecontroleerde klimatologische daggegevens KNMI Nederland\",\"[Koninklijk Nederlands Meteorologisch Instituut (KNMI), Koninklijk Nederlands Meteorologisch Instituut (KNMI), Koninklijk Nederlands Meteorologisch Instituut (KNMI)]\",\"[datacentrum@knmi.nl, datacentrum@knmi.nl, datacentrum@knmi.nl]\",\nb59f06c0-dce5-11e3-9c10-901b0e19e163\",\"Aardbevingen Nederland (KNMI)\",\"[Koninklijk Nederlands Meteorologisch Instituut (KNMI), Koninklijk Nederlands Meteorologisch Instituut (KNMI), Koninklijk Nederlands Meteorologisch Instituut (KNMI)]\",\"[datacentrum@knmi.nl, datacentrum@knmi.nl, datacentrum@knmi.nl]\",\n31de946d-85d4-4c93-bb97-e25f4ef1401a\",\"Vervoersnetwerken - Luchttransport (INSPIRE geharmoniseerd)\",\"[Kadaster, Kadaster]\",\"[PPB-GVA@kadaster.nl, kcc@kadaster.nl]\",\n6f84efeb-fc1d-4565-a721-80735ea57dbd\",\"Rijksmonumenten (verouderd)\",\"[Rijksdienst voor het Cultureel Erfgoed, Rijksdienst voor het Cultureel Erfgoed]\",\"[info@cultureelerfgoed.nl, info@cultureelerfgoed.nl]\",\nd845cef6-0e23-4212-a951-b69763e39ef0\",\"Windsnelheden op 100m hoogte (m/s)\",\"no organisationName found in dataset record\",\"[geodatabeheer.giscc@rvo.nl, geodatabeheer.giscc@rvo.nl, ]\",\nfe45c540-e37d-11e4-b571-0800200c9a66\",\"Zwemwaterlocaties en zwemwaterkwaliteit - monsterpunten\",\"[Interprovinciaal Overleg, Interprovinciaal Overleg, Interprovinciaal Overleg, Interprovinciaal Overleg, Interprovinciaal Overleg]\",\"[inspire@gbo-provincies.nl, inspire@gbo-provincies.nl, inspire@gbo-provincies.nl]\",\n7939fd42-cf88-42c5-ab3b-232cf232a3ac\",\"Actueel Hoogtebestand Nederland 2 (AHN2)\",\"[Rijkswaterstaat, stuurgroep AHN, , Rijkswaterstaat, Rijkswaterstaat]\",\"[servicedesk-data@rijkswaterstaat.nl, servicedesk-data@rijkswaterstaat.nl, , servicedesk-data@rijkswaterstaat.nl, servicedesk-data@rijkswaterstaat.nl]\",\ncf69ec50-9849-4afd-853c-ee56211d336d\",\"Waterstanden en afvoeren actueel - Rijkswaterstaat\",\"[Rijkswaterstaat, Rijkswaterstaat, , Rijkswaterstaat, Rijkswaterstaat]\",\"[servicedesk-data@rijkswaterstaat.nl, servicedesk-data@rijkswaterstaat.nl, , servicedesk-data@rijkswaterstaat.nl, servicedesk-data@rijkswaterstaat.nl]\",\neffe1ab0-073d-437c-af13-df5c5e07d6cd\",\"CBS gebiedsindelingen\",\"[Centraal Bureau voor de Statistiek, Centraal Bureau voor de Statistiek, Centraal Bureau voor de Statistiek, Kadaster]\",\"[infoservice@cbs.nl, infoservice@cbs.nl, infoservice@cbs.nl, , ]\",\nb61a773c-ecad-4e60-93e9-0a4caac0b52f\",\"Olie- en gasvelden onder INSPIRE\",\"[TNO Geologische Dienst Nederland, TNO Geologische Dienst Nederland, TNO Geologische Dienst Nederland]\",\"[info@dinoloket.nl, info@dinoloket.nl, info@dinoloket.nl]\",\nfe2f9091-1962-4073-9e3b-3e4aeed488a5\",\"Beperkingen voor voertuigen (INSPIRE geharmoniseerde data)\",\"[RDW, RDW, RDW]\",\"[ontheffingen@rdw.nl, ontheffingen@rdw.nl, , ]\",\n9ed6b8ed-254a-4745-a09a-3b57137d1b69\",\"Luchtfoto 2019 25cm CIR open data\",\"[Kadaster, Het Waterschapshuis, Kadaster, Geocart, Geocart, Geocart, Kadaster, Kadaster]\",\"[PPB-GVA@kadaster.nl, info@hetwaterschapshuis.nl, kcc@kadaster.nl, , , , , , ]\",\n5800f3b0-2ea2-4231-8165-216a7b26867f\",\"Gemeten Koolstofmonoxide concentraties in buitenlucht.\",\"RIVM\",\"[geodata@rivm.nl, geodata@rivm.nl]\",\nb6ee58a1-b097-4c6d-8600-eb81efc1468c\",\"Productie/industrie-inrichtingen (o.b.v. SBI-codes) uit {Risico Register Gevaarlijke stoffen (RRGS)}\",\"[Interprovinciaal Overleg, Interprovinciaal Overleg, Interprovinciaal Overleg]\",\"[inspire@gbo-provincies.nl, inspire@gbo-provincies.nl, inspire@gbo-provincies.nl]\",\n17716ed7-ce0d-4bfd-8868-a398e5578a36\",\"Ruimtelijke plannen Wro: Ruimtelijkeplannen.nl\",\"[Kadaster, Kadaster]\",\"[PPB-GVA@kadaster.nl, ruimtelijkeplannen@kadaster.nl]\",\na322184d-6285-4856-bb78-f450b30ffc0e\",\"Bathymetrie Nederlands deel van de Noordzee dieper dan 10 m LAT\",\"[Ministerie van Defensie, Koninklijke Marine, Dienst der Hydrografie, Ministerie van Defensie, Koninklijke Marine, Dienst der Hydrografie]\",\"[data@hydro.nl, data@hydro.nl, data@hydro.nl, , ]\",\n002d9127-c16d-4b8d-9f5e-102a8c8e36c4\",\"Geluidkaart hoofdspoornet 2016 (Lnight)\",\"[Ministerie van IenW, Ministerie van IenW]\",\"[sylvia.koolmees@minienw.nl, sylvia.koolmees@minienw.nl]\",\n68ebd5c9-0ea1-4f22-9907-ec4c063cd3e2\",\"Landelijk zoet en zoutwatermeetnet - Rijkswaterstaat\",\"[Rijkswaterstaat, Rijkswaterstaat, , Rijkswaterstaat, Rijkswaterstaat]\",\"[servicedesk-data@rijkswaterstaat.nl, servicedesk-data@rijkswaterstaat.nl, , servicedesk-data@rijkswaterstaat.nl, servicedesk-data@rijkswaterstaat.nl]\",\na5241416-8401-4623-be61-57ef50447a41\",\"Maritieme grenzen - Noordzee\",\"[Ministerie van Defensie, Koninklijke Marine, Dienst der Hydrografie, Ministerie van Defensie, Koninklijke Marine, Dienst der Hydrografie, Ministerie van Defensie, Koninklijke Marine, Dienst der Hydrografie]\",\"[data@hydro.nl, data@hydro.nl, data@hydro.nl, , ]\",\n493ab81b-75f8-4205-b030-6b2fd9eb4295\",\"INSPIRE geharmoniseerde Beschermde Gebieden - Cultuur Historie\",\"[Rijksdienst voor het Cultureel Erfgoed, Rijksdienst voor het Cultureel Erfgoed, Rijksdienst voor het Cultureel Erfgoed]\",\"[info@cultureelerfgoed.nl, info@cultureelerfgoed.nl, info@cultureelerfgoed.nl]\",\nf44dac86-2228-412f-8355-e56446ca9933\",\"Gebieden in de Eemsmonding en de Dollard\",\"[Ministerie van Defensie, Koninklijke Marine, Dienst der Hydrografie, Ministerie van Defensie, Koninklijke Marine, Dienst der Hydrografie]\",\"[data@hydro.nl, data@hydro.nl, data@hydro.nl]\",\n1462bbce-ccd3-4362-83d8-4535ca8f44eb\",\"CBS Vierkantstatistieken 100m\",\"[Centraal Bureau voor de Statistiek, Centraal Bureau voor de Statistiek, Centraal Bureau voor de Statistiek, Centraal Bureau voor de Statistiek]\",\"[infoservice@cbs.nl, infoservice@cbs.nl, infoservice@cbs.nl, ]\",\n58e7dc38-a498-4852-b4ef-908f5baa9056\",\"Begrenzingen van vergunde ontgrondingsgebieden voor zand- en grindwinning\",\"[Interprovinciaal Overleg, Interprovinciaal Overleg, Interprovinciaal Overleg]\",\"[inspire@gbo-provincies.nl, inspire@gbo-provincies.nl, inspire@gbo-provincies.nl]\",\n07575774-57a1-4419-bab4-6c88fdeb02b2\",\"Hydrografie waterschappen INSPIRE\",\"[Het Waterschapshuis, Het Waterschapshuis, Het Waterschapshuis, Het Waterschapshuis]\",\"[datastromen@hetwaterschapshuis.nl, datastromen@hetwaterschapshuis.nl, , datastromen@hetwaterschapshuis.nl]\",\n71c2b7d2-a1a8-4836-b8d4-7247d331b04d\",\"CBS Provincies 2012\",\"[Centraal Bureau voor de Statistiek, Centraal Bureau voor de Statistiek, Centraal Bureau voor de Statistiek, Kadaster]\",\"[infoservice@cbs.nl, infoservice@cbs.nl, infoservice@cbs.nl, , ]\",\ndf5ee213-e1bd-433b-80f7-4ea20f493ca8\",\"Zwemwaterkwaliteit (provinciaal en Rijkswateren) uit {Zwemwaterregister}\",\"[Interprovinciaal Overleg, Interprovinciaal Overleg, Interprovinciaal Overleg]\",\"[inspire@gbo-provincies.nl, inspire@gbo-provincies.nl, inspire@gbo-provincies.nl]\",\nf8d840bc-18df-4449-b797-b9adcb81d3ec\",\"Emissies naar lucht en water in 2015 vanuit de industrie\",\"no organisationName found in dataset record\",\"[emissieregistratie@rivm.nl, , emissieregistratie@rivm.nl]\",\n88f76a94-ee4d-4e0c-9fde-91b692403e39\",\"Natuurbranden\",\"[Interprovinciaal Overleg, Interprovinciaal Overleg, Interprovinciaal Overleg]\",\"[inspire@gbo-provincies.nl, inspire@gbo-provincies.nl, inspire@gbo-provincies.nl]\",\nwt-83730-e750-485a-9c0c-39bf9be72cf8\",\"Menselijke gezondheid en veiligheid - geluidbelasting rijkswegen 2016 (INSPIRE geharmoniseerd)\",\"[Rijkswaterstaat, Rijkswaterstaat, , Rijkswaterstaat, Wetransform]\",\"[servicedesk-data@rijkswaterstaat.nl, servicedesk-data@rijkswaterstaat.nl, , servicedesk-data@rijkswaterstaat.nl, info@wetransform.to]\",\nadn73c4a-ef03-4785-b7f6-942e86b385f7\",\"Bathymetrie Nederland - binnenwateren\",\"[Rijkswaterstaat, Rijkswaterstaat, , Rijkswaterstaat, Rijkswaterstaat]\",\"[servicedesk-data@rijkswaterstaat.nl, servicedesk-data@rijkswaterstaat.nl, , servicedesk-data@rijkswaterstaat.nl, servicedesk-data@rijkswaterstaat.nl]\",\nror-9d8e-4758-83fx-28b057f185g1\",\"Richtlijn Overstromingsrisico - gebieden met Potentieel Significant Overstromingsrisico EU2018 lijnen\",\"[Rijkswaterstaat, Rijkswaterstaat, , Rijkswaterstaat, Rijkswaterstaat]\",\"[servicedesk-data@rijkswaterstaat.nl, servicedesk-data@rijkswaterstaat.nl, , servicedesk-data@rijkswaterstaat.nl, servicedesk-data@rijkswaterstaat.nl]\",\n1be28290-55fa-4486-b9d3-b9d147117863\",\"Luchtfoto 2016 25cm CIR open data\",\"[Kadaster, Het Waterschapshuis, Kadaster, Eurosense, Eurosense, Eurosense, Kadaster, Kadaster]\",\"[PPB-GVA@kadaster.nl, info@hetwaterschapshuis.nl, kcc@kadaster.nl, , , , , , ]\",\nE7D9F0D6-2B8D-6699-F26E-4A781228F2DD\",\"BRO REGIS II Hydrogeologisch model (HGM)\",\"[TNO Geologische Dienst Nederland, TNO Geologische Dienst Nederland, TNO Geologische Dienst Nederland]\",\"[info@bro.nl, info@bro.nl, info@dinoloket.nl]\",\n3387ef8a-9237-453a-aa4e-585d1e193550\",\"Nationaal Beschermde Gebieden (CDDA) (INSPIRE geharmoniseerd)\",\"[Ministerie van Economische Zaken - GIS Competence Center, Ministerie van Landbouw, Natuur en Voedselkwaliteit, Ministerie van Economische Zaken - GIS Competence Center]\",\"[geodatabeheer.giscc@rvo.nl, geodatabeheer.giscc@rvo.nl, geodatabeheer.giscc@rvo.nl]\",\n7D35598D-DFBF-C64D-0F1A-92A80A45EB14\",\"BRO GeoTOP (GTM)\",\"[TNO Geologische Dienst Nederland, TNO Geologische Dienst Nederland, TNO Geologische Dienst Nederland]\",\"[info@bro.nl, info@bro.nl, info@dinoloket.nl]\",\n03671a9e-6aaf-464d-be99-9aad25cef9e3\",\"Habitatrichtlijn verspreidingsgebied van habitattypen\",\"[Ministerie van Economische Zaken - GIS Competence Center, , Wageningen Environmental Research (Alterra), PDOK, Alterra]\",\"[geodatabeheer.giscc@rvo.nl, , GeoDesk.CGI@wur.nl, geodatabeheer.giscc@rvo.nl, beheerPDOK@kadaster.nl, ]\",\n60a2a7c2-d5b3-4ad5-b562-c448695357fb\",\"Nationale Landschappen\",\"[Interprovinciaal Overleg, Interprovinciaal Overleg, Interprovinciaal Overleg]\",\"[inspire@gbo-provincies.nl, inspire@gbo-provincies.nl, inspire@gbo-provincies.nl]\",\nuwwtd-9d8e-4758-83fa-28b057f185e2\",\"Richtlijn Stedelijk Afvalwater - lozingspunten Nederland EU2015\",\"[Rijkswaterstaat, Rijkswaterstaat, , Rijkswaterstaat, Rijkswaterstaat]\",\"[servicedesk-data@rijkswaterstaat.nl, servicedesk-data@rijkswaterstaat.nl, , servicedesk-data@rijkswaterstaat.nl, servicedesk-data@rijkswaterstaat.nl]\",\nF646DFB9-5BF6-EAB9-042B-CAB6FF2DC275\",\"BRO Digital Geological Model (DGM)\",\"[TNO Geologische Dienst Nederland, TNO Geologische Dienst Nederland, TNO Geologische Dienst Nederland]\",\"[info@bro.nl, info@bro.nl, info@dinoloket.nl]\",\n1a40eb6f-4f33-4e15-a0b1-2d350ad2636e\",\"Geografische Namen (INSPIRE geharmoniseerd)\",\"[Kadaster, Kadaster]\",\"[PPB-GVA@kadaster.nl, kcc@kadaster.nl]\",\n6c1cf452-8c62-4046-99ab-640a5e184f9c\",\"Geologisch booronderzoek onder INSPIRE\",\"[TNO Geologische Dienst Nederland, TNO Geologische Dienst Nederland, TNO Geologische Dienst Nederland]\",\"[info@dinoloket.nl, info@dinoloket.nl, info@dinoloket.nl]\",\n34e95842-4e4e-46de-9198-79e8cd4d30dc\",\"Geografische Namen (Nat) - Nederland\",\"[Ministerie van Defensie, Koninklijke Marine, Dienst der Hydrografie, Ministerie van Defensie, Koninklijke Marine, Dienst der Hydrografie, Ministerie van Defensie, Koninklijke Marine, Dienst der Hydrografie]\",\"[data@hydro.nl, data@hydro.nl, data@hydro.nl, , ]\",\n8f45b8ef-0ce8-463a-9059-5efdcecb785c\",\"Vervoersnetwerken - Wegen (INSPIRE geharmoniseerd)\",\"[Kadaster, Kadaster]\",\"[PPB-GVA@kadaster.nl, kcc@kadaster.nl]\",\n0d6ccccc-7cfb-4eaa-8dc5-8b433d19b121\",\"Landbouwbedrijven\",\"no organisationName found in dataset record\",\"[geodatabeheer.giscc@rvo.nl, gegevensvragenASB@rvo.nl, gegevensvragenASB@rvo.nl]\",\nafc450bd-65b3-4e59-b0fb-619869bf6ada\",\"Landelijk grondwaterregister - Faciliteiten voor productie en industrie\",\"[Interprovinciaal Overleg, Interprovinciaal Overleg, Interprovinciaal Overleg, Interprovinciaal Overleg, Interprovinciaal Overleg]\",\"[inspire@gbo-provincies.nl, inspire@gbo-provincies.nl, inspire@gbo-provincies.nl, , ]\",\n588a4cb1-b442-4ac1-87e4-40401e353166\",\"Jaarcijfers Landelijk Meetnet Luchtkwaliteit 2012\",\"no organisationName found in dataset record\",\"[geodata@rivm.nl, , geodata@rivm.nl]\",\n29c17585-e702-463f-a5dc-99d34b17d333\",\"RDinfo\",\"[Kadaster, Dienst van Het Kadaster en Openbare Registers, Dienst voor het Kadaster en de Openbare Registers]\",\"[PPB-GVA@kadaster.nl, kcc@kadaster.nl, rd@kadaster.nl]\",\n7f5d7945-8fa8-4d36-be4c-2fdb3c7d613b\",\"Luchtfoto 2018 25cm CIR open data\",\"[Kadaster, Het Waterschapshuis, Kadaster, Eurosense, Eurosense, Eurosense, Kadaster, Kadaster]\",\"[PPB-GVA@kadaster.nl, info@hetwaterschapshuis.nl, kcc@kadaster.nl, , , , , , ]\",\n50eef6be-619d-4e16-9b92-48971109b636\",\"Geluidbelasting rijkswegen in Nederland 2011 (nacht gemiddelde)\",\"[Rijkswaterstaat, Rijkswaterstaat, , Rijkswaterstaat, Rijkswaterstaat]\",\"[servicedesk-data@rijkswaterstaat.nl, servicedesk-data@rijkswaterstaat.nl, , servicedesk-data@rijkswaterstaat.nl, servicedesk-data@rijkswaterstaat.nl]\",\n280ed37a-b8d2-4ac5-8567-04d84fad3a41\",\"Natura 2000 (INSPIRE geharmoniseerd)\",\"Ministerie van Landbouw, Natuur en Voedselkwaliteit\",\"[geodatabeheer.giscc@rvo.nl, geodatabeheer.giscc@rvo.nl, beheer@pdok.nl]\",\n",
  "requestTimeStamp": 1600440167443,
  "env": "dev",
  "myVarName": "someValue",
  "knownlinks": [
    "http://creativecommons.org/licenses/by/3.0/deed.nl",
    "http://creativecommons.org/licenses/by/3.0/nl/",
    "http://creativecommons.org/licenses/by/4.0/deed.nl",
    "http://creativecommons.org/publicdomain/mark/1.0/deed.nl",
    "http://creativecommons.org/publicdomain/zero/1.0/deed.nl",
    "http://data.europa.eu/eli/reg/2010/1089",
    "http://inspire.ec.europa.eu/applicationschema",
    "http://inspire.ec.europa.eu/applicationschema/of",
    "http://inspire.ec.europa.eu/id/document/tg/am",
    "http://inspire.ec.europa.eu/id/document/tg/au",
    "http://inspire.ec.europa.eu/id/document/tg/ef",
    "http://inspire.ec.europa.eu/id/document/tg/el",
    "http://inspire.ec.europa.eu/id/document/tg/hh",
    "http://inspire.ec.europa.eu/id/document/tg/hy",
    "http://inspire.ec.europa.eu/id/document/tg/nz",
    "http://inspire.ec.europa.eu/id/document/tg/of",
    "http://inspire.ec.europa.eu/id/document/tg/pf",
    "http://inspire.ec.europa.eu/id/document/tg/ps",
    "http://inspire.ec.europa.eu/id/document/tg/tn",
    "http://inspire.ec.europa.eu/id/document/tg/us",
    "http://inspire.ec.europa.eu/media-types/application/x-shapefile",
    "http://inspire.ec.europa.eu/metadata-codelist/ConditionsApplyingToAccessAndUse/noConditionsApply",
    "http://inspire.ec.europa.eu/metadata-codelist/LimitationsOnPublicAccess/INSPIRE_Directive_Article13_1f",
    "http://inspire.ec.europa.eu/metadata-codelist/LimitationsOnPublicAccess/noLimitations",
    "http://inspire.ec.europa.eu/metadata-codelist/OnLineDescriptionCode/accessPoint",
    "http://inspire.ec.europa.eu/metadata-codelist/OnLineDescriptionCode/endPoint",
    "http://inspire.ec.europa.eu/metadata-codelist/PriorityDataset",
    "http://inspire.ec.europa.eu/metadata-codelist/PriorityDataset#",
    "http://inspire.ec.europa.eu/metadata-codelist/PriorityDataset/ActualPollutantReleases-reg-2006-166",
    "http://inspire.ec.europa.eu/metadata-codelist/PriorityDataset/Agglomerations-dir-1991-271",
    "http://inspire.ec.europa.eu/metadata-codelist/PriorityDataset/BirdSpeciesDistribution-dir-2009-147",
    "http://inspire.ec.europa.eu/metadata-codelist/PriorityDataset/BirdsRange-dir-2009-147",
    "http://inspire.ec.europa.eu/metadata-codelist/PriorityDataset/CoastalWaters-dir-2000-60",
    "http://inspire.ec.europa.eu/metadata-codelist/PriorityDataset/DischargePointsToReceivingWaters-dir-1991-271",
    "http://inspire.ec.europa.eu/metadata-codelist/PriorityDataset/DrinkingWaterAbstractionPoints-dir-1998-83",
    "http://inspire.ec.europa.eu/metadata-codelist/PriorityDataset/EstablishmentsInvolvingDangerousSubstances-dir-2012-18",
    "http://inspire.ec.europa.eu/metadata-codelist/PriorityDataset/FloodedAreas-dir-2007-60",
    "http://inspire.ec.europa.eu/metadata-codelist/PriorityDataset/FloodRiskZones-dir-2007-60",
    "http://inspire.ec.europa.eu/metadata-codelist/PriorityDataset/HabitatTypesDistribution-dir-1992-43",
    "http://inspire.ec.europa.eu/metadata-codelist/PriorityDataset/HabitatTypesRange-dir-1992-43",
    "http://inspire.ec.europa.eu/metadata-codelist/PriorityDataset/IndustrialSites-EURegistry-reg-2006-166",
    "http://inspire.ec.europa.eu/metadata-codelist/PriorityDataset/InvasiveAlienSpeciesDistribution-reg-2014-1143",
    "http://inspire.ec.europa.eu/metadata-codelist/PriorityDataset/Lakes-dir-2000-60",
    "http://inspire.ec.europa.eu/metadata-codelist/PriorityDataset/MajorAirportsNoiseExposureDelineationDEN-dir-2002-49",
    "http://inspire.ec.europa.eu/metadata-codelist/PriorityDataset/MajorAirportsNoiseExposureDelineationNight-dir-2002-49",
    "http://inspire.ec.europa.eu/metadata-codelist/PriorityDataset/MajorRailwaysNoiseExposureDelineationDEN-dir-2002-49",
    "http://inspire.ec.europa.eu/metadata-codelist/PriorityDataset/MajorRailwaysNoiseExposureDelineationNight-dir-2002-49",
    "http://inspire.ec.europa.eu/metadata-codelist/PriorityDataset/MajorRoadsNoiseExposureDelineation-dir-2002-49",
    "http://inspire.ec.europa.eu/metadata-codelist/PriorityDataset/MajorRoadsNoiseExposureDelineationDEN-dir-2002-49",
    "http://inspire.ec.europa.eu/metadata-codelist/PriorityDataset/ManagementUnits-dir-2007-60",
    "http://inspire.ec.europa.eu/metadata-codelist/PriorityDataset/MarineAssessmentUnits-dir-2008-56",
    "http://inspire.ec.europa.eu/metadata-codelist/PriorityDataset/MonitoringStations-dir-2000-60",
    "http://inspire.ec.europa.eu/metadata-codelist/PriorityDataset/MonitoringStations-dir-2008-56",
    "http://inspire.ec.europa.eu/metadata-codelist/PriorityDataset/MSFDReportingUnits-dir-2008-56",
    "http://inspire.ec.europa.eu/metadata-codelist/PriorityDataset/NationallyDesignatedAreasCDDA",
    "http://inspire.ec.europa.eu/metadata-codelist/PriorityDataset/Natura2000Sites-dir-1992-43",
    "http://inspire.ec.europa.eu/metadata-codelist/PriorityDataset/Natura2000Sites-dir-2009-147",
    "http://inspire.ec.europa.eu/metadata-codelist/PriorityDataset/RiverBasinDistricts-dir-2000-60",
    "http://inspire.ec.europa.eu/metadata-codelist/PriorityDataset/RiverBasinDistrictsSubUnits-dir-2000-60",
    "http://inspire.ec.europa.eu/metadata-codelist/PriorityDataset/Rivers-dir-2000-60",
    "http://inspire.ec.europa.eu/metadata-codelist/PriorityDataset/SpeciesDistribution-dir-1992-43",
    "http://inspire.ec.europa.eu/metadata-codelist/PriorityDataset/SpeciesRange-dir-1992-43",
    "http://inspire.ec.europa.eu/metadata-codelist/PriorityDataset/SurfaceWaterBodies-dir-2000-60",
    "http://inspire.ec.europa.eu/metadata-codelist/PriorityDataset/TransitionalWaters-dir-2000-60",
    "http://inspire.ec.europa.eu/metadata-codelist/PriorityDataset/UrbanWasteWaterTreatmentPlants-dir-1991-271",
    "http://inspire.ec.europa.eu/metadata-codelist/SpatialDataServiceType/download",
    "http://inspire.ec.europa.eu/metadata-codelist/SpatialDataServiceType/http://inspire.ec.europa.eu/metadata-codelist/SpatialDataServiceType/download",
    "http://inspire.ec.europa.eu/metadata-codelist/SpatialDataServiceType/other",
    "http://inspire.ec.europa.eu/metadata-codelist/SpatialDataServiceType/view",
    "http://inspire.ec.europa.eu/metadata-codelist/SpatialScope",
    "http://inspire.ec.europa.eu/metadata-codelist/SpatialScope/european",
    "http://inspire.ec.europa.eu/metadata-codelist/SpatialScope/national",
    "http://inspire.ec.europa.eu/schemas/am/4.0/AreaManagementRestrictionRegulationZone.xsd",
    "http://inspire.ec.europa.eu/schemas/ef/4.0/EnvironmentalMonitoringFacilities.xsd",
    "http://inspire.ec.europa.eu/schemas/el-bas/4.0/ElevationBaseTypes.xsd",
    "http://inspire.ec.europa.eu/schemas/hh/4.0/HumanHealth.xsd",
    "http://inspire.ec.europa.eu/schemas/hy-n/4.0/HydroNetwork.xsd",
    "http://inspire.ec.europa.eu/schemas/hy/4.0/HydroBase.xsd",
    "http://inspire.ec.europa.eu/schemas/mu/3.0/MaritimeUnits.xsd",
    "http://inspire.ec.europa.eu/schemas/nz-core/4.0/NaturalRiskZonesCore.xsd",
    "http://inspire.ec.europa.eu/schemas/nz/0.0/NaturalRiskZones.xsd",
    "http://inspire.ec.europa.eu/schemas/of/4.0/OceanFeatures.xsd",
    "http://inspire.ec.europa.eu/schemas/pf/4.0/ProductionAndIndustrialFacilities.xsd",
    "http://inspire.ec.europa.eu/schemas/ps/4.0/ProtectedSites.xsd",
    "http://inspire.ec.europa.eu/schemas/tn-ro/4.0/RoadTransportNetwork.xsd",
    "http://inspire.ec.europa.eu/schemas/tn-w/4.0/WaterTransportNetwork.xsd",
    "http://inspire.ec.europa.eu/schemas/tn/4.0/CommonTransportElements.xsd",
    "http://inspire.ec.europa.eu/schemas/us-govserv/4.0/GovernmentalServices.xsd",
    "http://inspire.ec.europa.eu/theme#",
    "http://standaarden.overheid.nl/owms/terms/Ministerie_van_Economische_Zaken",
    "http://standaarden.overheid.nl/owms/terms/Rijksinstituut_voor_Volksgezondheid_en_Milieu",
    "http://standaarden.overheid.nl/owms/terms/RVO",
    "http://www.eionet.europa.eu/gemet/inspire_themes",
    "http://www.eionet.europa.eu/gemet/nl/inspire-theme/ac",
    "http://www.eionet.europa.eu/gemet/nl/inspire-theme/ad",
    "http://www.eionet.europa.eu/gemet/nl/inspire-theme/af",
    "http://www.eionet.europa.eu/gemet/nl/inspire-theme/am",
    "http://www.eionet.europa.eu/gemet/nl/inspire-theme/au",
    "http://www.eionet.europa.eu/gemet/nl/inspire-theme/bu",
    "http://www.eionet.europa.eu/gemet/nl/inspire-theme/cp",
    "http://www.eionet.europa.eu/gemet/nl/inspire-theme/ef",
    "http://www.eionet.europa.eu/gemet/nl/inspire-theme/er",
    "http://www.eionet.europa.eu/gemet/nl/inspire-theme/ge",
    "http://www.eionet.europa.eu/gemet/nl/inspire-theme/gn",
    "http://www.eionet.europa.eu/gemet/nl/inspire-theme/hb",
    "http://www.eionet.europa.eu/gemet/nl/inspire-theme/hh",
    "http://www.eionet.europa.eu/gemet/nl/inspire-theme/hy",
    "http://www.eionet.europa.eu/gemet/nl/inspire-theme/lc",
    "http://www.eionet.europa.eu/gemet/nl/inspire-theme/lu",
    "http://www.eionet.europa.eu/gemet/nl/inspire-theme/mf",
    "http://www.eionet.europa.eu/gemet/nl/inspire-theme/nz",
    "http://www.eionet.europa.eu/gemet/nl/inspire-theme/of",
    "http://www.eionet.europa.eu/gemet/nl/inspire-theme/oi",
    "http://www.eionet.europa.eu/gemet/nl/inspire-theme/pd",
    "http://www.eionet.europa.eu/gemet/nl/inspire-theme/pf",
    "http://www.eionet.europa.eu/gemet/nl/inspire-theme/ps",
    "http://www.eionet.europa.eu/gemet/nl/inspire-theme/rs",
    "http://www.eionet.europa.eu/gemet/nl/inspire-theme/sd",
    "http://www.eionet.europa.eu/gemet/nl/inspire-theme/so",
    "http://www.eionet.europa.eu/gemet/nl/inspire-theme/sr",
    "http://www.eionet.europa.eu/gemet/nl/inspire-theme/su",
    "http://www.eionet.europa.eu/gemet/nl/inspire-theme/tn",
    "http://www.eionet.europa.eu/gemet/nl/inspire-theme/us",
    "http://www.iana.org/assignments/media-types/application/gml+xml",
    "http://www.opengeospatial.org/standards/sos",
    "http://www.opengeospatial.org/standards/wcs",
    "http://www.opengeospatial.org/standards/wfs",
    "http://www.opengeospatial.org/standards/wms",
    "http://www.opengeospatial.org/standards/wmts",
    "http://www.opengis.net/def/crs/EPSG/0/3034",
    "http://www.opengis.net/def/crs/EPSG/0/3035",
    "http://www.opengis.net/def/crs/EPSG/0/3857",
    "http://www.opengis.net/def/crs/EPSG/0/4258",
    "http://www.opengis.net/def/crs/EPSG/0/4326",
    "http://www.opengis.net/def/crs/EPSG/0/5709",
    "http://www.opengis.net/def/crs/EPSG/0/5730",
    "http://www.opengis.net/def/crs/EPSG/0/5861",
    "http://www.opengis.net/def/crs/EPSG/0/23031",
    "http://www.opengis.net/def/crs/EPSG/0/25831",
    "http://www.opengis.net/def/crs/EPSG/0/25832",
    "http://www.opengis.net/def/crs/EPSG/0/28992",
    "http://www.opengis.net/def/crs/EPSG/0/EPSG:4326",
    "http://www.opengis.net/def/crs/EPSG/0/EPSG:28992",
    "http://www.opengis.net/def/crs/EPSG/0/epsg:28992",
    "http://www.opengis.net/def/serviceType/ogc/wcs",
    "http://www.opengis.net/def/serviceType/ogc/wfs",
    "http://www.opengis.net/def/serviceType/ogc/wms",
    "http://www.opengis.net/def/serviceType/ogc/wmts",
    "http://www.wur.nl/nl/Expertises-Dienstverlening/Onderzoeksinstituten/Environmental-Research.htm",
    "https://ec.europa.eu/eurostat/web/health/data/database",
    "https://geodata.cbs.nl/files/INSPIRE",
    "https://geodata.nationaalgeoregister.nl/elu/atom/elu.xml",
    "https://inspire.ec.europa.eu/id/document/tg/au",
    "https://inspire.ec.europa.eu/id/document/tg/of",
    "https://inspire.ec.europa.eu/id/document/tg/ps",
    "https://inspire.ec.europa.eu/schemas/ps/4.0/ProtectedSites.xsd",
    "https://ngr.geocat.live/geonetwork/srv/eng/thesaurus.download?ref=external.theme.httpinspireeceuropaeumetadatacodelistSpatialScope-SpatialScope",
    "https://tools.ietf.org/html/rfc4287",
    "https://tools.ietf.org/html/rfc5023",
    "https://www.cbs.nl/-/media/cbs/dossiers/nederland%20regionaal/wijk-en-buurtstatistieken/shape%202017%20versie%2020.zip",
    "https://www.cbs.nl/nl-nl/dossier/nederland-regionaal/geografische-data/wijk-en-buurtkaart-2016",
    "https://www.cbs.nl/nl-nl/dossier/nederland-regionaal/geografische-data/wijk-en-buurtkaart-2018",
    "https://www.cbs.nl/nl-nl/dossier/nederland-regionaal/geografische-data/wijk-en-buurtkaart-2019",
    "https://www.iana.org/assignments/media-types/application/gml+xml",
    "https://www.iana.org/assignments/media-types/application/zip",
    "https://www.iana.org/assignments/media-types/image/png",
    "https://www.nationaalgeoregister.nl",
    "https://www.nationaalgeoregister.nl/geonetwork/srv/eng/thesaurus.download?ref=external.theme.httpinspireeceuropaeumetadatacodelistPriorityDataset-PriorityDataset",
    "https://www.nationaalgeoregister.nl/geonetwork/srv/eng/thesaurus.download?ref=external.theme.httpinspireeceuropaeumetadatacodelistSpatialScope-SpatialScope",
    "https://www.nationaalgeoregister.nl/geonetwork/srv/eng/thesaurus.download?ref=external.theme.httpinspireeceuropaeutheme-theme",
    "https://www.nationaalgeoregister.nl:443/geonetwork/srv/eng/thesaurus.download?ref=external.theme.httpinspireeceuropaeuapplicationschema-applicationschema",
    "https://www.nationaalgeoregister.nl:443/geonetwork/srv/eng/thesaurus.download?ref=external.theme.httpinspireeceuropaeumetadatacodelistPriorityDataset-PriorityDataset",
    "https://www.nationaalgeoregister.nl:443/geonetwork/srv/eng/thesaurus.download?ref=external.theme.httpinspireeceuropaeumetadatacodelistSpatialScope-SpatialScope",
    "https://www.nationaalgeoregister.nl:443/geonetwork/srv/eng/thesaurus.download?ref=external.theme.httpinspireeceuropaeutheme-theme"
  ],
  "responseStatus": 200,
  "__loop": -1,
  "responseCookies": null
}

14:42:47.802 [ForkJoinPool-1-worker-3] INFO  com.intuit.karate - [print]
14:42:47.857 [ForkJoinPool-1-worker-3] INFO  com.intuit.karate - [print] testing xlinkurl:http://inspire.ec.europa.eu/applicationschema
14:42:47.853 [ForkJoinPool-1-worker-11] INFO  com.intuit.karate - [print] [
  "http://inspire.ec.europa.eu/id/document/tg/au"
]

14:42:47.853 [ForkJoinPool-1-worker-13] INFO  com.intuit.karate - [print] [
  "http://inspire.ec.europa.eu/id/document/tg/am"
]

14:42:47.939 [ForkJoinPool-1-worker-13] INFO  com.intuit.karate - [print]
14:42:47.940 [ForkJoinPool-1-worker-11] INFO  com.intuit.karate - [print]
14:42:47.948 [ForkJoinPool-1-worker-13] INFO  com.intuit.karate - [print] testing xlinkurl:http://inspire.ec.europa.eu/id/document/tg/am
14:42:47.949 [ForkJoinPool-1-worker-11] INFO  com.intuit.karate - [print] testing xlinkurl:http://inspire.ec.europa.eu/id/document/tg/au
14:42:48.005 [ForkJoinPool-1-worker-9] INFO  com.intuit.karate - [print] [
  "http://inspire.ec.europa.eu/id/document/tg/ef"
]

14:42:48.009 [pool-1-thread-3] INFO  com.intuit.karate.Runner - <<pass>> feature 3 of 9: classpath:InspireTest/ngr/datasetrecords/def/getcswcapabilities.feature
---------------------------------------------------------
feature: classpath:InspireTest/ngr/datasetrecords/def/getcswcapabilities.feature
report: target/surefire-reports/InspireTest.ngr.datasetrecords.def.getcswcapabilities.json
scenarios:  2 | passed:  2 | failed:  0 | time: 1.7981
---------------------------------------------------------
14:42:48.018 [ForkJoinPool-1-worker-9] INFO  com.intuit.karate - [print]
14:42:48.019 [ForkJoinPool-1-worker-9] INFO  com.intuit.karate - [print] testing xlinkurl:http://inspire.ec.europa.eu/id/document/tg/ef
14:42:48.091 [pool-1-thread-6] INFO  com.intuit.karate.Runner - <<fail>> feature 9 of 9: classpath:InspireTest/ngr/datasetrecords/check-known-dataset-record.feature
---------------------------------------------------------
feature: classpath:InspireTest/ngr/datasetrecords/check-known-dataset-record.feature
report: target/surefire-reports/InspireTest.ngr.datasetrecords.check-known-dataset-record.json
scenarios:  1 | passed:  0 | failed:  1 | time: 0.5440
---------------------------------------------------------
14:42:49.315 [ForkJoinPool-1-worker-11] INFO  com.intuit.karate - [print] [
  "http://inspire.ec.europa.eu/id/document/tg/el"
]

14:42:49.324 [ForkJoinPool-1-worker-11] INFO  com.intuit.karate - [print]
14:42:49.332 [ForkJoinPool-1-worker-11] INFO  com.intuit.karate - [print] testing xlinkurl:http://inspire.ec.europa.eu/id/document/tg/el
14:42:49.385 [ForkJoinPool-1-worker-9] INFO  com.intuit.karate - [print] [
  "http://inspire.ec.europa.eu/id/document/tg/hh"
]

14:42:49.394 [ForkJoinPool-1-worker-9] INFO  com.intuit.karate - [print]
14:42:49.398 [ForkJoinPool-1-worker-13] INFO  com.intuit.karate - [print] [
  "http://inspire.ec.europa.eu/id/document/tg/hy"
]

14:42:49.409 [ForkJoinPool-1-worker-9] INFO  com.intuit.karate - [print] testing xlinkurl:http://inspire.ec.europa.eu/id/document/tg/hh
14:42:49.415 [ForkJoinPool-1-worker-13] INFO  com.intuit.karate - [print]
14:42:49.425 [ForkJoinPool-1-worker-13] INFO  com.intuit.karate - [print] testing xlinkurl:http://inspire.ec.europa.eu/id/document/tg/hy
14:42:50.092 [ForkJoinPool-1-worker-11] INFO  com.intuit.karate - [print] [
  "http://inspire.ec.europa.eu/id/document/tg/nz"
]

14:42:50.106 [ForkJoinPool-1-worker-11] INFO  com.intuit.karate - [print]
14:42:50.108 [ForkJoinPool-1-worker-11] INFO  com.intuit.karate - [print] testing xlinkurl:http://inspire.ec.europa.eu/id/document/tg/nz
14:42:50.132 [ForkJoinPool-1-worker-13] INFO  com.intuit.karate - [print] [
  "http://inspire.ec.europa.eu/id/document/tg/of"
]

14:42:50.147 [ForkJoinPool-1-worker-13] INFO  com.intuit.karate - [print]
14:42:50.148 [ForkJoinPool-1-worker-13] INFO  com.intuit.karate - [print] testing xlinkurl:http://inspire.ec.europa.eu/id/document/tg/of
14:42:50.149 [ForkJoinPool-1-worker-9] INFO  com.intuit.karate - [print] [
  "http://inspire.ec.europa.eu/id/document/tg/pf"
]

14:42:50.166 [ForkJoinPool-1-worker-9] INFO  com.intuit.karate - [print]
14:42:50.167 [ForkJoinPool-1-worker-9] INFO  com.intuit.karate - [print] testing xlinkurl:http://inspire.ec.europa.eu/id/document/tg/pf
14:42:50.812 [ForkJoinPool-1-worker-11] INFO  com.intuit.karate - [print] [
  "http://inspire.ec.europa.eu/id/document/tg/ps"
]

14:42:50.828 [ForkJoinPool-1-worker-11] INFO  com.intuit.karate - [print]
14:42:50.830 [ForkJoinPool-1-worker-11] INFO  com.intuit.karate - [print] testing xlinkurl:http://inspire.ec.europa.eu/id/document/tg/ps
14:42:50.855 [ForkJoinPool-1-worker-13] INFO  com.intuit.karate - [print] [
  "http://inspire.ec.europa.eu/id/document/tg/tn"
]

14:42:50.861 [ForkJoinPool-1-worker-13] INFO  com.intuit.karate - [print]
14:42:50.863 [ForkJoinPool-1-worker-13] INFO  com.intuit.karate - [print] testing xlinkurl:http://inspire.ec.europa.eu/id/document/tg/tn
14:42:50.969 [ForkJoinPool-1-worker-7] INFO  com.intuit.karate - [print] [
  "http://inspire.ec.europa.eu/id/document/tg/us"
]

14:42:50.983 [ForkJoinPool-1-worker-7] INFO  com.intuit.karate - [print]
14:42:50.985 [ForkJoinPool-1-worker-7] INFO  com.intuit.karate - [print] testing xlinkurl:http://inspire.ec.europa.eu/id/document/tg/us
14:42:51.336 [ForkJoinPool-1-worker-9] INFO  com.intuit.karate - [print] [
  "http://inspire.ec.europa.eu/media-types/application/x-shapefile"
]

14:42:51.342 [ForkJoinPool-1-worker-9] INFO  com.intuit.karate - [print]
14:42:51.345 [ForkJoinPool-1-worker-9] INFO  com.intuit.karate - [print] testing xlinkurl:http://inspire.ec.europa.eu/media-types/application/x-shapefile
14:42:51.532 [ForkJoinPool-1-worker-11] INFO  com.intuit.karate - [print] [
  "http://inspire.ec.europa.eu/metadata-codelist/ConditionsApplyingToAccessAndUse/noConditionsApply"
]

14:42:51.544 [ForkJoinPool-1-worker-11] INFO  com.intuit.karate - [print]
14:42:51.544 [ForkJoinPool-1-worker-11] INFO  com.intuit.karate - [print] testing xlinkurl:http://inspire.ec.europa.eu/metadata-codelist/ConditionsApplyingToAccessAndUse/noConditionsApply
14:42:51.570 [ForkJoinPool-1-worker-13] INFO  com.intuit.karate - [print] [
  "http://inspire.ec.europa.eu/metadata-codelist/LimitationsOnPublicAccess/INSPIRE_Directive_Article13_1f"
]

14:42:51.579 [ForkJoinPool-1-worker-13] INFO  com.intuit.karate - [print]
14:42:51.580 [ForkJoinPool-1-worker-13] INFO  com.intuit.karate - [print] testing xlinkurl:http://inspire.ec.europa.eu/metadata-codelist/LimitationsOnPublicAccess/INSPIRE_Directive_Article13_1f
14:42:51.680 [ForkJoinPool-1-worker-7] INFO  com.intuit.karate - [print] [
  "http://inspire.ec.europa.eu/metadata-codelist/LimitationsOnPublicAccess/noLimitations"
]

14:42:51.692 [ForkJoinPool-1-worker-7] INFO  com.intuit.karate - [print]
14:42:51.693 [ForkJoinPool-1-worker-7] INFO  com.intuit.karate - [print] testing xlinkurl:http://inspire.ec.europa.eu/metadata-codelist/LimitationsOnPublicAccess/noLimitations
14:42:52.405 [ForkJoinPool-1-worker-7] INFO  com.intuit.karate - [print] [
  "http://inspire.ec.europa.eu/metadata-codelist/OnLineDescriptionCode/accessPoint"
]

14:42:52.411 [ForkJoinPool-1-worker-7] INFO  com.intuit.karate - [print]
14:42:52.418 [ForkJoinPool-1-worker-7] INFO  com.intuit.karate - [print] testing xlinkurl:http://inspire.ec.europa.eu/metadata-codelist/OnLineDescriptionCode/accessPoint
14:42:57.486 [ForkJoinPool-1-worker-9] INFO  com.intuit.karate - [print] [
  "http://inspire.ec.europa.eu/metadata-codelist/OnLineDescriptionCode/endPoint"
]

14:42:57.493 [ForkJoinPool-1-worker-9] INFO  com.intuit.karate - [print]
14:42:57.493 [ForkJoinPool-1-worker-9] INFO  com.intuit.karate - [print] testing xlinkurl:http://inspire.ec.europa.eu/metadata-codelist/OnLineDescriptionCode/endPoint
14:42:59.734 [ForkJoinPool-1-worker-5] INFO  com.intuit.karate - [print] [
  "http://inspire.ec.europa.eu/metadata-codelist/PriorityDataset"
]

14:42:59.742 [ForkJoinPool-1-worker-5] INFO  com.intuit.karate - [print]
14:42:59.742 [ForkJoinPool-1-worker-5] INFO  com.intuit.karate - [print] testing xlinkurl:http://inspire.ec.europa.eu/metadata-codelist/PriorityDataset
14:42:59.743 [ForkJoinPool-1-worker-3] INFO  com.intuit.karate - [print] [
  "http://inspire.ec.europa.eu/metadata-codelist/PriorityDataset#"
]

14:42:59.748 [ForkJoinPool-1-worker-3] INFO  com.intuit.karate - [print]
14:42:59.749 [ForkJoinPool-1-worker-3] INFO  com.intuit.karate - [print] testing xlinkurl:http://inspire.ec.europa.eu/metadata-codelist/PriorityDataset#
14:43:02.776 [ForkJoinPool-1-worker-11] INFO  com.intuit.karate - [print] [
  "http://inspire.ec.europa.eu/metadata-codelist/PriorityDataset/ActualPollutantReleases-reg-2006-166"
]

14:43:02.782 [ForkJoinPool-1-worker-11] INFO  com.intuit.karate - [print]
14:43:02.782 [ForkJoinPool-1-worker-11] INFO  com.intuit.karate - [print] testing xlinkurl:http://inspire.ec.europa.eu/metadata-codelist/PriorityDataset/ActualPollutantReleases-reg-2006-166
14:43:02.819 [ForkJoinPool-1-worker-13] INFO  com.intuit.karate - [print] [
  "http://inspire.ec.europa.eu/metadata-codelist/PriorityDataset/Agglomerations-dir-1991-271"
]

14:43:02.825 [ForkJoinPool-1-worker-13] INFO  com.intuit.karate - [print]
14:43:02.826 [ForkJoinPool-1-worker-13] INFO  com.intuit.karate - [print] testing xlinkurl:http://inspire.ec.europa.eu/metadata-codelist/PriorityDataset/Agglomerations-dir-1991-271
14:43:03.457 [ForkJoinPool-1-worker-7] INFO  com.intuit.karate - [print] [
  "http://inspire.ec.europa.eu/metadata-codelist/PriorityDataset/BirdSpeciesDistribution-dir-2009-147"
]

14:43:03.464 [ForkJoinPool-1-worker-7] INFO  com.intuit.karate - [print]
14:43:03.466 [ForkJoinPool-1-worker-7] INFO  com.intuit.karate - [print] testing xlinkurl:http://inspire.ec.europa.eu/metadata-codelist/PriorityDataset/BirdSpeciesDistribution-dir-2009-147
14:43:05.811 [ForkJoinPool-1-worker-5] INFO  com.intuit.karate - [print] [
  "http://inspire.ec.europa.eu/metadata-codelist/PriorityDataset/BirdsRange-dir-2009-147"
]

14:43:05.821 [ForkJoinPool-1-worker-5] INFO  com.intuit.karate - [print]
14:43:05.823 [ForkJoinPool-1-worker-5] INFO  com.intuit.karate - [print] testing xlinkurl:http://inspire.ec.europa.eu/metadata-codelist/PriorityDataset/BirdsRange-dir-2009-147
14:43:08.610 [ForkJoinPool-1-worker-9] INFO  com.intuit.karate - [print] [
  "http://inspire.ec.europa.eu/metadata-codelist/PriorityDataset/CoastalWaters-dir-2000-60"
]

14:43:08.618 [ForkJoinPool-1-worker-9] INFO  com.intuit.karate - [print]
14:43:08.619 [ForkJoinPool-1-worker-9] INFO  com.intuit.karate - [print] testing xlinkurl:http://inspire.ec.europa.eu/metadata-codelist/PriorityDataset/CoastalWaters-dir-2000-60
14:43:10.952 [ForkJoinPool-1-worker-3] INFO  com.intuit.karate - [print] [
  "http://inspire.ec.europa.eu/metadata-codelist/PriorityDataset/DischargePointsToReceivingWaters-dir-1991-271"
]

14:43:10.959 [ForkJoinPool-1-worker-3] INFO  com.intuit.karate - [print]
14:43:10.960 [ForkJoinPool-1-worker-3] INFO  com.intuit.karate - [print] testing xlinkurl:http://inspire.ec.europa.eu/metadata-codelist/PriorityDataset/DischargePointsToReceivingWaters-dir-1991-271
14:43:11.935 [ForkJoinPool-1-worker-5] INFO  com.intuit.karate - [print] [
  "http://inspire.ec.europa.eu/metadata-codelist/PriorityDataset/DrinkingWaterAbstractionPoints-dir-1998-83"
]

14:43:11.942 [ForkJoinPool-1-worker-5] INFO  com.intuit.karate - [print]
14:43:11.942 [ForkJoinPool-1-worker-5] INFO  com.intuit.karate - [print] testing xlinkurl:http://inspire.ec.europa.eu/metadata-codelist/PriorityDataset/DrinkingWaterAbstractionPoints-dir-1998-83
14:43:13.852 [ForkJoinPool-1-worker-11] INFO  com.intuit.karate - [print] [
  "http://inspire.ec.europa.eu/metadata-codelist/PriorityDataset/EstablishmentsInvolvingDangerousSubstances-dir-2012-18"
]

14:43:13.862 [ForkJoinPool-1-worker-11] INFO  com.intuit.karate - [print]
14:43:13.868 [ForkJoinPool-1-worker-11] INFO  com.intuit.karate - [print] testing xlinkurl:http://inspire.ec.europa.eu/metadata-codelist/PriorityDataset/EstablishmentsInvolvingDangerousSubstances-dir-2012-18
14:43:13.889 [ForkJoinPool-1-worker-13] INFO  com.intuit.karate - [print] [
  "http://inspire.ec.europa.eu/metadata-codelist/PriorityDataset/FloodedAreas-dir-2007-60"
]

14:43:13.895 [ForkJoinPool-1-worker-13] INFO  com.intuit.karate - [print]
14:43:13.895 [ForkJoinPool-1-worker-13] INFO  com.intuit.karate - [print] testing xlinkurl:http://inspire.ec.europa.eu/metadata-codelist/PriorityDataset/FloodedAreas-dir-2007-60
14:43:14.596 [ForkJoinPool-1-worker-7] INFO  com.intuit.karate - [print] [
  "http://inspire.ec.europa.eu/metadata-codelist/PriorityDataset/FloodRiskZones-dir-2007-60"
]

14:43:14.602 [ForkJoinPool-1-worker-7] INFO  com.intuit.karate - [print]
14:43:14.602 [ForkJoinPool-1-worker-7] INFO  com.intuit.karate - [print] testing xlinkurl:http://inspire.ec.europa.eu/metadata-codelist/PriorityDataset/FloodRiskZones-dir-2007-60
14:43:17.157 [ForkJoinPool-1-worker-3] INFO  com.intuit.karate - [print] [
  "http://inspire.ec.europa.eu/metadata-codelist/PriorityDataset/HabitatTypesDistribution-dir-1992-43"
]

14:43:17.190 [ForkJoinPool-1-worker-3] INFO  com.intuit.karate - [print]
14:43:17.191 [ForkJoinPool-1-worker-3] INFO  com.intuit.karate - [print] testing xlinkurl:http://inspire.ec.europa.eu/metadata-codelist/PriorityDataset/HabitatTypesDistribution-dir-1992-43
14:43:18.039 [ForkJoinPool-1-worker-5] INFO  com.intuit.karate - [print] [
  "http://inspire.ec.europa.eu/metadata-codelist/PriorityDataset/HabitatTypesRange-dir-1992-43"
]

14:43:18.055 [ForkJoinPool-1-worker-5] INFO  com.intuit.karate - [print]
14:43:18.056 [ForkJoinPool-1-worker-5] INFO  com.intuit.karate - [print] testing xlinkurl:http://inspire.ec.europa.eu/metadata-codelist/PriorityDataset/HabitatTypesRange-dir-1992-43
14:43:18.590 [ForkJoinPool-1-worker-3] INFO  com.intuit.karate - [print] [
  "http://inspire.ec.europa.eu/metadata-codelist/PriorityDataset/IndustrialSites-EURegistry-reg-2006-166"
]

14:43:18.596 [ForkJoinPool-1-worker-3] INFO  com.intuit.karate - [print]
14:43:18.604 [ForkJoinPool-1-worker-3] INFO  com.intuit.karate - [print] testing xlinkurl:http://inspire.ec.europa.eu/metadata-codelist/PriorityDataset/IndustrialSites-EURegistry-reg-2006-166
14:43:20.656 [ForkJoinPool-1-worker-7] INFO  com.intuit.karate - [print] [
  "http://inspire.ec.europa.eu/metadata-codelist/PriorityDataset/InvasiveAlienSpeciesDistribution-reg-2014-1143"
]

14:43:20.663 [ForkJoinPool-1-worker-7] INFO  com.intuit.karate - [print]
14:43:20.663 [ForkJoinPool-1-worker-7] INFO  com.intuit.karate - [print] testing xlinkurl:http://inspire.ec.europa.eu/metadata-codelist/PriorityDataset/InvasiveAlienSpeciesDistribution-reg-2014-1143
14:43:24.104 [ForkJoinPool-1-worker-5] INFO  com.intuit.karate - [print] [
  "http://inspire.ec.europa.eu/metadata-codelist/PriorityDataset/Lakes-dir-2000-60"
]

14:43:24.111 [ForkJoinPool-1-worker-5] INFO  com.intuit.karate - [print]
14:43:24.112 [ForkJoinPool-1-worker-5] INFO  com.intuit.karate - [print] testing xlinkurl:http://inspire.ec.europa.eu/metadata-codelist/PriorityDataset/Lakes-dir-2000-60
14:43:25.798 [ForkJoinPool-1-worker-9] INFO  com.intuit.karate - [print] [
  "http://inspire.ec.europa.eu/metadata-codelist/PriorityDataset/MajorAirportsNoiseExposureDelineationDEN-dir-2002-49"
]

14:43:25.806 [ForkJoinPool-1-worker-9] INFO  com.intuit.karate - [print]
14:43:25.807 [ForkJoinPool-1-worker-9] INFO  com.intuit.karate - [print] testing xlinkurl:http://inspire.ec.europa.eu/metadata-codelist/PriorityDataset/MajorAirportsNoiseExposureDelineationDEN-dir-2002-49
14:43:25.968 [ForkJoinPool-1-worker-13] INFO  com.intuit.karate - [print] [
  "http://inspire.ec.europa.eu/metadata-codelist/PriorityDataset/MajorAirportsNoiseExposureDelineationNight-dir-2002-49"
]

14:43:25.975 [ForkJoinPool-1-worker-13] INFO  com.intuit.karate - [print]
14:43:25.976 [ForkJoinPool-1-worker-13] INFO  com.intuit.karate - [print] testing xlinkurl:http://inspire.ec.europa.eu/metadata-codelist/PriorityDataset/MajorAirportsNoiseExposureDelineationNight-dir-2002-49
14:43:27.805 [ForkJoinPool-1-worker-9] INFO  com.intuit.karate - [print] [
  "http://inspire.ec.europa.eu/metadata-codelist/PriorityDataset/MajorRailwaysNoiseExposureDelineationDEN-dir-2002-49"
]

14:43:27.811 [ForkJoinPool-1-worker-9] INFO  com.intuit.karate - [print]
14:43:27.812 [ForkJoinPool-1-worker-9] INFO  com.intuit.karate - [print] testing xlinkurl:http://inspire.ec.europa.eu/metadata-codelist/PriorityDataset/MajorRailwaysNoiseExposureDelineationDEN-dir-2002-49
14:43:29.881 [ForkJoinPool-1-worker-3] INFO  com.intuit.karate - [print] [
  "http://inspire.ec.europa.eu/metadata-codelist/PriorityDataset/MajorRailwaysNoiseExposureDelineationNight-dir-2002-49"
]

14:43:29.887 [ForkJoinPool-1-worker-3] INFO  com.intuit.karate - [print]
14:43:29.888 [ForkJoinPool-1-worker-3] INFO  com.intuit.karate - [print] testing xlinkurl:http://inspire.ec.europa.eu/metadata-codelist/PriorityDataset/MajorRailwaysNoiseExposureDelineationNight-dir-2002-49
14:43:29.962 [ForkJoinPool-1-worker-11] INFO  com.intuit.karate - [print] [
  "http://inspire.ec.europa.eu/metadata-codelist/PriorityDataset/MajorRoadsNoiseExposureDelineation-dir-2002-49"
]

14:43:29.969 [ForkJoinPool-1-worker-11] INFO  com.intuit.karate - [print]
14:43:29.972 [ForkJoinPool-1-worker-11] INFO  com.intuit.karate - [print] testing xlinkurl:http://inspire.ec.europa.eu/metadata-codelist/PriorityDataset/MajorRoadsNoiseExposureDelineation-dir-2002-49
14:43:30.164 [ForkJoinPool-1-worker-5] INFO  com.intuit.karate - [print] [
  "http://inspire.ec.europa.eu/metadata-codelist/PriorityDataset/MajorRoadsNoiseExposureDelineationDEN-dir-2002-49"
]

14:43:30.169 [ForkJoinPool-1-worker-5] INFO  com.intuit.karate - [print]
14:43:30.170 [ForkJoinPool-1-worker-5] INFO  com.intuit.karate - [print] testing xlinkurl:http://inspire.ec.europa.eu/metadata-codelist/PriorityDataset/MajorRoadsNoiseExposureDelineationDEN-dir-2002-49
14:43:31.758 [ForkJoinPool-1-worker-7] INFO  com.intuit.karate - [print] [
  "http://inspire.ec.europa.eu/metadata-codelist/PriorityDataset/ManagementUnits-dir-2007-60"
]

14:43:31.764 [ForkJoinPool-1-worker-7] INFO  com.intuit.karate - [print]
14:43:31.765 [ForkJoinPool-1-worker-7] INFO  com.intuit.karate - [print] testing xlinkurl:http://inspire.ec.europa.eu/metadata-codelist/PriorityDataset/ManagementUnits-dir-2007-60
14:43:31.867 [ForkJoinPool-1-worker-5] INFO  com.intuit.karate - [print] [
  "http://inspire.ec.europa.eu/metadata-codelist/PriorityDataset/MarineAssessmentUnits-dir-2008-56"
]

14:43:31.874 [ForkJoinPool-1-worker-5] INFO  com.intuit.karate - [print]
14:43:31.874 [ForkJoinPool-1-worker-5] INFO  com.intuit.karate - [print] testing xlinkurl:http://inspire.ec.europa.eu/metadata-codelist/PriorityDataset/MarineAssessmentUnits-dir-2008-56
14:43:33.773 [ForkJoinPool-1-worker-7] INFO  com.intuit.karate - [print] [
  "http://inspire.ec.europa.eu/metadata-codelist/PriorityDataset/MonitoringStations-dir-2000-60"
]

14:43:33.778 [ForkJoinPool-1-worker-7] INFO  com.intuit.karate - [print]
14:43:33.779 [ForkJoinPool-1-worker-7] INFO  com.intuit.karate - [print] testing xlinkurl:http://inspire.ec.europa.eu/metadata-codelist/PriorityDataset/MonitoringStations-dir-2000-60
14:43:33.831 [ForkJoinPool-1-worker-9] INFO  com.intuit.karate - [print] [
  "http://inspire.ec.europa.eu/metadata-codelist/PriorityDataset/MonitoringStations-dir-2008-56"
]

14:43:33.837 [ForkJoinPool-1-worker-9] INFO  com.intuit.karate - [print]
14:43:33.838 [ForkJoinPool-1-worker-9] INFO  com.intuit.karate - [print] testing xlinkurl:http://inspire.ec.europa.eu/metadata-codelist/PriorityDataset/MonitoringStations-dir-2008-56
14:43:36.953 [ForkJoinPool-1-worker-3] INFO  com.intuit.karate - [print] [
  "http://inspire.ec.europa.eu/metadata-codelist/PriorityDataset/MSFDReportingUnits-dir-2008-56"
]

14:43:36.974 [ForkJoinPool-1-worker-3] INFO  com.intuit.karate - [print]
14:43:36.974 [ForkJoinPool-1-worker-3] INFO  com.intuit.karate - [print] testing xlinkurl:http://inspire.ec.europa.eu/metadata-codelist/PriorityDataset/MSFDReportingUnits-dir-2008-56
14:43:37.071 [ForkJoinPool-1-worker-13] INFO  com.intuit.karate - [print] [
  "http://inspire.ec.europa.eu/metadata-codelist/PriorityDataset/NationallyDesignatedAreasCDDA"
]

14:43:37.079 [ForkJoinPool-1-worker-13] INFO  com.intuit.karate - [print]
14:43:37.079 [ForkJoinPool-1-worker-13] INFO  com.intuit.karate - [print] testing xlinkurl:http://inspire.ec.europa.eu/metadata-codelist/PriorityDataset/NationallyDesignatedAreasCDDA
14:43:40.846 [ForkJoinPool-1-worker-7] INFO  com.intuit.karate - [print] [
  "http://inspire.ec.europa.eu/metadata-codelist/PriorityDataset/Natura2000Sites-dir-1992-43"
]

14:43:40.851 [ForkJoinPool-1-worker-7] INFO  com.intuit.karate - [print]
14:43:40.852 [ForkJoinPool-1-worker-7] INFO  com.intuit.karate - [print] testing xlinkurl:http://inspire.ec.europa.eu/metadata-codelist/PriorityDataset/Natura2000Sites-dir-1992-43
14:43:41.041 [ForkJoinPool-1-worker-11] INFO  com.intuit.karate - [print] [
  "http://inspire.ec.europa.eu/metadata-codelist/PriorityDataset/Natura2000Sites-dir-2009-147"
]

14:43:41.047 [ForkJoinPool-1-worker-11] INFO  com.intuit.karate - [print]
14:43:41.047 [ForkJoinPool-1-worker-11] INFO  com.intuit.karate - [print] testing xlinkurl:http://inspire.ec.europa.eu/metadata-codelist/PriorityDataset/Natura2000Sites-dir-2009-147
14:43:43.994 [ForkJoinPool-1-worker-5] INFO  com.intuit.karate - [print] [
  "http://inspire.ec.europa.eu/metadata-codelist/PriorityDataset/RiverBasinDistricts-dir-2000-60"
]

14:43:44.001 [ForkJoinPool-1-worker-5] INFO  com.intuit.karate - [print]
14:43:44.001 [ForkJoinPool-1-worker-5] INFO  com.intuit.karate - [print] testing xlinkurl:http://inspire.ec.europa.eu/metadata-codelist/PriorityDataset/RiverBasinDistricts-dir-2000-60
14:43:45.995 [ForkJoinPool-1-worker-5] INFO  com.intuit.karate - [print] [
  "http://inspire.ec.europa.eu/metadata-codelist/PriorityDataset/RiverBasinDistrictsSubUnits-dir-2000-60"
]

14:43:46.001 [ForkJoinPool-1-worker-5] INFO  com.intuit.karate - [print]
14:43:46.002 [ForkJoinPool-1-worker-5] INFO  com.intuit.karate - [print] testing xlinkurl:http://inspire.ec.europa.eu/metadata-codelist/PriorityDataset/RiverBasinDistrictsSubUnits-dir-2000-60
14:43:48.153 [ForkJoinPool-1-worker-5] INFO  com.intuit.karate - [print] [
  "http://inspire.ec.europa.eu/metadata-codelist/PriorityDataset/Rivers-dir-2000-60"
]

14:43:48.159 [ForkJoinPool-1-worker-5] INFO  com.intuit.karate - [print]
14:43:48.160 [ForkJoinPool-1-worker-5] INFO  com.intuit.karate - [print] testing xlinkurl:http://inspire.ec.europa.eu/metadata-codelist/PriorityDataset/Rivers-dir-2000-60
14:43:48.166 [ForkJoinPool-1-worker-3] INFO  com.intuit.karate - [print] [
  "http://inspire.ec.europa.eu/metadata-codelist/PriorityDataset/SpeciesDistribution-dir-1992-43"
]

14:43:48.170 [ForkJoinPool-1-worker-3] INFO  com.intuit.karate - [print]
14:43:48.170 [ForkJoinPool-1-worker-3] INFO  com.intuit.karate - [print] testing xlinkurl:http://inspire.ec.europa.eu/metadata-codelist/PriorityDataset/SpeciesDistribution-dir-1992-43
14:43:49.481 [ForkJoinPool-1-worker-5] INFO  com.intuit.karate - [print] [
  "http://inspire.ec.europa.eu/metadata-codelist/PriorityDataset/SpeciesRange-dir-1992-43"
]

14:43:49.487 [ForkJoinPool-1-worker-5] INFO  com.intuit.karate - [print]
14:43:49.495 [ForkJoinPool-1-worker-5] INFO  com.intuit.karate - [print] testing xlinkurl:http://inspire.ec.europa.eu/metadata-codelist/PriorityDataset/SpeciesRange-dir-1992-43
14:43:49.919 [ForkJoinPool-1-worker-9] INFO  com.intuit.karate - [print] [
  "http://inspire.ec.europa.eu/metadata-codelist/PriorityDataset/SurfaceWaterBodies-dir-2000-60"
]

14:43:49.925 [ForkJoinPool-1-worker-9] INFO  com.intuit.karate - [print]
14:43:49.931 [ForkJoinPool-1-worker-9] INFO  com.intuit.karate - [print] testing xlinkurl:http://inspire.ec.europa.eu/metadata-codelist/PriorityDataset/SurfaceWaterBodies-dir-2000-60
14:43:51.581 [ForkJoinPool-1-worker-5] INFO  com.intuit.karate - [print] [
  "http://inspire.ec.europa.eu/metadata-codelist/PriorityDataset/TransitionalWaters-dir-2000-60"
]

14:43:51.586 [ForkJoinPool-1-worker-5] INFO  com.intuit.karate - [print]
14:43:51.587 [ForkJoinPool-1-worker-5] INFO  com.intuit.karate - [print] testing xlinkurl:http://inspire.ec.europa.eu/metadata-codelist/PriorityDataset/TransitionalWaters-dir-2000-60
14:43:51.898 [ForkJoinPool-1-worker-7] INFO  com.intuit.karate - [print] [
  "http://inspire.ec.europa.eu/metadata-codelist/PriorityDataset/UrbanWasteWaterTreatmentPlants-dir-1991-271"
]

14:43:51.903 [ForkJoinPool-1-worker-7] INFO  com.intuit.karate - [print]
14:43:51.908 [ForkJoinPool-1-worker-7] INFO  com.intuit.karate - [print] testing xlinkurl:http://inspire.ec.europa.eu/metadata-codelist/PriorityDataset/UrbanWasteWaterTreatmentPlants-dir-1991-271
14:43:52.342 [ForkJoinPool-1-worker-11] INFO  com.intuit.karate - [print] [
  "http://inspire.ec.europa.eu/metadata-codelist/SpatialDataServiceType/download"
]

14:43:52.347 [ForkJoinPool-1-worker-11] INFO  com.intuit.karate - [print]
14:43:52.348 [ForkJoinPool-1-worker-11] INFO  com.intuit.karate - [print] testing xlinkurl:http://inspire.ec.europa.eu/metadata-codelist/SpatialDataServiceType/download
14:43:54.037 [ForkJoinPool-1-worker-11] INFO  com.intuit.karate - [print] [
  "http://inspire.ec.europa.eu/metadata-codelist/SpatialDataServiceType/http://inspire.ec.europa.eu/metadata-codelist/SpatialDataServiceType/download"
]

14:43:54.042 [ForkJoinPool-1-worker-11] INFO  com.intuit.karate - [print]
14:43:54.042 [ForkJoinPool-1-worker-11] INFO  com.intuit.karate - [print] testing xlinkurl:http://inspire.ec.europa.eu/metadata-codelist/SpatialDataServiceType/http://inspire.ec.europa.eu/metadata-codelist/SpatialDataServiceType/download
14:43:54.300 [ForkJoinPool-1-worker-3] INFO  com.intuit.karate - [print] [
  "http://inspire.ec.europa.eu/metadata-codelist/SpatialDataServiceType/other"
]

14:43:54.306 [ForkJoinPool-1-worker-3] INFO  com.intuit.karate - [print]
14:43:54.307 [ForkJoinPool-1-worker-3] INFO  com.intuit.karate - [print] testing xlinkurl:http://inspire.ec.europa.eu/metadata-codelist/SpatialDataServiceType/other
14:43:54.678 [ForkJoinPool-1-worker-11] INFO  com.intuit.karate - [print] [
  "http://inspire.ec.europa.eu/metadata-codelist/SpatialDataServiceType/view"
]

14:43:54.692 [ForkJoinPool-1-worker-11] INFO  com.intuit.karate - [print]
14:43:54.713 [ForkJoinPool-1-worker-11] INFO  com.intuit.karate - [print] testing xlinkurl:http://inspire.ec.europa.eu/metadata-codelist/SpatialDataServiceType/view
14:43:57.773 [ForkJoinPool-1-worker-5] INFO  com.intuit.karate - [print] [
  "http://inspire.ec.europa.eu/metadata-codelist/SpatialScope"
]

14:43:57.781 [ForkJoinPool-1-worker-5] INFO  com.intuit.karate - [print]
14:43:57.782 [ForkJoinPool-1-worker-5] INFO  com.intuit.karate - [print] testing xlinkurl:http://inspire.ec.europa.eu/metadata-codelist/SpatialScope
14:44:00.341 [ForkJoinPool-1-worker-3] INFO  com.intuit.karate - [print] [
  "http://inspire.ec.europa.eu/metadata-codelist/SpatialScope/european"
]

14:44:00.347 [ForkJoinPool-1-worker-3] INFO  com.intuit.karate - [print]
14:44:00.348 [ForkJoinPool-1-worker-3] INFO  com.intuit.karate - [print] testing xlinkurl:http://inspire.ec.europa.eu/metadata-codelist/SpatialScope/european
14:44:02.034 [ForkJoinPool-1-worker-3] INFO  com.intuit.karate - [print] [
  "http://inspire.ec.europa.eu/metadata-codelist/SpatialScope/national"
]

14:44:02.048 [ForkJoinPool-1-worker-3] INFO  com.intuit.karate - [print]
14:44:02.049 [ForkJoinPool-1-worker-3] INFO  com.intuit.karate - [print] testing xlinkurl:http://inspire.ec.europa.eu/metadata-codelist/SpatialScope/national
14:44:02.943 [ForkJoinPool-1-worker-7] INFO  com.intuit.karate - [print] [
  "http://inspire.ec.europa.eu/schemas/am/4.0/AreaManagementRestrictionRegulationZone.xsd"
]

14:44:02.949 [ForkJoinPool-1-worker-7] INFO  com.intuit.karate - [print]
14:44:02.954 [ForkJoinPool-1-worker-7] INFO  com.intuit.karate - [print] testing xlinkurl:http://inspire.ec.europa.eu/schemas/am/4.0/AreaManagementRestrictionRegulationZone.xsd
14:44:03.165 [ForkJoinPool-1-worker-7] INFO  com.intuit.karate - [print] [
  "http://inspire.ec.europa.eu/schemas/ef/4.0/EnvironmentalMonitoringFacilities.xsd"
]

14:44:03.170 [ForkJoinPool-1-worker-7] INFO  com.intuit.karate - [print]
14:44:03.172 [ForkJoinPool-1-worker-7] INFO  com.intuit.karate - [print] testing xlinkurl:http://inspire.ec.europa.eu/schemas/ef/4.0/EnvironmentalMonitoringFacilities.xsd
14:44:03.381 [ForkJoinPool-1-worker-7] INFO  com.intuit.karate - [print] [
  "http://inspire.ec.europa.eu/schemas/el-bas/4.0/ElevationBaseTypes.xsd"
]

14:44:03.387 [ForkJoinPool-1-worker-7] INFO  com.intuit.karate - [print]
14:44:03.390 [ForkJoinPool-1-worker-7] INFO  com.intuit.karate - [print] testing xlinkurl:http://inspire.ec.europa.eu/schemas/el-bas/4.0/ElevationBaseTypes.xsd
14:44:03.600 [ForkJoinPool-1-worker-7] INFO  com.intuit.karate - [print] [
  "http://inspire.ec.europa.eu/schemas/hh/4.0/HumanHealth.xsd"
]

14:44:03.607 [ForkJoinPool-1-worker-7] INFO  com.intuit.karate - [print]
14:44:03.608 [ForkJoinPool-1-worker-7] INFO  com.intuit.karate - [print] testing xlinkurl:http://inspire.ec.europa.eu/schemas/hh/4.0/HumanHealth.xsd
14:44:03.755 [ForkJoinPool-1-worker-5] INFO  com.intuit.karate - [print] [
  "http://inspire.ec.europa.eu/schemas/hy-n/4.0/HydroNetwork.xsd"
]

14:44:03.761 [ForkJoinPool-1-worker-5] INFO  com.intuit.karate - [print]
14:44:03.761 [ForkJoinPool-1-worker-5] INFO  com.intuit.karate - [print] testing xlinkurl:http://inspire.ec.europa.eu/schemas/hy-n/4.0/HydroNetwork.xsd
14:44:03.817 [ForkJoinPool-1-worker-7] INFO  com.intuit.karate - [print] [
  "http://inspire.ec.europa.eu/schemas/hy/4.0/HydroBase.xsd"
]

14:44:03.821 [ForkJoinPool-1-worker-7] INFO  com.intuit.karate - [print]
14:44:03.822 [ForkJoinPool-1-worker-7] INFO  com.intuit.karate - [print] testing xlinkurl:http://inspire.ec.europa.eu/schemas/hy/4.0/HydroBase.xsd
14:44:03.975 [ForkJoinPool-1-worker-5] INFO  com.intuit.karate - [print] [
  "http://inspire.ec.europa.eu/schemas/mu/3.0/MaritimeUnits.xsd"
]

14:44:03.985 [ForkJoinPool-1-worker-5] INFO  com.intuit.karate - [print]
14:44:03.985 [ForkJoinPool-1-worker-5] INFO  com.intuit.karate - [print] testing xlinkurl:http://inspire.ec.europa.eu/schemas/mu/3.0/MaritimeUnits.xsd
14:44:04.038 [ForkJoinPool-1-worker-7] INFO  com.intuit.karate - [print] [
  "http://inspire.ec.europa.eu/schemas/nz-core/4.0/NaturalRiskZonesCore.xsd"
]

14:44:04.046 [ForkJoinPool-1-worker-7] INFO  com.intuit.karate - [print]
14:44:04.046 [ForkJoinPool-1-worker-7] INFO  com.intuit.karate - [print] testing xlinkurl:http://inspire.ec.europa.eu/schemas/nz-core/4.0/NaturalRiskZonesCore.xsd
14:44:04.195 [ForkJoinPool-1-worker-5] INFO  com.intuit.karate - [print] [
  "http://inspire.ec.europa.eu/schemas/nz/0.0/NaturalRiskZones.xsd"
]

14:44:04.199 [ForkJoinPool-1-worker-5] INFO  com.intuit.karate - [print]
14:44:04.200 [ForkJoinPool-1-worker-5] INFO  com.intuit.karate - [print] testing xlinkurl:http://inspire.ec.europa.eu/schemas/nz/0.0/NaturalRiskZones.xsd
14:44:04.254 [ForkJoinPool-1-worker-7] INFO  com.intuit.karate - [print] [
  "http://inspire.ec.europa.eu/schemas/of/4.0/OceanFeatures.xsd"
]

14:44:04.259 [ForkJoinPool-1-worker-7] INFO  com.intuit.karate - [print]
14:44:04.259 [ForkJoinPool-1-worker-7] INFO  com.intuit.karate - [print] testing xlinkurl:http://inspire.ec.europa.eu/schemas/of/4.0/OceanFeatures.xsd
14:44:04.409 [ForkJoinPool-1-worker-5] INFO  com.intuit.karate - [print] [
  "http://inspire.ec.europa.eu/schemas/pf/4.0/ProductionAndIndustrialFacilities.xsd"
]

14:44:04.414 [ForkJoinPool-1-worker-5] INFO  com.intuit.karate - [print]
14:44:04.414 [ForkJoinPool-1-worker-5] INFO  com.intuit.karate - [print] testing xlinkurl:http://inspire.ec.europa.eu/schemas/pf/4.0/ProductionAndIndustrialFacilities.xsd
14:44:04.467 [ForkJoinPool-1-worker-7] INFO  com.intuit.karate - [print] [
  "http://inspire.ec.europa.eu/schemas/ps/4.0/ProtectedSites.xsd"
]

14:44:04.471 [ForkJoinPool-1-worker-7] INFO  com.intuit.karate - [print]
14:44:04.472 [ForkJoinPool-1-worker-7] INFO  com.intuit.karate - [print] testing xlinkurl:http://inspire.ec.europa.eu/schemas/ps/4.0/ProtectedSites.xsd
14:44:04.622 [ForkJoinPool-1-worker-5] INFO  com.intuit.karate - [print] [
  "http://inspire.ec.europa.eu/schemas/tn-ro/4.0/RoadTransportNetwork.xsd"
]

14:44:04.627 [ForkJoinPool-1-worker-5] INFO  com.intuit.karate - [print]
14:44:04.628 [ForkJoinPool-1-worker-5] INFO  com.intuit.karate - [print] testing xlinkurl:http://inspire.ec.europa.eu/schemas/tn-ro/4.0/RoadTransportNetwork.xsd
14:44:04.681 [ForkJoinPool-1-worker-7] INFO  com.intuit.karate - [print] [
  "http://inspire.ec.europa.eu/schemas/tn-w/4.0/WaterTransportNetwork.xsd"
]

14:44:04.686 [ForkJoinPool-1-worker-7] INFO  com.intuit.karate - [print]
14:44:04.692 [ForkJoinPool-1-worker-7] INFO  com.intuit.karate - [print] testing xlinkurl:http://inspire.ec.europa.eu/schemas/tn-w/4.0/WaterTransportNetwork.xsd
14:44:04.837 [ForkJoinPool-1-worker-5] INFO  com.intuit.karate - [print] [
  "http://inspire.ec.europa.eu/schemas/tn/4.0/CommonTransportElements.xsd"
]

14:44:04.843 [ForkJoinPool-1-worker-5] INFO  com.intuit.karate - [print]
14:44:04.844 [ForkJoinPool-1-worker-5] INFO  com.intuit.karate - [print] testing xlinkurl:http://inspire.ec.europa.eu/schemas/tn/4.0/CommonTransportElements.xsd
14:44:04.901 [ForkJoinPool-1-worker-7] INFO  com.intuit.karate - [print] [
  "http://inspire.ec.europa.eu/schemas/us-govserv/4.0/GovernmentalServices.xsd"
]

14:44:04.912 [ForkJoinPool-1-worker-7] INFO  com.intuit.karate - [print]
14:44:04.912 [ForkJoinPool-1-worker-7] INFO  com.intuit.karate - [print] testing xlinkurl:http://inspire.ec.europa.eu/schemas/us-govserv/4.0/GovernmentalServices.xsd
14:44:05.054 [ForkJoinPool-1-worker-5] INFO  com.intuit.karate - [print] [
  "http://inspire.ec.europa.eu/theme#"
]

14:44:05.059 [ForkJoinPool-1-worker-5] INFO  com.intuit.karate - [print]
14:44:05.059 [ForkJoinPool-1-worker-5] INFO  com.intuit.karate - [print] testing xlinkurl:http://inspire.ec.europa.eu/theme#
14:44:05.121 [ForkJoinPool-1-worker-7] INFO  com.intuit.karate - [print] [
  "http://standaarden.overheid.nl/owms/terms/Ministerie_van_Economische_Zaken"
]

14:44:05.125 [ForkJoinPool-1-worker-7] INFO  com.intuit.karate - [print]
14:44:05.125 [ForkJoinPool-1-worker-7] INFO  com.intuit.karate - [print] testing xlinkurl:http://standaarden.overheid.nl/owms/terms/Ministerie_van_Economische_Zaken
14:44:05.951 [ForkJoinPool-1-worker-7] INFO  com.intuit.karate - [print] [
  "http://standaarden.overheid.nl/owms/terms/Rijksinstituut_voor_Volksgezondheid_en_Milieu"
]

14:44:05.956 [ForkJoinPool-1-worker-7] INFO  com.intuit.karate - [print]
14:44:05.956 [ForkJoinPool-1-worker-7] INFO  com.intuit.karate - [print] testing xlinkurl:http://standaarden.overheid.nl/owms/terms/Rijksinstituut_voor_Volksgezondheid_en_Milieu
14:44:06.473 [ForkJoinPool-1-worker-11] INFO  com.intuit.karate - [print] [
  "http://standaarden.overheid.nl/owms/terms/RVO"
]

14:44:06.477 [ForkJoinPool-1-worker-11] INFO  com.intuit.karate - [print]
14:44:06.477 [ForkJoinPool-1-worker-11] INFO  com.intuit.karate - [print] testing xlinkurl:http://standaarden.overheid.nl/owms/terms/RVO
14:44:06.486 [ForkJoinPool-1-worker-7] INFO  com.intuit.karate - [print] [
  "http://www.eionet.europa.eu/gemet/inspire_themes"
]

14:44:06.490 [ForkJoinPool-1-worker-7] INFO  com.intuit.karate - [print]
14:44:06.490 [ForkJoinPool-1-worker-7] INFO  com.intuit.karate - [print] testing xlinkurl:http://www.eionet.europa.eu/gemet/inspire_themes
14:44:07.000 [ForkJoinPool-1-worker-11] INFO  com.intuit.karate - [print] [
  "http://www.eionet.europa.eu/gemet/nl/inspire-theme/ac"
]

14:44:07.004 [ForkJoinPool-1-worker-11] INFO  com.intuit.karate - [print]
14:44:07.004 [ForkJoinPool-1-worker-11] INFO  com.intuit.karate - [print] testing xlinkurl:http://www.eionet.europa.eu/gemet/nl/inspire-theme/ac
14:44:07.682 [ForkJoinPool-1-worker-11] INFO  com.intuit.karate - [print] [
  "http://www.eionet.europa.eu/gemet/nl/inspire-theme/ad"
]

14:44:07.686 [ForkJoinPool-1-worker-11] INFO  com.intuit.karate - [print]
14:44:07.688 [ForkJoinPool-1-worker-11] INFO  com.intuit.karate - [print] testing xlinkurl:http://www.eionet.europa.eu/gemet/nl/inspire-theme/ad
14:44:07.703 [ForkJoinPool-1-worker-7] INFO  com.intuit.karate - [print] [
  "http://www.eionet.europa.eu/gemet/nl/inspire-theme/af"
]

14:44:07.707 [ForkJoinPool-1-worker-7] INFO  com.intuit.karate - [print]
14:44:07.707 [ForkJoinPool-1-worker-7] INFO  com.intuit.karate - [print] testing xlinkurl:http://www.eionet.europa.eu/gemet/nl/inspire-theme/af
14:44:08.154 [ForkJoinPool-1-worker-3] INFO  com.intuit.karate - [print] [
  "http://www.eionet.europa.eu/gemet/nl/inspire-theme/am"
]

14:44:08.160 [ForkJoinPool-1-worker-3] INFO  com.intuit.karate - [print]
14:44:08.162 [ForkJoinPool-1-worker-3] INFO  com.intuit.karate - [print] testing xlinkurl:http://www.eionet.europa.eu/gemet/nl/inspire-theme/am
14:44:08.350 [ForkJoinPool-1-worker-11] INFO  com.intuit.karate - [print] [
  "http://www.eionet.europa.eu/gemet/nl/inspire-theme/au"
]

14:44:08.355 [ForkJoinPool-1-worker-11] INFO  com.intuit.karate - [print]
14:44:08.356 [ForkJoinPool-1-worker-11] INFO  com.intuit.karate - [print] testing xlinkurl:http://www.eionet.europa.eu/gemet/nl/inspire-theme/au
14:44:08.366 [ForkJoinPool-1-worker-7] INFO  com.intuit.karate - [print] [
  "http://www.eionet.europa.eu/gemet/nl/inspire-theme/bu"
]

14:44:08.371 [ForkJoinPool-1-worker-7] INFO  com.intuit.karate - [print]
14:44:08.371 [ForkJoinPool-1-worker-7] INFO  com.intuit.karate - [print] testing xlinkurl:http://www.eionet.europa.eu/gemet/nl/inspire-theme/bu
14:44:08.827 [ForkJoinPool-1-worker-3] INFO  com.intuit.karate - [print] [
  "http://www.eionet.europa.eu/gemet/nl/inspire-theme/cp"
]

14:44:08.832 [ForkJoinPool-1-worker-3] INFO  com.intuit.karate - [print]
14:44:08.833 [ForkJoinPool-1-worker-3] INFO  com.intuit.karate - [print] testing xlinkurl:http://www.eionet.europa.eu/gemet/nl/inspire-theme/cp
14:44:09.025 [ForkJoinPool-1-worker-11] INFO  com.intuit.karate - [print] [
  "http://www.eionet.europa.eu/gemet/nl/inspire-theme/ef"
]

14:44:09.030 [ForkJoinPool-1-worker-7] INFO  com.intuit.karate - [print] [
  "http://www.eionet.europa.eu/gemet/nl/inspire-theme/er"
]

14:44:09.034 [ForkJoinPool-1-worker-7] INFO  com.intuit.karate - [print]
14:44:09.035 [ForkJoinPool-1-worker-7] INFO  com.intuit.karate - [print] testing xlinkurl:http://www.eionet.europa.eu/gemet/nl/inspire-theme/er
14:44:09.037 [ForkJoinPool-1-worker-11] INFO  com.intuit.karate - [print]
14:44:09.038 [ForkJoinPool-1-worker-11] INFO  com.intuit.karate - [print] testing xlinkurl:http://www.eionet.europa.eu/gemet/nl/inspire-theme/ef
14:44:09.503 [ForkJoinPool-1-worker-3] INFO  com.intuit.karate - [print] [
  "http://www.eionet.europa.eu/gemet/nl/inspire-theme/ge"
]

14:44:09.508 [ForkJoinPool-1-worker-3] INFO  com.intuit.karate - [print]
14:44:09.508 [ForkJoinPool-1-worker-3] INFO  com.intuit.karate - [print] testing xlinkurl:http://www.eionet.europa.eu/gemet/nl/inspire-theme/ge
14:44:09.744 [ForkJoinPool-1-worker-11] INFO  com.intuit.karate - [print] [
  "http://www.eionet.europa.eu/gemet/nl/inspire-theme/gn"
]

14:44:09.745 [ForkJoinPool-1-worker-7] INFO  com.intuit.karate - [print] [
  "http://www.eionet.europa.eu/gemet/nl/inspire-theme/hb"
]

14:44:09.750 [ForkJoinPool-1-worker-7] INFO  com.intuit.karate - [print]
14:44:09.751 [ForkJoinPool-1-worker-7] INFO  com.intuit.karate - [print] testing xlinkurl:http://www.eionet.europa.eu/gemet/nl/inspire-theme/hb
14:44:09.750 [ForkJoinPool-1-worker-11] INFO  com.intuit.karate - [print]
14:44:09.754 [ForkJoinPool-1-worker-11] INFO  com.intuit.karate - [print] testing xlinkurl:http://www.eionet.europa.eu/gemet/nl/inspire-theme/gn
14:44:10.100 [ForkJoinPool-1-worker-13] INFO  com.intuit.karate - [print] [
  "http://www.eionet.europa.eu/gemet/nl/inspire-theme/hh"
]

14:44:10.104 [ForkJoinPool-1-worker-13] INFO  com.intuit.karate - [print]
14:44:10.105 [ForkJoinPool-1-worker-13] INFO  com.intuit.karate - [print] testing xlinkurl:http://www.eionet.europa.eu/gemet/nl/inspire-theme/hh
14:44:10.158 [ForkJoinPool-1-worker-3] INFO  com.intuit.karate - [print] [
  "http://www.eionet.europa.eu/gemet/nl/inspire-theme/hy"
]

14:44:10.164 [ForkJoinPool-1-worker-3] INFO  com.intuit.karate - [print]
14:44:10.164 [ForkJoinPool-1-worker-3] INFO  com.intuit.karate - [print] testing xlinkurl:http://www.eionet.europa.eu/gemet/nl/inspire-theme/hy
14:44:10.406 [ForkJoinPool-1-worker-11] INFO  com.intuit.karate - [print] [
  "http://www.eionet.europa.eu/gemet/nl/inspire-theme/lc"
]

14:44:10.407 [ForkJoinPool-1-worker-7] INFO  com.intuit.karate - [print] [
  "http://www.eionet.europa.eu/gemet/nl/inspire-theme/lu"
]

14:44:10.413 [ForkJoinPool-1-worker-7] INFO  com.intuit.karate - [print]
14:44:10.413 [ForkJoinPool-1-worker-7] INFO  com.intuit.karate - [print] testing xlinkurl:http://www.eionet.europa.eu/gemet/nl/inspire-theme/lu
14:44:10.417 [ForkJoinPool-1-worker-11] INFO  com.intuit.karate - [print]
14:44:10.418 [ForkJoinPool-1-worker-11] INFO  com.intuit.karate - [print] testing xlinkurl:http://www.eionet.europa.eu/gemet/nl/inspire-theme/lc
14:44:10.745 [ForkJoinPool-1-worker-13] INFO  com.intuit.karate - [print] [
  "http://www.eionet.europa.eu/gemet/nl/inspire-theme/mf"
]

14:44:10.751 [ForkJoinPool-1-worker-13] INFO  com.intuit.karate - [print]
14:44:10.756 [ForkJoinPool-1-worker-13] INFO  com.intuit.karate - [print] testing xlinkurl:http://www.eionet.europa.eu/gemet/nl/inspire-theme/mf
14:44:10.804 [ForkJoinPool-1-worker-3] INFO  com.intuit.karate - [print] [
  "http://www.eionet.europa.eu/gemet/nl/inspire-theme/nz"
]

14:44:10.821 [ForkJoinPool-1-worker-3] INFO  com.intuit.karate - [print]
14:44:10.821 [ForkJoinPool-1-worker-3] INFO  com.intuit.karate - [print] testing xlinkurl:http://www.eionet.europa.eu/gemet/nl/inspire-theme/nz
14:44:11.069 [ForkJoinPool-1-worker-11] INFO  com.intuit.karate - [print] [
  "http://www.eionet.europa.eu/gemet/nl/inspire-theme/of"
]

14:44:11.071 [ForkJoinPool-1-worker-7] INFO  com.intuit.karate - [print] [
  "http://www.eionet.europa.eu/gemet/nl/inspire-theme/oi"
]

14:44:11.076 [ForkJoinPool-1-worker-11] INFO  com.intuit.karate - [print]
14:44:11.076 [ForkJoinPool-1-worker-11] INFO  com.intuit.karate - [print] testing xlinkurl:http://www.eionet.europa.eu/gemet/nl/inspire-theme/of
14:44:11.080 [ForkJoinPool-1-worker-7] INFO  com.intuit.karate - [print]
14:44:11.081 [ForkJoinPool-1-worker-7] INFO  com.intuit.karate - [print] testing xlinkurl:http://www.eionet.europa.eu/gemet/nl/inspire-theme/oi
14:44:11.418 [ForkJoinPool-1-worker-13] INFO  com.intuit.karate - [print] [
  "http://www.eionet.europa.eu/gemet/nl/inspire-theme/pd"
]

14:44:11.422 [ForkJoinPool-1-worker-13] INFO  com.intuit.karate - [print]
14:44:11.424 [ForkJoinPool-1-worker-13] INFO  com.intuit.karate - [print] testing xlinkurl:http://www.eionet.europa.eu/gemet/nl/inspire-theme/pd
14:44:11.475 [ForkJoinPool-1-worker-3] INFO  com.intuit.karate - [print] [
  "http://www.eionet.europa.eu/gemet/nl/inspire-theme/pf"
]

14:44:11.480 [ForkJoinPool-1-worker-3] INFO  com.intuit.karate - [print]
14:44:11.482 [ForkJoinPool-1-worker-3] INFO  com.intuit.karate - [print] testing xlinkurl:http://www.eionet.europa.eu/gemet/nl/inspire-theme/pf
14:44:11.735 [ForkJoinPool-1-worker-11] INFO  com.intuit.karate - [print] [
  "http://www.eionet.europa.eu/gemet/nl/inspire-theme/ps"
]

14:44:11.740 [ForkJoinPool-1-worker-7] INFO  com.intuit.karate - [print] [
  "http://www.eionet.europa.eu/gemet/nl/inspire-theme/rs"
]

14:44:11.742 [ForkJoinPool-1-worker-11] INFO  com.intuit.karate - [print]
14:44:11.742 [ForkJoinPool-1-worker-11] INFO  com.intuit.karate - [print] testing xlinkurl:http://www.eionet.europa.eu/gemet/nl/inspire-theme/ps
14:44:11.744 [ForkJoinPool-1-worker-7] INFO  com.intuit.karate - [print]
14:44:11.746 [ForkJoinPool-1-worker-7] INFO  com.intuit.karate - [print] testing xlinkurl:http://www.eionet.europa.eu/gemet/nl/inspire-theme/rs
14:44:11.793 [ForkJoinPool-1-worker-9] INFO  com.intuit.karate - [print] [
  "http://www.eionet.europa.eu/gemet/nl/inspire-theme/sd"
]

14:44:11.808 [ForkJoinPool-1-worker-9] INFO  com.intuit.karate - [print]
14:44:11.808 [ForkJoinPool-1-worker-9] INFO  com.intuit.karate - [print] testing xlinkurl:http://www.eionet.europa.eu/gemet/nl/inspire-theme/sd
14:44:12.032 [ForkJoinPool-1-worker-5] INFO  com.intuit.karate - [print] [
  "http://www.eionet.europa.eu/gemet/nl/inspire-theme/so"
]

14:44:12.038 [ForkJoinPool-1-worker-5] INFO  com.intuit.karate - [print]
14:44:12.040 [ForkJoinPool-1-worker-5] INFO  com.intuit.karate - [print] testing xlinkurl:http://www.eionet.europa.eu/gemet/nl/inspire-theme/so
14:44:12.107 [ForkJoinPool-1-worker-13] INFO  com.intuit.karate - [print] [
  "http://www.eionet.europa.eu/gemet/nl/inspire-theme/sr"
]

14:44:12.111 [ForkJoinPool-1-worker-13] INFO  com.intuit.karate - [print]
14:44:12.111 [ForkJoinPool-1-worker-13] INFO  com.intuit.karate - [print] testing xlinkurl:http://www.eionet.europa.eu/gemet/nl/inspire-theme/sr
14:44:12.159 [ForkJoinPool-1-worker-3] INFO  com.intuit.karate - [print] [
  "http://www.eionet.europa.eu/gemet/nl/inspire-theme/su"
]

14:44:12.163 [ForkJoinPool-1-worker-3] INFO  com.intuit.karate - [print]
14:44:12.163 [ForkJoinPool-1-worker-3] INFO  com.intuit.karate - [print] testing xlinkurl:http://www.eionet.europa.eu/gemet/nl/inspire-theme/su
14:44:12.395 [ForkJoinPool-1-worker-7] INFO  com.intuit.karate - [print] [
  "http://www.eionet.europa.eu/gemet/nl/inspire-theme/tn"
]

14:44:12.397 [ForkJoinPool-1-worker-11] INFO  com.intuit.karate - [print] [
  "http://www.eionet.europa.eu/gemet/nl/inspire-theme/us"
]

14:44:12.400 [ForkJoinPool-1-worker-7] INFO  com.intuit.karate - [print]
14:44:12.401 [ForkJoinPool-1-worker-7] INFO  com.intuit.karate - [print] testing xlinkurl:http://www.eionet.europa.eu/gemet/nl/inspire-theme/tn
14:44:12.400 [ForkJoinPool-1-worker-11] INFO  com.intuit.karate - [print]
14:44:12.402 [ForkJoinPool-1-worker-11] INFO  com.intuit.karate - [print] testing xlinkurl:http://www.eionet.europa.eu/gemet/nl/inspire-theme/us
14:44:12.452 [ForkJoinPool-1-worker-9] INFO  com.intuit.karate - [print] [
  "http://www.iana.org/assignments/media-types/application/gml+xml"
]

14:44:12.456 [ForkJoinPool-1-worker-9] INFO  com.intuit.karate - [print]
14:44:12.457 [ForkJoinPool-1-worker-9] INFO  com.intuit.karate - [print] testing xlinkurl:http://www.iana.org/assignments/media-types/application/gml+xml
14:44:12.635 [ForkJoinPool-1-worker-9] INFO  com.intuit.karate - [print] [
  "http://www.opengeospatial.org/standards/sos"
]

14:44:12.639 [ForkJoinPool-1-worker-9] INFO  com.intuit.karate - [print]
14:44:12.640 [ForkJoinPool-1-worker-9] INFO  com.intuit.karate - [print] testing xlinkurl:http://www.opengeospatial.org/standards/sos
14:44:12.688 [ForkJoinPool-1-worker-5] INFO  com.intuit.karate - [print] [
  "http://www.opengeospatial.org/standards/wcs"
]

14:44:12.706 [ForkJoinPool-1-worker-5] INFO  com.intuit.karate - [print]
14:44:12.706 [ForkJoinPool-1-worker-5] INFO  com.intuit.karate - [print] testing xlinkurl:http://www.opengeospatial.org/standards/wcs
14:44:12.755 [ForkJoinPool-1-worker-13] INFO  com.intuit.karate - [print] [
  "http://www.opengeospatial.org/standards/wfs"
]

14:44:12.769 [ForkJoinPool-1-worker-13] INFO  com.intuit.karate - [print]
14:44:12.771 [ForkJoinPool-1-worker-13] INFO  com.intuit.karate - [print] testing xlinkurl:http://www.opengeospatial.org/standards/wfs
14:44:12.819 [ForkJoinPool-1-worker-3] INFO  com.intuit.karate - [print] [
  "http://www.opengeospatial.org/standards/wms"
]

14:44:12.825 [ForkJoinPool-1-worker-3] INFO  com.intuit.karate - [print]
14:44:12.826 [ForkJoinPool-1-worker-3] INFO  com.intuit.karate - [print] testing xlinkurl:http://www.opengeospatial.org/standards/wms
14:44:12.969 [ForkJoinPool-1-worker-9] INFO  com.intuit.karate - [print] [
  "http://www.opengeospatial.org/standards/wmts"
]

14:44:12.972 [ForkJoinPool-1-worker-5] INFO  com.intuit.karate - [print] [
  "http://www.opengis.net/def/crs/EPSG/0/3034"
]

14:44:12.981 [ForkJoinPool-1-worker-9] INFO  com.intuit.karate - [print]
14:44:12.983 [ForkJoinPool-1-worker-9] INFO  com.intuit.karate - [print] testing xlinkurl:http://www.opengeospatial.org/standards/wmts
14:44:12.983 [ForkJoinPool-1-worker-5] INFO  com.intuit.karate - [print]
14:44:12.986 [ForkJoinPool-1-worker-5] INFO  com.intuit.karate - [print] testing xlinkurl:http://www.opengis.net/def/crs/EPSG/0/3034
14:44:13.041 [ForkJoinPool-1-worker-13] INFO  com.intuit.karate - [print] [
  "http://www.opengis.net/def/crs/EPSG/0/3035"
]

14:44:13.048 [ForkJoinPool-1-worker-13] INFO  com.intuit.karate - [print]
14:44:13.048 [ForkJoinPool-1-worker-13] INFO  com.intuit.karate - [print] testing xlinkurl:http://www.opengis.net/def/crs/EPSG/0/3035
14:44:13.086 [ForkJoinPool-1-worker-11] INFO  com.intuit.karate - [print] [
  "http://www.opengis.net/def/crs/EPSG/0/3857"
]

14:44:13.089 [ForkJoinPool-1-worker-7] INFO  com.intuit.karate - [print] [
  "http://www.opengis.net/def/crs/EPSG/0/4258"
]

14:44:13.099 [ForkJoinPool-1-worker-7] INFO  com.intuit.karate - [print]
14:44:13.100 [ForkJoinPool-1-worker-7] INFO  com.intuit.karate - [print] testing xlinkurl:http://www.opengis.net/def/crs/EPSG/0/4258
14:44:13.103 [ForkJoinPool-1-worker-11] INFO  com.intuit.karate - [print]
14:44:13.103 [ForkJoinPool-1-worker-11] INFO  com.intuit.karate - [print] testing xlinkurl:http://www.opengis.net/def/crs/EPSG/0/3857
14:44:13.121 [ForkJoinPool-1-worker-3] INFO  com.intuit.karate - [print] [
  "http://www.opengis.net/def/crs/EPSG/0/4326"
]

14:44:13.134 [ForkJoinPool-1-worker-3] INFO  com.intuit.karate - [print]
14:44:13.135 [ForkJoinPool-1-worker-3] INFO  com.intuit.karate - [print] testing xlinkurl:http://www.opengis.net/def/crs/EPSG/0/4326
14:44:13.265 [ForkJoinPool-1-worker-9] INFO  com.intuit.karate - [print] [
  "http://www.opengis.net/def/crs/EPSG/0/5709"
]

14:44:13.270 [ForkJoinPool-1-worker-9] INFO  com.intuit.karate - [print]
14:44:13.271 [ForkJoinPool-1-worker-9] INFO  com.intuit.karate - [print] testing xlinkurl:http://www.opengis.net/def/crs/EPSG/0/5709
14:44:13.436 [ForkJoinPool-1-worker-5] INFO  com.intuit.karate - [print] [
  "http://www.opengis.net/def/crs/EPSG/0/5730"
]

14:44:13.440 [ForkJoinPool-1-worker-5] INFO  com.intuit.karate - [print]
14:44:13.441 [ForkJoinPool-1-worker-5] INFO  com.intuit.karate - [print] testing xlinkurl:http://www.opengis.net/def/crs/EPSG/0/5730
14:44:13.441 [ForkJoinPool-1-worker-7] INFO  com.intuit.karate - [print] [
  "http://www.opengis.net/def/crs/EPSG/0/5861"
]

14:44:13.442 [ForkJoinPool-1-worker-3] INFO  com.intuit.karate - [print] [
  "http://www.opengis.net/def/crs/EPSG/0/23031"
]

14:44:13.445 [ForkJoinPool-1-worker-11] INFO  com.intuit.karate - [print] [
  "http://www.opengis.net/def/crs/EPSG/0/25831"
]

14:44:13.446 [ForkJoinPool-1-worker-7] INFO  com.intuit.karate - [print]
14:44:13.446 [ForkJoinPool-1-worker-7] INFO  com.intuit.karate - [print] testing xlinkurl:http://www.opengis.net/def/crs/EPSG/0/5861
14:44:13.447 [ForkJoinPool-1-worker-13] INFO  com.intuit.karate - [print] [
  "http://www.opengis.net/def/crs/EPSG/0/25832"
]

14:44:13.449 [ForkJoinPool-1-worker-3] INFO  com.intuit.karate - [print]
14:44:13.449 [ForkJoinPool-1-worker-3] INFO  com.intuit.karate - [print] testing xlinkurl:http://www.opengis.net/def/crs/EPSG/0/23031
14:44:13.456 [ForkJoinPool-1-worker-13] INFO  com.intuit.karate - [print]
14:44:13.457 [ForkJoinPool-1-worker-13] INFO  com.intuit.karate - [print] testing xlinkurl:http://www.opengis.net/def/crs/EPSG/0/25832
14:44:13.457 [ForkJoinPool-1-worker-11] INFO  com.intuit.karate - [print]
14:44:13.459 [ForkJoinPool-1-worker-11] INFO  com.intuit.karate - [print] testing xlinkurl:http://www.opengis.net/def/crs/EPSG/0/25831
14:44:13.566 [ForkJoinPool-1-worker-9] INFO  com.intuit.karate - [print] [
  "http://www.opengis.net/def/crs/EPSG/0/28992"
]

14:44:13.570 [ForkJoinPool-1-worker-9] INFO  com.intuit.karate - [print]
14:44:13.570 [ForkJoinPool-1-worker-9] INFO  com.intuit.karate - [print] testing xlinkurl:http://www.opengis.net/def/crs/EPSG/0/28992
14:44:13.736 [ForkJoinPool-1-worker-5] INFO  com.intuit.karate - [print] [
  "http://www.opengis.net/def/crs/EPSG/0/EPSG:4326"
]

14:44:13.741 [ForkJoinPool-1-worker-7] INFO  com.intuit.karate - [print] [
  "http://www.opengis.net/def/crs/EPSG/0/EPSG:28992"
]

14:44:13.745 [ForkJoinPool-1-worker-7] INFO  com.intuit.karate - [print]
14:44:13.745 [ForkJoinPool-1-worker-7] INFO  com.intuit.karate - [print] testing xlinkurl:http://www.opengis.net/def/crs/EPSG/0/EPSG:28992
14:44:13.746 [ForkJoinPool-1-worker-3] INFO  com.intuit.karate - [print] [
  "http://www.opengis.net/def/crs/EPSG/0/epsg:28992"
]

14:44:13.747 [ForkJoinPool-1-worker-5] INFO  com.intuit.karate - [print]
14:44:13.747 [ForkJoinPool-1-worker-5] INFO  com.intuit.karate - [print] testing xlinkurl:http://www.opengis.net/def/crs/EPSG/0/EPSG:4326
14:44:13.751 [ForkJoinPool-1-worker-3] INFO  com.intuit.karate - [print]
14:44:13.752 [ForkJoinPool-1-worker-3] INFO  com.intuit.karate - [print] testing xlinkurl:http://www.opengis.net/def/crs/EPSG/0/epsg:28992
14:44:14.226 [ForkJoinPool-1-worker-13] INFO  com.intuit.karate - [print] [
  "http://www.opengis.net/def/serviceType/ogc/wcs"
]

14:44:14.231 [ForkJoinPool-1-worker-13] INFO  com.intuit.karate - [print]
14:44:14.233 [ForkJoinPool-1-worker-13] INFO  com.intuit.karate - [print] testing xlinkurl:http://www.opengis.net/def/serviceType/ogc/wcs
14:44:15.227 [ForkJoinPool-1-worker-11] INFO  com.intuit.karate - [print] [
  "http://www.opengis.net/def/serviceType/ogc/wfs"
]

14:44:15.228 [ForkJoinPool-1-worker-9] INFO  com.intuit.karate - [print] [
  "http://www.opengis.net/def/serviceType/ogc/wms"
]

14:44:15.233 [ForkJoinPool-1-worker-9] INFO  com.intuit.karate - [print]
14:44:15.233 [ForkJoinPool-1-worker-9] INFO  com.intuit.karate - [print] testing xlinkurl:http://www.opengis.net/def/serviceType/ogc/wms
14:44:15.234 [ForkJoinPool-1-worker-11] INFO  com.intuit.karate - [print]
14:44:15.236 [ForkJoinPool-1-worker-11] INFO  com.intuit.karate - [print] testing xlinkurl:http://www.opengis.net/def/serviceType/ogc/wfs
14:44:16.207 [ForkJoinPool-1-worker-13] INFO  com.intuit.karate - [print] [
  "http://www.opengis.net/def/serviceType/ogc/wmts"
]

14:44:16.213 [ForkJoinPool-1-worker-13] INFO  com.intuit.karate - [print]
14:44:16.213 [ForkJoinPool-1-worker-13] INFO  com.intuit.karate - [print] testing xlinkurl:http://www.opengis.net/def/serviceType/ogc/wmts
14:44:16.226 [ForkJoinPool-1-worker-5] INFO  com.intuit.karate - [print] [
  "https://ec.europa.eu/eurostat/web/health/data/database"
]

14:44:16.227 [ForkJoinPool-1-worker-3] INFO  com.intuit.karate - [print] [
  "https://geodata.cbs.nl/files/INSPIRE"
]

14:44:16.229 [ForkJoinPool-1-worker-5] INFO  com.intuit.karate - [print]
14:44:16.229 [ForkJoinPool-1-worker-5] INFO  com.intuit.karate - [print] testing xlinkurl:https://ec.europa.eu/eurostat/web/health/data/database
14:44:16.226 [ForkJoinPool-1-worker-7] INFO  com.intuit.karate - [print] [
  "http://www.wur.nl/nl/Expertises-Dienstverlening/Onderzoeksinstituten/Environmental-Research.htm"
]

14:44:16.233 [ForkJoinPool-1-worker-7] INFO  com.intuit.karate - [print]
14:44:16.233 [ForkJoinPool-1-worker-7] INFO  com.intuit.karate - [print] testing xlinkurl:http://www.wur.nl/nl/Expertises-Dienstverlening/Onderzoeksinstituten/Environmental-Research.htm
14:44:16.235 [ForkJoinPool-1-worker-3] INFO  com.intuit.karate - [print]
14:44:16.235 [ForkJoinPool-1-worker-3] INFO  com.intuit.karate - [print] testing xlinkurl:https://geodata.cbs.nl/files/INSPIRE
14:44:16.718 [ForkJoinPool-1-worker-11] INFO  com.intuit.karate - [print] [
  "https://geodata.nationaalgeoregister.nl/elu/atom/elu.xml"
]

14:44:16.722 [ForkJoinPool-1-worker-11] INFO  com.intuit.karate - [print]
14:44:16.722 [ForkJoinPool-1-worker-11] INFO  com.intuit.karate - [print] testing xlinkurl:https://geodata.nationaalgeoregister.nl/elu/atom/elu.xml
14:44:16.742 [ForkJoinPool-1-worker-13] INFO  com.intuit.karate - [print] [
  "https://inspire.ec.europa.eu/id/document/tg/au"
]

14:44:16.746 [ForkJoinPool-1-worker-13] INFO  com.intuit.karate - [print]
14:44:16.747 [ForkJoinPool-1-worker-13] INFO  com.intuit.karate - [print] testing xlinkurl:https://inspire.ec.europa.eu/id/document/tg/au
14:44:16.749 [ForkJoinPool-1-worker-9] INFO  com.intuit.karate - [print] [
  "https://inspire.ec.europa.eu/id/document/tg/of"
]

14:44:16.752 [ForkJoinPool-1-worker-9] INFO  com.intuit.karate - [print]
14:44:16.753 [ForkJoinPool-1-worker-9] INFO  com.intuit.karate - [print] testing xlinkurl:https://inspire.ec.europa.eu/id/document/tg/of
14:44:16.828 [ForkJoinPool-1-worker-5] INFO  com.intuit.karate - [print] [
  "https://inspire.ec.europa.eu/id/document/tg/ps"
]

14:44:16.832 [ForkJoinPool-1-worker-5] INFO  com.intuit.karate - [print]
14:44:16.832 [ForkJoinPool-1-worker-5] INFO  com.intuit.karate - [print] testing xlinkurl:https://inspire.ec.europa.eu/id/document/tg/ps
14:44:17.011 [ForkJoinPool-1-worker-3] INFO  com.intuit.karate - [print] [
  "https://inspire.ec.europa.eu/schemas/ps/4.0/ProtectedSites.xsd"
]

14:44:17.014 [ForkJoinPool-1-worker-3] INFO  com.intuit.karate - [print]
14:44:17.015 [ForkJoinPool-1-worker-3] INFO  com.intuit.karate - [print] testing xlinkurl:https://inspire.ec.europa.eu/schemas/ps/4.0/ProtectedSites.xsd
14:44:17.277 [ForkJoinPool-1-worker-7] INFO  com.intuit.karate - [print] [
  "https://ngr.geocat.live/geonetwork/srv/eng/thesaurus.download?ref=external.theme.httpinspireeceuropaeumetadatacodelistSpatialScope-SpatialScope"
]

14:44:17.282 [ForkJoinPool-1-worker-7] INFO  com.intuit.karate - [print]
14:44:17.282 [ForkJoinPool-1-worker-7] INFO  com.intuit.karate - [print] testing xlinkurl:https://ngr.geocat.live/geonetwork/srv/eng/thesaurus.download?ref=external.theme.httpinspireeceuropaeumetadatacodelistSpatialScope-SpatialScope
14:44:17.307 [ForkJoinPool-1-worker-11] INFO  com.intuit.karate - [print] [
  "https://tools.ietf.org/html/rfc4287"
]

14:44:17.310 [ForkJoinPool-1-worker-13] INFO  com.intuit.karate - [print] [
  "https://tools.ietf.org/html/rfc5023"
]

14:44:17.310 [ForkJoinPool-1-worker-11] INFO  com.intuit.karate - [print]
14:44:17.311 [ForkJoinPool-1-worker-11] INFO  com.intuit.karate - [print] testing xlinkurl:https://tools.ietf.org/html/rfc4287
14:44:17.316 [ForkJoinPool-1-worker-13] INFO  com.intuit.karate - [print]
14:44:17.317 [ForkJoinPool-1-worker-13] INFO  com.intuit.karate - [print] testing xlinkurl:https://tools.ietf.org/html/rfc5023
14:44:17.376 [ForkJoinPool-1-worker-5] INFO  com.intuit.karate - [print] [
  "https://www.cbs.nl/-/media/cbs/dossiers/nederland%20regionaal/wijk-en-buurtstatistieken/shape%202017%20versie%2020.zip"
]

14:44:17.379 [ForkJoinPool-1-worker-5] INFO  com.intuit.karate - [print]
14:44:17.379 [ForkJoinPool-1-worker-5] INFO  com.intuit.karate - [print] testing xlinkurl:https://www.cbs.nl/-/media/cbs/dossiers/nederland%20regionaal/wijk-en-buurtstatistieken/shape%202017%20versie%2020.zip
14:44:17.386 [ForkJoinPool-1-worker-9] INFO  com.intuit.karate - [print] [
  "https://www.cbs.nl/nl-nl/dossier/nederland-regionaal/geografische-data/wijk-en-buurtkaart-2016"
]

14:44:17.390 [ForkJoinPool-1-worker-9] INFO  com.intuit.karate - [print]
14:44:17.394 [ForkJoinPool-1-worker-9] INFO  com.intuit.karate - [print] testing xlinkurl:https://www.cbs.nl/nl-nl/dossier/nederland-regionaal/geografische-data/wijk-en-buurtkaart-2016
14:44:17.444 [ForkJoinPool-1-worker-3] INFO  com.intuit.karate - [print] [
  "https://www.cbs.nl/nl-nl/dossier/nederland-regionaal/geografische-data/wijk-en-buurtkaart-2018"
]

14:44:17.447 [ForkJoinPool-1-worker-3] INFO  com.intuit.karate - [print]
14:44:17.448 [ForkJoinPool-1-worker-3] INFO  com.intuit.karate - [print] testing xlinkurl:https://www.cbs.nl/nl-nl/dossier/nederland-regionaal/geografische-data/wijk-en-buurtkaart-2018
14:44:17.646 [ForkJoinPool-1-worker-7] INFO  com.intuit.karate - [print] [
  "https://www.cbs.nl/nl-nl/dossier/nederland-regionaal/geografische-data/wijk-en-buurtkaart-2019"
]

14:44:17.650 [ForkJoinPool-1-worker-7] INFO  com.intuit.karate - [print]
14:44:17.650 [ForkJoinPool-1-worker-7] INFO  com.intuit.karate - [print] testing xlinkurl:https://www.cbs.nl/nl-nl/dossier/nederland-regionaal/geografische-data/wijk-en-buurtkaart-2019
14:44:17.893 [ForkJoinPool-1-worker-5] INFO  com.intuit.karate - [print] [
  "https://www.iana.org/assignments/media-types/application/gml+xml"
]

14:44:17.897 [ForkJoinPool-1-worker-5] INFO  com.intuit.karate - [print]
14:44:17.898 [ForkJoinPool-1-worker-5] INFO  com.intuit.karate - [print] testing xlinkurl:https://www.iana.org/assignments/media-types/application/gml+xml
14:44:18.037 [ForkJoinPool-1-worker-3] INFO  com.intuit.karate - [print] [
  "https://www.iana.org/assignments/media-types/application/zip"
]

14:44:18.042 [ForkJoinPool-1-worker-3] INFO  com.intuit.karate - [print]
14:44:18.042 [ForkJoinPool-1-worker-3] INFO  com.intuit.karate - [print] testing xlinkurl:https://www.iana.org/assignments/media-types/application/zip
14:44:18.045 [ForkJoinPool-1-worker-9] INFO  com.intuit.karate - [print] [
  "https://www.iana.org/assignments/media-types/image/png"
]

14:44:18.048 [ForkJoinPool-1-worker-9] INFO  com.intuit.karate - [print]
14:44:18.048 [ForkJoinPool-1-worker-9] INFO  com.intuit.karate - [print] testing xlinkurl:https://www.iana.org/assignments/media-types/image/png
14:44:18.086 [ForkJoinPool-1-worker-5] INFO  com.intuit.karate - [print] [
  "https://www.nationaalgeoregister.nl"
]

14:44:18.107 [ForkJoinPool-1-worker-5] INFO  com.intuit.karate - [print]
14:44:18.116 [ForkJoinPool-1-worker-5] INFO  com.intuit.karate - [print] testing xlinkurl:https://www.nationaalgeoregister.nl
14:44:18.227 [ForkJoinPool-1-worker-7] INFO  com.intuit.karate - [print] [
  "https://www.nationaalgeoregister.nl/geonetwork/srv/eng/thesaurus.download?ref=external.theme.httpinspireeceuropaeumetadatacodelistPriorityDataset-PriorityDataset"
]

14:44:18.233 [ForkJoinPool-1-worker-7] INFO  com.intuit.karate - [print]
14:44:18.234 [ForkJoinPool-1-worker-7] INFO  com.intuit.karate - [print] testing xlinkurl:https://www.nationaalgeoregister.nl/geonetwork/srv/eng/thesaurus.download?ref=external.theme.httpinspireeceuropaeumetadatacodelistPriorityDataset-PriorityDataset
14:44:18.246 [ForkJoinPool-1-worker-3] INFO  com.intuit.karate - [print] [
  "https://www.nationaalgeoregister.nl/geonetwork/srv/eng/thesaurus.download?ref=external.theme.httpinspireeceuropaeumetadatacodelistSpatialScope-SpatialScope"
]

14:44:18.250 [ForkJoinPool-1-worker-3] INFO  com.intuit.karate - [print]
14:44:18.250 [ForkJoinPool-1-worker-3] INFO  com.intuit.karate - [print] testing xlinkurl:https://www.nationaalgeoregister.nl/geonetwork/srv/eng/thesaurus.download?ref=external.theme.httpinspireeceuropaeumetadatacodelistSpatialScope-SpatialScope
14:44:18.251 [ForkJoinPool-1-worker-9] INFO  com.intuit.karate - [print] [
  "https://www.nationaalgeoregister.nl/geonetwork/srv/eng/thesaurus.download?ref=external.theme.httpinspireeceuropaeutheme-theme"
]

14:44:18.255 [ForkJoinPool-1-worker-9] INFO  com.intuit.karate - [print]
14:44:18.255 [ForkJoinPool-1-worker-9] INFO  com.intuit.karate - [print] testing xlinkurl:https://www.nationaalgeoregister.nl/geonetwork/srv/eng/thesaurus.download?ref=external.theme.httpinspireeceuropaeutheme-theme
14:44:18.307 [ForkJoinPool-1-worker-11] INFO  com.intuit.karate - [print] [
  "https://www.nationaalgeoregister.nl:443/geonetwork/srv/eng/thesaurus.download?ref=external.theme.httpinspireeceuropaeuapplicationschema-applicationschema"
]

14:44:18.310 [ForkJoinPool-1-worker-13] INFO  com.intuit.karate - [print] [
  "https://www.nationaalgeoregister.nl:443/geonetwork/srv/eng/thesaurus.download?ref=external.theme.httpinspireeceuropaeumetadatacodelistPriorityDataset-PriorityDataset"
]

14:44:18.314 [ForkJoinPool-1-worker-13] INFO  com.intuit.karate - [print]
14:44:18.317 [ForkJoinPool-1-worker-13] INFO  com.intuit.karate - [print] testing xlinkurl:https://www.nationaalgeoregister.nl:443/geonetwork/srv/eng/thesaurus.download?ref=external.theme.httpinspireeceuropaeumetadatacodelistPriorityDataset-PriorityDataset
14:44:18.316 [ForkJoinPool-1-worker-11] INFO  com.intuit.karate - [print]
14:44:18.319 [ForkJoinPool-1-worker-11] INFO  com.intuit.karate - [print] testing xlinkurl:https://www.nationaalgeoregister.nl:443/geonetwork/srv/eng/thesaurus.download?ref=external.theme.httpinspireeceuropaeuapplicationschema-applicationschema
14:44:18.577 [ForkJoinPool-1-worker-9] INFO  com.intuit.karate - [print] [
  "https://www.nationaalgeoregister.nl:443/geonetwork/srv/eng/thesaurus.download?ref=external.theme.httpinspireeceuropaeumetadatacodelistSpatialScope-SpatialScope"
]

14:44:18.583 [ForkJoinPool-1-worker-9] INFO  com.intuit.karate - [print]
14:44:18.583 [ForkJoinPool-1-worker-9] INFO  com.intuit.karate - [print] testing xlinkurl:https://www.nationaalgeoregister.nl:443/geonetwork/srv/eng/thesaurus.download?ref=external.theme.httpinspireeceuropaeumetadatacodelistSpatialScope-SpatialScope
14:44:18.586 [ForkJoinPool-1-worker-11] INFO  com.intuit.karate - [print] [
  "https://www.nationaalgeoregister.nl:443/geonetwork/srv/eng/thesaurus.download?ref=external.theme.httpinspireeceuropaeutheme-theme"
]

14:44:18.600 [ForkJoinPool-1-worker-11] INFO  com.intuit.karate - [print]
14:44:18.600 [ForkJoinPool-1-worker-11] INFO  com.intuit.karate - [print] testing xlinkurl:https://www.nationaalgeoregister.nl:443/geonetwork/srv/eng/thesaurus.download?ref=external.theme.httpinspireeceuropaeutheme-theme
14:44:19.292 [pool-1-thread-1] INFO  com.intuit.karate.Runner - <<pass>> feature 1 of 9: classpath:InspireTest/ngr/datasetrecords/check-known-links.feature
---------------------------------------------------------
feature: classpath:InspireTest/ngr/datasetrecords/check-known-links.feature
report: target/surefire-reports/InspireTest.ngr.datasetrecords.check-known-links.json
scenarios: 174 | passed: 174 | failed:  0 | time: 546.7640
---------------------------------------------------------
14:44:42.864 [pool-1-thread-2] INFO  com.intuit.karate - [print] {
  "register": {
    "submitter": "Nominated submitting organisations for the central INSPIRE registers and INSPIRE register federation",
    "license": {
      "label": "Europa Legal Notice",
      "uri": "http://ec.europa.eu/geninfo/legal_notices_nl.htm"
    },
    "registry": {
      "id": "http://inspire.ec.europa.eu/registry",
      "label": {
        "text": "INSPIRE register",
        "lang": "nl"
      }
    },
    "containeditems": [
      {
        "metadata-codelist": {
          "itemclass": {
            "id": "MetadataCodeList",
            "label": {
              "text": "Metadata Code list",
              "lang": "nl"
            }
          },
          "id": "http://inspire.ec.europa.eu/metadata-codelist/ResourceType",
          "label": {
            "text": "Type bron",
            "lang": "nl"
          },
          "version": "0",
          "status": {
            "id": "http://inspire.ec.europa.eu/registry/status/valid",
            "label": {
              "text": "Geldig",
              "lang": "nl"
            }
          },
          "register": {
            "registry": {
              "id": "http://inspire.ec.europa.eu/registry",
              "label": {
                "text": "INSPIRE register",
                "lang": "nl"
              }
            },
            "id": "http://inspire.ec.europa.eu/metadata-codelist",
            "label": {
              "text": "INSPIRE metadata code list register",
              "lang": "nl"
            }
          }
        }
      },
      {
        "metadata-codelist": {
          "itemclass": {
            "id": "MetadataCodeList",
            "label": {
              "text": "Metadata Code list",
              "lang": "nl"
            }
          },
          "id": "http://inspire.ec.europa.eu/metadata-codelist/TopicCategory",
          "label": {
            "text": "Onderwerpcategoriecn overeenkomstig EN ISO 19115",
            "lang": "nl"
          },
          "version": "0",
          "status": {
            "id": "http://inspire.ec.europa.eu/registry/status/valid",
            "label": {
              "text": "Geldig",
              "lang": "nl"
            }
          },
          "register": {
            "registry": {
              "id": "http://inspire.ec.europa.eu/registry",
              "label": {
                "text": "INSPIRE register",
                "lang": "nl"
              }
            },
            "id": "http://inspire.ec.europa.eu/metadata-codelist",
            "label": {
              "text": "INSPIRE metadata code list register",
              "lang": "nl"
            }
          }
        }
      },
      {
        "metadata-codelist": {
          "itemclass": {
            "id": "MetadataCodeList",
            "label": {
              "text": "Metadata Code list",
              "lang": "nl"
            }
          },
          "id": "http://inspire.ec.europa.eu/metadata-codelist/SpatialDataServiceType",
          "label": {
            "text": "Type dienst met betrekking tot ruimtelijke gegevens",
            "lang": "nl"
          },
          "version": "0",
          "status": {
            "id": "http://inspire.ec.europa.eu/registry/status/valid",
            "label": {
              "text": "Geldig",
              "lang": "nl"
            }
          },
          "register": {
            "registry": {
              "id": "http://inspire.ec.europa.eu/registry",
              "label": {
                "text": "INSPIRE register",
                "lang": "nl"
              }
            },
            "id": "http://inspire.ec.europa.eu/metadata-codelist",
            "label": {
              "text": "INSPIRE metadata code list register",
              "lang": "nl"
            }
          }
        }
      },
      {
        "metadata-codelist": {
          "itemclass": {
            "id": "MetadataCodeList",
            "label": {
              "text": "Metadata Code list",
              "lang": "nl"
            }
          },
          "definition": {
            "text": "De trefwoorden zijn gebaseerd op de taxonomie voor geografische diensten (EN ISO 19119). Deze taxonomie bestaat uit categorieC+n; de subcategorieC+n definiC+ren het waardedomein van de classificatie van ruimtelijke-gegevensdiensten.",
            "lang": "nl"
          },
          "id": "http://inspire.ec.europa.eu/metadata-codelist/SpatialDataServiceCategory",
          "label": {
            "text": "Classificatie van diensten met betrekking tot ruimtelijke gegevens",
            "lang": "nl"
          },
          "version": "0",
          "status": {
            "id": "http://inspire.ec.europa.eu/registry/status/valid",
            "label": {
              "text": "Geldig",
              "lang": "nl"
            }
          },
          "register": {
            "registry": {
              "id": "http://inspire.ec.europa.eu/registry",
              "label": {
                "text": "INSPIRE register",
                "lang": "nl"
              }
            },
            "id": "http://inspire.ec.europa.eu/metadata-codelist",
            "label": {
              "text": "INSPIRE metadata code list register",
              "lang": "nl"
            }
          }
        }
      },
      {
        "metadata-codelist": {
          "itemclass": {
            "id": "MetadataCodeList",
            "label": {
              "text": "Metadata Code list",
              "lang": "nl"
            }
          },
          "id": "http://inspire.ec.europa.eu/metadata-codelist/DegreeOfConformity",
          "label": {
            "text": "Conformiteitsindicatie",
            "lang": "nl"
          },
          "version": "0",
          "status": {
            "id": "http://inspire.ec.europa.eu/registry/status/valid",
            "label": {
              "text": "Geldig",
              "lang": "nl"
            }
          },
          "register": {
            "registry": {
              "id": "http://inspire.ec.europa.eu/registry",
              "label": {
                "text": "INSPIRE register",
                "lang": "nl"
              }
            },
            "id": "http://inspire.ec.europa.eu/metadata-codelist",
            "label": {
              "text": "INSPIRE metadata code list register",
              "lang": "nl"
            }
          }
        }
      },
      {
        "metadata-codelist": {
          "itemclass": {
            "id": "MetadataCodeList",
            "label": {
              "text": "Metadata Code list",
              "lang": "nl"
            }
          },
          "id": "http://inspire.ec.europa.eu/metadata-codelist/ResponsiblePartyRole",
          "label": {
            "text": "Rol van de verantwoordelijke partij",
            "lang": "nl"
          },
          "version": "0",
          "status": {
            "id": "http://inspire.ec.europa.eu/registry/status/valid",
            "label": {
              "text": "Geldig",
              "lang": "nl"
            }
          },
          "register": {
            "registry": {
              "id": "http://inspire.ec.europa.eu/registry",
              "label": {
                "text": "INSPIRE register",
                "lang": "nl"
              }
            },
            "id": "http://inspire.ec.europa.eu/metadata-codelist",
            "label": {
              "text": "INSPIRE metadata code list register",
              "lang": "nl"
            }
          }
        }
      },
      {
        "metadata-codelist": {
          "itemclass": {
            "id": "MetadataCodeList",
            "label": {
              "text": "Metadata Code list",
              "lang": "nl"
            }
          },
          "id": "http://inspire.ec.europa.eu/metadata-codelist/LimitationsOnPublicAccess",
          "label": {
            "text": "Beperkingen op openbare toegang",
            "lang": "nl"
          },
          "version": "0",
          "status": {
            "id": "http://inspire.ec.europa.eu/registry/status/valid",
            "label": {
              "text": "Geldig",
              "lang": "nl"
            }
          },
          "register": {
            "registry": {
              "id": "http://inspire.ec.europa.eu/registry",
              "label": {
                "text": "INSPIRE register",
                "lang": "nl"
              }
            },
            "id": "http://inspire.ec.europa.eu/metadata-codelist",
            "label": {
              "text": "INSPIRE metadata code list register",
              "lang": "nl"
            }
          }
        }
      },
      {
        "metadata-codelist": {
          "itemclass": {
            "id": "MetadataCodeList",
            "label": {
              "text": "Metadata Code list",
              "lang": "nl"
            }
          },
          "id": "http://inspire.ec.europa.eu/metadata-codelist/ConditionsApplyingToAccessAndUse",
          "label": {
            "text": "Voorwaarden voor toegang en gebruik",
            "lang": "nl"
          },
          "version": "0",
          "status": {
            "id": "http://inspire.ec.europa.eu/registry/status/valid",
            "label": {
              "text": "Geldig",
              "lang": "nl"
            }
          },
          "register": {
            "registry": {
              "id": "http://inspire.ec.europa.eu/registry",
              "label": {
                "text": "INSPIRE register",
                "lang": "nl"
              }
            },
            "id": "http://inspire.ec.europa.eu/metadata-codelist",
            "label": {
              "text": "INSPIRE metadata code list register",
              "lang": "nl"
            }
          }
        }
      },
      {
        "metadata-codelist": {
          "itemclass": {
            "id": "MetadataCodeList",
            "label": {
              "text": "Metadata Code list",
              "lang": "nl"
            }
          },
          "id": "http://inspire.ec.europa.eu/metadata-codelist/QualityOfServiceCriteria",
          "label": {
            "text": "Service kwaliteit criteria code",
            "lang": "nl"
          },
          "version": "0",
          "status": {
            "id": "http://inspire.ec.europa.eu/registry/status/valid",
            "label": {
              "text": "Geldig",
              "lang": "nl"
            }
          },
          "register": {
            "registry": {
              "id": "http://inspire.ec.europa.eu/registry",
              "label": {
                "text": "INSPIRE register",
                "lang": "nl"
              }
            },
            "id": "http://inspire.ec.europa.eu/metadata-codelist",
            "label": {
              "text": "INSPIRE metadata code list register",
              "lang": "nl"
            }
          }
        }
      },
      {
        "metadata-codelist": {
          "itemclass": {
            "id": "MetadataCodeList",
            "label": {
              "text": "Metadata Code list",
              "lang": "nl"
            }
          },
          "definition": {
            "text": "Code describing the type of resource given in the Resource Locator metadata element.",
            "lang": "en"
          },
          "id": "http://inspire.ec.europa.eu/metadata-codelist/OnLineDescriptionCode",
          "label": {
            "text": "Online description code",
            "lang": "en"
          },
          "version": "0",
          "status": {
            "id": "http://inspire.ec.europa.eu/registry/status/valid",
            "label": {
              "text": "Geldig",
              "lang": "nl"
            }
          },
          "register": {
            "registry": {
              "id": "http://inspire.ec.europa.eu/registry",
              "label": {
                "text": "INSPIRE register",
                "lang": "nl"
              }
            },
            "id": "http://inspire.ec.europa.eu/metadata-codelist",
            "label": {
              "text": "INSPIRE metadata code list register",
              "lang": "nl"
            }
          }
        }
      },
      {
        "metadata-codelist": {
          "itemclass": {
            "id": "MetadataCodeList",
            "label": {
              "text": "Metadata Code list",
              "lang": "nl"
            }
          },
          "definition": {
            "text": "Lijst met datasets die gerelateerd zijn aan milieurapportage, die stapsgewijs door de lidstaten via de Europese infrastructuur voor ruimtelijke informatie beschikbaar moeten worden gesteld. Deze lijst geeft ook de lacunes in data weer die zijn geïdentificeerd tijdens de evaluatie van de implementatie en de geschiktheid van de richtlijn voor het beoogde doel (de zogenoemde REFIT evaluatie).",
            "lang": "nl"
          },
          "id": "http://inspire.ec.europa.eu/metadata-codelist/PriorityDataset",
          "label": {
            "text": "INSPIRE prioritaire dataset",
            "lang": "nl"
          },
          "version": "0",
          "status": {
            "id": "http://inspire.ec.europa.eu/registry/status/valid",
            "label": {
              "text": "Geldig",
              "lang": "nl"
            }
          },
          "register": {
            "registry": {
              "id": "http://inspire.ec.europa.eu/registry",
              "label": {
                "text": "INSPIRE register",
                "lang": "nl"
              }
            },
            "id": "http://inspire.ec.europa.eu/metadata-codelist",
            "label": {
              "text": "INSPIRE metadata code list register",
              "lang": "nl"
            }
          }
        }
      },
      {
        "metadata-codelist": {
          "itemclass": {
            "id": "MetadataCodeList",
            "label": {
              "text": "Metadata Code list",
              "lang": "nl"
            }
          },
          "description": {
            "text": "The spatial scope can be different from the actual geographical coverage, e.g. a national coastline data set may cover only a fraction of the full spatial extent of a country.\n The spatial scope of the data set does not necessarily reflect the administrative level responsible for collecting and maintaining the data, e.g. the responsibility for maintaining the data inside the national address data set can be at regional or local level.\n The code list contains values governed at the level of INSPIRE legal acts (governance level: Legal (EU)) and values governed at the level of INSPIRE Technical Guidelines (governance level: Technical (EU)). The former directly support the INSPIRE Monitoring and Reporting Decision, while the latter  provide additional options for tagging other data sets.",
            "lang": "en"
          },
          "definition": {
            "text": "Administrative level that the data set intends to cover.",
            "lang": "en"
          },
          "id": "http://inspire.ec.europa.eu/metadata-codelist/SpatialScope",
          "label": {
            "text": "Ruimtelijke dekking",
            "lang": "nl"
          },
          "version": "0",
          "status": {
            "id": "http://inspire.ec.europa.eu/registry/status/valid",
            "label": {
              "text": "Geldig",
              "lang": "nl"
            }
          },
          "register": {
            "registry": {
              "id": "http://inspire.ec.europa.eu/registry",
              "label": {
                "text": "INSPIRE register",
                "lang": "nl"
              }
            },
            "id": "http://inspire.ec.europa.eu/metadata-codelist",
            "label": {
              "text": "INSPIRE metadata code list register",
              "lang": "nl"
            }
          }
        }
      },
      {
        "metadata-codelist": {
          "itemclass": {
            "id": "MetadataCodeList",
            "label": {
              "text": "Metadata Code list",
              "lang": "nl"
            }
          },
          "description": {
            "text": "This code list is the result of the 'simplification of data-service linkages' activity performed in the context of the MIG-T data simplification action(2019.2).",
            "lang": "en"
          },
          "definition": {
            "text": "Set of OGC and RFC services that are in the scope of INSPIRE. This list aims at the better identification of the network services described within the metadata records.",
            "lang": "en"
          },
          "id": "http://inspire.ec.europa.eu/metadata-codelist/ProtocolValue",
          "label": {
            "text": "INSPIRE Protocol values",
            "lang": "en"
          },
          "version": "0",
          "status": {
            "id": "http://inspire.ec.europa.eu/registry/status/valid",
            "label": {
              "text": "Geldig",
              "lang": "nl"
            }
          },
          "register": {
            "registry": {
              "id": "http://inspire.ec.europa.eu/registry",
              "label": {
                "text": "INSPIRE register",
                "lang": "nl"
              }
            },
            "id": "http://inspire.ec.europa.eu/metadata-codelist",
            "label": {
              "text": "INSPIRE metadata code list register",
              "lang": "nl"
            }
          }
        }
      }
    ],
    "contentsummary": {
      "text": "The INSPIRE metadata code list register contains the code lists and their values, as defined in the INSPIRE implementing rules on metadata (Commission Regulation (EC) No 1205/2008).",
      "lang": "nl"
    },
    "registermanager": "Europese Commissie, Gemeenschappelijk Centrum voor onderzoek",
    "contactpoint": {
      "label": "JRC INSPIRE Registry Team",
      "email": "inspire-registry-dev@jrc.ec.europa.eu"
    },
    "language": "nl",
    "registerowner": "Europese Unie",
    "id": "http://inspire.ec.europa.eu/metadata-codelist",
    "label": {
      "text": "INSPIRE metadata code list register",
      "lang": "nl"
    },
    "registercontrolbody": "Control body for the central INSPIRE registers and INSPIRE register federation"
  }
}

14:44:42.891 [pool-1-thread-2] INFO  com.intuit.karate - [print] [
  "http://inspire.ec.europa.eu/metadata-codelist/ResourceType",
  "http://inspire.ec.europa.eu/metadata-codelist/TopicCategory",
  "http://inspire.ec.europa.eu/metadata-codelist/SpatialDataServiceType",
  "http://inspire.ec.europa.eu/metadata-codelist/SpatialDataServiceCategory",
  "http://inspire.ec.europa.eu/metadata-codelist/DegreeOfConformity",
  "http://inspire.ec.europa.eu/metadata-codelist/ResponsiblePartyRole",
  "http://inspire.ec.europa.eu/metadata-codelist/LimitationsOnPublicAccess",
  "http://inspire.ec.europa.eu/metadata-codelist/ConditionsApplyingToAccessAndUse",
  "http://inspire.ec.europa.eu/metadata-codelist/QualityOfServiceCriteria",
  "http://inspire.ec.europa.eu/metadata-codelist/OnLineDescriptionCode",
  "http://inspire.ec.europa.eu/metadata-codelist/PriorityDataset",
  "http://inspire.ec.europa.eu/metadata-codelist/SpatialScope",
  "http://inspire.ec.europa.eu/metadata-codelist/ProtocolValue"
]

14:44:42.892 [pool-1-thread-2] INFO  com.intuit.karate - << lock released, cached callonce: read('def/getcswbriefrecords.feature')
14:44:42.900 [pool-1-thread-2] INFO  com.intuit.karate - [print] {
  "responseTime": 422,
  "inspirecodelist": [
    "http://inspire.ec.europa.eu/metadata-codelist/ResourceType",
    "http://inspire.ec.europa.eu/metadata-codelist/TopicCategory",
    "http://inspire.ec.europa.eu/metadata-codelist/SpatialDataServiceType",
    "http://inspire.ec.europa.eu/metadata-codelist/SpatialDataServiceCategory",
    "http://inspire.ec.europa.eu/metadata-codelist/DegreeOfConformity",
    "http://inspire.ec.europa.eu/metadata-codelist/ResponsiblePartyRole",
    "http://inspire.ec.europa.eu/metadata-codelist/LimitationsOnPublicAccess",
    "http://inspire.ec.europa.eu/metadata-codelist/ConditionsApplyingToAccessAndUse",
    "http://inspire.ec.europa.eu/metadata-codelist/QualityOfServiceCriteria",
    "http://inspire.ec.europa.eu/metadata-codelist/OnLineDescriptionCode",
    "http://inspire.ec.europa.eu/metadata-codelist/PriorityDataset",
    "http://inspire.ec.europa.eu/metadata-codelist/SpatialScope",
    "http://inspire.ec.europa.eu/metadata-codelist/ProtocolValue"
  ],
  "callheaderresult": {
    "__arg": null,
    "line": "\"datasetIdentifierCode\",\"title\",\"organisationName\",\"email\",",
    "env": "dev",
    "myVarName": "someValue",
    "__loop": -1,
    "mystorage": StaticClass[storage.DataStorage],
    "db": storage.DataStorage@26e3f15d
  },
  "env": "dev",
  "knownlinks": [
    "http://creativecommons.org/licenses/by/3.0/deed.nl",
    "http://creativecommons.org/licenses/by/3.0/nl/",
    "http://creativecommons.org/licenses/by/4.0/deed.nl",
    "http://creativecommons.org/publicdomain/mark/1.0/deed.nl",
    "http://creativecommons.org/publicdomain/zero/1.0/deed.nl",
    "http://data.europa.eu/eli/reg/2010/1089",
    "http://inspire.ec.europa.eu/applicationschema",
    "http://inspire.ec.europa.eu/applicationschema/of",
    "http://inspire.ec.europa.eu/id/document/tg/am",
    "http://inspire.ec.europa.eu/id/document/tg/au",
    "http://inspire.ec.europa.eu/id/document/tg/ef",
    "http://inspire.ec.europa.eu/id/document/tg/el",
    "http://inspire.ec.europa.eu/id/document/tg/hh",
    "http://inspire.ec.europa.eu/id/document/tg/hy",
    "http://inspire.ec.europa.eu/id/document/tg/nz",
    "http://inspire.ec.europa.eu/id/document/tg/of",
    "http://inspire.ec.europa.eu/id/document/tg/pf",
    "http://inspire.ec.europa.eu/id/document/tg/ps",
    "http://inspire.ec.europa.eu/id/document/tg/tn",
    "http://inspire.ec.europa.eu/id/document/tg/us",
    "http://inspire.ec.europa.eu/media-types/application/x-shapefile",
    "http://inspire.ec.europa.eu/metadata-codelist/ConditionsApplyingToAccessAndUse/noConditionsApply",
    "http://inspire.ec.europa.eu/metadata-codelist/LimitationsOnPublicAccess/INSPIRE_Directive_Article13_1f",
    "http://inspire.ec.europa.eu/metadata-codelist/LimitationsOnPublicAccess/noLimitations",
    "http://inspire.ec.europa.eu/metadata-codelist/OnLineDescriptionCode/accessPoint",
    "http://inspire.ec.europa.eu/metadata-codelist/OnLineDescriptionCode/endPoint",
    "http://inspire.ec.europa.eu/metadata-codelist/PriorityDataset",
    "http://inspire.ec.europa.eu/metadata-codelist/PriorityDataset#",
    "http://inspire.ec.europa.eu/metadata-codelist/PriorityDataset/ActualPollutantReleases-reg-2006-166",
    "http://inspire.ec.europa.eu/metadata-codelist/PriorityDataset/Agglomerations-dir-1991-271",
    "http://inspire.ec.europa.eu/metadata-codelist/PriorityDataset/BirdSpeciesDistribution-dir-2009-147",
    "http://inspire.ec.europa.eu/metadata-codelist/PriorityDataset/BirdsRange-dir-2009-147",
    "http://inspire.ec.europa.eu/metadata-codelist/PriorityDataset/CoastalWaters-dir-2000-60",
    "http://inspire.ec.europa.eu/metadata-codelist/PriorityDataset/DischargePointsToReceivingWaters-dir-1991-271",
    "http://inspire.ec.europa.eu/metadata-codelist/PriorityDataset/DrinkingWaterAbstractionPoints-dir-1998-83",
    "http://inspire.ec.europa.eu/metadata-codelist/PriorityDataset/EstablishmentsInvolvingDangerousSubstances-dir-2012-18",
    "http://inspire.ec.europa.eu/metadata-codelist/PriorityDataset/FloodedAreas-dir-2007-60",
    "http://inspire.ec.europa.eu/metadata-codelist/PriorityDataset/FloodRiskZones-dir-2007-60",
    "http://inspire.ec.europa.eu/metadata-codelist/PriorityDataset/HabitatTypesDistribution-dir-1992-43",
    "http://inspire.ec.europa.eu/metadata-codelist/PriorityDataset/HabitatTypesRange-dir-1992-43",
    "http://inspire.ec.europa.eu/metadata-codelist/PriorityDataset/IndustrialSites-EURegistry-reg-2006-166",
    "http://inspire.ec.europa.eu/metadata-codelist/PriorityDataset/InvasiveAlienSpeciesDistribution-reg-2014-1143",
    "http://inspire.ec.europa.eu/metadata-codelist/PriorityDataset/Lakes-dir-2000-60",
    "http://inspire.ec.europa.eu/metadata-codelist/PriorityDataset/MajorAirportsNoiseExposureDelineationDEN-dir-2002-49",
    "http://inspire.ec.europa.eu/metadata-codelist/PriorityDataset/MajorAirportsNoiseExposureDelineationNight-dir-2002-49",
    "http://inspire.ec.europa.eu/metadata-codelist/PriorityDataset/MajorRailwaysNoiseExposureDelineationDEN-dir-2002-49",
    "http://inspire.ec.europa.eu/metadata-codelist/PriorityDataset/MajorRailwaysNoiseExposureDelineationNight-dir-2002-49",
    "http://inspire.ec.europa.eu/metadata-codelist/PriorityDataset/MajorRoadsNoiseExposureDelineation-dir-2002-49",
    "http://inspire.ec.europa.eu/metadata-codelist/PriorityDataset/MajorRoadsNoiseExposureDelineationDEN-dir-2002-49",
    "http://inspire.ec.europa.eu/metadata-codelist/PriorityDataset/ManagementUnits-dir-2007-60",
    "http://inspire.ec.europa.eu/metadata-codelist/PriorityDataset/MarineAssessmentUnits-dir-2008-56",
    "http://inspire.ec.europa.eu/metadata-codelist/PriorityDataset/MonitoringStations-dir-2000-60",
    "http://inspire.ec.europa.eu/metadata-codelist/PriorityDataset/MonitoringStations-dir-2008-56",
    "http://inspire.ec.europa.eu/metadata-codelist/PriorityDataset/MSFDReportingUnits-dir-2008-56",
    "http://inspire.ec.europa.eu/metadata-codelist/PriorityDataset/NationallyDesignatedAreasCDDA",
    "http://inspire.ec.europa.eu/metadata-codelist/PriorityDataset/Natura2000Sites-dir-1992-43",
    "http://inspire.ec.europa.eu/metadata-codelist/PriorityDataset/Natura2000Sites-dir-2009-147",
    "http://inspire.ec.europa.eu/metadata-codelist/PriorityDataset/RiverBasinDistricts-dir-2000-60",
    "http://inspire.ec.europa.eu/metadata-codelist/PriorityDataset/RiverBasinDistrictsSubUnits-dir-2000-60",
    "http://inspire.ec.europa.eu/metadata-codelist/PriorityDataset/Rivers-dir-2000-60",
    "http://inspire.ec.europa.eu/metadata-codelist/PriorityDataset/SpeciesDistribution-dir-1992-43",
    "http://inspire.ec.europa.eu/metadata-codelist/PriorityDataset/SpeciesRange-dir-1992-43",
    "http://inspire.ec.europa.eu/metadata-codelist/PriorityDataset/SurfaceWaterBodies-dir-2000-60",
    "http://inspire.ec.europa.eu/metadata-codelist/PriorityDataset/TransitionalWaters-dir-2000-60",
    "http://inspire.ec.europa.eu/metadata-codelist/PriorityDataset/UrbanWasteWaterTreatmentPlants-dir-1991-271",
    "http://inspire.ec.europa.eu/metadata-codelist/SpatialDataServiceType/download",
    "http://inspire.ec.europa.eu/metadata-codelist/SpatialDataServiceType/http://inspire.ec.europa.eu/metadata-codelist/SpatialDataServiceType/download",
    "http://inspire.ec.europa.eu/metadata-codelist/SpatialDataServiceType/other",
    "http://inspire.ec.europa.eu/metadata-codelist/SpatialDataServiceType/view",
    "http://inspire.ec.europa.eu/metadata-codelist/SpatialScope",
    "http://inspire.ec.europa.eu/metadata-codelist/SpatialScope/european",
    "http://inspire.ec.europa.eu/metadata-codelist/SpatialScope/national",
    "http://inspire.ec.europa.eu/schemas/am/4.0/AreaManagementRestrictionRegulationZone.xsd",
    "http://inspire.ec.europa.eu/schemas/ef/4.0/EnvironmentalMonitoringFacilities.xsd",
    "http://inspire.ec.europa.eu/schemas/el-bas/4.0/ElevationBaseTypes.xsd",
    "http://inspire.ec.europa.eu/schemas/hh/4.0/HumanHealth.xsd",
    "http://inspire.ec.europa.eu/schemas/hy-n/4.0/HydroNetwork.xsd",
    "http://inspire.ec.europa.eu/schemas/hy/4.0/HydroBase.xsd",
    "http://inspire.ec.europa.eu/schemas/mu/3.0/MaritimeUnits.xsd",
    "http://inspire.ec.europa.eu/schemas/nz-core/4.0/NaturalRiskZonesCore.xsd",
    "http://inspire.ec.europa.eu/schemas/nz/0.0/NaturalRiskZones.xsd",
    "http://inspire.ec.europa.eu/schemas/of/4.0/OceanFeatures.xsd",
    "http://inspire.ec.europa.eu/schemas/pf/4.0/ProductionAndIndustrialFacilities.xsd",
    "http://inspire.ec.europa.eu/schemas/ps/4.0/ProtectedSites.xsd",
    "http://inspire.ec.europa.eu/schemas/tn-ro/4.0/RoadTransportNetwork.xsd",
    "http://inspire.ec.europa.eu/schemas/tn-w/4.0/WaterTransportNetwork.xsd",
    "http://inspire.ec.europa.eu/schemas/tn/4.0/CommonTransportElements.xsd",
    "http://inspire.ec.europa.eu/schemas/us-govserv/4.0/GovernmentalServices.xsd",
    "http://inspire.ec.europa.eu/theme#",
    "http://standaarden.overheid.nl/owms/terms/Ministerie_van_Economische_Zaken",
    "http://standaarden.overheid.nl/owms/terms/Rijksinstituut_voor_Volksgezondheid_en_Milieu",
    "http://standaarden.overheid.nl/owms/terms/RVO",
    "http://www.eionet.europa.eu/gemet/inspire_themes",
    "http://www.eionet.europa.eu/gemet/nl/inspire-theme/ac",
    "http://www.eionet.europa.eu/gemet/nl/inspire-theme/ad",
    "http://www.eionet.europa.eu/gemet/nl/inspire-theme/af",
    "http://www.eionet.europa.eu/gemet/nl/inspire-theme/am",
    "http://www.eionet.europa.eu/gemet/nl/inspire-theme/au",
    "http://www.eionet.europa.eu/gemet/nl/inspire-theme/bu",
    "http://www.eionet.europa.eu/gemet/nl/inspire-theme/cp",
    "http://www.eionet.europa.eu/gemet/nl/inspire-theme/ef",
    "http://www.eionet.europa.eu/gemet/nl/inspire-theme/er",
    "http://www.eionet.europa.eu/gemet/nl/inspire-theme/ge",
    "http://www.eionet.europa.eu/gemet/nl/inspire-theme/gn",
    "http://www.eionet.europa.eu/gemet/nl/inspire-theme/hb",
    "http://www.eionet.europa.eu/gemet/nl/inspire-theme/hh",
    "http://www.eionet.europa.eu/gemet/nl/inspire-theme/hy",
    "http://www.eionet.europa.eu/gemet/nl/inspire-theme/lc",
    "http://www.eionet.europa.eu/gemet/nl/inspire-theme/lu",
    "http://www.eionet.europa.eu/gemet/nl/inspire-theme/mf",
    "http://www.eionet.europa.eu/gemet/nl/inspire-theme/nz",
    "http://www.eionet.europa.eu/gemet/nl/inspire-theme/of",
    "http://www.eionet.europa.eu/gemet/nl/inspire-theme/oi",
    "http://www.eionet.europa.eu/gemet/nl/inspire-theme/pd",
    "http://www.eionet.europa.eu/gemet/nl/inspire-theme/pf",
    "http://www.eionet.europa.eu/gemet/nl/inspire-theme/ps",
    "http://www.eionet.europa.eu/gemet/nl/inspire-theme/rs",
    "http://www.eionet.europa.eu/gemet/nl/inspire-theme/sd",
    "http://www.eionet.europa.eu/gemet/nl/inspire-theme/so",
    "http://www.eionet.europa.eu/gemet/nl/inspire-theme/sr",
    "http://www.eionet.europa.eu/gemet/nl/inspire-theme/su",
    "http://www.eionet.europa.eu/gemet/nl/inspire-theme/tn",
    "http://www.eionet.europa.eu/gemet/nl/inspire-theme/us",
    "http://www.iana.org/assignments/media-types/application/gml+xml",
    "http://www.opengeospatial.org/standards/sos",
    "http://www.opengeospatial.org/standards/wcs",
    "http://www.opengeospatial.org/standards/wfs",
    "http://www.opengeospatial.org/standards/wms",
    "http://www.opengeospatial.org/standards/wmts",
    "http://www.opengis.net/def/crs/EPSG/0/3034",
    "http://www.opengis.net/def/crs/EPSG/0/3035",
    "http://www.opengis.net/def/crs/EPSG/0/3857",
    "http://www.opengis.net/def/crs/EPSG/0/4258",
    "http://www.opengis.net/def/crs/EPSG/0/4326",
    "http://www.opengis.net/def/crs/EPSG/0/5709",
    "http://www.opengis.net/def/crs/EPSG/0/5730",
    "http://www.opengis.net/def/crs/EPSG/0/5861",
    "http://www.opengis.net/def/crs/EPSG/0/23031",
    "http://www.opengis.net/def/crs/EPSG/0/25831",
    "http://www.opengis.net/def/crs/EPSG/0/25832",
    "http://www.opengis.net/def/crs/EPSG/0/28992",
    "http://www.opengis.net/def/crs/EPSG/0/EPSG:4326",
    "http://www.opengis.net/def/crs/EPSG/0/EPSG:28992",
    "http://www.opengis.net/def/crs/EPSG/0/epsg:28992",
    "http://www.opengis.net/def/serviceType/ogc/wcs",
    "http://www.opengis.net/def/serviceType/ogc/wfs",
    "http://www.opengis.net/def/serviceType/ogc/wms",
    "http://www.opengis.net/def/serviceType/ogc/wmts",
    "http://www.wur.nl/nl/Expertises-Dienstverlening/Onderzoeksinstituten/Environmental-Research.htm",
    "https://ec.europa.eu/eurostat/web/health/data/database",
    "https://geodata.cbs.nl/files/INSPIRE",
    "https://geodata.nationaalgeoregister.nl/elu/atom/elu.xml",
    "https://inspire.ec.europa.eu/id/document/tg/au",
    "https://inspire.ec.europa.eu/id/document/tg/of",
    "https://inspire.ec.europa.eu/id/document/tg/ps",
    "https://inspire.ec.europa.eu/schemas/ps/4.0/ProtectedSites.xsd",
    "https://ngr.geocat.live/geonetwork/srv/eng/thesaurus.download?ref=external.theme.httpinspireeceuropaeumetadatacodelistSpatialScope-SpatialScope",
    "https://tools.ietf.org/html/rfc4287",
    "https://tools.ietf.org/html/rfc5023",
    "https://www.cbs.nl/-/media/cbs/dossiers/nederland%20regionaal/wijk-en-buurtstatistieken/shape%202017%20versie%2020.zip",
    "https://www.cbs.nl/nl-nl/dossier/nederland-regionaal/geografische-data/wijk-en-buurtkaart-2016",
    "https://www.cbs.nl/nl-nl/dossier/nederland-regionaal/geografische-data/wijk-en-buurtkaart-2018",
    "https://www.cbs.nl/nl-nl/dossier/nederland-regionaal/geografische-data/wijk-en-buurtkaart-2019",
    "https://www.iana.org/assignments/media-types/application/gml+xml",
    "https://www.iana.org/assignments/media-types/application/zip",
    "https://www.iana.org/assignments/media-types/image/png",
    "https://www.nationaalgeoregister.nl",
    "https://www.nationaalgeoregister.nl/geonetwork/srv/eng/thesaurus.download?ref=external.theme.httpinspireeceuropaeumetadatacodelistPriorityDataset-PriorityDataset",
    "https://www.nationaalgeoregister.nl/geonetwork/srv/eng/thesaurus.download?ref=external.theme.httpinspireeceuropaeumetadatacodelistSpatialScope-SpatialScope",
    "https://www.nationaalgeoregister.nl/geonetwork/srv/eng/thesaurus.download?ref=external.theme.httpinspireeceuropaeutheme-theme",
    "https://www.nationaalgeoregister.nl:443/geonetwork/srv/eng/thesaurus.download?ref=external.theme.httpinspireeceuropaeuapplicationschema-applicationschema",
    "https://www.nationaalgeoregister.nl:443/geonetwork/srv/eng/thesaurus.download?ref=external.theme.httpinspireeceuropaeumetadatacodelistPriorityDataset-PriorityDataset",
    "https://www.nationaalgeoregister.nl:443/geonetwork/srv/eng/thesaurus.download?ref=external.theme.httpinspireeceuropaeumetadatacodelistSpatialScope-SpatialScope",
    "https://www.nationaalgeoregister.nl:443/geonetwork/srv/eng/thesaurus.download?ref=external.theme.httpinspireeceuropaeutheme-theme"
  ],
  "responseStatus": 200,
  "list": [
    {
      "datasetIdentifierCode": "fcefa13c-44e2-4953-b6d6-1ddceebc57fc"
    },
    {
      "datasetIdentifierCode": "f99e915a-75e5-4c36-97f2-61eff692d85b"
    },
    {
      "datasetIdentifierCode": "3703b249-a0eb-484e-ba7a-10e31a55bcec"
    },
    {
      "datasetIdentifierCode": "977e0e94-7aa9-4784-b2da-eaec44adb61b"
    },
    {
      "datasetIdentifierCode": "3a72b9a4-cda9-11ea-87d0-0242ac130003"
    },
    {
      "datasetIdentifierCode": "247a1d15-0a67-40ce-85be-1403c08f15a8"
    },
    {
      "datasetIdentifierCode": "af0c582f-9e6b-46e6-865a-fc3a2d5289b9"
    },
    {
      "datasetIdentifierCode": "9d9f1738-aced-47c9-aaa0-c62474a2dcfb"
    },
    {
      "datasetIdentifierCode": "3a7dd0a6-d130-4c4c-b0ba-24365cf036e2"
    },
    {
      "datasetIdentifierCode": "b3f66964-a8c1-456f-9799-9cafca2cb7b1"
    },
    {
      "datasetIdentifierCode": "81ff84ec-42a4-4481-840b-12713bbb5d38"
    },
    {
      "datasetIdentifierCode": "a7fb2234-f7b4-4a03-b282-f10947f42fb1"
    },
    {
      "datasetIdentifierCode": "c7662717-9e43-4367-a344-723d73abbb3e"
    },
    {
      "datasetIdentifierCode": "28c4780a-1a44-4376-b283-14a50a481729"
    },
    {
      "datasetIdentifierCode": "8b0b02a0-1e1b-4cda-bcfe-6fa0f738e38f"
    },
    {
      "datasetIdentifierCode": "29d5310f-dd0d-45ba-abad-b4ffc6b8785f"
    },
    {
      "datasetIdentifierCode": "791adbe3-772f-42cb-a3be-5a617bcecef0"
    },
    {
      "datasetIdentifierCode": "db8d613f-5edc-4467-9cc0-e2dcfb9d64a8"
    },
    {
      "datasetIdentifierCode": "2cc2c30c-91b8-412a-a060-e84d25272581"
    },
    {
      "datasetIdentifierCode": "83dab947-387b-49df-8ad2-32bb10d46d38"
    },
    {
      "datasetIdentifierCode": "5951efa2-1ff3-4763-a966-a2f5497679ee"
    },
    {
      "datasetIdentifierCode": "f2f86edf-ac3a-48e8-9292-0544da2d7645"
    },
    {
      "datasetIdentifierCode": "5a1adb58-0bbe-425d-b0fe-577a6c0a4228"
    },
    {
      "datasetIdentifierCode": "8de2f5eb-b09f-4f6d-8397-8878a1b86238"
    },
    {
      "datasetIdentifierCode": "tbjk534p-wubf-crbp-cj25-d4161160gfim"
    },
    {
      "datasetIdentifierCode": "eu-cb527d-f6db-4835-b0cd-deb245241254"
    },
    {
      "datasetIdentifierCode": "be1b1514-8d1f-48e1-9624-fee9b784138b"
    },
    {
      "datasetIdentifierCode": "cbeaebc3-815a-48af-a978-0e16892865fc"
    },
    {
      "datasetIdentifierCode": "9dd9bf30-36e6-45ae-b368-bdef2720bdde"
    },
    {
      "datasetIdentifierCode": "edf79e6a-d73d-4def-8d22-0f495cc76a73"
    },
    {
      "datasetIdentifierCode": "3e57ce43-7707-43ed-a4b9-72b3a6d812f8"
    },
    {
      "datasetIdentifierCode": "c2225e5d-b46f-4e38-8445-ab10fd40c0dc"
    },
    {
      "datasetIdentifierCode": "eu-f297898-2640-44c2-bbe9-c0480da83794"
    },
    {
      "datasetIdentifierCode": "3d59fd06-9aec-4744-91e7-65e119f74569"
    },
    {
      "datasetIdentifierCode": "c5c4a6d6-b850-473c-8ab5-af9c2c550809"
    },
    {
      "datasetIdentifierCode": "be6551de-a709-4c6d-a5e2-f63f0cf038ba"
    },
    {
      "datasetIdentifierCode": "6050578f-0010-4bfa-b013-c8617b80ba62"
    },
    {
      "datasetIdentifierCode": "a5f961e9-ebdd-41e2-b8e8-ab33ed340a83"
    },
    {
      "datasetIdentifierCode": "08b27bf0-e34a-4b30-9eac-5edadfb6a288"
    },
    {
      "datasetIdentifierCode": "a29917b9-3426-4041-a11b-69bcb2256904"
    },
    {
      "datasetIdentifierCode": "14657c9b-91e4-4355-8563-2911ad0e78e4"
    },
    {
      "datasetIdentifierCode": "58d39928-f502-48c9-a8c1-03244dc181bf"
    },
    {
      "datasetIdentifierCode": "25294679-adb9-4c39-a93b-6954ff9414ac"
    },
    {
      "datasetIdentifierCode": "d6b85d84-cdb9-4a6e-b799-cf8826e22a94"
    },
    {
      "datasetIdentifierCode": "b4ae622c-6201-49d8-bd2e-f7fce9206a1e"
    },
    {
      "datasetIdentifierCode": "e80ad426-1392-4349-9f80-14dae5f1bf57"
    },
    {
      "datasetIdentifierCode": "74aca3eb-c38b-4214-9537-e0abc69e11b5"
    },
    {
      "datasetIdentifierCode": "d9baa847-4652-4588-abe1-0b050f40f27f"
    },
    {
      "datasetIdentifierCode": "ed960299-a147-4c1a-bc57-41ff83a2264f"
    },
    {
      "datasetIdentifierCode": "12bb57cd-73e0-41ba-a1e9-6d986b9109d3"
    },
    {
      "datasetIdentifierCode": "76541ebb-a554-4540-a017-399d4bb4a860"
    },
    {
      "datasetIdentifierCode": "fe0e1e5f-512f-4bb1-bbf8-4028d3dfa24f"
    },
    {
      "datasetIdentifierCode": "d24ccb35-e9d2-41bf-b231-43083fc0c76d"
    },
    {
      "datasetIdentifierCode": "36a7e8cb-8300-4602-93d2-135943365a6f"
    },
    {
      "datasetIdentifierCode": "adn73c4a-ef03-4785-b7f6-942e86b385f5"
    },
    {
      "datasetIdentifierCode": "f273941e-9c3b-43bc-b886-2d50d0bf9348"
    },
    {
      "datasetIdentifierCode": "9986a7ef-e5e2-4a7a-9018-2e1f9631ba8c"
    },
    {
      "datasetIdentifierCode": "34e6165f-1269-48d1-b255-0f05d163d692"
    },
    {
      "datasetIdentifierCode": "41023936-009d-48ec-a90d-c966895463c1"
    },
    {
      "datasetIdentifierCode": "ffefc3dc-dc8f-4589-ae22-a60bebcdf5cb"
    },
    {
      "datasetIdentifierCode": "eu-2c7040b-c448-451b-bf15-f2416ecaadd1"
    },
    {
      "datasetIdentifierCode": "6318009c-7b11-4ab9-9929-735584dfb692"
    },
    {
      "datasetIdentifierCode": "2daad588-11ef-47de-9832-6fe2c3b93e6d"
    },
    {
      "datasetIdentifierCode": "bc2c53f6-c908-4d7c-a6c0-78d9a2855640"
    },
    {
      "datasetIdentifierCode": "wt-f5eb-b09f-4f6d-8397-8878a1b86238"
    },
    {
      "datasetIdentifierCode": "wt-3730-e750-485a-9c0c-39bf9be72cf9"
    },
    {
      "datasetIdentifierCode": "998ba1dc-f6a6-49a3-a021-51f30d9b1d0e"
    },
    {
      "datasetIdentifierCode": "c7d8d77b-8c47-4309-8c58-9b12b086407f"
    },
    {
      "datasetIdentifierCode": "krw2006-68b5-4ff3-94a4-9c24109ffd5e"
    },
    {
      "datasetIdentifierCode": "710c381c-ab2d-45d5-a45d-af2eba811e5f"
    },
    {
      "datasetIdentifierCode": "cc408b2d-09a6-4b2b-9aa3-b46bfe2f00a5"
    },
    {
      "datasetIdentifierCode": "f0821bfe-5a0a-11e9-8647-d663bd873d93"
    },
    {
      "datasetIdentifierCode": "110f9ec6-4464-462e-9765-83d90cefbeab"
    },
    {
      "datasetIdentifierCode": "2e31680f-68b5-4ff3-94a4-9c24109ffd5e"
    },
    {
      "datasetIdentifierCode": "622a632a-c57b-44a2-83a4-e51223d5f15g"
    },
    {
      "datasetIdentifierCode": "krw-f7bb2351-9788-42ea-a58b-a5ee1842304e"
    },
    {
      "datasetIdentifierCode": "a1960e70-22f4-4fd9-91a8-b605c6ceda3e"
    },
    {
      "datasetIdentifierCode": "110f9ec6-4464-462e-9765-83d90cefbeag"
    },
    {
      "datasetIdentifierCode": "krw2006-c57b-44a2-83a4-e51223d5f15g"
    },
    {
      "datasetIdentifierCode": "110f9ec6-4464-462e-9765-83d90cefbeac"
    },
    {
      "datasetIdentifierCode": "891ddc2d-8949-4a45-be96-c65b87c41f13"
    },
    {
      "datasetIdentifierCode": "26103042-50a1-4ee5-9c5b-857a2f8b7680"
    },
    {
      "datasetIdentifierCode": "a9b7026e-0a81-4813-93bd-ba49e6f28502"
    },
    {
      "datasetIdentifierCode": "f605a24f-60cd-4c40-94c8-2186aba3ddd0"
    },
    {
      "datasetIdentifierCode": "6cde2ce7-3ecd-4785-b7b8-d62c3381efe9"
    },
    {
      "datasetIdentifierCode": "4cda487b-c467-490c-a843-6563fec016be"
    },
    {
      "datasetIdentifierCode": "ror-9d8e-4758-83fx-28b057f185e1"
    },
    {
      "datasetIdentifierCode": "ror-9d8e-4758-83fx-28b057f185f1"
    },
    {
      "datasetIdentifierCode": "uwwtd-9d8e-4758-83fa-28b057f185e3"
    },
    {
      "datasetIdentifierCode": "uwwtd-9d8e-4758-83fa-28b057f185e1"
    },
    {
      "datasetIdentifierCode": "76091be7-358a-4a44-8182-b4139c96c6a4"
    },
    {
      "datasetIdentifierCode": "0558a41c-b09a-47fa-b8db-9de6bfe4f494"
    },
    {
      "datasetIdentifierCode": "1c3afc74-cc34-44b7-938a-963e2350795a"
    },
    {
      "datasetIdentifierCode": "c935f2ab-9b65-4dc4-94a0-73aeb840a941"
    },
    {
      "datasetIdentifierCode": "4783ea4f-6b8c-4600-8af0-516f3556cfe9"
    },
    {
      "datasetIdentifierCode": "7c24ea89-074e-4c4f-91e3-d38e813e9cb6"
    },
    {
      "datasetIdentifierCode": "80630ee7-3a15-4ea0-bdc0-a8aebfa2f204"
    },
    {
      "datasetIdentifierCode": "2d3dd6d2-2d2b-4b5f-9e30-86e19ed77a56"
    },
    {
      "datasetIdentifierCode": "1249746f-c2a6-4639-98f2-251676b3528e"
    },
    {
      "datasetIdentifierCode": "f1d27179-36eb-4376-8048-f51d2eb23a09"
    },
    {
      "datasetIdentifierCode": "5b274449-b6c2-4672-a32f-e0bd40975a53"
    },
    {
      "datasetIdentifierCode": "krw-782cab20-8328-45f1-a9b2-c27d07c14066"
    },
    {
      "datasetIdentifierCode": "e536d943-ecff-4d7a-9500-cc31a263a6af"
    },
    {
      "datasetIdentifierCode": "4617f0e0-6af4-4ac0-9044-31df9d03071c"
    },
    {
      "datasetIdentifierCode": "0f128799-cf18-4b37-a721-e62b068191f5"
    },
    {
      "datasetIdentifierCode": "ca94a0cb-7561-4a10-a7d6-b840e56c33ff"
    },
    {
      "datasetIdentifierCode": "380aa01e-dce7-11e3-9f07-901b0e19e163"
    },
    {
      "datasetIdentifierCode": "f002bfc5-7d87-46b6-819e-8415422b65c9"
    },
    {
      "datasetIdentifierCode": "e3b0da1e-0664-4025-b3f5-a54d74a26450"
    },
    {
      "datasetIdentifierCode": "dc5b522e-3e14-4738-9e8e-2401e1b19ef2"
    },
    {
      "datasetIdentifierCode": "88a3c1ae-902e-4efa-8663-ddd836101929"
    },
    {
      "datasetIdentifierCode": "4b282988-cb91-4bbc-b147-f653014917cb"
    },
    {
      "datasetIdentifierCode": "50a2c5e6-c8e7-425d-854e-26f578196bc9"
    },
    {
      "datasetIdentifierCode": "64ff8561-5c56-4cc1-ae0e-94366fb70b7e"
    },
    {
      "datasetIdentifierCode": "df15af6e-0d21-4437-a69f-802be3479bba"
    },
    {
      "datasetIdentifierCode": "10d1153e-778f-4995-9b6c-7c69b196cccb"
    },
    {
      "datasetIdentifierCode": "3eebf700-5abf-42e4-826c-03cfb497e366"
    },
    {
      "datasetIdentifierCode": "11a292bd-9022-4a9f-b1bf-02f5c89ad74a"
    },
    {
      "datasetIdentifierCode": "6c06740d-058f-4a12-bb3f-bf68efd03d09"
    },
    {
      "datasetIdentifierCode": "7dd1fd45-ace5-41e0-93a6-64e3be231717"
    },
    {
      "datasetIdentifierCode": "844404a2-9cd0-452e-b29a-74588777485a"
    },
    {
      "datasetIdentifierCode": "8a4f5c3b-aced-48fd-afb5-f1f1d0ef21d6"
    },
    {
      "datasetIdentifierCode": "ad6caa40-89ab-47e3-85ab-3f8e32024a71"
    },
    {
      "datasetIdentifierCode": "110f9ec6-4464-462e-9765-83d90cefbead"
    },
    {
      "datasetIdentifierCode": "a04afee4-47d5-45b7-b7a0-a6f86106af11"
    },
    {
      "datasetIdentifierCode": "af135cd8-d429-4fc7-b9e3-09e15217520d"
    },
    {
      "datasetIdentifierCode": "d3c9efd6-fca7-49d6-92bb-5f507abece90"
    },
    {
      "datasetIdentifierCode": "b3ec8793-7747-4da0-b6c3-aa384446a586"
    },
    {
      "datasetIdentifierCode": "500d396f-5ec6-4e4b-a151-5fb3cddd8082"
    },
    {
      "datasetIdentifierCode": "733559a5-201d-40e5-ad43-d1c7bae84d9f"
    },
    {
      "datasetIdentifierCode": "e8b84fae-00b3-49c1-80c1-df8f69f64e8c"
    },
    {
      "datasetIdentifierCode": "bb11be63-bd38-4632-bf54-df44c423a529"
    },
    {
      "datasetIdentifierCode": "krm-a905-9d8e-4758-83fa-28b057f185e3"
    },
    {
      "datasetIdentifierCode": "krm-a905-9d8e-4758-83fa-28b057f185e4"
    },
    {
      "datasetIdentifierCode": "24de356e-ec4d-4a18-9903-6401d222b77c"
    },
    {
      "datasetIdentifierCode": "e1e99000-ec47-4e9f-84a5-adad24fef0dc"
    },
    {
      "datasetIdentifierCode": "49ab8bee-b467-486a-96ca-b950443c453a"
    },
    {
      "datasetIdentifierCode": "19165027-a13a-4c19-9013-ec1fd191019d"
    },
    {
      "datasetIdentifierCode": "f91c6ad6-62a5-46d0-8a5b-8a62e7a4b833"
    },
    {
      "datasetIdentifierCode": "32a21114-8694-40ce-ab76-9dcd885c7861"
    },
    {
      "datasetIdentifierCode": "73ec579e-c906-433a-b0b6-d3aa33421558"
    },
    {
      "datasetIdentifierCode": "5c37d29a-006d-4136-8989-adfc35a1d4a7"
    },
    {
      "datasetIdentifierCode": "c3c004ad-5387-4b00-a225-9afbcaa5d31b"
    },
    {
      "datasetIdentifierCode": "d8f370e8-123c-4ab3-9410-04f728327ac6"
    },
    {
      "datasetIdentifierCode": "4e2ef670-cddd-11dd-ad8b-0800200c9a66"
    },
    {
      "datasetIdentifierCode": "64c987ec-dce6-11e3-8563-901b0e19e163"
    },
    {
      "datasetIdentifierCode": "f5f68d51-2ca4-4897-8227-d3938b2b0a7e"
    },
    {
      "datasetIdentifierCode": "b59f06c0-dce5-11e3-9c10-901b0e19e163"
    },
    {
      "datasetIdentifierCode": "daa63e4c-dce6-11e3-991e-901b0e19e163"
    },
    {
      "datasetIdentifierCode": "31de946d-85d4-4c93-bb97-e25f4ef1401a"
    },
    {
      "datasetIdentifierCode": "6f84efeb-fc1d-4565-a721-80735ea57dbd"
    },
    {
      "datasetIdentifierCode": "d845cef6-0e23-4212-a951-b69763e39ef0"
    },
    {
      "datasetIdentifierCode": "7939fd42-cf88-42c5-ab3b-232cf232a3ac"
    },
    {
      "datasetIdentifierCode": "fe45c540-e37d-11e4-b571-0800200c9a66"
    },
    {
      "datasetIdentifierCode": "cf69ec50-9849-4afd-853c-ee56211d336d"
    },
    {
      "datasetIdentifierCode": "effe1ab0-073d-437c-af13-df5c5e07d6cd"
    },
    {
      "datasetIdentifierCode": "b61a773c-ecad-4e60-93e9-0a4caac0b52f"
    },
    {
      "datasetIdentifierCode": "fe2f9091-1962-4073-9e3b-3e4aeed488a5"
    },
    {
      "datasetIdentifierCode": "9ed6b8ed-254a-4745-a09a-3b57137d1b69"
    },
    {
      "datasetIdentifierCode": "5800f3b0-2ea2-4231-8165-216a7b26867f"
    },
    {
      "datasetIdentifierCode": "b6ee58a1-b097-4c6d-8600-eb81efc1468c"
    },
    {
      "datasetIdentifierCode": "a322184d-6285-4856-bb78-f450b30ffc0e"
    },
    {
      "datasetIdentifierCode": "17716ed7-ce0d-4bfd-8868-a398e5578a36"
    },
    {
      "datasetIdentifierCode": "002d9127-c16d-4b8d-9f5e-102a8c8e36c4"
    },
    {
      "datasetIdentifierCode": "68ebd5c9-0ea1-4f22-9907-ec4c063cd3e2"
    },
    {
      "datasetIdentifierCode": "a5241416-8401-4623-be61-57ef50447a41"
    },
    {
      "datasetIdentifierCode": "493ab81b-75f8-4205-b030-6b2fd9eb4295"
    },
    {
      "datasetIdentifierCode": "f44dac86-2228-412f-8355-e56446ca9933"
    },
    {
      "datasetIdentifierCode": "1462bbce-ccd3-4362-83d8-4535ca8f44eb"
    },
    {
      "datasetIdentifierCode": "58e7dc38-a498-4852-b4ef-908f5baa9056"
    },
    {
      "datasetIdentifierCode": "07575774-57a1-4419-bab4-6c88fdeb02b2"
    },
    {
      "datasetIdentifierCode": "71c2b7d2-a1a8-4836-b8d4-7247d331b04d"
    },
    {
      "datasetIdentifierCode": "df5ee213-e1bd-433b-80f7-4ea20f493ca8"
    },
    {
      "datasetIdentifierCode": "f8d840bc-18df-4449-b797-b9adcb81d3ec"
    },
    {
      "datasetIdentifierCode": "88f76a94-ee4d-4e0c-9fde-91b692403e39"
    },
    {
      "datasetIdentifierCode": "wt-83730-e750-485a-9c0c-39bf9be72cf8"
    },
    {
      "datasetIdentifierCode": "adn73c4a-ef03-4785-b7f6-942e86b385f7"
    },
    {
      "datasetIdentifierCode": "ror-9d8e-4758-83fx-28b057f185g1"
    },
    {
      "datasetIdentifierCode": "1be28290-55fa-4486-b9d3-b9d147117863"
    },
    {
      "datasetIdentifierCode": "E7D9F0D6-2B8D-6699-F26E-4A781228F2DD"
    },
    {
      "datasetIdentifierCode": "3387ef8a-9237-453a-aa4e-585d1e193550"
    },
    {
      "datasetIdentifierCode": "7D35598D-DFBF-C64D-0F1A-92A80A45EB14"
    },
    {
      "datasetIdentifierCode": "03671a9e-6aaf-464d-be99-9aad25cef9e3"
    },
    {
      "datasetIdentifierCode": "60a2a7c2-d5b3-4ad5-b562-c448695357fb"
    },
    {
      "datasetIdentifierCode": "uwwtd-9d8e-4758-83fa-28b057f185e2"
    },
    {
      "datasetIdentifierCode": "F646DFB9-5BF6-EAB9-042B-CAB6FF2DC275"
    },
    {
      "datasetIdentifierCode": "1a40eb6f-4f33-4e15-a0b1-2d350ad2636e"
    },
    {
      "datasetIdentifierCode": "6c1cf452-8c62-4046-99ab-640a5e184f9c"
    },
    {
      "datasetIdentifierCode": "34e95842-4e4e-46de-9198-79e8cd4d30dc"
    },
    {
      "datasetIdentifierCode": "8f45b8ef-0ce8-463a-9059-5efdcecb785c"
    },
    {
      "datasetIdentifierCode": "0d6ccccc-7cfb-4eaa-8dc5-8b433d19b121"
    },
    {
      "datasetIdentifierCode": "afc450bd-65b3-4e59-b0fb-619869bf6ada"
    },
    {
      "datasetIdentifierCode": "588a4cb1-b442-4ac1-87e4-40401e353166"
    },
    {
      "datasetIdentifierCode": "29c17585-e702-463f-a5dc-99d34b17d333"
    },
    {
      "datasetIdentifierCode": "7f5d7945-8fa8-4d36-be4c-2fdb3c7d613b"
    },
    {
      "datasetIdentifierCode": "50eef6be-619d-4e16-9b92-48971109b636"
    },
    {
      "datasetIdentifierCode": "280ed37a-b8d2-4ac5-8567-04d84fad3a41"
    }
  ],
  "__loop": -1,
  "__arg": null,
  "responseType": "json",
  "responseHeaders": {
    "Date": [
      "Fri, 18 Sep 2020 14:44:42 GMT"
    ],
    "Server": [
      "Apache"
    ],
    "X-Frame-Options": [
      "SAMEORIGIN",
      "SAMEORIGIN"
    ],
    "Access-Control-Allow-Origin": [
      "*"
    ],
    "Last-Modified": [
      "Thu, 14 Nov 2019 14:31:35 GMT"
    ],
    "Accept-Ranges": [
      "bytes"
    ],
    "Content-Length": [
      "27700"
    ],
    "X-XSS-Protection": [
      "1; mode=block"
    ],
    "Content-Type": [
      "application/json"
    ],
    "Keep-Alive": [
      "timeout=3, max=100"
    ],
    "Connection": [
      "Keep-Alive"
    ]
  },
  "response": {
    "register": {
      "submitter": "Nominated submitting organisations for the central INSPIRE registers and INSPIRE register federation",
      "license": {
        "label": "Europa Legal Notice",
        "uri": "http://ec.europa.eu/geninfo/legal_notices_nl.htm"
      },
      "registry": {
        "id": "http://inspire.ec.europa.eu/registry",
        "label": {
          "text": "INSPIRE register",
          "lang": "nl"
        }
      },
      "containeditems": [
        {
          "metadata-codelist": {
            "itemclass": {
              "id": "MetadataCodeList",
              "label": {
                "text": "Metadata Code list",
                "lang": "nl"
              }
            },
            "id": "http://inspire.ec.europa.eu/metadata-codelist/ResourceType",
            "label": {
              "text": "Type bron",
              "lang": "nl"
            },
            "version": "0",
            "status": {
              "id": "http://inspire.ec.europa.eu/registry/status/valid",
              "label": {
                "text": "Geldig",
                "lang": "nl"
              }
            },
            "register": {
              "registry": {
                "id": "http://inspire.ec.europa.eu/registry",
                "label": {
                  "text": "INSPIRE register",
                  "lang": "nl"
                }
              },
              "id": "http://inspire.ec.europa.eu/metadata-codelist",
              "label": {
                "text": "INSPIRE metadata code list register",
                "lang": "nl"
              }
            }
          }
        },
        {
          "metadata-codelist": {
            "itemclass": {
              "id": "MetadataCodeList",
              "label": {
                "text": "Metadata Code list",
                "lang": "nl"
              }
            },
            "id": "http://inspire.ec.europa.eu/metadata-codelist/TopicCategory",
            "label": {
              "text": "Onderwerpcategoriecn overeenkomstig EN ISO 19115",
              "lang": "nl"
            },
            "version": "0",
            "status": {
              "id": "http://inspire.ec.europa.eu/registry/status/valid",
              "label": {
                "text": "Geldig",
                "lang": "nl"
              }
            },
            "register": {
              "registry": {
                "id": "http://inspire.ec.europa.eu/registry",
                "label": {
                  "text": "INSPIRE register",
                  "lang": "nl"
                }
              },
              "id": "http://inspire.ec.europa.eu/metadata-codelist",
              "label": {
                "text": "INSPIRE metadata code list register",
                "lang": "nl"
              }
            }
          }
        },
        {
          "metadata-codelist": {
            "itemclass": {
              "id": "MetadataCodeList",
              "label": {
                "text": "Metadata Code list",
                "lang": "nl"
              }
            },
            "id": "http://inspire.ec.europa.eu/metadata-codelist/SpatialDataServiceType",
            "label": {
              "text": "Type dienst met betrekking tot ruimtelijke gegevens",
              "lang": "nl"
            },
            "version": "0",
            "status": {
              "id": "http://inspire.ec.europa.eu/registry/status/valid",
              "label": {
                "text": "Geldig",
                "lang": "nl"
              }
            },
            "register": {
              "registry": {
                "id": "http://inspire.ec.europa.eu/registry",
                "label": {
                  "text": "INSPIRE register",
                  "lang": "nl"
                }
              },
              "id": "http://inspire.ec.europa.eu/metadata-codelist",
              "label": {
                "text": "INSPIRE metadata code list register",
                "lang": "nl"
              }
            }
          }
        },
        {
          "metadata-codelist": {
            "itemclass": {
              "id": "MetadataCodeList",
              "label": {
                "text": "Metadata Code list",
                "lang": "nl"
              }
            },
            "definition": {
              "text": "De trefwoorden zijn gebaseerd op de taxonomie voor geografische diensten (EN ISO 19119). Deze taxonomie bestaat uit categorieC+n; de subcategorieC+n definiC+ren het waardedomein van de classificatie van ruimtelijke-gegevensdiensten.",
              "lang": "nl"
            },
            "id": "http://inspire.ec.europa.eu/metadata-codelist/SpatialDataServiceCategory",
            "label": {
              "text": "Classificatie van diensten met betrekking tot ruimtelijke gegevens",
              "lang": "nl"
            },
            "version": "0",
            "status": {
              "id": "http://inspire.ec.europa.eu/registry/status/valid",
              "label": {
                "text": "Geldig",
                "lang": "nl"
              }
            },
            "register": {
              "registry": {
                "id": "http://inspire.ec.europa.eu/registry",
                "label": {
                  "text": "INSPIRE register",
                  "lang": "nl"
                }
              },
              "id": "http://inspire.ec.europa.eu/metadata-codelist",
              "label": {
                "text": "INSPIRE metadata code list register",
                "lang": "nl"
              }
            }
          }
        },
        {
          "metadata-codelist": {
            "itemclass": {
              "id": "MetadataCodeList",
              "label": {
                "text": "Metadata Code list",
                "lang": "nl"
              }
            },
            "id": "http://inspire.ec.europa.eu/metadata-codelist/DegreeOfConformity",
            "label": {
              "text": "Conformiteitsindicatie",
              "lang": "nl"
            },
            "version": "0",
            "status": {
              "id": "http://inspire.ec.europa.eu/registry/status/valid",
              "label": {
                "text": "Geldig",
                "lang": "nl"
              }
            },
            "register": {
              "registry": {
                "id": "http://inspire.ec.europa.eu/registry",
                "label": {
                  "text": "INSPIRE register",
                  "lang": "nl"
                }
              },
              "id": "http://inspire.ec.europa.eu/metadata-codelist",
              "label": {
                "text": "INSPIRE metadata code list register",
                "lang": "nl"
              }
            }
          }
        },
        {
          "metadata-codelist": {
            "itemclass": {
              "id": "MetadataCodeList",
              "label": {
                "text": "Metadata Code list",
                "lang": "nl"
              }
            },
            "id": "http://inspire.ec.europa.eu/metadata-codelist/ResponsiblePartyRole",
            "label": {
              "text": "Rol van de verantwoordelijke partij",
              "lang": "nl"
            },
            "version": "0",
            "status": {
              "id": "http://inspire.ec.europa.eu/registry/status/valid",
              "label": {
                "text": "Geldig",
                "lang": "nl"
              }
            },
            "register": {
              "registry": {
                "id": "http://inspire.ec.europa.eu/registry",
                "label": {
                  "text": "INSPIRE register",
                  "lang": "nl"
                }
              },
              "id": "http://inspire.ec.europa.eu/metadata-codelist",
              "label": {
                "text": "INSPIRE metadata code list register",
                "lang": "nl"
              }
            }
          }
        },
        {
          "metadata-codelist": {
            "itemclass": {
              "id": "MetadataCodeList",
              "label": {
                "text": "Metadata Code list",
                "lang": "nl"
              }
            },
            "id": "http://inspire.ec.europa.eu/metadata-codelist/LimitationsOnPublicAccess",
            "label": {
              "text": "Beperkingen op openbare toegang",
              "lang": "nl"
            },
            "version": "0",
            "status": {
              "id": "http://inspire.ec.europa.eu/registry/status/valid",
              "label": {
                "text": "Geldig",
                "lang": "nl"
              }
            },
            "register": {
              "registry": {
                "id": "http://inspire.ec.europa.eu/registry",
                "label": {
                  "text": "INSPIRE register",
                  "lang": "nl"
                }
              },
              "id": "http://inspire.ec.europa.eu/metadata-codelist",
              "label": {
                "text": "INSPIRE metadata code list register",
                "lang": "nl"
              }
            }
          }
        },
        {
          "metadata-codelist": {
            "itemclass": {
              "id": "MetadataCodeList",
              "label": {
                "text": "Metadata Code list",
                "lang": "nl"
              }
            },
            "id": "http://inspire.ec.europa.eu/metadata-codelist/ConditionsApplyingToAccessAndUse",
            "label": {
              "text": "Voorwaarden voor toegang en gebruik",
              "lang": "nl"
            },
            "version": "0",
            "status": {
              "id": "http://inspire.ec.europa.eu/registry/status/valid",
              "label": {
                "text": "Geldig",
                "lang": "nl"
              }
            },
            "register": {
              "registry": {
                "id": "http://inspire.ec.europa.eu/registry",
                "label": {
                  "text": "INSPIRE register",
                  "lang": "nl"
                }
              },
              "id": "http://inspire.ec.europa.eu/metadata-codelist",
              "label": {
                "text": "INSPIRE metadata code list register",
                "lang": "nl"
              }
            }
          }
        },
        {
          "metadata-codelist": {
            "itemclass": {
              "id": "MetadataCodeList",
              "label": {
                "text": "Metadata Code list",
                "lang": "nl"
              }
            },
            "id": "http://inspire.ec.europa.eu/metadata-codelist/QualityOfServiceCriteria",
            "label": {
              "text": "Service kwaliteit criteria code",
              "lang": "nl"
            },
            "version": "0",
            "status": {
              "id": "http://inspire.ec.europa.eu/registry/status/valid",
              "label": {
                "text": "Geldig",
                "lang": "nl"
              }
            },
            "register": {
              "registry": {
                "id": "http://inspire.ec.europa.eu/registry",
                "label": {
                  "text": "INSPIRE register",
                  "lang": "nl"
                }
              },
              "id": "http://inspire.ec.europa.eu/metadata-codelist",
              "label": {
                "text": "INSPIRE metadata code list register",
                "lang": "nl"
              }
            }
          }
        },
        {
          "metadata-codelist": {
            "itemclass": {
              "id": "MetadataCodeList",
              "label": {
                "text": "Metadata Code list",
                "lang": "nl"
              }
            },
            "definition": {
              "text": "Code describing the type of resource given in the Resource Locator metadata element.",
              "lang": "en"
            },
            "id": "http://inspire.ec.europa.eu/metadata-codelist/OnLineDescriptionCode",
            "label": {
              "text": "Online description code",
              "lang": "en"
            },
            "version": "0",
            "status": {
              "id": "http://inspire.ec.europa.eu/registry/status/valid",
              "label": {
                "text": "Geldig",
                "lang": "nl"
              }
            },
            "register": {
              "registry": {
                "id": "http://inspire.ec.europa.eu/registry",
                "label": {
                  "text": "INSPIRE register",
                  "lang": "nl"
                }
              },
              "id": "http://inspire.ec.europa.eu/metadata-codelist",
              "label": {
                "text": "INSPIRE metadata code list register",
                "lang": "nl"
              }
            }
          }
        },
        {
          "metadata-codelist": {
            "itemclass": {
              "id": "MetadataCodeList",
              "label": {
                "text": "Metadata Code list",
                "lang": "nl"
              }
            },
            "definition": {
              "text": "Lijst met datasets die gerelateerd zijn aan milieurapportage, die stapsgewijs door de lidstaten via de Europese infrastructuur voor ruimtelijke informatie beschikbaar moeten worden gesteld. Deze lijst geeft ook de lacunes in data weer die zijn geïdentificeerd tijdens de evaluatie van de implementatie en de geschiktheid van de richtlijn voor het beoogde doel (de zogenoemde REFIT evaluatie).",
              "lang": "nl"
            },
            "id": "http://inspire.ec.europa.eu/metadata-codelist/PriorityDataset",
            "label": {
              "text": "INSPIRE prioritaire dataset",
              "lang": "nl"
            },
            "version": "0",
            "status": {
              "id": "http://inspire.ec.europa.eu/registry/status/valid",
              "label": {
                "text": "Geldig",
                "lang": "nl"
              }
            },
            "register": {
              "registry": {
                "id": "http://inspire.ec.europa.eu/registry",
                "label": {
                  "text": "INSPIRE register",
                  "lang": "nl"
                }
              },
              "id": "http://inspire.ec.europa.eu/metadata-codelist",
              "label": {
                "text": "INSPIRE metadata code list register",
                "lang": "nl"
              }
            }
          }
        },
        {
          "metadata-codelist": {
            "itemclass": {
              "id": "MetadataCodeList",
              "label": {
                "text": "Metadata Code list",
                "lang": "nl"
              }
            },
            "description": {
              "text": "The spatial scope can be different from the actual geographical coverage, e.g. a national coastline data set may cover only a fraction of the full spatial extent of a country.\n The spatial scope of the data set does not necessarily reflect the administrative level responsible for collecting and maintaining the data, e.g. the responsibility for maintaining the data inside the national address data set can be at regional or local level.\n The code list contains values governed at the level of INSPIRE legal acts (governance level: Legal (EU)) and values governed at the level of INSPIRE Technical Guidelines (governance level: Technical (EU)). The former directly support the INSPIRE Monitoring and Reporting Decision, while the latter  provide additional options for tagging other data sets.",
              "lang": "en"
            },
            "definition": {
              "text": "Administrative level that the data set intends to cover.",
              "lang": "en"
            },
            "id": "http://inspire.ec.europa.eu/metadata-codelist/SpatialScope",
            "label": {
              "text": "Ruimtelijke dekking",
              "lang": "nl"
            },
            "version": "0",
            "status": {
              "id": "http://inspire.ec.europa.eu/registry/status/valid",
              "label": {
                "text": "Geldig",
                "lang": "nl"
              }
            },
            "register": {
              "registry": {
                "id": "http://inspire.ec.europa.eu/registry",
                "label": {
                  "text": "INSPIRE register",
                  "lang": "nl"
                }
              },
              "id": "http://inspire.ec.europa.eu/metadata-codelist",
              "label": {
                "text": "INSPIRE metadata code list register",
                "lang": "nl"
              }
            }
          }
        },
        {
          "metadata-codelist": {
            "itemclass": {
              "id": "MetadataCodeList",
              "label": {
                "text": "Metadata Code list",
                "lang": "nl"
              }
            },
            "description": {
              "text": "This code list is the result of the 'simplification of data-service linkages' activity performed in the context of the MIG-T data simplification action(2019.2).",
              "lang": "en"
            },
            "definition": {
              "text": "Set of OGC and RFC services that are in the scope of INSPIRE. This list aims at the better identification of the network services described within the metadata records.",
              "lang": "en"
            },
            "id": "http://inspire.ec.europa.eu/metadata-codelist/ProtocolValue",
            "label": {
              "text": "INSPIRE Protocol values",
              "lang": "en"
            },
            "version": "0",
            "status": {
              "id": "http://inspire.ec.europa.eu/registry/status/valid",
              "label": {
                "text": "Geldig",
                "lang": "nl"
              }
            },
            "register": {
              "registry": {
                "id": "http://inspire.ec.europa.eu/registry",
                "label": {
                  "text": "INSPIRE register",
                  "lang": "nl"
                }
              },
              "id": "http://inspire.ec.europa.eu/metadata-codelist",
              "label": {
                "text": "INSPIRE metadata code list register",
                "lang": "nl"
              }
            }
          }
        }
      ],
      "contentsummary": {
        "text": "The INSPIRE metadata code list register contains the code lists and their values, as defined in the INSPIRE implementing rules on metadata (Commission Regulation (EC) No 1205/2008).",
        "lang": "nl"
      },
      "registermanager": "Europese Commissie, Gemeenschappelijk Centrum voor onderzoek",
      "contactpoint": {
        "label": "JRC INSPIRE Registry Team",
        "email": "inspire-registry-dev@jrc.ec.europa.eu"
      },
      "language": "nl",
      "registerowner": "Europese Unie",
      "id": "http://inspire.ec.europa.eu/metadata-codelist",
      "label": {
        "text": "INSPIRE metadata code list register",
        "lang": "nl"
      },
      "registercontrolbody": "Control body for the central INSPIRE registers and INSPIRE register federation"
    }
  },
  "requestTimeStamp": 1600440282235,
  "json": [
    {
    },
    {
    },
    {
    },
    {
    },
    {
    },
    {
    },
    {
    },
    {
    },
    {
    },
    {
    },
    {
    },
    {
    },
    {
    },
    {
    },
    {
    },
    {
    },
    {
    },
    {
    },
    {
    },
    {
    },
    {
    },
    {
    },
    {
    },
    {
    },
    {
    },
    {
    },
    {
    },
    {
    },
    {
    },
    {
    },
    {
    },
    {
    },
    {
    },
    {
    },
    {
    },
    {
    },
    {
    },
    {
    },
    {
    },
    {
    },
    {
    },
    {
    },
    {
    },
    {
    },
    {
    },
    {
    },
    {
    },
    {
    },
    {
    },
    {
    },
    {
    },
    {
    },
    {
    },
    {
    },
    {
    },
    {
    },
    {
    },
    {
    },
    {
    },
    {
    },
    {
    },
    {
    },
    {
    },
    {
    },
    {
    },
    {
    },
    {
    },
    {
    },
    {
    },
    {
    },
    {
    },
    {
    },
    {
    },
    {
    },
    {
    },
    {
    },
    {
    },
    {
    },
    {
    },
    {
    },
    {
    },
    {
    },
    {
    },
    {
    },
    {
    },
    {
    },
    {
    },
    {
    },
    {
    },
    {
    },
    {
    },
    {
    },
    {
    },
    {
    },
    {
    },
    {
    },
    {
    },
    {
    },
    {
    },
    {
    },
    {
    },
    {
    },
    {
    },
    {
    },
    {
    },
    {
    },
    {
    },
    {
    },
    {
    },
    {
    },
    {
    },
    {
    },
    {
    },
    {
    },
    {
    },
    {
    },
    {
    },
    {
    },
    {
    },
    {
    },
    {
    },
    {
    },
    {
    },
    {
    },
    {
    },
    {
    },
    {
    },
    {
    },
    {
    },
    {
    },
    {
    },
    {
    },
    {
    },
    {
    },
    {
    },
    {
    },
    {
    },
    {
    },
    {
    },
    {
    },
    {
    },
    {
    },
    {
    },
    {
    },
    {
    },
    {
    },
    {
    },
    {
    },
    {
    },
    {
    },
    {
    },
    {
    },
    {
    },
    {
    },
    {
    },
    {
    },
    {
    },
    {
    },
    {
    },
    {
    },
    {
    },
    {
    },
    {
    },
    {
    },
    {
    },
    {
    },
    {
    },
    {
    },
    {
    },
    {
    },
    {
    },
    {
    },
    {
    },
    {
    },
    {
    },
    {
    },
    {
    },
    {
    },
    {
    },
    {
    },
    {
    },
    {
    },
    {
    },
    {
    },
    {
    },
    {
    },
    {
    },
    {
    },
    {
    },
    {
    },
    {
    },
    {
    },
    {
    },
    {
    },
    {
    },
    {
    },
    {
    }
  ],
  "myVarName": "someValue",
  "briefarray": [
    "fcefa13c-44e2-4953-b6d6-1ddceebc57fc",
    "f99e915a-75e5-4c36-97f2-61eff692d85b",
    "3703b249-a0eb-484e-ba7a-10e31a55bcec",
    "977e0e94-7aa9-4784-b2da-eaec44adb61b",
    "3a72b9a4-cda9-11ea-87d0-0242ac130003",
    "247a1d15-0a67-40ce-85be-1403c08f15a8",
    "af0c582f-9e6b-46e6-865a-fc3a2d5289b9",
    "9d9f1738-aced-47c9-aaa0-c62474a2dcfb",
    "3a7dd0a6-d130-4c4c-b0ba-24365cf036e2",
    "b3f66964-a8c1-456f-9799-9cafca2cb7b1",
    "81ff84ec-42a4-4481-840b-12713bbb5d38",
    "a7fb2234-f7b4-4a03-b282-f10947f42fb1",
    "c7662717-9e43-4367-a344-723d73abbb3e",
    "28c4780a-1a44-4376-b283-14a50a481729",
    "8b0b02a0-1e1b-4cda-bcfe-6fa0f738e38f",
    "29d5310f-dd0d-45ba-abad-b4ffc6b8785f",
    "791adbe3-772f-42cb-a3be-5a617bcecef0",
    "db8d613f-5edc-4467-9cc0-e2dcfb9d64a8",
    "2cc2c30c-91b8-412a-a060-e84d25272581",
    "83dab947-387b-49df-8ad2-32bb10d46d38",
    "5951efa2-1ff3-4763-a966-a2f5497679ee",
    "f2f86edf-ac3a-48e8-9292-0544da2d7645",
    "5a1adb58-0bbe-425d-b0fe-577a6c0a4228",
    "8de2f5eb-b09f-4f6d-8397-8878a1b86238",
    "tbjk534p-wubf-crbp-cj25-d4161160gfim",
    "eu-cb527d-f6db-4835-b0cd-deb245241254",
    "be1b1514-8d1f-48e1-9624-fee9b784138b",
    "cbeaebc3-815a-48af-a978-0e16892865fc",
    "9dd9bf30-36e6-45ae-b368-bdef2720bdde",
    "edf79e6a-d73d-4def-8d22-0f495cc76a73",
    "3e57ce43-7707-43ed-a4b9-72b3a6d812f8",
    "c2225e5d-b46f-4e38-8445-ab10fd40c0dc",
    "eu-f297898-2640-44c2-bbe9-c0480da83794",
    "3d59fd06-9aec-4744-91e7-65e119f74569",
    "c5c4a6d6-b850-473c-8ab5-af9c2c550809",
    "be6551de-a709-4c6d-a5e2-f63f0cf038ba",
    "6050578f-0010-4bfa-b013-c8617b80ba62",
    "a5f961e9-ebdd-41e2-b8e8-ab33ed340a83",
    "08b27bf0-e34a-4b30-9eac-5edadfb6a288",
    "a29917b9-3426-4041-a11b-69bcb2256904",
    "14657c9b-91e4-4355-8563-2911ad0e78e4",
    "58d39928-f502-48c9-a8c1-03244dc181bf",
    "25294679-adb9-4c39-a93b-6954ff9414ac",
    "d6b85d84-cdb9-4a6e-b799-cf8826e22a94",
    "b4ae622c-6201-49d8-bd2e-f7fce9206a1e",
    "e80ad426-1392-4349-9f80-14dae5f1bf57",
    "74aca3eb-c38b-4214-9537-e0abc69e11b5",
    "d9baa847-4652-4588-abe1-0b050f40f27f",
    "ed960299-a147-4c1a-bc57-41ff83a2264f",
    "12bb57cd-73e0-41ba-a1e9-6d986b9109d3",
    "76541ebb-a554-4540-a017-399d4bb4a860",
    "fe0e1e5f-512f-4bb1-bbf8-4028d3dfa24f",
    "d24ccb35-e9d2-41bf-b231-43083fc0c76d",
    "36a7e8cb-8300-4602-93d2-135943365a6f",
    "adn73c4a-ef03-4785-b7f6-942e86b385f5",
    "f273941e-9c3b-43bc-b886-2d50d0bf9348",
    "9986a7ef-e5e2-4a7a-9018-2e1f9631ba8c",
    "34e6165f-1269-48d1-b255-0f05d163d692",
    "41023936-009d-48ec-a90d-c966895463c1",
    "ffefc3dc-dc8f-4589-ae22-a60bebcdf5cb",
    "eu-2c7040b-c448-451b-bf15-f2416ecaadd1",
    "6318009c-7b11-4ab9-9929-735584dfb692",
    "2daad588-11ef-47de-9832-6fe2c3b93e6d",
    "bc2c53f6-c908-4d7c-a6c0-78d9a2855640",
    "wt-f5eb-b09f-4f6d-8397-8878a1b86238",
    "wt-3730-e750-485a-9c0c-39bf9be72cf9",
    "998ba1dc-f6a6-49a3-a021-51f30d9b1d0e",
    "c7d8d77b-8c47-4309-8c58-9b12b086407f",
    "krw2006-68b5-4ff3-94a4-9c24109ffd5e",
    "710c381c-ab2d-45d5-a45d-af2eba811e5f",
    "cc408b2d-09a6-4b2b-9aa3-b46bfe2f00a5",
    "f0821bfe-5a0a-11e9-8647-d663bd873d93",
    "110f9ec6-4464-462e-9765-83d90cefbeab",
    "2e31680f-68b5-4ff3-94a4-9c24109ffd5e",
    "622a632a-c57b-44a2-83a4-e51223d5f15g",
    "krw-f7bb2351-9788-42ea-a58b-a5ee1842304e",
    "a1960e70-22f4-4fd9-91a8-b605c6ceda3e",
    "110f9ec6-4464-462e-9765-83d90cefbeag",
    "krw2006-c57b-44a2-83a4-e51223d5f15g",
    "110f9ec6-4464-462e-9765-83d90cefbeac",
    "891ddc2d-8949-4a45-be96-c65b87c41f13",
    "26103042-50a1-4ee5-9c5b-857a2f8b7680",
    "a9b7026e-0a81-4813-93bd-ba49e6f28502",
    "f605a24f-60cd-4c40-94c8-2186aba3ddd0",
    "6cde2ce7-3ecd-4785-b7b8-d62c3381efe9",
    "4cda487b-c467-490c-a843-6563fec016be",
    "ror-9d8e-4758-83fx-28b057f185e1",
    "ror-9d8e-4758-83fx-28b057f185f1",
    "uwwtd-9d8e-4758-83fa-28b057f185e3",
    "uwwtd-9d8e-4758-83fa-28b057f185e1",
    "76091be7-358a-4a44-8182-b4139c96c6a4",
    "0558a41c-b09a-47fa-b8db-9de6bfe4f494",
    "1c3afc74-cc34-44b7-938a-963e2350795a",
    "c935f2ab-9b65-4dc4-94a0-73aeb840a941",
    "4783ea4f-6b8c-4600-8af0-516f3556cfe9",
    "7c24ea89-074e-4c4f-91e3-d38e813e9cb6",
    "80630ee7-3a15-4ea0-bdc0-a8aebfa2f204",
    "2d3dd6d2-2d2b-4b5f-9e30-86e19ed77a56",
    "1249746f-c2a6-4639-98f2-251676b3528e",
    "f1d27179-36eb-4376-8048-f51d2eb23a09",
    "5b274449-b6c2-4672-a32f-e0bd40975a53",
    "krw-782cab20-8328-45f1-a9b2-c27d07c14066",
    "e536d943-ecff-4d7a-9500-cc31a263a6af",
    "4617f0e0-6af4-4ac0-9044-31df9d03071c",
    "0f128799-cf18-4b37-a721-e62b068191f5",
    "ca94a0cb-7561-4a10-a7d6-b840e56c33ff",
    "380aa01e-dce7-11e3-9f07-901b0e19e163",
    "f002bfc5-7d87-46b6-819e-8415422b65c9",
    "e3b0da1e-0664-4025-b3f5-a54d74a26450",
    "dc5b522e-3e14-4738-9e8e-2401e1b19ef2",
    "88a3c1ae-902e-4efa-8663-ddd836101929",
    "4b282988-cb91-4bbc-b147-f653014917cb",
    "50a2c5e6-c8e7-425d-854e-26f578196bc9",
    "64ff8561-5c56-4cc1-ae0e-94366fb70b7e",
    "df15af6e-0d21-4437-a69f-802be3479bba",
    "10d1153e-778f-4995-9b6c-7c69b196cccb",
    "3eebf700-5abf-42e4-826c-03cfb497e366",
    "11a292bd-9022-4a9f-b1bf-02f5c89ad74a",
    "6c06740d-058f-4a12-bb3f-bf68efd03d09",
    "7dd1fd45-ace5-41e0-93a6-64e3be231717",
    "844404a2-9cd0-452e-b29a-74588777485a",
    "8a4f5c3b-aced-48fd-afb5-f1f1d0ef21d6",
    "ad6caa40-89ab-47e3-85ab-3f8e32024a71",
    "110f9ec6-4464-462e-9765-83d90cefbead",
    "a04afee4-47d5-45b7-b7a0-a6f86106af11",
    "af135cd8-d429-4fc7-b9e3-09e15217520d",
    "d3c9efd6-fca7-49d6-92bb-5f507abece90",
    "b3ec8793-7747-4da0-b6c3-aa384446a586",
    "500d396f-5ec6-4e4b-a151-5fb3cddd8082",
    "733559a5-201d-40e5-ad43-d1c7bae84d9f",
    "e8b84fae-00b3-49c1-80c1-df8f69f64e8c",
    "bb11be63-bd38-4632-bf54-df44c423a529",
    "krm-a905-9d8e-4758-83fa-28b057f185e3",
    "krm-a905-9d8e-4758-83fa-28b057f185e4",
    "24de356e-ec4d-4a18-9903-6401d222b77c",
    "e1e99000-ec47-4e9f-84a5-adad24fef0dc",
    "49ab8bee-b467-486a-96ca-b950443c453a",
    "19165027-a13a-4c19-9013-ec1fd191019d",
    "f91c6ad6-62a5-46d0-8a5b-8a62e7a4b833",
    "32a21114-8694-40ce-ab76-9dcd885c7861",
    "73ec579e-c906-433a-b0b6-d3aa33421558",
    "5c37d29a-006d-4136-8989-adfc35a1d4a7",
    "c3c004ad-5387-4b00-a225-9afbcaa5d31b",
    "d8f370e8-123c-4ab3-9410-04f728327ac6",
    "4e2ef670-cddd-11dd-ad8b-0800200c9a66",
    "64c987ec-dce6-11e3-8563-901b0e19e163",
    "f5f68d51-2ca4-4897-8227-d3938b2b0a7e",
    "b59f06c0-dce5-11e3-9c10-901b0e19e163",
    "daa63e4c-dce6-11e3-991e-901b0e19e163",
    "31de946d-85d4-4c93-bb97-e25f4ef1401a",
    "6f84efeb-fc1d-4565-a721-80735ea57dbd",
    "d845cef6-0e23-4212-a951-b69763e39ef0",
    "7939fd42-cf88-42c5-ab3b-232cf232a3ac",
    "fe45c540-e37d-11e4-b571-0800200c9a66",
    "cf69ec50-9849-4afd-853c-ee56211d336d",
    "effe1ab0-073d-437c-af13-df5c5e07d6cd",
    "b61a773c-ecad-4e60-93e9-0a4caac0b52f",
    "fe2f9091-1962-4073-9e3b-3e4aeed488a5",
    "9ed6b8ed-254a-4745-a09a-3b57137d1b69",
    "5800f3b0-2ea2-4231-8165-216a7b26867f",
    "b6ee58a1-b097-4c6d-8600-eb81efc1468c",
    "a322184d-6285-4856-bb78-f450b30ffc0e",
    "17716ed7-ce0d-4bfd-8868-a398e5578a36",
    "002d9127-c16d-4b8d-9f5e-102a8c8e36c4",
    "68ebd5c9-0ea1-4f22-9907-ec4c063cd3e2",
    "a5241416-8401-4623-be61-57ef50447a41",
    "493ab81b-75f8-4205-b030-6b2fd9eb4295",
    "f44dac86-2228-412f-8355-e56446ca9933",
    "1462bbce-ccd3-4362-83d8-4535ca8f44eb",
    "58e7dc38-a498-4852-b4ef-908f5baa9056",
    "07575774-57a1-4419-bab4-6c88fdeb02b2",
    "71c2b7d2-a1a8-4836-b8d4-7247d331b04d",
    "df5ee213-e1bd-433b-80f7-4ea20f493ca8",
    "f8d840bc-18df-4449-b797-b9adcb81d3ec",
    "88f76a94-ee4d-4e0c-9fde-91b692403e39",
    "wt-83730-e750-485a-9c0c-39bf9be72cf8",
    "adn73c4a-ef03-4785-b7f6-942e86b385f7",
    "ror-9d8e-4758-83fx-28b057f185g1",
    "1be28290-55fa-4486-b9d3-b9d147117863",
    "E7D9F0D6-2B8D-6699-F26E-4A781228F2DD",
    "3387ef8a-9237-453a-aa4e-585d1e193550",
    "7D35598D-DFBF-C64D-0F1A-92A80A45EB14",
    "03671a9e-6aaf-464d-be99-9aad25cef9e3",
    "60a2a7c2-d5b3-4ad5-b562-c448695357fb",
    "uwwtd-9d8e-4758-83fa-28b057f185e2",
    "F646DFB9-5BF6-EAB9-042B-CAB6FF2DC275",
    "1a40eb6f-4f33-4e15-a0b1-2d350ad2636e",
    "6c1cf452-8c62-4046-99ab-640a5e184f9c",
    "34e95842-4e4e-46de-9198-79e8cd4d30dc",
    "8f45b8ef-0ce8-463a-9059-5efdcecb785c",
    "0d6ccccc-7cfb-4eaa-8dc5-8b433d19b121",
    "afc450bd-65b3-4e59-b0fb-619869bf6ada",
    "588a4cb1-b442-4ac1-87e4-40401e353166",
    "29c17585-e702-463f-a5dc-99d34b17d333",
    "7f5d7945-8fa8-4d36-be4c-2fdb3c7d613b",
    "50eef6be-619d-4e16-9b92-48971109b636",
    "280ed37a-b8d2-4ac5-8567-04d84fad3a41"
  ],
  "responseCookies": {
    "JSESSIONID": {
      "name": "JSESSIONID",
      "value": "8EB8A93FBE21D8F00A01304C3D9531FC",
      "domain": "nationaalgeoregister.nl",
      "path": "/geonetwork",
      "persistent": "false",
      "secure": "false"
    }
  }
}

14:44:44.333 [ForkJoinPool-1-worker-11] INFO  com.intuit.karate - [print] title:Vogelrichtlijn verspreiding van soorten
14:44:44.333 [ForkJoinPool-1-worker-11] INFO  com.intuit.karate - [print] Vogelrichtlijn verspreiding van soorten
14:44:44.336 [ForkJoinPool-1-worker-11] INFO  com.intuit.karate - [print] [
  "geodatabeheer.giscc@rvo.nl",
  "GeoDesk.CGI@wur.nl",
  "geodatabeheer.giscc@rvo.nl",
  "beheerPDOK@kadaster.nl",
  ""
]

14:44:44.347 [ForkJoinPool-1-worker-11] INFO  com.intuit.karate - [print] organisation: [
  "Ministerie van Economische Zaken - GIS Competence Center",
  "Wageningen Environmental Research (Alterra)",
  "PDOK",
  "Sovon Vogelonderzoek Nederland"
]

14:44:44.377 [ForkJoinPool-1-worker-13] INFO  com.intuit.karate - [print] title:Grondwater Monitoring Net
14:44:44.378 [ForkJoinPool-1-worker-13] INFO  com.intuit.karate - [print] Grondwater Monitoring Net
14:44:44.382 [ForkJoinPool-1-worker-13] INFO  com.intuit.karate - [print] [
  "info@bro.nl",
  "Info@bro.nl",
  "info@dinoloket.nl"
]

14:44:44.393 [ForkJoinPool-1-worker-13] INFO  com.intuit.karate - [print] organisation: [
  "TNO Geologische Dienst Nederland",
  "TNO Geologische Dienst Nederland",
  "TNO Geologische Dienst Nederland"
]

14:44:44.409 [ForkJoinPool-1-worker-9] INFO  com.intuit.karate - [print] title:Grondwateronderzoek onder INSPIRE
14:44:44.410 [ForkJoinPool-1-worker-9] INFO  com.intuit.karate - [print] Grondwateronderzoek onder INSPIRE
14:44:44.411 [ForkJoinPool-1-worker-9] INFO  com.intuit.karate - [print] [
  "info@dinoloket.nl",
  "info@dinoloket.nl",
  "info@dinoloket.nl"
]

14:44:44.450 [ForkJoinPool-1-worker-9] INFO  com.intuit.karate - [print] organisation: [
  "TNO Geologische Dienst Nederland",
  "TNO Geologische Dienst Nederland",
  "TNO Geologische Dienst Nederland"
]

14:44:44.473 [ForkJoinPool-1-worker-7] INFO  com.intuit.karate - [print] title:Habitatrichtlijn verspreiding van habitattypen
14:44:44.488 [ForkJoinPool-1-worker-7] INFO  com.intuit.karate - [print] Habitatrichtlijn verspreiding van habitattypen
14:44:44.492 [ForkJoinPool-1-worker-7] INFO  com.intuit.karate - [print] [
  "geodatabeheer.giscc@rvo.nl",
  "GeoDesk.CGI@wur.nl",
  "geodatabeheer.giscc@rvo.nl",
  "beheerPDOK@kadaster.nl",
  ""
]

14:44:44.508 [ForkJoinPool-1-worker-7] INFO  com.intuit.karate - [print] organisation: [
  "Ministerie van Economische Zaken - GIS Competence Center",
  "Wageningen Environmental Research (Alterra)",
  "PDOK",
  "Alterra"
]

14:44:44.546 [ForkJoinPool-1-worker-5] INFO  com.intuit.karate - [print] title:Invasieve Exoten (INSPIRE Geharmoniseerd)
14:44:44.554 [ForkJoinPool-1-worker-5] INFO  com.intuit.karate - [print] Invasieve Exoten (INSPIRE Geharmoniseerd)
14:44:44.556 [ForkJoinPool-1-worker-5] INFO  com.intuit.karate - [print] [
  "geodatabeheer.giscc@rvo.nl",
  "Geodatabeheer.GISCC@rvo.nl"
]

14:44:44.561 [ForkJoinPool-1-worker-5] INFO  com.intuit.karate - [print] organisation: Ministerie van Landbouw, Natuur en Voedselkwaliteit
14:44:44.566 [ForkJoinPool-1-worker-7] INFO  com.intuit.karate - [print] [
  "https://www.nationaalgeoregister.nl/geonetwork/srv/dut/catalog.search#/metadata/977e0e94-7aa9-4784-b2da-eaec44adb61b",
  "http://standaarden.overheid.nl/owms/terms/Ministerie_van_Landbouw,_Natuur_en_Voedselkwaliteit"
]

14:44:44.576 [ForkJoinPool-1-worker-13] INFO  com.intuit.karate - [print] [
  "https://nationaalgeoregister.nl/geonetwork/srv/resourcesff07bd5a-d6eb-11ea-87d0-0242ac130003",
  "https://www.nationaalgeoregister.nl/geonetwork/srv/eng/thesaurus.download?ref=external.theme.inspire-theme"
]

14:44:44.577 [ForkJoinPool-1-worker-11] INFO  com.intuit.karate - [print] [
  "https://www.nationaalgeoregister.nl/geonetwork/srv/dut/catalog.search#/metadata/fcefa13c-44e2-4953-b6d6-1ddceebc57fc",
  "http://standaarden.overheid.nl/owms/terms/Ministerie_van_Landbouw,_Natuur_en_Voedselkwaliteit"
]

14:44:44.579 [ForkJoinPool-1-worker-9] INFO  com.intuit.karate - [print] [
  "https://nationaalgeoregister.nl/geonetwork/srv/resources7e290e63-f991-4cc3-beff-1ff08ce2be77",
  "https://www.nationaalgeoregister.nl/geonetwork/srv/eng/thesaurus.download?ref=external.theme.inspire-theme"
]

14:44:44.589 [ForkJoinPool-1-worker-7] INFO  com.intuit.karate - [print]
14:44:44.589 [ForkJoinPool-1-worker-7] INFO  com.intuit.karate - [print] testing xlinkurl:https://www.nationaalgeoregister.nl/geonetwork/srv/dut/catalog.search#/metadata/977e0e94-7aa9-4784-b2da-eaec44adb61b
14:44:44.596 [ForkJoinPool-1-worker-3] INFO  com.intuit.karate - [print] title:Nationale Parken (INSPIRE Geharmoniseerd)
14:44:44.596 [ForkJoinPool-1-worker-3] INFO  com.intuit.karate - [print] Nationale Parken (INSPIRE Geharmoniseerd)
14:44:44.597 [ForkJoinPool-1-worker-3] INFO  com.intuit.karate - [print] [
  "geodatabeheer.giscc@rvo.nl",
  "geodatabeheer.giscc@rvo.nl",
  "info@minlnv.nl",
  "",
  "",
  ""
]

14:44:44.600 [ForkJoinPool-1-worker-9] INFO  com.intuit.karate - [print]
14:44:44.600 [ForkJoinPool-1-worker-11] INFO  com.intuit.karate - [print]
14:44:44.601 [ForkJoinPool-1-worker-11] INFO  com.intuit.karate - [print] testing xlinkurl:https://www.nationaalgeoregister.nl/geonetwork/srv/dut/catalog.search#/metadata/fcefa13c-44e2-4953-b6d6-1ddceebc57fc
14:44:44.602 [ForkJoinPool-1-worker-3] INFO  com.intuit.karate - [print] organisation: no organisationName found in dataset record
14:44:44.603 [ForkJoinPool-1-worker-13] INFO  com.intuit.karate - [print]
14:44:44.609 [ForkJoinPool-1-worker-5] INFO  com.intuit.karate - [print] [
  "http://standaarden.overheid.nl/owms/terms/Ministerie_van_Landbouw,_Natuur_en_Voedselkwaliteit",
  "https://www.nationaalgeoregister.nl/geonetwork/srv/api/records3703b249-a0eb-484e-ba7a-10e31a55bcec",
  "579"
]

14:44:44.612 [ForkJoinPool-1-worker-9] INFO  com.intuit.karate - [print] testing xlinkurl:https://nationaalgeoregister.nl/geonetwork/srv/resources7e290e63-f991-4cc3-beff-1ff08ce2be77
14:44:44.620 [ForkJoinPool-1-worker-13] INFO  com.intuit.karate - [print] testing xlinkurl:https://nationaalgeoregister.nl/geonetwork/srv/resourcesff07bd5a-d6eb-11ea-87d0-0242ac130003
14:44:44.624 [ForkJoinPool-1-worker-5] INFO  com.intuit.karate - [print]
14:44:44.624 [ForkJoinPool-1-worker-5] INFO  com.intuit.karate - [print] testing xlinkurl:http://standaarden.overheid.nl/owms/terms/Ministerie_van_Landbouw,_Natuur_en_Voedselkwaliteit
14:44:44.626 [ForkJoinPool-1-worker-3] INFO  com.intuit.karate - [print] [
  "http://standaarden.overheid.nl/owms/terms/Ministerie_van_Landbouw,_Natuur_en_Voedselkwaliteit",
  "http://nationaalgeoregister.nl/geonetwork/srv/dut/catalog.search#/metadata/247a1d15-0a67-40ce-85be-1403c08f15a8",
  "http://standaarden.overheid.nl/owms/terms/Ministerie_van_Landbouw,_Natuur_en_Voedselkwaliteit",
  "http://standaarden.overheid.nl/owms/terms/Ministerie_van_Landbouw,_Natuur_en_Voedselkwaliteit",
  "xlink:href=https://inspire.ec.europa.eu/id/document/tg/ps",
  "https://data.overheid.nl/organisatie/PDOK"
]

14:44:44.632 [ForkJoinPool-1-worker-3] INFO  com.intuit.karate - [print]
14:44:44.632 [ForkJoinPool-1-worker-3] INFO  com.intuit.karate - [print] testing xlinkurl:http://standaarden.overheid.nl/owms/terms/Ministerie_van_Landbouw,_Natuur_en_Voedselkwaliteit
14:44:44.881 [ForkJoinPool-1-worker-9] ERROR com.intuit.karate - status code was: 404, expected: 200, response time: 268, url: https://nationaalgeoregister.nl/geonetwork/srv/resources7e290e63-f991-4cc3-beff-1ff08ce2be77, response: 
14:44:44.881 [ForkJoinPool-1-worker-9] ERROR com.intuit.karate - feature call (loop) failed at index: 0
caller: classpath:InspireTest/ngr/datasetrecords/def/checkxlinkurl.template.feature
arg: {"link":"https://nationaalgeoregister.nl/geonetwork/srv/resources7e290e63-f991-4cc3-beff-1ff08ce2be77"}
checkxlinkurl.template.feature:15 - status code was: 404, expected: 200, response time: 268, url: https://nationaalgeoregister.nl/geonetwork/srv/resources7e290e63-f991-4cc3-beff-1ff08ce2be77, response: 
14:44:44.883 [ForkJoinPool-1-worker-9] INFO  com.intuit.karate - [print]
14:44:44.883 [ForkJoinPool-1-worker-9] INFO  com.intuit.karate - [print] testing xlinkurl:https://www.nationaalgeoregister.nl/geonetwork/srv/eng/thesaurus.download?ref=external.theme.inspire-theme
14:44:44.887 [ForkJoinPool-1-worker-13] ERROR com.intuit.karate - status code was: 404, expected: 200, response time: 266, url: https://nationaalgeoregister.nl/geonetwork/srv/resourcesff07bd5a-d6eb-11ea-87d0-0242ac130003, response: 
14:44:44.888 [ForkJoinPool-1-worker-13] ERROR com.intuit.karate - feature call (loop) failed at index: 0
caller: classpath:InspireTest/ngr/datasetrecords/def/checkxlinkurl.template.feature
arg: {"link":"https://nationaalgeoregister.nl/geonetwork/srv/resourcesff07bd5a-d6eb-11ea-87d0-0242ac130003"}
checkxlinkurl.template.feature:15 - status code was: 404, expected: 200, response time: 266, url: https://nationaalgeoregister.nl/geonetwork/srv/resourcesff07bd5a-d6eb-11ea-87d0-0242ac130003, response: 
14:44:44.889 [ForkJoinPool-1-worker-13] INFO  com.intuit.karate - [print]
14:44:44.890 [ForkJoinPool-1-worker-13] INFO  com.intuit.karate - [print] testing xlinkurl:https://www.nationaalgeoregister.nl/geonetwork/srv/eng/thesaurus.download?ref=external.theme.inspire-theme
14:44:44.905 [ForkJoinPool-1-worker-11] INFO  com.intuit.karate - [print]
14:44:44.905 [ForkJoinPool-1-worker-11] INFO  com.intuit.karate - [print] testing xlinkurl:http://standaarden.overheid.nl/owms/terms/Ministerie_van_Landbouw,_Natuur_en_Voedselkwaliteit
14:44:44.908 [ForkJoinPool-1-worker-7] INFO  com.intuit.karate - [print]
14:44:44.910 [ForkJoinPool-1-worker-7] INFO  com.intuit.karate - [print] testing xlinkurl:http://standaarden.overheid.nl/owms/terms/Ministerie_van_Landbouw,_Natuur_en_Voedselkwaliteit
14:44:45.299 [ForkJoinPool-1-worker-9] ERROR com.intuit.karate - status code was: 500, expected: 200, response time: 414, url: https://www.nationaalgeoregister.nl/geonetwork/srv/eng/thesaurus.download?ref=external.theme.inspire-theme, response: 
14:44:45.299 [ForkJoinPool-1-worker-9] ERROR com.intuit.karate - feature call (loop) failed at index: 1
caller: classpath:InspireTest/ngr/datasetrecords/def/checkxlinkurl.template.feature
arg: {"link":"https://www.nationaalgeoregister.nl/geonetwork/srv/eng/thesaurus.download?ref=external.theme.inspire-theme"}
checkxlinkurl.template.feature:15 - status code was: 500, expected: 200, response time: 414, url: https://www.nationaalgeoregister.nl/geonetwork/srv/eng/thesaurus.download?ref=external.theme.inspire-theme, response: 
14:44:45.308 [ForkJoinPool-1-worker-13] ERROR com.intuit.karate - status code was: 500, expected: 200, response time: 416, url: https://www.nationaalgeoregister.nl/geonetwork/srv/eng/thesaurus.download?ref=external.theme.inspire-theme, response: 
14:44:45.308 [ForkJoinPool-1-worker-13] ERROR com.intuit.karate - feature call (loop) failed at index: 1
caller: classpath:InspireTest/ngr/datasetrecords/def/checkxlinkurl.template.feature
arg: {"link":"https://www.nationaalgeoregister.nl/geonetwork/srv/eng/thesaurus.download?ref=external.theme.inspire-theme"}
checkxlinkurl.template.feature:15 - status code was: 500, expected: 200, response time: 416, url: https://www.nationaalgeoregister.nl/geonetwork/srv/eng/thesaurus.download?ref=external.theme.inspire-theme, response: 
14:44:45.388 [ForkJoinPool-1-worker-5] INFO  com.intuit.karate - [print]
14:44:45.389 [ForkJoinPool-1-worker-5] INFO  com.intuit.karate - [print] testing xlinkurl:https://www.nationaalgeoregister.nl/geonetwork/srv/api/records3703b249-a0eb-484e-ba7a-10e31a55bcec
14:44:45.417 [ForkJoinPool-1-worker-3] INFO  com.intuit.karate - [print]
14:44:45.418 [ForkJoinPool-1-worker-3] INFO  com.intuit.karate - [print] testing xlinkurl:http://nationaalgeoregister.nl/geonetwork/srv/dut/catalog.search#/metadata/247a1d15-0a67-40ce-85be-1403c08f15a8
14:44:45.892 [ForkJoinPool-1-worker-3] INFO  com.intuit.karate - [print]
14:44:45.899 [ForkJoinPool-1-worker-3] INFO  com.intuit.karate - [print] testing xlinkurl:http://standaarden.overheid.nl/owms/terms/Ministerie_van_Landbouw,_Natuur_en_Voedselkwaliteit
14:44:45.962 [ForkJoinPool-1-worker-9] INFO  com.intuit.karate - [print] title:Bodemgebruik
14:44:45.962 [ForkJoinPool-1-worker-9] INFO  com.intuit.karate - [print] Bodemgebruik
14:44:45.963 [ForkJoinPool-1-worker-9] INFO  com.intuit.karate - [print] [
  "PPB-GVA@kadaster.nl",
  "kcc@kadaster.nl",
  "kcc@kadaster.nl"
]

14:44:45.964 [ForkJoinPool-1-worker-5] ERROR com.intuit.karate - status code was: 500, expected: 200, response time: 574, url: https://www.nationaalgeoregister.nl/geonetwork/srv/api/records3703b249-a0eb-484e-ba7a-10e31a55bcec, response: 
14:44:45.964 [ForkJoinPool-1-worker-5] ERROR com.intuit.karate - feature call (loop) failed at index: 1
caller: classpath:InspireTest/ngr/datasetrecords/def/checkxlinkurl.template.feature
arg: {"link":"https://www.nationaalgeoregister.nl/geonetwork/srv/api/records3703b249-a0eb-484e-ba7a-10e31a55bcec"}
checkxlinkurl.template.feature:15 - status code was: 500, expected: 200, response time: 574, url: https://www.nationaalgeoregister.nl/geonetwork/srv/api/records3703b249-a0eb-484e-ba7a-10e31a55bcec, response: 
14:44:45.966 [ForkJoinPool-1-worker-5] INFO  com.intuit.karate - [print]
14:44:45.966 [ForkJoinPool-1-worker-5] INFO  com.intuit.karate - [print] testing xlinkurl:579
14:44:45.967 [ForkJoinPool-1-worker-5] ERROR com.intuit.karate - org.apache.http.client.ClientProtocolException, http call failed after 0 milliseconds for URL: 579
14:44:45.967 [ForkJoinPool-1-worker-5] ERROR com.intuit.karate - http request failed: 
org.apache.http.client.ClientProtocolException
14:44:45.967 [ForkJoinPool-1-worker-5] ERROR com.intuit.karate - feature call (loop) failed at index: 2
caller: classpath:InspireTest/ngr/datasetrecords/def/checkxlinkurl.template.feature
arg: {"link":"579"}
checkxlinkurl.template.feature:14 - 
org.apache.http.client.ClientProtocolException
14:44:45.971 [ForkJoinPool-1-worker-9] INFO  com.intuit.karate - [print] organisation: [
  "Kadaster",
  "Kadaster",
  "Kadaster"
]

14:44:45.979 [ForkJoinPool-1-worker-13] INFO  com.intuit.karate - [print] title:Zeegebieden
14:44:45.984 [ForkJoinPool-1-worker-13] INFO  com.intuit.karate - [print] Zeegebieden
14:44:45.986 [ForkJoinPool-1-worker-13] INFO  com.intuit.karate - [print] [
  "PPB-GVA@kadaster.nl",
  "kcc@kadaster.nl",
  "kcc@kadaster.nl"
]

14:44:45.993 [ForkJoinPool-1-worker-13] INFO  com.intuit.karate - [print] organisation: [
  "Kadaster",
  "Kadaster",
  "Kadaster"
]

14:44:46.006 [ForkJoinPool-1-worker-9] INFO  com.intuit.karate - [print] [
  "http://kadaster/06b6c650-cdb1-11dd-ad8b-0800200c9a78"
]

14:44:46.015 [ForkJoinPool-1-worker-9] INFO  com.intuit.karate - [print]
14:44:46.017 [ForkJoinPool-1-worker-9] INFO  com.intuit.karate - [print] testing xlinkurl:http://kadaster/06b6c650-cdb1-11dd-ad8b-0800200c9a78
14:44:46.019 [ForkJoinPool-1-worker-13] INFO  com.intuit.karate - [print] [
  "http://kadaster/7c22107ea-5e31-4bbc-8e24-d15fe230062e"
]

14:44:46.033 [ForkJoinPool-1-worker-13] INFO  com.intuit.karate - [print]
14:44:46.033 [ForkJoinPool-1-worker-13] INFO  com.intuit.karate - [print] testing xlinkurl:http://kadaster/7c22107ea-5e31-4bbc-8e24-d15fe230062e
14:44:46.109 [ForkJoinPool-1-worker-13] ERROR com.intuit.karate - java.net.UnknownHostException: kadaster, http call failed after 75 milliseconds for URL: http://kadaster/7c22107ea-5e31-4bbc-8e24-d15fe230062e
14:44:46.109 [ForkJoinPool-1-worker-13] ERROR com.intuit.karate - http request failed: 
java.net.UnknownHostException: kadaster
14:44:46.109 [ForkJoinPool-1-worker-13] ERROR com.intuit.karate - feature call (loop) failed at index: 0
caller: classpath:InspireTest/ngr/datasetrecords/def/checkxlinkurl.template.feature
arg: {"link":"http://kadaster/7c22107ea-5e31-4bbc-8e24-d15fe230062e"}
checkxlinkurl.template.feature:14 - 
java.net.UnknownHostException: kadaster
14:44:46.113 [ForkJoinPool-1-worker-9] ERROR com.intuit.karate - java.net.UnknownHostException: kadaster: Temporary failure in name resolution, http call failed after 91 milliseconds for URL: http://kadaster/06b6c650-cdb1-11dd-ad8b-0800200c9a78
14:44:46.113 [ForkJoinPool-1-worker-9] ERROR com.intuit.karate - http request failed: 
java.net.UnknownHostException: kadaster: Temporary failure in name resolution
14:44:46.113 [ForkJoinPool-1-worker-9] ERROR com.intuit.karate - feature call (loop) failed at index: 0
caller: classpath:InspireTest/ngr/datasetrecords/def/checkxlinkurl.template.feature
arg: {"link":"http://kadaster/06b6c650-cdb1-11dd-ad8b-0800200c9a78"}
checkxlinkurl.template.feature:14 - 
java.net.UnknownHostException: kadaster: Temporary failure in name resolution
14:44:46.249 [ForkJoinPool-1-worker-11] INFO  com.intuit.karate - [print] title:Monitoring stations (Nitraatrichtlijn) ondiepe filters
14:44:46.250 [ForkJoinPool-1-worker-11] INFO  com.intuit.karate - [print] Monitoring stations (Nitraatrichtlijn) ondiepe filters
14:44:46.252 [ForkJoinPool-1-worker-11] INFO  com.intuit.karate - [print] [
  "geodata@rivm.nl",
  "",
  "geodata@rivm.nl"
]

14:44:46.254 [ForkJoinPool-1-worker-11] INFO  com.intuit.karate - [print] organisation: no organisationName found in dataset record
14:44:46.261 [ForkJoinPool-1-worker-11] INFO  com.intuit.karate - [print] [
  "https://data.rivm.nl/inspire/id#7247293d-2113-44d8-b335-8167b2ec4d1b"
]

14:44:46.266 [ForkJoinPool-1-worker-11] INFO  com.intuit.karate - [print]
14:44:46.267 [ForkJoinPool-1-worker-11] INFO  com.intuit.karate - [print] testing xlinkurl:https://data.rivm.nl/inspire/id#7247293d-2113-44d8-b335-8167b2ec4d1b
14:44:46.280 [ForkJoinPool-1-worker-7] INFO  com.intuit.karate - [print] title:Vervoersnetwerken - Spoorwegen (INSPIRE geharmoniseerd)
14:44:46.280 [ForkJoinPool-1-worker-7] INFO  com.intuit.karate - [print] Vervoersnetwerken - Spoorwegen (INSPIRE geharmoniseerd)
14:44:46.282 [ForkJoinPool-1-worker-7] INFO  com.intuit.karate - [print] [
  "PPB-GVA@kadaster.nl",
  "kcc@kadaster.nl"
]

14:44:46.289 [ForkJoinPool-1-worker-7] INFO  com.intuit.karate - [print] organisation: [
  "Kadaster",
  "Kadaster"
]

14:44:46.299 [ForkJoinPool-1-worker-7] INFO  com.intuit.karate - [print] [
  "http://www.opengis.net/def/crs/EPSG/0/http://www.opengis.net/def/crs/EPSG/0/4258",
  "http://kadaster/cb4edbd2-2dca-4d44-92bb-b2202048b526"
]

14:44:46.305 [ForkJoinPool-1-worker-7] INFO  com.intuit.karate - [print]
14:44:46.306 [ForkJoinPool-1-worker-7] INFO  com.intuit.karate - [print] testing xlinkurl:http://www.opengis.net/def/crs/EPSG/0/http://www.opengis.net/def/crs/EPSG/0/4258
14:44:46.530 [ForkJoinPool-1-worker-5] INFO  com.intuit.karate - [print] title:Geografische Namen
14:44:46.532 [ForkJoinPool-1-worker-5] INFO  com.intuit.karate - [print] Geografische Namen
14:44:46.533 [ForkJoinPool-1-worker-5] INFO  com.intuit.karate - [print] [
  "PPB-GVA@kadaster.nl",
  "kcc@kadaster.nl",
  "kcc@kadaster.nl"
]

14:44:46.537 [ForkJoinPool-1-worker-5] INFO  com.intuit.karate - [print] organisation: [
  "Kadaster",
  "Kadaster",
  "Kadaster"
]

14:44:46.554 [ForkJoinPool-1-worker-5] INFO  com.intuit.karate - [print] [
  "http://kadaster/06b6c650-cdb1-11dd-ad8b-0800200c9a79"
]

14:44:46.562 [ForkJoinPool-1-worker-5] INFO  com.intuit.karate - [print]
14:44:46.565 [ForkJoinPool-1-worker-5] INFO  com.intuit.karate - [print] testing xlinkurl:http://kadaster/06b6c650-cdb1-11dd-ad8b-0800200c9a79
14:44:46.567 [ForkJoinPool-1-worker-5] ERROR com.intuit.karate - java.net.UnknownHostException: kadaster, http call failed after 0 milliseconds for URL: http://kadaster/06b6c650-cdb1-11dd-ad8b-0800200c9a79
14:44:46.568 [ForkJoinPool-1-worker-5] ERROR com.intuit.karate - http request failed: 
java.net.UnknownHostException: kadaster
14:44:46.569 [ForkJoinPool-1-worker-5] ERROR com.intuit.karate - feature call (loop) failed at index: 0
caller: classpath:InspireTest/ngr/datasetrecords/def/checkxlinkurl.template.feature
arg: {"link":"http://kadaster/06b6c650-cdb1-11dd-ad8b-0800200c9a79"}
checkxlinkurl.template.feature:14 - 
java.net.UnknownHostException: kadaster
14:44:46.627 [ForkJoinPool-1-worker-9] INFO  com.intuit.karate - [print] title:-Gegevens boormonsterprofiel onder PDOK
14:44:46.628 [ForkJoinPool-1-worker-9] INFO  com.intuit.karate - [print] -Gegevens boormonsterprofiel onder PDOK
14:44:46.629 [ForkJoinPool-1-worker-9] INFO  com.intuit.karate - [print] [
  "info@dinoloket",
  "info@dinoloket.nl"
]

14:44:46.631 [ForkJoinPool-1-worker-9] INFO  com.intuit.karate - [print] organisation: [
  "TNO Geologische Dienst Nederland",
  "TNO Geologische Dienst Nederland"
]

14:44:46.643 [ForkJoinPool-1-worker-7] INFO  com.intuit.karate - [print]
14:44:46.643 [ForkJoinPool-1-worker-7] INFO  com.intuit.karate - [print] testing xlinkurl:http://kadaster/cb4edbd2-2dca-4d44-92bb-b2202048b526
14:44:46.644 [ForkJoinPool-1-worker-7] ERROR com.intuit.karate - java.net.UnknownHostException: kadaster, http call failed after 0 milliseconds for URL: http://kadaster/cb4edbd2-2dca-4d44-92bb-b2202048b526
14:44:46.644 [ForkJoinPool-1-worker-7] ERROR com.intuit.karate - http request failed: 
java.net.UnknownHostException: kadaster
14:44:46.645 [ForkJoinPool-1-worker-7] ERROR com.intuit.karate - feature call (loop) failed at index: 1
caller: classpath:InspireTest/ngr/datasetrecords/def/checkxlinkurl.template.feature
arg: {"link":"http://kadaster/cb4edbd2-2dca-4d44-92bb-b2202048b526"}
checkxlinkurl.template.feature:14 - 
java.net.UnknownHostException: kadaster
14:44:46.652 [ForkJoinPool-1-worker-3] INFO  com.intuit.karate - [print]
14:44:46.652 [ForkJoinPool-1-worker-3] INFO  com.intuit.karate - [print] testing xlinkurl:http://standaarden.overheid.nl/owms/terms/Ministerie_van_Landbouw,_Natuur_en_Voedselkwaliteit
14:44:46.656 [ForkJoinPool-1-worker-9] INFO  com.intuit.karate - [print] [
  "https://ngr.acceptatie.nationaalgeoregister.nl/geonetwork/srv/resourcesc7662717-9e43-4367-a344-723d73abbb3e"
]

14:44:46.662 [ForkJoinPool-1-worker-9] INFO  com.intuit.karate - [print]
14:44:46.684 [ForkJoinPool-1-worker-9] INFO  com.intuit.karate - [print] testing xlinkurl:https://ngr.acceptatie.nationaalgeoregister.nl/geonetwork/srv/resourcesc7662717-9e43-4367-a344-723d73abbb3e
14:44:46.719 [ForkJoinPool-1-worker-11] ERROR com.intuit.karate - javax.net.ssl.SSLException: Connection reset, http call failed after 451 milliseconds for URL: https://data.rivm.nl/inspire/id#7247293d-2113-44d8-b335-8167b2ec4d1b
14:44:46.719 [ForkJoinPool-1-worker-11] ERROR com.intuit.karate - http request failed: 
javax.net.ssl.SSLException: Connection reset
14:44:46.720 [ForkJoinPool-1-worker-11] ERROR com.intuit.karate - feature call (loop) failed at index: 0
caller: classpath:InspireTest/ngr/datasetrecords/def/checkxlinkurl.template.feature
arg: {"link":"https://data.rivm.nl/inspire/id#7247293d-2113-44d8-b335-8167b2ec4d1b"}
checkxlinkurl.template.feature:14 - 
javax.net.ssl.SSLException: Connection reset
14:44:46.749 [ForkJoinPool-1-worker-13] INFO  com.intuit.karate - [print] title:Kaart van de bodemopbouw in Nederland 1:50.000 onder INSPIRE
14:44:46.750 [ForkJoinPool-1-worker-13] INFO  com.intuit.karate - [print] Kaart van de bodemopbouw in Nederland 1:50.000 onder INSPIRE
14:44:46.751 [ForkJoinPool-1-worker-13] INFO  com.intuit.karate - [print] [
  "info@dinoloket.nl",
  "geodesk.cgi@wur.nl",
  "info@dinoloket.nl"
]

14:44:46.753 [ForkJoinPool-1-worker-13] INFO  com.intuit.karate - [print] organisation: [
  "TNO Geologische Dienst Nederland",
  "Alterra, Wageningen UR",
  "TNO Geologische Dienst Nederland"
]

14:44:46.767 [ForkJoinPool-1-worker-13] INFO  com.intuit.karate - [print] [
  "https://ngr.acceptatie.nationaalgeoregister.nl/geonetwork/srv/resourcesbbe3c19d-12b0-4912-a6f4-46eb189e85ac",
  "http://rdfdata.eionet.europa.eu/inspirethemes/themes/16",
  "http://geonetwork-opensource.org/inspire-theme#",
  "https://www.nationaalgeoregister.nl/geonetwork/srv/eng/thesaurus.download?ref=external.theme.inspire-theme"
]

14:44:46.777 [ForkJoinPool-1-worker-13] INFO  com.intuit.karate - [print]
14:44:46.777 [ForkJoinPool-1-worker-13] INFO  com.intuit.karate - [print] testing xlinkurl:https://ngr.acceptatie.nationaalgeoregister.nl/geonetwork/srv/resourcesbbe3c19d-12b0-4912-a6f4-46eb189e85ac
14:44:47.079 [ForkJoinPool-1-worker-5] INFO  com.intuit.karate - [print] title:Habitatrichtlijn verspreiding van soorten
14:44:47.079 [ForkJoinPool-1-worker-5] INFO  com.intuit.karate - [print] Habitatrichtlijn verspreiding van soorten
14:44:47.081 [ForkJoinPool-1-worker-5] INFO  com.intuit.karate - [print] [
  "geodatabeheer.giscc@rvo.nl",
  "GeoDesk.CGI@wur.nl",
  "geodatabeheer.giscc@rvo.nl",
  "beheerPDOK@kadaster.nl",
  "",
  "",
  ""
]

14:44:47.083 [ForkJoinPool-1-worker-9] ERROR com.intuit.karate - status code was: 404, expected: 200, response time: 397, url: https://ngr.acceptatie.nationaalgeoregister.nl/geonetwork/srv/resourcesc7662717-9e43-4367-a344-723d73abbb3e, response: 
14:44:47.083 [ForkJoinPool-1-worker-9] ERROR com.intuit.karate - feature call (loop) failed at index: 0
caller: classpath:InspireTest/ngr/datasetrecords/def/checkxlinkurl.template.feature
arg: {"link":"https://ngr.acceptatie.nationaalgeoregister.nl/geonetwork/srv/resourcesc7662717-9e43-4367-a344-723d73abbb3e"}
checkxlinkurl.template.feature:15 - status code was: 404, expected: 200, response time: 397, url: https://ngr.acceptatie.nationaalgeoregister.nl/geonetwork/srv/resourcesc7662717-9e43-4367-a344-723d73abbb3e, response: 
14:44:47.091 [ForkJoinPool-1-worker-5] INFO  com.intuit.karate - [print] organisation: [
  "Wageningen Environmental Research (Alterra)",
  "PDOK",
  "CBS",
  "Natuurloket",
  "PGO's"
]

14:44:47.095 [ForkJoinPool-1-worker-13] ERROR com.intuit.karate - status code was: 404, expected: 200, response time: 317, url: https://ngr.acceptatie.nationaalgeoregister.nl/geonetwork/srv/resourcesbbe3c19d-12b0-4912-a6f4-46eb189e85ac, response: 
14:44:47.096 [ForkJoinPool-1-worker-13] ERROR com.intuit.karate - feature call (loop) failed at index: 0
caller: classpath:InspireTest/ngr/datasetrecords/def/checkxlinkurl.template.feature
arg: {"link":"https://ngr.acceptatie.nationaalgeoregister.nl/geonetwork/srv/resourcesbbe3c19d-12b0-4912-a6f4-46eb189e85ac"}
checkxlinkurl.template.feature:15 - status code was: 404, expected: 200, response time: 317, url: https://ngr.acceptatie.nationaalgeoregister.nl/geonetwork/srv/resourcesbbe3c19d-12b0-4912-a6f4-46eb189e85ac, response: 
14:44:47.097 [ForkJoinPool-1-worker-13] INFO  com.intuit.karate - [print]
14:44:47.097 [ForkJoinPool-1-worker-13] INFO  com.intuit.karate - [print] testing xlinkurl:http://rdfdata.eionet.europa.eu/inspirethemes/themes/16
14:44:47.105 [ForkJoinPool-1-worker-5] INFO  com.intuit.karate - [print] [
  "http://standaarden.overheid.nl/owms/terms/Ministerie_van_Landbouw,_Natuur_en_Voedselkwaliteit",
  "https://www.nationaalgeoregister.nl/geonetwork/srv/dut/catalog.search#/metadata/28c4780a-1a44-4376-b283-14a50a481729",
  "http://standaarden.overheid.nl/owms/terms/Ministerie_van_Landbouw,_Natuur_en_Voedselkwaliteit"
]

14:44:47.111 [ForkJoinPool-1-worker-5] INFO  com.intuit.karate - [print]
14:44:47.111 [ForkJoinPool-1-worker-5] INFO  com.intuit.karate - [print] testing xlinkurl:http://standaarden.overheid.nl/owms/terms/Ministerie_van_Landbouw,_Natuur_en_Voedselkwaliteit
14:44:47.220 [ForkJoinPool-1-worker-7] INFO  com.intuit.karate - [print] title:Emissies naar het riool in 2011 vanuit de industrie
14:44:47.220 [ForkJoinPool-1-worker-7] INFO  com.intuit.karate - [print] Emissies naar het riool in 2011 vanuit de industrie
14:44:47.221 [ForkJoinPool-1-worker-7] INFO  com.intuit.karate - [print] [
  "emissieregistratie@rivm.nl",
  "",
  "emissieregistratie@rivm.nl"
]

14:44:47.229 [ForkJoinPool-1-worker-7] INFO  com.intuit.karate - [print] organisation: no organisationName found in dataset record
14:44:47.236 [ForkJoinPool-1-worker-7] INFO  com.intuit.karate - [print] [
  "https://data.rivm.nl/inspire/id#e6ddc53d-04c4-435d-bedd-a5ace2dc0313"
]

14:44:47.245 [ForkJoinPool-1-worker-7] INFO  com.intuit.karate - [print]
14:44:47.245 [ForkJoinPool-1-worker-7] INFO  com.intuit.karate - [print] testing xlinkurl:https://data.rivm.nl/inspire/id#e6ddc53d-04c4-435d-bedd-a5ace2dc0313
14:44:47.256 [ForkJoinPool-1-worker-11] INFO  com.intuit.karate - [print] title:TOP10NL
14:44:47.257 [ForkJoinPool-1-worker-11] INFO  com.intuit.karate - [print] TOP10NL
14:44:47.258 [ForkJoinPool-1-worker-11] INFO  com.intuit.karate - [print] [
  "PPB-GVA@kadaster.nl",
  "kcc@kadaster.nl",
  "kcc@kadaster.nl",
  "",
  "",
  "",
  "",
  "",
  ""
]

14:44:47.260 [ForkJoinPool-1-worker-11] INFO  com.intuit.karate - [print] organisation: [
  "Kadaster",
  "Kadaster",
  "Kadaster",
  "Kadaster",
  "Kadaster",
  "Kadaster",
  "Kadaster",
  "Kadaster",
  "Kadaster"
]

14:44:47.267 [ForkJoinPool-1-worker-11] INFO  com.intuit.karate - [print] [
  "http://kadaster/2482250f-3b00-4439-9f93-f3118229b201",
  "",
  "",
  "",
  "",
  ""
]

14:44:47.274 [ForkJoinPool-1-worker-11] INFO  com.intuit.karate - [print]
14:44:47.274 [ForkJoinPool-1-worker-11] INFO  com.intuit.karate - [print] testing xlinkurl:http://kadaster/2482250f-3b00-4439-9f93-f3118229b201
14:44:47.276 [ForkJoinPool-1-worker-11] ERROR com.intuit.karate - java.net.UnknownHostException: kadaster, http call failed after 0 milliseconds for URL: http://kadaster/2482250f-3b00-4439-9f93-f3118229b201
14:44:47.276 [ForkJoinPool-1-worker-11] ERROR com.intuit.karate - http request failed: 
java.net.UnknownHostException: kadaster
14:44:47.278 [ForkJoinPool-1-worker-11] ERROR com.intuit.karate - feature call (loop) failed at index: 0
caller: classpath:InspireTest/ngr/datasetrecords/def/checkxlinkurl.template.feature
arg: {"link":"http://kadaster/2482250f-3b00-4439-9f93-f3118229b201"}
checkxlinkurl.template.feature:14 - 
java.net.UnknownHostException: kadaster
14:44:47.280 [ForkJoinPool-1-worker-11] INFO  com.intuit.karate - [print]
14:44:47.280 [ForkJoinPool-1-worker-11] INFO  com.intuit.karate - [print] testing xlinkurl:
14:44:47.282 [ForkJoinPool-1-worker-11] ERROR com.intuit.karate - org.apache.http.client.ClientProtocolException, http call failed after 0 milliseconds for URL: 
14:44:47.282 [ForkJoinPool-1-worker-11] ERROR com.intuit.karate - http request failed: 
org.apache.http.client.ClientProtocolException
14:44:47.283 [ForkJoinPool-1-worker-11] ERROR com.intuit.karate - feature call (loop) failed at index: 1
caller: classpath:InspireTest/ngr/datasetrecords/def/checkxlinkurl.template.feature
arg: {"link":""}
checkxlinkurl.template.feature:14 - 
org.apache.http.client.ClientProtocolException
14:44:47.285 [ForkJoinPool-1-worker-11] INFO  com.intuit.karate - [print]
14:44:47.286 [ForkJoinPool-1-worker-11] INFO  com.intuit.karate - [print] testing xlinkurl:
14:44:47.287 [ForkJoinPool-1-worker-11] ERROR com.intuit.karate - org.apache.http.client.ClientProtocolException, http call failed after 0 milliseconds for URL: 
14:44:47.288 [ForkJoinPool-1-worker-11] ERROR com.intuit.karate - http request failed: 
org.apache.http.client.ClientProtocolException
14:44:47.289 [ForkJoinPool-1-worker-11] ERROR com.intuit.karate - feature call (loop) failed at index: 2
caller: classpath:InspireTest/ngr/datasetrecords/def/checkxlinkurl.template.feature
arg: {"link":""}
checkxlinkurl.template.feature:14 - 
org.apache.http.client.ClientProtocolException
14:44:47.291 [ForkJoinPool-1-worker-11] INFO  com.intuit.karate - [print]
14:44:47.292 [ForkJoinPool-1-worker-11] INFO  com.intuit.karate - [print] testing xlinkurl:
14:44:47.293 [ForkJoinPool-1-worker-11] ERROR com.intuit.karate - org.apache.http.client.ClientProtocolException, http call failed after 0 milliseconds for URL: 
14:44:47.294 [ForkJoinPool-1-worker-11] ERROR com.intuit.karate - http request failed: 
org.apache.http.client.ClientProtocolException
14:44:47.295 [ForkJoinPool-1-worker-11] ERROR com.intuit.karate - feature call (loop) failed at index: 3
caller: classpath:InspireTest/ngr/datasetrecords/def/checkxlinkurl.template.feature
arg: {"link":""}
checkxlinkurl.template.feature:14 - 
org.apache.http.client.ClientProtocolException
14:44:47.297 [ForkJoinPool-1-worker-11] INFO  com.intuit.karate - [print]
14:44:47.298 [ForkJoinPool-1-worker-11] INFO  com.intuit.karate - [print] testing xlinkurl:
14:44:47.299 [ForkJoinPool-1-worker-11] ERROR com.intuit.karate - org.apache.http.client.ClientProtocolException, http call failed after 0 milliseconds for URL: 
14:44:47.300 [ForkJoinPool-1-worker-11] ERROR com.intuit.karate - http request failed: 
org.apache.http.client.ClientProtocolException
14:44:47.301 [ForkJoinPool-1-worker-11] ERROR com.intuit.karate - feature call (loop) failed at index: 4
caller: classpath:InspireTest/ngr/datasetrecords/def/checkxlinkurl.template.feature
arg: {"link":""}
checkxlinkurl.template.feature:14 - 
org.apache.http.client.ClientProtocolException
14:44:47.303 [ForkJoinPool-1-worker-11] INFO  com.intuit.karate - [print]
14:44:47.304 [ForkJoinPool-1-worker-11] INFO  com.intuit.karate - [print] testing xlinkurl:
14:44:47.305 [ForkJoinPool-1-worker-11] ERROR com.intuit.karate - org.apache.http.client.ClientProtocolException, http call failed after 0 milliseconds for URL: 
14:44:47.306 [ForkJoinPool-1-worker-11] ERROR com.intuit.karate - http request failed: 
org.apache.http.client.ClientProtocolException
14:44:47.307 [ForkJoinPool-1-worker-11] ERROR com.intuit.karate - feature call (loop) failed at index: 5
caller: classpath:InspireTest/ngr/datasetrecords/def/checkxlinkurl.template.feature
arg: {"link":""}
checkxlinkurl.template.feature:14 - 
org.apache.http.client.ClientProtocolException
14:44:47.319 [ForkJoinPool-1-worker-3] INFO  com.intuit.karate - [print]
14:44:47.319 [ForkJoinPool-1-worker-3] INFO  com.intuit.karate - [print] testing xlinkurl:xlink:href=https://inspire.ec.europa.eu/id/document/tg/ps
14:44:47.320 [ForkJoinPool-1-worker-3] ERROR com.intuit.karate - org.apache.http.client.ClientProtocolException: URI does not specify a valid host name: xlink:href=https://inspire.ec.europa.eu/id/document/tg/ps, http call failed after 0 milliseconds for URL: xlink:href=https://inspire.ec.europa.eu/id/document/tg/ps
14:44:47.320 [ForkJoinPool-1-worker-3] ERROR com.intuit.karate - http request failed: 
org.apache.http.client.ClientProtocolException: URI does not specify a valid host name: xlink:href=https://inspire.ec.europa.eu/id/document/tg/ps
14:44:47.320 [ForkJoinPool-1-worker-3] ERROR com.intuit.karate - feature call (loop) failed at index: 4
caller: classpath:InspireTest/ngr/datasetrecords/def/checkxlinkurl.template.feature
arg: {"link":"xlink:href=https://inspire.ec.europa.eu/id/document/tg/ps"}
checkxlinkurl.template.feature:14 - 
org.apache.http.client.ClientProtocolException: URI does not specify a valid host name: xlink:href=https://inspire.ec.europa.eu/id/document/tg/ps
14:44:47.321 [ForkJoinPool-1-worker-3] INFO  com.intuit.karate - [print]
14:44:47.321 [ForkJoinPool-1-worker-3] INFO  com.intuit.karate - [print] testing xlinkurl:https://data.overheid.nl/organisatie/PDOK
14:44:47.573 [ForkJoinPool-1-worker-9] INFO  com.intuit.karate - [print] title:Zeegebieden (INSPIRE geharmoniseerd)
14:44:47.573 [ForkJoinPool-1-worker-9] INFO  com.intuit.karate - [print] Zeegebieden (INSPIRE geharmoniseerd)
14:44:47.578 [ForkJoinPool-1-worker-9] INFO  com.intuit.karate - [print] [
  "PPB-GVA@kadaster.nl",
  "kcc@kadaster.nl"
]

14:44:47.581 [ForkJoinPool-1-worker-9] INFO  com.intuit.karate - [print] organisation: [
  "Kadaster",
  "Kadaster"
]

14:44:47.586 [ForkJoinPool-1-worker-7] ERROR com.intuit.karate - javax.net.ssl.SSLException: Connection reset, http call failed after 340 milliseconds for URL: https://data.rivm.nl/inspire/id#e6ddc53d-04c4-435d-bedd-a5ace2dc0313
14:44:47.586 [ForkJoinPool-1-worker-7] ERROR com.intuit.karate - http request failed: 
javax.net.ssl.SSLException: Connection reset
14:44:47.586 [ForkJoinPool-1-worker-7] ERROR com.intuit.karate - feature call (loop) failed at index: 0
caller: classpath:InspireTest/ngr/datasetrecords/def/checkxlinkurl.template.feature
arg: {"link":"https://data.rivm.nl/inspire/id#e6ddc53d-04c4-435d-bedd-a5ace2dc0313"}
checkxlinkurl.template.feature:14 - 
javax.net.ssl.SSLException: Connection reset
14:44:47.602 [ForkJoinPool-1-worker-9] INFO  com.intuit.karate - [print] [
  "http://www.opengis.net/def/crs/EPSG/0/http://www.opengis.net/def/crs/EPSG/0/4258",
  "http://kadaster/9778afe6-2152-4a8f-ba32-9697625401e3"
]

14:44:47.609 [ForkJoinPool-1-worker-9] INFO  com.intuit.karate - [print]
14:44:47.610 [ForkJoinPool-1-worker-9] INFO  com.intuit.karate - [print] testing xlinkurl:http://www.opengis.net/def/crs/EPSG/0/http://www.opengis.net/def/crs/EPSG/0/4258
14:44:47.859 [ForkJoinPool-1-worker-11] INFO  com.intuit.karate - [print] title:Statistical Units Grid
14:44:47.861 [ForkJoinPool-1-worker-5] INFO  com.intuit.karate - [print]
14:44:47.863 [ForkJoinPool-1-worker-5] INFO  com.intuit.karate - [print] testing xlinkurl:https://www.nationaalgeoregister.nl/geonetwork/srv/dut/catalog.search#/metadata/28c4780a-1a44-4376-b283-14a50a481729
14:44:47.865 [ForkJoinPool-1-worker-11] INFO  com.intuit.karate - [print] Statistical Units Grid
14:44:47.866 [ForkJoinPool-1-worker-11] INFO  com.intuit.karate - [print] [
  "infoservice@cbs.nl",
  "infoservice@cbs.nl",
  "infoservice@cbs.nl",
  "",
  ""
]

14:44:47.869 [ForkJoinPool-1-worker-11] INFO  com.intuit.karate - [print] organisation: [
  "Statistics Netherlands",
  "Statistics Netherlands",
  "Statistics Netherlandds",
  "Statistics Netherlands"
]

14:44:47.876 [ForkJoinPool-1-worker-11] INFO  com.intuit.karate - [print] [
  "https://geodata.nationaalgeoregister.nl/inspire/su-grid/wfs",
  ""
]

14:44:47.888 [ForkJoinPool-1-worker-11] INFO  com.intuit.karate - [print]
14:44:47.888 [ForkJoinPool-1-worker-11] INFO  com.intuit.karate - [print] testing xlinkurl:https://geodata.nationaalgeoregister.nl/inspire/su-grid/wfs
14:44:47.914 [ForkJoinPool-1-worker-9] INFO  com.intuit.karate - [print]
14:44:47.915 [ForkJoinPool-1-worker-9] INFO  com.intuit.karate - [print] testing xlinkurl:http://kadaster/9778afe6-2152-4a8f-ba32-9697625401e3
14:44:47.916 [ForkJoinPool-1-worker-9] ERROR com.intuit.karate - java.net.UnknownHostException: kadaster, http call failed after 0 milliseconds for URL: http://kadaster/9778afe6-2152-4a8f-ba32-9697625401e3
14:44:47.917 [ForkJoinPool-1-worker-9] ERROR com.intuit.karate - http request failed: 
java.net.UnknownHostException: kadaster
14:44:47.918 [ForkJoinPool-1-worker-9] ERROR com.intuit.karate - feature call (loop) failed at index: 1
caller: classpath:InspireTest/ngr/datasetrecords/def/checkxlinkurl.template.feature
arg: {"link":"http://kadaster/9778afe6-2152-4a8f-ba32-9697625401e3"}
checkxlinkurl.template.feature:14 - 
java.net.UnknownHostException: kadaster
14:44:48.066 [ForkJoinPool-1-worker-13] ERROR com.intuit.karate - status code was: 404, expected: 200, response time: 969, url: http://rdfdata.eionet.europa.eu/inspirethemes/themes/16, response: 
14:44:48.067 [ForkJoinPool-1-worker-13] ERROR com.intuit.karate - feature call (loop) failed at index: 1
caller: classpath:InspireTest/ngr/datasetrecords/def/checkxlinkurl.template.feature
arg: {"link":"http://rdfdata.eionet.europa.eu/inspirethemes/themes/16"}
checkxlinkurl.template.feature:15 - status code was: 404, expected: 200, response time: 969, url: http://rdfdata.eionet.europa.eu/inspirethemes/themes/16, response: 
14:44:48.069 [ForkJoinPool-1-worker-13] INFO  com.intuit.karate - [print]
14:44:48.070 [ForkJoinPool-1-worker-13] INFO  com.intuit.karate - [print] testing xlinkurl:http://geonetwork-opensource.org/inspire-theme#
14:44:48.085 [ForkJoinPool-1-worker-7] INFO  com.intuit.karate - [print] title:Zones en agglomeraties (Richtlijn Luchtkwaliteit) 2013
14:44:48.086 [ForkJoinPool-1-worker-7] INFO  com.intuit.karate - [print] Zones en agglomeraties (Richtlijn Luchtkwaliteit) 2013
14:44:48.087 [ForkJoinPool-1-worker-7] INFO  com.intuit.karate - [print] [
  "geodata@rivm.nl",
  "",
  "geodata@rivm.nl"
]

14:44:48.090 [ForkJoinPool-1-worker-7] INFO  com.intuit.karate - [print] organisation: no organisationName found in dataset record
14:44:48.098 [ForkJoinPool-1-worker-7] INFO  com.intuit.karate - [print] [
  "https://data.rivm.nl/inspire/id#5cb4b489-67c8-44bc-85c5-424a80a53b3b"
]

14:44:48.103 [ForkJoinPool-1-worker-7] INFO  com.intuit.karate - [print]
14:44:48.104 [ForkJoinPool-1-worker-7] INFO  com.intuit.karate - [print] testing xlinkurl:https://data.rivm.nl/inspire/id#5cb4b489-67c8-44bc-85c5-424a80a53b3b
14:44:48.165 [ForkJoinPool-1-worker-5] INFO  com.intuit.karate - [print]
14:44:48.166 [ForkJoinPool-1-worker-5] INFO  com.intuit.karate - [print] testing xlinkurl:http://standaarden.overheid.nl/owms/terms/Ministerie_van_Landbouw,_Natuur_en_Voedselkwaliteit
14:44:48.283 [ForkJoinPool-1-worker-11] ERROR com.intuit.karate - status code was: 400, expected: 200, response time: 393, url: https://geodata.nationaalgeoregister.nl/inspire/su-grid/wfs, response: 
14:44:48.283 [ForkJoinPool-1-worker-11] ERROR com.intuit.karate - feature call (loop) failed at index: 0
caller: classpath:InspireTest/ngr/datasetrecords/def/checkxlinkurl.template.feature
arg: {"link":"https://geodata.nationaalgeoregister.nl/inspire/su-grid/wfs"}
checkxlinkurl.template.feature:15 - status code was: 400, expected: 200, response time: 393, url: https://geodata.nationaalgeoregister.nl/inspire/su-grid/wfs, response: 
14:44:48.285 [ForkJoinPool-1-worker-11] INFO  com.intuit.karate - [print]
14:44:48.285 [ForkJoinPool-1-worker-11] INFO  com.intuit.karate - [print] testing xlinkurl:
14:44:48.285 [ForkJoinPool-1-worker-11] ERROR com.intuit.karate - org.apache.http.client.ClientProtocolException, http call failed after 0 milliseconds for URL: 
14:44:48.286 [ForkJoinPool-1-worker-11] ERROR com.intuit.karate - http request failed: 
org.apache.http.client.ClientProtocolException
14:44:48.286 [ForkJoinPool-1-worker-11] ERROR com.intuit.karate - feature call (loop) failed at index: 1
caller: classpath:InspireTest/ngr/datasetrecords/def/checkxlinkurl.template.feature
arg: {"link":""}
checkxlinkurl.template.feature:14 - 
org.apache.http.client.ClientProtocolException
14:44:48.432 [ForkJoinPool-1-worker-9] INFO  com.intuit.karate - [print] title:Geluidkaart Schiphol 2016 (Lden)
14:44:48.432 [ForkJoinPool-1-worker-9] INFO  com.intuit.karate - [print] Geluidkaart Schiphol 2016 (Lden)
14:44:48.433 [ForkJoinPool-1-worker-9] INFO  com.intuit.karate - [print] [
  "sylvia.koolmees@minienw.nl",
  "sylvia.koolmees@minienw.nl"
]

14:44:48.435 [ForkJoinPool-1-worker-9] INFO  com.intuit.karate - [print] organisation: [
  "Ministerie van IenW",
  "Ministerie van IenW"
]

14:44:48.449 [ForkJoinPool-1-worker-7] ERROR com.intuit.karate - javax.net.ssl.SSLException: Connection reset, http call failed after 344 milliseconds for URL: https://data.rivm.nl/inspire/id#5cb4b489-67c8-44bc-85c5-424a80a53b3b
14:44:48.449 [ForkJoinPool-1-worker-7] ERROR com.intuit.karate - http request failed: 
javax.net.ssl.SSLException: Connection reset
14:44:48.449 [ForkJoinPool-1-worker-7] ERROR com.intuit.karate - feature call (loop) failed at index: 0
caller: classpath:InspireTest/ngr/datasetrecords/def/checkxlinkurl.template.feature
arg: {"link":"https://data.rivm.nl/inspire/id#5cb4b489-67c8-44bc-85c5-424a80a53b3b"}
checkxlinkurl.template.feature:14 - 
javax.net.ssl.SSLException: Connection reset
14:44:48.459 [ForkJoinPool-1-worker-9] INFO  com.intuit.karate - [print] [
  "https://www.nationaalgeoregister.nl/geonetwork/srv/api/records83dab947-387b-49df-8ad2-32bb10d46d38"
]

14:44:48.470 [ForkJoinPool-1-worker-9] INFO  com.intuit.karate - [print]
14:44:48.471 [ForkJoinPool-1-worker-9] INFO  com.intuit.karate - [print] testing xlinkurl:https://www.nationaalgeoregister.nl/geonetwork/srv/api/records83dab947-387b-49df-8ad2-32bb10d46d38
14:44:48.735 [ForkJoinPool-1-worker-13] ERROR com.intuit.karate - status code was: 404, expected: 200, response time: 390, url: http://geonetwork-opensource.org/inspire-theme#, response: 
14:44:48.735 [ForkJoinPool-1-worker-13] ERROR com.intuit.karate - feature call (loop) failed at index: 2
caller: classpath:InspireTest/ngr/datasetrecords/def/checkxlinkurl.template.feature
arg: {"link":"http://geonetwork-opensource.org/inspire-theme#"}
checkxlinkurl.template.feature:15 - status code was: 404, expected: 200, response time: 390, url: http://geonetwork-opensource.org/inspire-theme#, response: 
14:44:48.737 [ForkJoinPool-1-worker-13] INFO  com.intuit.karate - [print]
14:44:48.737 [ForkJoinPool-1-worker-13] INFO  com.intuit.karate - [print] testing xlinkurl:https://www.nationaalgeoregister.nl/geonetwork/srv/eng/thesaurus.download?ref=external.theme.inspire-theme
14:44:48.776 [ForkJoinPool-1-worker-9] ERROR com.intuit.karate - status code was: 500, expected: 200, response time: 304, url: https://www.nationaalgeoregister.nl/geonetwork/srv/api/records83dab947-387b-49df-8ad2-32bb10d46d38, response: 
14:44:48.776 [ForkJoinPool-1-worker-9] ERROR com.intuit.karate - feature call (loop) failed at index: 0
caller: classpath:InspireTest/ngr/datasetrecords/def/checkxlinkurl.template.feature
arg: {"link":"https://www.nationaalgeoregister.nl/geonetwork/srv/api/records83dab947-387b-49df-8ad2-32bb10d46d38"}
checkxlinkurl.template.feature:15 - status code was: 500, expected: 200, response time: 304, url: https://www.nationaalgeoregister.nl/geonetwork/srv/api/records83dab947-387b-49df-8ad2-32bb10d46d38, response: 
14:44:48.798 [ForkJoinPool-1-worker-11] INFO  com.intuit.karate - [print] title:Vervoersnetwerken - Waterwegen (INSPIRE geharmoniseerd)
14:44:48.798 [ForkJoinPool-1-worker-11] INFO  com.intuit.karate - [print] Vervoersnetwerken - Waterwegen (INSPIRE geharmoniseerd)
14:44:48.799 [ForkJoinPool-1-worker-11] INFO  com.intuit.karate - [print] [
  "PPB-GVA@kadaster.nl",
  "kcc@kadaster.nl"
]

14:44:48.800 [ForkJoinPool-1-worker-11] INFO  com.intuit.karate - [print] organisation: [
  "Kadaster",
  "Kadaster"
]

14:44:48.806 [ForkJoinPool-1-worker-11] INFO  com.intuit.karate - [print] [
  "http://www.opengis.net/def/crs/EPSG/0/http://www.opengis.net/def/crs/EPSG/0/4258",
  "http://kadaster/ff1d6d44-aea1-4ad5-b084-9afea143f1bf"
]

14:44:48.811 [ForkJoinPool-1-worker-11] INFO  com.intuit.karate - [print]
14:44:48.812 [ForkJoinPool-1-worker-11] INFO  com.intuit.karate - [print] testing xlinkurl:http://www.opengis.net/def/crs/EPSG/0/http://www.opengis.net/def/crs/EPSG/0/4258
14:44:48.853 [ForkJoinPool-1-worker-3] ERROR com.intuit.karate - status code was: 404, expected: 200, response time: 759, url: https://data.overheid.nl/organisatie/PDOK, response: 
14:44:48.853 [ForkJoinPool-1-worker-3] ERROR com.intuit.karate - feature call (loop) failed at index: 5
caller: classpath:InspireTest/ngr/datasetrecords/def/checkxlinkurl.template.feature
arg: {"link":"https://data.overheid.nl/organisatie/PDOK"}
checkxlinkurl.template.feature:15 - status code was: 404, expected: 200, response time: 759, url: https://data.overheid.nl/organisatie/PDOK, response: 
14:44:48.980 [ForkJoinPool-1-worker-7] INFO  com.intuit.karate - [print] title:Emissies naar het riool in 2015 vanuit de industrie
14:44:48.981 [ForkJoinPool-1-worker-7] INFO  com.intuit.karate - [print] Emissies naar het riool in 2015 vanuit de industrie
14:44:48.983 [ForkJoinPool-1-worker-7] INFO  com.intuit.karate - [print] [
  "emissieregistratie@rivm.nl",
  "",
  "emissieregistratie@rivm.nl"
]

14:44:48.984 [ForkJoinPool-1-worker-7] INFO  com.intuit.karate - [print] organisation: no organisationName found in dataset record
14:44:48.991 [ForkJoinPool-1-worker-7] INFO  com.intuit.karate - [print] [
  "https://data.rivm.nl/inspire/id#64d546c9-71d4-4c84-a04c-61c5d0734f65"
]

14:44:48.997 [ForkJoinPool-1-worker-7] INFO  com.intuit.karate - [print]
14:44:48.998 [ForkJoinPool-1-worker-7] INFO  com.intuit.karate - [print] testing xlinkurl:https://data.rivm.nl/inspire/id#64d546c9-71d4-4c84-a04c-61c5d0734f65
14:44:49.098 [ForkJoinPool-1-worker-11] INFO  com.intuit.karate - [print]
14:44:49.099 [ForkJoinPool-1-worker-11] INFO  com.intuit.karate - [print] testing xlinkurl:http://kadaster/ff1d6d44-aea1-4ad5-b084-9afea143f1bf
14:44:49.101 [ForkJoinPool-1-worker-11] ERROR com.intuit.karate - java.net.UnknownHostException: kadaster, http call failed after 0 milliseconds for URL: http://kadaster/ff1d6d44-aea1-4ad5-b084-9afea143f1bf
14:44:49.101 [ForkJoinPool-1-worker-11] ERROR com.intuit.karate - http request failed: 
java.net.UnknownHostException: kadaster
14:44:49.102 [ForkJoinPool-1-worker-11] ERROR com.intuit.karate - feature call (loop) failed at index: 1
caller: classpath:InspireTest/ngr/datasetrecords/def/checkxlinkurl.template.feature
arg: {"link":"http://kadaster/ff1d6d44-aea1-4ad5-b084-9afea143f1bf"}
checkxlinkurl.template.feature:14 - 
java.net.UnknownHostException: kadaster
14:44:49.147 [ForkJoinPool-1-worker-13] ERROR com.intuit.karate - status code was: 500, expected: 200, response time: 408, url: https://www.nationaalgeoregister.nl/geonetwork/srv/eng/thesaurus.download?ref=external.theme.inspire-theme, response: 
14:44:49.147 [ForkJoinPool-1-worker-13] ERROR com.intuit.karate - feature call (loop) failed at index: 3
caller: classpath:InspireTest/ngr/datasetrecords/def/checkxlinkurl.template.feature
arg: {"link":"https://www.nationaalgeoregister.nl/geonetwork/srv/eng/thesaurus.download?ref=external.theme.inspire-theme"}
checkxlinkurl.template.feature:15 - status code was: 500, expected: 200, response time: 408, url: https://www.nationaalgeoregister.nl/geonetwork/srv/eng/thesaurus.download?ref=external.theme.inspire-theme, response: 
14:44:49.330 [ForkJoinPool-1-worker-9] INFO  com.intuit.karate - [print] title:Geluidbelasting rijkswegen in Nederland 2011 (24-uurs gemiddelde)
14:44:49.331 [ForkJoinPool-1-worker-9] INFO  com.intuit.karate - [print] Geluidbelasting rijkswegen in Nederland 2011 (24-uurs gemiddelde)
14:44:49.333 [ForkJoinPool-1-worker-9] INFO  com.intuit.karate - [print] [
  "servicedesk-data@rijkswaterstaat.nl",
  "servicedesk-data@rijkswaterstaat.nl",
  "",
  "servicedesk-data@rijkswaterstaat.nl",
  "servicedesk-data@rijkswaterstaat.nl"
]

14:44:49.336 [ForkJoinPool-1-worker-9] INFO  com.intuit.karate - [print] organisation: [
  "Rijkswaterstaat",
  "Rijkswaterstaat",
  "",
  "Rijkswaterstaat",
  "Rijkswaterstaat"
]

14:44:49.338 [ForkJoinPool-1-worker-7] ERROR com.intuit.karate - javax.net.ssl.SSLException: Connection reset, http call failed after 339 milliseconds for URL: https://data.rivm.nl/inspire/id#64d546c9-71d4-4c84-a04c-61c5d0734f65
14:44:49.339 [ForkJoinPool-1-worker-7] ERROR com.intuit.karate - http request failed: 
javax.net.ssl.SSLException: Connection reset
14:44:49.340 [ForkJoinPool-1-worker-7] ERROR com.intuit.karate - feature call (loop) failed at index: 0
caller: classpath:InspireTest/ngr/datasetrecords/def/checkxlinkurl.template.feature
arg: {"link":"https://data.rivm.nl/inspire/id#64d546c9-71d4-4c84-a04c-61c5d0734f65"}
checkxlinkurl.template.feature:14 - 
javax.net.ssl.SSLException: Connection reset
14:44:49.351 [ForkJoinPool-1-worker-9] INFO  com.intuit.karate - [print] [
  "https://www.nationaalgeoregister.nl/geonetwork/srv/dut/catalog.search#/metadata/8de2f5eb-b09f-4f6d-8397-8878a1b86238",
  "http://rdfdata.eionet.europa.eu/inspirethemes/themes/18",
  "https://ngr.geocat.live/geonetwork/srv/eng/thesaurus.download?ref=external.theme.httpinspireeceuropaeumetadatacodelistPrioritydataset-Prioritydataset",
  "urn:ogc:def:crs:EPSG::5709"
]

14:44:49.357 [ForkJoinPool-1-worker-9] INFO  com.intuit.karate - [print]
14:44:49.359 [ForkJoinPool-1-worker-9] INFO  com.intuit.karate - [print] testing xlinkurl:https://www.nationaalgeoregister.nl/geonetwork/srv/dut/catalog.search#/metadata/8de2f5eb-b09f-4f6d-8397-8878a1b86238
14:44:49.445 [ForkJoinPool-1-worker-5] INFO  com.intuit.karate - [print] title:Actueel Hoogtebestand Nederland 1 (AHN1)
14:44:49.453 [ForkJoinPool-1-worker-5] INFO  com.intuit.karate - [print] Actueel Hoogtebestand Nederland 1 (AHN1)
14:44:49.457 [ForkJoinPool-1-worker-5] INFO  com.intuit.karate - [print] [
  "servicedesk-data@rijkswaterstaat.nl",
  "servicedesk-data@rijkswaterstaat.nl",
  "",
  "servicedesk-data@rijkswaterstaat.nl",
  "servicedesk-data@rijkswaterstaat.nl"
]

14:44:49.463 [ForkJoinPool-1-worker-5] INFO  com.intuit.karate - [print] organisation: [
  "Rijkswaterstaat",
  "stuurgroep AHN",
  "",
  "Rijkswaterstaat",
  "Rijkswaterstaat"
]

14:44:49.484 [ForkJoinPool-1-worker-5] INFO  com.intuit.karate - [print] [
  "https://www.nationaalgeoregister.nl/geonetwork/srv/dut/catalog.search#/metadata/5a1adb58-0bbe-425d-b0fe-577a6c0a4228",
  "http://rdfdata.eionet.europa.eu/inspirethemes/themes/10",
  "urn:ogc:def:crs:EPSG::5709"
]

14:44:49.503 [ForkJoinPool-1-worker-5] INFO  com.intuit.karate - [print]
14:44:49.504 [ForkJoinPool-1-worker-5] INFO  com.intuit.karate - [print] testing xlinkurl:https://www.nationaalgeoregister.nl/geonetwork/srv/dut/catalog.search#/metadata/5a1adb58-0bbe-425d-b0fe-577a6c0a4228
14:44:49.573 [ForkJoinPool-1-worker-3] INFO  com.intuit.karate - [print] title:Kaderrichtlijn Mariene Strategie - Bevroren monitoringsdata
14:44:49.575 [ForkJoinPool-1-worker-3] INFO  com.intuit.karate - [print] Kaderrichtlijn Mariene Strategie - Bevroren monitoringsdata
14:44:49.576 [ForkJoinPool-1-worker-3] INFO  com.intuit.karate - [print] [
  "servicedesk-data@rijkswaterstaat.nl",
  "servicedesk-data@rijkswaterstaat.nl",
  "",
  "servicedesk-data@rijkswaterstaat.nl",
  "servicedesk-data@rijkswaterstaat.nl"
]

14:44:49.579 [ForkJoinPool-1-worker-3] INFO  com.intuit.karate - [print] organisation: [
  "Rijkswaterstaat",
  "Rijkswaterstaat",
  "",
  "Rijkswaterstaat",
  "Rijkswaterstaat"
]

14:44:49.593 [ForkJoinPool-1-worker-3] INFO  com.intuit.karate - [print] [
  "https://www.nationaalgeoregister.nl/geonetwork/srv/dut/catalog.search#/metadata/tbjk534p-wubf-crbp-cj25-d4161160gfim",
  "http://rdfdata.eionet.europa.eu/inspirethemes/themes/28",
  "https://ngr.geocat.live/geonetwork/srv/eng/thesaurus.download?ref=external.theme.httpinspireeceuropaeumetadatacodelistPrioritydataset-Prioritydataset"
]

14:44:49.599 [ForkJoinPool-1-worker-3] INFO  com.intuit.karate - [print]
14:44:49.600 [ForkJoinPool-1-worker-3] INFO  com.intuit.karate - [print] testing xlinkurl:https://www.nationaalgeoregister.nl/geonetwork/srv/dut/catalog.search#/metadata/tbjk534p-wubf-crbp-cj25-d4161160gfim
14:44:49.688 [ForkJoinPool-1-worker-9] INFO  com.intuit.karate - [print]
14:44:49.689 [ForkJoinPool-1-worker-9] INFO  com.intuit.karate - [print] testing xlinkurl:http://rdfdata.eionet.europa.eu/inspirethemes/themes/18
14:44:49.689 [ForkJoinPool-1-worker-11] INFO  com.intuit.karate - [print] title:Vervoersnetwerken - Wegen (INSPIRE geharmoniseerd) - RWS
14:44:49.691 [ForkJoinPool-1-worker-11] INFO  com.intuit.karate - [print] Vervoersnetwerken - Wegen (INSPIRE geharmoniseerd) - RWS
14:44:49.693 [ForkJoinPool-1-worker-11] INFO  com.intuit.karate - [print] [
  "servicedesk-data@rijkswaterstaat.nl",
  "beheerPDOK@kadaster.nl",
  "",
  "beheerPDOK@kadaster.nl",
  "servicedesk-data@rijkswaterstaat.nl"
]

14:44:49.696 [ForkJoinPool-1-worker-11] INFO  com.intuit.karate - [print] organisation: [
  "Rijkswaterstaat",
  "Rijkswaterstaat",
  "",
  "Beheer PDOK",
  "Rijkswaterstaat"
]

14:44:49.718 [ForkJoinPool-1-worker-11] INFO  com.intuit.karate - [print] [
  "https://www.nationaalgeoregister.nl/geonetwork/srv/dut/catalog.search#/metadata/eu-cb527d-f6db-4835-b0cd-deb245241254",
  "http://rdfdata.eionet.europa.eu/inspirethemes/themes/7",
  "http://inspire.ec.europa.eu/metadata-codelist/Prioritydataset/SurfaceWaterBodies-dir-2000-60",
  "https://ngr.geocat.live/geonetwork/srv/eng/thesaurus.download?ref=external.theme.httpinspireeceuropaeumetadatacodelistPrioritydataset-Prioritydataset"
]

14:44:49.722 [ForkJoinPool-1-worker-11] INFO  com.intuit.karate - [print]
14:44:49.723 [ForkJoinPool-1-worker-11] INFO  com.intuit.karate - [print] testing xlinkurl:https://www.nationaalgeoregister.nl/geonetwork/srv/dut/catalog.search#/metadata/eu-cb527d-f6db-4835-b0cd-deb245241254
14:44:49.749 [ForkJoinPool-1-worker-13] INFO  com.intuit.karate - [print] title:Vaarwegmarkeringen Nederland
14:44:49.750 [ForkJoinPool-1-worker-13] INFO  com.intuit.karate - [print] Vaarwegmarkeringen Nederland
14:44:49.751 [ForkJoinPool-1-worker-13] INFO  com.intuit.karate - [print] [
  "servicedesk-data@rijkswaterstaat.nl",
  "servicedesk-data@rijkswaterstaat.nl",
  "",
  "servicedesk-data@rijkswaterstaat.nl",
  "servicedesk-data@rijkswaterstaat.nl"
]

14:44:49.754 [ForkJoinPool-1-worker-13] INFO  com.intuit.karate - [print] organisation: [
  "Rijkswaterstaat",
  "Rijkswaterstaat",
  "",
  "Rijkswaterstaat",
  "Rijkswaterstaat"
]

14:44:49.763 [ForkJoinPool-1-worker-13] INFO  com.intuit.karate - [print] [
  "https://www.nationaalgeoregister.nl/geonetwork/srv/dut/catalog.search#/metadata/be1b1514-8d1f-48e1-9624-fee9b784138b",
  "http://rdfdata.eionet.europa.eu/inspirethemes/themes/7",
  "urn:ogc:def:crs:EPSG::5709"
]

14:44:49.768 [ForkJoinPool-1-worker-13] INFO  com.intuit.karate - [print]
14:44:49.769 [ForkJoinPool-1-worker-13] INFO  com.intuit.karate - [print] testing xlinkurl:https://www.nationaalgeoregister.nl/geonetwork/srv/dut/catalog.search#/metadata/be1b1514-8d1f-48e1-9624-fee9b784138b
14:44:49.811 [ForkJoinPool-1-worker-5] INFO  com.intuit.karate - [print]
14:44:49.812 [ForkJoinPool-1-worker-5] INFO  com.intuit.karate - [print] testing xlinkurl:http://rdfdata.eionet.europa.eu/inspirethemes/themes/10
14:44:49.882 [ForkJoinPool-1-worker-9] ERROR com.intuit.karate - status code was: 404, expected: 200, response time: 191, url: http://rdfdata.eionet.europa.eu/inspirethemes/themes/18, response: 
14:44:49.882 [ForkJoinPool-1-worker-9] ERROR com.intuit.karate - feature call (loop) failed at index: 1
caller: classpath:InspireTest/ngr/datasetrecords/def/checkxlinkurl.template.feature
arg: {"link":"http://rdfdata.eionet.europa.eu/inspirethemes/themes/18"}
checkxlinkurl.template.feature:15 - status code was: 404, expected: 200, response time: 191, url: http://rdfdata.eionet.europa.eu/inspirethemes/themes/18, response: 
14:44:49.883 [ForkJoinPool-1-worker-9] INFO  com.intuit.karate - [print]
14:44:49.884 [ForkJoinPool-1-worker-9] INFO  com.intuit.karate - [print] testing xlinkurl:https://ngr.geocat.live/geonetwork/srv/eng/thesaurus.download?ref=external.theme.httpinspireeceuropaeumetadatacodelistPrioritydataset-Prioritydataset
14:44:49.912 [ForkJoinPool-1-worker-3] INFO  com.intuit.karate - [print]
14:44:49.913 [ForkJoinPool-1-worker-3] INFO  com.intuit.karate - [print] testing xlinkurl:http://rdfdata.eionet.europa.eu/inspirethemes/themes/28
14:44:49.925 [ForkJoinPool-1-worker-7] INFO  com.intuit.karate - [print] title:Vogelrichtlijn verspreidingsgebied van soorten
14:44:49.926 [ForkJoinPool-1-worker-7] INFO  com.intuit.karate - [print] Vogelrichtlijn verspreidingsgebied van soorten
14:44:49.928 [ForkJoinPool-1-worker-7] INFO  com.intuit.karate - [print] [
  "geodatabeheer.giscc@rvo.nl",
  "GeoDesk.CGI@wur.nl",
  "geodatabeheer.giscc@rvo.nl",
  "beheerPDOK@kadaster.nl",
  ""
]

14:44:49.930 [ForkJoinPool-1-worker-7] INFO  com.intuit.karate - [print] organisation: [
  "Ministerie van Economische Zaken - GIS Competence Center",
  "Wageningen Environmental Research (Alterra)",
  "PDOK",
  "Sovon Vogelonderzoek Nederland"
]

14:44:49.949 [ForkJoinPool-1-worker-7] INFO  com.intuit.karate - [print] [
  "https://www.nationaalgeoregister.nl/geonetwork/srv/dut/catalog.search#/metadata/cbeaebc3-815a-48af-a978-0e16892865fc",
  "http://standaarden.overheid.nl/owms/terms/Ministerie_van_Landbouw,_Natuur_en_Voedselkwaliteit"
]

14:44:49.959 [ForkJoinPool-1-worker-7] INFO  com.intuit.karate - [print]
14:44:49.962 [ForkJoinPool-1-worker-7] INFO  com.intuit.karate - [print] testing xlinkurl:https://www.nationaalgeoregister.nl/geonetwork/srv/dut/catalog.search#/metadata/cbeaebc3-815a-48af-a978-0e16892865fc
14:44:50.005 [ForkJoinPool-1-worker-5] ERROR com.intuit.karate - status code was: 404, expected: 200, response time: 192, url: http://rdfdata.eionet.europa.eu/inspirethemes/themes/10, response: 
14:44:50.006 [ForkJoinPool-1-worker-5] ERROR com.intuit.karate - feature call (loop) failed at index: 1
caller: classpath:InspireTest/ngr/datasetrecords/def/checkxlinkurl.template.feature
arg: {"link":"http://rdfdata.eionet.europa.eu/inspirethemes/themes/10"}
checkxlinkurl.template.feature:15 - status code was: 404, expected: 200, response time: 192, url: http://rdfdata.eionet.europa.eu/inspirethemes/themes/10, response: 
14:44:50.007 [ForkJoinPool-1-worker-5] INFO  com.intuit.karate - [print]
14:44:50.011 [ForkJoinPool-1-worker-5] INFO  com.intuit.karate - [print] testing xlinkurl:urn:ogc:def:crs:EPSG::5709
14:44:50.012 [ForkJoinPool-1-worker-5] ERROR com.intuit.karate - org.apache.http.client.ClientProtocolException: URI does not specify a valid host name: urn:ogc:def:crs:EPSG::5709, http call failed after 0 milliseconds for URL: urn:ogc:def:crs:EPSG::5709
14:44:50.015 [ForkJoinPool-1-worker-5] ERROR com.intuit.karate - http request failed: 
org.apache.http.client.ClientProtocolException: URI does not specify a valid host name: urn:ogc:def:crs:EPSG::5709
14:44:50.016 [ForkJoinPool-1-worker-5] ERROR com.intuit.karate - feature call (loop) failed at index: 2
caller: classpath:InspireTest/ngr/datasetrecords/def/checkxlinkurl.template.feature
arg: {"link":"urn:ogc:def:crs:EPSG::5709"}
checkxlinkurl.template.feature:14 - 
org.apache.http.client.ClientProtocolException: URI does not specify a valid host name: urn:ogc:def:crs:EPSG::5709
14:44:50.025 [ForkJoinPool-1-worker-11] INFO  com.intuit.karate - [print]
14:44:50.025 [ForkJoinPool-1-worker-11] INFO  com.intuit.karate - [print] testing xlinkurl:http://rdfdata.eionet.europa.eu/inspirethemes/themes/7
14:44:50.102 [ForkJoinPool-1-worker-13] INFO  com.intuit.karate - [print]
14:44:50.102 [ForkJoinPool-1-worker-13] INFO  com.intuit.karate - [print] testing xlinkurl:http://rdfdata.eionet.europa.eu/inspirethemes/themes/7
14:44:50.106 [ForkJoinPool-1-worker-3] ERROR com.intuit.karate - status code was: 404, expected: 200, response time: 192, url: http://rdfdata.eionet.europa.eu/inspirethemes/themes/28, response: 
14:44:50.106 [ForkJoinPool-1-worker-3] ERROR com.intuit.karate - feature call (loop) failed at index: 1
caller: classpath:InspireTest/ngr/datasetrecords/def/checkxlinkurl.template.feature
arg: {"link":"http://rdfdata.eionet.europa.eu/inspirethemes/themes/28"}
checkxlinkurl.template.feature:15 - status code was: 404, expected: 200, response time: 192, url: http://rdfdata.eionet.europa.eu/inspirethemes/themes/28, response: 
14:44:50.107 [ForkJoinPool-1-worker-3] INFO  com.intuit.karate - [print]
14:44:50.107 [ForkJoinPool-1-worker-3] INFO  com.intuit.karate - [print] testing xlinkurl:https://ngr.geocat.live/geonetwork/srv/eng/thesaurus.download?ref=external.theme.httpinspireeceuropaeumetadatacodelistPrioritydataset-Prioritydataset
14:44:50.189 [ForkJoinPool-1-worker-9] ERROR com.intuit.karate - status code was: 500, expected: 200, response time: 305, url: https://ngr.geocat.live/geonetwork/srv/eng/thesaurus.download?ref=external.theme.httpinspireeceuropaeumetadatacodelistPrioritydataset-Prioritydataset, response: 
14:44:50.190 [ForkJoinPool-1-worker-9] ERROR com.intuit.karate - feature call (loop) failed at index: 2
caller: classpath:InspireTest/ngr/datasetrecords/def/checkxlinkurl.template.feature
arg: {"link":"https://ngr.geocat.live/geonetwork/srv/eng/thesaurus.download?ref=external.theme.httpinspireeceuropaeumetadatacodelistPrioritydataset-Prioritydataset"}
checkxlinkurl.template.feature:15 - status code was: 500, expected: 200, response time: 305, url: https://ngr.geocat.live/geonetwork/srv/eng/thesaurus.download?ref=external.theme.httpinspireeceuropaeumetadatacodelistPrioritydataset-Prioritydataset, response: 
14:44:50.192 [ForkJoinPool-1-worker-9] INFO  com.intuit.karate - [print]
14:44:50.193 [ForkJoinPool-1-worker-9] INFO  com.intuit.karate - [print] testing xlinkurl:urn:ogc:def:crs:EPSG::5709
14:44:50.194 [ForkJoinPool-1-worker-9] ERROR com.intuit.karate - org.apache.http.client.ClientProtocolException: URI does not specify a valid host name: urn:ogc:def:crs:EPSG::5709, http call failed after 0 milliseconds for URL: urn:ogc:def:crs:EPSG::5709
14:44:50.194 [ForkJoinPool-1-worker-9] ERROR com.intuit.karate - http request failed: 
org.apache.http.client.ClientProtocolException: URI does not specify a valid host name: urn:ogc:def:crs:EPSG::5709
14:44:50.195 [ForkJoinPool-1-worker-9] ERROR com.intuit.karate - feature call (loop) failed at index: 3
caller: classpath:InspireTest/ngr/datasetrecords/def/checkxlinkurl.template.feature
arg: {"link":"urn:ogc:def:crs:EPSG::5709"}
checkxlinkurl.template.feature:14 - 
org.apache.http.client.ClientProtocolException: URI does not specify a valid host name: urn:ogc:def:crs:EPSG::5709
14:44:50.216 [ForkJoinPool-1-worker-11] ERROR com.intuit.karate - status code was: 404, expected: 200, response time: 191, url: http://rdfdata.eionet.europa.eu/inspirethemes/themes/7, response: 
14:44:50.217 [ForkJoinPool-1-worker-11] ERROR com.intuit.karate - feature call (loop) failed at index: 1
caller: classpath:InspireTest/ngr/datasetrecords/def/checkxlinkurl.template.feature
arg: {"link":"http://rdfdata.eionet.europa.eu/inspirethemes/themes/7"}
checkxlinkurl.template.feature:15 - status code was: 404, expected: 200, response time: 191, url: http://rdfdata.eionet.europa.eu/inspirethemes/themes/7, response: 
14:44:50.218 [ForkJoinPool-1-worker-11] INFO  com.intuit.karate - [print]
14:44:50.218 [ForkJoinPool-1-worker-11] INFO  com.intuit.karate - [print] testing xlinkurl:http://inspire.ec.europa.eu/metadata-codelist/Prioritydataset/SurfaceWaterBodies-dir-2000-60
14:44:50.296 [ForkJoinPool-1-worker-7] INFO  com.intuit.karate - [print]
14:44:50.296 [ForkJoinPool-1-worker-13] ERROR com.intuit.karate - status code was: 404, expected: 200, response time: 193, url: http://rdfdata.eionet.europa.eu/inspirethemes/themes/7, response: 
14:44:50.296 [ForkJoinPool-1-worker-13] ERROR com.intuit.karate - feature call (loop) failed at index: 1
caller: classpath:InspireTest/ngr/datasetrecords/def/checkxlinkurl.template.feature
arg: {"link":"http://rdfdata.eionet.europa.eu/inspirethemes/themes/7"}
checkxlinkurl.template.feature:15 - status code was: 404, expected: 200, response time: 193, url: http://rdfdata.eionet.europa.eu/inspirethemes/themes/7, response: 
14:44:50.297 [ForkJoinPool-1-worker-13] INFO  com.intuit.karate - [print]
14:44:50.297 [ForkJoinPool-1-worker-13] INFO  com.intuit.karate - [print] testing xlinkurl:urn:ogc:def:crs:EPSG::5709
14:44:50.298 [ForkJoinPool-1-worker-13] ERROR com.intuit.karate - org.apache.http.client.ClientProtocolException: URI does not specify a valid host name: urn:ogc:def:crs:EPSG::5709, http call failed after 0 milliseconds for URL: urn:ogc:def:crs:EPSG::5709
14:44:50.298 [ForkJoinPool-1-worker-13] ERROR com.intuit.karate - http request failed: 
org.apache.http.client.ClientProtocolException: URI does not specify a valid host name: urn:ogc:def:crs:EPSG::5709
14:44:50.298 [ForkJoinPool-1-worker-13] ERROR com.intuit.karate - feature call (loop) failed at index: 2
caller: classpath:InspireTest/ngr/datasetrecords/def/checkxlinkurl.template.feature
arg: {"link":"urn:ogc:def:crs:EPSG::5709"}
checkxlinkurl.template.feature:14 - 
org.apache.http.client.ClientProtocolException: URI does not specify a valid host name: urn:ogc:def:crs:EPSG::5709
14:44:50.304 [ForkJoinPool-1-worker-7] INFO  com.intuit.karate - [print] testing xlinkurl:http://standaarden.overheid.nl/owms/terms/Ministerie_van_Landbouw,_Natuur_en_Voedselkwaliteit
14:44:50.406 [ForkJoinPool-1-worker-3] ERROR com.intuit.karate - status code was: 500, expected: 200, response time: 297, url: https://ngr.geocat.live/geonetwork/srv/eng/thesaurus.download?ref=external.theme.httpinspireeceuropaeumetadatacodelistPrioritydataset-Prioritydataset, response: 
14:44:50.406 [ForkJoinPool-1-worker-3] ERROR com.intuit.karate - feature call (loop) failed at index: 2
caller: classpath:InspireTest/ngr/datasetrecords/def/checkxlinkurl.template.feature
arg: {"link":"https://ngr.geocat.live/geonetwork/srv/eng/thesaurus.download?ref=external.theme.httpinspireeceuropaeumetadatacodelistPrioritydataset-Prioritydataset"}
checkxlinkurl.template.feature:15 - status code was: 500, expected: 200, response time: 297, url: https://ngr.geocat.live/geonetwork/srv/eng/thesaurus.download?ref=external.theme.httpinspireeceuropaeumetadatacodelistPrioritydataset-Prioritydataset, response: 
14:44:50.573 [ForkJoinPool-1-worker-9] INFO  com.intuit.karate - [print] title:Bronbestanden waterkwaliteit
14:44:50.573 [ForkJoinPool-1-worker-9] INFO  com.intuit.karate - [print] Bronbestanden waterkwaliteit
14:44:50.575 [ForkJoinPool-1-worker-9] INFO  com.intuit.karate - [print] [
  "servicedesk@ihw.nl",
  "servicedesk@ihw.nl"
]

14:44:50.577 [ForkJoinPool-1-worker-9] INFO  com.intuit.karate - [print] organisation: [
  "Informatiehuis Water",
  "Informatiehuis Water"
]

14:44:50.624 [ForkJoinPool-1-worker-5] INFO  com.intuit.karate - [print] title:Bodemkundig boormonsterprofiel onder INSPIRE
14:44:50.625 [ForkJoinPool-1-worker-5] INFO  com.intuit.karate - [print] Bodemkundig boormonsterprofiel onder INSPIRE
14:44:50.626 [ForkJoinPool-1-worker-5] INFO  com.intuit.karate - [print] [
  "info@dinoloket.nl",
  "geodesk.cgi@wur.nl",
  "info@dinoloket.nl"
]

14:44:50.628 [ForkJoinPool-1-worker-5] INFO  com.intuit.karate - [print] organisation: [
  "TNO Geologische Dienst Nederland",
  "Alterra, Wageningen UR",
  "TNO Geologische Dienst Nederland"
]

14:44:50.637 [ForkJoinPool-1-worker-5] INFO  com.intuit.karate - [print] [
  "https://nationaalgeoregister.nl/geonetwork/srv/resourcese26eb6c9-c441-43e8-8db6-aabbf11578fd",
  "http://rdfdata.eionet.europa.eu/inspirethemes/themes/16",
  "http://geonetwork-opensource.org/inspire-theme#",
  "https://www.nationaalgeoregister.nl/geonetwork/srv/eng/thesaurus.download?ref=external.theme.inspire-theme"
]

14:44:50.648 [ForkJoinPool-1-worker-5] INFO  com.intuit.karate - [print]
14:44:50.649 [ForkJoinPool-1-worker-5] INFO  com.intuit.karate - [print] testing xlinkurl:https://nationaalgeoregister.nl/geonetwork/srv/resourcese26eb6c9-c441-43e8-8db6-aabbf11578fd
14:44:50.838 [ForkJoinPool-1-worker-13] INFO  com.intuit.karate - [print] title:Geluidkaart hoofdspoornet 2011 (Lnight)
14:44:50.839 [ForkJoinPool-1-worker-13] INFO  com.intuit.karate - [print] Geluidkaart hoofdspoornet 2011 (Lnight)
14:44:50.840 [ForkJoinPool-1-worker-13] INFO  com.intuit.karate - [print] [
  "sylvia.koolmees@minienw.nl",
  "sylvia.koolmees@minienw.nl"
]

14:44:50.842 [ForkJoinPool-1-worker-13] INFO  com.intuit.karate - [print] organisation: [
  "Ministerie van IenW",
  "Ministerie van IenW"
]

14:44:50.850 [ForkJoinPool-1-worker-13] INFO  com.intuit.karate - [print] [
  "https://www.nationaalgeoregister.nl/geonetwork/srv/api/records3e57ce43-7707-43ed-a4b9-72b3a6d812f8"
]

14:44:50.858 [ForkJoinPool-1-worker-13] INFO  com.intuit.karate - [print]
14:44:50.858 [ForkJoinPool-1-worker-13] INFO  com.intuit.karate - [print] testing xlinkurl:https://www.nationaalgeoregister.nl/geonetwork/srv/api/records3e57ce43-7707-43ed-a4b9-72b3a6d812f8
14:44:50.863 [ForkJoinPool-1-worker-11] ERROR com.intuit.karate - status code was: 404, expected: 200, response time: 437, url: http://inspire.ec.europa.eu/metadata-codelist/Prioritydataset/SurfaceWaterBodies-dir-2000-60, response: 
14:44:50.863 [ForkJoinPool-1-worker-11] ERROR com.intuit.karate - feature call (loop) failed at index: 2
caller: classpath:InspireTest/ngr/datasetrecords/def/checkxlinkurl.template.feature
arg: {"link":"http://inspire.ec.europa.eu/metadata-codelist/Prioritydataset/SurfaceWaterBodies-dir-2000-60"}
checkxlinkurl.template.feature:15 - status code was: 404, expected: 200, response time: 437, url: http://inspire.ec.europa.eu/metadata-codelist/Prioritydataset/SurfaceWaterBodies-dir-2000-60, response: 
14:44:50.867 [ForkJoinPool-1-worker-11] INFO  com.intuit.karate - [print]
14:44:50.867 [ForkJoinPool-1-worker-11] INFO  com.intuit.karate - [print] testing xlinkurl:https://ngr.geocat.live/geonetwork/srv/eng/thesaurus.download?ref=external.theme.httpinspireeceuropaeumetadatacodelistPrioritydataset-Prioritydataset
14:44:50.916 [ForkJoinPool-1-worker-5] ERROR com.intuit.karate - status code was: 404, expected: 200, response time: 266, url: https://nationaalgeoregister.nl/geonetwork/srv/resourcese26eb6c9-c441-43e8-8db6-aabbf11578fd, response: 
14:44:50.917 [ForkJoinPool-1-worker-5] ERROR com.intuit.karate - feature call (loop) failed at index: 0
caller: classpath:InspireTest/ngr/datasetrecords/def/checkxlinkurl.template.feature
arg: {"link":"https://nationaalgeoregister.nl/geonetwork/srv/resourcese26eb6c9-c441-43e8-8db6-aabbf11578fd"}
checkxlinkurl.template.feature:15 - status code was: 404, expected: 200, response time: 266, url: https://nationaalgeoregister.nl/geonetwork/srv/resourcese26eb6c9-c441-43e8-8db6-aabbf11578fd, response: 
14:44:50.918 [ForkJoinPool-1-worker-5] INFO  com.intuit.karate - [print]
14:44:50.918 [ForkJoinPool-1-worker-5] INFO  com.intuit.karate - [print] testing xlinkurl:http://rdfdata.eionet.europa.eu/inspirethemes/themes/16
14:44:50.964 [ForkJoinPool-1-worker-3] INFO  com.intuit.karate - [print] title:Blokindeling Nederlands Continentaal Plat
14:44:50.965 [ForkJoinPool-1-worker-3] INFO  com.intuit.karate - [print] Blokindeling Nederlands Continentaal Plat
14:44:50.967 [ForkJoinPool-1-worker-3] INFO  com.intuit.karate - [print] [
  "data@hydro.nl",
  "data@hydro.nl",
  "data@hydro.nl"
]

14:44:50.969 [ForkJoinPool-1-worker-3] INFO  com.intuit.karate - [print] organisation: [
  "Ministerie van Defensie, Koninklijke Marine, Dienst der Hydrografie",
  "Ministerie van Defensie, Koninklijke Marine, Dienst der Hydrografie",
  "Ministerie van Defensie, Koninklijke Marine, Dienst der Hydrografie"
]

14:44:50.977 [ForkJoinPool-1-worker-3] INFO  com.intuit.karate - [print] [
  "http://www.opengis.net/def/crs/EPSG/0/https://www.opengis.net/def/crs/EPSG/0/4258",
  "https://www.nationaalgeoregister.nl/geonetwork/srv/api/recordsc2225e5d-b46f-4e38-8445-ab10fd40c0dc"
]

14:44:50.982 [ForkJoinPool-1-worker-3] INFO  com.intuit.karate - [print]
14:44:50.983 [ForkJoinPool-1-worker-3] INFO  com.intuit.karate - [print] testing xlinkurl:http://www.opengis.net/def/crs/EPSG/0/https://www.opengis.net/def/crs/EPSG/0/4258
14:44:51.105 [ForkJoinPool-1-worker-9] INFO  com.intuit.karate - [print] title:Hydrografie - Netwerk (INSPIRE geharmoniseerd) - WT
14:44:51.107 [ForkJoinPool-1-worker-9] INFO  com.intuit.karate - [print] Hydrografie - Netwerk (INSPIRE geharmoniseerd) - WT
14:44:51.108 [ForkJoinPool-1-worker-9] INFO  com.intuit.karate - [print] [
  "servicedesk-data@rijkswaterstaat.nl",
  "servicedesk-data@rijkswaterstaat.nl",
  "",
  "servicedesk-data@rijkswaterstaat.nl",
  "info@wetransform.to"
]

14:44:51.109 [ForkJoinPool-1-worker-5] ERROR com.intuit.karate - status code was: 404, expected: 200, response time: 190, url: http://rdfdata.eionet.europa.eu/inspirethemes/themes/16, response: 
14:44:51.109 [ForkJoinPool-1-worker-5] ERROR com.intuit.karate - feature call (loop) failed at index: 1
caller: classpath:InspireTest/ngr/datasetrecords/def/checkxlinkurl.template.feature
arg: {"link":"http://rdfdata.eionet.europa.eu/inspirethemes/themes/16"}
checkxlinkurl.template.feature:15 - status code was: 404, expected: 200, response time: 190, url: http://rdfdata.eionet.europa.eu/inspirethemes/themes/16, response: 
14:44:51.111 [ForkJoinPool-1-worker-5] INFO  com.intuit.karate - [print]
14:44:51.111 [ForkJoinPool-1-worker-5] INFO  com.intuit.karate - [print] testing xlinkurl:http://geonetwork-opensource.org/inspire-theme#
14:44:51.114 [ForkJoinPool-1-worker-9] INFO  com.intuit.karate - [print] organisation: [
  "Rijkswaterstaat",
  "Rijkswaterstaat",
  "",
  "Rijkswaterstaat",
  "Wetransform"
]

14:44:51.127 [ForkJoinPool-1-worker-9] INFO  com.intuit.karate - [print] [
  "https://www.nationaalgeoregister.nl/geonetwork/srv/dut/catalog.search#/metadata/eu-f297898-2640-44c2-bbe9-c0480da83794",
  "http://rdfdata.eionet.europa.eu/inspirethemes/themes/8",
  "urn:ogc:def:crs:EPSG::5709"
]

14:44:51.133 [ForkJoinPool-1-worker-9] INFO  com.intuit.karate - [print]
14:44:51.136 [ForkJoinPool-1-worker-9] INFO  com.intuit.karate - [print] testing xlinkurl:https://www.nationaalgeoregister.nl/geonetwork/srv/dut/catalog.search#/metadata/eu-f297898-2640-44c2-bbe9-c0480da83794
14:44:51.160 [ForkJoinPool-1-worker-13] ERROR com.intuit.karate - status code was: 500, expected: 200, response time: 300, url: https://www.nationaalgeoregister.nl/geonetwork/srv/api/records3e57ce43-7707-43ed-a4b9-72b3a6d812f8, response: 
14:44:51.160 [ForkJoinPool-1-worker-13] ERROR com.intuit.karate - feature call (loop) failed at index: 0
caller: classpath:InspireTest/ngr/datasetrecords/def/checkxlinkurl.template.feature
arg: {"link":"https://www.nationaalgeoregister.nl/geonetwork/srv/api/records3e57ce43-7707-43ed-a4b9-72b3a6d812f8"}
checkxlinkurl.template.feature:15 - status code was: 500, expected: 200, response time: 300, url: https://www.nationaalgeoregister.nl/geonetwork/srv/api/records3e57ce43-7707-43ed-a4b9-72b3a6d812f8, response: 
14:44:51.180 [ForkJoinPool-1-worker-11] ERROR com.intuit.karate - status code was: 500, expected: 200, response time: 313, url: https://ngr.geocat.live/geonetwork/srv/eng/thesaurus.download?ref=external.theme.httpinspireeceuropaeumetadatacodelistPrioritydataset-Prioritydataset, response: 
14:44:51.180 [ForkJoinPool-1-worker-11] ERROR com.intuit.karate - feature call (loop) failed at index: 3
caller: classpath:InspireTest/ngr/datasetrecords/def/checkxlinkurl.template.feature
arg: {"link":"https://ngr.geocat.live/geonetwork/srv/eng/thesaurus.download?ref=external.theme.httpinspireeceuropaeumetadatacodelistPrioritydataset-Prioritydataset"}
checkxlinkurl.template.feature:15 - status code was: 500, expected: 200, response time: 313, url: https://ngr.geocat.live/geonetwork/srv/eng/thesaurus.download?ref=external.theme.httpinspireeceuropaeumetadatacodelistPrioritydataset-Prioritydataset, response: 
14:44:51.275 [ForkJoinPool-1-worker-3] INFO  com.intuit.karate - [print]
14:44:51.276 [ForkJoinPool-1-worker-3] INFO  com.intuit.karate - [print] testing xlinkurl:https://www.nationaalgeoregister.nl/geonetwork/srv/api/recordsc2225e5d-b46f-4e38-8445-ab10fd40c0dc
14:44:51.437 [ForkJoinPool-1-worker-9] INFO  com.intuit.karate - [print]
14:44:51.440 [ForkJoinPool-1-worker-9] INFO  com.intuit.karate - [print] testing xlinkurl:http://rdfdata.eionet.europa.eu/inspirethemes/themes/8
14:44:51.456 [ForkJoinPool-1-worker-7] INFO  com.intuit.karate - [print] title:Mossel- en oesterhabitats
14:44:51.457 [ForkJoinPool-1-worker-7] INFO  com.intuit.karate - [print] Mossel- en oesterhabitats
14:44:51.459 [ForkJoinPool-1-worker-7] INFO  com.intuit.karate - [print] [
  "geodatabeheer.giscc@rvo.nl",
  "geodatabeheer.giscc@rvo.nl",
  "info@wur.nl",
  "BeheerPDOK@kadaster.nl"
]

14:44:51.463 [ForkJoinPool-1-worker-7] INFO  com.intuit.karate - [print] organisation: [
  "Ministerie van Economische Zaken - GIS Competence Center",
  "Wageningen Marine Research",
  "PDOK"
]

14:44:51.487 [ForkJoinPool-1-worker-7] INFO  com.intuit.karate - [print] [
  "https://www.nationaalgeoregister.nl/geonetwork/srv/dut/catalog.search#/metadata/3d59fd06-9aec-4744-91e7-65e119f74569",
  "http://standaarden.overheid.nl/owms/terms/Ministerie_van_Landbouw,_Natuur_en_Voedselkwaliteit"
]

14:44:51.502 [ForkJoinPool-1-worker-7] INFO  com.intuit.karate - [print]
14:44:51.502 [ForkJoinPool-1-worker-7] INFO  com.intuit.karate - [print] testing xlinkurl:https://www.nationaalgeoregister.nl/geonetwork/srv/dut/catalog.search#/metadata/3d59fd06-9aec-4744-91e7-65e119f74569
14:44:51.585 [ForkJoinPool-1-worker-3] ERROR com.intuit.karate - status code was: 500, expected: 200, response time: 308, url: https://www.nationaalgeoregister.nl/geonetwork/srv/api/recordsc2225e5d-b46f-4e38-8445-ab10fd40c0dc, response: 
14:44:51.585 [ForkJoinPool-1-worker-3] ERROR com.intuit.karate - feature call (loop) failed at index: 1
caller: classpath:InspireTest/ngr/datasetrecords/def/checkxlinkurl.template.feature
arg: {"link":"https://www.nationaalgeoregister.nl/geonetwork/srv/api/recordsc2225e5d-b46f-4e38-8445-ab10fd40c0dc"}
checkxlinkurl.template.feature:15 - status code was: 500, expected: 200, response time: 308, url: https://www.nationaalgeoregister.nl/geonetwork/srv/api/recordsc2225e5d-b46f-4e38-8445-ab10fd40c0dc, response: 
14:44:51.633 [ForkJoinPool-1-worker-9] ERROR com.intuit.karate - status code was: 404, expected: 200, response time: 192, url: http://rdfdata.eionet.europa.eu/inspirethemes/themes/8, response: 
14:44:51.633 [ForkJoinPool-1-worker-9] ERROR com.intuit.karate - feature call (loop) failed at index: 1
caller: classpath:InspireTest/ngr/datasetrecords/def/checkxlinkurl.template.feature
arg: {"link":"http://rdfdata.eionet.europa.eu/inspirethemes/themes/8"}
checkxlinkurl.template.feature:15 - status code was: 404, expected: 200, response time: 192, url: http://rdfdata.eionet.europa.eu/inspirethemes/themes/8, response: 
14:44:51.634 [ForkJoinPool-1-worker-9] INFO  com.intuit.karate - [print]
14:44:51.634 [ForkJoinPool-1-worker-9] INFO  com.intuit.karate - [print] testing xlinkurl:urn:ogc:def:crs:EPSG::5709
14:44:51.635 [ForkJoinPool-1-worker-9] ERROR com.intuit.karate - org.apache.http.client.ClientProtocolException: URI does not specify a valid host name: urn:ogc:def:crs:EPSG::5709, http call failed after 0 milliseconds for URL: urn:ogc:def:crs:EPSG::5709
14:44:51.635 [ForkJoinPool-1-worker-9] ERROR com.intuit.karate - http request failed: 
org.apache.http.client.ClientProtocolException: URI does not specify a valid host name: urn:ogc:def:crs:EPSG::5709
14:44:51.635 [ForkJoinPool-1-worker-9] ERROR com.intuit.karate - feature call (loop) failed at index: 2
caller: classpath:InspireTest/ngr/datasetrecords/def/checkxlinkurl.template.feature
arg: {"link":"urn:ogc:def:crs:EPSG::5709"}
checkxlinkurl.template.feature:14 - 
org.apache.http.client.ClientProtocolException: URI does not specify a valid host name: urn:ogc:def:crs:EPSG::5709
14:44:51.681 [ForkJoinPool-1-worker-5] ERROR com.intuit.karate - status code was: 404, expected: 200, response time: 382, url: http://geonetwork-opensource.org/inspire-theme#, response: 
14:44:51.682 [ForkJoinPool-1-worker-5] ERROR com.intuit.karate - feature call (loop) failed at index: 2
caller: classpath:InspireTest/ngr/datasetrecords/def/checkxlinkurl.template.feature
arg: {"link":"http://geonetwork-opensource.org/inspire-theme#"}
checkxlinkurl.template.feature:15 - status code was: 404, expected: 200, response time: 382, url: http://geonetwork-opensource.org/inspire-theme#, response: 
14:44:51.683 [ForkJoinPool-1-worker-5] INFO  com.intuit.karate - [print]
14:44:51.683 [ForkJoinPool-1-worker-5] INFO  com.intuit.karate - [print] testing xlinkurl:https://www.nationaalgeoregister.nl/geonetwork/srv/eng/thesaurus.download?ref=external.theme.inspire-theme
14:44:51.691 [ForkJoinPool-1-worker-13] INFO  com.intuit.karate - [print] title:Administratieve Eenheden
14:44:51.691 [ForkJoinPool-1-worker-13] INFO  com.intuit.karate - [print] Administratieve Eenheden
14:44:51.692 [ForkJoinPool-1-worker-13] INFO  com.intuit.karate - [print] [
  "PPB-GVA@kadaster.nl",
  "kcc@kadaster.nl",
  "kcc@kadaster.nl"
]

14:44:51.695 [ForkJoinPool-1-worker-13] INFO  com.intuit.karate - [print] organisation: [
  "Kadaster",
  "Kadaster en Openbare Registers",
  "Kadaster en de Openbare Registers"
]

14:44:51.701 [ForkJoinPool-1-worker-13] INFO  com.intuit.karate - [print] [
  "http://kadaster/06b6c650-cdb1-11dd-ad8b-0800200c9a76"
]

14:44:51.706 [ForkJoinPool-1-worker-13] INFO  com.intuit.karate - [print]
14:44:51.706 [ForkJoinPool-1-worker-13] INFO  com.intuit.karate - [print] testing xlinkurl:http://kadaster/06b6c650-cdb1-11dd-ad8b-0800200c9a76
14:44:51.708 [ForkJoinPool-1-worker-13] ERROR com.intuit.karate - java.net.UnknownHostException: kadaster, http call failed after 1 milliseconds for URL: http://kadaster/06b6c650-cdb1-11dd-ad8b-0800200c9a76
14:44:51.709 [ForkJoinPool-1-worker-13] ERROR com.intuit.karate - http request failed: 
java.net.UnknownHostException: kadaster
14:44:51.710 [ForkJoinPool-1-worker-13] ERROR com.intuit.karate - feature call (loop) failed at index: 0
caller: classpath:InspireTest/ngr/datasetrecords/def/checkxlinkurl.template.feature
arg: {"link":"http://kadaster/06b6c650-cdb1-11dd-ad8b-0800200c9a76"}
checkxlinkurl.template.feature:14 - 
java.net.UnknownHostException: kadaster
14:44:51.740 [ForkJoinPool-1-worker-11] INFO  com.intuit.karate - [print] title:Amplitude van het getij op de Noordzee
14:44:51.740 [ForkJoinPool-1-worker-11] INFO  com.intuit.karate - [print] Amplitude van het getij op de Noordzee
14:44:51.741 [ForkJoinPool-1-worker-11] INFO  com.intuit.karate - [print] [
  "data@hydro.nl",
  "data@hydro.nl",
  "data@hydro.nl",
  ""
]

14:44:51.743 [ForkJoinPool-1-worker-11] INFO  com.intuit.karate - [print] organisation: [
  "Ministerie van Defensie, Koninklijke Marine, Dienst der Hydrografie",
  "Ministerie van Defensie, Koninklijke Marine, Dienst der Hydrografie",
  "Ministerie van Defensie, Koninklijke Marine, Dienst der Hydrografie"
]

14:44:51.748 [ForkJoinPool-1-worker-11] INFO  com.intuit.karate - [print] [
  "http://www.opengis.net/def/crs/EPSG/0/https://www.opengis.net/def/crs/EPSG/0/4258",
  "https://www.nationaalgeoregister.nl/geonetwork/srv/api/recordsbe6551de-a709-4c6d-a5e2-f63f0cf038ba"
]

14:44:51.753 [ForkJoinPool-1-worker-11] INFO  com.intuit.karate - [print]
14:44:51.753 [ForkJoinPool-1-worker-11] INFO  com.intuit.karate - [print] testing xlinkurl:http://www.opengis.net/def/crs/EPSG/0/https://www.opengis.net/def/crs/EPSG/0/4258
14:44:51.803 [ForkJoinPool-1-worker-7] INFO  com.intuit.karate - [print]
14:44:51.804 [ForkJoinPool-1-worker-7] INFO  com.intuit.karate - [print] testing xlinkurl:http://standaarden.overheid.nl/owms/terms/Ministerie_van_Landbouw,_Natuur_en_Voedselkwaliteit
14:44:51.999 [ForkJoinPool-1-worker-5] ERROR com.intuit.karate - status code was: 500, expected: 200, response time: 315, url: https://www.nationaalgeoregister.nl/geonetwork/srv/eng/thesaurus.download?ref=external.theme.inspire-theme, response: 
14:44:52.000 [ForkJoinPool-1-worker-5] ERROR com.intuit.karate - feature call (loop) failed at index: 3
caller: classpath:InspireTest/ngr/datasetrecords/def/checkxlinkurl.template.feature
arg: {"link":"https://www.nationaalgeoregister.nl/geonetwork/srv/eng/thesaurus.download?ref=external.theme.inspire-theme"}
checkxlinkurl.template.feature:15 - status code was: 500, expected: 200, response time: 315, url: https://www.nationaalgeoregister.nl/geonetwork/srv/eng/thesaurus.download?ref=external.theme.inspire-theme, response: 
14:44:52.046 [ForkJoinPool-1-worker-11] INFO  com.intuit.karate - [print]
14:44:52.046 [ForkJoinPool-1-worker-11] INFO  com.intuit.karate - [print] testing xlinkurl:https://www.nationaalgeoregister.nl/geonetwork/srv/api/recordsbe6551de-a709-4c6d-a5e2-f63f0cf038ba
14:44:52.149 [ForkJoinPool-1-worker-3] INFO  com.intuit.karate - [print] title:Grondwatersamenstellinggegevens KRW meetronde 2012 onder INSPIRE
14:44:52.149 [ForkJoinPool-1-worker-3] INFO  com.intuit.karate - [print] Grondwatersamenstellinggegevens KRW meetronde 2012 onder INSPIRE
14:44:52.151 [ForkJoinPool-1-worker-3] INFO  com.intuit.karate - [print] [
  "info@dinoloket.nl",
  "info@dinoloket.nl",
  "info@dinoloket.nl"
]

14:44:52.151 [ForkJoinPool-1-worker-3] INFO  com.intuit.karate - [print] organisation: [
  "TNO Geologische Dienst Nederland",
  "TNO Geologische Dienst Nederland",
  "TNO Geologische Dienst Nederland"
]

14:44:52.156 [ForkJoinPool-1-worker-3] INFO  com.intuit.karate - [print] [
  "https://nationaalgeoregister.nl/geonetwork/srv/resources7d716522-fa1a-43b4-99c0-3a3480f9e218",
  "https://www.nationaalgeoregister.nl/geonetwork/srv/eng/thesaurus.download?ref=external.theme.inspire-theme"
]

14:44:52.159 [ForkJoinPool-1-worker-3] INFO  com.intuit.karate - [print]
14:44:52.160 [ForkJoinPool-1-worker-3] INFO  com.intuit.karate - [print] testing xlinkurl:https://nationaalgeoregister.nl/geonetwork/srv/resources7d716522-fa1a-43b4-99c0-3a3480f9e218
14:44:52.209 [ForkJoinPool-1-worker-9] INFO  com.intuit.karate - [print] title:Adressen (INSPIRE geharmoniseerd)
14:44:52.209 [ForkJoinPool-1-worker-9] INFO  com.intuit.karate - [print] Adressen (INSPIRE geharmoniseerd)
14:44:52.210 [ForkJoinPool-1-worker-9] INFO  com.intuit.karate - [print] [
  "PPB-GVA@kadaster.nl",
  "kcc@kadaster.nl"
]

14:44:52.212 [ForkJoinPool-1-worker-9] INFO  com.intuit.karate - [print] organisation: [
  "Kadaster",
  "Kadaster"
]

14:44:52.219 [ForkJoinPool-1-worker-9] INFO  com.intuit.karate - [print] [
  "http://www.opengis.net/def/crs/EPSG/0/http://www.opengis.net/def/crs/EPSG/0/4258",
  "http://kadaster/1d32fc50-cd5b-4425-b0df-16c7c7940e94"
]

14:44:52.226 [ForkJoinPool-1-worker-9] INFO  com.intuit.karate - [print]
14:44:52.228 [ForkJoinPool-1-worker-9] INFO  com.intuit.karate - [print] testing xlinkurl:http://www.opengis.net/def/crs/EPSG/0/http://www.opengis.net/def/crs/EPSG/0/4258
14:44:52.289 [ForkJoinPool-1-worker-13] INFO  com.intuit.karate - [print] title:Afgevoerde hoeveelheid afval in 2015 vanuit de industrie
14:44:52.289 [ForkJoinPool-1-worker-13] INFO  com.intuit.karate - [print] Afgevoerde hoeveelheid afval in 2015 vanuit de industrie
14:44:52.290 [ForkJoinPool-1-worker-13] INFO  com.intuit.karate - [print] [
  "emissieregistratie@rivm.nl",
  "",
  "emissieregistratie@rivm.nl"
]

14:44:52.292 [ForkJoinPool-1-worker-13] INFO  com.intuit.karate - [print] organisation: no organisationName found in dataset record
14:44:52.299 [ForkJoinPool-1-worker-13] INFO  com.intuit.karate - [print] [
  "https://data.rivm.nl/inspire/id#1de92b14-bc21-4f33-b0de-abd325e61804"
]

14:44:52.304 [ForkJoinPool-1-worker-13] INFO  com.intuit.karate - [print]
14:44:52.305 [ForkJoinPool-1-worker-13] INFO  com.intuit.karate - [print] testing xlinkurl:https://data.rivm.nl/inspire/id#1de92b14-bc21-4f33-b0de-abd325e61804
14:44:52.352 [ForkJoinPool-1-worker-11] ERROR com.intuit.karate - status code was: 500, expected: 200, response time: 306, url: https://www.nationaalgeoregister.nl/geonetwork/srv/api/recordsbe6551de-a709-4c6d-a5e2-f63f0cf038ba, response: 
14:44:52.353 [ForkJoinPool-1-worker-11] ERROR com.intuit.karate - feature call (loop) failed at index: 1
caller: classpath:InspireTest/ngr/datasetrecords/def/checkxlinkurl.template.feature
arg: {"link":"https://www.nationaalgeoregister.nl/geonetwork/srv/api/recordsbe6551de-a709-4c6d-a5e2-f63f0cf038ba"}
checkxlinkurl.template.feature:15 - status code was: 500, expected: 200, response time: 306, url: https://www.nationaalgeoregister.nl/geonetwork/srv/api/recordsbe6551de-a709-4c6d-a5e2-f63f0cf038ba, response: 
14:44:52.373 [ForkJoinPool-1-worker-5] INFO  com.intuit.karate - [print] title:Kadastrale kaart v4
14:44:52.375 [ForkJoinPool-1-worker-5] INFO  com.intuit.karate - [print] Kadastrale kaart v4
14:44:52.376 [ForkJoinPool-1-worker-5] INFO  com.intuit.karate - [print] [
  "PPB-GVA@kadaster.nl",
  "kcc@kadaster.nl",
  "kcc@kadaster.nl",
  "",
  ""
]

14:44:52.378 [ForkJoinPool-1-worker-5] INFO  com.intuit.karate - [print] organisation: [
  "Kadaster",
  "Kadaster en Openbare Registers",
  "Dienst voor het Kadaster en de Openbare Registers"
]

14:44:52.404 [ForkJoinPool-1-worker-5] INFO  com.intuit.karate - [print] [
  "h",
  "t",
  "t",
  "p",
  "s",
  ":",
  "/",
  "/",
  "w",
  "w",
  "w",
  ".",
  "n",
  "a",
  "t",
  "i",
  "o",
  "n",
  "a",
  "a",
  "l",
  "g",
  "e",
  "o",
  "r",
  "e",
  "g",
  "i",
  "s",
  "t",
  "e",
  "r",
  ".",
  "n",
  "l",
  ":",
  "4",
  "4",
  "3",
  "/",
  "g",
  "e",
  "o",
  "n",
  "e",
  "t",
  "w",
  "o",
  "r",
  "k",
  "/",
  "s",
  "r",
  "v",
  "/",
  "e",
  "n",
  "g",
  "/",
  "t",
  "h",
  "e",
  "s",
  "a",
  "u",
  "r",
  "u",
  "s",
  ".",
  "d",
  "o",
  "w",
  "n",
  "l",
  "o",
  "a",
  "d",
  "?",
  "r",
  "e",
  "f",
  "=",
  "e",
  "x",
  "t",
  "e",
  "r",
  "n",
  "a",
  "l",
  ".",
  "t",
  "h",
  "e",
  "m",
  "e",
  ".",
  "h",
  "t",
  "t",
  "p",
  "i",
  "n",
  "s",
  "p",
  "i",
  "r",
  "e",
  "e",
  "c",
  "e",
  "u",
  "r",
  "o",
  "p",
  "a",
  "e",
  "u",
  "t",
  "h",
  "e",
  "m",
  "e",
  "-",
  "t",
  "h",
  "e",
  "m",
  "e"
]

14:44:52.422 [ForkJoinPool-1-worker-5] INFO  com.intuit.karate - [print]
14:44:52.423 [ForkJoinPool-1-worker-5] INFO  com.intuit.karate - [print] testing xlinkurl:h
14:44:52.424 [ForkJoinPool-1-worker-5] ERROR com.intuit.karate - org.apache.http.client.ClientProtocolException, http call failed after 0 milliseconds for URL: h
14:44:52.424 [ForkJoinPool-1-worker-5] ERROR com.intuit.karate - http request failed: 
org.apache.http.client.ClientProtocolException
14:44:52.425 [ForkJoinPool-1-worker-5] ERROR com.intuit.karate - feature call (loop) failed at index: 0
caller: classpath:InspireTest/ngr/datasetrecords/def/checkxlinkurl.template.feature
arg: {"link":"h"}
checkxlinkurl.template.feature:14 - 
org.apache.http.client.ClientProtocolException
14:44:52.427 [ForkJoinPool-1-worker-5] INFO  com.intuit.karate - [print]
14:44:52.428 [ForkJoinPool-1-worker-5] INFO  com.intuit.karate - [print] testing xlinkurl:t
14:44:52.428 [ForkJoinPool-1-worker-3] ERROR com.intuit.karate - status code was: 404, expected: 200, response time: 268, url: https://nationaalgeoregister.nl/geonetwork/srv/resources7d716522-fa1a-43b4-99c0-3a3480f9e218, response: 
14:44:52.428 [ForkJoinPool-1-worker-3] ERROR com.intuit.karate - feature call (loop) failed at index: 0
caller: classpath:InspireTest/ngr/datasetrecords/def/checkxlinkurl.template.feature
arg: {"link":"https://nationaalgeoregister.nl/geonetwork/srv/resources7d716522-fa1a-43b4-99c0-3a3480f9e218"}
checkxlinkurl.template.feature:15 - status code was: 404, expected: 200, response time: 268, url: https://nationaalgeoregister.nl/geonetwork/srv/resources7d716522-fa1a-43b4-99c0-3a3480f9e218, response: 
14:44:52.428 [ForkJoinPool-1-worker-5] ERROR com.intuit.karate - org.apache.http.client.ClientProtocolException, http call failed after 0 milliseconds for URL: t
14:44:52.429 [ForkJoinPool-1-worker-5] ERROR com.intuit.karate - http request failed: 
org.apache.http.client.ClientProtocolException
14:44:52.429 [ForkJoinPool-1-worker-5] ERROR com.intuit.karate - feature call (loop) failed at index: 1
caller: classpath:InspireTest/ngr/datasetrecords/def/checkxlinkurl.template.feature
arg: {"link":"t"}
checkxlinkurl.template.feature:14 - 
org.apache.http.client.ClientProtocolException
14:44:52.429 [ForkJoinPool-1-worker-3] INFO  com.intuit.karate - [print]
14:44:52.429 [ForkJoinPool-1-worker-3] INFO  com.intuit.karate - [print] testing xlinkurl:https://www.nationaalgeoregister.nl/geonetwork/srv/eng/thesaurus.download?ref=external.theme.inspire-theme
14:44:52.429 [ForkJoinPool-1-worker-5] INFO  com.intuit.karate - [print]
14:44:52.430 [ForkJoinPool-1-worker-5] INFO  com.intuit.karate - [print] testing xlinkurl:t
14:44:52.436 [ForkJoinPool-1-worker-5] ERROR com.intuit.karate - org.apache.http.client.ClientProtocolException, http call failed after 0 milliseconds for URL: t
14:44:52.436 [ForkJoinPool-1-worker-5] ERROR com.intuit.karate - http request failed: 
org.apache.http.client.ClientProtocolException
14:44:52.437 [ForkJoinPool-1-worker-5] ERROR com.intuit.karate - feature call (loop) failed at index: 2
caller: classpath:InspireTest/ngr/datasetrecords/def/checkxlinkurl.template.feature
arg: {"link":"t"}
checkxlinkurl.template.feature:14 - 
org.apache.http.client.ClientProtocolException
14:44:52.439 [ForkJoinPool-1-worker-5] INFO  com.intuit.karate - [print]
14:44:52.440 [ForkJoinPool-1-worker-5] INFO  com.intuit.karate - [print] testing xlinkurl:p
14:44:52.440 [ForkJoinPool-1-worker-5] ERROR com.intuit.karate - org.apache.http.client.ClientProtocolException, http call failed after 0 milliseconds for URL: p
14:44:52.440 [ForkJoinPool-1-worker-5] ERROR com.intuit.karate - http request failed: 
org.apache.http.client.ClientProtocolException
14:44:52.440 [ForkJoinPool-1-worker-5] ERROR com.intuit.karate - feature call (loop) failed at index: 3
caller: classpath:InspireTest/ngr/datasetrecords/def/checkxlinkurl.template.feature
arg: {"link":"p"}
checkxlinkurl.template.feature:14 - 
org.apache.http.client.ClientProtocolException
14:44:52.442 [ForkJoinPool-1-worker-5] INFO  com.intuit.karate - [print]
14:44:52.443 [ForkJoinPool-1-worker-5] INFO  com.intuit.karate - [print] testing xlinkurl:s
14:44:52.444 [ForkJoinPool-1-worker-5] ERROR com.intuit.karate - org.apache.http.client.ClientProtocolException, http call failed after 0 milliseconds for URL: s
14:44:52.445 [ForkJoinPool-1-worker-5] ERROR com.intuit.karate - http request failed: 
org.apache.http.client.ClientProtocolException
14:44:52.446 [ForkJoinPool-1-worker-5] ERROR com.intuit.karate - feature call (loop) failed at index: 4
caller: classpath:InspireTest/ngr/datasetrecords/def/checkxlinkurl.template.feature
arg: {"link":"s"}
checkxlinkurl.template.feature:14 - 
org.apache.http.client.ClientProtocolException
14:44:52.447 [ForkJoinPool-1-worker-5] INFO  com.intuit.karate - [print]
14:44:52.448 [ForkJoinPool-1-worker-5] INFO  com.intuit.karate - [print] testing xlinkurl::
14:44:52.449 [ForkJoinPool-1-worker-5] ERROR com.intuit.karate - http request failed: java.net.URISyntaxException: Expected scheme name at index 0: :
14:44:52.449 [ForkJoinPool-1-worker-5] ERROR com.intuit.karate - feature call (loop) failed at index: 5
caller: classpath:InspireTest/ngr/datasetrecords/def/checkxlinkurl.template.feature
arg: {"link":":"}
checkxlinkurl.template.feature:14 - java.net.URISyntaxException: Expected scheme name at index 0: :
14:44:52.451 [ForkJoinPool-1-worker-5] INFO  com.intuit.karate - [print]
14:44:52.452 [ForkJoinPool-1-worker-5] INFO  com.intuit.karate - [print] testing xlinkurl:/
14:44:52.452 [ForkJoinPool-1-worker-5] ERROR com.intuit.karate - org.apache.http.client.ClientProtocolException, http call failed after 0 milliseconds for URL: /
14:44:52.453 [ForkJoinPool-1-worker-5] ERROR com.intuit.karate - http request failed: 
org.apache.http.client.ClientProtocolException
14:44:52.453 [ForkJoinPool-1-worker-5] ERROR com.intuit.karate - feature call (loop) failed at index: 6
caller: classpath:InspireTest/ngr/datasetrecords/def/checkxlinkurl.template.feature
arg: {"link":"/"}
checkxlinkurl.template.feature:14 - 
org.apache.http.client.ClientProtocolException
14:44:52.455 [ForkJoinPool-1-worker-5] INFO  com.intuit.karate - [print]
14:44:52.455 [ForkJoinPool-1-worker-5] INFO  com.intuit.karate - [print] testing xlinkurl:/
14:44:52.456 [ForkJoinPool-1-worker-5] ERROR com.intuit.karate - org.apache.http.client.ClientProtocolException, http call failed after 0 milliseconds for URL: /
14:44:52.457 [ForkJoinPool-1-worker-5] ERROR com.intuit.karate - http request failed: 
org.apache.http.client.ClientProtocolException
14:44:52.458 [ForkJoinPool-1-worker-5] ERROR com.intuit.karate - feature call (loop) failed at index: 7
caller: classpath:InspireTest/ngr/datasetrecords/def/checkxlinkurl.template.feature
arg: {"link":"/"}
checkxlinkurl.template.feature:14 - 
org.apache.http.client.ClientProtocolException
14:44:52.460 [ForkJoinPool-1-worker-5] INFO  com.intuit.karate - [print]
14:44:52.461 [ForkJoinPool-1-worker-5] INFO  com.intuit.karate - [print] testing xlinkurl:w
14:44:52.461 [ForkJoinPool-1-worker-5] ERROR com.intuit.karate - org.apache.http.client.ClientProtocolException, http call failed after 0 milliseconds for URL: w
14:44:52.462 [ForkJoinPool-1-worker-5] ERROR com.intuit.karate - http request failed: 
org.apache.http.client.ClientProtocolException
14:44:52.463 [ForkJoinPool-1-worker-5] ERROR com.intuit.karate - feature call (loop) failed at index: 8
caller: classpath:InspireTest/ngr/datasetrecords/def/checkxlinkurl.template.feature
arg: {"link":"w"}
checkxlinkurl.template.feature:14 - 
org.apache.http.client.ClientProtocolException
14:44:52.465 [ForkJoinPool-1-worker-5] INFO  com.intuit.karate - [print]
14:44:52.465 [ForkJoinPool-1-worker-5] INFO  com.intuit.karate - [print] testing xlinkurl:w
14:44:52.466 [ForkJoinPool-1-worker-5] ERROR com.intuit.karate - org.apache.http.client.ClientProtocolException, http call failed after 0 milliseconds for URL: w
14:44:52.467 [ForkJoinPool-1-worker-5] ERROR com.intuit.karate - http request failed: 
org.apache.http.client.ClientProtocolException
14:44:52.468 [ForkJoinPool-1-worker-5] ERROR com.intuit.karate - feature call (loop) failed at index: 9
caller: classpath:InspireTest/ngr/datasetrecords/def/checkxlinkurl.template.feature
arg: {"link":"w"}
checkxlinkurl.template.feature:14 - 
org.apache.http.client.ClientProtocolException
14:44:52.470 [ForkJoinPool-1-worker-5] INFO  com.intuit.karate - [print]
14:44:52.471 [ForkJoinPool-1-worker-5] INFO  com.intuit.karate - [print] testing xlinkurl:w
14:44:52.472 [ForkJoinPool-1-worker-5] ERROR com.intuit.karate - org.apache.http.client.ClientProtocolException, http call failed after 0 milliseconds for URL: w
14:44:52.473 [ForkJoinPool-1-worker-5] ERROR com.intuit.karate - http request failed: 
org.apache.http.client.ClientProtocolException
14:44:52.473 [ForkJoinPool-1-worker-5] ERROR com.intuit.karate - feature call (loop) failed at index: 10
caller: classpath:InspireTest/ngr/datasetrecords/def/checkxlinkurl.template.feature
arg: {"link":"w"}
checkxlinkurl.template.feature:14 - 
org.apache.http.client.ClientProtocolException
14:44:52.480 [ForkJoinPool-1-worker-5] INFO  com.intuit.karate - [print]
14:44:52.481 [ForkJoinPool-1-worker-5] INFO  com.intuit.karate - [print] testing xlinkurl:.
14:44:52.482 [ForkJoinPool-1-worker-5] ERROR com.intuit.karate - org.apache.http.client.ClientProtocolException, http call failed after 0 milliseconds for URL: .
14:44:52.482 [ForkJoinPool-1-worker-5] ERROR com.intuit.karate - http request failed: 
org.apache.http.client.ClientProtocolException
14:44:52.483 [ForkJoinPool-1-worker-5] ERROR com.intuit.karate - feature call (loop) failed at index: 11
caller: classpath:InspireTest/ngr/datasetrecords/def/checkxlinkurl.template.feature
arg: {"link":"."}
checkxlinkurl.template.feature:14 - 
org.apache.http.client.ClientProtocolException
14:44:52.484 [ForkJoinPool-1-worker-5] INFO  com.intuit.karate - [print]
14:44:52.485 [ForkJoinPool-1-worker-5] INFO  com.intuit.karate - [print] testing xlinkurl:n
14:44:52.486 [ForkJoinPool-1-worker-5] ERROR com.intuit.karate - org.apache.http.client.ClientProtocolException, http call failed after 0 milliseconds for URL: n
14:44:52.486 [ForkJoinPool-1-worker-5] ERROR com.intuit.karate - http request failed: 
org.apache.http.client.ClientProtocolException
14:44:52.486 [ForkJoinPool-1-worker-5] ERROR com.intuit.karate - feature call (loop) failed at index: 12
caller: classpath:InspireTest/ngr/datasetrecords/def/checkxlinkurl.template.feature
arg: {"link":"n"}
checkxlinkurl.template.feature:14 - 
org.apache.http.client.ClientProtocolException
14:44:52.488 [ForkJoinPool-1-worker-5] INFO  com.intuit.karate - [print]
14:44:52.488 [ForkJoinPool-1-worker-5] INFO  com.intuit.karate - [print] testing xlinkurl:a
14:44:52.489 [ForkJoinPool-1-worker-5] ERROR com.intuit.karate - org.apache.http.client.ClientProtocolException, http call failed after 0 milliseconds for URL: a
14:44:52.489 [ForkJoinPool-1-worker-5] ERROR com.intuit.karate - http request failed: 
org.apache.http.client.ClientProtocolException
14:44:52.490 [ForkJoinPool-1-worker-5] ERROR com.intuit.karate - feature call (loop) failed at index: 13
caller: classpath:InspireTest/ngr/datasetrecords/def/checkxlinkurl.template.feature
arg: {"link":"a"}
checkxlinkurl.template.feature:14 - 
org.apache.http.client.ClientProtocolException
14:44:52.491 [ForkJoinPool-1-worker-5] INFO  com.intuit.karate - [print]
14:44:52.491 [ForkJoinPool-1-worker-5] INFO  com.intuit.karate - [print] testing xlinkurl:t
14:44:52.492 [ForkJoinPool-1-worker-5] ERROR com.intuit.karate - org.apache.http.client.ClientProtocolException, http call failed after 0 milliseconds for URL: t
14:44:52.493 [ForkJoinPool-1-worker-5] ERROR com.intuit.karate - http request failed: 
org.apache.http.client.ClientProtocolException
14:44:52.493 [ForkJoinPool-1-worker-5] ERROR com.intuit.karate - feature call (loop) failed at index: 14
caller: classpath:InspireTest/ngr/datasetrecords/def/checkxlinkurl.template.feature
arg: {"link":"t"}
checkxlinkurl.template.feature:14 - 
org.apache.http.client.ClientProtocolException
14:44:52.494 [ForkJoinPool-1-worker-5] INFO  com.intuit.karate - [print]
14:44:52.495 [ForkJoinPool-1-worker-5] INFO  com.intuit.karate - [print] testing xlinkurl:i
14:44:52.495 [ForkJoinPool-1-worker-5] ERROR com.intuit.karate - org.apache.http.client.ClientProtocolException, http call failed after 0 milliseconds for URL: i
14:44:52.496 [ForkJoinPool-1-worker-5] ERROR com.intuit.karate - http request failed: 
org.apache.http.client.ClientProtocolException
14:44:52.497 [ForkJoinPool-1-worker-5] ERROR com.intuit.karate - feature call (loop) failed at index: 15
caller: classpath:InspireTest/ngr/datasetrecords/def/checkxlinkurl.template.feature
arg: {"link":"i"}
checkxlinkurl.template.feature:14 - 
org.apache.http.client.ClientProtocolException
14:44:52.498 [ForkJoinPool-1-worker-5] INFO  com.intuit.karate - [print]
14:44:52.498 [ForkJoinPool-1-worker-5] INFO  com.intuit.karate - [print] testing xlinkurl:o
14:44:52.499 [ForkJoinPool-1-worker-5] ERROR com.intuit.karate - org.apache.http.client.ClientProtocolException, http call failed after 0 milliseconds for URL: o
14:44:52.500 [ForkJoinPool-1-worker-5] ERROR com.intuit.karate - http request failed: 
org.apache.http.client.ClientProtocolException
14:44:52.501 [ForkJoinPool-1-worker-5] ERROR com.intuit.karate - feature call (loop) failed at index: 16
caller: classpath:InspireTest/ngr/datasetrecords/def/checkxlinkurl.template.feature
arg: {"link":"o"}
checkxlinkurl.template.feature:14 - 
org.apache.http.client.ClientProtocolException
14:44:52.502 [ForkJoinPool-1-worker-5] INFO  com.intuit.karate - [print]
14:44:52.502 [ForkJoinPool-1-worker-5] INFO  com.intuit.karate - [print] testing xlinkurl:n
14:44:52.503 [ForkJoinPool-1-worker-5] ERROR com.intuit.karate - org.apache.http.client.ClientProtocolException, http call failed after 0 milliseconds for URL: n
14:44:52.504 [ForkJoinPool-1-worker-5] ERROR com.intuit.karate - http request failed: 
org.apache.http.client.ClientProtocolException
14:44:52.504 [ForkJoinPool-1-worker-5] ERROR com.intuit.karate - feature call (loop) failed at index: 17
caller: classpath:InspireTest/ngr/datasetrecords/def/checkxlinkurl.template.feature
arg: {"link":"n"}
checkxlinkurl.template.feature:14 - 
org.apache.http.client.ClientProtocolException
14:44:52.506 [ForkJoinPool-1-worker-5] INFO  com.intuit.karate - [print]
14:44:52.506 [ForkJoinPool-1-worker-5] INFO  com.intuit.karate - [print] testing xlinkurl:a
14:44:52.507 [ForkJoinPool-1-worker-5] ERROR com.intuit.karate - org.apache.http.client.ClientProtocolException, http call failed after 0 milliseconds for URL: a
14:44:52.507 [ForkJoinPool-1-worker-5] ERROR com.intuit.karate - http request failed: 
org.apache.http.client.ClientProtocolException
14:44:52.508 [ForkJoinPool-1-worker-5] ERROR com.intuit.karate - feature call (loop) failed at index: 18
caller: classpath:InspireTest/ngr/datasetrecords/def/checkxlinkurl.template.feature
arg: {"link":"a"}
checkxlinkurl.template.feature:14 - 
org.apache.http.client.ClientProtocolException
14:44:52.510 [ForkJoinPool-1-worker-5] INFO  com.intuit.karate - [print]
14:44:52.510 [ForkJoinPool-1-worker-5] INFO  com.intuit.karate - [print] testing xlinkurl:a
14:44:52.511 [ForkJoinPool-1-worker-5] ERROR com.intuit.karate - org.apache.http.client.ClientProtocolException, http call failed after 0 milliseconds for URL: a
14:44:52.512 [ForkJoinPool-1-worker-5] ERROR com.intuit.karate - http request failed: 
org.apache.http.client.ClientProtocolException
14:44:52.512 [ForkJoinPool-1-worker-5] ERROR com.intuit.karate - feature call (loop) failed at index: 19
caller: classpath:InspireTest/ngr/datasetrecords/def/checkxlinkurl.template.feature
arg: {"link":"a"}
checkxlinkurl.template.feature:14 - 
org.apache.http.client.ClientProtocolException
14:44:52.516 [ForkJoinPool-1-worker-5] INFO  com.intuit.karate - [print]
14:44:52.516 [ForkJoinPool-1-worker-5] INFO  com.intuit.karate - [print] testing xlinkurl:l
14:44:52.516 [ForkJoinPool-1-worker-5] ERROR com.intuit.karate - org.apache.http.client.ClientProtocolException, http call failed after 0 milliseconds for URL: l
14:44:52.517 [ForkJoinPool-1-worker-5] ERROR com.intuit.karate - http request failed: 
org.apache.http.client.ClientProtocolException
14:44:52.517 [ForkJoinPool-1-worker-9] INFO  com.intuit.karate - [print]
14:44:52.518 [ForkJoinPool-1-worker-9] INFO  com.intuit.karate - [print] testing xlinkurl:http://kadaster/1d32fc50-cd5b-4425-b0df-16c7c7940e94
14:44:52.518 [ForkJoinPool-1-worker-9] ERROR com.intuit.karate - java.net.UnknownHostException: kadaster, http call failed after 0 milliseconds for URL: http://kadaster/1d32fc50-cd5b-4425-b0df-16c7c7940e94
14:44:52.518 [ForkJoinPool-1-worker-9] ERROR com.intuit.karate - http request failed: 
java.net.UnknownHostException: kadaster
14:44:52.518 [ForkJoinPool-1-worker-5] ERROR com.intuit.karate - feature call (loop) failed at index: 20
caller: classpath:InspireTest/ngr/datasetrecords/def/checkxlinkurl.template.feature
arg: {"link":"l"}
checkxlinkurl.template.feature:14 - 
org.apache.http.client.ClientProtocolException
14:44:52.518 [ForkJoinPool-1-worker-9] ERROR com.intuit.karate - feature call (loop) failed at index: 1
caller: classpath:InspireTest/ngr/datasetrecords/def/checkxlinkurl.template.feature
arg: {"link":"http://kadaster/1d32fc50-cd5b-4425-b0df-16c7c7940e94"}
checkxlinkurl.template.feature:14 - 
java.net.UnknownHostException: kadaster
14:44:52.520 [ForkJoinPool-1-worker-5] INFO  com.intuit.karate - [print]
14:44:52.523 [ForkJoinPool-1-worker-5] INFO  com.intuit.karate - [print] testing xlinkurl:g
14:44:52.523 [ForkJoinPool-1-worker-5] ERROR com.intuit.karate - org.apache.http.client.ClientProtocolException, http call failed after 0 milliseconds for URL: g
14:44:52.523 [ForkJoinPool-1-worker-5] ERROR com.intuit.karate - http request failed: 
org.apache.http.client.ClientProtocolException
14:44:52.524 [ForkJoinPool-1-worker-5] ERROR com.intuit.karate - feature call (loop) failed at index: 21
caller: classpath:InspireTest/ngr/datasetrecords/def/checkxlinkurl.template.feature
arg: {"link":"g"}
checkxlinkurl.template.feature:14 - 
org.apache.http.client.ClientProtocolException
14:44:52.527 [ForkJoinPool-1-worker-5] INFO  com.intuit.karate - [print]
14:44:52.528 [ForkJoinPool-1-worker-5] INFO  com.intuit.karate - [print] testing xlinkurl:e
14:44:52.529 [ForkJoinPool-1-worker-5] ERROR com.intuit.karate - org.apache.http.client.ClientProtocolException, http call failed after 0 milliseconds for URL: e
14:44:52.529 [ForkJoinPool-1-worker-5] ERROR com.intuit.karate - http request failed: 
org.apache.http.client.ClientProtocolException
14:44:52.530 [ForkJoinPool-1-worker-5] ERROR com.intuit.karate - feature call (loop) failed at index: 22
caller: classpath:InspireTest/ngr/datasetrecords/def/checkxlinkurl.template.feature
arg: {"link":"e"}
checkxlinkurl.template.feature:14 - 
org.apache.http.client.ClientProtocolException
14:44:52.531 [ForkJoinPool-1-worker-5] INFO  com.intuit.karate - [print]
14:44:52.532 [ForkJoinPool-1-worker-5] INFO  com.intuit.karate - [print] testing xlinkurl:o
14:44:52.532 [ForkJoinPool-1-worker-5] ERROR com.intuit.karate - org.apache.http.client.ClientProtocolException, http call failed after 0 milliseconds for URL: o
14:44:52.533 [ForkJoinPool-1-worker-5] ERROR com.intuit.karate - http request failed: 
org.apache.http.client.ClientProtocolException
14:44:52.533 [ForkJoinPool-1-worker-5] ERROR com.intuit.karate - feature call (loop) failed at index: 23
caller: classpath:InspireTest/ngr/datasetrecords/def/checkxlinkurl.template.feature
arg: {"link":"o"}
checkxlinkurl.template.feature:14 - 
org.apache.http.client.ClientProtocolException
14:44:52.535 [ForkJoinPool-1-worker-5] INFO  com.intuit.karate - [print]
14:44:52.535 [ForkJoinPool-1-worker-5] INFO  com.intuit.karate - [print] testing xlinkurl:r
14:44:52.536 [ForkJoinPool-1-worker-5] ERROR com.intuit.karate - org.apache.http.client.ClientProtocolException, http call failed after 0 milliseconds for URL: r
14:44:52.536 [ForkJoinPool-1-worker-5] ERROR com.intuit.karate - http request failed: 
org.apache.http.client.ClientProtocolException
14:44:52.537 [ForkJoinPool-1-worker-5] ERROR com.intuit.karate - feature call (loop) failed at index: 24
caller: classpath:InspireTest/ngr/datasetrecords/def/checkxlinkurl.template.feature
arg: {"link":"r"}
checkxlinkurl.template.feature:14 - 
org.apache.http.client.ClientProtocolException
14:44:52.538 [ForkJoinPool-1-worker-5] INFO  com.intuit.karate - [print]
14:44:52.539 [ForkJoinPool-1-worker-5] INFO  com.intuit.karate - [print] testing xlinkurl:e
14:44:52.540 [ForkJoinPool-1-worker-5] ERROR com.intuit.karate - org.apache.http.client.ClientProtocolException, http call failed after 0 milliseconds for URL: e
14:44:52.541 [ForkJoinPool-1-worker-5] ERROR com.intuit.karate - http request failed: 
org.apache.http.client.ClientProtocolException
14:44:52.541 [ForkJoinPool-1-worker-5] ERROR com.intuit.karate - feature call (loop) failed at index: 25
caller: classpath:InspireTest/ngr/datasetrecords/def/checkxlinkurl.template.feature
arg: {"link":"e"}
checkxlinkurl.template.feature:14 - 
org.apache.http.client.ClientProtocolException
14:44:52.542 [ForkJoinPool-1-worker-5] INFO  com.intuit.karate - [print]
14:44:52.543 [ForkJoinPool-1-worker-5] INFO  com.intuit.karate - [print] testing xlinkurl:g
14:44:52.544 [ForkJoinPool-1-worker-5] ERROR com.intuit.karate - org.apache.http.client.ClientProtocolException, http call failed after 0 milliseconds for URL: g
14:44:52.544 [ForkJoinPool-1-worker-5] ERROR com.intuit.karate - http request failed: 
org.apache.http.client.ClientProtocolException
14:44:52.545 [ForkJoinPool-1-worker-5] ERROR com.intuit.karate - feature call (loop) failed at index: 26
caller: classpath:InspireTest/ngr/datasetrecords/def/checkxlinkurl.template.feature
arg: {"link":"g"}
checkxlinkurl.template.feature:14 - 
org.apache.http.client.ClientProtocolException
14:44:52.546 [ForkJoinPool-1-worker-5] INFO  com.intuit.karate - [print]
14:44:52.547 [ForkJoinPool-1-worker-5] INFO  com.intuit.karate - [print] testing xlinkurl:i
14:44:52.548 [ForkJoinPool-1-worker-5] ERROR com.intuit.karate - org.apache.http.client.ClientProtocolException, http call failed after 0 milliseconds for URL: i
14:44:52.548 [ForkJoinPool-1-worker-5] ERROR com.intuit.karate - http request failed: 
org.apache.http.client.ClientProtocolException
14:44:52.548 [ForkJoinPool-1-worker-5] ERROR com.intuit.karate - feature call (loop) failed at index: 27
caller: classpath:InspireTest/ngr/datasetrecords/def/checkxlinkurl.template.feature
arg: {"link":"i"}
checkxlinkurl.template.feature:14 - 
org.apache.http.client.ClientProtocolException
14:44:52.550 [ForkJoinPool-1-worker-5] INFO  com.intuit.karate - [print]
14:44:52.550 [ForkJoinPool-1-worker-5] INFO  com.intuit.karate - [print] testing xlinkurl:s
14:44:52.551 [ForkJoinPool-1-worker-5] ERROR com.intuit.karate - org.apache.http.client.ClientProtocolException, http call failed after 0 milliseconds for URL: s
14:44:52.551 [ForkJoinPool-1-worker-5] ERROR com.intuit.karate - http request failed: 
org.apache.http.client.ClientProtocolException
14:44:52.552 [ForkJoinPool-1-worker-5] ERROR com.intuit.karate - feature call (loop) failed at index: 28
caller: classpath:InspireTest/ngr/datasetrecords/def/checkxlinkurl.template.feature
arg: {"link":"s"}
checkxlinkurl.template.feature:14 - 
org.apache.http.client.ClientProtocolException
14:44:52.553 [ForkJoinPool-1-worker-5] INFO  com.intuit.karate - [print]
14:44:52.554 [ForkJoinPool-1-worker-5] INFO  com.intuit.karate - [print] testing xlinkurl:t
14:44:52.554 [ForkJoinPool-1-worker-5] ERROR com.intuit.karate - org.apache.http.client.ClientProtocolException, http call failed after 0 milliseconds for URL: t
14:44:52.555 [ForkJoinPool-1-worker-5] ERROR com.intuit.karate - http request failed: 
org.apache.http.client.ClientProtocolException
14:44:52.555 [ForkJoinPool-1-worker-5] ERROR com.intuit.karate - feature call (loop) failed at index: 29
caller: classpath:InspireTest/ngr/datasetrecords/def/checkxlinkurl.template.feature
arg: {"link":"t"}
checkxlinkurl.template.feature:14 - 
org.apache.http.client.ClientProtocolException
14:44:52.556 [ForkJoinPool-1-worker-5] INFO  com.intuit.karate - [print]
14:44:52.557 [ForkJoinPool-1-worker-5] INFO  com.intuit.karate - [print] testing xlinkurl:e
14:44:52.557 [ForkJoinPool-1-worker-5] ERROR com.intuit.karate - org.apache.http.client.ClientProtocolException, http call failed after 0 milliseconds for URL: e
14:44:52.558 [ForkJoinPool-1-worker-5] ERROR com.intuit.karate - http request failed: 
org.apache.http.client.ClientProtocolException
14:44:52.558 [ForkJoinPool-1-worker-5] ERROR com.intuit.karate - feature call (loop) failed at index: 30
caller: classpath:InspireTest/ngr/datasetrecords/def/checkxlinkurl.template.feature
arg: {"link":"e"}
checkxlinkurl.template.feature:14 - 
org.apache.http.client.ClientProtocolException
14:44:52.559 [ForkJoinPool-1-worker-5] INFO  com.intuit.karate - [print]
14:44:52.560 [ForkJoinPool-1-worker-5] INFO  com.intuit.karate - [print] testing xlinkurl:r
14:44:52.561 [ForkJoinPool-1-worker-5] ERROR com.intuit.karate - org.apache.http.client.ClientProtocolException, http call failed after 0 milliseconds for URL: r
14:44:52.562 [ForkJoinPool-1-worker-5] ERROR com.intuit.karate - http request failed: 
org.apache.http.client.ClientProtocolException
14:44:52.562 [ForkJoinPool-1-worker-5] ERROR com.intuit.karate - feature call (loop) failed at index: 31
caller: classpath:InspireTest/ngr/datasetrecords/def/checkxlinkurl.template.feature
arg: {"link":"r"}
checkxlinkurl.template.feature:14 - 
org.apache.http.client.ClientProtocolException
14:44:52.565 [ForkJoinPool-1-worker-5] INFO  com.intuit.karate - [print]
14:44:52.566 [ForkJoinPool-1-worker-5] INFO  com.intuit.karate - [print] testing xlinkurl:.
14:44:52.567 [ForkJoinPool-1-worker-5] ERROR com.intuit.karate - org.apache.http.client.ClientProtocolException, http call failed after 0 milliseconds for URL: .
14:44:52.567 [ForkJoinPool-1-worker-5] ERROR com.intuit.karate - http request failed: 
org.apache.http.client.ClientProtocolException
14:44:52.568 [ForkJoinPool-1-worker-5] ERROR com.intuit.karate - feature call (loop) failed at index: 32
caller: classpath:InspireTest/ngr/datasetrecords/def/checkxlinkurl.template.feature
arg: {"link":"."}
checkxlinkurl.template.feature:14 - 
org.apache.http.client.ClientProtocolException
14:44:52.569 [ForkJoinPool-1-worker-5] INFO  com.intuit.karate - [print]
14:44:52.569 [ForkJoinPool-1-worker-5] INFO  com.intuit.karate - [print] testing xlinkurl:n
14:44:52.570 [ForkJoinPool-1-worker-5] ERROR com.intuit.karate - org.apache.http.client.ClientProtocolException, http call failed after 0 milliseconds for URL: n
14:44:52.570 [ForkJoinPool-1-worker-5] ERROR com.intuit.karate - http request failed: 
org.apache.http.client.ClientProtocolException
14:44:52.571 [ForkJoinPool-1-worker-5] ERROR com.intuit.karate - feature call (loop) failed at index: 33
caller: classpath:InspireTest/ngr/datasetrecords/def/checkxlinkurl.template.feature
arg: {"link":"n"}
checkxlinkurl.template.feature:14 - 
org.apache.http.client.ClientProtocolException
14:44:52.572 [ForkJoinPool-1-worker-5] INFO  com.intuit.karate - [print]
14:44:52.572 [ForkJoinPool-1-worker-5] INFO  com.intuit.karate - [print] testing xlinkurl:l
14:44:52.573 [ForkJoinPool-1-worker-5] ERROR com.intuit.karate - org.apache.http.client.ClientProtocolException, http call failed after 0 milliseconds for URL: l
14:44:52.574 [ForkJoinPool-1-worker-5] ERROR com.intuit.karate - http request failed: 
org.apache.http.client.ClientProtocolException
14:44:52.574 [ForkJoinPool-1-worker-5] ERROR com.intuit.karate - feature call (loop) failed at index: 34
caller: classpath:InspireTest/ngr/datasetrecords/def/checkxlinkurl.template.feature
arg: {"link":"l"}
checkxlinkurl.template.feature:14 - 
org.apache.http.client.ClientProtocolException
14:44:52.576 [ForkJoinPool-1-worker-5] INFO  com.intuit.karate - [print]
14:44:52.576 [ForkJoinPool-1-worker-5] INFO  com.intuit.karate - [print] testing xlinkurl::
14:44:52.576 [ForkJoinPool-1-worker-5] ERROR com.intuit.karate - http request failed: java.net.URISyntaxException: Expected scheme name at index 0: :
14:44:52.577 [ForkJoinPool-1-worker-5] ERROR com.intuit.karate - feature call (loop) failed at index: 35
caller: classpath:InspireTest/ngr/datasetrecords/def/checkxlinkurl.template.feature
arg: {"link":":"}
checkxlinkurl.template.feature:14 - java.net.URISyntaxException: Expected scheme name at index 0: :
14:44:52.578 [ForkJoinPool-1-worker-5] INFO  com.intuit.karate - [print]
14:44:52.579 [ForkJoinPool-1-worker-5] INFO  com.intuit.karate - [print] testing xlinkurl:4
14:44:52.579 [ForkJoinPool-1-worker-5] ERROR com.intuit.karate - org.apache.http.client.ClientProtocolException, http call failed after 0 milliseconds for URL: 4
14:44:52.579 [ForkJoinPool-1-worker-5] ERROR com.intuit.karate - http request failed: 
org.apache.http.client.ClientProtocolException
14:44:52.580 [ForkJoinPool-1-worker-5] ERROR com.intuit.karate - feature call (loop) failed at index: 36
caller: classpath:InspireTest/ngr/datasetrecords/def/checkxlinkurl.template.feature
arg: {"link":"4"}
checkxlinkurl.template.feature:14 - 
org.apache.http.client.ClientProtocolException
14:44:52.581 [ForkJoinPool-1-worker-5] INFO  com.intuit.karate - [print]
14:44:52.582 [ForkJoinPool-1-worker-5] INFO  com.intuit.karate - [print] testing xlinkurl:4
14:44:52.583 [ForkJoinPool-1-worker-5] ERROR com.intuit.karate - org.apache.http.client.ClientProtocolException, http call failed after 0 milliseconds for URL: 4
14:44:52.583 [ForkJoinPool-1-worker-5] ERROR com.intuit.karate - http request failed: 
org.apache.http.client.ClientProtocolException
14:44:52.584 [ForkJoinPool-1-worker-5] ERROR com.intuit.karate - feature call (loop) failed at index: 37
caller: classpath:InspireTest/ngr/datasetrecords/def/checkxlinkurl.template.feature
arg: {"link":"4"}
checkxlinkurl.template.feature:14 - 
org.apache.http.client.ClientProtocolException
14:44:52.585 [ForkJoinPool-1-worker-5] INFO  com.intuit.karate - [print]
14:44:52.585 [ForkJoinPool-1-worker-5] INFO  com.intuit.karate - [print] testing xlinkurl:3
14:44:52.586 [ForkJoinPool-1-worker-5] ERROR com.intuit.karate - org.apache.http.client.ClientProtocolException, http call failed after 0 milliseconds for URL: 3
14:44:52.586 [ForkJoinPool-1-worker-5] ERROR com.intuit.karate - http request failed: 
org.apache.http.client.ClientProtocolException
14:44:52.586 [ForkJoinPool-1-worker-5] ERROR com.intuit.karate - feature call (loop) failed at index: 38
caller: classpath:InspireTest/ngr/datasetrecords/def/checkxlinkurl.template.feature
arg: {"link":"3"}
checkxlinkurl.template.feature:14 - 
org.apache.http.client.ClientProtocolException
14:44:52.588 [ForkJoinPool-1-worker-5] INFO  com.intuit.karate - [print]
14:44:52.588 [ForkJoinPool-1-worker-5] INFO  com.intuit.karate - [print] testing xlinkurl:/
14:44:52.589 [ForkJoinPool-1-worker-5] ERROR com.intuit.karate - org.apache.http.client.ClientProtocolException, http call failed after 0 milliseconds for URL: /
14:44:52.589 [ForkJoinPool-1-worker-5] ERROR com.intuit.karate - http request failed: 
org.apache.http.client.ClientProtocolException
14:44:52.590 [ForkJoinPool-1-worker-5] ERROR com.intuit.karate - feature call (loop) failed at index: 39
caller: classpath:InspireTest/ngr/datasetrecords/def/checkxlinkurl.template.feature
arg: {"link":"/"}
checkxlinkurl.template.feature:14 - 
org.apache.http.client.ClientProtocolException
14:44:52.591 [ForkJoinPool-1-worker-5] INFO  com.intuit.karate - [print]
14:44:52.592 [ForkJoinPool-1-worker-5] INFO  com.intuit.karate - [print] testing xlinkurl:g
14:44:52.593 [ForkJoinPool-1-worker-5] ERROR com.intuit.karate - org.apache.http.client.ClientProtocolException, http call failed after 0 milliseconds for URL: g
14:44:52.594 [ForkJoinPool-1-worker-5] ERROR com.intuit.karate - http request failed: 
org.apache.http.client.ClientProtocolException
14:44:52.594 [ForkJoinPool-1-worker-5] ERROR com.intuit.karate - feature call (loop) failed at index: 40
caller: classpath:InspireTest/ngr/datasetrecords/def/checkxlinkurl.template.feature
arg: {"link":"g"}
checkxlinkurl.template.feature:14 - 
org.apache.http.client.ClientProtocolException
14:44:52.606 [ForkJoinPool-1-worker-5] INFO  com.intuit.karate - [print]
14:44:52.610 [ForkJoinPool-1-worker-5] INFO  com.intuit.karate - [print] testing xlinkurl:e
14:44:52.611 [ForkJoinPool-1-worker-5] ERROR com.intuit.karate - org.apache.http.client.ClientProtocolException, http call failed after 0 milliseconds for URL: e
14:44:52.611 [ForkJoinPool-1-worker-5] ERROR com.intuit.karate - http request failed: 
org.apache.http.client.ClientProtocolException
14:44:52.612 [ForkJoinPool-1-worker-5] ERROR com.intuit.karate - feature call (loop) failed at index: 41
caller: classpath:InspireTest/ngr/datasetrecords/def/checkxlinkurl.template.feature
arg: {"link":"e"}
checkxlinkurl.template.feature:14 - 
org.apache.http.client.ClientProtocolException
14:44:52.613 [ForkJoinPool-1-worker-5] INFO  com.intuit.karate - [print]
14:44:52.614 [ForkJoinPool-1-worker-5] INFO  com.intuit.karate - [print] testing xlinkurl:o
14:44:52.614 [ForkJoinPool-1-worker-5] ERROR com.intuit.karate - org.apache.http.client.ClientProtocolException, http call failed after 0 milliseconds for URL: o
14:44:52.614 [ForkJoinPool-1-worker-5] ERROR com.intuit.karate - http request failed: 
org.apache.http.client.ClientProtocolException
14:44:52.615 [ForkJoinPool-1-worker-5] ERROR com.intuit.karate - feature call (loop) failed at index: 42
caller: classpath:InspireTest/ngr/datasetrecords/def/checkxlinkurl.template.feature
arg: {"link":"o"}
checkxlinkurl.template.feature:14 - 
org.apache.http.client.ClientProtocolException
14:44:52.621 [ForkJoinPool-1-worker-5] INFO  com.intuit.karate - [print]
14:44:52.621 [ForkJoinPool-1-worker-5] INFO  com.intuit.karate - [print] testing xlinkurl:n
14:44:52.622 [ForkJoinPool-1-worker-5] ERROR com.intuit.karate - org.apache.http.client.ClientProtocolException, http call failed after 0 milliseconds for URL: n
14:44:52.623 [ForkJoinPool-1-worker-5] ERROR com.intuit.karate - http request failed: 
org.apache.http.client.ClientProtocolException
14:44:52.623 [ForkJoinPool-1-worker-5] ERROR com.intuit.karate - feature call (loop) failed at index: 43
caller: classpath:InspireTest/ngr/datasetrecords/def/checkxlinkurl.template.feature
arg: {"link":"n"}
checkxlinkurl.template.feature:14 - 
org.apache.http.client.ClientProtocolException
14:44:52.625 [ForkJoinPool-1-worker-5] INFO  com.intuit.karate - [print]
14:44:52.625 [ForkJoinPool-1-worker-5] INFO  com.intuit.karate - [print] testing xlinkurl:e
14:44:52.626 [ForkJoinPool-1-worker-5] ERROR com.intuit.karate - org.apache.http.client.ClientProtocolException, http call failed after 0 milliseconds for URL: e
14:44:52.626 [ForkJoinPool-1-worker-5] ERROR com.intuit.karate - http request failed: 
org.apache.http.client.ClientProtocolException
14:44:52.627 [ForkJoinPool-1-worker-5] ERROR com.intuit.karate - feature call (loop) failed at index: 44
caller: classpath:InspireTest/ngr/datasetrecords/def/checkxlinkurl.template.feature
arg: {"link":"e"}
checkxlinkurl.template.feature:14 - 
org.apache.http.client.ClientProtocolException
14:44:52.628 [ForkJoinPool-1-worker-5] INFO  com.intuit.karate - [print]
14:44:52.629 [ForkJoinPool-1-worker-5] INFO  com.intuit.karate - [print] testing xlinkurl:t
14:44:52.633 [ForkJoinPool-1-worker-5] ERROR com.intuit.karate - org.apache.http.client.ClientProtocolException, http call failed after 0 milliseconds for URL: t
14:44:52.634 [ForkJoinPool-1-worker-5] ERROR com.intuit.karate - http request failed: 
org.apache.http.client.ClientProtocolException
14:44:52.634 [ForkJoinPool-1-worker-5] ERROR com.intuit.karate - feature call (loop) failed at index: 45
caller: classpath:InspireTest/ngr/datasetrecords/def/checkxlinkurl.template.feature
arg: {"link":"t"}
checkxlinkurl.template.feature:14 - 
org.apache.http.client.ClientProtocolException
14:44:52.635 [ForkJoinPool-1-worker-5] INFO  com.intuit.karate - [print]
14:44:52.635 [ForkJoinPool-1-worker-5] INFO  com.intuit.karate - [print] testing xlinkurl:w
14:44:52.636 [ForkJoinPool-1-worker-5] ERROR com.intuit.karate - org.apache.http.client.ClientProtocolException, http call failed after 0 milliseconds for URL: w
14:44:52.636 [ForkJoinPool-1-worker-5] ERROR com.intuit.karate - http request failed: 
org.apache.http.client.ClientProtocolException
14:44:52.637 [ForkJoinPool-1-worker-5] ERROR com.intuit.karate - feature call (loop) failed at index: 46
caller: classpath:InspireTest/ngr/datasetrecords/def/checkxlinkurl.template.feature
arg: {"link":"w"}
checkxlinkurl.template.feature:14 - 
org.apache.http.client.ClientProtocolException
14:44:52.638 [ForkJoinPool-1-worker-5] INFO  com.intuit.karate - [print]
14:44:52.638 [ForkJoinPool-1-worker-5] INFO  com.intuit.karate - [print] testing xlinkurl:o
14:44:52.639 [ForkJoinPool-1-worker-5] ERROR com.intuit.karate - org.apache.http.client.ClientProtocolException, http call failed after 0 milliseconds for URL: o
14:44:52.640 [ForkJoinPool-1-worker-5] ERROR com.intuit.karate - http request failed: 
org.apache.http.client.ClientProtocolException
14:44:52.641 [ForkJoinPool-1-worker-5] ERROR com.intuit.karate - feature call (loop) failed at index: 47
caller: classpath:InspireTest/ngr/datasetrecords/def/checkxlinkurl.template.feature
arg: {"link":"o"}
checkxlinkurl.template.feature:14 - 
org.apache.http.client.ClientProtocolException
14:44:52.642 [ForkJoinPool-1-worker-5] INFO  com.intuit.karate - [print]
14:44:52.644 [ForkJoinPool-1-worker-5] INFO  com.intuit.karate - [print] testing xlinkurl:r
14:44:52.644 [ForkJoinPool-1-worker-5] ERROR com.intuit.karate - org.apache.http.client.ClientProtocolException, http call failed after 0 milliseconds for URL: r
14:44:52.645 [ForkJoinPool-1-worker-5] ERROR com.intuit.karate - http request failed: 
org.apache.http.client.ClientProtocolException
14:44:52.645 [ForkJoinPool-1-worker-5] ERROR com.intuit.karate - feature call (loop) failed at index: 48
caller: classpath:InspireTest/ngr/datasetrecords/def/checkxlinkurl.template.feature
arg: {"link":"r"}
checkxlinkurl.template.feature:14 - 
org.apache.http.client.ClientProtocolException
14:44:52.646 [ForkJoinPool-1-worker-5] INFO  com.intuit.karate - [print]
14:44:52.646 [ForkJoinPool-1-worker-13] ERROR com.intuit.karate - javax.net.ssl.SSLException: Connection reset, http call failed after 340 milliseconds for URL: https://data.rivm.nl/inspire/id#1de92b14-bc21-4f33-b0de-abd325e61804
14:44:52.646 [ForkJoinPool-1-worker-13] ERROR com.intuit.karate - http request failed: 
javax.net.ssl.SSLException: Connection reset
14:44:52.647 [ForkJoinPool-1-worker-5] INFO  com.intuit.karate - [print] testing xlinkurl:k
14:44:52.647 [ForkJoinPool-1-worker-13] ERROR com.intuit.karate - feature call (loop) failed at index: 0
caller: classpath:InspireTest/ngr/datasetrecords/def/checkxlinkurl.template.feature
arg: {"link":"https://data.rivm.nl/inspire/id#1de92b14-bc21-4f33-b0de-abd325e61804"}
checkxlinkurl.template.feature:14 - 
javax.net.ssl.SSLException: Connection reset
14:44:52.647 [ForkJoinPool-1-worker-5] ERROR com.intuit.karate - org.apache.http.client.ClientProtocolException, http call failed after 0 milliseconds for URL: k
14:44:52.647 [ForkJoinPool-1-worker-5] ERROR com.intuit.karate - http request failed: 
org.apache.http.client.ClientProtocolException
14:44:52.647 [ForkJoinPool-1-worker-5] ERROR com.intuit.karate - feature call (loop) failed at index: 49
caller: classpath:InspireTest/ngr/datasetrecords/def/checkxlinkurl.template.feature
arg: {"link":"k"}
checkxlinkurl.template.feature:14 - 
org.apache.http.client.ClientProtocolException
14:44:52.655 [ForkJoinPool-1-worker-5] INFO  com.intuit.karate - [print]
14:44:52.656 [ForkJoinPool-1-worker-5] INFO  com.intuit.karate - [print] testing xlinkurl:/
14:44:52.656 [ForkJoinPool-1-worker-5] ERROR com.intuit.karate - org.apache.http.client.ClientProtocolException, http call failed after 0 milliseconds for URL: /
14:44:52.656 [ForkJoinPool-1-worker-5] ERROR com.intuit.karate - http request failed: 
org.apache.http.client.ClientProtocolException
14:44:52.657 [ForkJoinPool-1-worker-5] ERROR com.intuit.karate - feature call (loop) failed at index: 50
caller: classpath:InspireTest/ngr/datasetrecords/def/checkxlinkurl.template.feature
arg: {"link":"/"}
checkxlinkurl.template.feature:14 - 
org.apache.http.client.ClientProtocolException
14:44:52.658 [ForkJoinPool-1-worker-5] INFO  com.intuit.karate - [print]
14:44:52.658 [ForkJoinPool-1-worker-5] INFO  com.intuit.karate - [print] testing xlinkurl:s
14:44:52.659 [ForkJoinPool-1-worker-5] ERROR com.intuit.karate - org.apache.http.client.ClientProtocolException, http call failed after 0 milliseconds for URL: s
14:44:52.659 [ForkJoinPool-1-worker-5] ERROR com.intuit.karate - http request failed: 
org.apache.http.client.ClientProtocolException
14:44:52.659 [ForkJoinPool-1-worker-5] ERROR com.intuit.karate - feature call (loop) failed at index: 51
caller: classpath:InspireTest/ngr/datasetrecords/def/checkxlinkurl.template.feature
arg: {"link":"s"}
checkxlinkurl.template.feature:14 - 
org.apache.http.client.ClientProtocolException
14:44:52.661 [ForkJoinPool-1-worker-5] INFO  com.intuit.karate - [print]
14:44:52.664 [ForkJoinPool-1-worker-5] INFO  com.intuit.karate - [print] testing xlinkurl:r
14:44:52.665 [ForkJoinPool-1-worker-5] ERROR com.intuit.karate - org.apache.http.client.ClientProtocolException, http call failed after 0 milliseconds for URL: r
14:44:52.665 [ForkJoinPool-1-worker-5] ERROR com.intuit.karate - http request failed: 
org.apache.http.client.ClientProtocolException
14:44:52.665 [ForkJoinPool-1-worker-5] ERROR com.intuit.karate - feature call (loop) failed at index: 52
caller: classpath:InspireTest/ngr/datasetrecords/def/checkxlinkurl.template.feature
arg: {"link":"r"}
checkxlinkurl.template.feature:14 - 
org.apache.http.client.ClientProtocolException
14:44:52.666 [ForkJoinPool-1-worker-5] INFO  com.intuit.karate - [print]
14:44:52.667 [ForkJoinPool-1-worker-5] INFO  com.intuit.karate - [print] testing xlinkurl:v
14:44:52.667 [ForkJoinPool-1-worker-5] ERROR com.intuit.karate - org.apache.http.client.ClientProtocolException, http call failed after 0 milliseconds for URL: v
14:44:52.668 [ForkJoinPool-1-worker-5] ERROR com.intuit.karate - http request failed: 
org.apache.http.client.ClientProtocolException
14:44:52.668 [ForkJoinPool-1-worker-5] ERROR com.intuit.karate - feature call (loop) failed at index: 53
caller: classpath:InspireTest/ngr/datasetrecords/def/checkxlinkurl.template.feature
arg: {"link":"v"}
checkxlinkurl.template.feature:14 - 
org.apache.http.client.ClientProtocolException
14:44:52.671 [ForkJoinPool-1-worker-5] INFO  com.intuit.karate - [print]
14:44:52.672 [ForkJoinPool-1-worker-5] INFO  com.intuit.karate - [print] testing xlinkurl:/
14:44:52.672 [ForkJoinPool-1-worker-5] ERROR com.intuit.karate - org.apache.http.client.ClientProtocolException, http call failed after 0 milliseconds for URL: /
14:44:52.673 [ForkJoinPool-1-worker-5] ERROR com.intuit.karate - http request failed: 
org.apache.http.client.ClientProtocolException
14:44:52.673 [ForkJoinPool-1-worker-5] ERROR com.intuit.karate - feature call (loop) failed at index: 54
caller: classpath:InspireTest/ngr/datasetrecords/def/checkxlinkurl.template.feature
arg: {"link":"/"}
checkxlinkurl.template.feature:14 - 
org.apache.http.client.ClientProtocolException
14:44:52.674 [ForkJoinPool-1-worker-5] INFO  com.intuit.karate - [print]
14:44:52.676 [ForkJoinPool-1-worker-5] INFO  com.intuit.karate - [print] testing xlinkurl:e
14:44:52.676 [ForkJoinPool-1-worker-5] ERROR com.intuit.karate - org.apache.http.client.ClientProtocolException, http call failed after 0 milliseconds for URL: e
14:44:52.677 [ForkJoinPool-1-worker-5] ERROR com.intuit.karate - http request failed: 
org.apache.http.client.ClientProtocolException
14:44:52.677 [ForkJoinPool-1-worker-5] ERROR com.intuit.karate - feature call (loop) failed at index: 55
caller: classpath:InspireTest/ngr/datasetrecords/def/checkxlinkurl.template.feature
arg: {"link":"e"}
checkxlinkurl.template.feature:14 - 
org.apache.http.client.ClientProtocolException
14:44:52.680 [ForkJoinPool-1-worker-5] INFO  com.intuit.karate - [print]
14:44:52.680 [ForkJoinPool-1-worker-5] INFO  com.intuit.karate - [print] testing xlinkurl:n
14:44:52.681 [ForkJoinPool-1-worker-5] ERROR com.intuit.karate - org.apache.http.client.ClientProtocolException, http call failed after 0 milliseconds for URL: n
14:44:52.682 [ForkJoinPool-1-worker-5] ERROR com.intuit.karate - http request failed: 
org.apache.http.client.ClientProtocolException
14:44:52.683 [ForkJoinPool-1-worker-5] ERROR com.intuit.karate - feature call (loop) failed at index: 56
caller: classpath:InspireTest/ngr/datasetrecords/def/checkxlinkurl.template.feature
arg: {"link":"n"}
checkxlinkurl.template.feature:14 - 
org.apache.http.client.ClientProtocolException
14:44:52.684 [ForkJoinPool-1-worker-5] INFO  com.intuit.karate - [print]
14:44:52.686 [ForkJoinPool-1-worker-5] INFO  com.intuit.karate - [print] testing xlinkurl:g
14:44:52.686 [ForkJoinPool-1-worker-5] ERROR com.intuit.karate - org.apache.http.client.ClientProtocolException, http call failed after 0 milliseconds for URL: g
14:44:52.688 [ForkJoinPool-1-worker-5] ERROR com.intuit.karate - http request failed: 
org.apache.http.client.ClientProtocolException
14:44:52.688 [ForkJoinPool-1-worker-5] ERROR com.intuit.karate - feature call (loop) failed at index: 57
caller: classpath:InspireTest/ngr/datasetrecords/def/checkxlinkurl.template.feature
arg: {"link":"g"}
checkxlinkurl.template.feature:14 - 
org.apache.http.client.ClientProtocolException
14:44:52.689 [ForkJoinPool-1-worker-5] INFO  com.intuit.karate - [print]
14:44:52.690 [ForkJoinPool-1-worker-5] INFO  com.intuit.karate - [print] testing xlinkurl:/
14:44:52.691 [ForkJoinPool-1-worker-5] ERROR com.intuit.karate - org.apache.http.client.ClientProtocolException, http call failed after 0 milliseconds for URL: /
14:44:52.692 [ForkJoinPool-1-worker-5] ERROR com.intuit.karate - http request failed: 
org.apache.http.client.ClientProtocolException
14:44:52.692 [ForkJoinPool-1-worker-5] ERROR com.intuit.karate - feature call (loop) failed at index: 58
caller: classpath:InspireTest/ngr/datasetrecords/def/checkxlinkurl.template.feature
arg: {"link":"/"}
checkxlinkurl.template.feature:14 - 
org.apache.http.client.ClientProtocolException
14:44:52.695 [ForkJoinPool-1-worker-5] INFO  com.intuit.karate - [print]
14:44:52.695 [ForkJoinPool-1-worker-5] INFO  com.intuit.karate - [print] testing xlinkurl:t
14:44:52.697 [ForkJoinPool-1-worker-5] ERROR com.intuit.karate - org.apache.http.client.ClientProtocolException, http call failed after 0 milliseconds for URL: t
14:44:52.698 [ForkJoinPool-1-worker-5] ERROR com.intuit.karate - http request failed: 
org.apache.http.client.ClientProtocolException
14:44:52.698 [ForkJoinPool-1-worker-5] ERROR com.intuit.karate - feature call (loop) failed at index: 59
caller: classpath:InspireTest/ngr/datasetrecords/def/checkxlinkurl.template.feature
arg: {"link":"t"}
checkxlinkurl.template.feature:14 - 
org.apache.http.client.ClientProtocolException
14:44:52.700 [ForkJoinPool-1-worker-5] INFO  com.intuit.karate - [print]
14:44:52.701 [ForkJoinPool-1-worker-5] INFO  com.intuit.karate - [print] testing xlinkurl:h
14:44:52.701 [ForkJoinPool-1-worker-5] ERROR com.intuit.karate - org.apache.http.client.ClientProtocolException, http call failed after 0 milliseconds for URL: h
14:44:52.702 [ForkJoinPool-1-worker-5] ERROR com.intuit.karate - http request failed: 
org.apache.http.client.ClientProtocolException
14:44:52.702 [ForkJoinPool-1-worker-5] ERROR com.intuit.karate - feature call (loop) failed at index: 60
caller: classpath:InspireTest/ngr/datasetrecords/def/checkxlinkurl.template.feature
arg: {"link":"h"}
checkxlinkurl.template.feature:14 - 
org.apache.http.client.ClientProtocolException
14:44:52.704 [ForkJoinPool-1-worker-5] INFO  com.intuit.karate - [print]
14:44:52.704 [ForkJoinPool-1-worker-5] INFO  com.intuit.karate - [print] testing xlinkurl:e
14:44:52.705 [ForkJoinPool-1-worker-5] ERROR com.intuit.karate - org.apache.http.client.ClientProtocolException, http call failed after 0 milliseconds for URL: e
14:44:52.706 [ForkJoinPool-1-worker-5] ERROR com.intuit.karate - http request failed: 
org.apache.http.client.ClientProtocolException
14:44:52.706 [ForkJoinPool-1-worker-5] ERROR com.intuit.karate - feature call (loop) failed at index: 61
caller: classpath:InspireTest/ngr/datasetrecords/def/checkxlinkurl.template.feature
arg: {"link":"e"}
checkxlinkurl.template.feature:14 - 
org.apache.http.client.ClientProtocolException
14:44:52.708 [ForkJoinPool-1-worker-5] INFO  com.intuit.karate - [print]
14:44:52.708 [ForkJoinPool-1-worker-5] INFO  com.intuit.karate - [print] testing xlinkurl:s
14:44:52.709 [ForkJoinPool-1-worker-5] ERROR com.intuit.karate - org.apache.http.client.ClientProtocolException, http call failed after 0 milliseconds for URL: s
14:44:52.709 [ForkJoinPool-1-worker-5] ERROR com.intuit.karate - http request failed: 
org.apache.http.client.ClientProtocolException
14:44:52.710 [ForkJoinPool-1-worker-5] ERROR com.intuit.karate - feature call (loop) failed at index: 62
caller: classpath:InspireTest/ngr/datasetrecords/def/checkxlinkurl.template.feature
arg: {"link":"s"}
checkxlinkurl.template.feature:14 - 
org.apache.http.client.ClientProtocolException
14:44:52.710 [ForkJoinPool-1-worker-5] INFO  com.intuit.karate - [print]
14:44:52.711 [ForkJoinPool-1-worker-5] INFO  com.intuit.karate - [print] testing xlinkurl:a
14:44:52.711 [ForkJoinPool-1-worker-5] ERROR com.intuit.karate - org.apache.http.client.ClientProtocolException, http call failed after 0 milliseconds for URL: a
14:44:52.711 [ForkJoinPool-1-worker-5] ERROR com.intuit.karate - http request failed: 
org.apache.http.client.ClientProtocolException
14:44:52.711 [ForkJoinPool-1-worker-5] ERROR com.intuit.karate - feature call (loop) failed at index: 63
caller: classpath:InspireTest/ngr/datasetrecords/def/checkxlinkurl.template.feature
arg: {"link":"a"}
checkxlinkurl.template.feature:14 - 
org.apache.http.client.ClientProtocolException
14:44:52.713 [ForkJoinPool-1-worker-5] INFO  com.intuit.karate - [print]
14:44:52.713 [ForkJoinPool-1-worker-5] INFO  com.intuit.karate - [print] testing xlinkurl:u
14:44:52.713 [ForkJoinPool-1-worker-5] ERROR com.intuit.karate - org.apache.http.client.ClientProtocolException, http call failed after 0 milliseconds for URL: u
14:44:52.713 [ForkJoinPool-1-worker-5] ERROR com.intuit.karate - http request failed: 
org.apache.http.client.ClientProtocolException
14:44:52.713 [ForkJoinPool-1-worker-5] ERROR com.intuit.karate - feature call (loop) failed at index: 64
caller: classpath:InspireTest/ngr/datasetrecords/def/checkxlinkurl.template.feature
arg: {"link":"u"}
checkxlinkurl.template.feature:14 - 
org.apache.http.client.ClientProtocolException
14:44:52.714 [ForkJoinPool-1-worker-5] INFO  com.intuit.karate - [print]
14:44:52.714 [ForkJoinPool-1-worker-5] INFO  com.intuit.karate - [print] testing xlinkurl:r
14:44:52.715 [ForkJoinPool-1-worker-5] ERROR com.intuit.karate - org.apache.http.client.ClientProtocolException, http call failed after 0 milliseconds for URL: r
14:44:52.715 [ForkJoinPool-1-worker-5] ERROR com.intuit.karate - http request failed: 
org.apache.http.client.ClientProtocolException
14:44:52.715 [ForkJoinPool-1-worker-5] ERROR com.intuit.karate - feature call (loop) failed at index: 65
caller: classpath:InspireTest/ngr/datasetrecords/def/checkxlinkurl.template.feature
arg: {"link":"r"}
checkxlinkurl.template.feature:14 - 
org.apache.http.client.ClientProtocolException
14:44:52.716 [ForkJoinPool-1-worker-5] INFO  com.intuit.karate - [print]
14:44:52.716 [ForkJoinPool-1-worker-5] INFO  com.intuit.karate - [print] testing xlinkurl:u
14:44:52.716 [ForkJoinPool-1-worker-5] ERROR com.intuit.karate - org.apache.http.client.ClientProtocolException, http call failed after 0 milliseconds for URL: u
14:44:52.716 [ForkJoinPool-1-worker-5] ERROR com.intuit.karate - http request failed: 
org.apache.http.client.ClientProtocolException
14:44:52.717 [ForkJoinPool-1-worker-5] ERROR com.intuit.karate - feature call (loop) failed at index: 66
caller: classpath:InspireTest/ngr/datasetrecords/def/checkxlinkurl.template.feature
arg: {"link":"u"}
checkxlinkurl.template.feature:14 - 
org.apache.http.client.ClientProtocolException
14:44:52.717 [ForkJoinPool-1-worker-5] INFO  com.intuit.karate - [print]
14:44:52.718 [ForkJoinPool-1-worker-5] INFO  com.intuit.karate - [print] testing xlinkurl:s
14:44:52.718 [ForkJoinPool-1-worker-5] ERROR com.intuit.karate - org.apache.http.client.ClientProtocolException, http call failed after 0 milliseconds for URL: s
14:44:52.718 [ForkJoinPool-1-worker-5] ERROR com.intuit.karate - http request failed: 
org.apache.http.client.ClientProtocolException
14:44:52.718 [ForkJoinPool-1-worker-5] ERROR com.intuit.karate - feature call (loop) failed at index: 67
caller: classpath:InspireTest/ngr/datasetrecords/def/checkxlinkurl.template.feature
arg: {"link":"s"}
checkxlinkurl.template.feature:14 - 
org.apache.http.client.ClientProtocolException
14:44:52.719 [ForkJoinPool-1-worker-5] INFO  com.intuit.karate - [print]
14:44:52.719 [ForkJoinPool-1-worker-5] INFO  com.intuit.karate - [print] testing xlinkurl:.
14:44:52.720 [ForkJoinPool-1-worker-5] ERROR com.intuit.karate - org.apache.http.client.ClientProtocolException, http call failed after 0 milliseconds for URL: .
14:44:52.720 [ForkJoinPool-1-worker-5] ERROR com.intuit.karate - http request failed: 
org.apache.http.client.ClientProtocolException
14:44:52.720 [ForkJoinPool-1-worker-5] ERROR com.intuit.karate - feature call (loop) failed at index: 68
caller: classpath:InspireTest/ngr/datasetrecords/def/checkxlinkurl.template.feature
arg: {"link":"."}
checkxlinkurl.template.feature:14 - 
org.apache.http.client.ClientProtocolException
14:44:52.721 [ForkJoinPool-1-worker-5] INFO  com.intuit.karate - [print]
14:44:52.721 [ForkJoinPool-1-worker-5] INFO  com.intuit.karate - [print] testing xlinkurl:d
14:44:52.721 [ForkJoinPool-1-worker-5] ERROR com.intuit.karate - org.apache.http.client.ClientProtocolException, http call failed after 0 milliseconds for URL: d
14:44:52.721 [ForkJoinPool-1-worker-5] ERROR com.intuit.karate - http request failed: 
org.apache.http.client.ClientProtocolException
14:44:52.721 [ForkJoinPool-1-worker-5] ERROR com.intuit.karate - feature call (loop) failed at index: 69
caller: classpath:InspireTest/ngr/datasetrecords/def/checkxlinkurl.template.feature
arg: {"link":"d"}
checkxlinkurl.template.feature:14 - 
org.apache.http.client.ClientProtocolException
14:44:52.722 [ForkJoinPool-1-worker-5] INFO  com.intuit.karate - [print]
14:44:52.722 [ForkJoinPool-1-worker-5] INFO  com.intuit.karate - [print] testing xlinkurl:o
14:44:52.723 [ForkJoinPool-1-worker-5] ERROR com.intuit.karate - org.apache.http.client.ClientProtocolException, http call failed after 0 milliseconds for URL: o
14:44:52.724 [ForkJoinPool-1-worker-5] ERROR com.intuit.karate - http request failed: 
org.apache.http.client.ClientProtocolException
14:44:52.724 [ForkJoinPool-1-worker-5] ERROR com.intuit.karate - feature call (loop) failed at index: 70
caller: classpath:InspireTest/ngr/datasetrecords/def/checkxlinkurl.template.feature
arg: {"link":"o"}
checkxlinkurl.template.feature:14 - 
org.apache.http.client.ClientProtocolException
14:44:52.725 [ForkJoinPool-1-worker-5] INFO  com.intuit.karate - [print]
14:44:52.725 [ForkJoinPool-1-worker-5] INFO  com.intuit.karate - [print] testing xlinkurl:w
14:44:52.725 [ForkJoinPool-1-worker-5] ERROR com.intuit.karate - org.apache.http.client.ClientProtocolException, http call failed after 0 milliseconds for URL: w
14:44:52.725 [ForkJoinPool-1-worker-5] ERROR com.intuit.karate - http request failed: 
org.apache.http.client.ClientProtocolException
14:44:52.726 [ForkJoinPool-1-worker-5] ERROR com.intuit.karate - feature call (loop) failed at index: 71
caller: classpath:InspireTest/ngr/datasetrecords/def/checkxlinkurl.template.feature
arg: {"link":"w"}
checkxlinkurl.template.feature:14 - 
org.apache.http.client.ClientProtocolException
14:44:52.726 [ForkJoinPool-1-worker-5] INFO  com.intuit.karate - [print]
14:44:52.726 [ForkJoinPool-1-worker-5] INFO  com.intuit.karate - [print] testing xlinkurl:n
14:44:52.735 [ForkJoinPool-1-worker-5] ERROR com.intuit.karate - org.apache.http.client.ClientProtocolException, http call failed after 0 milliseconds for URL: n
14:44:52.736 [ForkJoinPool-1-worker-5] ERROR com.intuit.karate - http request failed: 
org.apache.http.client.ClientProtocolException
14:44:52.736 [ForkJoinPool-1-worker-5] ERROR com.intuit.karate - feature call (loop) failed at index: 72
caller: classpath:InspireTest/ngr/datasetrecords/def/checkxlinkurl.template.feature
arg: {"link":"n"}
checkxlinkurl.template.feature:14 - 
org.apache.http.client.ClientProtocolException
14:44:52.737 [ForkJoinPool-1-worker-5] INFO  com.intuit.karate - [print]
14:44:52.740 [ForkJoinPool-1-worker-5] INFO  com.intuit.karate - [print] testing xlinkurl:l
14:44:52.740 [ForkJoinPool-1-worker-5] ERROR com.intuit.karate - org.apache.http.client.ClientProtocolException, http call failed after 0 milliseconds for URL: l
14:44:52.740 [ForkJoinPool-1-worker-5] ERROR com.intuit.karate - http request failed: 
org.apache.http.client.ClientProtocolException
14:44:52.741 [ForkJoinPool-1-worker-5] ERROR com.intuit.karate - feature call (loop) failed at index: 73
caller: classpath:InspireTest/ngr/datasetrecords/def/checkxlinkurl.template.feature
arg: {"link":"l"}
checkxlinkurl.template.feature:14 - 
org.apache.http.client.ClientProtocolException
14:44:52.741 [ForkJoinPool-1-worker-5] INFO  com.intuit.karate - [print]
14:44:52.742 [ForkJoinPool-1-worker-5] INFO  com.intuit.karate - [print] testing xlinkurl:o
14:44:52.744 [ForkJoinPool-1-worker-5] ERROR com.intuit.karate - org.apache.http.client.ClientProtocolException, http call failed after 0 milliseconds for URL: o
14:44:52.744 [ForkJoinPool-1-worker-5] ERROR com.intuit.karate - http request failed: 
org.apache.http.client.ClientProtocolException
14:44:52.744 [ForkJoinPool-1-worker-5] ERROR com.intuit.karate - feature call (loop) failed at index: 74
caller: classpath:InspireTest/ngr/datasetrecords/def/checkxlinkurl.template.feature
arg: {"link":"o"}
checkxlinkurl.template.feature:14 - 
org.apache.http.client.ClientProtocolException
14:44:52.745 [ForkJoinPool-1-worker-5] INFO  com.intuit.karate - [print]
14:44:52.745 [ForkJoinPool-1-worker-5] INFO  com.intuit.karate - [print] testing xlinkurl:a
14:44:52.747 [ForkJoinPool-1-worker-3] ERROR com.intuit.karate - status code was: 500, expected: 200, response time: 317, url: https://www.nationaalgeoregister.nl/geonetwork/srv/eng/thesaurus.download?ref=external.theme.inspire-theme, response: 
14:44:52.747 [ForkJoinPool-1-worker-3] ERROR com.intuit.karate - feature call (loop) failed at index: 1
caller: classpath:InspireTest/ngr/datasetrecords/def/checkxlinkurl.template.feature
arg: {"link":"https://www.nationaalgeoregister.nl/geonetwork/srv/eng/thesaurus.download?ref=external.theme.inspire-theme"}
checkxlinkurl.template.feature:15 - status code was: 500, expected: 200, response time: 317, url: https://www.nationaalgeoregister.nl/geonetwork/srv/eng/thesaurus.download?ref=external.theme.inspire-theme, response: 
14:44:52.747 [ForkJoinPool-1-worker-5] ERROR com.intuit.karate - org.apache.http.client.ClientProtocolException, http call failed after 0 milliseconds for URL: a
14:44:52.747 [ForkJoinPool-1-worker-5] ERROR com.intuit.karate - http request failed: 
org.apache.http.client.ClientProtocolException
14:44:52.748 [ForkJoinPool-1-worker-5] ERROR com.intuit.karate - feature call (loop) failed at index: 75
caller: classpath:InspireTest/ngr/datasetrecords/def/checkxlinkurl.template.feature
arg: {"link":"a"}
checkxlinkurl.template.feature:14 - 
org.apache.http.client.ClientProtocolException
14:44:52.754 [ForkJoinPool-1-worker-5] INFO  com.intuit.karate - [print]
14:44:52.754 [ForkJoinPool-1-worker-5] INFO  com.intuit.karate - [print] testing xlinkurl:d
14:44:52.755 [ForkJoinPool-1-worker-5] ERROR com.intuit.karate - org.apache.http.client.ClientProtocolException, http call failed after 0 milliseconds for URL: d
14:44:52.755 [ForkJoinPool-1-worker-5] ERROR com.intuit.karate - http request failed: 
org.apache.http.client.ClientProtocolException
14:44:52.755 [ForkJoinPool-1-worker-5] ERROR com.intuit.karate - feature call (loop) failed at index: 76
caller: classpath:InspireTest/ngr/datasetrecords/def/checkxlinkurl.template.feature
arg: {"link":"d"}
checkxlinkurl.template.feature:14 - 
org.apache.http.client.ClientProtocolException
14:44:52.756 [ForkJoinPool-1-worker-5] INFO  com.intuit.karate - [print]
14:44:52.757 [ForkJoinPool-1-worker-5] INFO  com.intuit.karate - [print] testing xlinkurl:?
14:44:52.758 [ForkJoinPool-1-worker-5] ERROR com.intuit.karate - org.apache.http.client.ClientProtocolException, http call failed after 0 milliseconds for URL: ?
14:44:52.758 [ForkJoinPool-1-worker-5] ERROR com.intuit.karate - http request failed: 
org.apache.http.client.ClientProtocolException
14:44:52.758 [ForkJoinPool-1-worker-5] ERROR com.intuit.karate - feature call (loop) failed at index: 77
caller: classpath:InspireTest/ngr/datasetrecords/def/checkxlinkurl.template.feature
arg: {"link":"?"}
checkxlinkurl.template.feature:14 - 
org.apache.http.client.ClientProtocolException
14:44:52.759 [ForkJoinPool-1-worker-5] INFO  com.intuit.karate - [print]
14:44:52.760 [ForkJoinPool-1-worker-5] INFO  com.intuit.karate - [print] testing xlinkurl:r
14:44:52.765 [ForkJoinPool-1-worker-5] ERROR com.intuit.karate - org.apache.http.client.ClientProtocolException, http call failed after 0 milliseconds for URL: r
14:44:52.765 [ForkJoinPool-1-worker-5] ERROR com.intuit.karate - http request failed: 
org.apache.http.client.ClientProtocolException
14:44:52.765 [ForkJoinPool-1-worker-5] ERROR com.intuit.karate - feature call (loop) failed at index: 78
caller: classpath:InspireTest/ngr/datasetrecords/def/checkxlinkurl.template.feature
arg: {"link":"r"}
checkxlinkurl.template.feature:14 - 
org.apache.http.client.ClientProtocolException
14:44:52.766 [ForkJoinPool-1-worker-5] INFO  com.intuit.karate - [print]
14:44:52.767 [ForkJoinPool-1-worker-5] INFO  com.intuit.karate - [print] testing xlinkurl:e
14:44:52.767 [ForkJoinPool-1-worker-5] ERROR com.intuit.karate - org.apache.http.client.ClientProtocolException, http call failed after 0 milliseconds for URL: e
14:44:52.767 [ForkJoinPool-1-worker-5] ERROR com.intuit.karate - http request failed: 
org.apache.http.client.ClientProtocolException
14:44:52.767 [ForkJoinPool-1-worker-5] ERROR com.intuit.karate - feature call (loop) failed at index: 79
caller: classpath:InspireTest/ngr/datasetrecords/def/checkxlinkurl.template.feature
arg: {"link":"e"}
checkxlinkurl.template.feature:14 - 
org.apache.http.client.ClientProtocolException
14:44:52.768 [ForkJoinPool-1-worker-5] INFO  com.intuit.karate - [print]
14:44:52.768 [ForkJoinPool-1-worker-5] INFO  com.intuit.karate - [print] testing xlinkurl:f
14:44:52.769 [ForkJoinPool-1-worker-5] ERROR com.intuit.karate - org.apache.http.client.ClientProtocolException, http call failed after 0 milliseconds for URL: f
14:44:52.769 [ForkJoinPool-1-worker-5] ERROR com.intuit.karate - http request failed: 
org.apache.http.client.ClientProtocolException
14:44:52.770 [ForkJoinPool-1-worker-5] ERROR com.intuit.karate - feature call (loop) failed at index: 80
caller: classpath:InspireTest/ngr/datasetrecords/def/checkxlinkurl.template.feature
arg: {"link":"f"}
checkxlinkurl.template.feature:14 - 
org.apache.http.client.ClientProtocolException
14:44:52.770 [ForkJoinPool-1-worker-5] INFO  com.intuit.karate - [print]
14:44:52.771 [ForkJoinPool-1-worker-5] INFO  com.intuit.karate - [print] testing xlinkurl:=
14:44:52.771 [ForkJoinPool-1-worker-5] ERROR com.intuit.karate - org.apache.http.client.ClientProtocolException, http call failed after 0 milliseconds for URL: =
14:44:52.772 [ForkJoinPool-1-worker-5] ERROR com.intuit.karate - http request failed: 
org.apache.http.client.ClientProtocolException
14:44:52.772 [ForkJoinPool-1-worker-5] ERROR com.intuit.karate - feature call (loop) failed at index: 81
caller: classpath:InspireTest/ngr/datasetrecords/def/checkxlinkurl.template.feature
arg: {"link":"="}
checkxlinkurl.template.feature:14 - 
org.apache.http.client.ClientProtocolException
14:44:52.773 [ForkJoinPool-1-worker-5] INFO  com.intuit.karate - [print]
14:44:52.775 [ForkJoinPool-1-worker-5] INFO  com.intuit.karate - [print] testing xlinkurl:e
14:44:52.775 [ForkJoinPool-1-worker-5] ERROR com.intuit.karate - org.apache.http.client.ClientProtocolException, http call failed after 0 milliseconds for URL: e
14:44:52.775 [ForkJoinPool-1-worker-5] ERROR com.intuit.karate - http request failed: 
org.apache.http.client.ClientProtocolException
14:44:52.775 [ForkJoinPool-1-worker-5] ERROR com.intuit.karate - feature call (loop) failed at index: 82
caller: classpath:InspireTest/ngr/datasetrecords/def/checkxlinkurl.template.feature
arg: {"link":"e"}
checkxlinkurl.template.feature:14 - 
org.apache.http.client.ClientProtocolException
14:44:52.778 [ForkJoinPool-1-worker-5] INFO  com.intuit.karate - [print]
14:44:52.778 [ForkJoinPool-1-worker-5] INFO  com.intuit.karate - [print] testing xlinkurl:x
14:44:52.778 [ForkJoinPool-1-worker-5] ERROR com.intuit.karate - org.apache.http.client.ClientProtocolException, http call failed after 0 milliseconds for URL: x
14:44:52.778 [ForkJoinPool-1-worker-5] ERROR com.intuit.karate - http request failed: 
org.apache.http.client.ClientProtocolException
14:44:52.779 [ForkJoinPool-1-worker-5] ERROR com.intuit.karate - feature call (loop) failed at index: 83
caller: classpath:InspireTest/ngr/datasetrecords/def/checkxlinkurl.template.feature
arg: {"link":"x"}
checkxlinkurl.template.feature:14 - 
org.apache.http.client.ClientProtocolException
14:44:52.779 [ForkJoinPool-1-worker-5] INFO  com.intuit.karate - [print]
14:44:52.779 [ForkJoinPool-1-worker-5] INFO  com.intuit.karate - [print] testing xlinkurl:t
14:44:52.780 [ForkJoinPool-1-worker-5] ERROR com.intuit.karate - org.apache.http.client.ClientProtocolException, http call failed after 0 milliseconds for URL: t
14:44:52.780 [ForkJoinPool-1-worker-5] ERROR com.intuit.karate - http request failed: 
org.apache.http.client.ClientProtocolException
14:44:52.780 [ForkJoinPool-1-worker-5] ERROR com.intuit.karate - feature call (loop) failed at index: 84
caller: classpath:InspireTest/ngr/datasetrecords/def/checkxlinkurl.template.feature
arg: {"link":"t"}
checkxlinkurl.template.feature:14 - 
org.apache.http.client.ClientProtocolException
14:44:52.781 [ForkJoinPool-1-worker-5] INFO  com.intuit.karate - [print]
14:44:52.781 [ForkJoinPool-1-worker-5] INFO  com.intuit.karate - [print] testing xlinkurl:e
14:44:52.782 [ForkJoinPool-1-worker-5] ERROR com.intuit.karate - org.apache.http.client.ClientProtocolException, http call failed after 0 milliseconds for URL: e
14:44:52.782 [ForkJoinPool-1-worker-5] ERROR com.intuit.karate - http request failed: 
org.apache.http.client.ClientProtocolException
14:44:52.782 [ForkJoinPool-1-worker-5] ERROR com.intuit.karate - feature call (loop) failed at index: 85
caller: classpath:InspireTest/ngr/datasetrecords/def/checkxlinkurl.template.feature
arg: {"link":"e"}
checkxlinkurl.template.feature:14 - 
org.apache.http.client.ClientProtocolException
14:44:52.783 [ForkJoinPool-1-worker-5] INFO  com.intuit.karate - [print]
14:44:52.783 [ForkJoinPool-1-worker-5] INFO  com.intuit.karate - [print] testing xlinkurl:r
14:44:52.783 [ForkJoinPool-1-worker-5] ERROR com.intuit.karate - org.apache.http.client.ClientProtocolException, http call failed after 0 milliseconds for URL: r
14:44:52.783 [ForkJoinPool-1-worker-5] ERROR com.intuit.karate - http request failed: 
org.apache.http.client.ClientProtocolException
14:44:52.783 [ForkJoinPool-1-worker-5] ERROR com.intuit.karate - feature call (loop) failed at index: 86
caller: classpath:InspireTest/ngr/datasetrecords/def/checkxlinkurl.template.feature
arg: {"link":"r"}
checkxlinkurl.template.feature:14 - 
org.apache.http.client.ClientProtocolException
14:44:52.784 [ForkJoinPool-1-worker-5] INFO  com.intuit.karate - [print]
14:44:52.784 [ForkJoinPool-1-worker-5] INFO  com.intuit.karate - [print] testing xlinkurl:n
14:44:52.786 [ForkJoinPool-1-worker-5] ERROR com.intuit.karate - org.apache.http.client.ClientProtocolException, http call failed after 0 milliseconds for URL: n
14:44:52.786 [ForkJoinPool-1-worker-5] ERROR com.intuit.karate - http request failed: 
org.apache.http.client.ClientProtocolException
14:44:52.786 [ForkJoinPool-1-worker-5] ERROR com.intuit.karate - feature call (loop) failed at index: 87
caller: classpath:InspireTest/ngr/datasetrecords/def/checkxlinkurl.template.feature
arg: {"link":"n"}
checkxlinkurl.template.feature:14 - 
org.apache.http.client.ClientProtocolException
14:44:52.787 [ForkJoinPool-1-worker-5] INFO  com.intuit.karate - [print]
14:44:52.787 [ForkJoinPool-1-worker-5] INFO  com.intuit.karate - [print] testing xlinkurl:a
14:44:52.788 [ForkJoinPool-1-worker-5] ERROR com.intuit.karate - org.apache.http.client.ClientProtocolException, http call failed after 0 milliseconds for URL: a
14:44:52.788 [ForkJoinPool-1-worker-5] ERROR com.intuit.karate - http request failed: 
org.apache.http.client.ClientProtocolException
14:44:52.788 [ForkJoinPool-1-worker-5] ERROR com.intuit.karate - feature call (loop) failed at index: 88
caller: classpath:InspireTest/ngr/datasetrecords/def/checkxlinkurl.template.feature
arg: {"link":"a"}
checkxlinkurl.template.feature:14 - 
org.apache.http.client.ClientProtocolException
14:44:52.789 [ForkJoinPool-1-worker-5] INFO  com.intuit.karate - [print]
14:44:52.789 [ForkJoinPool-1-worker-5] INFO  com.intuit.karate - [print] testing xlinkurl:l
14:44:52.789 [ForkJoinPool-1-worker-5] ERROR com.intuit.karate - org.apache.http.client.ClientProtocolException, http call failed after 0 milliseconds for URL: l
14:44:52.789 [ForkJoinPool-1-worker-5] ERROR com.intuit.karate - http request failed: 
org.apache.http.client.ClientProtocolException
14:44:52.789 [ForkJoinPool-1-worker-5] ERROR com.intuit.karate - feature call (loop) failed at index: 89
caller: classpath:InspireTest/ngr/datasetrecords/def/checkxlinkurl.template.feature
arg: {"link":"l"}
checkxlinkurl.template.feature:14 - 
org.apache.http.client.ClientProtocolException
14:44:52.790 [ForkJoinPool-1-worker-5] INFO  com.intuit.karate - [print]
14:44:52.791 [ForkJoinPool-1-worker-5] INFO  com.intuit.karate - [print] testing xlinkurl:.
14:44:52.791 [ForkJoinPool-1-worker-5] ERROR com.intuit.karate - org.apache.http.client.ClientProtocolException, http call failed after 0 milliseconds for URL: .
14:44:52.791 [ForkJoinPool-1-worker-5] ERROR com.intuit.karate - http request failed: 
org.apache.http.client.ClientProtocolException
14:44:52.791 [ForkJoinPool-1-worker-5] ERROR com.intuit.karate - feature call (loop) failed at index: 90
caller: classpath:InspireTest/ngr/datasetrecords/def/checkxlinkurl.template.feature
arg: {"link":"."}
checkxlinkurl.template.feature:14 - 
org.apache.http.client.ClientProtocolException
14:44:52.792 [ForkJoinPool-1-worker-5] INFO  com.intuit.karate - [print]
14:44:52.804 [ForkJoinPool-1-worker-5] INFO  com.intuit.karate - [print] testing xlinkurl:t
14:44:52.805 [ForkJoinPool-1-worker-5] ERROR com.intuit.karate - org.apache.http.client.ClientProtocolException, http call failed after 0 milliseconds for URL: t
14:44:52.805 [ForkJoinPool-1-worker-5] ERROR com.intuit.karate - http request failed: 
org.apache.http.client.ClientProtocolException
14:44:52.805 [ForkJoinPool-1-worker-5] ERROR com.intuit.karate - feature call (loop) failed at index: 91
caller: classpath:InspireTest/ngr/datasetrecords/def/checkxlinkurl.template.feature
arg: {"link":"t"}
checkxlinkurl.template.feature:14 - 
org.apache.http.client.ClientProtocolException
14:44:52.807 [ForkJoinPool-1-worker-5] INFO  com.intuit.karate - [print]
14:44:52.808 [ForkJoinPool-1-worker-5] INFO  com.intuit.karate - [print] testing xlinkurl:h
14:44:52.809 [ForkJoinPool-1-worker-5] ERROR com.intuit.karate - org.apache.http.client.ClientProtocolException, http call failed after 0 milliseconds for URL: h
14:44:52.809 [ForkJoinPool-1-worker-5] ERROR com.intuit.karate - http request failed: 
org.apache.http.client.ClientProtocolException
14:44:52.810 [ForkJoinPool-1-worker-5] ERROR com.intuit.karate - feature call (loop) failed at index: 92
caller: classpath:InspireTest/ngr/datasetrecords/def/checkxlinkurl.template.feature
arg: {"link":"h"}
checkxlinkurl.template.feature:14 - 
org.apache.http.client.ClientProtocolException
14:44:52.811 [ForkJoinPool-1-worker-5] INFO  com.intuit.karate - [print]
14:44:52.812 [ForkJoinPool-1-worker-5] INFO  com.intuit.karate - [print] testing xlinkurl:e
14:44:52.812 [ForkJoinPool-1-worker-5] ERROR com.intuit.karate - org.apache.http.client.ClientProtocolException, http call failed after 0 milliseconds for URL: e
14:44:52.813 [ForkJoinPool-1-worker-5] ERROR com.intuit.karate - http request failed: 
org.apache.http.client.ClientProtocolException
14:44:52.813 [ForkJoinPool-1-worker-5] ERROR com.intuit.karate - feature call (loop) failed at index: 93
caller: classpath:InspireTest/ngr/datasetrecords/def/checkxlinkurl.template.feature
arg: {"link":"e"}
checkxlinkurl.template.feature:14 - 
org.apache.http.client.ClientProtocolException
14:44:52.815 [ForkJoinPool-1-worker-5] INFO  com.intuit.karate - [print]
14:44:52.816 [ForkJoinPool-1-worker-5] INFO  com.intuit.karate - [print] testing xlinkurl:m
14:44:52.820 [ForkJoinPool-1-worker-5] ERROR com.intuit.karate - org.apache.http.client.ClientProtocolException, http call failed after 0 milliseconds for URL: m
14:44:52.821 [ForkJoinPool-1-worker-5] ERROR com.intuit.karate - http request failed: 
org.apache.http.client.ClientProtocolException
14:44:52.821 [ForkJoinPool-1-worker-5] ERROR com.intuit.karate - feature call (loop) failed at index: 94
caller: classpath:InspireTest/ngr/datasetrecords/def/checkxlinkurl.template.feature
arg: {"link":"m"}
checkxlinkurl.template.feature:14 - 
org.apache.http.client.ClientProtocolException
14:44:52.821 [ForkJoinPool-1-worker-5] INFO  com.intuit.karate - [print]
14:44:52.822 [ForkJoinPool-1-worker-5] INFO  com.intuit.karate - [print] testing xlinkurl:e
14:44:52.822 [ForkJoinPool-1-worker-5] ERROR com.intuit.karate - org.apache.http.client.ClientProtocolException, http call failed after 0 milliseconds for URL: e
14:44:52.822 [ForkJoinPool-1-worker-5] ERROR com.intuit.karate - http request failed: 
org.apache.http.client.ClientProtocolException
14:44:52.822 [ForkJoinPool-1-worker-5] ERROR com.intuit.karate - feature call (loop) failed at index: 95
caller: classpath:InspireTest/ngr/datasetrecords/def/checkxlinkurl.template.feature
arg: {"link":"e"}
checkxlinkurl.template.feature:14 - 
org.apache.http.client.ClientProtocolException
14:44:52.823 [ForkJoinPool-1-worker-5] INFO  com.intuit.karate - [print]
14:44:52.824 [ForkJoinPool-1-worker-5] INFO  com.intuit.karate - [print] testing xlinkurl:.
14:44:52.824 [ForkJoinPool-1-worker-5] ERROR com.intuit.karate - org.apache.http.client.ClientProtocolException, http call failed after 0 milliseconds for URL: .
14:44:52.824 [ForkJoinPool-1-worker-5] ERROR com.intuit.karate - http request failed: 
org.apache.http.client.ClientProtocolException
14:44:52.824 [ForkJoinPool-1-worker-5] ERROR com.intuit.karate - feature call (loop) failed at index: 96
caller: classpath:InspireTest/ngr/datasetrecords/def/checkxlinkurl.template.feature
arg: {"link":"."}
checkxlinkurl.template.feature:14 - 
org.apache.http.client.ClientProtocolException
14:44:52.825 [ForkJoinPool-1-worker-5] INFO  com.intuit.karate - [print]
14:44:52.825 [ForkJoinPool-1-worker-5] INFO  com.intuit.karate - [print] testing xlinkurl:h
14:44:52.829 [ForkJoinPool-1-worker-5] ERROR com.intuit.karate - org.apache.http.client.ClientProtocolException, http call failed after 0 milliseconds for URL: h
14:44:52.830 [ForkJoinPool-1-worker-5] ERROR com.intuit.karate - http request failed: 
org.apache.http.client.ClientProtocolException
14:44:52.830 [ForkJoinPool-1-worker-5] ERROR com.intuit.karate - feature call (loop) failed at index: 97
caller: classpath:InspireTest/ngr/datasetrecords/def/checkxlinkurl.template.feature
arg: {"link":"h"}
checkxlinkurl.template.feature:14 - 
org.apache.http.client.ClientProtocolException
14:44:52.832 [ForkJoinPool-1-worker-5] INFO  com.intuit.karate - [print]
14:44:52.834 [ForkJoinPool-1-worker-5] INFO  com.intuit.karate - [print] testing xlinkurl:t
14:44:52.835 [ForkJoinPool-1-worker-5] ERROR com.intuit.karate - org.apache.http.client.ClientProtocolException, http call failed after 0 milliseconds for URL: t
14:44:52.835 [ForkJoinPool-1-worker-5] ERROR com.intuit.karate - http request failed: 
org.apache.http.client.ClientProtocolException
14:44:52.836 [ForkJoinPool-1-worker-5] ERROR com.intuit.karate - feature call (loop) failed at index: 98
caller: classpath:InspireTest/ngr/datasetrecords/def/checkxlinkurl.template.feature
arg: {"link":"t"}
checkxlinkurl.template.feature:14 - 
org.apache.http.client.ClientProtocolException
14:44:52.837 [ForkJoinPool-1-worker-5] INFO  com.intuit.karate - [print]
14:44:52.837 [ForkJoinPool-1-worker-5] INFO  com.intuit.karate - [print] testing xlinkurl:t
14:44:52.840 [ForkJoinPool-1-worker-5] ERROR com.intuit.karate - org.apache.http.client.ClientProtocolException, http call failed after 0 milliseconds for URL: t
14:44:52.840 [ForkJoinPool-1-worker-5] ERROR com.intuit.karate - http request failed: 
org.apache.http.client.ClientProtocolException
14:44:52.840 [ForkJoinPool-1-worker-5] ERROR com.intuit.karate - feature call (loop) failed at index: 99
caller: classpath:InspireTest/ngr/datasetrecords/def/checkxlinkurl.template.feature
arg: {"link":"t"}
checkxlinkurl.template.feature:14 - 
org.apache.http.client.ClientProtocolException
14:44:52.841 [ForkJoinPool-1-worker-5] INFO  com.intuit.karate - [print]
14:44:52.841 [ForkJoinPool-1-worker-5] INFO  com.intuit.karate - [print] testing xlinkurl:p
14:44:52.842 [ForkJoinPool-1-worker-5] ERROR com.intuit.karate - org.apache.http.client.ClientProtocolException, http call failed after 0 milliseconds for URL: p
14:44:52.843 [ForkJoinPool-1-worker-5] ERROR com.intuit.karate - http request failed: 
org.apache.http.client.ClientProtocolException
14:44:52.843 [ForkJoinPool-1-worker-5] ERROR com.intuit.karate - feature call (loop) failed at index: 100
caller: classpath:InspireTest/ngr/datasetrecords/def/checkxlinkurl.template.feature
arg: {"link":"p"}
checkxlinkurl.template.feature:14 - 
org.apache.http.client.ClientProtocolException
14:44:52.845 [ForkJoinPool-1-worker-5] INFO  com.intuit.karate - [print]
14:44:52.847 [ForkJoinPool-1-worker-5] INFO  com.intuit.karate - [print] testing xlinkurl:i
14:44:52.847 [ForkJoinPool-1-worker-5] ERROR com.intuit.karate - org.apache.http.client.ClientProtocolException, http call failed after 0 milliseconds for URL: i
14:44:52.847 [ForkJoinPool-1-worker-5] ERROR com.intuit.karate - http request failed: 
org.apache.http.client.ClientProtocolException
14:44:52.847 [ForkJoinPool-1-worker-5] ERROR com.intuit.karate - feature call (loop) failed at index: 101
caller: classpath:InspireTest/ngr/datasetrecords/def/checkxlinkurl.template.feature
arg: {"link":"i"}
checkxlinkurl.template.feature:14 - 
org.apache.http.client.ClientProtocolException
14:44:52.848 [ForkJoinPool-1-worker-5] INFO  com.intuit.karate - [print]
14:44:52.850 [ForkJoinPool-1-worker-5] INFO  com.intuit.karate - [print] testing xlinkurl:n
14:44:52.851 [ForkJoinPool-1-worker-5] ERROR com.intuit.karate - org.apache.http.client.ClientProtocolException, http call failed after 0 milliseconds for URL: n
14:44:52.852 [ForkJoinPool-1-worker-5] ERROR com.intuit.karate - http request failed: 
org.apache.http.client.ClientProtocolException
14:44:52.852 [ForkJoinPool-1-worker-5] ERROR com.intuit.karate - feature call (loop) failed at index: 102
caller: classpath:InspireTest/ngr/datasetrecords/def/checkxlinkurl.template.feature
arg: {"link":"n"}
checkxlinkurl.template.feature:14 - 
org.apache.http.client.ClientProtocolException
14:44:52.853 [ForkJoinPool-1-worker-5] INFO  com.intuit.karate - [print]
14:44:52.854 [ForkJoinPool-1-worker-5] INFO  com.intuit.karate - [print] testing xlinkurl:s
14:44:52.855 [ForkJoinPool-1-worker-5] ERROR com.intuit.karate - org.apache.http.client.ClientProtocolException, http call failed after 0 milliseconds for URL: s
14:44:52.855 [ForkJoinPool-1-worker-5] ERROR com.intuit.karate - http request failed: 
org.apache.http.client.ClientProtocolException
14:44:52.855 [ForkJoinPool-1-worker-5] ERROR com.intuit.karate - feature call (loop) failed at index: 103
caller: classpath:InspireTest/ngr/datasetrecords/def/checkxlinkurl.template.feature
arg: {"link":"s"}
checkxlinkurl.template.feature:14 - 
org.apache.http.client.ClientProtocolException
14:44:52.858 [ForkJoinPool-1-worker-5] INFO  com.intuit.karate - [print]
14:44:52.859 [ForkJoinPool-1-worker-5] INFO  com.intuit.karate - [print] testing xlinkurl:p
14:44:52.861 [ForkJoinPool-1-worker-5] ERROR com.intuit.karate - org.apache.http.client.ClientProtocolException, http call failed after 0 milliseconds for URL: p
14:44:52.861 [ForkJoinPool-1-worker-5] ERROR com.intuit.karate - http request failed: 
org.apache.http.client.ClientProtocolException
14:44:52.862 [ForkJoinPool-1-worker-5] ERROR com.intuit.karate - feature call (loop) failed at index: 104
caller: classpath:InspireTest/ngr/datasetrecords/def/checkxlinkurl.template.feature
arg: {"link":"p"}
checkxlinkurl.template.feature:14 - 
org.apache.http.client.ClientProtocolException
14:44:52.863 [ForkJoinPool-1-worker-5] INFO  com.intuit.karate - [print]
14:44:52.865 [ForkJoinPool-1-worker-5] INFO  com.intuit.karate - [print] testing xlinkurl:i
14:44:52.865 [ForkJoinPool-1-worker-5] ERROR com.intuit.karate - org.apache.http.client.ClientProtocolException, http call failed after 0 milliseconds for URL: i
14:44:52.866 [ForkJoinPool-1-worker-5] ERROR com.intuit.karate - http request failed: 
org.apache.http.client.ClientProtocolException
14:44:52.867 [ForkJoinPool-1-worker-5] ERROR com.intuit.karate - feature call (loop) failed at index: 105
caller: classpath:InspireTest/ngr/datasetrecords/def/checkxlinkurl.template.feature
arg: {"link":"i"}
checkxlinkurl.template.feature:14 - 
org.apache.http.client.ClientProtocolException
14:44:52.867 [ForkJoinPool-1-worker-5] INFO  com.intuit.karate - [print]
14:44:52.869 [ForkJoinPool-1-worker-5] INFO  com.intuit.karate - [print] testing xlinkurl:r
14:44:52.870 [ForkJoinPool-1-worker-5] ERROR com.intuit.karate - org.apache.http.client.ClientProtocolException, http call failed after 0 milliseconds for URL: r
14:44:52.870 [ForkJoinPool-1-worker-5] ERROR com.intuit.karate - http request failed: 
org.apache.http.client.ClientProtocolException
14:44:52.871 [ForkJoinPool-1-worker-5] ERROR com.intuit.karate - feature call (loop) failed at index: 106
caller: classpath:InspireTest/ngr/datasetrecords/def/checkxlinkurl.template.feature
arg: {"link":"r"}
checkxlinkurl.template.feature:14 - 
org.apache.http.client.ClientProtocolException
14:44:52.873 [ForkJoinPool-1-worker-5] INFO  com.intuit.karate - [print]
14:44:52.874 [ForkJoinPool-1-worker-5] INFO  com.intuit.karate - [print] testing xlinkurl:e
14:44:52.875 [ForkJoinPool-1-worker-5] ERROR com.intuit.karate - org.apache.http.client.ClientProtocolException, http call failed after 0 milliseconds for URL: e
14:44:52.875 [ForkJoinPool-1-worker-5] ERROR com.intuit.karate - http request failed: 
org.apache.http.client.ClientProtocolException
14:44:52.876 [ForkJoinPool-1-worker-5] ERROR com.intuit.karate - feature call (loop) failed at index: 107
caller: classpath:InspireTest/ngr/datasetrecords/def/checkxlinkurl.template.feature
arg: {"link":"e"}
checkxlinkurl.template.feature:14 - 
org.apache.http.client.ClientProtocolException
14:44:52.878 [ForkJoinPool-1-worker-5] INFO  com.intuit.karate - [print]
14:44:52.878 [ForkJoinPool-1-worker-5] INFO  com.intuit.karate - [print] testing xlinkurl:e
14:44:52.879 [ForkJoinPool-1-worker-5] ERROR com.intuit.karate - org.apache.http.client.ClientProtocolException, http call failed after 0 milliseconds for URL: e
14:44:52.879 [ForkJoinPool-1-worker-5] ERROR com.intuit.karate - http request failed: 
org.apache.http.client.ClientProtocolException
14:44:52.880 [ForkJoinPool-1-worker-5] ERROR com.intuit.karate - feature call (loop) failed at index: 108
caller: classpath:InspireTest/ngr/datasetrecords/def/checkxlinkurl.template.feature
arg: {"link":"e"}
checkxlinkurl.template.feature:14 - 
org.apache.http.client.ClientProtocolException
14:44:52.882 [ForkJoinPool-1-worker-5] INFO  com.intuit.karate - [print]
14:44:52.883 [ForkJoinPool-1-worker-5] INFO  com.intuit.karate - [print] testing xlinkurl:c
14:44:52.883 [ForkJoinPool-1-worker-5] ERROR com.intuit.karate - org.apache.http.client.ClientProtocolException, http call failed after 0 milliseconds for URL: c
14:44:52.884 [ForkJoinPool-1-worker-5] ERROR com.intuit.karate - http request failed: 
org.apache.http.client.ClientProtocolException
14:44:52.885 [ForkJoinPool-1-worker-5] ERROR com.intuit.karate - feature call (loop) failed at index: 109
caller: classpath:InspireTest/ngr/datasetrecords/def/checkxlinkurl.template.feature
arg: {"link":"c"}
checkxlinkurl.template.feature:14 - 
org.apache.http.client.ClientProtocolException
14:44:52.887 [ForkJoinPool-1-worker-5] INFO  com.intuit.karate - [print]
14:44:52.887 [ForkJoinPool-1-worker-5] INFO  com.intuit.karate - [print] testing xlinkurl:e
14:44:52.888 [ForkJoinPool-1-worker-5] ERROR com.intuit.karate - org.apache.http.client.ClientProtocolException, http call failed after 0 milliseconds for URL: e
14:44:52.888 [ForkJoinPool-1-worker-5] ERROR com.intuit.karate - http request failed: 
org.apache.http.client.ClientProtocolException
14:44:52.890 [ForkJoinPool-1-worker-5] ERROR com.intuit.karate - feature call (loop) failed at index: 110
caller: classpath:InspireTest/ngr/datasetrecords/def/checkxlinkurl.template.feature
arg: {"link":"e"}
checkxlinkurl.template.feature:14 - 
org.apache.http.client.ClientProtocolException
14:44:52.900 [ForkJoinPool-1-worker-5] INFO  com.intuit.karate - [print]
14:44:52.900 [ForkJoinPool-1-worker-5] INFO  com.intuit.karate - [print] testing xlinkurl:u
14:44:52.901 [ForkJoinPool-1-worker-5] ERROR com.intuit.karate - org.apache.http.client.ClientProtocolException, http call failed after 0 milliseconds for URL: u
14:44:52.901 [ForkJoinPool-1-worker-5] ERROR com.intuit.karate - http request failed: 
org.apache.http.client.ClientProtocolException
14:44:52.902 [ForkJoinPool-1-worker-5] ERROR com.intuit.karate - feature call (loop) failed at index: 111
caller: classpath:InspireTest/ngr/datasetrecords/def/checkxlinkurl.template.feature
arg: {"link":"u"}
checkxlinkurl.template.feature:14 - 
org.apache.http.client.ClientProtocolException
14:44:52.904 [ForkJoinPool-1-worker-5] INFO  com.intuit.karate - [print]
14:44:52.905 [ForkJoinPool-1-worker-5] INFO  com.intuit.karate - [print] testing xlinkurl:r
14:44:52.906 [ForkJoinPool-1-worker-5] ERROR com.intuit.karate - org.apache.http.client.ClientProtocolException, http call failed after 0 milliseconds for URL: r
14:44:52.906 [ForkJoinPool-1-worker-5] ERROR com.intuit.karate - http request failed: 
org.apache.http.client.ClientProtocolException
14:44:52.908 [ForkJoinPool-1-worker-5] ERROR com.intuit.karate - feature call (loop) failed at index: 112
caller: classpath:InspireTest/ngr/datasetrecords/def/checkxlinkurl.template.feature
arg: {"link":"r"}
checkxlinkurl.template.feature:14 - 
org.apache.http.client.ClientProtocolException
14:44:52.910 [ForkJoinPool-1-worker-5] INFO  com.intuit.karate - [print]
14:44:52.910 [ForkJoinPool-1-worker-5] INFO  com.intuit.karate - [print] testing xlinkurl:o
14:44:52.915 [ForkJoinPool-1-worker-11] INFO  com.intuit.karate - [print] title:Vervoersnetwerken - Gemeenschappelijke elementen (INSPIRE geharmoniseerd)
14:44:52.915 [ForkJoinPool-1-worker-11] INFO  com.intuit.karate - [print] Vervoersnetwerken - Gemeenschappelijke elementen (INSPIRE geharmoniseerd)
14:44:52.916 [ForkJoinPool-1-worker-11] INFO  com.intuit.karate - [print] [
  "PPB-GVA@kadaster.nl",
  "kcc@kadaster.nl"
]

14:44:52.917 [ForkJoinPool-1-worker-11] INFO  com.intuit.karate - [print] organisation: [
  "Kadaster",
  "Kadaster"
]

14:44:52.925 [ForkJoinPool-1-worker-5] ERROR com.intuit.karate - org.apache.http.client.ClientProtocolException, http call failed after 0 milliseconds for URL: o
14:44:52.925 [ForkJoinPool-1-worker-5] ERROR com.intuit.karate - http request failed: 
org.apache.http.client.ClientProtocolException
14:44:52.927 [ForkJoinPool-1-worker-5] ERROR com.intuit.karate - feature call (loop) failed at index: 113
caller: classpath:InspireTest/ngr/datasetrecords/def/checkxlinkurl.template.feature
arg: {"link":"o"}
checkxlinkurl.template.feature:14 - 
org.apache.http.client.ClientProtocolException
14:44:52.928 [ForkJoinPool-1-worker-5] INFO  com.intuit.karate - [print]
14:44:52.928 [ForkJoinPool-1-worker-5] INFO  com.intuit.karate - [print] testing xlinkurl:p
14:44:52.928 [ForkJoinPool-1-worker-5] ERROR com.intuit.karate - org.apache.http.client.ClientProtocolException, http call failed after 0 milliseconds for URL: p
14:44:52.928 [ForkJoinPool-1-worker-5] ERROR com.intuit.karate - http request failed: 
org.apache.http.client.ClientProtocolException
14:44:52.929 [ForkJoinPool-1-worker-5] ERROR com.intuit.karate - feature call (loop) failed at index: 114
caller: classpath:InspireTest/ngr/datasetrecords/def/checkxlinkurl.template.feature
arg: {"link":"p"}
checkxlinkurl.template.feature:14 - 
org.apache.http.client.ClientProtocolException
14:44:52.929 [ForkJoinPool-1-worker-5] INFO  com.intuit.karate - [print]
14:44:52.929 [ForkJoinPool-1-worker-5] INFO  com.intuit.karate - [print] testing xlinkurl:a
14:44:52.930 [ForkJoinPool-1-worker-5] ERROR com.intuit.karate - org.apache.http.client.ClientProtocolException, http call failed after 0 milliseconds for URL: a
14:44:52.930 [ForkJoinPool-1-worker-5] ERROR com.intuit.karate - http request failed: 
org.apache.http.client.ClientProtocolException
14:44:52.930 [ForkJoinPool-1-worker-5] ERROR com.intuit.karate - feature call (loop) failed at index: 115
caller: classpath:InspireTest/ngr/datasetrecords/def/checkxlinkurl.template.feature
arg: {"link":"a"}
checkxlinkurl.template.feature:14 - 
org.apache.http.client.ClientProtocolException
14:44:52.931 [ForkJoinPool-1-worker-5] INFO  com.intuit.karate - [print]
14:44:52.931 [ForkJoinPool-1-worker-5] INFO  com.intuit.karate - [print] testing xlinkurl:e
14:44:52.931 [ForkJoinPool-1-worker-5] ERROR com.intuit.karate - org.apache.http.client.ClientProtocolException, http call failed after 0 milliseconds for URL: e
14:44:52.931 [ForkJoinPool-1-worker-5] ERROR com.intuit.karate - http request failed: 
org.apache.http.client.ClientProtocolException
14:44:52.931 [ForkJoinPool-1-worker-5] ERROR com.intuit.karate - feature call (loop) failed at index: 116
caller: classpath:InspireTest/ngr/datasetrecords/def/checkxlinkurl.template.feature
arg: {"link":"e"}
checkxlinkurl.template.feature:14 - 
org.apache.http.client.ClientProtocolException
14:44:52.935 [ForkJoinPool-1-worker-11] INFO  com.intuit.karate - [print] [
  "http://www.opengis.net/def/crs/EPSG/0/http://www.opengis.net/def/crs/EPSG/0/4258",
  "http://kadaster/7cdfa80a-cfbf-4324-978d-f1f141756b66"
]

14:44:52.950 [ForkJoinPool-1-worker-11] INFO  com.intuit.karate - [print]
14:44:52.951 [ForkJoinPool-1-worker-5] INFO  com.intuit.karate - [print]
14:44:52.951 [ForkJoinPool-1-worker-5] INFO  com.intuit.karate - [print] testing xlinkurl:u
14:44:52.951 [ForkJoinPool-1-worker-11] INFO  com.intuit.karate - [print] testing xlinkurl:http://www.opengis.net/def/crs/EPSG/0/http://www.opengis.net/def/crs/EPSG/0/4258
14:44:52.963 [ForkJoinPool-1-worker-5] ERROR com.intuit.karate - org.apache.http.client.ClientProtocolException, http call failed after 0 milliseconds for URL: u
14:44:52.963 [ForkJoinPool-1-worker-5] ERROR com.intuit.karate - http request failed: 
org.apache.http.client.ClientProtocolException
14:44:52.964 [ForkJoinPool-1-worker-5] ERROR com.intuit.karate - feature call (loop) failed at index: 117
caller: classpath:InspireTest/ngr/datasetrecords/def/checkxlinkurl.template.feature
arg: {"link":"u"}
checkxlinkurl.template.feature:14 - 
org.apache.http.client.ClientProtocolException
14:44:52.973 [ForkJoinPool-1-worker-5] INFO  com.intuit.karate - [print]
14:44:52.973 [ForkJoinPool-1-worker-5] INFO  com.intuit.karate - [print] testing xlinkurl:t
14:44:52.974 [ForkJoinPool-1-worker-5] ERROR com.intuit.karate - org.apache.http.client.ClientProtocolException, http call failed after 0 milliseconds for URL: t
14:44:52.974 [ForkJoinPool-1-worker-5] ERROR com.intuit.karate - http request failed: 
org.apache.http.client.ClientProtocolException
14:44:52.974 [ForkJoinPool-1-worker-5] ERROR com.intuit.karate - feature call (loop) failed at index: 118
caller: classpath:InspireTest/ngr/datasetrecords/def/checkxlinkurl.template.feature
arg: {"link":"t"}
checkxlinkurl.template.feature:14 - 
org.apache.http.client.ClientProtocolException
14:44:52.975 [ForkJoinPool-1-worker-5] INFO  com.intuit.karate - [print]
14:44:52.976 [ForkJoinPool-1-worker-5] INFO  com.intuit.karate - [print] testing xlinkurl:h
14:44:52.976 [ForkJoinPool-1-worker-5] ERROR com.intuit.karate - org.apache.http.client.ClientProtocolException, http call failed after 0 milliseconds for URL: h
14:44:52.976 [ForkJoinPool-1-worker-5] ERROR com.intuit.karate - http request failed: 
org.apache.http.client.ClientProtocolException
14:44:52.976 [ForkJoinPool-1-worker-5] ERROR com.intuit.karate - feature call (loop) failed at index: 119
caller: classpath:InspireTest/ngr/datasetrecords/def/checkxlinkurl.template.feature
arg: {"link":"h"}
checkxlinkurl.template.feature:14 - 
org.apache.http.client.ClientProtocolException
14:44:52.977 [ForkJoinPool-1-worker-5] INFO  com.intuit.karate - [print]
14:44:52.977 [ForkJoinPool-1-worker-5] INFO  com.intuit.karate - [print] testing xlinkurl:e
14:44:52.978 [ForkJoinPool-1-worker-5] ERROR com.intuit.karate - org.apache.http.client.ClientProtocolException, http call failed after 0 milliseconds for URL: e
14:44:52.978 [ForkJoinPool-1-worker-5] ERROR com.intuit.karate - http request failed: 
org.apache.http.client.ClientProtocolException
14:44:52.978 [ForkJoinPool-1-worker-5] ERROR com.intuit.karate - feature call (loop) failed at index: 120
caller: classpath:InspireTest/ngr/datasetrecords/def/checkxlinkurl.template.feature
arg: {"link":"e"}
checkxlinkurl.template.feature:14 - 
org.apache.http.client.ClientProtocolException
14:44:52.983 [ForkJoinPool-1-worker-5] INFO  com.intuit.karate - [print]
14:44:52.986 [ForkJoinPool-1-worker-5] INFO  com.intuit.karate - [print] testing xlinkurl:m
14:44:52.987 [ForkJoinPool-1-worker-5] ERROR com.intuit.karate - org.apache.http.client.ClientProtocolException, http call failed after 0 milliseconds for URL: m
14:44:52.987 [ForkJoinPool-1-worker-5] ERROR com.intuit.karate - http request failed: 
org.apache.http.client.ClientProtocolException
14:44:52.988 [ForkJoinPool-1-worker-5] ERROR com.intuit.karate - feature call (loop) failed at index: 121
caller: classpath:InspireTest/ngr/datasetrecords/def/checkxlinkurl.template.feature
arg: {"link":"m"}
checkxlinkurl.template.feature:14 - 
org.apache.http.client.ClientProtocolException
14:44:52.990 [ForkJoinPool-1-worker-5] INFO  com.intuit.karate - [print]
14:44:52.990 [ForkJoinPool-1-worker-5] INFO  com.intuit.karate - [print] testing xlinkurl:e
14:44:52.991 [ForkJoinPool-1-worker-5] ERROR com.intuit.karate - org.apache.http.client.ClientProtocolException, http call failed after 0 milliseconds for URL: e
14:44:52.992 [ForkJoinPool-1-worker-5] ERROR com.intuit.karate - http request failed: 
org.apache.http.client.ClientProtocolException
14:44:52.992 [ForkJoinPool-1-worker-5] ERROR com.intuit.karate - feature call (loop) failed at index: 122
caller: classpath:InspireTest/ngr/datasetrecords/def/checkxlinkurl.template.feature
arg: {"link":"e"}
checkxlinkurl.template.feature:14 - 
org.apache.http.client.ClientProtocolException
14:44:52.994 [ForkJoinPool-1-worker-5] INFO  com.intuit.karate - [print]
14:44:52.996 [ForkJoinPool-1-worker-5] INFO  com.intuit.karate - [print] testing xlinkurl:-
14:44:52.996 [ForkJoinPool-1-worker-5] ERROR com.intuit.karate - org.apache.http.client.ClientProtocolException, http call failed after 0 milliseconds for URL: -
14:44:52.997 [ForkJoinPool-1-worker-5] ERROR com.intuit.karate - http request failed: 
org.apache.http.client.ClientProtocolException
14:44:52.997 [ForkJoinPool-1-worker-5] ERROR com.intuit.karate - feature call (loop) failed at index: 123
caller: classpath:InspireTest/ngr/datasetrecords/def/checkxlinkurl.template.feature
arg: {"link":"-"}
checkxlinkurl.template.feature:14 - 
org.apache.http.client.ClientProtocolException
14:44:53.003 [ForkJoinPool-1-worker-5] INFO  com.intuit.karate - [print]
14:44:53.003 [ForkJoinPool-1-worker-5] INFO  com.intuit.karate - [print] testing xlinkurl:t
14:44:53.003 [ForkJoinPool-1-worker-5] ERROR com.intuit.karate - org.apache.http.client.ClientProtocolException, http call failed after 0 milliseconds for URL: t
14:44:53.004 [ForkJoinPool-1-worker-5] ERROR com.intuit.karate - http request failed: 
org.apache.http.client.ClientProtocolException
14:44:53.004 [ForkJoinPool-1-worker-5] ERROR com.intuit.karate - feature call (loop) failed at index: 124
caller: classpath:InspireTest/ngr/datasetrecords/def/checkxlinkurl.template.feature
arg: {"link":"t"}
checkxlinkurl.template.feature:14 - 
org.apache.http.client.ClientProtocolException
14:44:53.006 [ForkJoinPool-1-worker-5] INFO  com.intuit.karate - [print]
14:44:53.006 [ForkJoinPool-1-worker-5] INFO  com.intuit.karate - [print] testing xlinkurl:h
14:44:53.007 [ForkJoinPool-1-worker-5] ERROR com.intuit.karate - org.apache.http.client.ClientProtocolException, http call failed after 0 milliseconds for URL: h
14:44:53.007 [ForkJoinPool-1-worker-5] ERROR com.intuit.karate - http request failed: 
org.apache.http.client.ClientProtocolException
14:44:53.007 [ForkJoinPool-1-worker-5] ERROR com.intuit.karate - feature call (loop) failed at index: 125
caller: classpath:InspireTest/ngr/datasetrecords/def/checkxlinkurl.template.feature
arg: {"link":"h"}
checkxlinkurl.template.feature:14 - 
org.apache.http.client.ClientProtocolException
14:44:53.011 [ForkJoinPool-1-worker-5] INFO  com.intuit.karate - [print]
14:44:53.012 [ForkJoinPool-1-worker-5] INFO  com.intuit.karate - [print] testing xlinkurl:e
14:44:53.013 [ForkJoinPool-1-worker-5] ERROR com.intuit.karate - org.apache.http.client.ClientProtocolException, http call failed after 0 milliseconds for URL: e
14:44:53.013 [ForkJoinPool-1-worker-5] ERROR com.intuit.karate - http request failed: 
org.apache.http.client.ClientProtocolException
14:44:53.014 [ForkJoinPool-1-worker-5] ERROR com.intuit.karate - feature call (loop) failed at index: 126
caller: classpath:InspireTest/ngr/datasetrecords/def/checkxlinkurl.template.feature
arg: {"link":"e"}
checkxlinkurl.template.feature:14 - 
org.apache.http.client.ClientProtocolException
14:44:53.015 [ForkJoinPool-1-worker-5] INFO  com.intuit.karate - [print]
14:44:53.016 [ForkJoinPool-1-worker-5] INFO  com.intuit.karate - [print] testing xlinkurl:m
14:44:53.017 [ForkJoinPool-1-worker-5] ERROR com.intuit.karate - org.apache.http.client.ClientProtocolException, http call failed after 0 milliseconds for URL: m
14:44:53.017 [ForkJoinPool-1-worker-5] ERROR com.intuit.karate - http request failed: 
org.apache.http.client.ClientProtocolException
14:44:53.018 [ForkJoinPool-1-worker-5] ERROR com.intuit.karate - feature call (loop) failed at index: 127
caller: classpath:InspireTest/ngr/datasetrecords/def/checkxlinkurl.template.feature
arg: {"link":"m"}
checkxlinkurl.template.feature:14 - 
org.apache.http.client.ClientProtocolException
14:44:53.019 [ForkJoinPool-1-worker-5] INFO  com.intuit.karate - [print]
14:44:53.025 [ForkJoinPool-1-worker-5] INFO  com.intuit.karate - [print] testing xlinkurl:e
14:44:53.030 [ForkJoinPool-1-worker-7] INFO  com.intuit.karate - [print] title:Geluidkaart Schiphol 2016 (Lnight)
14:44:53.030 [ForkJoinPool-1-worker-7] INFO  com.intuit.karate - [print] Geluidkaart Schiphol 2016 (Lnight)
14:44:53.030 [ForkJoinPool-1-worker-7] INFO  com.intuit.karate - [print] [
  "sylvia.koolmees@minienw.nl",
  "sylvia.koolmees@minienw.nl"
]

14:44:53.031 [ForkJoinPool-1-worker-7] INFO  com.intuit.karate - [print] organisation: [
  "Ministerie van IenW",
  "Ministerie van IenW"
]

14:44:53.038 [ForkJoinPool-1-worker-5] ERROR com.intuit.karate - org.apache.http.client.ClientProtocolException, http call failed after 0 milliseconds for URL: e
14:44:53.038 [ForkJoinPool-1-worker-5] ERROR com.intuit.karate - http request failed: 
org.apache.http.client.ClientProtocolException
14:44:53.038 [ForkJoinPool-1-worker-5] ERROR com.intuit.karate - feature call (loop) failed at index: 128
caller: classpath:InspireTest/ngr/datasetrecords/def/checkxlinkurl.template.feature
arg: {"link":"e"}
checkxlinkurl.template.feature:14 - 
org.apache.http.client.ClientProtocolException
14:44:53.056 [ForkJoinPool-1-worker-7] INFO  com.intuit.karate - [print] [
  "https://www.nationaalgeoregister.nl/geonetwork/srv/api/records58d39928-f502-48c9-a8c1-03244dc181bf"
]

14:44:53.061 [ForkJoinPool-1-worker-7] INFO  com.intuit.karate - [print]
14:44:53.061 [ForkJoinPool-1-worker-7] INFO  com.intuit.karate - [print] testing xlinkurl:https://www.nationaalgeoregister.nl/geonetwork/srv/api/records58d39928-f502-48c9-a8c1-03244dc181bf
14:44:53.149 [ForkJoinPool-1-worker-9] INFO  com.intuit.karate - [print] title:Waterstanden en afvoeren verwacht - Rijkswaterstaat
14:44:53.150 [ForkJoinPool-1-worker-9] INFO  com.intuit.karate - [print] Waterstanden en afvoeren verwacht - Rijkswaterstaat
14:44:53.151 [ForkJoinPool-1-worker-9] INFO  com.intuit.karate - [print] [
  "servicedesk-data@rijkswaterstaat.nl",
  "servicedesk-data@rijkswaterstaat.nl",
  "",
  "servicedesk-data@rijkswaterstaat.nl",
  "servicedesk-data@rijkswaterstaat.nl"
]

14:44:53.152 [ForkJoinPool-1-worker-9] INFO  com.intuit.karate - [print] organisation: [
  "Rijkswaterstaat",
  "Rijkswaterstaat",
  "",
  "Rijkswaterstaat",
  "Rijkswaterstaat"
]

14:44:53.165 [ForkJoinPool-1-worker-9] INFO  com.intuit.karate - [print] [
  "https://www.nationaalgeoregister.nl/geonetwork/srv/dut/catalog.search#/metadata/25294679-adb9-4c39-a93b-6954ff9414ac",
  "http://rdfdata.eionet.europa.eu/inspirethemes/themes/20",
  "http://rdfdata.eionet.europa.eu/inspirethemes/themes/28",
  "urn:ogc:def:crs:EPSG::5709"
]

14:44:53.174 [ForkJoinPool-1-worker-9] INFO  com.intuit.karate - [print]
14:44:53.174 [ForkJoinPool-1-worker-9] INFO  com.intuit.karate - [print] testing xlinkurl:https://www.nationaalgeoregister.nl/geonetwork/srv/dut/catalog.search#/metadata/25294679-adb9-4c39-a93b-6954ff9414ac
14:44:53.189 [ForkJoinPool-1-worker-13] INFO  com.intuit.karate - [print] title:Ligging industrie en CO2 emissies
14:44:53.189 [ForkJoinPool-1-worker-13] INFO  com.intuit.karate - [print] Ligging industrie en CO2 emissies
14:44:53.190 [ForkJoinPool-1-worker-13] INFO  com.intuit.karate - [print] [
  "geodatabeheer.giscc@rvo.nl",
  "geodatabeheer.giscc@rvo.nl"
]

14:44:53.191 [ForkJoinPool-1-worker-13] INFO  com.intuit.karate - [print] organisation: Ministerie van Economische Zaken - GIS Competence Center
14:44:53.206 [ForkJoinPool-1-worker-13] INFO  com.intuit.karate - [print] [
  "https://www.nationaalgeoregister.nl/geonetwork/srv/dut/catalog.search#/metadata/d6b85d84-cdb9-4a6e-b799-cf8826e22a94"
]

14:44:53.211 [ForkJoinPool-1-worker-13] INFO  com.intuit.karate - [print]
14:44:53.211 [ForkJoinPool-1-worker-13] INFO  com.intuit.karate - [print] testing xlinkurl:https://www.nationaalgeoregister.nl/geonetwork/srv/dut/catalog.search#/metadata/d6b85d84-cdb9-4a6e-b799-cf8826e22a94
14:44:53.286 [ForkJoinPool-1-worker-11] INFO  com.intuit.karate - [print]
14:44:53.287 [ForkJoinPool-1-worker-11] INFO  com.intuit.karate - [print] testing xlinkurl:http://kadaster/7cdfa80a-cfbf-4324-978d-f1f141756b66
14:44:53.288 [ForkJoinPool-1-worker-11] ERROR com.intuit.karate - java.net.UnknownHostException: kadaster, http call failed after 0 milliseconds for URL: http://kadaster/7cdfa80a-cfbf-4324-978d-f1f141756b66
14:44:53.288 [ForkJoinPool-1-worker-11] ERROR com.intuit.karate - http request failed: 
java.net.UnknownHostException: kadaster
14:44:53.288 [ForkJoinPool-1-worker-11] ERROR com.intuit.karate - feature call (loop) failed at index: 1
caller: classpath:InspireTest/ngr/datasetrecords/def/checkxlinkurl.template.feature
arg: {"link":"http://kadaster/7cdfa80a-cfbf-4324-978d-f1f141756b66"}
checkxlinkurl.template.feature:14 - 
java.net.UnknownHostException: kadaster
14:44:53.349 [ForkJoinPool-1-worker-3] INFO  com.intuit.karate - [print] title:Gebouwen (INSPIRE geharmoniseerd)
14:44:53.350 [ForkJoinPool-1-worker-3] INFO  com.intuit.karate - [print] Gebouwen (INSPIRE geharmoniseerd)
14:44:53.351 [ForkJoinPool-1-worker-3] INFO  com.intuit.karate - [print] [
  "PPB-GVA@kadaster.nl",
  "kcc@kadaster.nl"
]

14:44:53.352 [ForkJoinPool-1-worker-3] INFO  com.intuit.karate - [print] organisation: [
  "Kadaster",
  "Kadaster"
]

14:44:53.374 [ForkJoinPool-1-worker-3] INFO  com.intuit.karate - [print] [
  "http://www.opengis.net/def/crs/EPSG/0/http://www.opengis.net/def/crs/EPSG/0/4258",
  "http://kadaster/80b2d12c-32be-54fg-b6d3\u201434f4ffc06cf3"
]

14:44:53.383 [ForkJoinPool-1-worker-7] ERROR com.intuit.karate - status code was: 500, expected: 200, response time: 320, url: https://www.nationaalgeoregister.nl/geonetwork/srv/api/records58d39928-f502-48c9-a8c1-03244dc181bf, response: 
14:44:53.384 [ForkJoinPool-1-worker-7] ERROR com.intuit.karate - feature call (loop) failed at index: 0
caller: classpath:InspireTest/ngr/datasetrecords/def/checkxlinkurl.template.feature
arg: {"link":"https://www.nationaalgeoregister.nl/geonetwork/srv/api/records58d39928-f502-48c9-a8c1-03244dc181bf"}
checkxlinkurl.template.feature:15 - status code was: 500, expected: 200, response time: 320, url: https://www.nationaalgeoregister.nl/geonetwork/srv/api/records58d39928-f502-48c9-a8c1-03244dc181bf, response: 
14:44:53.397 [ForkJoinPool-1-worker-3] INFO  com.intuit.karate - [print]
14:44:53.398 [ForkJoinPool-1-worker-3] INFO  com.intuit.karate - [print] testing xlinkurl:http://www.opengis.net/def/crs/EPSG/0/http://www.opengis.net/def/crs/EPSG/0/4258
14:44:53.494 [ForkJoinPool-1-worker-9] INFO  com.intuit.karate - [print]
14:44:53.495 [ForkJoinPool-1-worker-9] INFO  com.intuit.karate - [print] testing xlinkurl:http://rdfdata.eionet.europa.eu/inspirethemes/themes/20
14:44:53.584 [ForkJoinPool-1-worker-5] INFO  com.intuit.karate - [print] title:Kadastrale Percelen (INSPIRE geharmoniseerd)
14:44:53.591 [ForkJoinPool-1-worker-5] INFO  com.intuit.karate - [print] Kadastrale Percelen (INSPIRE geharmoniseerd)
14:44:53.593 [ForkJoinPool-1-worker-5] INFO  com.intuit.karate - [print] [
  "PPB-GVA@kadaster.nl",
  "kcc@kadaster.nl",
  "",
  ""
]

14:44:53.594 [ForkJoinPool-1-worker-5] INFO  com.intuit.karate - [print] organisation: [
  "Kadaster",
  "Kadaster"
]

14:44:53.603 [ForkJoinPool-1-worker-5] INFO  com.intuit.karate - [print] [
  "http://www.opengis.net/def/crs/EPSG/0/http://www.opengis.net/def/crs/EPSG/0/4258",
  "http://kadaster/0f9b8c87-80a6-435f-b3b3-e07c3918d344"
]

14:44:53.608 [ForkJoinPool-1-worker-5] INFO  com.intuit.karate - [print]
14:44:53.608 [ForkJoinPool-1-worker-5] INFO  com.intuit.karate - [print] testing xlinkurl:http://www.opengis.net/def/crs/EPSG/0/http://www.opengis.net/def/crs/EPSG/0/4258
14:44:53.684 [ForkJoinPool-1-worker-3] INFO  com.intuit.karate - [print]
14:44:53.685 [ForkJoinPool-1-worker-3] INFO  com.intuit.karate - [print] testing xlinkurl:http://kadaster/80b2d12c-32be-54fg-b6d3—34f4ffc06cf3
14:44:53.687 [ForkJoinPool-1-worker-9] ERROR com.intuit.karate - status code was: 404, expected: 200, response time: 191, url: http://rdfdata.eionet.europa.eu/inspirethemes/themes/20, response: 
14:44:53.687 [ForkJoinPool-1-worker-9] ERROR com.intuit.karate - feature call (loop) failed at index: 1
caller: classpath:InspireTest/ngr/datasetrecords/def/checkxlinkurl.template.feature
arg: {"link":"http://rdfdata.eionet.europa.eu/inspirethemes/themes/20"}
checkxlinkurl.template.feature:15 - status code was: 404, expected: 200, response time: 191, url: http://rdfdata.eionet.europa.eu/inspirethemes/themes/20, response: 
14:44:53.689 [ForkJoinPool-1-worker-9] INFO  com.intuit.karate - [print]
14:44:53.689 [ForkJoinPool-1-worker-9] INFO  com.intuit.karate - [print] testing xlinkurl:http://rdfdata.eionet.europa.eu/inspirethemes/themes/28
14:44:53.700 [ForkJoinPool-1-worker-3] ERROR com.intuit.karate - java.net.UnknownHostException: kadaster, http call failed after 0 milliseconds for URL: http://kadaster/80b2d12c-32be-54fg-b6d3—34f4ffc06cf3
14:44:53.701 [ForkJoinPool-1-worker-3] ERROR com.intuit.karate - http request failed: 
java.net.UnknownHostException: kadaster
14:44:53.702 [ForkJoinPool-1-worker-3] ERROR com.intuit.karate - feature call (loop) failed at index: 1
caller: classpath:InspireTest/ngr/datasetrecords/def/checkxlinkurl.template.feature
arg: {"link":"http://kadaster/80b2d12c-32be-54fg-b6d3\u201434f4ffc06cf3"}
checkxlinkurl.template.feature:14 - 
java.net.UnknownHostException: kadaster
14:44:53.805 [ForkJoinPool-1-worker-11] INFO  com.intuit.karate - [print] title:Luchtfoto 2017 25cm RGB open data
14:44:53.805 [ForkJoinPool-1-worker-11] INFO  com.intuit.karate - [print] Luchtfoto 2017 25cm RGB open data
14:44:53.806 [ForkJoinPool-1-worker-11] INFO  com.intuit.karate - [print] [
  "PPB-GVA@kadaster.nl",
  "info@hetwaterschapshuis.nl",
  "kcc@kadaster.nl",
  "",
  "",
  "",
  "",
  "",
  ""
]

14:44:53.808 [ForkJoinPool-1-worker-11] INFO  com.intuit.karate - [print] organisation: [
  "Kadaster",
  "Het Waterschapshuis",
  "Kadaster",
  "Eurosense",
  "Eurosense",
  "Eurosense",
  "Kadaster",
  "Kadaster"
]

14:44:53.815 [ForkJoinPool-1-worker-11] INFO  com.intuit.karate - [print] [
  "http://kadaster/2482250f-3b00-4439-9f93-f3118229b017",
  "",
  "",
  ""
]

14:44:53.829 [ForkJoinPool-1-worker-11] INFO  com.intuit.karate - [print]
14:44:53.830 [ForkJoinPool-1-worker-11] INFO  com.intuit.karate - [print] testing xlinkurl:http://kadaster/2482250f-3b00-4439-9f93-f3118229b017
14:44:53.831 [ForkJoinPool-1-worker-11] ERROR com.intuit.karate - java.net.UnknownHostException: kadaster, http call failed after 0 milliseconds for URL: http://kadaster/2482250f-3b00-4439-9f93-f3118229b017
14:44:53.832 [ForkJoinPool-1-worker-11] ERROR com.intuit.karate - http request failed: 
java.net.UnknownHostException: kadaster
14:44:53.833 [ForkJoinPool-1-worker-11] ERROR com.intuit.karate - feature call (loop) failed at index: 0
caller: classpath:InspireTest/ngr/datasetrecords/def/checkxlinkurl.template.feature
arg: {"link":"http://kadaster/2482250f-3b00-4439-9f93-f3118229b017"}
checkxlinkurl.template.feature:14 - 
java.net.UnknownHostException: kadaster
14:44:53.835 [ForkJoinPool-1-worker-11] INFO  com.intuit.karate - [print]
14:44:53.836 [ForkJoinPool-1-worker-11] INFO  com.intuit.karate - [print] testing xlinkurl:
14:44:53.837 [ForkJoinPool-1-worker-11] ERROR com.intuit.karate - org.apache.http.client.ClientProtocolException, http call failed after 0 milliseconds for URL: 
14:44:53.838 [ForkJoinPool-1-worker-11] ERROR com.intuit.karate - http request failed: 
org.apache.http.client.ClientProtocolException
14:44:53.838 [ForkJoinPool-1-worker-11] ERROR com.intuit.karate - feature call (loop) failed at index: 1
caller: classpath:InspireTest/ngr/datasetrecords/def/checkxlinkurl.template.feature
arg: {"link":""}
checkxlinkurl.template.feature:14 - 
org.apache.http.client.ClientProtocolException
14:44:53.840 [ForkJoinPool-1-worker-11] INFO  com.intuit.karate - [print]
14:44:53.841 [ForkJoinPool-1-worker-11] INFO  com.intuit.karate - [print] testing xlinkurl:
14:44:53.841 [ForkJoinPool-1-worker-11] ERROR com.intuit.karate - org.apache.http.client.ClientProtocolException, http call failed after 0 milliseconds for URL: 
14:44:53.842 [ForkJoinPool-1-worker-11] ERROR com.intuit.karate - http request failed: 
org.apache.http.client.ClientProtocolException
14:44:53.843 [ForkJoinPool-1-worker-11] ERROR com.intuit.karate - feature call (loop) failed at index: 2
caller: classpath:InspireTest/ngr/datasetrecords/def/checkxlinkurl.template.feature
arg: {"link":""}
checkxlinkurl.template.feature:14 - 
org.apache.http.client.ClientProtocolException
14:44:53.846 [ForkJoinPool-1-worker-11] INFO  com.intuit.karate - [print]
14:44:53.846 [ForkJoinPool-1-worker-11] INFO  com.intuit.karate - [print] testing xlinkurl:
14:44:53.847 [ForkJoinPool-1-worker-11] ERROR com.intuit.karate - org.apache.http.client.ClientProtocolException, http call failed after 0 milliseconds for URL: 
14:44:53.847 [ForkJoinPool-1-worker-11] ERROR com.intuit.karate - http request failed: 
org.apache.http.client.ClientProtocolException
14:44:53.847 [ForkJoinPool-1-worker-11] ERROR com.intuit.karate - feature call (loop) failed at index: 3
caller: classpath:InspireTest/ngr/datasetrecords/def/checkxlinkurl.template.feature
arg: {"link":""}
checkxlinkurl.template.feature:14 - 
org.apache.http.client.ClientProtocolException
14:44:53.880 [ForkJoinPool-1-worker-9] ERROR com.intuit.karate - status code was: 404, expected: 200, response time: 191, url: http://rdfdata.eionet.europa.eu/inspirethemes/themes/28, response: 
14:44:53.881 [ForkJoinPool-1-worker-9] ERROR com.intuit.karate - feature call (loop) failed at index: 2
caller: classpath:InspireTest/ngr/datasetrecords/def/checkxlinkurl.template.feature
arg: {"link":"http://rdfdata.eionet.europa.eu/inspirethemes/themes/28"}
checkxlinkurl.template.feature:15 - status code was: 404, expected: 200, response time: 191, url: http://rdfdata.eionet.europa.eu/inspirethemes/themes/28, response: 
14:44:53.882 [ForkJoinPool-1-worker-9] INFO  com.intuit.karate - [print]
14:44:53.882 [ForkJoinPool-1-worker-9] INFO  com.intuit.karate - [print] testing xlinkurl:urn:ogc:def:crs:EPSG::5709
14:44:53.882 [ForkJoinPool-1-worker-9] ERROR com.intuit.karate - org.apache.http.client.ClientProtocolException: URI does not specify a valid host name: urn:ogc:def:crs:EPSG::5709, http call failed after 0 milliseconds for URL: urn:ogc:def:crs:EPSG::5709
14:44:53.882 [ForkJoinPool-1-worker-9] ERROR com.intuit.karate - http request failed: 
org.apache.http.client.ClientProtocolException: URI does not specify a valid host name: urn:ogc:def:crs:EPSG::5709
14:44:53.882 [ForkJoinPool-1-worker-9] ERROR com.intuit.karate - feature call (loop) failed at index: 3
caller: classpath:InspireTest/ngr/datasetrecords/def/checkxlinkurl.template.feature
arg: {"link":"urn:ogc:def:crs:EPSG::5709"}
checkxlinkurl.template.feature:14 - 
org.apache.http.client.ClientProtocolException: URI does not specify a valid host name: urn:ogc:def:crs:EPSG::5709
14:44:53.893 [ForkJoinPool-1-worker-5] INFO  com.intuit.karate - [print]
14:44:53.894 [ForkJoinPool-1-worker-5] INFO  com.intuit.karate - [print] testing xlinkurl:http://kadaster/0f9b8c87-80a6-435f-b3b3-e07c3918d344
14:44:53.894 [ForkJoinPool-1-worker-5] ERROR com.intuit.karate - java.net.UnknownHostException: kadaster, http call failed after 0 milliseconds for URL: http://kadaster/0f9b8c87-80a6-435f-b3b3-e07c3918d344
14:44:53.894 [ForkJoinPool-1-worker-5] ERROR com.intuit.karate - http request failed: 
java.net.UnknownHostException: kadaster
14:44:53.894 [ForkJoinPool-1-worker-5] ERROR com.intuit.karate - feature call (loop) failed at index: 1
caller: classpath:InspireTest/ngr/datasetrecords/def/checkxlinkurl.template.feature
arg: {"link":"http://kadaster/0f9b8c87-80a6-435f-b3b3-e07c3918d344"}
checkxlinkurl.template.feature:14 - 
java.net.UnknownHostException: kadaster
14:44:53.926 [ForkJoinPool-1-worker-7] INFO  com.intuit.karate - [print] title:Ziekenhuizen in Nederland (september 2013)
14:44:53.927 [ForkJoinPool-1-worker-7] INFO  com.intuit.karate - [print] Ziekenhuizen in Nederland (september 2013)
14:44:53.927 [ForkJoinPool-1-worker-7] INFO  com.intuit.karate - [print] [
  "atlas@rivm.nl",
  "",
  "geodata@rivm.nl"
]

14:44:53.929 [ForkJoinPool-1-worker-7] INFO  com.intuit.karate - [print] organisation: no organisationName found in dataset record
14:44:53.930 [ForkJoinPool-1-worker-13] INFO  com.intuit.karate - [print] title:Bodemkaart50000_versie2014
14:44:53.931 [ForkJoinPool-1-worker-13] INFO  com.intuit.karate - [print] Bodemkaart50000_versie2014
14:44:53.932 [ForkJoinPool-1-worker-13] INFO  com.intuit.karate - [print] [
  "fokke.brouwer@wur.nl",
  "GeoDesk@wur.nl",
  "fokke.brouwer@wur.nl",
  "GeoDesk@wur.nl"
]

14:44:53.934 [ForkJoinPool-1-worker-7] INFO  com.intuit.karate - [print] [
  "https://data.rivm.nl/inspire/id#1e3a98db-5d5e-4e61-8b64-1d132ddb439e"
]

14:44:53.939 [ForkJoinPool-1-worker-13] INFO  com.intuit.karate - [print] organisation: [
  "Wageningen Environmental Research",
  "Wageningen Environmental Research (Alterra)",
  "Wageningen Environmental Research",
  "Wageningen Environmental Research (Alterra)",
  "ALTERRA en voorafgaande instituten",
  "ALTERRA en voorafgaande instituten",
  "Alterra",
  "Alterra",
  "Alterra Wageningen UR",
  "Alterra"
]

14:44:53.948 [ForkJoinPool-1-worker-7] INFO  com.intuit.karate - [print]
14:44:53.948 [ForkJoinPool-1-worker-7] INFO  com.intuit.karate - [print] testing xlinkurl:https://data.rivm.nl/inspire/id#1e3a98db-5d5e-4e61-8b64-1d132ddb439e
14:44:53.955 [ForkJoinPool-1-worker-13] INFO  com.intuit.karate - [print] [
  "h",
  "t",
  "t",
  "p",
  ":",
  "/",
  "/",
  "s",
  "t",
  "a",
  "n",
  "d",
  "a",
  "r",
  "d",
  "s",
  ".",
  "i",
  "s",
  "o",
  ".",
  "o",
  "r",
  "g",
  "/",
  "i",
  "t",
  "t",
  "f",
  "/",
  "P",
  "u",
  "b",
  "l",
  "i",
  "c",
  "l",
  "y",
  "A",
  "v",
  "a",
  "i",
  "l",
  "a",
  "b",
  "l",
  "e",
  "S",
  "t",
  "a",
  "n",
  "d",
  "a",
  "r",
  "d",
  "s",
  "/",
  "I",
  "S",
  "O",
  "_",
  "1",
  "9",
  "1",
  "3",
  "9",
  "_",
  "S",
  "c",
  "h",
  "e",
  "m",
  "a",
  "s",
  "/",
  "r",
  "e",
  "s",
  "o",
  "u",
  "r",
  "c",
  "e",
  "s",
  "/",
  "u",
  "o",
  "m",
  "/",
  "g",
  "m",
  "x",
  "U",
  "o",
  "m",
  ".",
  "x",
  "m",
  "l",
  "#",
  "m"
]

14:44:53.967 [ForkJoinPool-1-worker-13] INFO  com.intuit.karate - [print]
14:44:53.967 [ForkJoinPool-1-worker-13] INFO  com.intuit.karate - [print] testing xlinkurl:h
14:44:53.968 [ForkJoinPool-1-worker-13] ERROR com.intuit.karate - org.apache.http.client.ClientProtocolException, http call failed after 0 milliseconds for URL: h
14:44:53.969 [ForkJoinPool-1-worker-13] ERROR com.intuit.karate - http request failed: 
org.apache.http.client.ClientProtocolException
14:44:53.969 [ForkJoinPool-1-worker-13] ERROR com.intuit.karate - feature call (loop) failed at index: 0
caller: classpath:InspireTest/ngr/datasetrecords/def/checkxlinkurl.template.feature
arg: {"link":"h"}
checkxlinkurl.template.feature:14 - 
org.apache.http.client.ClientProtocolException
14:44:53.971 [ForkJoinPool-1-worker-13] INFO  com.intuit.karate - [print]
14:44:53.971 [ForkJoinPool-1-worker-13] INFO  com.intuit.karate - [print] testing xlinkurl:t
14:44:53.972 [ForkJoinPool-1-worker-13] ERROR com.intuit.karate - org.apache.http.client.ClientProtocolException, http call failed after 0 milliseconds for URL: t
14:44:53.972 [ForkJoinPool-1-worker-13] ERROR com.intuit.karate - http request failed: 
org.apache.http.client.ClientProtocolException
14:44:53.973 [ForkJoinPool-1-worker-13] ERROR com.intuit.karate - feature call (loop) failed at index: 1
caller: classpath:InspireTest/ngr/datasetrecords/def/checkxlinkurl.template.feature
arg: {"link":"t"}
checkxlinkurl.template.feature:14 - 
org.apache.http.client.ClientProtocolException
14:44:53.974 [ForkJoinPool-1-worker-13] INFO  com.intuit.karate - [print]
14:44:53.975 [ForkJoinPool-1-worker-13] INFO  com.intuit.karate - [print] testing xlinkurl:t
14:44:53.976 [ForkJoinPool-1-worker-13] ERROR com.intuit.karate - org.apache.http.client.ClientProtocolException, http call failed after 0 milliseconds for URL: t
14:44:53.977 [ForkJoinPool-1-worker-13] ERROR com.intuit.karate - http request failed: 
org.apache.http.client.ClientProtocolException
14:44:53.977 [ForkJoinPool-1-worker-13] ERROR com.intuit.karate - feature call (loop) failed at index: 2
caller: classpath:InspireTest/ngr/datasetrecords/def/checkxlinkurl.template.feature
arg: {"link":"t"}
checkxlinkurl.template.feature:14 - 
org.apache.http.client.ClientProtocolException
14:44:53.978 [ForkJoinPool-1-worker-13] INFO  com.intuit.karate - [print]
14:44:53.979 [ForkJoinPool-1-worker-13] INFO  com.intuit.karate - [print] testing xlinkurl:p
14:44:53.980 [ForkJoinPool-1-worker-13] ERROR com.intuit.karate - org.apache.http.client.ClientProtocolException, http call failed after 0 milliseconds for URL: p
14:44:53.981 [ForkJoinPool-1-worker-13] ERROR com.intuit.karate - http request failed: 
org.apache.http.client.ClientProtocolException
14:44:53.981 [ForkJoinPool-1-worker-13] ERROR com.intuit.karate - feature call (loop) failed at index: 3
caller: classpath:InspireTest/ngr/datasetrecords/def/checkxlinkurl.template.feature
arg: {"link":"p"}
checkxlinkurl.template.feature:14 - 
org.apache.http.client.ClientProtocolException
14:44:53.983 [ForkJoinPool-1-worker-13] INFO  com.intuit.karate - [print]
14:44:53.983 [ForkJoinPool-1-worker-13] INFO  com.intuit.karate - [print] testing xlinkurl::
14:44:53.983 [ForkJoinPool-1-worker-13] ERROR com.intuit.karate - http request failed: java.net.URISyntaxException: Expected scheme name at index 0: :
14:44:53.984 [ForkJoinPool-1-worker-13] ERROR com.intuit.karate - feature call (loop) failed at index: 4
caller: classpath:InspireTest/ngr/datasetrecords/def/checkxlinkurl.template.feature
arg: {"link":":"}
checkxlinkurl.template.feature:14 - java.net.URISyntaxException: Expected scheme name at index 0: :
14:44:53.985 [ForkJoinPool-1-worker-13] INFO  com.intuit.karate - [print]
14:44:53.985 [ForkJoinPool-1-worker-13] INFO  com.intuit.karate - [print] testing xlinkurl:/
14:44:53.986 [ForkJoinPool-1-worker-13] ERROR com.intuit.karate - org.apache.http.client.ClientProtocolException, http call failed after 0 milliseconds for URL: /
14:44:53.986 [ForkJoinPool-1-worker-13] ERROR com.intuit.karate - http request failed: 
org.apache.http.client.ClientProtocolException
14:44:53.987 [ForkJoinPool-1-worker-13] ERROR com.intuit.karate - feature call (loop) failed at index: 5
caller: classpath:InspireTest/ngr/datasetrecords/def/checkxlinkurl.template.feature
arg: {"link":"/"}
checkxlinkurl.template.feature:14 - 
org.apache.http.client.ClientProtocolException
14:44:53.988 [ForkJoinPool-1-worker-13] INFO  com.intuit.karate - [print]
14:44:53.989 [ForkJoinPool-1-worker-13] INFO  com.intuit.karate - [print] testing xlinkurl:/
14:44:53.990 [ForkJoinPool-1-worker-13] ERROR com.intuit.karate - org.apache.http.client.ClientProtocolException, http call failed after 0 milliseconds for URL: /
14:44:53.990 [ForkJoinPool-1-worker-13] ERROR com.intuit.karate - http request failed: 
org.apache.http.client.ClientProtocolException
14:44:53.991 [ForkJoinPool-1-worker-13] ERROR com.intuit.karate - feature call (loop) failed at index: 6
caller: classpath:InspireTest/ngr/datasetrecords/def/checkxlinkurl.template.feature
arg: {"link":"/"}
checkxlinkurl.template.feature:14 - 
org.apache.http.client.ClientProtocolException
14:44:53.992 [ForkJoinPool-1-worker-13] INFO  com.intuit.karate - [print]
14:44:53.993 [ForkJoinPool-1-worker-13] INFO  com.intuit.karate - [print] testing xlinkurl:s
14:44:53.993 [ForkJoinPool-1-worker-13] ERROR com.intuit.karate - org.apache.http.client.ClientProtocolException, http call failed after 0 milliseconds for URL: s
14:44:53.994 [ForkJoinPool-1-worker-13] ERROR com.intuit.karate - http request failed: 
org.apache.http.client.ClientProtocolException
14:44:53.994 [ForkJoinPool-1-worker-13] ERROR com.intuit.karate - feature call (loop) failed at index: 7
caller: classpath:InspireTest/ngr/datasetrecords/def/checkxlinkurl.template.feature
arg: {"link":"s"}
checkxlinkurl.template.feature:14 - 
org.apache.http.client.ClientProtocolException
14:44:53.997 [ForkJoinPool-1-worker-13] INFO  com.intuit.karate - [print]
14:44:53.998 [ForkJoinPool-1-worker-13] INFO  com.intuit.karate - [print] testing xlinkurl:t
14:44:53.999 [ForkJoinPool-1-worker-13] ERROR com.intuit.karate - org.apache.http.client.ClientProtocolException, http call failed after 0 milliseconds for URL: t
14:44:53.999 [ForkJoinPool-1-worker-13] ERROR com.intuit.karate - http request failed: 
org.apache.http.client.ClientProtocolException
14:44:54.000 [ForkJoinPool-1-worker-13] ERROR com.intuit.karate - feature call (loop) failed at index: 8
caller: classpath:InspireTest/ngr/datasetrecords/def/checkxlinkurl.template.feature
arg: {"link":"t"}
checkxlinkurl.template.feature:14 - 
org.apache.http.client.ClientProtocolException
14:44:54.002 [ForkJoinPool-1-worker-13] INFO  com.intuit.karate - [print]
14:44:54.002 [ForkJoinPool-1-worker-13] INFO  com.intuit.karate - [print] testing xlinkurl:a
14:44:54.003 [ForkJoinPool-1-worker-13] ERROR com.intuit.karate - org.apache.http.client.ClientProtocolException, http call failed after 0 milliseconds for URL: a
14:44:54.004 [ForkJoinPool-1-worker-13] ERROR com.intuit.karate - http request failed: 
org.apache.http.client.ClientProtocolException
14:44:54.005 [ForkJoinPool-1-worker-13] ERROR com.intuit.karate - feature call (loop) failed at index: 9
caller: classpath:InspireTest/ngr/datasetrecords/def/checkxlinkurl.template.feature
arg: {"link":"a"}
checkxlinkurl.template.feature:14 - 
org.apache.http.client.ClientProtocolException
14:44:54.007 [ForkJoinPool-1-worker-13] INFO  com.intuit.karate - [print]
14:44:54.008 [ForkJoinPool-1-worker-13] INFO  com.intuit.karate - [print] testing xlinkurl:n
14:44:54.010 [ForkJoinPool-1-worker-13] ERROR com.intuit.karate - org.apache.http.client.ClientProtocolException, http call failed after 0 milliseconds for URL: n
14:44:54.010 [ForkJoinPool-1-worker-13] ERROR com.intuit.karate - http request failed: 
org.apache.http.client.ClientProtocolException
14:44:54.011 [ForkJoinPool-1-worker-13] ERROR com.intuit.karate - feature call (loop) failed at index: 10
caller: classpath:InspireTest/ngr/datasetrecords/def/checkxlinkurl.template.feature
arg: {"link":"n"}
checkxlinkurl.template.feature:14 - 
org.apache.http.client.ClientProtocolException
14:44:54.014 [ForkJoinPool-1-worker-13] INFO  com.intuit.karate - [print]
14:44:54.014 [ForkJoinPool-1-worker-13] INFO  com.intuit.karate - [print] testing xlinkurl:d
14:44:54.015 [ForkJoinPool-1-worker-13] ERROR com.intuit.karate - org.apache.http.client.ClientProtocolException, http call failed after 0 milliseconds for URL: d
14:44:54.016 [ForkJoinPool-1-worker-13] ERROR com.intuit.karate - http request failed: 
org.apache.http.client.ClientProtocolException
14:44:54.017 [ForkJoinPool-1-worker-13] ERROR com.intuit.karate - feature call (loop) failed at index: 11
caller: classpath:InspireTest/ngr/datasetrecords/def/checkxlinkurl.template.feature
arg: {"link":"d"}
checkxlinkurl.template.feature:14 - 
org.apache.http.client.ClientProtocolException
14:44:54.019 [ForkJoinPool-1-worker-13] INFO  com.intuit.karate - [print]
14:44:54.019 [ForkJoinPool-1-worker-13] INFO  com.intuit.karate - [print] testing xlinkurl:a
14:44:54.020 [ForkJoinPool-1-worker-13] ERROR com.intuit.karate - org.apache.http.client.ClientProtocolException, http call failed after 0 milliseconds for URL: a
14:44:54.020 [ForkJoinPool-1-worker-13] ERROR com.intuit.karate - http request failed: 
org.apache.http.client.ClientProtocolException
14:44:54.021 [ForkJoinPool-1-worker-13] ERROR com.intuit.karate - feature call (loop) failed at index: 12
caller: classpath:InspireTest/ngr/datasetrecords/def/checkxlinkurl.template.feature
arg: {"link":"a"}
checkxlinkurl.template.feature:14 - 
org.apache.http.client.ClientProtocolException
14:44:54.023 [ForkJoinPool-1-worker-13] INFO  com.intuit.karate - [print]
14:44:54.023 [ForkJoinPool-1-worker-13] INFO  com.intuit.karate - [print] testing xlinkurl:r
14:44:54.024 [ForkJoinPool-1-worker-13] ERROR com.intuit.karate - org.apache.http.client.ClientProtocolException, http call failed after 0 milliseconds for URL: r
14:44:54.024 [ForkJoinPool-1-worker-13] ERROR com.intuit.karate - http request failed: 
org.apache.http.client.ClientProtocolException
14:44:54.025 [ForkJoinPool-1-worker-13] ERROR com.intuit.karate - feature call (loop) failed at index: 13
caller: classpath:InspireTest/ngr/datasetrecords/def/checkxlinkurl.template.feature
arg: {"link":"r"}
checkxlinkurl.template.feature:14 - 
org.apache.http.client.ClientProtocolException
14:44:54.026 [ForkJoinPool-1-worker-13] INFO  com.intuit.karate - [print]
14:44:54.026 [ForkJoinPool-1-worker-13] INFO  com.intuit.karate - [print] testing xlinkurl:d
14:44:54.027 [ForkJoinPool-1-worker-13] ERROR com.intuit.karate - org.apache.http.client.ClientProtocolException, http call failed after 0 milliseconds for URL: d
14:44:54.027 [ForkJoinPool-1-worker-13] ERROR com.intuit.karate - http request failed: 
org.apache.http.client.ClientProtocolException
14:44:54.027 [ForkJoinPool-1-worker-13] ERROR com.intuit.karate - feature call (loop) failed at index: 14
caller: classpath:InspireTest/ngr/datasetrecords/def/checkxlinkurl.template.feature
arg: {"link":"d"}
checkxlinkurl.template.feature:14 - 
org.apache.http.client.ClientProtocolException
14:44:54.028 [ForkJoinPool-1-worker-13] INFO  com.intuit.karate - [print]
14:44:54.036 [ForkJoinPool-1-worker-13] INFO  com.intuit.karate - [print] testing xlinkurl:s
14:44:54.037 [ForkJoinPool-1-worker-13] ERROR com.intuit.karate - org.apache.http.client.ClientProtocolException, http call failed after 0 milliseconds for URL: s
14:44:54.037 [ForkJoinPool-1-worker-13] ERROR com.intuit.karate - http request failed: 
org.apache.http.client.ClientProtocolException
14:44:54.038 [ForkJoinPool-1-worker-13] ERROR com.intuit.karate - feature call (loop) failed at index: 15
caller: classpath:InspireTest/ngr/datasetrecords/def/checkxlinkurl.template.feature
arg: {"link":"s"}
checkxlinkurl.template.feature:14 - 
org.apache.http.client.ClientProtocolException
14:44:54.041 [ForkJoinPool-1-worker-13] INFO  com.intuit.karate - [print]
14:44:54.041 [ForkJoinPool-1-worker-13] INFO  com.intuit.karate - [print] testing xlinkurl:.
14:44:54.042 [ForkJoinPool-1-worker-13] ERROR com.intuit.karate - org.apache.http.client.ClientProtocolException, http call failed after 0 milliseconds for URL: .
14:44:54.042 [ForkJoinPool-1-worker-13] ERROR com.intuit.karate - http request failed: 
org.apache.http.client.ClientProtocolException
14:44:54.044 [ForkJoinPool-1-worker-13] ERROR com.intuit.karate - feature call (loop) failed at index: 16
caller: classpath:InspireTest/ngr/datasetrecords/def/checkxlinkurl.template.feature
arg: {"link":"."}
checkxlinkurl.template.feature:14 - 
org.apache.http.client.ClientProtocolException
14:44:54.045 [ForkJoinPool-1-worker-13] INFO  com.intuit.karate - [print]
14:44:54.045 [ForkJoinPool-1-worker-13] INFO  com.intuit.karate - [print] testing xlinkurl:i
14:44:54.045 [ForkJoinPool-1-worker-13] ERROR com.intuit.karate - org.apache.http.client.ClientProtocolException, http call failed after 0 milliseconds for URL: i
14:44:54.045 [ForkJoinPool-1-worker-13] ERROR com.intuit.karate - http request failed: 
org.apache.http.client.ClientProtocolException
14:44:54.045 [ForkJoinPool-1-worker-13] ERROR com.intuit.karate - feature call (loop) failed at index: 17
caller: classpath:InspireTest/ngr/datasetrecords/def/checkxlinkurl.template.feature
arg: {"link":"i"}
checkxlinkurl.template.feature:14 - 
org.apache.http.client.ClientProtocolException
14:44:54.046 [ForkJoinPool-1-worker-13] INFO  com.intuit.karate - [print]
14:44:54.049 [ForkJoinPool-1-worker-13] INFO  com.intuit.karate - [print] testing xlinkurl:s
14:44:54.050 [ForkJoinPool-1-worker-13] ERROR com.intuit.karate - org.apache.http.client.ClientProtocolException, http call failed after 0 milliseconds for URL: s
14:44:54.050 [ForkJoinPool-1-worker-13] ERROR com.intuit.karate - http request failed: 
org.apache.http.client.ClientProtocolException
14:44:54.052 [ForkJoinPool-1-worker-13] ERROR com.intuit.karate - feature call (loop) failed at index: 18
caller: classpath:InspireTest/ngr/datasetrecords/def/checkxlinkurl.template.feature
arg: {"link":"s"}
checkxlinkurl.template.feature:14 - 
org.apache.http.client.ClientProtocolException
14:44:54.054 [ForkJoinPool-1-worker-13] INFO  com.intuit.karate - [print]
14:44:54.055 [ForkJoinPool-1-worker-13] INFO  com.intuit.karate - [print] testing xlinkurl:o
14:44:54.056 [ForkJoinPool-1-worker-13] ERROR com.intuit.karate - org.apache.http.client.ClientProtocolException, http call failed after 0 milliseconds for URL: o
14:44:54.056 [ForkJoinPool-1-worker-13] ERROR com.intuit.karate - http request failed: 
org.apache.http.client.ClientProtocolException
14:44:54.057 [ForkJoinPool-1-worker-13] ERROR com.intuit.karate - feature call (loop) failed at index: 19
caller: classpath:InspireTest/ngr/datasetrecords/def/checkxlinkurl.template.feature
arg: {"link":"o"}
checkxlinkurl.template.feature:14 - 
org.apache.http.client.ClientProtocolException
14:44:54.059 [ForkJoinPool-1-worker-13] INFO  com.intuit.karate - [print]
14:44:54.060 [ForkJoinPool-1-worker-13] INFO  com.intuit.karate - [print] testing xlinkurl:.
14:44:54.061 [ForkJoinPool-1-worker-13] ERROR com.intuit.karate - org.apache.http.client.ClientProtocolException, http call failed after 0 milliseconds for URL: .
14:44:54.061 [ForkJoinPool-1-worker-13] ERROR com.intuit.karate - http request failed: 
org.apache.http.client.ClientProtocolException
14:44:54.062 [ForkJoinPool-1-worker-13] ERROR com.intuit.karate - feature call (loop) failed at index: 20
caller: classpath:InspireTest/ngr/datasetrecords/def/checkxlinkurl.template.feature
arg: {"link":"."}
checkxlinkurl.template.feature:14 - 
org.apache.http.client.ClientProtocolException
14:44:54.064 [ForkJoinPool-1-worker-13] INFO  com.intuit.karate - [print]
14:44:54.065 [ForkJoinPool-1-worker-13] INFO  com.intuit.karate - [print] testing xlinkurl:o
14:44:54.065 [ForkJoinPool-1-worker-13] ERROR com.intuit.karate - org.apache.http.client.ClientProtocolException, http call failed after 0 milliseconds for URL: o
14:44:54.066 [ForkJoinPool-1-worker-13] ERROR com.intuit.karate - http request failed: 
org.apache.http.client.ClientProtocolException
14:44:54.067 [ForkJoinPool-1-worker-13] ERROR com.intuit.karate - feature call (loop) failed at index: 21
caller: classpath:InspireTest/ngr/datasetrecords/def/checkxlinkurl.template.feature
arg: {"link":"o"}
checkxlinkurl.template.feature:14 - 
org.apache.http.client.ClientProtocolException
14:44:54.068 [ForkJoinPool-1-worker-13] INFO  com.intuit.karate - [print]
14:44:54.069 [ForkJoinPool-1-worker-13] INFO  com.intuit.karate - [print] testing xlinkurl:r
14:44:54.070 [ForkJoinPool-1-worker-13] ERROR com.intuit.karate - org.apache.http.client.ClientProtocolException, http call failed after 0 milliseconds for URL: r
14:44:54.070 [ForkJoinPool-1-worker-13] ERROR com.intuit.karate - http request failed: 
org.apache.http.client.ClientProtocolException
14:44:54.071 [ForkJoinPool-1-worker-13] ERROR com.intuit.karate - feature call (loop) failed at index: 22
caller: classpath:InspireTest/ngr/datasetrecords/def/checkxlinkurl.template.feature
arg: {"link":"r"}
checkxlinkurl.template.feature:14 - 
org.apache.http.client.ClientProtocolException
14:44:54.073 [ForkJoinPool-1-worker-13] INFO  com.intuit.karate - [print]
14:44:54.073 [ForkJoinPool-1-worker-13] INFO  com.intuit.karate - [print] testing xlinkurl:g
14:44:54.074 [ForkJoinPool-1-worker-13] ERROR com.intuit.karate - org.apache.http.client.ClientProtocolException, http call failed after 0 milliseconds for URL: g
14:44:54.074 [ForkJoinPool-1-worker-13] ERROR com.intuit.karate - http request failed: 
org.apache.http.client.ClientProtocolException
14:44:54.075 [ForkJoinPool-1-worker-13] ERROR com.intuit.karate - feature call (loop) failed at index: 23
caller: classpath:InspireTest/ngr/datasetrecords/def/checkxlinkurl.template.feature
arg: {"link":"g"}
checkxlinkurl.template.feature:14 - 
org.apache.http.client.ClientProtocolException
14:44:54.077 [ForkJoinPool-1-worker-13] INFO  com.intuit.karate - [print]
14:44:54.078 [ForkJoinPool-1-worker-13] INFO  com.intuit.karate - [print] testing xlinkurl:/
14:44:54.078 [ForkJoinPool-1-worker-13] ERROR com.intuit.karate - org.apache.http.client.ClientProtocolException, http call failed after 0 milliseconds for URL: /
14:44:54.079 [ForkJoinPool-1-worker-13] ERROR com.intuit.karate - http request failed: 
org.apache.http.client.ClientProtocolException
14:44:54.080 [ForkJoinPool-1-worker-13] ERROR com.intuit.karate - feature call (loop) failed at index: 24
caller: classpath:InspireTest/ngr/datasetrecords/def/checkxlinkurl.template.feature
arg: {"link":"/"}
checkxlinkurl.template.feature:14 - 
org.apache.http.client.ClientProtocolException
14:44:54.081 [ForkJoinPool-1-worker-13] INFO  com.intuit.karate - [print]
14:44:54.082 [ForkJoinPool-1-worker-13] INFO  com.intuit.karate - [print] testing xlinkurl:i
14:44:54.083 [ForkJoinPool-1-worker-13] ERROR com.intuit.karate - org.apache.http.client.ClientProtocolException, http call failed after 0 milliseconds for URL: i
14:44:54.083 [ForkJoinPool-1-worker-13] ERROR com.intuit.karate - http request failed: 
org.apache.http.client.ClientProtocolException
14:44:54.084 [ForkJoinPool-1-worker-13] ERROR com.intuit.karate - feature call (loop) failed at index: 25
caller: classpath:InspireTest/ngr/datasetrecords/def/checkxlinkurl.template.feature
arg: {"link":"i"}
checkxlinkurl.template.feature:14 - 
org.apache.http.client.ClientProtocolException
14:44:54.087 [ForkJoinPool-1-worker-13] INFO  com.intuit.karate - [print]
14:44:54.087 [ForkJoinPool-1-worker-13] INFO  com.intuit.karate - [print] testing xlinkurl:t
14:44:54.088 [ForkJoinPool-1-worker-13] ERROR com.intuit.karate - org.apache.http.client.ClientProtocolException, http call failed after 0 milliseconds for URL: t
14:44:54.088 [ForkJoinPool-1-worker-13] ERROR com.intuit.karate - http request failed: 
org.apache.http.client.ClientProtocolException
14:44:54.089 [ForkJoinPool-1-worker-13] ERROR com.intuit.karate - feature call (loop) failed at index: 26
caller: classpath:InspireTest/ngr/datasetrecords/def/checkxlinkurl.template.feature
arg: {"link":"t"}
checkxlinkurl.template.feature:14 - 
org.apache.http.client.ClientProtocolException
14:44:54.091 [ForkJoinPool-1-worker-13] INFO  com.intuit.karate - [print]
14:44:54.091 [ForkJoinPool-1-worker-13] INFO  com.intuit.karate - [print] testing xlinkurl:t
14:44:54.092 [ForkJoinPool-1-worker-13] ERROR com.intuit.karate - org.apache.http.client.ClientProtocolException, http call failed after 0 milliseconds for URL: t
14:44:54.092 [ForkJoinPool-1-worker-13] ERROR com.intuit.karate - http request failed: 
org.apache.http.client.ClientProtocolException
14:44:54.093 [ForkJoinPool-1-worker-13] ERROR com.intuit.karate - feature call (loop) failed at index: 27
caller: classpath:InspireTest/ngr/datasetrecords/def/checkxlinkurl.template.feature
arg: {"link":"t"}
checkxlinkurl.template.feature:14 - 
org.apache.http.client.ClientProtocolException
14:44:54.095 [ForkJoinPool-1-worker-13] INFO  com.intuit.karate - [print]
14:44:54.096 [ForkJoinPool-1-worker-13] INFO  com.intuit.karate - [print] testing xlinkurl:f
14:44:54.097 [ForkJoinPool-1-worker-13] ERROR com.intuit.karate - org.apache.http.client.ClientProtocolException, http call failed after 0 milliseconds for URL: f
14:44:54.097 [ForkJoinPool-1-worker-13] ERROR com.intuit.karate - http request failed: 
org.apache.http.client.ClientProtocolException
14:44:54.098 [ForkJoinPool-1-worker-13] ERROR com.intuit.karate - feature call (loop) failed at index: 28
caller: classpath:InspireTest/ngr/datasetrecords/def/checkxlinkurl.template.feature
arg: {"link":"f"}
checkxlinkurl.template.feature:14 - 
org.apache.http.client.ClientProtocolException
14:44:54.100 [ForkJoinPool-1-worker-13] INFO  com.intuit.karate - [print]
14:44:54.101 [ForkJoinPool-1-worker-13] INFO  com.intuit.karate - [print] testing xlinkurl:/
14:44:54.102 [ForkJoinPool-1-worker-13] ERROR com.intuit.karate - org.apache.http.client.ClientProtocolException, http call failed after 0 milliseconds for URL: /
14:44:54.102 [ForkJoinPool-1-worker-13] ERROR com.intuit.karate - http request failed: 
org.apache.http.client.ClientProtocolException
14:44:54.103 [ForkJoinPool-1-worker-13] ERROR com.intuit.karate - feature call (loop) failed at index: 29
caller: classpath:InspireTest/ngr/datasetrecords/def/checkxlinkurl.template.feature
arg: {"link":"/"}
checkxlinkurl.template.feature:14 - 
org.apache.http.client.ClientProtocolException
14:44:54.105 [ForkJoinPool-1-worker-13] INFO  com.intuit.karate - [print]
14:44:54.105 [ForkJoinPool-1-worker-13] INFO  com.intuit.karate - [print] testing xlinkurl:P
14:44:54.106 [ForkJoinPool-1-worker-13] ERROR com.intuit.karate - org.apache.http.client.ClientProtocolException, http call failed after 0 milliseconds for URL: P
14:44:54.106 [ForkJoinPool-1-worker-13] ERROR com.intuit.karate - http request failed: 
org.apache.http.client.ClientProtocolException
14:44:54.107 [ForkJoinPool-1-worker-13] ERROR com.intuit.karate - feature call (loop) failed at index: 30
caller: classpath:InspireTest/ngr/datasetrecords/def/checkxlinkurl.template.feature
arg: {"link":"P"}
checkxlinkurl.template.feature:14 - 
org.apache.http.client.ClientProtocolException
14:44:54.109 [ForkJoinPool-1-worker-13] INFO  com.intuit.karate - [print]
14:44:54.109 [ForkJoinPool-1-worker-13] INFO  com.intuit.karate - [print] testing xlinkurl:u
14:44:54.110 [ForkJoinPool-1-worker-13] ERROR com.intuit.karate - org.apache.http.client.ClientProtocolException, http call failed after 0 milliseconds for URL: u
14:44:54.110 [ForkJoinPool-1-worker-13] ERROR com.intuit.karate - http request failed: 
org.apache.http.client.ClientProtocolException
14:44:54.110 [ForkJoinPool-1-worker-13] ERROR com.intuit.karate - feature call (loop) failed at index: 31
caller: classpath:InspireTest/ngr/datasetrecords/def/checkxlinkurl.template.feature
arg: {"link":"u"}
checkxlinkurl.template.feature:14 - 
org.apache.http.client.ClientProtocolException
14:44:54.113 [ForkJoinPool-1-worker-13] INFO  com.intuit.karate - [print]
14:44:54.113 [ForkJoinPool-1-worker-13] INFO  com.intuit.karate - [print] testing xlinkurl:b
14:44:54.114 [ForkJoinPool-1-worker-13] ERROR com.intuit.karate - org.apache.http.client.ClientProtocolException, http call failed after 0 milliseconds for URL: b
14:44:54.114 [ForkJoinPool-1-worker-13] ERROR com.intuit.karate - http request failed: 
org.apache.http.client.ClientProtocolException
14:44:54.114 [ForkJoinPool-1-worker-13] ERROR com.intuit.karate - feature call (loop) failed at index: 32
caller: classpath:InspireTest/ngr/datasetrecords/def/checkxlinkurl.template.feature
arg: {"link":"b"}
checkxlinkurl.template.feature:14 - 
org.apache.http.client.ClientProtocolException
14:44:54.116 [ForkJoinPool-1-worker-13] INFO  com.intuit.karate - [print]
14:44:54.116 [ForkJoinPool-1-worker-13] INFO  com.intuit.karate - [print] testing xlinkurl:l
14:44:54.116 [ForkJoinPool-1-worker-13] ERROR com.intuit.karate - org.apache.http.client.ClientProtocolException, http call failed after 0 milliseconds for URL: l
14:44:54.117 [ForkJoinPool-1-worker-13] ERROR com.intuit.karate - http request failed: 
org.apache.http.client.ClientProtocolException
14:44:54.117 [ForkJoinPool-1-worker-13] ERROR com.intuit.karate - feature call (loop) failed at index: 33
caller: classpath:InspireTest/ngr/datasetrecords/def/checkxlinkurl.template.feature
arg: {"link":"l"}
checkxlinkurl.template.feature:14 - 
org.apache.http.client.ClientProtocolException
14:44:54.118 [ForkJoinPool-1-worker-13] INFO  com.intuit.karate - [print]
14:44:54.118 [ForkJoinPool-1-worker-13] INFO  com.intuit.karate - [print] testing xlinkurl:i
14:44:54.118 [ForkJoinPool-1-worker-13] ERROR com.intuit.karate - org.apache.http.client.ClientProtocolException, http call failed after 0 milliseconds for URL: i
14:44:54.119 [ForkJoinPool-1-worker-13] ERROR com.intuit.karate - http request failed: 
org.apache.http.client.ClientProtocolException
14:44:54.119 [ForkJoinPool-1-worker-13] ERROR com.intuit.karate - feature call (loop) failed at index: 34
caller: classpath:InspireTest/ngr/datasetrecords/def/checkxlinkurl.template.feature
arg: {"link":"i"}
checkxlinkurl.template.feature:14 - 
org.apache.http.client.ClientProtocolException
14:44:54.125 [ForkJoinPool-1-worker-13] INFO  com.intuit.karate - [print]
14:44:54.126 [ForkJoinPool-1-worker-13] INFO  com.intuit.karate - [print] testing xlinkurl:c
14:44:54.126 [ForkJoinPool-1-worker-13] ERROR com.intuit.karate - org.apache.http.client.ClientProtocolException, http call failed after 0 milliseconds for URL: c
14:44:54.127 [ForkJoinPool-1-worker-13] ERROR com.intuit.karate - http request failed: 
org.apache.http.client.ClientProtocolException
14:44:54.127 [ForkJoinPool-1-worker-13] ERROR com.intuit.karate - feature call (loop) failed at index: 35
caller: classpath:InspireTest/ngr/datasetrecords/def/checkxlinkurl.template.feature
arg: {"link":"c"}
checkxlinkurl.template.feature:14 - 
org.apache.http.client.ClientProtocolException
14:44:54.128 [ForkJoinPool-1-worker-13] INFO  com.intuit.karate - [print]
14:44:54.128 [ForkJoinPool-1-worker-13] INFO  com.intuit.karate - [print] testing xlinkurl:l
14:44:54.129 [ForkJoinPool-1-worker-13] ERROR com.intuit.karate - org.apache.http.client.ClientProtocolException, http call failed after 0 milliseconds for URL: l
14:44:54.130 [ForkJoinPool-1-worker-13] ERROR com.intuit.karate - http request failed: 
org.apache.http.client.ClientProtocolException
14:44:54.131 [ForkJoinPool-1-worker-13] ERROR com.intuit.karate - feature call (loop) failed at index: 36
caller: classpath:InspireTest/ngr/datasetrecords/def/checkxlinkurl.template.feature
arg: {"link":"l"}
checkxlinkurl.template.feature:14 - 
org.apache.http.client.ClientProtocolException
14:44:54.132 [ForkJoinPool-1-worker-13] INFO  com.intuit.karate - [print]
14:44:54.133 [ForkJoinPool-1-worker-13] INFO  com.intuit.karate - [print] testing xlinkurl:y
14:44:54.133 [ForkJoinPool-1-worker-13] ERROR com.intuit.karate - org.apache.http.client.ClientProtocolException, http call failed after 0 milliseconds for URL: y
14:44:54.134 [ForkJoinPool-1-worker-13] ERROR com.intuit.karate - http request failed: 
org.apache.http.client.ClientProtocolException
14:44:54.134 [ForkJoinPool-1-worker-13] ERROR com.intuit.karate - feature call (loop) failed at index: 37
caller: classpath:InspireTest/ngr/datasetrecords/def/checkxlinkurl.template.feature
arg: {"link":"y"}
checkxlinkurl.template.feature:14 - 
org.apache.http.client.ClientProtocolException
14:44:54.136 [ForkJoinPool-1-worker-13] INFO  com.intuit.karate - [print]
14:44:54.137 [ForkJoinPool-1-worker-13] INFO  com.intuit.karate - [print] testing xlinkurl:A
14:44:54.137 [ForkJoinPool-1-worker-13] ERROR com.intuit.karate - org.apache.http.client.ClientProtocolException, http call failed after 0 milliseconds for URL: A
14:44:54.138 [ForkJoinPool-1-worker-13] ERROR com.intuit.karate - http request failed: 
org.apache.http.client.ClientProtocolException
14:44:54.138 [ForkJoinPool-1-worker-13] ERROR com.intuit.karate - feature call (loop) failed at index: 38
caller: classpath:InspireTest/ngr/datasetrecords/def/checkxlinkurl.template.feature
arg: {"link":"A"}
checkxlinkurl.template.feature:14 - 
org.apache.http.client.ClientProtocolException
14:44:54.139 [ForkJoinPool-1-worker-13] INFO  com.intuit.karate - [print]
14:44:54.139 [ForkJoinPool-1-worker-13] INFO  com.intuit.karate - [print] testing xlinkurl:v
14:44:54.140 [ForkJoinPool-1-worker-13] ERROR com.intuit.karate - org.apache.http.client.ClientProtocolException, http call failed after 0 milliseconds for URL: v
14:44:54.140 [ForkJoinPool-1-worker-13] ERROR com.intuit.karate - http request failed: 
org.apache.http.client.ClientProtocolException
14:44:54.140 [ForkJoinPool-1-worker-13] ERROR com.intuit.karate - feature call (loop) failed at index: 39
caller: classpath:InspireTest/ngr/datasetrecords/def/checkxlinkurl.template.feature
arg: {"link":"v"}
checkxlinkurl.template.feature:14 - 
org.apache.http.client.ClientProtocolException
14:44:54.141 [ForkJoinPool-1-worker-13] INFO  com.intuit.karate - [print]
14:44:54.142 [ForkJoinPool-1-worker-13] INFO  com.intuit.karate - [print] testing xlinkurl:a
14:44:54.142 [ForkJoinPool-1-worker-13] ERROR com.intuit.karate - org.apache.http.client.ClientProtocolException, http call failed after 0 milliseconds for URL: a
14:44:54.142 [ForkJoinPool-1-worker-13] ERROR com.intuit.karate - http request failed: 
org.apache.http.client.ClientProtocolException
14:44:54.142 [ForkJoinPool-1-worker-13] ERROR com.intuit.karate - feature call (loop) failed at index: 40
caller: classpath:InspireTest/ngr/datasetrecords/def/checkxlinkurl.template.feature
arg: {"link":"a"}
checkxlinkurl.template.feature:14 - 
org.apache.http.client.ClientProtocolException
14:44:54.143 [ForkJoinPool-1-worker-13] INFO  com.intuit.karate - [print]
14:44:54.143 [ForkJoinPool-1-worker-13] INFO  com.intuit.karate - [print] testing xlinkurl:i
14:44:54.144 [ForkJoinPool-1-worker-13] ERROR com.intuit.karate - org.apache.http.client.ClientProtocolException, http call failed after 0 milliseconds for URL: i
14:44:54.144 [ForkJoinPool-1-worker-13] ERROR com.intuit.karate - http request failed: 
org.apache.http.client.ClientProtocolException
14:44:54.144 [ForkJoinPool-1-worker-13] ERROR com.intuit.karate - feature call (loop) failed at index: 41
caller: classpath:InspireTest/ngr/datasetrecords/def/checkxlinkurl.template.feature
arg: {"link":"i"}
checkxlinkurl.template.feature:14 - 
org.apache.http.client.ClientProtocolException
14:44:54.145 [ForkJoinPool-1-worker-13] INFO  com.intuit.karate - [print]
14:44:54.145 [ForkJoinPool-1-worker-13] INFO  com.intuit.karate - [print] testing xlinkurl:l
14:44:54.145 [ForkJoinPool-1-worker-13] ERROR com.intuit.karate - org.apache.http.client.ClientProtocolException, http call failed after 0 milliseconds for URL: l
14:44:54.145 [ForkJoinPool-1-worker-13] ERROR com.intuit.karate - http request failed: 
org.apache.http.client.ClientProtocolException
14:44:54.145 [ForkJoinPool-1-worker-13] ERROR com.intuit.karate - feature call (loop) failed at index: 42
caller: classpath:InspireTest/ngr/datasetrecords/def/checkxlinkurl.template.feature
arg: {"link":"l"}
checkxlinkurl.template.feature:14 - 
org.apache.http.client.ClientProtocolException
14:44:54.146 [ForkJoinPool-1-worker-13] INFO  com.intuit.karate - [print]
14:44:54.146 [ForkJoinPool-1-worker-13] INFO  com.intuit.karate - [print] testing xlinkurl:a
14:44:54.146 [ForkJoinPool-1-worker-13] ERROR com.intuit.karate - org.apache.http.client.ClientProtocolException, http call failed after 0 milliseconds for URL: a
14:44:54.146 [ForkJoinPool-1-worker-13] ERROR com.intuit.karate - http request failed: 
org.apache.http.client.ClientProtocolException
14:44:54.146 [ForkJoinPool-1-worker-13] ERROR com.intuit.karate - feature call (loop) failed at index: 43
caller: classpath:InspireTest/ngr/datasetrecords/def/checkxlinkurl.template.feature
arg: {"link":"a"}
checkxlinkurl.template.feature:14 - 
org.apache.http.client.ClientProtocolException
14:44:54.148 [ForkJoinPool-1-worker-13] INFO  com.intuit.karate - [print]
14:44:54.148 [ForkJoinPool-1-worker-13] INFO  com.intuit.karate - [print] testing xlinkurl:b
14:44:54.150 [ForkJoinPool-1-worker-13] ERROR com.intuit.karate - org.apache.http.client.ClientProtocolException, http call failed after 0 milliseconds for URL: b
14:44:54.150 [ForkJoinPool-1-worker-13] ERROR com.intuit.karate - http request failed: 
org.apache.http.client.ClientProtocolException
14:44:54.150 [ForkJoinPool-1-worker-13] ERROR com.intuit.karate - feature call (loop) failed at index: 44
caller: classpath:InspireTest/ngr/datasetrecords/def/checkxlinkurl.template.feature
arg: {"link":"b"}
checkxlinkurl.template.feature:14 - 
org.apache.http.client.ClientProtocolException
14:44:54.151 [ForkJoinPool-1-worker-13] INFO  com.intuit.karate - [print]
14:44:54.152 [ForkJoinPool-1-worker-13] INFO  com.intuit.karate - [print] testing xlinkurl:l
14:44:54.154 [ForkJoinPool-1-worker-13] ERROR com.intuit.karate - org.apache.http.client.ClientProtocolException, http call failed after 0 milliseconds for URL: l
14:44:54.154 [ForkJoinPool-1-worker-13] ERROR com.intuit.karate - http request failed: 
org.apache.http.client.ClientProtocolException
14:44:54.154 [ForkJoinPool-1-worker-13] ERROR com.intuit.karate - feature call (loop) failed at index: 45
caller: classpath:InspireTest/ngr/datasetrecords/def/checkxlinkurl.template.feature
arg: {"link":"l"}
checkxlinkurl.template.feature:14 - 
org.apache.http.client.ClientProtocolException
14:44:54.154 [ForkJoinPool-1-worker-13] INFO  com.intuit.karate - [print]
14:44:54.155 [ForkJoinPool-1-worker-13] INFO  com.intuit.karate - [print] testing xlinkurl:e
14:44:54.155 [ForkJoinPool-1-worker-13] ERROR com.intuit.karate - org.apache.http.client.ClientProtocolException, http call failed after 0 milliseconds for URL: e
14:44:54.155 [ForkJoinPool-1-worker-13] ERROR com.intuit.karate - http request failed: 
org.apache.http.client.ClientProtocolException
14:44:54.155 [ForkJoinPool-1-worker-13] ERROR com.intuit.karate - feature call (loop) failed at index: 46
caller: classpath:InspireTest/ngr/datasetrecords/def/checkxlinkurl.template.feature
arg: {"link":"e"}
checkxlinkurl.template.feature:14 - 
org.apache.http.client.ClientProtocolException
14:44:54.156 [ForkJoinPool-1-worker-13] INFO  com.intuit.karate - [print]
14:44:54.156 [ForkJoinPool-1-worker-13] INFO  com.intuit.karate - [print] testing xlinkurl:S
14:44:54.157 [ForkJoinPool-1-worker-13] ERROR com.intuit.karate - org.apache.http.client.ClientProtocolException, http call failed after 0 milliseconds for URL: S
14:44:54.157 [ForkJoinPool-1-worker-13] ERROR com.intuit.karate - http request failed: 
org.apache.http.client.ClientProtocolException
14:44:54.157 [ForkJoinPool-1-worker-13] ERROR com.intuit.karate - feature call (loop) failed at index: 47
caller: classpath:InspireTest/ngr/datasetrecords/def/checkxlinkurl.template.feature
arg: {"link":"S"}
checkxlinkurl.template.feature:14 - 
org.apache.http.client.ClientProtocolException
14:44:54.158 [ForkJoinPool-1-worker-13] INFO  com.intuit.karate - [print]
14:44:54.158 [ForkJoinPool-1-worker-13] INFO  com.intuit.karate - [print] testing xlinkurl:t
14:44:54.163 [ForkJoinPool-1-worker-13] ERROR com.intuit.karate - org.apache.http.client.ClientProtocolException, http call failed after 0 milliseconds for URL: t
14:44:54.163 [ForkJoinPool-1-worker-13] ERROR com.intuit.karate - http request failed: 
org.apache.http.client.ClientProtocolException
14:44:54.163 [ForkJoinPool-1-worker-13] ERROR com.intuit.karate - feature call (loop) failed at index: 48
caller: classpath:InspireTest/ngr/datasetrecords/def/checkxlinkurl.template.feature
arg: {"link":"t"}
checkxlinkurl.template.feature:14 - 
org.apache.http.client.ClientProtocolException
14:44:54.164 [ForkJoinPool-1-worker-13] INFO  com.intuit.karate - [print]
14:44:54.164 [ForkJoinPool-1-worker-13] INFO  com.intuit.karate - [print] testing xlinkurl:a
14:44:54.166 [ForkJoinPool-1-worker-13] ERROR com.intuit.karate - org.apache.http.client.ClientProtocolException, http call failed after 0 milliseconds for URL: a
14:44:54.166 [ForkJoinPool-1-worker-13] ERROR com.intuit.karate - http request failed: 
org.apache.http.client.ClientProtocolException
14:44:54.166 [ForkJoinPool-1-worker-13] ERROR com.intuit.karate - feature call (loop) failed at index: 49
caller: classpath:InspireTest/ngr/datasetrecords/def/checkxlinkurl.template.feature
arg: {"link":"a"}
checkxlinkurl.template.feature:14 - 
org.apache.http.client.ClientProtocolException
14:44:54.167 [ForkJoinPool-1-worker-13] INFO  com.intuit.karate - [print]
14:44:54.167 [ForkJoinPool-1-worker-13] INFO  com.intuit.karate - [print] testing xlinkurl:n
14:44:54.168 [ForkJoinPool-1-worker-13] ERROR com.intuit.karate - org.apache.http.client.ClientProtocolException, http call failed after 0 milliseconds for URL: n
14:44:54.168 [ForkJoinPool-1-worker-13] ERROR com.intuit.karate - http request failed: 
org.apache.http.client.ClientProtocolException
14:44:54.168 [ForkJoinPool-1-worker-13] ERROR com.intuit.karate - feature call (loop) failed at index: 50
caller: classpath:InspireTest/ngr/datasetrecords/def/checkxlinkurl.template.feature
arg: {"link":"n"}
checkxlinkurl.template.feature:14 - 
org.apache.http.client.ClientProtocolException
14:44:54.169 [ForkJoinPool-1-worker-13] INFO  com.intuit.karate - [print]
14:44:54.169 [ForkJoinPool-1-worker-13] INFO  com.intuit.karate - [print] testing xlinkurl:d
14:44:54.169 [ForkJoinPool-1-worker-13] ERROR com.intuit.karate - org.apache.http.client.ClientProtocolException, http call failed after 0 milliseconds for URL: d
14:44:54.169 [ForkJoinPool-1-worker-13] ERROR com.intuit.karate - http request failed: 
org.apache.http.client.ClientProtocolException
14:44:54.169 [ForkJoinPool-1-worker-13] ERROR com.intuit.karate - feature call (loop) failed at index: 51
caller: classpath:InspireTest/ngr/datasetrecords/def/checkxlinkurl.template.feature
arg: {"link":"d"}
checkxlinkurl.template.feature:14 - 
org.apache.http.client.ClientProtocolException
14:44:54.170 [ForkJoinPool-1-worker-13] INFO  com.intuit.karate - [print]
14:44:54.170 [ForkJoinPool-1-worker-13] INFO  com.intuit.karate - [print] testing xlinkurl:a
14:44:54.171 [ForkJoinPool-1-worker-13] ERROR com.intuit.karate - org.apache.http.client.ClientProtocolException, http call failed after 0 milliseconds for URL: a
14:44:54.171 [ForkJoinPool-1-worker-13] ERROR com.intuit.karate - http request failed: 
org.apache.http.client.ClientProtocolException
14:44:54.171 [ForkJoinPool-1-worker-13] ERROR com.intuit.karate - feature call (loop) failed at index: 52
caller: classpath:InspireTest/ngr/datasetrecords/def/checkxlinkurl.template.feature
arg: {"link":"a"}
checkxlinkurl.template.feature:14 - 
org.apache.http.client.ClientProtocolException
14:44:54.172 [ForkJoinPool-1-worker-13] INFO  com.intuit.karate - [print]
14:44:54.172 [ForkJoinPool-1-worker-13] INFO  com.intuit.karate - [print] testing xlinkurl:r
14:44:54.172 [ForkJoinPool-1-worker-13] ERROR com.intuit.karate - org.apache.http.client.ClientProtocolException, http call failed after 0 milliseconds for URL: r
14:44:54.172 [ForkJoinPool-1-worker-13] ERROR com.intuit.karate - http request failed: 
org.apache.http.client.ClientProtocolException
14:44:54.172 [ForkJoinPool-1-worker-13] ERROR com.intuit.karate - feature call (loop) failed at index: 53
caller: classpath:InspireTest/ngr/datasetrecords/def/checkxlinkurl.template.feature
arg: {"link":"r"}
checkxlinkurl.template.feature:14 - 
org.apache.http.client.ClientProtocolException
14:44:54.173 [ForkJoinPool-1-worker-13] INFO  com.intuit.karate - [print]
14:44:54.173 [ForkJoinPool-1-worker-13] INFO  com.intuit.karate - [print] testing xlinkurl:d
14:44:54.174 [ForkJoinPool-1-worker-13] ERROR com.intuit.karate - org.apache.http.client.ClientProtocolException, http call failed after 0 milliseconds for URL: d
14:44:54.174 [ForkJoinPool-1-worker-13] ERROR com.intuit.karate - http request failed: 
org.apache.http.client.ClientProtocolException
14:44:54.174 [ForkJoinPool-1-worker-13] ERROR com.intuit.karate - feature call (loop) failed at index: 54
caller: classpath:InspireTest/ngr/datasetrecords/def/checkxlinkurl.template.feature
arg: {"link":"d"}
checkxlinkurl.template.feature:14 - 
org.apache.http.client.ClientProtocolException
14:44:54.174 [ForkJoinPool-1-worker-13] INFO  com.intuit.karate - [print]
14:44:54.175 [ForkJoinPool-1-worker-13] INFO  com.intuit.karate - [print] testing xlinkurl:s
14:44:54.175 [ForkJoinPool-1-worker-13] ERROR com.intuit.karate - org.apache.http.client.ClientProtocolException, http call failed after 0 milliseconds for URL: s
14:44:54.175 [ForkJoinPool-1-worker-13] ERROR com.intuit.karate - http request failed: 
org.apache.http.client.ClientProtocolException
14:44:54.175 [ForkJoinPool-1-worker-13] ERROR com.intuit.karate - feature call (loop) failed at index: 55
caller: classpath:InspireTest/ngr/datasetrecords/def/checkxlinkurl.template.feature
arg: {"link":"s"}
checkxlinkurl.template.feature:14 - 
org.apache.http.client.ClientProtocolException
14:44:54.176 [ForkJoinPool-1-worker-13] INFO  com.intuit.karate - [print]
14:44:54.176 [ForkJoinPool-1-worker-13] INFO  com.intuit.karate - [print] testing xlinkurl:/
14:44:54.176 [ForkJoinPool-1-worker-13] ERROR com.intuit.karate - org.apache.http.client.ClientProtocolException, http call failed after 0 milliseconds for URL: /
14:44:54.176 [ForkJoinPool-1-worker-13] ERROR com.intuit.karate - http request failed: 
org.apache.http.client.ClientProtocolException
14:44:54.177 [ForkJoinPool-1-worker-13] ERROR com.intuit.karate - feature call (loop) failed at index: 56
caller: classpath:InspireTest/ngr/datasetrecords/def/checkxlinkurl.template.feature
arg: {"link":"/"}
checkxlinkurl.template.feature:14 - 
org.apache.http.client.ClientProtocolException
14:44:54.177 [ForkJoinPool-1-worker-13] INFO  com.intuit.karate - [print]
14:44:54.178 [ForkJoinPool-1-worker-13] INFO  com.intuit.karate - [print] testing xlinkurl:I
14:44:54.178 [ForkJoinPool-1-worker-13] ERROR com.intuit.karate - org.apache.http.client.ClientProtocolException, http call failed after 0 milliseconds for URL: I
14:44:54.178 [ForkJoinPool-1-worker-13] ERROR com.intuit.karate - http request failed: 
org.apache.http.client.ClientProtocolException
14:44:54.179 [ForkJoinPool-1-worker-13] ERROR com.intuit.karate - feature call (loop) failed at index: 57
caller: classpath:InspireTest/ngr/datasetrecords/def/checkxlinkurl.template.feature
arg: {"link":"I"}
checkxlinkurl.template.feature:14 - 
org.apache.http.client.ClientProtocolException
14:44:54.180 [ForkJoinPool-1-worker-13] INFO  com.intuit.karate - [print]
14:44:54.180 [ForkJoinPool-1-worker-13] INFO  com.intuit.karate - [print] testing xlinkurl:S
14:44:54.181 [ForkJoinPool-1-worker-13] ERROR com.intuit.karate - org.apache.http.client.ClientProtocolException, http call failed after 0 milliseconds for URL: S
14:44:54.181 [ForkJoinPool-1-worker-13] ERROR com.intuit.karate - http request failed: 
org.apache.http.client.ClientProtocolException
14:44:54.181 [ForkJoinPool-1-worker-13] ERROR com.intuit.karate - feature call (loop) failed at index: 58
caller: classpath:InspireTest/ngr/datasetrecords/def/checkxlinkurl.template.feature
arg: {"link":"S"}
checkxlinkurl.template.feature:14 - 
org.apache.http.client.ClientProtocolException
14:44:54.182 [ForkJoinPool-1-worker-13] INFO  com.intuit.karate - [print]
14:44:54.182 [ForkJoinPool-1-worker-13] INFO  com.intuit.karate - [print] testing xlinkurl:O
14:44:54.182 [ForkJoinPool-1-worker-13] ERROR com.intuit.karate - org.apache.http.client.ClientProtocolException, http call failed after 0 milliseconds for URL: O
14:44:54.182 [ForkJoinPool-1-worker-13] ERROR com.intuit.karate - http request failed: 
org.apache.http.client.ClientProtocolException
14:44:54.182 [ForkJoinPool-1-worker-13] ERROR com.intuit.karate - feature call (loop) failed at index: 59
caller: classpath:InspireTest/ngr/datasetrecords/def/checkxlinkurl.template.feature
arg: {"link":"O"}
checkxlinkurl.template.feature:14 - 
org.apache.http.client.ClientProtocolException
14:44:54.183 [ForkJoinPool-1-worker-13] INFO  com.intuit.karate - [print]
14:44:54.183 [ForkJoinPool-1-worker-13] INFO  com.intuit.karate - [print] testing xlinkurl:_
14:44:54.188 [ForkJoinPool-1-worker-13] ERROR com.intuit.karate - org.apache.http.client.ClientProtocolException, http call failed after 0 milliseconds for URL: _
14:44:54.188 [ForkJoinPool-1-worker-13] ERROR com.intuit.karate - http request failed: 
org.apache.http.client.ClientProtocolException
14:44:54.188 [ForkJoinPool-1-worker-13] ERROR com.intuit.karate - feature call (loop) failed at index: 60
caller: classpath:InspireTest/ngr/datasetrecords/def/checkxlinkurl.template.feature
arg: {"link":"_"}
checkxlinkurl.template.feature:14 - 
org.apache.http.client.ClientProtocolException
14:44:54.189 [ForkJoinPool-1-worker-13] INFO  com.intuit.karate - [print]
14:44:54.189 [ForkJoinPool-1-worker-13] INFO  com.intuit.karate - [print] testing xlinkurl:1
14:44:54.189 [ForkJoinPool-1-worker-13] ERROR com.intuit.karate - org.apache.http.client.ClientProtocolException, http call failed after 0 milliseconds for URL: 1
14:44:54.190 [ForkJoinPool-1-worker-13] ERROR com.intuit.karate - http request failed: 
org.apache.http.client.ClientProtocolException
14:44:54.190 [ForkJoinPool-1-worker-13] ERROR com.intuit.karate - feature call (loop) failed at index: 61
caller: classpath:InspireTest/ngr/datasetrecords/def/checkxlinkurl.template.feature
arg: {"link":"1"}
checkxlinkurl.template.feature:14 - 
org.apache.http.client.ClientProtocolException
14:44:54.190 [ForkJoinPool-1-worker-13] INFO  com.intuit.karate - [print]
14:44:54.191 [ForkJoinPool-1-worker-13] INFO  com.intuit.karate - [print] testing xlinkurl:9
14:44:54.191 [ForkJoinPool-1-worker-13] ERROR com.intuit.karate - org.apache.http.client.ClientProtocolException, http call failed after 0 milliseconds for URL: 9
14:44:54.191 [ForkJoinPool-1-worker-13] ERROR com.intuit.karate - http request failed: 
org.apache.http.client.ClientProtocolException
14:44:54.191 [ForkJoinPool-1-worker-13] ERROR com.intuit.karate - feature call (loop) failed at index: 62
caller: classpath:InspireTest/ngr/datasetrecords/def/checkxlinkurl.template.feature
arg: {"link":"9"}
checkxlinkurl.template.feature:14 - 
org.apache.http.client.ClientProtocolException
14:44:54.192 [ForkJoinPool-1-worker-13] INFO  com.intuit.karate - [print]
14:44:54.192 [ForkJoinPool-1-worker-13] INFO  com.intuit.karate - [print] testing xlinkurl:1
14:44:54.192 [ForkJoinPool-1-worker-13] ERROR com.intuit.karate - org.apache.http.client.ClientProtocolException, http call failed after 0 milliseconds for URL: 1
14:44:54.192 [ForkJoinPool-1-worker-13] ERROR com.intuit.karate - http request failed: 
org.apache.http.client.ClientProtocolException
14:44:54.193 [ForkJoinPool-1-worker-13] ERROR com.intuit.karate - feature call (loop) failed at index: 63
caller: classpath:InspireTest/ngr/datasetrecords/def/checkxlinkurl.template.feature
arg: {"link":"1"}
checkxlinkurl.template.feature:14 - 
org.apache.http.client.ClientProtocolException
14:44:54.193 [ForkJoinPool-1-worker-13] INFO  com.intuit.karate - [print]
14:44:54.194 [ForkJoinPool-1-worker-13] INFO  com.intuit.karate - [print] testing xlinkurl:3
14:44:54.194 [ForkJoinPool-1-worker-13] ERROR com.intuit.karate - org.apache.http.client.ClientProtocolException, http call failed after 0 milliseconds for URL: 3
14:44:54.194 [ForkJoinPool-1-worker-13] ERROR com.intuit.karate - http request failed: 
org.apache.http.client.ClientProtocolException
14:44:54.194 [ForkJoinPool-1-worker-13] ERROR com.intuit.karate - feature call (loop) failed at index: 64
caller: classpath:InspireTest/ngr/datasetrecords/def/checkxlinkurl.template.feature
arg: {"link":"3"}
checkxlinkurl.template.feature:14 - 
org.apache.http.client.ClientProtocolException
14:44:54.195 [ForkJoinPool-1-worker-13] INFO  com.intuit.karate - [print]
14:44:54.195 [ForkJoinPool-1-worker-13] INFO  com.intuit.karate - [print] testing xlinkurl:9
14:44:54.195 [ForkJoinPool-1-worker-13] ERROR com.intuit.karate - org.apache.http.client.ClientProtocolException, http call failed after 0 milliseconds for URL: 9
14:44:54.195 [ForkJoinPool-1-worker-13] ERROR com.intuit.karate - http request failed: 
org.apache.http.client.ClientProtocolException
14:44:54.196 [ForkJoinPool-1-worker-13] ERROR com.intuit.karate - feature call (loop) failed at index: 65
caller: classpath:InspireTest/ngr/datasetrecords/def/checkxlinkurl.template.feature
arg: {"link":"9"}
checkxlinkurl.template.feature:14 - 
org.apache.http.client.ClientProtocolException
14:44:54.196 [ForkJoinPool-1-worker-13] INFO  com.intuit.karate - [print]
14:44:54.196 [ForkJoinPool-1-worker-13] INFO  com.intuit.karate - [print] testing xlinkurl:_
14:44:54.197 [ForkJoinPool-1-worker-13] ERROR com.intuit.karate - org.apache.http.client.ClientProtocolException, http call failed after 0 milliseconds for URL: _
14:44:54.197 [ForkJoinPool-1-worker-13] ERROR com.intuit.karate - http request failed: 
org.apache.http.client.ClientProtocolException
14:44:54.197 [ForkJoinPool-1-worker-13] ERROR com.intuit.karate - feature call (loop) failed at index: 66
caller: classpath:InspireTest/ngr/datasetrecords/def/checkxlinkurl.template.feature
arg: {"link":"_"}
checkxlinkurl.template.feature:14 - 
org.apache.http.client.ClientProtocolException
14:44:54.198 [ForkJoinPool-1-worker-13] INFO  com.intuit.karate - [print]
14:44:54.198 [ForkJoinPool-1-worker-13] INFO  com.intuit.karate - [print] testing xlinkurl:S
14:44:54.198 [ForkJoinPool-1-worker-13] ERROR com.intuit.karate - org.apache.http.client.ClientProtocolException, http call failed after 0 milliseconds for URL: S
14:44:54.198 [ForkJoinPool-1-worker-13] ERROR com.intuit.karate - http request failed: 
org.apache.http.client.ClientProtocolException
14:44:54.198 [ForkJoinPool-1-worker-13] ERROR com.intuit.karate - feature call (loop) failed at index: 67
caller: classpath:InspireTest/ngr/datasetrecords/def/checkxlinkurl.template.feature
arg: {"link":"S"}
checkxlinkurl.template.feature:14 - 
org.apache.http.client.ClientProtocolException
14:44:54.199 [ForkJoinPool-1-worker-13] INFO  com.intuit.karate - [print]
14:44:54.199 [ForkJoinPool-1-worker-13] INFO  com.intuit.karate - [print] testing xlinkurl:c
14:44:54.200 [ForkJoinPool-1-worker-13] ERROR com.intuit.karate - org.apache.http.client.ClientProtocolException, http call failed after 0 milliseconds for URL: c
14:44:54.200 [ForkJoinPool-1-worker-13] ERROR com.intuit.karate - http request failed: 
org.apache.http.client.ClientProtocolException
14:44:54.200 [ForkJoinPool-1-worker-13] ERROR com.intuit.karate - feature call (loop) failed at index: 68
caller: classpath:InspireTest/ngr/datasetrecords/def/checkxlinkurl.template.feature
arg: {"link":"c"}
checkxlinkurl.template.feature:14 - 
org.apache.http.client.ClientProtocolException
14:44:54.201 [ForkJoinPool-1-worker-13] INFO  com.intuit.karate - [print]
14:44:54.201 [ForkJoinPool-1-worker-13] INFO  com.intuit.karate - [print] testing xlinkurl:h
14:44:54.201 [ForkJoinPool-1-worker-13] ERROR com.intuit.karate - org.apache.http.client.ClientProtocolException, http call failed after 0 milliseconds for URL: h
14:44:54.209 [ForkJoinPool-1-worker-13] ERROR com.intuit.karate - http request failed: 
org.apache.http.client.ClientProtocolException
14:44:54.209 [ForkJoinPool-1-worker-13] ERROR com.intuit.karate - feature call (loop) failed at index: 69
caller: classpath:InspireTest/ngr/datasetrecords/def/checkxlinkurl.template.feature
arg: {"link":"h"}
checkxlinkurl.template.feature:14 - 
org.apache.http.client.ClientProtocolException
14:44:54.210 [ForkJoinPool-1-worker-13] INFO  com.intuit.karate - [print]
14:44:54.219 [ForkJoinPool-1-worker-13] INFO  com.intuit.karate - [print] testing xlinkurl:e
14:44:54.222 [ForkJoinPool-1-worker-13] ERROR com.intuit.karate - org.apache.http.client.ClientProtocolException, http call failed after 0 milliseconds for URL: e
14:44:54.223 [ForkJoinPool-1-worker-13] ERROR com.intuit.karate - http request failed: 
org.apache.http.client.ClientProtocolException
14:44:54.224 [ForkJoinPool-1-worker-13] ERROR com.intuit.karate - feature call (loop) failed at index: 70
caller: classpath:InspireTest/ngr/datasetrecords/def/checkxlinkurl.template.feature
arg: {"link":"e"}
checkxlinkurl.template.feature:14 - 
org.apache.http.client.ClientProtocolException
14:44:54.224 [ForkJoinPool-1-worker-13] INFO  com.intuit.karate - [print]
14:44:54.225 [ForkJoinPool-1-worker-13] INFO  com.intuit.karate - [print] testing xlinkurl:m
14:44:54.225 [ForkJoinPool-1-worker-13] ERROR com.intuit.karate - org.apache.http.client.ClientProtocolException, http call failed after 0 milliseconds for URL: m
14:44:54.225 [ForkJoinPool-1-worker-13] ERROR com.intuit.karate - http request failed: 
org.apache.http.client.ClientProtocolException
14:44:54.225 [ForkJoinPool-1-worker-13] ERROR com.intuit.karate - feature call (loop) failed at index: 71
caller: classpath:InspireTest/ngr/datasetrecords/def/checkxlinkurl.template.feature
arg: {"link":"m"}
checkxlinkurl.template.feature:14 - 
org.apache.http.client.ClientProtocolException
14:44:54.226 [ForkJoinPool-1-worker-13] INFO  com.intuit.karate - [print]
14:44:54.226 [ForkJoinPool-1-worker-13] INFO  com.intuit.karate - [print] testing xlinkurl:a
14:44:54.226 [ForkJoinPool-1-worker-13] ERROR com.intuit.karate - org.apache.http.client.ClientProtocolException, http call failed after 0 milliseconds for URL: a
14:44:54.227 [ForkJoinPool-1-worker-13] ERROR com.intuit.karate - http request failed: 
org.apache.http.client.ClientProtocolException
14:44:54.227 [ForkJoinPool-1-worker-13] ERROR com.intuit.karate - feature call (loop) failed at index: 72
caller: classpath:InspireTest/ngr/datasetrecords/def/checkxlinkurl.template.feature
arg: {"link":"a"}
checkxlinkurl.template.feature:14 - 
org.apache.http.client.ClientProtocolException
14:44:54.227 [ForkJoinPool-1-worker-13] INFO  com.intuit.karate - [print]
14:44:54.227 [ForkJoinPool-1-worker-13] INFO  com.intuit.karate - [print] testing xlinkurl:s
14:44:54.228 [ForkJoinPool-1-worker-13] ERROR com.intuit.karate - org.apache.http.client.ClientProtocolException, http call failed after 0 milliseconds for URL: s
14:44:54.228 [ForkJoinPool-1-worker-13] ERROR com.intuit.karate - http request failed: 
org.apache.http.client.ClientProtocolException
14:44:54.228 [ForkJoinPool-1-worker-13] ERROR com.intuit.karate - feature call (loop) failed at index: 73
caller: classpath:InspireTest/ngr/datasetrecords/def/checkxlinkurl.template.feature
arg: {"link":"s"}
checkxlinkurl.template.feature:14 - 
org.apache.http.client.ClientProtocolException
14:44:54.234 [ForkJoinPool-1-worker-13] INFO  com.intuit.karate - [print]
14:44:54.240 [ForkJoinPool-1-worker-13] INFO  com.intuit.karate - [print] testing xlinkurl:/
14:44:54.240 [ForkJoinPool-1-worker-13] ERROR com.intuit.karate - org.apache.http.client.ClientProtocolException, http call failed after 0 milliseconds for URL: /
14:44:54.240 [ForkJoinPool-1-worker-13] ERROR com.intuit.karate - http request failed: 
org.apache.http.client.ClientProtocolException
14:44:54.240 [ForkJoinPool-1-worker-13] ERROR com.intuit.karate - feature call (loop) failed at index: 74
caller: classpath:InspireTest/ngr/datasetrecords/def/checkxlinkurl.template.feature
arg: {"link":"/"}
checkxlinkurl.template.feature:14 - 
org.apache.http.client.ClientProtocolException
14:44:54.241 [ForkJoinPool-1-worker-13] INFO  com.intuit.karate - [print]
14:44:54.241 [ForkJoinPool-1-worker-13] INFO  com.intuit.karate - [print] testing xlinkurl:r
14:44:54.242 [ForkJoinPool-1-worker-13] ERROR com.intuit.karate - org.apache.http.client.ClientProtocolException, http call failed after 0 milliseconds for URL: r
14:44:54.242 [ForkJoinPool-1-worker-13] ERROR com.intuit.karate - http request failed: 
org.apache.http.client.ClientProtocolException
14:44:54.242 [ForkJoinPool-1-worker-13] ERROR com.intuit.karate - feature call (loop) failed at index: 75
caller: classpath:InspireTest/ngr/datasetrecords/def/checkxlinkurl.template.feature
arg: {"link":"r"}
checkxlinkurl.template.feature:14 - 
org.apache.http.client.ClientProtocolException
14:44:54.243 [ForkJoinPool-1-worker-13] INFO  com.intuit.karate - [print]
14:44:54.243 [ForkJoinPool-1-worker-13] INFO  com.intuit.karate - [print] testing xlinkurl:e
14:44:54.243 [ForkJoinPool-1-worker-13] ERROR com.intuit.karate - org.apache.http.client.ClientProtocolException, http call failed after 0 milliseconds for URL: e
14:44:54.243 [ForkJoinPool-1-worker-13] ERROR com.intuit.karate - http request failed: 
org.apache.http.client.ClientProtocolException
14:44:54.244 [ForkJoinPool-1-worker-13] ERROR com.intuit.karate - feature call (loop) failed at index: 76
caller: classpath:InspireTest/ngr/datasetrecords/def/checkxlinkurl.template.feature
arg: {"link":"e"}
checkxlinkurl.template.feature:14 - 
org.apache.http.client.ClientProtocolException
14:44:54.244 [ForkJoinPool-1-worker-13] INFO  com.intuit.karate - [print]
14:44:54.244 [ForkJoinPool-1-worker-13] INFO  com.intuit.karate - [print] testing xlinkurl:s
14:44:54.245 [ForkJoinPool-1-worker-13] ERROR com.intuit.karate - org.apache.http.client.ClientProtocolException, http call failed after 0 milliseconds for URL: s
14:44:54.245 [ForkJoinPool-1-worker-13] ERROR com.intuit.karate - http request failed: 
org.apache.http.client.ClientProtocolException
14:44:54.245 [ForkJoinPool-1-worker-13] ERROR com.intuit.karate - feature call (loop) failed at index: 77
caller: classpath:InspireTest/ngr/datasetrecords/def/checkxlinkurl.template.feature
arg: {"link":"s"}
checkxlinkurl.template.feature:14 - 
org.apache.http.client.ClientProtocolException
14:44:54.246 [ForkJoinPool-1-worker-13] INFO  com.intuit.karate - [print]
14:44:54.246 [ForkJoinPool-1-worker-13] INFO  com.intuit.karate - [print] testing xlinkurl:o
14:44:54.246 [ForkJoinPool-1-worker-13] ERROR com.intuit.karate - org.apache.http.client.ClientProtocolException, http call failed after 0 milliseconds for URL: o
14:44:54.246 [ForkJoinPool-1-worker-13] ERROR com.intuit.karate - http request failed: 
org.apache.http.client.ClientProtocolException
14:44:54.246 [ForkJoinPool-1-worker-13] ERROR com.intuit.karate - feature call (loop) failed at index: 78
caller: classpath:InspireTest/ngr/datasetrecords/def/checkxlinkurl.template.feature
arg: {"link":"o"}
checkxlinkurl.template.feature:14 - 
org.apache.http.client.ClientProtocolException
14:44:54.247 [ForkJoinPool-1-worker-13] INFO  com.intuit.karate - [print]
14:44:54.247 [ForkJoinPool-1-worker-13] INFO  com.intuit.karate - [print] testing xlinkurl:u
14:44:54.247 [ForkJoinPool-1-worker-13] ERROR com.intuit.karate - org.apache.http.client.ClientProtocolException, http call failed after 0 milliseconds for URL: u
14:44:54.247 [ForkJoinPool-1-worker-13] ERROR com.intuit.karate - http request failed: 
org.apache.http.client.ClientProtocolException
14:44:54.249 [ForkJoinPool-1-worker-13] ERROR com.intuit.karate - feature call (loop) failed at index: 79
caller: classpath:InspireTest/ngr/datasetrecords/def/checkxlinkurl.template.feature
arg: {"link":"u"}
checkxlinkurl.template.feature:14 - 
org.apache.http.client.ClientProtocolException
14:44:54.249 [ForkJoinPool-1-worker-13] INFO  com.intuit.karate - [print]
14:44:54.249 [ForkJoinPool-1-worker-13] INFO  com.intuit.karate - [print] testing xlinkurl:r
14:44:54.250 [ForkJoinPool-1-worker-13] ERROR com.intuit.karate - org.apache.http.client.ClientProtocolException, http call failed after 0 milliseconds for URL: r
14:44:54.250 [ForkJoinPool-1-worker-13] ERROR com.intuit.karate - http request failed: 
org.apache.http.client.ClientProtocolException
14:44:54.250 [ForkJoinPool-1-worker-13] ERROR com.intuit.karate - feature call (loop) failed at index: 80
caller: classpath:InspireTest/ngr/datasetrecords/def/checkxlinkurl.template.feature
arg: {"link":"r"}
checkxlinkurl.template.feature:14 - 
org.apache.http.client.ClientProtocolException
14:44:54.251 [ForkJoinPool-1-worker-13] INFO  com.intuit.karate - [print]
14:44:54.251 [ForkJoinPool-1-worker-13] INFO  com.intuit.karate - [print] testing xlinkurl:c
14:44:54.251 [ForkJoinPool-1-worker-13] ERROR com.intuit.karate - org.apache.http.client.ClientProtocolException, http call failed after 0 milliseconds for URL: c
14:44:54.252 [ForkJoinPool-1-worker-13] ERROR com.intuit.karate - http request failed: 
org.apache.http.client.ClientProtocolException
14:44:54.252 [ForkJoinPool-1-worker-13] ERROR com.intuit.karate - feature call (loop) failed at index: 81
caller: classpath:InspireTest/ngr/datasetrecords/def/checkxlinkurl.template.feature
arg: {"link":"c"}
checkxlinkurl.template.feature:14 - 
org.apache.http.client.ClientProtocolException
14:44:54.252 [ForkJoinPool-1-worker-13] INFO  com.intuit.karate - [print]
14:44:54.253 [ForkJoinPool-1-worker-13] INFO  com.intuit.karate - [print] testing xlinkurl:e
14:44:54.253 [ForkJoinPool-1-worker-13] ERROR com.intuit.karate - org.apache.http.client.ClientProtocolException, http call failed after 0 milliseconds for URL: e
14:44:54.253 [ForkJoinPool-1-worker-13] ERROR com.intuit.karate - http request failed: 
org.apache.http.client.ClientProtocolException
14:44:54.254 [ForkJoinPool-1-worker-13] ERROR com.intuit.karate - feature call (loop) failed at index: 82
caller: classpath:InspireTest/ngr/datasetrecords/def/checkxlinkurl.template.feature
arg: {"link":"e"}
checkxlinkurl.template.feature:14 - 
org.apache.http.client.ClientProtocolException
14:44:54.254 [ForkJoinPool-1-worker-13] INFO  com.intuit.karate - [print]
14:44:54.255 [ForkJoinPool-1-worker-13] INFO  com.intuit.karate - [print] testing xlinkurl:s
14:44:54.255 [ForkJoinPool-1-worker-13] ERROR com.intuit.karate - org.apache.http.client.ClientProtocolException, http call failed after 0 milliseconds for URL: s
14:44:54.255 [ForkJoinPool-1-worker-13] ERROR com.intuit.karate - http request failed: 
org.apache.http.client.ClientProtocolException
14:44:54.255 [ForkJoinPool-1-worker-13] ERROR com.intuit.karate - feature call (loop) failed at index: 83
caller: classpath:InspireTest/ngr/datasetrecords/def/checkxlinkurl.template.feature
arg: {"link":"s"}
checkxlinkurl.template.feature:14 - 
org.apache.http.client.ClientProtocolException
14:44:54.256 [ForkJoinPool-1-worker-13] INFO  com.intuit.karate - [print]
14:44:54.256 [ForkJoinPool-1-worker-13] INFO  com.intuit.karate - [print] testing xlinkurl:/
14:44:54.257 [ForkJoinPool-1-worker-13] ERROR com.intuit.karate - org.apache.http.client.ClientProtocolException, http call failed after 0 milliseconds for URL: /
14:44:54.257 [ForkJoinPool-1-worker-13] ERROR com.intuit.karate - http request failed: 
org.apache.http.client.ClientProtocolException
14:44:54.257 [ForkJoinPool-1-worker-13] ERROR com.intuit.karate - feature call (loop) failed at index: 84
caller: classpath:InspireTest/ngr/datasetrecords/def/checkxlinkurl.template.feature
arg: {"link":"/"}
checkxlinkurl.template.feature:14 - 
org.apache.http.client.ClientProtocolException
14:44:54.257 [ForkJoinPool-1-worker-13] INFO  com.intuit.karate - [print]
14:44:54.258 [ForkJoinPool-1-worker-13] INFO  com.intuit.karate - [print] testing xlinkurl:u
14:44:54.258 [ForkJoinPool-1-worker-13] ERROR com.intuit.karate - org.apache.http.client.ClientProtocolException, http call failed after 0 milliseconds for URL: u
14:44:54.258 [ForkJoinPool-1-worker-13] ERROR com.intuit.karate - http request failed: 
org.apache.http.client.ClientProtocolException
14:44:54.258 [ForkJoinPool-1-worker-13] ERROR com.intuit.karate - feature call (loop) failed at index: 85
caller: classpath:InspireTest/ngr/datasetrecords/def/checkxlinkurl.template.feature
arg: {"link":"u"}
checkxlinkurl.template.feature:14 - 
org.apache.http.client.ClientProtocolException
14:44:54.259 [ForkJoinPool-1-worker-13] INFO  com.intuit.karate - [print]
14:44:54.259 [ForkJoinPool-1-worker-13] INFO  com.intuit.karate - [print] testing xlinkurl:o
14:44:54.260 [ForkJoinPool-1-worker-13] ERROR com.intuit.karate - org.apache.http.client.ClientProtocolException, http call failed after 0 milliseconds for URL: o
14:44:54.260 [ForkJoinPool-1-worker-13] ERROR com.intuit.karate - http request failed: 
org.apache.http.client.ClientProtocolException
14:44:54.260 [ForkJoinPool-1-worker-13] ERROR com.intuit.karate - feature call (loop) failed at index: 86
caller: classpath:InspireTest/ngr/datasetrecords/def/checkxlinkurl.template.feature
arg: {"link":"o"}
checkxlinkurl.template.feature:14 - 
org.apache.http.client.ClientProtocolException
14:44:54.260 [ForkJoinPool-1-worker-13] INFO  com.intuit.karate - [print]
14:44:54.261 [ForkJoinPool-1-worker-13] INFO  com.intuit.karate - [print] testing xlinkurl:m
14:44:54.261 [ForkJoinPool-1-worker-13] ERROR com.intuit.karate - org.apache.http.client.ClientProtocolException, http call failed after 0 milliseconds for URL: m
14:44:54.261 [ForkJoinPool-1-worker-13] ERROR com.intuit.karate - http request failed: 
org.apache.http.client.ClientProtocolException
14:44:54.261 [ForkJoinPool-1-worker-13] ERROR com.intuit.karate - feature call (loop) failed at index: 87
caller: classpath:InspireTest/ngr/datasetrecords/def/checkxlinkurl.template.feature
arg: {"link":"m"}
checkxlinkurl.template.feature:14 - 
org.apache.http.client.ClientProtocolException
14:44:54.262 [ForkJoinPool-1-worker-13] INFO  com.intuit.karate - [print]
14:44:54.262 [ForkJoinPool-1-worker-13] INFO  com.intuit.karate - [print] testing xlinkurl:/
14:44:54.268 [ForkJoinPool-1-worker-13] ERROR com.intuit.karate - org.apache.http.client.ClientProtocolException, http call failed after 0 milliseconds for URL: /
14:44:54.270 [ForkJoinPool-1-worker-13] ERROR com.intuit.karate - http request failed: 
org.apache.http.client.ClientProtocolException
14:44:54.270 [ForkJoinPool-1-worker-13] ERROR com.intuit.karate - feature call (loop) failed at index: 88
caller: classpath:InspireTest/ngr/datasetrecords/def/checkxlinkurl.template.feature
arg: {"link":"/"}
checkxlinkurl.template.feature:14 - 
org.apache.http.client.ClientProtocolException
14:44:54.273 [ForkJoinPool-1-worker-13] INFO  com.intuit.karate - [print]
14:44:54.273 [ForkJoinPool-1-worker-13] INFO  com.intuit.karate - [print] testing xlinkurl:g
14:44:54.273 [ForkJoinPool-1-worker-13] ERROR com.intuit.karate - org.apache.http.client.ClientProtocolException, http call failed after 0 milliseconds for URL: g
14:44:54.273 [ForkJoinPool-1-worker-13] ERROR com.intuit.karate - http request failed: 
org.apache.http.client.ClientProtocolException
14:44:54.274 [ForkJoinPool-1-worker-13] ERROR com.intuit.karate - feature call (loop) failed at index: 89
caller: classpath:InspireTest/ngr/datasetrecords/def/checkxlinkurl.template.feature
arg: {"link":"g"}
checkxlinkurl.template.feature:14 - 
org.apache.http.client.ClientProtocolException
14:44:54.274 [ForkJoinPool-1-worker-13] INFO  com.intuit.karate - [print]
14:44:54.275 [ForkJoinPool-1-worker-13] INFO  com.intuit.karate - [print] testing xlinkurl:m
14:44:54.276 [ForkJoinPool-1-worker-13] ERROR com.intuit.karate - org.apache.http.client.ClientProtocolException, http call failed after 0 milliseconds for URL: m
14:44:54.277 [ForkJoinPool-1-worker-13] ERROR com.intuit.karate - http request failed: 
org.apache.http.client.ClientProtocolException
14:44:54.278 [ForkJoinPool-1-worker-13] ERROR com.intuit.karate - feature call (loop) failed at index: 90
caller: classpath:InspireTest/ngr/datasetrecords/def/checkxlinkurl.template.feature
arg: {"link":"m"}
checkxlinkurl.template.feature:14 - 
org.apache.http.client.ClientProtocolException
14:44:54.279 [ForkJoinPool-1-worker-13] INFO  com.intuit.karate - [print]
14:44:54.281 [ForkJoinPool-1-worker-13] INFO  com.intuit.karate - [print] testing xlinkurl:x
14:44:54.282 [ForkJoinPool-1-worker-13] ERROR com.intuit.karate - org.apache.http.client.ClientProtocolException, http call failed after 0 milliseconds for URL: x
14:44:54.283 [ForkJoinPool-1-worker-13] ERROR com.intuit.karate - http request failed: 
org.apache.http.client.ClientProtocolException
14:44:54.284 [ForkJoinPool-1-worker-13] ERROR com.intuit.karate - feature call (loop) failed at index: 91
caller: classpath:InspireTest/ngr/datasetrecords/def/checkxlinkurl.template.feature
arg: {"link":"x"}
checkxlinkurl.template.feature:14 - 
org.apache.http.client.ClientProtocolException
14:44:54.286 [ForkJoinPool-1-worker-13] INFO  com.intuit.karate - [print]
14:44:54.292 [ForkJoinPool-1-worker-7] ERROR com.intuit.karate - javax.net.ssl.SSLException: Connection reset, http call failed after 343 milliseconds for URL: https://data.rivm.nl/inspire/id#1e3a98db-5d5e-4e61-8b64-1d132ddb439e
14:44:54.292 [ForkJoinPool-1-worker-7] ERROR com.intuit.karate - http request failed: 
javax.net.ssl.SSLException: Connection reset
14:44:54.292 [ForkJoinPool-1-worker-7] ERROR com.intuit.karate - feature call (loop) failed at index: 0
caller: classpath:InspireTest/ngr/datasetrecords/def/checkxlinkurl.template.feature
arg: {"link":"https://data.rivm.nl/inspire/id#1e3a98db-5d5e-4e61-8b64-1d132ddb439e"}
checkxlinkurl.template.feature:14 - 
javax.net.ssl.SSLException: Connection reset
14:44:54.297 [ForkJoinPool-1-worker-13] INFO  com.intuit.karate - [print] testing xlinkurl:U
14:44:54.298 [ForkJoinPool-1-worker-13] ERROR com.intuit.karate - org.apache.http.client.ClientProtocolException, http call failed after 0 milliseconds for URL: U
14:44:54.298 [ForkJoinPool-1-worker-13] ERROR com.intuit.karate - http request failed: 
org.apache.http.client.ClientProtocolException
14:44:54.298 [ForkJoinPool-1-worker-13] ERROR com.intuit.karate - feature call (loop) failed at index: 92
caller: classpath:InspireTest/ngr/datasetrecords/def/checkxlinkurl.template.feature
arg: {"link":"U"}
checkxlinkurl.template.feature:14 - 
org.apache.http.client.ClientProtocolException
14:44:54.299 [ForkJoinPool-1-worker-13] INFO  com.intuit.karate - [print]
14:44:54.299 [ForkJoinPool-1-worker-13] INFO  com.intuit.karate - [print] testing xlinkurl:o
14:44:54.299 [ForkJoinPool-1-worker-13] ERROR com.intuit.karate - org.apache.http.client.ClientProtocolException, http call failed after 0 milliseconds for URL: o
14:44:54.299 [ForkJoinPool-1-worker-13] ERROR com.intuit.karate - http request failed: 
org.apache.http.client.ClientProtocolException
14:44:54.300 [ForkJoinPool-1-worker-13] ERROR com.intuit.karate - feature call (loop) failed at index: 93
caller: classpath:InspireTest/ngr/datasetrecords/def/checkxlinkurl.template.feature
arg: {"link":"o"}
checkxlinkurl.template.feature:14 - 
org.apache.http.client.ClientProtocolException
14:44:54.300 [ForkJoinPool-1-worker-13] INFO  com.intuit.karate - [print]
14:44:54.301 [ForkJoinPool-1-worker-13] INFO  com.intuit.karate - [print] testing xlinkurl:m
14:44:54.302 [ForkJoinPool-1-worker-13] ERROR com.intuit.karate - org.apache.http.client.ClientProtocolException, http call failed after 0 milliseconds for URL: m
14:44:54.302 [ForkJoinPool-1-worker-13] ERROR com.intuit.karate - http request failed: 
org.apache.http.client.ClientProtocolException
14:44:54.303 [ForkJoinPool-1-worker-13] ERROR com.intuit.karate - feature call (loop) failed at index: 94
caller: classpath:InspireTest/ngr/datasetrecords/def/checkxlinkurl.template.feature
arg: {"link":"m"}
checkxlinkurl.template.feature:14 - 
org.apache.http.client.ClientProtocolException
14:44:54.304 [ForkJoinPool-1-worker-13] INFO  com.intuit.karate - [print]
14:44:54.306 [ForkJoinPool-1-worker-13] INFO  com.intuit.karate - [print] testing xlinkurl:.
14:44:54.306 [ForkJoinPool-1-worker-13] ERROR com.intuit.karate - org.apache.http.client.ClientProtocolException, http call failed after 0 milliseconds for URL: .
14:44:54.307 [ForkJoinPool-1-worker-13] ERROR com.intuit.karate - http request failed: 
org.apache.http.client.ClientProtocolException
14:44:54.307 [ForkJoinPool-1-worker-13] ERROR com.intuit.karate - feature call (loop) failed at index: 95
caller: classpath:InspireTest/ngr/datasetrecords/def/checkxlinkurl.template.feature
arg: {"link":"."}
checkxlinkurl.template.feature:14 - 
org.apache.http.client.ClientProtocolException
14:44:54.308 [ForkJoinPool-1-worker-13] INFO  com.intuit.karate - [print]
14:44:54.310 [ForkJoinPool-1-worker-13] INFO  com.intuit.karate - [print] testing xlinkurl:x
14:44:54.311 [ForkJoinPool-1-worker-13] ERROR com.intuit.karate - org.apache.http.client.ClientProtocolException, http call failed after 0 milliseconds for URL: x
14:44:54.311 [ForkJoinPool-1-worker-13] ERROR com.intuit.karate - http request failed: 
org.apache.http.client.ClientProtocolException
14:44:54.316 [ForkJoinPool-1-worker-13] ERROR com.intuit.karate - feature call (loop) failed at index: 96
caller: classpath:InspireTest/ngr/datasetrecords/def/checkxlinkurl.template.feature
arg: {"link":"x"}
checkxlinkurl.template.feature:14 - 
org.apache.http.client.ClientProtocolException
14:44:54.317 [ForkJoinPool-1-worker-13] INFO  com.intuit.karate - [print]
14:44:54.317 [ForkJoinPool-1-worker-13] INFO  com.intuit.karate - [print] testing xlinkurl:m
14:44:54.317 [ForkJoinPool-1-worker-13] ERROR com.intuit.karate - org.apache.http.client.ClientProtocolException, http call failed after 0 milliseconds for URL: m
14:44:54.317 [ForkJoinPool-1-worker-13] ERROR com.intuit.karate - http request failed: 
org.apache.http.client.ClientProtocolException
14:44:54.317 [ForkJoinPool-1-worker-13] ERROR com.intuit.karate - feature call (loop) failed at index: 97
caller: classpath:InspireTest/ngr/datasetrecords/def/checkxlinkurl.template.feature
arg: {"link":"m"}
checkxlinkurl.template.feature:14 - 
org.apache.http.client.ClientProtocolException
14:44:54.318 [ForkJoinPool-1-worker-13] INFO  com.intuit.karate - [print]
14:44:54.318 [ForkJoinPool-1-worker-13] INFO  com.intuit.karate - [print] testing xlinkurl:l
14:44:54.318 [ForkJoinPool-1-worker-13] ERROR com.intuit.karate - org.apache.http.client.ClientProtocolException, http call failed after 0 milliseconds for URL: l
14:44:54.318 [ForkJoinPool-1-worker-13] ERROR com.intuit.karate - http request failed: 
org.apache.http.client.ClientProtocolException
14:44:54.319 [ForkJoinPool-1-worker-13] ERROR com.intuit.karate - feature call (loop) failed at index: 98
caller: classpath:InspireTest/ngr/datasetrecords/def/checkxlinkurl.template.feature
arg: {"link":"l"}
checkxlinkurl.template.feature:14 - 
org.apache.http.client.ClientProtocolException
14:44:54.319 [ForkJoinPool-1-worker-13] INFO  com.intuit.karate - [print]
14:44:54.319 [ForkJoinPool-1-worker-13] INFO  com.intuit.karate - [print] testing xlinkurl:#
14:44:54.320 [ForkJoinPool-1-worker-13] ERROR com.intuit.karate - org.apache.http.client.ClientProtocolException, http call failed after 0 milliseconds for URL: #
14:44:54.320 [ForkJoinPool-1-worker-13] ERROR com.intuit.karate - http request failed: 
org.apache.http.client.ClientProtocolException
14:44:54.320 [ForkJoinPool-1-worker-13] ERROR com.intuit.karate - feature call (loop) failed at index: 99
caller: classpath:InspireTest/ngr/datasetrecords/def/checkxlinkurl.template.feature
arg: {"link":"#"}
checkxlinkurl.template.feature:14 - 
org.apache.http.client.ClientProtocolException
14:44:54.320 [ForkJoinPool-1-worker-13] INFO  com.intuit.karate - [print]
14:44:54.323 [ForkJoinPool-1-worker-13] INFO  com.intuit.karate - [print] testing xlinkurl:m
14:44:54.324 [ForkJoinPool-1-worker-13] ERROR com.intuit.karate - org.apache.http.client.ClientProtocolException, http call failed after 0 milliseconds for URL: m
14:44:54.324 [ForkJoinPool-1-worker-13] ERROR com.intuit.karate - http request failed: 
org.apache.http.client.ClientProtocolException
14:44:54.324 [ForkJoinPool-1-worker-13] ERROR com.intuit.karate - feature call (loop) failed at index: 100
caller: classpath:InspireTest/ngr/datasetrecords/def/checkxlinkurl.template.feature
arg: {"link":"m"}
checkxlinkurl.template.feature:14 - 
org.apache.http.client.ClientProtocolException
14:44:54.441 [ForkJoinPool-1-worker-3] INFO  com.intuit.karate - [print] title:Human Health NL NUTS2
14:44:54.441 [ForkJoinPool-1-worker-3] INFO  com.intuit.karate - [print] Human Health NL NUTS2
14:44:54.442 [ForkJoinPool-1-worker-3] INFO  com.intuit.karate - [print] [
  "infoservice@cbs.nl",
  "infoservice@cbs.nl",
  "infoservice@cbs.nl",
  "",
  ""
]

14:44:54.443 [ForkJoinPool-1-worker-3] INFO  com.intuit.karate - [print] organisation: [
  "Statistics Netherlands",
  "Statistics Netherlands",
  "Statistics Netherlandds",
  "Statistics Netherlands"
]

14:44:54.455 [ForkJoinPool-1-worker-3] INFO  com.intuit.karate - [print] [
  "https://www.iana.org/assignments/media-types/application/xml",
  "https://www.iana.org/assignments/media-types/application/xml"
]

14:44:54.463 [ForkJoinPool-1-worker-3] INFO  com.intuit.karate - [print]
14:44:54.464 [ForkJoinPool-1-worker-3] INFO  com.intuit.karate - [print] testing xlinkurl:https://www.iana.org/assignments/media-types/application/xml
14:44:54.489 [ForkJoinPool-1-worker-11] INFO  com.intuit.karate - [print] title:Population Distribution NL
14:44:54.490 [ForkJoinPool-1-worker-11] INFO  com.intuit.karate - [print] Population Distribution NL
14:44:54.491 [ForkJoinPool-1-worker-11] INFO  com.intuit.karate - [print] [
  "infoservice@cbs.nl",
  "infoservice@cbs.nl",
  "infoservice@cbs.nl",
  "",
  ""
]

14:44:54.493 [ForkJoinPool-1-worker-11] INFO  com.intuit.karate - [print] organisation: [
  "Statistics Netherlands",
  "Statistics Netherlands",
  "Statistics Netherlandds",
  "Statistics Netherlands"
]

14:44:54.504 [ForkJoinPool-1-worker-11] INFO  com.intuit.karate - [print] [
  "https://www.iana.org/assignments/media-types/application/xml",
  "https://www.iana.org/assignments/media-types/application/xml",
  "https://www.iana.org/assignments/media-types/application/xml"
]

14:44:54.513 [ForkJoinPool-1-worker-11] INFO  com.intuit.karate - [print]
14:44:54.514 [ForkJoinPool-1-worker-11] INFO  com.intuit.karate - [print] testing xlinkurl:https://www.iana.org/assignments/media-types/application/xml
14:44:54.532 [ForkJoinPool-1-worker-9] INFO  com.intuit.karate - [print] title:Schelpdierpercelen
14:44:54.533 [ForkJoinPool-1-worker-9] INFO  com.intuit.karate - [print] Schelpdierpercelen
14:44:54.534 [ForkJoinPool-1-worker-9] INFO  com.intuit.karate - [print] [
  "geodatabeheer.giscc@rvo.nl",
  "geodatabeheer.giscc@rvo.nl",
  "BeheerPDOK@kadaster.nl"
]

14:44:54.536 [ForkJoinPool-1-worker-9] INFO  com.intuit.karate - [print] organisation: [
  "Ministerie van Economische Zaken - GIS Competence Center",
  "PDOK"
]

14:44:54.543 [ForkJoinPool-1-worker-9] INFO  com.intuit.karate - [print] [
  "https://www.nationaalgeoregister.nl/geonetwork/srv/dut/catalog.search#/metadata/fe0e1e5f-512f-4bb1-bbf8-4028d3dfa24f",
  "http://standaarden.overheid.nl/owms/terms/Ministerie_van_Landbouw,_Natuur_en_Voedselkwaliteit"
]

14:44:54.549 [ForkJoinPool-1-worker-9] INFO  com.intuit.karate - [print]
14:44:54.549 [ForkJoinPool-1-worker-9] INFO  com.intuit.karate - [print] testing xlinkurl:https://www.nationaalgeoregister.nl/geonetwork/srv/dut/catalog.search#/metadata/fe0e1e5f-512f-4bb1-bbf8-4028d3dfa24f
14:44:54.580 [ForkJoinPool-1-worker-5] INFO  com.intuit.karate - [print] title:LCP emissies (Richtlijn Industriële emissies) 2016
14:44:54.581 [ForkJoinPool-1-worker-5] INFO  com.intuit.karate - [print] LCP emissies (Richtlijn Industriële emissies) 2016
14:44:54.583 [ForkJoinPool-1-worker-5] INFO  com.intuit.karate - [print] [
  "emissieregistratie@rivm.nl",
  "",
  "emissieregistratie@rivm.nl"
]

14:44:54.585 [ForkJoinPool-1-worker-5] INFO  com.intuit.karate - [print] organisation: no organisationName found in dataset record
14:44:54.591 [ForkJoinPool-1-worker-5] INFO  com.intuit.karate - [print] [
  "https://data.rivm.nl/inspire/id#6941b1f2-7ee6-4a1d-9cba-9071e3ca6cb3"
]

14:44:54.597 [ForkJoinPool-1-worker-5] INFO  com.intuit.karate - [print]
14:44:54.599 [ForkJoinPool-1-worker-5] INFO  com.intuit.karate - [print] testing xlinkurl:https://data.rivm.nl/inspire/id#6941b1f2-7ee6-4a1d-9cba-9071e3ca6cb3
14:44:54.712 [ForkJoinPool-1-worker-11] INFO  com.intuit.karate - [print]
14:44:54.712 [ForkJoinPool-1-worker-11] INFO  com.intuit.karate - [print] testing xlinkurl:https://www.iana.org/assignments/media-types/application/xml
14:44:54.714 [ForkJoinPool-1-worker-3] INFO  com.intuit.karate - [print]
14:44:54.714 [ForkJoinPool-1-worker-3] INFO  com.intuit.karate - [print] testing xlinkurl:https://www.iana.org/assignments/media-types/application/xml
14:44:54.889 [ForkJoinPool-1-worker-13] INFO  com.intuit.karate - [print] title:Bathymetrie Nederland - kust
14:44:54.890 [ForkJoinPool-1-worker-13] INFO  com.intuit.karate - [print] Bathymetrie Nederland - kust
14:44:54.891 [ForkJoinPool-1-worker-13] INFO  com.intuit.karate - [print] [
  "servicedesk-data@rijkswaterstaat.nl",
  "servicedesk-data@rijkswaterstaat.nl",
  "",
  "servicedesk-data@rijkswaterstaat.nl",
  "servicedesk-data@rijkswaterstaat.nl"
]

14:44:54.909 [ForkJoinPool-1-worker-13] INFO  com.intuit.karate - [print] organisation: [
  "Rijkswaterstaat",
  "Rijkswaterstaat",
  "",
  "Rijkswaterstaat",
  "Rijkswaterstaat"
]

14:44:54.906 [ForkJoinPool-1-worker-7] INFO  com.intuit.karate - [print] title:Monitoring stations (Nitraatrichtlijn) diepe filters
14:44:54.913 [ForkJoinPool-1-worker-7] INFO  com.intuit.karate - [print] Monitoring stations (Nitraatrichtlijn) diepe filters
14:44:54.914 [ForkJoinPool-1-worker-7] INFO  com.intuit.karate - [print] [
  "geodata@rivm.nl",
  "",
  "geodata@rivm.nl"
]

14:44:54.908 [ForkJoinPool-1-worker-11] INFO  com.intuit.karate - [print]
14:44:54.916 [ForkJoinPool-1-worker-11] INFO  com.intuit.karate - [print] testing xlinkurl:https://www.iana.org/assignments/media-types/application/xml
14:44:54.918 [ForkJoinPool-1-worker-7] INFO  com.intuit.karate - [print] organisation: no organisationName found in dataset record
14:44:54.928 [ForkJoinPool-1-worker-7] INFO  com.intuit.karate - [print] [
  "https://data.rivm.nl/inspire/id#36a7e8cb-8300-4602-93d2-135943365a6f"
]

14:44:54.931 [ForkJoinPool-1-worker-13] INFO  com.intuit.karate - [print] [
  "https://www.nationaalgeoregister.nl/geonetwork/srv/dut/catalog.search#/metadata/adn73c4a-ef03-4785-b7f6-942e86b385f5",
  "http://rdfdata.eionet.europa.eu/inspirethemes/themes/10",
  "urn:ogc:def:crs:EPSG::5709"
]

14:44:54.940 [ForkJoinPool-1-worker-5] ERROR com.intuit.karate - javax.net.ssl.SSLException: Connection reset, http call failed after 340 milliseconds for URL: https://data.rivm.nl/inspire/id#6941b1f2-7ee6-4a1d-9cba-9071e3ca6cb3
14:44:54.940 [ForkJoinPool-1-worker-5] ERROR com.intuit.karate - http request failed: 
javax.net.ssl.SSLException: Connection reset
14:44:54.940 [ForkJoinPool-1-worker-5] ERROR com.intuit.karate - feature call (loop) failed at index: 0
caller: classpath:InspireTest/ngr/datasetrecords/def/checkxlinkurl.template.feature
arg: {"link":"https://data.rivm.nl/inspire/id#6941b1f2-7ee6-4a1d-9cba-9071e3ca6cb3"}
checkxlinkurl.template.feature:14 - 
javax.net.ssl.SSLException: Connection reset
14:44:54.956 [ForkJoinPool-1-worker-7] INFO  com.intuit.karate - [print]
14:44:54.958 [ForkJoinPool-1-worker-13] INFO  com.intuit.karate - [print]
14:44:54.958 [ForkJoinPool-1-worker-13] INFO  com.intuit.karate - [print] testing xlinkurl:https://www.nationaalgeoregister.nl/geonetwork/srv/dut/catalog.search#/metadata/adn73c4a-ef03-4785-b7f6-942e86b385f5
14:44:54.960 [ForkJoinPool-1-worker-7] INFO  com.intuit.karate - [print] testing xlinkurl:https://data.rivm.nl/inspire/id#36a7e8cb-8300-4602-93d2-135943365a6f
14:44:55.019 [ForkJoinPool-1-worker-9] INFO  com.intuit.karate - [print]
14:44:55.020 [ForkJoinPool-1-worker-9] INFO  com.intuit.karate - [print] testing xlinkurl:http://standaarden.overheid.nl/owms/terms/Ministerie_van_Landbouw,_Natuur_en_Voedselkwaliteit
14:44:55.264 [ForkJoinPool-1-worker-13] INFO  com.intuit.karate - [print]
14:44:55.264 [ForkJoinPool-1-worker-13] INFO  com.intuit.karate - [print] testing xlinkurl:http://rdfdata.eionet.europa.eu/inspirethemes/themes/10
14:44:55.301 [ForkJoinPool-1-worker-7] ERROR com.intuit.karate - javax.net.ssl.SSLException: Connection reset, http call failed after 340 milliseconds for URL: https://data.rivm.nl/inspire/id#36a7e8cb-8300-4602-93d2-135943365a6f
14:44:55.301 [ForkJoinPool-1-worker-7] ERROR com.intuit.karate - http request failed: 
javax.net.ssl.SSLException: Connection reset
14:44:55.301 [ForkJoinPool-1-worker-7] ERROR com.intuit.karate - feature call (loop) failed at index: 0
caller: classpath:InspireTest/ngr/datasetrecords/def/checkxlinkurl.template.feature
arg: {"link":"https://data.rivm.nl/inspire/id#36a7e8cb-8300-4602-93d2-135943365a6f"}
checkxlinkurl.template.feature:14 - 
javax.net.ssl.SSLException: Connection reset
14:44:55.418 [ForkJoinPool-1-worker-3] INFO  com.intuit.karate - [print] title:Habitatrichtlijn verspreidingsgebied van soorten
14:44:55.418 [ForkJoinPool-1-worker-3] INFO  com.intuit.karate - [print] Habitatrichtlijn verspreidingsgebied van soorten
14:44:55.419 [ForkJoinPool-1-worker-3] INFO  com.intuit.karate - [print] [
  "geodatabeheer.giscc@rvo.nl",
  "GeoDesk.CGI@wur.nl",
  "geodatabeheer.giscc@rvo.nl",
  "beheerPDOK@kadaster.nl",
  "",
  "",
  ""
]

14:44:55.421 [ForkJoinPool-1-worker-3] INFO  com.intuit.karate - [print] organisation: [
  "Ministerie van Economische Zaken - GIS Competence Center",
  "Wageningen Environmental Research (Alterra)",
  "PDOK",
  "CBS",
  "Natuurloket",
  "pgo's"
]

14:44:55.431 [ForkJoinPool-1-worker-3] INFO  com.intuit.karate - [print] [
  "https://www.nationaalgeoregister.nl/geonetwork/srv/dut/catalog.search#/metadata/f273941e-9c3b-43bc-b886-2d50d0bf9348",
  "http://standaarden.overheid.nl/owms/terms/Ministerie_van_Landbouw,_Natuur_en_Voedselkwaliteit"
]

14:44:55.438 [ForkJoinPool-1-worker-3] INFO  com.intuit.karate - [print]
14:44:55.438 [ForkJoinPool-1-worker-3] INFO  com.intuit.karate - [print] testing xlinkurl:https://www.nationaalgeoregister.nl/geonetwork/srv/dut/catalog.search#/metadata/f273941e-9c3b-43bc-b886-2d50d0bf9348
14:44:55.459 [ForkJoinPool-1-worker-13] ERROR com.intuit.karate - status code was: 404, expected: 200, response time: 193, url: http://rdfdata.eionet.europa.eu/inspirethemes/themes/10, response: 
14:44:55.459 [ForkJoinPool-1-worker-13] ERROR com.intuit.karate - feature call (loop) failed at index: 1
caller: classpath:InspireTest/ngr/datasetrecords/def/checkxlinkurl.template.feature
arg: {"link":"http://rdfdata.eionet.europa.eu/inspirethemes/themes/10"}
checkxlinkurl.template.feature:15 - status code was: 404, expected: 200, response time: 193, url: http://rdfdata.eionet.europa.eu/inspirethemes/themes/10, response: 
14:44:55.462 [ForkJoinPool-1-worker-13] INFO  com.intuit.karate - [print]
14:44:55.463 [ForkJoinPool-1-worker-13] INFO  com.intuit.karate - [print] testing xlinkurl:urn:ogc:def:crs:EPSG::5709
14:44:55.464 [ForkJoinPool-1-worker-13] ERROR com.intuit.karate - org.apache.http.client.ClientProtocolException: URI does not specify a valid host name: urn:ogc:def:crs:EPSG::5709, http call failed after 0 milliseconds for URL: urn:ogc:def:crs:EPSG::5709
14:44:55.465 [ForkJoinPool-1-worker-13] ERROR com.intuit.karate - http request failed: 
org.apache.http.client.ClientProtocolException: URI does not specify a valid host name: urn:ogc:def:crs:EPSG::5709
14:44:55.466 [ForkJoinPool-1-worker-13] ERROR com.intuit.karate - feature call (loop) failed at index: 2
caller: classpath:InspireTest/ngr/datasetrecords/def/checkxlinkurl.template.feature
arg: {"link":"urn:ogc:def:crs:EPSG::5709"}
checkxlinkurl.template.feature:14 - 
org.apache.http.client.ClientProtocolException: URI does not specify a valid host name: urn:ogc:def:crs:EPSG::5709
14:44:55.506 [ForkJoinPool-1-worker-5] INFO  com.intuit.karate - [print] title:Zwemwater (provinciaal en Rijkswateren) uit {Zwemwaterregister}
14:44:55.506 [ForkJoinPool-1-worker-5] INFO  com.intuit.karate - [print] Zwemwater (provinciaal en Rijkswateren) uit {Zwemwaterregister}
14:44:55.507 [ForkJoinPool-1-worker-5] INFO  com.intuit.karate - [print] [
  "inspire@gbo-provincies.nl",
  "inspire@gbo-provincies.nl",
  "inspire@gbo-provincies.nl"
]

14:44:55.510 [ForkJoinPool-1-worker-5] INFO  com.intuit.karate - [print] organisation: [
  "Interprovinciaal Overleg",
  "Interprovinciaal Overleg",
  "Interprovinciaal Overleg"
]

14:44:55.517 [ForkJoinPool-1-worker-5] INFO  com.intuit.karate - [print] [
  "http://www.opengis.net/def/crs/EPSG/0/http://www.opengis.net/def/crs/EPSG/0/3034",
  "http://nationaalgeoregister.nl/geonetwork/srv/dut/csw?SERVICE=CSW&version=2.0.2&REQUEST=GetRecordById&elementSetName=full&OutputSchema=http://www.isotc211.org/2005/gmd&ID=c829abeb-bfac-4224-8332-e7a9a89e692e",
  "https://creativecommons.org/publicdomain/mark/*/deed.nl",
  ""
]

14:44:55.521 [ForkJoinPool-1-worker-5] INFO  com.intuit.karate - [print]
14:44:55.522 [ForkJoinPool-1-worker-5] INFO  com.intuit.karate - [print] testing xlinkurl:http://www.opengis.net/def/crs/EPSG/0/http://www.opengis.net/def/crs/EPSG/0/3034
14:44:55.622 [ForkJoinPool-1-worker-11] INFO  com.intuit.karate - [print] title:Geluidszones rondom bedrijventerreinen zowel provinciaal als gemeentelijk
14:44:55.622 [ForkJoinPool-1-worker-11] INFO  com.intuit.karate - [print] Geluidszones rondom bedrijventerreinen zowel provinciaal als gemeentelijk
14:44:55.624 [ForkJoinPool-1-worker-11] INFO  com.intuit.karate - [print] [
  "inspire@gbo-provincies.nl",
  "inspire@gbo-provincies.nl",
  "inspire@gbo-provincies.nl"
]

14:44:55.625 [ForkJoinPool-1-worker-11] INFO  com.intuit.karate - [print] organisation: [
  "Interprovinciaal Overleg",
  "Interprovinciaal Overleg",
  "Interprovinciaal Overleg"
]

14:44:55.634 [ForkJoinPool-1-worker-11] INFO  com.intuit.karate - [print] [
  "http://www.opengis.net/def/crs/EPSG/0/http://www.opengis.net/def/crs/EPSG/0/3034",
  "http://nationaalgeoregister.nl/geonetwork/srv/dut/csw?SERVICE=CSW&version=2.0.2&REQUEST=GetRecordById&elementSetName=full&OutputSchema=http://www.isotc211.org/2005/gmd&ID=34e6165f-1269-48d1-b255-0f05d163d692",
  "https://creativecommons.org/publicdomain/mark/*/deed.nl",
  ""
]

14:44:55.640 [ForkJoinPool-1-worker-11] INFO  com.intuit.karate - [print]
14:44:55.640 [ForkJoinPool-1-worker-11] INFO  com.intuit.karate - [print] testing xlinkurl:http://www.opengis.net/def/crs/EPSG/0/http://www.opengis.net/def/crs/EPSG/0/3034
14:44:55.745 [ForkJoinPool-1-worker-3] INFO  com.intuit.karate - [print]
14:44:55.745 [ForkJoinPool-1-worker-3] INFO  com.intuit.karate - [print] testing xlinkurl:http://standaarden.overheid.nl/owms/terms/Ministerie_van_Landbouw,_Natuur_en_Voedselkwaliteit
14:44:55.812 [ForkJoinPool-1-worker-7] INFO  com.intuit.karate - [print] title:Geluidszones rondom vliegvelden
14:44:55.812 [ForkJoinPool-1-worker-7] INFO  com.intuit.karate - [print] Geluidszones rondom vliegvelden
14:44:55.813 [ForkJoinPool-1-worker-7] INFO  com.intuit.karate - [print] [
  "inspire@gbo-provincies.nl",
  "inspire@gbo-provincies.nl",
  "inspire@gbo-provincies.nl"
]

14:44:55.814 [ForkJoinPool-1-worker-7] INFO  com.intuit.karate - [print] organisation: [
  "Interprovinciaal Overleg",
  "Interprovinciaal Overleg",
  "Interprovinciaal Overleg"
]

14:44:55.819 [ForkJoinPool-1-worker-7] INFO  com.intuit.karate - [print] [
  "http://www.opengis.net/def/crs/EPSG/0/http://www.opengis.net/def/crs/EPSG/0/3034",
  "http://nationaalgeoregister.nl/geonetwork/srv/dut/csw?SERVICE=CSW&version=2.0.2&REQUEST=GetRecordById&elementSetName=full&OutputSchema=http://www.isotc211.org/2005/gmd&ID=41023936-009d-48ec-a90d-c966895463c1",
  "https://creativecommons.org/publicdomain/mark/*/deed.nl",
  ""
]

14:44:55.825 [ForkJoinPool-1-worker-7] INFO  com.intuit.karate - [print]
14:44:55.825 [ForkJoinPool-1-worker-7] INFO  com.intuit.karate - [print] testing xlinkurl:http://www.opengis.net/def/crs/EPSG/0/http://www.opengis.net/def/crs/EPSG/0/3034
14:44:55.866 [ForkJoinPool-1-worker-5] INFO  com.intuit.karate - [print]
14:44:55.866 [ForkJoinPool-1-worker-5] INFO  com.intuit.karate - [print] testing xlinkurl:http://nationaalgeoregister.nl/geonetwork/srv/dut/csw?SERVICE=CSW&version=2.0.2&REQUEST=GetRecordById&elementSetName=full&OutputSchema=http://www.isotc211.org/2005/gmd&ID=c829abeb-bfac-4224-8332-e7a9a89e692e
14:44:55.933 [ForkJoinPool-1-worker-11] INFO  com.intuit.karate - [print]
14:44:55.934 [ForkJoinPool-1-worker-11] INFO  com.intuit.karate - [print] testing xlinkurl:http://nationaalgeoregister.nl/geonetwork/srv/dut/csw?SERVICE=CSW&version=2.0.2&REQUEST=GetRecordById&elementSetName=full&OutputSchema=http://www.isotc211.org/2005/gmd&ID=34e6165f-1269-48d1-b255-0f05d163d692
14:44:55.998 [ForkJoinPool-1-worker-13] INFO  com.intuit.karate - [print] title:Wijk- en Buurtkaart 2018 versie 2
14:44:55.999 [ForkJoinPool-1-worker-13] INFO  com.intuit.karate - [print] Wijk- en Buurtkaart 2018 versie 2
14:44:56.000 [ForkJoinPool-1-worker-13] INFO  com.intuit.karate - [print] [
  "infoservice@cbs.nl",
  "infoservice@cbs.nl",
  "infoservice@cbs.nl",
  "",
  ""
]

14:44:56.002 [ForkJoinPool-1-worker-13] INFO  com.intuit.karate - [print] organisation: [
  "Centraal Bureau voor de Statistiek",
  "Centraal Bureau voor de Statistiek",
  "Centraal Bureau voor de Statistiek",
  "Kadaster"
]

14:44:56.009 [ForkJoinPool-1-worker-13] INFO  com.intuit.karate - [print] [
  ""
]

14:44:56.014 [ForkJoinPool-1-worker-13] INFO  com.intuit.karate - [print]
14:44:56.014 [ForkJoinPool-1-worker-13] INFO  com.intuit.karate - [print] testing xlinkurl:
14:44:56.015 [ForkJoinPool-1-worker-13] ERROR com.intuit.karate - org.apache.http.client.ClientProtocolException, http call failed after 0 milliseconds for URL: 
14:44:56.016 [ForkJoinPool-1-worker-13] ERROR com.intuit.karate - http request failed: 
org.apache.http.client.ClientProtocolException
14:44:56.017 [ForkJoinPool-1-worker-13] ERROR com.intuit.karate - feature call (loop) failed at index: 0
caller: classpath:InspireTest/ngr/datasetrecords/def/checkxlinkurl.template.feature
arg: {"link":""}
checkxlinkurl.template.feature:14 - 
org.apache.http.client.ClientProtocolException
14:44:56.115 [ForkJoinPool-1-worker-7] INFO  com.intuit.karate - [print]
14:44:56.116 [ForkJoinPool-1-worker-7] INFO  com.intuit.karate - [print] testing xlinkurl:http://nationaalgeoregister.nl/geonetwork/srv/dut/csw?SERVICE=CSW&version=2.0.2&REQUEST=GetRecordById&elementSetName=full&OutputSchema=http://www.isotc211.org/2005/gmd&ID=41023936-009d-48ec-a90d-c966895463c1
14:44:56.126 [ForkJoinPool-1-worker-5] INFO  com.intuit.karate - [print]
14:44:56.126 [ForkJoinPool-1-worker-5] INFO  com.intuit.karate - [print] testing xlinkurl:https://creativecommons.org/publicdomain/mark/*/deed.nl
14:44:56.156 [ForkJoinPool-1-worker-5] ERROR com.intuit.karate - status code was: 404, expected: 200, response time: 29, url: https://creativecommons.org/publicdomain/mark/*/deed.nl, response: 
14:44:56.157 [ForkJoinPool-1-worker-5] ERROR com.intuit.karate - feature call (loop) failed at index: 2
caller: classpath:InspireTest/ngr/datasetrecords/def/checkxlinkurl.template.feature
arg: {"link":"https://creativecommons.org/publicdomain/mark/*/deed.nl"}
checkxlinkurl.template.feature:15 - status code was: 404, expected: 200, response time: 29, url: https://creativecommons.org/publicdomain/mark/*/deed.nl, response: 
14:44:56.160 [ForkJoinPool-1-worker-5] INFO  com.intuit.karate - [print]
14:44:56.161 [ForkJoinPool-1-worker-5] INFO  com.intuit.karate - [print] testing xlinkurl:
14:44:56.162 [ForkJoinPool-1-worker-5] ERROR com.intuit.karate - org.apache.http.client.ClientProtocolException, http call failed after 0 milliseconds for URL: 
14:44:56.162 [ForkJoinPool-1-worker-5] ERROR com.intuit.karate - http request failed: 
org.apache.http.client.ClientProtocolException
14:44:56.163 [ForkJoinPool-1-worker-5] ERROR com.intuit.karate - feature call (loop) failed at index: 3
caller: classpath:InspireTest/ngr/datasetrecords/def/checkxlinkurl.template.feature
arg: {"link":""}
checkxlinkurl.template.feature:14 - 
org.apache.http.client.ClientProtocolException
14:44:56.179 [ForkJoinPool-1-worker-9] INFO  com.intuit.karate - [print] title:Vervoersnetwerken - Waterwegen (INSPIRE geharmoniseerd) - WT
14:44:56.185 [ForkJoinPool-1-worker-9] INFO  com.intuit.karate - [print] Vervoersnetwerken - Waterwegen (INSPIRE geharmoniseerd) - WT
14:44:56.186 [ForkJoinPool-1-worker-9] INFO  com.intuit.karate - [print] [
  "servicedesk-data@rijkswaterstaat.nl",
  "servicedesk-data@rijkswaterstaat.nl",
  "",
  "servicedesk-data@rijkswaterstaat.nl",
  "info@wetransform.to"
]

14:44:56.189 [ForkJoinPool-1-worker-9] INFO  com.intuit.karate - [print] organisation: [
  "Rijkswaterstaat",
  "Rijkswaterstaat",
  "",
  "Rijkswaterstaat",
  "Wetransform"
]

14:44:56.197 [ForkJoinPool-1-worker-9] INFO  com.intuit.karate - [print] [
  "https://www.nationaalgeoregister.nl/geonetwork/srv/dut/catalog.search#/metadata/eu-2c7040b-c448-451b-bf15-f2416ecaadd1",
  "http://rdfdata.eionet.europa.eu/inspirethemes/themes/7",
  "urn:ogc:def:crs:EPSG::5709"
]

14:44:56.207 [ForkJoinPool-1-worker-9] INFO  com.intuit.karate - [print]
14:44:56.207 [ForkJoinPool-1-worker-9] INFO  com.intuit.karate - [print] testing xlinkurl:https://www.nationaalgeoregister.nl/geonetwork/srv/dut/catalog.search#/metadata/eu-2c7040b-c448-451b-bf15-f2416ecaadd1
14:44:56.390 [ForkJoinPool-1-worker-11] INFO  com.intuit.karate - [print]
14:44:56.390 [ForkJoinPool-1-worker-11] INFO  com.intuit.karate - [print] testing xlinkurl:https://creativecommons.org/publicdomain/mark/*/deed.nl
14:44:56.426 [ForkJoinPool-1-worker-11] ERROR com.intuit.karate - status code was: 404, expected: 200, response time: 36, url: https://creativecommons.org/publicdomain/mark/*/deed.nl, response: 
14:44:56.427 [ForkJoinPool-1-worker-11] ERROR com.intuit.karate - feature call (loop) failed at index: 2
caller: classpath:InspireTest/ngr/datasetrecords/def/checkxlinkurl.template.feature
arg: {"link":"https://creativecommons.org/publicdomain/mark/*/deed.nl"}
checkxlinkurl.template.feature:15 - status code was: 404, expected: 200, response time: 36, url: https://creativecommons.org/publicdomain/mark/*/deed.nl, response: 
14:44:56.429 [ForkJoinPool-1-worker-11] INFO  com.intuit.karate - [print]
14:44:56.430 [ForkJoinPool-1-worker-11] INFO  com.intuit.karate - [print] testing xlinkurl:
14:44:56.431 [ForkJoinPool-1-worker-11] ERROR com.intuit.karate - org.apache.http.client.ClientProtocolException, http call failed after 0 milliseconds for URL: 
14:44:56.431 [ForkJoinPool-1-worker-11] ERROR com.intuit.karate - http request failed: 
org.apache.http.client.ClientProtocolException
14:44:56.432 [ForkJoinPool-1-worker-11] ERROR com.intuit.karate - feature call (loop) failed at index: 3
caller: classpath:InspireTest/ngr/datasetrecords/def/checkxlinkurl.template.feature
arg: {"link":""}
checkxlinkurl.template.feature:14 - 
org.apache.http.client.ClientProtocolException
14:44:56.517 [ForkJoinPool-1-worker-9] INFO  com.intuit.karate - [print]
14:44:56.518 [ForkJoinPool-1-worker-9] INFO  com.intuit.karate - [print] testing xlinkurl:http://rdfdata.eionet.europa.eu/inspirethemes/themes/7
14:44:56.544 [ForkJoinPool-1-worker-13] INFO  com.intuit.karate - [print] title:Land Use 2015
14:44:56.545 [ForkJoinPool-1-worker-13] INFO  com.intuit.karate - [print] Land Use 2015
14:44:56.546 [ForkJoinPool-1-worker-13] INFO  com.intuit.karate - [print] [
  "infoservice@cbs.nl",
  "infoservice@cbs.nl",
  "",
  "",
  ""
]

14:44:56.548 [ForkJoinPool-1-worker-13] INFO  com.intuit.karate - [print] organisation: [
  "Statistics Netherlands",
  "Statistics Netherlands",
  "PDOK"
]

14:44:56.554 [ForkJoinPool-1-worker-13] INFO  com.intuit.karate - [print] [
]

14:44:56.593 [ForkJoinPool-1-worker-7] INFO  com.intuit.karate - [print]
14:44:56.593 [ForkJoinPool-1-worker-7] INFO  com.intuit.karate - [print] testing xlinkurl:https://creativecommons.org/publicdomain/mark/*/deed.nl
14:44:56.630 [ForkJoinPool-1-worker-7] ERROR com.intuit.karate - status code was: 404, expected: 200, response time: 36, url: https://creativecommons.org/publicdomain/mark/*/deed.nl, response: 
14:44:56.631 [ForkJoinPool-1-worker-7] ERROR com.intuit.karate - feature call (loop) failed at index: 2
caller: classpath:InspireTest/ngr/datasetrecords/def/checkxlinkurl.template.feature
arg: {"link":"https://creativecommons.org/publicdomain/mark/*/deed.nl"}
checkxlinkurl.template.feature:15 - status code was: 404, expected: 200, response time: 36, url: https://creativecommons.org/publicdomain/mark/*/deed.nl, response: 
14:44:56.634 [ForkJoinPool-1-worker-7] INFO  com.intuit.karate - [print]
14:44:56.634 [ForkJoinPool-1-worker-7] INFO  com.intuit.karate - [print] testing xlinkurl:
14:44:56.635 [ForkJoinPool-1-worker-7] ERROR com.intuit.karate - org.apache.http.client.ClientProtocolException, http call failed after 0 milliseconds for URL: 
14:44:56.635 [ForkJoinPool-1-worker-7] ERROR com.intuit.karate - http request failed: 
org.apache.http.client.ClientProtocolException
14:44:56.637 [ForkJoinPool-1-worker-7] ERROR com.intuit.karate - feature call (loop) failed at index: 3
caller: classpath:InspireTest/ngr/datasetrecords/def/checkxlinkurl.template.feature
arg: {"link":""}
checkxlinkurl.template.feature:14 - 
org.apache.http.client.ClientProtocolException
14:44:56.711 [ForkJoinPool-1-worker-9] ERROR com.intuit.karate - status code was: 404, expected: 200, response time: 192, url: http://rdfdata.eionet.europa.eu/inspirethemes/themes/7, response: 
14:44:56.711 [ForkJoinPool-1-worker-9] ERROR com.intuit.karate - feature call (loop) failed at index: 1
caller: classpath:InspireTest/ngr/datasetrecords/def/checkxlinkurl.template.feature
arg: {"link":"http://rdfdata.eionet.europa.eu/inspirethemes/themes/7"}
checkxlinkurl.template.feature:15 - status code was: 404, expected: 200, response time: 192, url: http://rdfdata.eionet.europa.eu/inspirethemes/themes/7, response: 
14:44:56.712 [ForkJoinPool-1-worker-9] INFO  com.intuit.karate - [print]
14:44:56.712 [ForkJoinPool-1-worker-9] INFO  com.intuit.karate - [print] testing xlinkurl:urn:ogc:def:crs:EPSG::5709
14:44:56.713 [ForkJoinPool-1-worker-9] ERROR com.intuit.karate - org.apache.http.client.ClientProtocolException: URI does not specify a valid host name: urn:ogc:def:crs:EPSG::5709, http call failed after 0 milliseconds for URL: urn:ogc:def:crs:EPSG::5709
14:44:56.713 [ForkJoinPool-1-worker-9] ERROR com.intuit.karate - http request failed: 
org.apache.http.client.ClientProtocolException: URI does not specify a valid host name: urn:ogc:def:crs:EPSG::5709
14:44:56.713 [ForkJoinPool-1-worker-9] ERROR com.intuit.karate - feature call (loop) failed at index: 2
caller: classpath:InspireTest/ngr/datasetrecords/def/checkxlinkurl.template.feature
arg: {"link":"urn:ogc:def:crs:EPSG::5709"}
checkxlinkurl.template.feature:14 - 
org.apache.http.client.ClientProtocolException: URI does not specify a valid host name: urn:ogc:def:crs:EPSG::5709
14:44:56.743 [ForkJoinPool-1-worker-5] INFO  com.intuit.karate - [print] title:Overstromingsrisicokaarten
14:44:56.744 [ForkJoinPool-1-worker-5] INFO  com.intuit.karate - [print] Overstromingsrisicokaarten
14:44:56.745 [ForkJoinPool-1-worker-5] INFO  com.intuit.karate - [print] [
  "inspire@gbo-provincies.nl",
  "inspire@gbo-provincies.nl",
  "inspire@gbo-provincies.nl"
]

14:44:56.747 [ForkJoinPool-1-worker-5] INFO  com.intuit.karate - [print] organisation: [
  "Interprovinciaal Overleg",
  "Interprovinciaal Overleg",
  "Interprovinciaal Overleg"
]

14:44:56.760 [ForkJoinPool-1-worker-5] INFO  com.intuit.karate - [print] [
  "http://nationaalgeoregister.nl/geonetwork/srv/dut/csw?SERVICE=CSW&version=2.0.2&REQUEST=GetRecordById&elementSetName=full&OutputSchema=http://www.isotc211.org/2005/gmd&ID=2daad588-11ef-47de-9832-6fe2c3b93e6d",
  "https://creativecommons.org/publicdomain/mark/*/deed.nl",
  ""
]

14:44:56.765 [ForkJoinPool-1-worker-5] INFO  com.intuit.karate - [print]
14:44:56.766 [ForkJoinPool-1-worker-5] INFO  com.intuit.karate - [print] testing xlinkurl:http://nationaalgeoregister.nl/geonetwork/srv/dut/csw?SERVICE=CSW&version=2.0.2&REQUEST=GetRecordById&elementSetName=full&OutputSchema=http://www.isotc211.org/2005/gmd&ID=2daad588-11ef-47de-9832-6fe2c3b93e6d
14:44:56.890 [ForkJoinPool-1-worker-3] INFO  com.intuit.karate - [print] title:Overstromingsgevaarkaarten
14:44:56.891 [ForkJoinPool-1-worker-3] INFO  com.intuit.karate - [print] Overstromingsgevaarkaarten
14:44:56.893 [ForkJoinPool-1-worker-3] INFO  com.intuit.karate - [print] [
  "inspire@gbo-provincies.nl",
  "inspire@gbo-provincies.nl",
  "inspire@gbo-provincies.nl"
]

14:44:56.895 [ForkJoinPool-1-worker-3] INFO  com.intuit.karate - [print] organisation: [
  "Interprovinciaal Overleg",
  "Interprovinciaal Overleg",
  "Interprovinciaal Overleg"
]

14:44:56.904 [ForkJoinPool-1-worker-3] INFO  com.intuit.karate - [print] [
  "http://nationaalgeoregister.nl/geonetwork/srv/dut/csw?SERVICE=CSW&version=2.0.2&REQUEST=GetRecordById&elementSetName=full&OutputSchema=http://www.isotc211.org/2005/gmd&ID=bc2c53f6-c908-4d7c-a6c0-78d9a2855640",
  "https://creativecommons.org/publicdomain/mark/*/deed.nl",
  ""
]

14:44:56.910 [ForkJoinPool-1-worker-3] INFO  com.intuit.karate - [print]
14:44:56.914 [ForkJoinPool-1-worker-3] INFO  com.intuit.karate - [print] testing xlinkurl:http://nationaalgeoregister.nl/geonetwork/srv/dut/csw?SERVICE=CSW&version=2.0.2&REQUEST=GetRecordById&elementSetName=full&OutputSchema=http://www.isotc211.org/2005/gmd&ID=bc2c53f6-c908-4d7c-a6c0-78d9a2855640
14:44:56.975 [ForkJoinPool-1-worker-11] INFO  com.intuit.karate - [print] title:Menselijke gezondheid en veiligheid - geluidbelasting rijkswegen 2011 (INSPIRE geharmoniseerd)
14:44:56.976 [ForkJoinPool-1-worker-11] INFO  com.intuit.karate - [print] Menselijke gezondheid en veiligheid - geluidbelasting rijkswegen 2011 (INSPIRE geharmoniseerd)
14:44:56.978 [ForkJoinPool-1-worker-11] INFO  com.intuit.karate - [print] [
  "servicedesk-data@rijkswaterstaat.nl",
  "servicedesk-data@rijkswaterstaat.nl",
  "",
  "servicedesk-data@rijkswaterstaat.nl",
  "info@wetransform.to"
]

14:44:56.980 [ForkJoinPool-1-worker-11] INFO  com.intuit.karate - [print] organisation: [
  "Rijkswaterstaat",
  "Rijkswaterstaat",
  "",
  "Rijkswaterstaat",
  "Wetransform"
]

14:44:57.001 [ForkJoinPool-1-worker-11] INFO  com.intuit.karate - [print] [
  "https://www.nationaalgeoregister.nl/geonetwork/srv/dut/catalog.search#/metadata/wt-f5eb-b09f-4f6d-8397-8878a1b86238",
  "http://rdfdata.eionet.europa.eu/inspirethemes/themes/18",
  "https://ngr.geocat.live/geonetwork/srv/eng/thesaurus.download?ref=external.theme.httpinspireeceuropaeumetadatacodelistPrioritydataset-Prioritydataset"
]

14:44:57.011 [ForkJoinPool-1-worker-11] INFO  com.intuit.karate - [print]
14:44:57.012 [ForkJoinPool-1-worker-11] INFO  com.intuit.karate - [print] testing xlinkurl:https://www.nationaalgeoregister.nl/geonetwork/srv/dut/catalog.search#/metadata/wt-f5eb-b09f-4f6d-8397-8878a1b86238
14:44:57.109 [ForkJoinPool-1-worker-13] INFO  com.intuit.karate - [print] title:Menselijke gezondheid en veiligheid -  geluidbelasting rijkswegen 2006 (INSPIRE geharmoniseerd)
14:44:57.110 [ForkJoinPool-1-worker-13] INFO  com.intuit.karate - [print] Menselijke gezondheid en veiligheid -  geluidbelasting rijkswegen 2006 (INSPIRE geharmoniseerd)
14:44:57.111 [ForkJoinPool-1-worker-13] INFO  com.intuit.karate - [print] [
  "servicedesk-data@rijkswaterstaat.nl",
  "servicedesk-data@rijkswaterstaat.nl",
  "",
  "servicedesk-data@rijkswaterstaat.nl",
  "info@wetransform.to"
]

14:44:57.112 [ForkJoinPool-1-worker-13] INFO  com.intuit.karate - [print] organisation: [
  "Rijkswaterstaat",
  "Rijkswaterstaat",
  "",
  "Rijkswaterstaat",
  "Wetransform"
]

14:44:57.118 [ForkJoinPool-1-worker-13] INFO  com.intuit.karate - [print] [
  "https://www.nationaalgeoregister.nl/geonetwork/srv/dut/catalog.search#/metadata/wt-3730-e750-485a-9c0c-39bf9be72cf9",
  "http://rdfdata.eionet.europa.eu/inspirethemes/themes/18",
  "https://ngr.geocat.live/geonetwork/srv/eng/thesaurus.download?ref=external.theme.httpinspireeceuropaeumetadatacodelistPrioritydataset-Prioritydataset"
]

14:44:57.124 [ForkJoinPool-1-worker-13] INFO  com.intuit.karate - [print]
14:44:57.124 [ForkJoinPool-1-worker-13] INFO  com.intuit.karate - [print] testing xlinkurl:https://www.nationaalgeoregister.nl/geonetwork/srv/dut/catalog.search#/metadata/wt-3730-e750-485a-9c0c-39bf9be72cf9
14:44:57.218 [ForkJoinPool-1-worker-7] INFO  com.intuit.karate - [print] title:Wet Ammoniak en Veehouderij gebieden
14:44:57.218 [ForkJoinPool-1-worker-7] INFO  com.intuit.karate - [print] Wet Ammoniak en Veehouderij gebieden
14:44:57.220 [ForkJoinPool-1-worker-7] INFO  com.intuit.karate - [print] [
  "inspire@gbo-provincies.nl",
  "inspire@gbo-provincies.nl",
  "inspire@gbo-provincies.nl"
]

14:44:57.221 [ForkJoinPool-1-worker-7] INFO  com.intuit.karate - [print] organisation: [
  "Interprovinciaal Overleg",
  "Interprovinciaal Overleg",
  "Interprovinciaal Overleg"
]

14:44:57.230 [ForkJoinPool-1-worker-7] INFO  com.intuit.karate - [print] [
  "http://www.opengis.net/def/crs/EPSG/0/http://www.opengis.net/def/crs/EPSG/0/3034",
  "http://nationaalgeoregister.nl/geonetwork/srv/dut/csw?SERVICE=CSW&version=2.0.2&REQUEST=GetRecordById&elementSetName=full&OutputSchema=http://www.isotc211.org/2005/gmd&ID=998ba1dc-f6a6-49a3-a021-51f30d9b1d0e",
  "https://creativecommons.org/publicdomain/mark/*/deed.nl",
  ""
]

14:44:57.235 [ForkJoinPool-1-worker-7] INFO  com.intuit.karate - [print]
14:44:57.236 [ForkJoinPool-1-worker-7] INFO  com.intuit.karate - [print] testing xlinkurl:http://www.opengis.net/def/crs/EPSG/0/http://www.opengis.net/def/crs/EPSG/0/3034
14:44:57.237 [ForkJoinPool-1-worker-5] INFO  com.intuit.karate - [print]
14:44:57.237 [ForkJoinPool-1-worker-5] INFO  com.intuit.karate - [print] testing xlinkurl:https://creativecommons.org/publicdomain/mark/*/deed.nl
14:44:57.265 [ForkJoinPool-1-worker-5] ERROR com.intuit.karate - status code was: 404, expected: 200, response time: 27, url: https://creativecommons.org/publicdomain/mark/*/deed.nl, response: 
14:44:57.266 [ForkJoinPool-1-worker-5] ERROR com.intuit.karate - feature call (loop) failed at index: 1
caller: classpath:InspireTest/ngr/datasetrecords/def/checkxlinkurl.template.feature
arg: {"link":"https://creativecommons.org/publicdomain/mark/*/deed.nl"}
checkxlinkurl.template.feature:15 - status code was: 404, expected: 200, response time: 27, url: https://creativecommons.org/publicdomain/mark/*/deed.nl, response: 
14:44:57.271 [ForkJoinPool-1-worker-5] INFO  com.intuit.karate - [print]
14:44:57.272 [ForkJoinPool-1-worker-5] INFO  com.intuit.karate - [print] testing xlinkurl:
14:44:57.273 [ForkJoinPool-1-worker-5] ERROR com.intuit.karate - org.apache.http.client.ClientProtocolException, http call failed after 0 milliseconds for URL: 
14:44:57.274 [ForkJoinPool-1-worker-5] ERROR com.intuit.karate - http request failed: 
org.apache.http.client.ClientProtocolException
14:44:57.277 [ForkJoinPool-1-worker-5] ERROR com.intuit.karate - feature call (loop) failed at index: 2
caller: classpath:InspireTest/ngr/datasetrecords/def/checkxlinkurl.template.feature
arg: {"link":""}
checkxlinkurl.template.feature:14 - 
org.apache.http.client.ClientProtocolException
14:44:57.282 [ForkJoinPool-1-worker-9] INFO  com.intuit.karate - [print] title:Natuurnetwerk Nederland
14:44:57.283 [ForkJoinPool-1-worker-9] INFO  com.intuit.karate - [print] Natuurnetwerk Nederland
14:44:57.284 [ForkJoinPool-1-worker-9] INFO  com.intuit.karate - [print] [
  "inspire@gbo-provincies.nl",
  "inspire@gbo-provincies.nl",
  "inspire@gbo-provincies.nl"
]

14:44:57.286 [ForkJoinPool-1-worker-9] INFO  com.intuit.karate - [print] organisation: [
  "Interprovinciaal Overleg",
  "Interprovinciaal Overleg",
  "Interprovinciaal Overleg"
]

14:44:57.296 [ForkJoinPool-1-worker-9] INFO  com.intuit.karate - [print] [
  "http://www.opengis.net/def/crs/EPSG/0/http://www.opengis.net/def/crs/EPSG/0/3034",
  "http://nationaalgeoregister.nl/geonetwork/srv/dut/csw?SERVICE=CSW&version=2.0.2&REQUEST=GetRecordById&elementSetName=full&OutputSchema=http://www.isotc211.org/2005/gmd&ID=c7d8d77b-8c47-4309-8c58-9b12b086407f",
  "https://creativecommons.org/publicdomain/mark/*/deed.nl",
  ""
]

14:44:57.301 [ForkJoinPool-1-worker-9] INFO  com.intuit.karate - [print]
14:44:57.301 [ForkJoinPool-1-worker-9] INFO  com.intuit.karate - [print] testing xlinkurl:http://www.opengis.net/def/crs/EPSG/0/http://www.opengis.net/def/crs/EPSG/0/3034
14:44:57.307 [ForkJoinPool-1-worker-11] INFO  com.intuit.karate - [print]
14:44:57.307 [ForkJoinPool-1-worker-11] INFO  com.intuit.karate - [print] testing xlinkurl:http://rdfdata.eionet.europa.eu/inspirethemes/themes/18
14:44:57.367 [ForkJoinPool-1-worker-3] INFO  com.intuit.karate - [print]
14:44:57.367 [ForkJoinPool-1-worker-3] INFO  com.intuit.karate - [print] testing xlinkurl:https://creativecommons.org/publicdomain/mark/*/deed.nl
14:44:57.393 [ForkJoinPool-1-worker-3] ERROR com.intuit.karate - status code was: 404, expected: 200, response time: 26, url: https://creativecommons.org/publicdomain/mark/*/deed.nl, response: 
14:44:57.394 [ForkJoinPool-1-worker-3] ERROR com.intuit.karate - feature call (loop) failed at index: 1
caller: classpath:InspireTest/ngr/datasetrecords/def/checkxlinkurl.template.feature
arg: {"link":"https://creativecommons.org/publicdomain/mark/*/deed.nl"}
checkxlinkurl.template.feature:15 - status code was: 404, expected: 200, response time: 26, url: https://creativecommons.org/publicdomain/mark/*/deed.nl, response: 
14:44:57.394 [ForkJoinPool-1-worker-3] INFO  com.intuit.karate - [print]
14:44:57.395 [ForkJoinPool-1-worker-3] INFO  com.intuit.karate - [print] testing xlinkurl:
14:44:57.395 [ForkJoinPool-1-worker-3] ERROR com.intuit.karate - org.apache.http.client.ClientProtocolException, http call failed after 0 milliseconds for URL: 
14:44:57.396 [ForkJoinPool-1-worker-3] ERROR com.intuit.karate - http request failed: 
org.apache.http.client.ClientProtocolException
14:44:57.396 [ForkJoinPool-1-worker-3] ERROR com.intuit.karate - feature call (loop) failed at index: 2
caller: classpath:InspireTest/ngr/datasetrecords/def/checkxlinkurl.template.feature
arg: {"link":""}
checkxlinkurl.template.feature:14 - 
org.apache.http.client.ClientProtocolException
14:44:57.422 [ForkJoinPool-1-worker-13] INFO  com.intuit.karate - [print]
14:44:57.422 [ForkJoinPool-1-worker-13] INFO  com.intuit.karate - [print] testing xlinkurl:http://rdfdata.eionet.europa.eu/inspirethemes/themes/18
14:44:57.500 [ForkJoinPool-1-worker-11] ERROR com.intuit.karate - status code was: 404, expected: 200, response time: 192, url: http://rdfdata.eionet.europa.eu/inspirethemes/themes/18, response: 
14:44:57.500 [ForkJoinPool-1-worker-11] ERROR com.intuit.karate - feature call (loop) failed at index: 1
caller: classpath:InspireTest/ngr/datasetrecords/def/checkxlinkurl.template.feature
arg: {"link":"http://rdfdata.eionet.europa.eu/inspirethemes/themes/18"}
checkxlinkurl.template.feature:15 - status code was: 404, expected: 200, response time: 192, url: http://rdfdata.eionet.europa.eu/inspirethemes/themes/18, response: 
14:44:57.501 [ForkJoinPool-1-worker-11] INFO  com.intuit.karate - [print]
14:44:57.501 [ForkJoinPool-1-worker-11] INFO  com.intuit.karate - [print] testing xlinkurl:https://ngr.geocat.live/geonetwork/srv/eng/thesaurus.download?ref=external.theme.httpinspireeceuropaeumetadatacodelistPrioritydataset-Prioritydataset
14:44:57.521 [ForkJoinPool-1-worker-7] INFO  com.intuit.karate - [print]
14:44:57.521 [ForkJoinPool-1-worker-7] INFO  com.intuit.karate - [print] testing xlinkurl:http://nationaalgeoregister.nl/geonetwork/srv/dut/csw?SERVICE=CSW&version=2.0.2&REQUEST=GetRecordById&elementSetName=full&OutputSchema=http://www.isotc211.org/2005/gmd&ID=998ba1dc-f6a6-49a3-a021-51f30d9b1d0e
14:44:57.594 [ForkJoinPool-1-worker-9] INFO  com.intuit.karate - [print]
14:44:57.594 [ForkJoinPool-1-worker-9] INFO  com.intuit.karate - [print] testing xlinkurl:http://nationaalgeoregister.nl/geonetwork/srv/dut/csw?SERVICE=CSW&version=2.0.2&REQUEST=GetRecordById&elementSetName=full&OutputSchema=http://www.isotc211.org/2005/gmd&ID=c7d8d77b-8c47-4309-8c58-9b12b086407f
14:44:57.614 [ForkJoinPool-1-worker-13] ERROR com.intuit.karate - status code was: 404, expected: 200, response time: 192, url: http://rdfdata.eionet.europa.eu/inspirethemes/themes/18, response: 
14:44:57.615 [ForkJoinPool-1-worker-13] ERROR com.intuit.karate - feature call (loop) failed at index: 1
caller: classpath:InspireTest/ngr/datasetrecords/def/checkxlinkurl.template.feature
arg: {"link":"http://rdfdata.eionet.europa.eu/inspirethemes/themes/18"}
checkxlinkurl.template.feature:15 - status code was: 404, expected: 200, response time: 192, url: http://rdfdata.eionet.europa.eu/inspirethemes/themes/18, response: 
14:44:57.616 [ForkJoinPool-1-worker-13] INFO  com.intuit.karate - [print]
14:44:57.617 [ForkJoinPool-1-worker-13] INFO  com.intuit.karate - [print] testing xlinkurl:https://ngr.geocat.live/geonetwork/srv/eng/thesaurus.download?ref=external.theme.httpinspireeceuropaeumetadatacodelistPrioritydataset-Prioritydataset
14:44:57.805 [ForkJoinPool-1-worker-5] INFO  com.intuit.karate - [print] title:Kaderrichtlijn Water - Oppervlaktewaterlichamen Nederland EU2009 vlakken
14:44:57.805 [ForkJoinPool-1-worker-5] INFO  com.intuit.karate - [print] Kaderrichtlijn Water - Oppervlaktewaterlichamen Nederland EU2009 vlakken
14:44:57.807 [ForkJoinPool-1-worker-5] INFO  com.intuit.karate - [print] [
  "servicedesk-data@rijkswaterstaat.nl",
  "servicedesk-data@rijkswaterstaat.nl",
  "",
  "servicedesk-data@rijkswaterstaat.nl",
  "servicedesk-data@rijkswaterstaat.nl"
]

14:44:57.809 [ForkJoinPool-1-worker-5] INFO  com.intuit.karate - [print] organisation: [
  "Rijkswaterstaat",
  "Rijkswaterstaat",
  "",
  "Rijkswaterstaat",
  "Rijkswaterstaat"
]

14:44:57.814 [ForkJoinPool-1-worker-5] INFO  com.intuit.karate - [print] [
  "https://www.nationaalgeoregister.nl/geonetwork/srv/dut/catalog.search#/metadata/krw2006-68b5-4ff3-94a4-9c24109ffd5e",
  "http://rdfdata.eionet.europa.eu/inspirethemes/themes/24",
  "https://ngr.geocat.live/geonetwork/srv/eng/thesaurus.download?ref=external.theme.httpinspireeceuropaeumetadatacodelistPrioritydataset-Prioritydataset",
  "urn:ogc:def:crs:EPSG::5709"
]

14:44:57.819 [ForkJoinPool-1-worker-5] INFO  com.intuit.karate - [print]
14:44:57.819 [ForkJoinPool-1-worker-5] INFO  com.intuit.karate - [print] testing xlinkurl:https://www.nationaalgeoregister.nl/geonetwork/srv/dut/catalog.search#/metadata/krw2006-68b5-4ff3-94a4-9c24109ffd5e
14:44:57.897 [ForkJoinPool-1-worker-3] INFO  com.intuit.karate - [print] title:Nationaal Hydrologisch Instrumentarium (NHI) - netwerkschematisatie
14:44:57.898 [ForkJoinPool-1-worker-3] INFO  com.intuit.karate - [print] Nationaal Hydrologisch Instrumentarium (NHI) - netwerkschematisatie
14:44:57.899 [ForkJoinPool-1-worker-3] INFO  com.intuit.karate - [print] [
  "servicedesk-data@rijkswaterstaat.nl",
  "servicedesk-data@rijkswaterstaat.nl",
  "",
  "servicedesk-data@rijkswaterstaat.nl",
  "servicedesk-data@rijkswaterstaat.nl"
]

14:44:57.900 [ForkJoinPool-1-worker-3] INFO  com.intuit.karate - [print] organisation: [
  "Rijkswaterstaat",
  "Rijkswaterstaat",
  "",
  "Rijkswaterstaat",
  "Rijkswaterstaat"
]

14:44:57.907 [ForkJoinPool-1-worker-3] INFO  com.intuit.karate - [print] [
  "https://www.nationaalgeoregister.nl/geonetwork/srv/dut/catalog.search#/metadata/710c381c-ab2d-45d5-a45d-af2eba811e5f",
  "http://rdfdata.eionet.europa.eu/inspirethemes/themes/8",
  "urn:ogc:def:crs:EPSG::5709"
]

14:44:57.912 [ForkJoinPool-1-worker-3] INFO  com.intuit.karate - [print]
14:44:57.913 [ForkJoinPool-1-worker-3] INFO  com.intuit.karate - [print] testing xlinkurl:https://www.nationaalgeoregister.nl/geonetwork/srv/dut/catalog.search#/metadata/710c381c-ab2d-45d5-a45d-af2eba811e5f
14:44:57.945 [ForkJoinPool-1-worker-11] ERROR com.intuit.karate - status code was: 500, expected: 200, response time: 444, url: https://ngr.geocat.live/geonetwork/srv/eng/thesaurus.download?ref=external.theme.httpinspireeceuropaeumetadatacodelistPrioritydataset-Prioritydataset, response: 
14:44:57.946 [ForkJoinPool-1-worker-11] ERROR com.intuit.karate - feature call (loop) failed at index: 2
caller: classpath:InspireTest/ngr/datasetrecords/def/checkxlinkurl.template.feature
arg: {"link":"https://ngr.geocat.live/geonetwork/srv/eng/thesaurus.download?ref=external.theme.httpinspireeceuropaeumetadatacodelistPrioritydataset-Prioritydataset"}
checkxlinkurl.template.feature:15 - status code was: 500, expected: 200, response time: 444, url: https://ngr.geocat.live/geonetwork/srv/eng/thesaurus.download?ref=external.theme.httpinspireeceuropaeumetadatacodelistPrioritydataset-Prioritydataset, response: 
14:44:57.951 [ForkJoinPool-1-worker-13] ERROR com.intuit.karate - status code was: 500, expected: 200, response time: 333, url: https://ngr.geocat.live/geonetwork/srv/eng/thesaurus.download?ref=external.theme.httpinspireeceuropaeumetadatacodelistPrioritydataset-Prioritydataset, response: 
14:44:57.951 [ForkJoinPool-1-worker-13] ERROR com.intuit.karate - feature call (loop) failed at index: 2
caller: classpath:InspireTest/ngr/datasetrecords/def/checkxlinkurl.template.feature
arg: {"link":"https://ngr.geocat.live/geonetwork/srv/eng/thesaurus.download?ref=external.theme.httpinspireeceuropaeumetadatacodelistPrioritydataset-Prioritydataset"}
checkxlinkurl.template.feature:15 - status code was: 500, expected: 200, response time: 333, url: https://ngr.geocat.live/geonetwork/srv/eng/thesaurus.download?ref=external.theme.httpinspireeceuropaeumetadatacodelistPrioritydataset-Prioritydataset, response: 
14:44:57.978 [ForkJoinPool-1-worker-7] INFO  com.intuit.karate - [print]
14:44:57.978 [ForkJoinPool-1-worker-7] INFO  com.intuit.karate - [print] testing xlinkurl:https://creativecommons.org/publicdomain/mark/*/deed.nl
14:44:58.013 [ForkJoinPool-1-worker-7] ERROR com.intuit.karate - status code was: 404, expected: 200, response time: 34, url: https://creativecommons.org/publicdomain/mark/*/deed.nl, response: 
14:44:58.014 [ForkJoinPool-1-worker-7] ERROR com.intuit.karate - feature call (loop) failed at index: 2
caller: classpath:InspireTest/ngr/datasetrecords/def/checkxlinkurl.template.feature
arg: {"link":"https://creativecommons.org/publicdomain/mark/*/deed.nl"}
checkxlinkurl.template.feature:15 - status code was: 404, expected: 200, response time: 34, url: https://creativecommons.org/publicdomain/mark/*/deed.nl, response: 
14:44:58.016 [ForkJoinPool-1-worker-7] INFO  com.intuit.karate - [print]
14:44:58.017 [ForkJoinPool-1-worker-7] INFO  com.intuit.karate - [print] testing xlinkurl:
14:44:58.018 [ForkJoinPool-1-worker-7] ERROR com.intuit.karate - org.apache.http.client.ClientProtocolException, http call failed after 0 milliseconds for URL: 
14:44:58.019 [ForkJoinPool-1-worker-7] ERROR com.intuit.karate - http request failed: 
org.apache.http.client.ClientProtocolException
14:44:58.020 [ForkJoinPool-1-worker-7] ERROR com.intuit.karate - feature call (loop) failed at index: 3
caller: classpath:InspireTest/ngr/datasetrecords/def/checkxlinkurl.template.feature
arg: {"link":""}
checkxlinkurl.template.feature:14 - 
org.apache.http.client.ClientProtocolException
14:44:58.118 [ForkJoinPool-1-worker-5] INFO  com.intuit.karate - [print]
14:44:58.118 [ForkJoinPool-1-worker-5] INFO  com.intuit.karate - [print] testing xlinkurl:http://rdfdata.eionet.europa.eu/inspirethemes/themes/24
14:44:58.171 [ForkJoinPool-1-worker-9] INFO  com.intuit.karate - [print]
14:44:58.171 [ForkJoinPool-1-worker-9] INFO  com.intuit.karate - [print] testing xlinkurl:https://creativecommons.org/publicdomain/mark/*/deed.nl
14:44:58.193 [ForkJoinPool-1-worker-9] ERROR com.intuit.karate - status code was: 404, expected: 200, response time: 21, url: https://creativecommons.org/publicdomain/mark/*/deed.nl, response: 
14:44:58.194 [ForkJoinPool-1-worker-9] ERROR com.intuit.karate - feature call (loop) failed at index: 2
caller: classpath:InspireTest/ngr/datasetrecords/def/checkxlinkurl.template.feature
arg: {"link":"https://creativecommons.org/publicdomain/mark/*/deed.nl"}
checkxlinkurl.template.feature:15 - status code was: 404, expected: 200, response time: 21, url: https://creativecommons.org/publicdomain/mark/*/deed.nl, response: 
14:44:58.197 [ForkJoinPool-1-worker-9] INFO  com.intuit.karate - [print]
14:44:58.197 [ForkJoinPool-1-worker-9] INFO  com.intuit.karate - [print] testing xlinkurl:
14:44:58.198 [ForkJoinPool-1-worker-9] ERROR com.intuit.karate - org.apache.http.client.ClientProtocolException, http call failed after 0 milliseconds for URL: 
14:44:58.199 [ForkJoinPool-1-worker-9] ERROR com.intuit.karate - http request failed: 
org.apache.http.client.ClientProtocolException
14:44:58.199 [ForkJoinPool-1-worker-9] ERROR com.intuit.karate - feature call (loop) failed at index: 3
caller: classpath:InspireTest/ngr/datasetrecords/def/checkxlinkurl.template.feature
arg: {"link":""}
checkxlinkurl.template.feature:14 - 
org.apache.http.client.ClientProtocolException
14:44:58.216 [ForkJoinPool-1-worker-3] INFO  com.intuit.karate - [print]
14:44:58.216 [ForkJoinPool-1-worker-3] INFO  com.intuit.karate - [print] testing xlinkurl:http://rdfdata.eionet.europa.eu/inspirethemes/themes/8
14:44:58.310 [ForkJoinPool-1-worker-5] ERROR com.intuit.karate - status code was: 404, expected: 200, response time: 191, url: http://rdfdata.eionet.europa.eu/inspirethemes/themes/24, response: 
14:44:58.310 [ForkJoinPool-1-worker-5] ERROR com.intuit.karate - feature call (loop) failed at index: 1
caller: classpath:InspireTest/ngr/datasetrecords/def/checkxlinkurl.template.feature
arg: {"link":"http://rdfdata.eionet.europa.eu/inspirethemes/themes/24"}
checkxlinkurl.template.feature:15 - status code was: 404, expected: 200, response time: 191, url: http://rdfdata.eionet.europa.eu/inspirethemes/themes/24, response: 
14:44:58.311 [ForkJoinPool-1-worker-5] INFO  com.intuit.karate - [print]
14:44:58.312 [ForkJoinPool-1-worker-5] INFO  com.intuit.karate - [print] testing xlinkurl:https://ngr.geocat.live/geonetwork/srv/eng/thesaurus.download?ref=external.theme.httpinspireeceuropaeumetadatacodelistPrioritydataset-Prioritydataset
14:44:58.409 [ForkJoinPool-1-worker-3] ERROR com.intuit.karate - status code was: 404, expected: 200, response time: 191, url: http://rdfdata.eionet.europa.eu/inspirethemes/themes/8, response: 
14:44:58.410 [ForkJoinPool-1-worker-3] ERROR com.intuit.karate - feature call (loop) failed at index: 1
caller: classpath:InspireTest/ngr/datasetrecords/def/checkxlinkurl.template.feature
arg: {"link":"http://rdfdata.eionet.europa.eu/inspirethemes/themes/8"}
checkxlinkurl.template.feature:15 - status code was: 404, expected: 200, response time: 191, url: http://rdfdata.eionet.europa.eu/inspirethemes/themes/8, response: 
14:44:58.411 [ForkJoinPool-1-worker-3] INFO  com.intuit.karate - [print]
14:44:58.411 [ForkJoinPool-1-worker-3] INFO  com.intuit.karate - [print] testing xlinkurl:urn:ogc:def:crs:EPSG::5709
14:44:58.411 [ForkJoinPool-1-worker-3] ERROR com.intuit.karate - org.apache.http.client.ClientProtocolException: URI does not specify a valid host name: urn:ogc:def:crs:EPSG::5709, http call failed after 0 milliseconds for URL: urn:ogc:def:crs:EPSG::5709
14:44:58.411 [ForkJoinPool-1-worker-3] ERROR com.intuit.karate - http request failed: 
org.apache.http.client.ClientProtocolException: URI does not specify a valid host name: urn:ogc:def:crs:EPSG::5709
14:44:58.412 [ForkJoinPool-1-worker-3] ERROR com.intuit.karate - feature call (loop) failed at index: 2
caller: classpath:InspireTest/ngr/datasetrecords/def/checkxlinkurl.template.feature
arg: {"link":"urn:ogc:def:crs:EPSG::5709"}
checkxlinkurl.template.feature:14 - 
org.apache.http.client.ClientProtocolException: URI does not specify a valid host name: urn:ogc:def:crs:EPSG::5709
14:44:58.470 [ForkJoinPool-1-worker-11] INFO  com.intuit.karate - [print] title:Stiltegebieden
14:44:58.471 [ForkJoinPool-1-worker-11] INFO  com.intuit.karate - [print] Stiltegebieden
14:44:58.472 [ForkJoinPool-1-worker-11] INFO  com.intuit.karate - [print] [
  "inspire@gbo-provincies.nl",
  "inspire@gbo-provincies.nl",
  "inspire@gbo-provincies.nl"
]

14:44:58.474 [ForkJoinPool-1-worker-11] INFO  com.intuit.karate - [print] organisation: [
  "Interprovinciaal Overleg",
  "Interprovinciaal Overleg",
  "Interprovinciaal Overleg"
]

14:44:58.479 [ForkJoinPool-1-worker-11] INFO  com.intuit.karate - [print] [
  "http://www.opengis.net/def/crs/EPSG/0/http://www.opengis.net/def/crs/EPSG/0/3034",
  "http://nationaalgeoregister.nl/geonetwork/srv/dut/csw?SERVICE=CSW&version=2.0.2&REQUEST=GetRecordById&elementSetName=full&OutputSchema=http://www.isotc211.org/2005/gmd&ID=cc408b2d-09a6-4b2b-9aa3-b46bfe2f00a5",
  "https://creativecommons.org/publicdomain/mark/*/deed.nl",
  ""
]

14:44:58.485 [ForkJoinPool-1-worker-11] INFO  com.intuit.karate - [print]
14:44:58.486 [ForkJoinPool-1-worker-11] INFO  com.intuit.karate - [print] testing xlinkurl:http://www.opengis.net/def/crs/EPSG/0/http://www.opengis.net/def/crs/EPSG/0/3034
14:44:58.562 [ForkJoinPool-1-worker-13] INFO  com.intuit.karate - [print] title:NB-wetgebieden buiten Natura 2000
14:44:58.563 [ForkJoinPool-1-worker-13] INFO  com.intuit.karate - [print] NB-wetgebieden buiten Natura 2000
14:44:58.564 [ForkJoinPool-1-worker-13] INFO  com.intuit.karate - [print] [
  "inspire@gbo-provincies.nl",
  "inspire@gbo-provincies.nl",
  "inspire@gbo-provincies.nl"
]

14:44:58.567 [ForkJoinPool-1-worker-13] INFO  com.intuit.karate - [print] organisation: [
  "Interprovinciaal Overleg",
  "Interprovinciaal Overleg",
  "Interprovinciaal Overleg"
]

14:44:58.574 [ForkJoinPool-1-worker-13] INFO  com.intuit.karate - [print] [
  "http://www.opengis.net/def/crs/EPSG/0/http://www.opengis.net/def/crs/EPSG/0/3034",
  "http://nationaalgeoregister.nl/geonetwork/srv/dut/csw?SERVICE=CSW&version=2.0.2&REQUEST=GetRecordById&elementSetName=full&OutputSchema=http://www.isotc211.org/2005/gmd&ID=f0821bfe-5a0a-11e9-8647-d663bd873d93",
  "https://creativecommons.org/publicdomain/mark/*/deed.nl",
  ""
]

14:44:58.582 [ForkJoinPool-1-worker-7] INFO  com.intuit.karate - [print] title:Kaderrichtlijn Water - Stroomgebieddistricten Nederland EU2015
14:44:58.584 [ForkJoinPool-1-worker-7] INFO  com.intuit.karate - [print] Kaderrichtlijn Water - Stroomgebieddistricten Nederland EU2015
14:44:58.586 [ForkJoinPool-1-worker-7] INFO  com.intuit.karate - [print] [
  "servicedesk@ihw.nl",
  "servicedesk-data@rijkswaterstaat.nl",
  "",
  "servicedesk-data@rijkswaterstaat.nl",
  "servicedesk-data@rijkswaterstaat.nl"
]

14:44:58.588 [ForkJoinPool-1-worker-7] INFO  com.intuit.karate - [print] organisation: [
  "Informatiehuis Water",
  "Informatiehuis Water",
  "",
  "Rijkswaterstaat",
  "Rijkswaterstaat"
]

14:44:58.596 [ForkJoinPool-1-worker-7] INFO  com.intuit.karate - [print] [
  "https://www.nationaalgeoregister.nl/geonetwork/srv/dut/catalog.search#/metadata/10f9ec6-4464-462e-9765-83d90cefbeab",
  "http://rdfdata.eionet.europa.eu/inspirethemes/themes/24",
  "https://ngr.geocat.live/geonetwork/srv/eng/thesaurus.download?ref=external.theme.httpinspireeceuropaeumetadatacodelistPrioritydataset-Prioritydataset",
  "urn:ogc:def:crs:EPSG::5709"
]

14:44:58.602 [ForkJoinPool-1-worker-13] INFO  com.intuit.karate - [print]
14:44:58.606 [ForkJoinPool-1-worker-13] INFO  com.intuit.karate - [print] testing xlinkurl:http://www.opengis.net/def/crs/EPSG/0/http://www.opengis.net/def/crs/EPSG/0/3034
14:44:58.610 [ForkJoinPool-1-worker-7] INFO  com.intuit.karate - [print]
14:44:58.611 [ForkJoinPool-1-worker-7] INFO  com.intuit.karate - [print] testing xlinkurl:https://www.nationaalgeoregister.nl/geonetwork/srv/dut/catalog.search#/metadata/10f9ec6-4464-462e-9765-83d90cefbeab
14:44:58.624 [ForkJoinPool-1-worker-5] ERROR com.intuit.karate - status code was: 500, expected: 200, response time: 311, url: https://ngr.geocat.live/geonetwork/srv/eng/thesaurus.download?ref=external.theme.httpinspireeceuropaeumetadatacodelistPrioritydataset-Prioritydataset, response: 
14:44:58.624 [ForkJoinPool-1-worker-5] ERROR com.intuit.karate - feature call (loop) failed at index: 2
caller: classpath:InspireTest/ngr/datasetrecords/def/checkxlinkurl.template.feature
arg: {"link":"https://ngr.geocat.live/geonetwork/srv/eng/thesaurus.download?ref=external.theme.httpinspireeceuropaeumetadatacodelistPrioritydataset-Prioritydataset"}
checkxlinkurl.template.feature:15 - status code was: 500, expected: 200, response time: 311, url: https://ngr.geocat.live/geonetwork/srv/eng/thesaurus.download?ref=external.theme.httpinspireeceuropaeumetadatacodelistPrioritydataset-Prioritydataset, response: 
14:44:58.625 [ForkJoinPool-1-worker-5] INFO  com.intuit.karate - [print]
14:44:58.625 [ForkJoinPool-1-worker-5] INFO  com.intuit.karate - [print] testing xlinkurl:urn:ogc:def:crs:EPSG::5709
14:44:58.625 [ForkJoinPool-1-worker-5] ERROR com.intuit.karate - org.apache.http.client.ClientProtocolException: URI does not specify a valid host name: urn:ogc:def:crs:EPSG::5709, http call failed after 0 milliseconds for URL: urn:ogc:def:crs:EPSG::5709
14:44:58.626 [ForkJoinPool-1-worker-5] ERROR com.intuit.karate - http request failed: 
org.apache.http.client.ClientProtocolException: URI does not specify a valid host name: urn:ogc:def:crs:EPSG::5709
14:44:58.626 [ForkJoinPool-1-worker-5] ERROR com.intuit.karate - feature call (loop) failed at index: 3
caller: classpath:InspireTest/ngr/datasetrecords/def/checkxlinkurl.template.feature
arg: {"link":"urn:ogc:def:crs:EPSG::5709"}
checkxlinkurl.template.feature:14 - 
org.apache.http.client.ClientProtocolException: URI does not specify a valid host name: urn:ogc:def:crs:EPSG::5709
14:44:58.736 [ForkJoinPool-1-worker-9] INFO  com.intuit.karate - [print] title:Kaderrichtlijn Water - Oppervlaktewaterlichamen Nederland 2019 vlakken
14:44:58.737 [ForkJoinPool-1-worker-9] INFO  com.intuit.karate - [print] Kaderrichtlijn Water - Oppervlaktewaterlichamen Nederland 2019 vlakken
14:44:58.739 [ForkJoinPool-1-worker-9] INFO  com.intuit.karate - [print] [
  "servicedesk-data@rijkswaterstaat.nl",
  "servicedesk-data@rijkswaterstaat.nl",
  "",
  "servicedesk-data@rijkswaterstaat.nl",
  "servicedesk-data@rijkswaterstaat.nl"
]

14:44:58.754 [ForkJoinPool-1-worker-9] INFO  com.intuit.karate - [print] organisation: [
  "Rijkswaterstaat",
  "Rijkswaterstaat",
  "",
  "Rijkswaterstaat",
  "Rijkswaterstaat"
]

14:44:58.771 [ForkJoinPool-1-worker-11] INFO  com.intuit.karate - [print]
14:44:58.772 [ForkJoinPool-1-worker-11] INFO  com.intuit.karate - [print] testing xlinkurl:http://nationaalgeoregister.nl/geonetwork/srv/dut/csw?SERVICE=CSW&version=2.0.2&REQUEST=GetRecordById&elementSetName=full&OutputSchema=http://www.isotc211.org/2005/gmd&ID=cc408b2d-09a6-4b2b-9aa3-b46bfe2f00a5
14:44:58.773 [ForkJoinPool-1-worker-9] INFO  com.intuit.karate - [print] [
  "https://www.nationaalgeoregister.nl/geonetwork/srv/dut/catalog.search#/metadata/2e31680f-68b5-4ff3-94a4-9c24109ffd5e",
  "http://rdfdata.eionet.europa.eu/inspirethemes/themes/24",
  "https://ngr.geocat.live/geonetwork/srv/eng/thesaurus.download?ref=external.theme.httpinspireeceuropaeumetadatacodelistPrioritydataset-Prioritydataset",
  "urn:ogc:def:crs:EPSG::5709"
]

14:44:58.779 [ForkJoinPool-1-worker-9] INFO  com.intuit.karate - [print]
14:44:58.788 [ForkJoinPool-1-worker-9] INFO  com.intuit.karate - [print] testing xlinkurl:https://www.nationaalgeoregister.nl/geonetwork/srv/dut/catalog.search#/metadata/2e31680f-68b5-4ff3-94a4-9c24109ffd5e
14:44:58.901 [ForkJoinPool-1-worker-13] INFO  com.intuit.karate - [print]
14:44:58.901 [ForkJoinPool-1-worker-13] INFO  com.intuit.karate - [print] testing xlinkurl:http://nationaalgeoregister.nl/geonetwork/srv/dut/csw?SERVICE=CSW&version=2.0.2&REQUEST=GetRecordById&elementSetName=full&OutputSchema=http://www.isotc211.org/2005/gmd&ID=f0821bfe-5a0a-11e9-8647-d663bd873d93
14:44:58.911 [ForkJoinPool-1-worker-7] INFO  com.intuit.karate - [print]
14:44:58.912 [ForkJoinPool-1-worker-7] INFO  com.intuit.karate - [print] testing xlinkurl:http://rdfdata.eionet.europa.eu/inspirethemes/themes/24
14:44:58.930 [ForkJoinPool-1-worker-3] INFO  com.intuit.karate - [print] title:Kaderrichtlijn Water - Oppervlaktewaterlichamen Nederland 2019 lijnen
14:44:58.931 [ForkJoinPool-1-worker-3] INFO  com.intuit.karate - [print] Kaderrichtlijn Water - Oppervlaktewaterlichamen Nederland 2019 lijnen
14:44:58.933 [ForkJoinPool-1-worker-3] INFO  com.intuit.karate - [print] [
  "servicedesk-data@rijkswaterstaat.nl",
  "servicedesk-data@rijkswaterstaat.nl",
  "",
  "servicedesk-data@rijkswaterstaat.nl",
  "servicedesk-data@rijkswaterstaat.nl"
]

14:44:58.935 [ForkJoinPool-1-worker-3] INFO  com.intuit.karate - [print] organisation: [
  "Rijkswaterstaat",
  "Rijkswaterstaat",
  "",
  "Rijkswaterstaat",
  "Rijkswaterstaat"
]

14:44:58.951 [ForkJoinPool-1-worker-3] INFO  com.intuit.karate - [print] [
  "https://www.nationaalgeoregister.nl/geonetwork/srv/dut/catalog.search#/metadata/622a632a-c57b-44a2-83a4-e51223d5f15g",
  "http://rdfdata.eionet.europa.eu/inspirethemes/themes/24",
  "https://ngr.geocat.live/geonetwork/srv/eng/thesaurus.download?ref=external.theme.httpinspireeceuropaeumetadatacodelistPrioritydataset-Prioritydataset",
  "urn:ogc:def:crs:EPSG::5709"
]

14:44:58.965 [ForkJoinPool-1-worker-3] INFO  com.intuit.karate - [print]
14:44:58.976 [ForkJoinPool-1-worker-3] INFO  com.intuit.karate - [print] testing xlinkurl:https://www.nationaalgeoregister.nl/geonetwork/srv/dut/catalog.search#/metadata/622a632a-c57b-44a2-83a4-e51223d5f15g
14:44:59.095 [ForkJoinPool-1-worker-9] INFO  com.intuit.karate - [print]
14:44:59.096 [ForkJoinPool-1-worker-9] INFO  com.intuit.karate - [print] testing xlinkurl:http://rdfdata.eionet.europa.eu/inspirethemes/themes/24
14:44:59.108 [ForkJoinPool-1-worker-7] ERROR com.intuit.karate - status code was: 404, expected: 200, response time: 195, url: http://rdfdata.eionet.europa.eu/inspirethemes/themes/24, response: 
14:44:59.108 [ForkJoinPool-1-worker-7] ERROR com.intuit.karate - feature call (loop) failed at index: 1
caller: classpath:InspireTest/ngr/datasetrecords/def/checkxlinkurl.template.feature
arg: {"link":"http://rdfdata.eionet.europa.eu/inspirethemes/themes/24"}
checkxlinkurl.template.feature:15 - status code was: 404, expected: 200, response time: 195, url: http://rdfdata.eionet.europa.eu/inspirethemes/themes/24, response: 
14:44:59.108 [ForkJoinPool-1-worker-7] INFO  com.intuit.karate - [print]
14:44:59.109 [ForkJoinPool-1-worker-7] INFO  com.intuit.karate - [print] testing xlinkurl:https://ngr.geocat.live/geonetwork/srv/eng/thesaurus.download?ref=external.theme.httpinspireeceuropaeumetadatacodelistPrioritydataset-Prioritydataset
14:44:59.171 [ForkJoinPool-1-worker-5] INFO  com.intuit.karate - [print] title:Kaderrichtlijn Water - Stroomgebieddistricten Nederland 2019 vlakken
14:44:59.171 [ForkJoinPool-1-worker-5] INFO  com.intuit.karate - [print] Kaderrichtlijn Water - Stroomgebieddistricten Nederland 2019 vlakken
14:44:59.173 [ForkJoinPool-1-worker-5] INFO  com.intuit.karate - [print] [
  "servicedesk-data@rijkswaterstaat.nl",
  "servicedesk-data@rijkswaterstaat.nl",
  "",
  "servicedesk-data@rijkswaterstaat.nl",
  "servicedesk-data@rijkswaterstaat.nl"
]

14:44:59.176 [ForkJoinPool-1-worker-5] INFO  com.intuit.karate - [print] organisation: [
  "Rijkswaterstaat",
  "Rijkswaterstaat",
  "",
  "Rijkswaterstaat",
  "Rijkswaterstaat"
]

14:44:59.183 [ForkJoinPool-1-worker-5] INFO  com.intuit.karate - [print] [
  "https://www.nationaalgeoregister.nl/geonetwork/srv/dut/catalog.search#/metadata/krw-f7bb2351-9788-42ea-a58b-a5ee1842304e",
  "http://rdfdata.eionet.europa.eu/inspirethemes/themes/24",
  "https://ngr.geocat.live/geonetwork/srv/eng/thesaurus.download?ref=external.theme.httpinspireeceuropaeumetadatacodelistPrioritydataset-Prioritydataset",
  "urn:ogc:def:crs:EPSG::5709"
]

14:44:59.188 [ForkJoinPool-1-worker-5] INFO  com.intuit.karate - [print]
14:44:59.189 [ForkJoinPool-1-worker-5] INFO  com.intuit.karate - [print] testing xlinkurl:https://www.nationaalgeoregister.nl/geonetwork/srv/dut/catalog.search#/metadata/krw-f7bb2351-9788-42ea-a58b-a5ee1842304e
14:44:59.288 [ForkJoinPool-1-worker-9] ERROR com.intuit.karate - status code was: 404, expected: 200, response time: 191, url: http://rdfdata.eionet.europa.eu/inspirethemes/themes/24, response: 
14:44:59.288 [ForkJoinPool-1-worker-9] ERROR com.intuit.karate - feature call (loop) failed at index: 1
caller: classpath:InspireTest/ngr/datasetrecords/def/checkxlinkurl.template.feature
arg: {"link":"http://rdfdata.eionet.europa.eu/inspirethemes/themes/24"}
checkxlinkurl.template.feature:15 - status code was: 404, expected: 200, response time: 191, url: http://rdfdata.eionet.europa.eu/inspirethemes/themes/24, response: 
14:44:59.289 [ForkJoinPool-1-worker-9] INFO  com.intuit.karate - [print]
14:44:59.290 [ForkJoinPool-1-worker-9] INFO  com.intuit.karate - [print] testing xlinkurl:https://ngr.geocat.live/geonetwork/srv/eng/thesaurus.download?ref=external.theme.httpinspireeceuropaeumetadatacodelistPrioritydataset-Prioritydataset
14:44:59.301 [ForkJoinPool-1-worker-3] INFO  com.intuit.karate - [print]
14:44:59.301 [ForkJoinPool-1-worker-3] INFO  com.intuit.karate - [print] testing xlinkurl:http://rdfdata.eionet.europa.eu/inspirethemes/themes/24
14:44:59.320 [ForkJoinPool-1-worker-11] INFO  com.intuit.karate - [print]
14:44:59.320 [ForkJoinPool-1-worker-11] INFO  com.intuit.karate - [print] testing xlinkurl:https://creativecommons.org/publicdomain/mark/*/deed.nl
14:44:59.357 [ForkJoinPool-1-worker-11] ERROR com.intuit.karate - status code was: 404, expected: 200, response time: 36, url: https://creativecommons.org/publicdomain/mark/*/deed.nl, response: 
14:44:59.358 [ForkJoinPool-1-worker-11] ERROR com.intuit.karate - feature call (loop) failed at index: 2
caller: classpath:InspireTest/ngr/datasetrecords/def/checkxlinkurl.template.feature
arg: {"link":"https://creativecommons.org/publicdomain/mark/*/deed.nl"}
checkxlinkurl.template.feature:15 - status code was: 404, expected: 200, response time: 36, url: https://creativecommons.org/publicdomain/mark/*/deed.nl, response: 
14:44:59.365 [ForkJoinPool-1-worker-11] INFO  com.intuit.karate - [print]
14:44:59.366 [ForkJoinPool-1-worker-11] INFO  com.intuit.karate - [print] testing xlinkurl:
14:44:59.367 [ForkJoinPool-1-worker-11] ERROR com.intuit.karate - org.apache.http.client.ClientProtocolException, http call failed after 0 milliseconds for URL: 
14:44:59.368 [ForkJoinPool-1-worker-11] ERROR com.intuit.karate - http request failed: 
org.apache.http.client.ClientProtocolException
14:44:59.369 [ForkJoinPool-1-worker-11] ERROR com.intuit.karate - feature call (loop) failed at index: 3
caller: classpath:InspireTest/ngr/datasetrecords/def/checkxlinkurl.template.feature
arg: {"link":""}
checkxlinkurl.template.feature:14 - 
org.apache.http.client.ClientProtocolException
14:44:59.403 [ForkJoinPool-1-worker-13] INFO  com.intuit.karate - [print]
14:44:59.403 [ForkJoinPool-1-worker-13] INFO  com.intuit.karate - [print] testing xlinkurl:https://creativecommons.org/publicdomain/mark/*/deed.nl
14:44:59.404 [ForkJoinPool-1-worker-7] ERROR com.intuit.karate - status code was: 500, expected: 200, response time: 295, url: https://ngr.geocat.live/geonetwork/srv/eng/thesaurus.download?ref=external.theme.httpinspireeceuropaeumetadatacodelistPrioritydataset-Prioritydataset, response: 
14:44:59.404 [ForkJoinPool-1-worker-7] ERROR com.intuit.karate - feature call (loop) failed at index: 2
caller: classpath:InspireTest/ngr/datasetrecords/def/checkxlinkurl.template.feature
arg: {"link":"https://ngr.geocat.live/geonetwork/srv/eng/thesaurus.download?ref=external.theme.httpinspireeceuropaeumetadatacodelistPrioritydataset-Prioritydataset"}
checkxlinkurl.template.feature:15 - status code was: 500, expected: 200, response time: 295, url: https://ngr.geocat.live/geonetwork/srv/eng/thesaurus.download?ref=external.theme.httpinspireeceuropaeumetadatacodelistPrioritydataset-Prioritydataset, response: 
14:44:59.405 [ForkJoinPool-1-worker-7] INFO  com.intuit.karate - [print]
14:44:59.405 [ForkJoinPool-1-worker-7] INFO  com.intuit.karate - [print] testing xlinkurl:urn:ogc:def:crs:EPSG::5709
14:44:59.405 [ForkJoinPool-1-worker-7] ERROR com.intuit.karate - org.apache.http.client.ClientProtocolException: URI does not specify a valid host name: urn:ogc:def:crs:EPSG::5709, http call failed after 0 milliseconds for URL: urn:ogc:def:crs:EPSG::5709
14:44:59.405 [ForkJoinPool-1-worker-7] ERROR com.intuit.karate - http request failed: 
org.apache.http.client.ClientProtocolException: URI does not specify a valid host name: urn:ogc:def:crs:EPSG::5709
14:44:59.405 [ForkJoinPool-1-worker-7] ERROR com.intuit.karate - feature call (loop) failed at index: 3
caller: classpath:InspireTest/ngr/datasetrecords/def/checkxlinkurl.template.feature
arg: {"link":"urn:ogc:def:crs:EPSG::5709"}
checkxlinkurl.template.feature:14 - 
org.apache.http.client.ClientProtocolException: URI does not specify a valid host name: urn:ogc:def:crs:EPSG::5709
14:44:59.441 [ForkJoinPool-1-worker-13] ERROR com.intuit.karate - status code was: 404, expected: 200, response time: 37, url: https://creativecommons.org/publicdomain/mark/*/deed.nl, response: 
14:44:59.442 [ForkJoinPool-1-worker-13] ERROR com.intuit.karate - feature call (loop) failed at index: 2
caller: classpath:InspireTest/ngr/datasetrecords/def/checkxlinkurl.template.feature
arg: {"link":"https://creativecommons.org/publicdomain/mark/*/deed.nl"}
checkxlinkurl.template.feature:15 - status code was: 404, expected: 200, response time: 37, url: https://creativecommons.org/publicdomain/mark/*/deed.nl, response: 
14:44:59.445 [ForkJoinPool-1-worker-13] INFO  com.intuit.karate - [print]
14:44:59.445 [ForkJoinPool-1-worker-13] INFO  com.intuit.karate - [print] testing xlinkurl:
14:44:59.446 [ForkJoinPool-1-worker-13] ERROR com.intuit.karate - org.apache.http.client.ClientProtocolException, http call failed after 0 milliseconds for URL: 
14:44:59.447 [ForkJoinPool-1-worker-13] ERROR com.intuit.karate - http request failed: 
org.apache.http.client.ClientProtocolException
14:44:59.448 [ForkJoinPool-1-worker-13] ERROR com.intuit.karate - feature call (loop) failed at index: 3
caller: classpath:InspireTest/ngr/datasetrecords/def/checkxlinkurl.template.feature
arg: {"link":""}
checkxlinkurl.template.feature:14 - 
org.apache.http.client.ClientProtocolException
14:44:59.488 [ForkJoinPool-1-worker-5] INFO  com.intuit.karate - [print]
14:44:59.488 [ForkJoinPool-1-worker-5] INFO  com.intuit.karate - [print] testing xlinkurl:http://rdfdata.eionet.europa.eu/inspirethemes/themes/24
14:44:59.492 [ForkJoinPool-1-worker-3] ERROR com.intuit.karate - status code was: 404, expected: 200, response time: 191, url: http://rdfdata.eionet.europa.eu/inspirethemes/themes/24, response: 
14:44:59.492 [ForkJoinPool-1-worker-3] ERROR com.intuit.karate - feature call (loop) failed at index: 1
caller: classpath:InspireTest/ngr/datasetrecords/def/checkxlinkurl.template.feature
arg: {"link":"http://rdfdata.eionet.europa.eu/inspirethemes/themes/24"}
checkxlinkurl.template.feature:15 - status code was: 404, expected: 200, response time: 191, url: http://rdfdata.eionet.europa.eu/inspirethemes/themes/24, response: 
14:44:59.493 [ForkJoinPool-1-worker-3] INFO  com.intuit.karate - [print]
14:44:59.493 [ForkJoinPool-1-worker-3] INFO  com.intuit.karate - [print] testing xlinkurl:https://ngr.geocat.live/geonetwork/srv/eng/thesaurus.download?ref=external.theme.httpinspireeceuropaeumetadatacodelistPrioritydataset-Prioritydataset
14:44:59.592 [ForkJoinPool-1-worker-9] ERROR com.intuit.karate - status code was: 500, expected: 200, response time: 302, url: https://ngr.geocat.live/geonetwork/srv/eng/thesaurus.download?ref=external.theme.httpinspireeceuropaeumetadatacodelistPrioritydataset-Prioritydataset, response: 
14:44:59.592 [ForkJoinPool-1-worker-9] ERROR com.intuit.karate - feature call (loop) failed at index: 2
caller: classpath:InspireTest/ngr/datasetrecords/def/checkxlinkurl.template.feature
arg: {"link":"https://ngr.geocat.live/geonetwork/srv/eng/thesaurus.download?ref=external.theme.httpinspireeceuropaeumetadatacodelistPrioritydataset-Prioritydataset"}
checkxlinkurl.template.feature:15 - status code was: 500, expected: 200, response time: 302, url: https://ngr.geocat.live/geonetwork/srv/eng/thesaurus.download?ref=external.theme.httpinspireeceuropaeumetadatacodelistPrioritydataset-Prioritydataset, response: 
14:44:59.593 [ForkJoinPool-1-worker-9] INFO  com.intuit.karate - [print]
14:44:59.594 [ForkJoinPool-1-worker-9] INFO  com.intuit.karate - [print] testing xlinkurl:urn:ogc:def:crs:EPSG::5709
14:44:59.594 [ForkJoinPool-1-worker-9] ERROR com.intuit.karate - org.apache.http.client.ClientProtocolException: URI does not specify a valid host name: urn:ogc:def:crs:EPSG::5709, http call failed after 0 milliseconds for URL: urn:ogc:def:crs:EPSG::5709
14:44:59.594 [ForkJoinPool-1-worker-9] ERROR com.intuit.karate - http request failed: 
org.apache.http.client.ClientProtocolException: URI does not specify a valid host name: urn:ogc:def:crs:EPSG::5709
14:44:59.594 [ForkJoinPool-1-worker-9] ERROR com.intuit.karate - feature call (loop) failed at index: 3
caller: classpath:InspireTest/ngr/datasetrecords/def/checkxlinkurl.template.feature
arg: {"link":"urn:ogc:def:crs:EPSG::5709"}
checkxlinkurl.template.feature:14 - 
org.apache.http.client.ClientProtocolException: URI does not specify a valid host name: urn:ogc:def:crs:EPSG::5709
14:44:59.683 [ForkJoinPool-1-worker-5] ERROR com.intuit.karate - status code was: 404, expected: 200, response time: 194, url: http://rdfdata.eionet.europa.eu/inspirethemes/themes/24, response: 
14:44:59.683 [ForkJoinPool-1-worker-5] ERROR com.intuit.karate - feature call (loop) failed at index: 1
caller: classpath:InspireTest/ngr/datasetrecords/def/checkxlinkurl.template.feature
arg: {"link":"http://rdfdata.eionet.europa.eu/inspirethemes/themes/24"}
checkxlinkurl.template.feature:15 - status code was: 404, expected: 200, response time: 194, url: http://rdfdata.eionet.europa.eu/inspirethemes/themes/24, response: 
14:44:59.684 [ForkJoinPool-1-worker-5] INFO  com.intuit.karate - [print]
14:44:59.685 [ForkJoinPool-1-worker-5] INFO  com.intuit.karate - [print] testing xlinkurl:https://ngr.geocat.live/geonetwork/srv/eng/thesaurus.download?ref=external.theme.httpinspireeceuropaeumetadatacodelistPrioritydataset-Prioritydataset
14:44:59.810 [ForkJoinPool-1-worker-3] ERROR com.intuit.karate - status code was: 500, expected: 200, response time: 314, url: https://ngr.geocat.live/geonetwork/srv/eng/thesaurus.download?ref=external.theme.httpinspireeceuropaeumetadatacodelistPrioritydataset-Prioritydataset, response: 
14:44:59.810 [ForkJoinPool-1-worker-3] ERROR com.intuit.karate - feature call (loop) failed at index: 2
caller: classpath:InspireTest/ngr/datasetrecords/def/checkxlinkurl.template.feature
arg: {"link":"https://ngr.geocat.live/geonetwork/srv/eng/thesaurus.download?ref=external.theme.httpinspireeceuropaeumetadatacodelistPrioritydataset-Prioritydataset"}
checkxlinkurl.template.feature:15 - status code was: 500, expected: 200, response time: 314, url: https://ngr.geocat.live/geonetwork/srv/eng/thesaurus.download?ref=external.theme.httpinspireeceuropaeumetadatacodelistPrioritydataset-Prioritydataset, response: 
14:44:59.811 [ForkJoinPool-1-worker-3] INFO  com.intuit.karate - [print]
14:44:59.811 [ForkJoinPool-1-worker-3] INFO  com.intuit.karate - [print] testing xlinkurl:urn:ogc:def:crs:EPSG::5709
14:44:59.814 [ForkJoinPool-1-worker-3] ERROR com.intuit.karate - org.apache.http.client.ClientProtocolException: URI does not specify a valid host name: urn:ogc:def:crs:EPSG::5709, http call failed after 0 milliseconds for URL: urn:ogc:def:crs:EPSG::5709
14:44:59.814 [ForkJoinPool-1-worker-3] ERROR com.intuit.karate - http request failed: 
org.apache.http.client.ClientProtocolException: URI does not specify a valid host name: urn:ogc:def:crs:EPSG::5709
14:44:59.814 [ForkJoinPool-1-worker-3] ERROR com.intuit.karate - feature call (loop) failed at index: 3
caller: classpath:InspireTest/ngr/datasetrecords/def/checkxlinkurl.template.feature
arg: {"link":"urn:ogc:def:crs:EPSG::5709"}
checkxlinkurl.template.feature:14 - 
org.apache.http.client.ClientProtocolException: URI does not specify a valid host name: urn:ogc:def:crs:EPSG::5709
14:44:59.996 [ForkJoinPool-1-worker-7] INFO  com.intuit.karate - [print] title:Kaderrichtlijn Water - Oppervlaktewaterlichamen Nederland EU2015 lijnen
14:44:59.996 [ForkJoinPool-1-worker-7] INFO  com.intuit.karate - [print] Kaderrichtlijn Water - Oppervlaktewaterlichamen Nederland EU2015 lijnen
14:44:59.997 [ForkJoinPool-1-worker-7] INFO  com.intuit.karate - [print] [
  "servicedesk@ihw.nl",
  "servicedesk@ihw.nl",
  "",
  "servicedesk-data@rijkswaterstaat.nl",
  "servicedesk@ihw.nl"
]

14:44:59.999 [ForkJoinPool-1-worker-7] INFO  com.intuit.karate - [print] organisation: [
  "Informatiehuis Water",
  "Informatiehuis Water",
  "",
  "Rijkswaterstaat",
  "Informatiehuis Water"
]

14:45:00.017 [ForkJoinPool-1-worker-7] INFO  com.intuit.karate - [print] [
  "https://www.nationaalgeoregister.nl/geonetwork/srv/dut/catalog.search#/metadata/110f9ec6-4464-462e-9765-83d90cefbeag",
  "http://rdfdata.eionet.europa.eu/inspirethemes/themes/24",
  "https://ngr.geocat.live/geonetwork/srv/eng/thesaurus.download?ref=external.theme.httpinspireeceuropaeumetadatacodelistPrioritydataset-Prioritydataset",
  "urn:ogc:def:crs:EPSG::5709"
]

14:45:00.023 [ForkJoinPool-1-worker-11] INFO  com.intuit.karate - [print] title:Kaderrichtlijn Water - Oppervlaktewaterlichamen Nederland EU2015 riviernetwerk
14:45:00.024 [ForkJoinPool-1-worker-5] ERROR com.intuit.karate - status code was: 500, expected: 200, response time: 339, url: https://ngr.geocat.live/geonetwork/srv/eng/thesaurus.download?ref=external.theme.httpinspireeceuropaeumetadatacodelistPrioritydataset-Prioritydataset, response: 
14:45:00.030 [ForkJoinPool-1-worker-5] ERROR com.intuit.karate - feature call (loop) failed at index: 2
caller: classpath:InspireTest/ngr/datasetrecords/def/checkxlinkurl.template.feature
arg: {"link":"https://ngr.geocat.live/geonetwork/srv/eng/thesaurus.download?ref=external.theme.httpinspireeceuropaeumetadatacodelistPrioritydataset-Prioritydataset"}
checkxlinkurl.template.feature:15 - status code was: 500, expected: 200, response time: 339, url: https://ngr.geocat.live/geonetwork/srv/eng/thesaurus.download?ref=external.theme.httpinspireeceuropaeumetadatacodelistPrioritydataset-Prioritydataset, response: 
14:45:00.031 [ForkJoinPool-1-worker-5] INFO  com.intuit.karate - [print]
14:45:00.031 [ForkJoinPool-1-worker-5] INFO  com.intuit.karate - [print] testing xlinkurl:urn:ogc:def:crs:EPSG::5709
14:45:00.031 [ForkJoinPool-1-worker-5] ERROR com.intuit.karate - org.apache.http.client.ClientProtocolException: URI does not specify a valid host name: urn:ogc:def:crs:EPSG::5709, http call failed after 0 milliseconds for URL: urn:ogc:def:crs:EPSG::5709
14:45:00.031 [ForkJoinPool-1-worker-5] ERROR com.intuit.karate - http request failed: 
org.apache.http.client.ClientProtocolException: URI does not specify a valid host name: urn:ogc:def:crs:EPSG::5709
14:45:00.031 [ForkJoinPool-1-worker-5] ERROR com.intuit.karate - feature call (loop) failed at index: 3
caller: classpath:InspireTest/ngr/datasetrecords/def/checkxlinkurl.template.feature
arg: {"link":"urn:ogc:def:crs:EPSG::5709"}
checkxlinkurl.template.feature:14 - 
org.apache.http.client.ClientProtocolException: URI does not specify a valid host name: urn:ogc:def:crs:EPSG::5709
14:45:00.034 [ForkJoinPool-1-worker-11] INFO  com.intuit.karate - [print] Kaderrichtlijn Water - Oppervlaktewaterlichamen Nederland EU2015 riviernetwerk
14:45:00.035 [ForkJoinPool-1-worker-11] INFO  com.intuit.karate - [print] [
  "servicedesk@ihw.nl",
  "servicedesk@ihw.nl",
  "",
  "servicedesk-data@rijkswaterstaat.nl",
  "servicedesk-data@rijkswaterstaat.nl"
]

14:45:00.039 [ForkJoinPool-1-worker-11] INFO  com.intuit.karate - [print] organisation: [
  "Informatiehuis Water",
  "Informatiehuis Water",
  "",
  "Rijkswaterstaat",
  "Rijkswaterstaat"
]

14:45:00.047 [ForkJoinPool-1-worker-11] INFO  com.intuit.karate - [print] [
  "https://www.nationaalgeoregister.nl/geonetwork/srv/dut/catalog.search#/metadata/a1960e70-22f4-4fd9-91a8-b605c6ceda3e",
  "http://rdfdata.eionet.europa.eu/inspirethemes/themes/24",
  "https://ngr.geocat.live/geonetwork/srv/eng/thesaurus.download?ref=external.theme.httpinspireeceuropaeumetadatacodelistPrioritydataset-Prioritydataset"
]

14:45:00.058 [ForkJoinPool-1-worker-7] INFO  com.intuit.karate - [print]
14:45:00.077 [ForkJoinPool-1-worker-7] INFO  com.intuit.karate - [print] testing xlinkurl:https://www.nationaalgeoregister.nl/geonetwork/srv/dut/catalog.search#/metadata/110f9ec6-4464-462e-9765-83d90cefbeag
14:45:00.080 [ForkJoinPool-1-worker-11] INFO  com.intuit.karate - [print]
14:45:00.080 [ForkJoinPool-1-worker-11] INFO  com.intuit.karate - [print] testing xlinkurl:https://www.nationaalgeoregister.nl/geonetwork/srv/dut/catalog.search#/metadata/a1960e70-22f4-4fd9-91a8-b605c6ceda3e
14:45:00.122 [ForkJoinPool-1-worker-13] INFO  com.intuit.karate - [print] title:Kaderrichtlijn Water - Oppervlaktewaterlichamen Nederland EU2009 lijnen
14:45:00.122 [ForkJoinPool-1-worker-13] INFO  com.intuit.karate - [print] Kaderrichtlijn Water - Oppervlaktewaterlichamen Nederland EU2009 lijnen
14:45:00.124 [ForkJoinPool-1-worker-13] INFO  com.intuit.karate - [print] [
  "servicedesk-data@rijkswaterstaat.nl",
  "servicedesk-data@rijkswaterstaat.nl",
  "",
  "servicedesk-data@rijkswaterstaat.nl",
  "servicedesk-data@rijkswaterstaat.nl"
]

14:45:00.126 [ForkJoinPool-1-worker-13] INFO  com.intuit.karate - [print] organisation: [
  "Rijkswaterstaat",
  "Rijkswaterstaat",
  "",
  "Rijkswaterstaat",
  "Rijkswaterstaat"
]

14:45:00.135 [ForkJoinPool-1-worker-13] INFO  com.intuit.karate - [print] [
  "https://www.nationaalgeoregister.nl/geonetwork/srv/dut/catalog.search#/metadata/krw2006-c57b-44a2-83a4-e51223d5f15g",
  "http://rdfdata.eionet.europa.eu/inspirethemes/themes/24",
  "https://ngr.geocat.live/geonetwork/srv/eng/thesaurus.download?ref=external.theme.httpinspireeceuropaeumetadatacodelistPrioritydataset-Prioritydataset",
  "urn:ogc:def:crs:EPSG::5709"
]

14:45:00.145 [ForkJoinPool-1-worker-13] INFO  com.intuit.karate - [print]
14:45:00.146 [ForkJoinPool-1-worker-13] INFO  com.intuit.karate - [print] testing xlinkurl:https://www.nationaalgeoregister.nl/geonetwork/srv/dut/catalog.search#/metadata/krw2006-c57b-44a2-83a4-e51223d5f15g
14:45:00.211 [ForkJoinPool-1-worker-9] INFO  com.intuit.karate - [print] title:Kaderrichtlijn Water - Deelstroomgebieden Nederland EU2015
14:45:00.212 [ForkJoinPool-1-worker-9] INFO  com.intuit.karate - [print] Kaderrichtlijn Water - Deelstroomgebieden Nederland EU2015
14:45:00.213 [ForkJoinPool-1-worker-9] INFO  com.intuit.karate - [print] [
  "servicedesk@ihw.nl",
  "servicedesk@ihw.nl",
  "",
  "servicedesk-data@rijkswaterstaat.nl",
  "servicedesk-data@rijkswaterstaat.nl"
]

14:45:00.215 [ForkJoinPool-1-worker-9] INFO  com.intuit.karate - [print] organisation: [
  "Informatiehuis Water",
  "Informatiehuis Water",
  "",
  "Rijkswaterstaat",
  "Rijkswaterstaat"
]

14:45:00.220 [ForkJoinPool-1-worker-9] INFO  com.intuit.karate - [print] [
  "https://www.nationaalgeoregister.nl/geonetwork/srv/dut/catalog.search#/metadata/110f9ec6-4464-462e-9765-83d90cefbeac",
  "http://rdfdata.eionet.europa.eu/inspirethemes/themes/24",
  "https://ngr.geocat.live/geonetwork/srv/eng/thesaurus.download?ref=external.theme.httpinspireeceuropaeumetadatacodelistPrioritydataset-Prioritydataset"
]

14:45:00.225 [ForkJoinPool-1-worker-9] INFO  com.intuit.karate - [print]
14:45:00.226 [ForkJoinPool-1-worker-9] INFO  com.intuit.karate - [print] testing xlinkurl:https://www.nationaalgeoregister.nl/geonetwork/srv/dut/catalog.search#/metadata/110f9ec6-4464-462e-9765-83d90cefbeac
14:45:00.377 [ForkJoinPool-1-worker-7] INFO  com.intuit.karate - [print]
14:45:00.378 [ForkJoinPool-1-worker-7] INFO  com.intuit.karate - [print] testing xlinkurl:http://rdfdata.eionet.europa.eu/inspirethemes/themes/24
14:45:00.407 [ForkJoinPool-1-worker-11] INFO  com.intuit.karate - [print]
14:45:00.407 [ForkJoinPool-1-worker-11] INFO  com.intuit.karate - [print] testing xlinkurl:http://rdfdata.eionet.europa.eu/inspirethemes/themes/24
14:45:00.425 [ForkJoinPool-1-worker-3] INFO  com.intuit.karate - [print] title:Kaderrichtlijn Water - Monitoringlocaties Nederland EU2015
14:45:00.426 [ForkJoinPool-1-worker-3] INFO  com.intuit.karate - [print] Kaderrichtlijn Water - Monitoringlocaties Nederland EU2015
14:45:00.427 [ForkJoinPool-1-worker-3] INFO  com.intuit.karate - [print] [
  "servicedesk@ihw.nl",
  "servicedesk-data@rijkswaterstaat.nl",
  "",
  "servicedesk-data@rijkswaterstaat.nl",
  "servicedesk-data@rijkswaterstaat.nl"
]

14:45:00.429 [ForkJoinPool-1-worker-3] INFO  com.intuit.karate - [print] organisation: [
  "Informatiehuis Water",
  "Informatiehuis Water",
  "",
  "Rijkswaterstaat",
  "Rijkswaterstaat"
]

14:45:00.438 [ForkJoinPool-1-worker-3] INFO  com.intuit.karate - [print] [
  "https://www.nationaalgeoregister.nl/geonetwork/srv/dut/catalog.search#/metadata/891ddc2d-8949-4a45-be96-c65b87c41f13",
  "http://rdfdata.eionet.europa.eu/inspirethemes/themes/20",
  "https://ngr.geocat.live/geonetwork/srv/eng/thesaurus.download?ref=external.theme.httpinspireeceuropaeumetadatacodelistPrioritydataset-Prioritydataset"
]

14:45:00.446 [ForkJoinPool-1-worker-13] INFO  com.intuit.karate - [print]
14:45:00.446 [ForkJoinPool-1-worker-13] INFO  com.intuit.karate - [print] testing xlinkurl:http://rdfdata.eionet.europa.eu/inspirethemes/themes/24
14:45:00.460 [ForkJoinPool-1-worker-3] INFO  com.intuit.karate - [print]
14:45:00.460 [ForkJoinPool-1-worker-3] INFO  com.intuit.karate - [print] testing xlinkurl:https://www.nationaalgeoregister.nl/geonetwork/srv/dut/catalog.search#/metadata/891ddc2d-8949-4a45-be96-c65b87c41f13
14:45:00.533 [ForkJoinPool-1-worker-9] INFO  com.intuit.karate - [print]
14:45:00.534 [ForkJoinPool-1-worker-9] INFO  com.intuit.karate - [print] testing xlinkurl:http://rdfdata.eionet.europa.eu/inspirethemes/themes/24
14:45:00.569 [ForkJoinPool-1-worker-7] ERROR com.intuit.karate - status code was: 404, expected: 200, response time: 190, url: http://rdfdata.eionet.europa.eu/inspirethemes/themes/24, response: 
14:45:00.569 [ForkJoinPool-1-worker-7] ERROR com.intuit.karate - feature call (loop) failed at index: 1
caller: classpath:InspireTest/ngr/datasetrecords/def/checkxlinkurl.template.feature
arg: {"link":"http://rdfdata.eionet.europa.eu/inspirethemes/themes/24"}
checkxlinkurl.template.feature:15 - status code was: 404, expected: 200, response time: 190, url: http://rdfdata.eionet.europa.eu/inspirethemes/themes/24, response: 
14:45:00.570 [ForkJoinPool-1-worker-7] INFO  com.intuit.karate - [print]
14:45:00.570 [ForkJoinPool-1-worker-7] INFO  com.intuit.karate - [print] testing xlinkurl:https://ngr.geocat.live/geonetwork/srv/eng/thesaurus.download?ref=external.theme.httpinspireeceuropaeumetadatacodelistPrioritydataset-Prioritydataset
14:45:00.598 [ForkJoinPool-1-worker-5] INFO  com.intuit.karate - [print] title:Wijk- en Buurtkaart 2017 versie 3
14:45:00.599 [ForkJoinPool-1-worker-5] INFO  com.intuit.karate - [print] Wijk- en Buurtkaart 2017 versie 3
14:45:00.601 [ForkJoinPool-1-worker-5] INFO  com.intuit.karate - [print] [
  "infoservice@cbs.nl",
  "infoservice@cbs.nl",
  "infoservice@cbs.nl",
  "",
  ""
]

14:45:00.604 [ForkJoinPool-1-worker-11] ERROR com.intuit.karate - status code was: 404, expected: 200, response time: 195, url: http://rdfdata.eionet.europa.eu/inspirethemes/themes/24, response: 
14:45:00.604 [ForkJoinPool-1-worker-11] ERROR com.intuit.karate - feature call (loop) failed at index: 1
caller: classpath:InspireTest/ngr/datasetrecords/def/checkxlinkurl.template.feature
arg: {"link":"http://rdfdata.eionet.europa.eu/inspirethemes/themes/24"}
checkxlinkurl.template.feature:15 - status code was: 404, expected: 200, response time: 195, url: http://rdfdata.eionet.europa.eu/inspirethemes/themes/24, response: 
14:45:00.605 [ForkJoinPool-1-worker-11] INFO  com.intuit.karate - [print]
14:45:00.605 [ForkJoinPool-1-worker-11] INFO  com.intuit.karate - [print] testing xlinkurl:https://ngr.geocat.live/geonetwork/srv/eng/thesaurus.download?ref=external.theme.httpinspireeceuropaeumetadatacodelistPrioritydataset-Prioritydataset
14:45:00.609 [ForkJoinPool-1-worker-5] INFO  com.intuit.karate - [print] organisation: [
  "Centraal Bureau voor de Statistiek",
  "Centraal Bureau voor de Statistiek",
  "Centraal Bureau voor de Statistiek",
  "Kadaster"
]

14:45:00.617 [ForkJoinPool-1-worker-5] INFO  com.intuit.karate - [print] [
  ""
]

14:45:00.626 [ForkJoinPool-1-worker-5] INFO  com.intuit.karate - [print]
14:45:00.628 [ForkJoinPool-1-worker-5] INFO  com.intuit.karate - [print] testing xlinkurl:
14:45:00.629 [ForkJoinPool-1-worker-5] ERROR com.intuit.karate - org.apache.http.client.ClientProtocolException, http call failed after 0 milliseconds for URL: 
14:45:00.630 [ForkJoinPool-1-worker-5] ERROR com.intuit.karate - http request failed: 
org.apache.http.client.ClientProtocolException
14:45:00.633 [ForkJoinPool-1-worker-5] ERROR com.intuit.karate - feature call (loop) failed at index: 0
caller: classpath:InspireTest/ngr/datasetrecords/def/checkxlinkurl.template.feature
arg: {"link":""}
checkxlinkurl.template.feature:14 - 
org.apache.http.client.ClientProtocolException
14:45:00.638 [ForkJoinPool-1-worker-13] ERROR com.intuit.karate - status code was: 404, expected: 200, response time: 192, url: http://rdfdata.eionet.europa.eu/inspirethemes/themes/24, response: 
14:45:00.638 [ForkJoinPool-1-worker-13] ERROR com.intuit.karate - feature call (loop) failed at index: 1
caller: classpath:InspireTest/ngr/datasetrecords/def/checkxlinkurl.template.feature
arg: {"link":"http://rdfdata.eionet.europa.eu/inspirethemes/themes/24"}
checkxlinkurl.template.feature:15 - status code was: 404, expected: 200, response time: 192, url: http://rdfdata.eionet.europa.eu/inspirethemes/themes/24, response: 
14:45:00.639 [ForkJoinPool-1-worker-13] INFO  com.intuit.karate - [print]
14:45:00.639 [ForkJoinPool-1-worker-13] INFO  com.intuit.karate - [print] testing xlinkurl:https://ngr.geocat.live/geonetwork/srv/eng/thesaurus.download?ref=external.theme.httpinspireeceuropaeumetadatacodelistPrioritydataset-Prioritydataset
14:45:00.725 [ForkJoinPool-1-worker-9] ERROR com.intuit.karate - status code was: 404, expected: 200, response time: 190, url: http://rdfdata.eionet.europa.eu/inspirethemes/themes/24, response: 
14:45:00.726 [ForkJoinPool-1-worker-9] ERROR com.intuit.karate - feature call (loop) failed at index: 1
caller: classpath:InspireTest/ngr/datasetrecords/def/checkxlinkurl.template.feature
arg: {"link":"http://rdfdata.eionet.europa.eu/inspirethemes/themes/24"}
checkxlinkurl.template.feature:15 - status code was: 404, expected: 200, response time: 190, url: http://rdfdata.eionet.europa.eu/inspirethemes/themes/24, response: 
14:45:00.727 [ForkJoinPool-1-worker-9] INFO  com.intuit.karate - [print]
14:45:00.727 [ForkJoinPool-1-worker-9] INFO  com.intuit.karate - [print] testing xlinkurl:https://ngr.geocat.live/geonetwork/srv/eng/thesaurus.download?ref=external.theme.httpinspireeceuropaeumetadatacodelistPrioritydataset-Prioritydataset
14:45:00.757 [ForkJoinPool-1-worker-3] INFO  com.intuit.karate - [print]
14:45:00.758 [ForkJoinPool-1-worker-3] INFO  com.intuit.karate - [print] testing xlinkurl:http://rdfdata.eionet.europa.eu/inspirethemes/themes/20
14:45:00.874 [ForkJoinPool-1-worker-7] ERROR com.intuit.karate - status code was: 500, expected: 200, response time: 303, url: https://ngr.geocat.live/geonetwork/srv/eng/thesaurus.download?ref=external.theme.httpinspireeceuropaeumetadatacodelistPrioritydataset-Prioritydataset, response: 
14:45:00.874 [ForkJoinPool-1-worker-7] ERROR com.intuit.karate - feature call (loop) failed at index: 2
caller: classpath:InspireTest/ngr/datasetrecords/def/checkxlinkurl.template.feature
arg: {"link":"https://ngr.geocat.live/geonetwork/srv/eng/thesaurus.download?ref=external.theme.httpinspireeceuropaeumetadatacodelistPrioritydataset-Prioritydataset"}
checkxlinkurl.template.feature:15 - status code was: 500, expected: 200, response time: 303, url: https://ngr.geocat.live/geonetwork/srv/eng/thesaurus.download?ref=external.theme.httpinspireeceuropaeumetadatacodelistPrioritydataset-Prioritydataset, response: 
14:45:00.877 [ForkJoinPool-1-worker-7] INFO  com.intuit.karate - [print]
14:45:00.877 [ForkJoinPool-1-worker-7] INFO  com.intuit.karate - [print] testing xlinkurl:urn:ogc:def:crs:EPSG::5709
14:45:00.878 [ForkJoinPool-1-worker-7] ERROR com.intuit.karate - org.apache.http.client.ClientProtocolException: URI does not specify a valid host name: urn:ogc:def:crs:EPSG::5709, http call failed after 0 milliseconds for URL: urn:ogc:def:crs:EPSG::5709
14:45:00.880 [ForkJoinPool-1-worker-7] ERROR com.intuit.karate - http request failed: 
org.apache.http.client.ClientProtocolException: URI does not specify a valid host name: urn:ogc:def:crs:EPSG::5709
14:45:00.881 [ForkJoinPool-1-worker-7] ERROR com.intuit.karate - feature call (loop) failed at index: 3
caller: classpath:InspireTest/ngr/datasetrecords/def/checkxlinkurl.template.feature
arg: {"link":"urn:ogc:def:crs:EPSG::5709"}
checkxlinkurl.template.feature:14 - 
org.apache.http.client.ClientProtocolException: URI does not specify a valid host name: urn:ogc:def:crs:EPSG::5709
14:45:00.903 [ForkJoinPool-1-worker-11] ERROR com.intuit.karate - status code was: 500, expected: 200, response time: 297, url: https://ngr.geocat.live/geonetwork/srv/eng/thesaurus.download?ref=external.theme.httpinspireeceuropaeumetadatacodelistPrioritydataset-Prioritydataset, response: 
14:45:00.903 [ForkJoinPool-1-worker-11] ERROR com.intuit.karate - feature call (loop) failed at index: 2
caller: classpath:InspireTest/ngr/datasetrecords/def/checkxlinkurl.template.feature
arg: {"link":"https://ngr.geocat.live/geonetwork/srv/eng/thesaurus.download?ref=external.theme.httpinspireeceuropaeumetadatacodelistPrioritydataset-Prioritydataset"}
checkxlinkurl.template.feature:15 - status code was: 500, expected: 200, response time: 297, url: https://ngr.geocat.live/geonetwork/srv/eng/thesaurus.download?ref=external.theme.httpinspireeceuropaeumetadatacodelistPrioritydataset-Prioritydataset, response: 
14:45:00.947 [ForkJoinPool-1-worker-13] ERROR com.intuit.karate - status code was: 500, expected: 200, response time: 307, url: https://ngr.geocat.live/geonetwork/srv/eng/thesaurus.download?ref=external.theme.httpinspireeceuropaeumetadatacodelistPrioritydataset-Prioritydataset, response: 
14:45:00.947 [ForkJoinPool-1-worker-13] ERROR com.intuit.karate - feature call (loop) failed at index: 2
caller: classpath:InspireTest/ngr/datasetrecords/def/checkxlinkurl.template.feature
arg: {"link":"https://ngr.geocat.live/geonetwork/srv/eng/thesaurus.download?ref=external.theme.httpinspireeceuropaeumetadatacodelistPrioritydataset-Prioritydataset"}
checkxlinkurl.template.feature:15 - status code was: 500, expected: 200, response time: 307, url: https://ngr.geocat.live/geonetwork/srv/eng/thesaurus.download?ref=external.theme.httpinspireeceuropaeumetadatacodelistPrioritydataset-Prioritydataset, response: 
14:45:00.948 [ForkJoinPool-1-worker-13] INFO  com.intuit.karate - [print]
14:45:00.948 [ForkJoinPool-1-worker-13] INFO  com.intuit.karate - [print] testing xlinkurl:urn:ogc:def:crs:EPSG::5709
14:45:00.949 [ForkJoinPool-1-worker-13] ERROR com.intuit.karate - org.apache.http.client.ClientProtocolException: URI does not specify a valid host name: urn:ogc:def:crs:EPSG::5709, http call failed after 0 milliseconds for URL: urn:ogc:def:crs:EPSG::5709
14:45:00.949 [ForkJoinPool-1-worker-13] ERROR com.intuit.karate - http request failed: 
org.apache.http.client.ClientProtocolException: URI does not specify a valid host name: urn:ogc:def:crs:EPSG::5709
14:45:00.949 [ForkJoinPool-1-worker-13] ERROR com.intuit.karate - feature call (loop) failed at index: 3
caller: classpath:InspireTest/ngr/datasetrecords/def/checkxlinkurl.template.feature
arg: {"link":"urn:ogc:def:crs:EPSG::5709"}
checkxlinkurl.template.feature:14 - 
org.apache.http.client.ClientProtocolException: URI does not specify a valid host name: urn:ogc:def:crs:EPSG::5709
14:45:00.952 [ForkJoinPool-1-worker-3] ERROR com.intuit.karate - status code was: 404, expected: 200, response time: 194, url: http://rdfdata.eionet.europa.eu/inspirethemes/themes/20, response: 
14:45:00.952 [ForkJoinPool-1-worker-3] ERROR com.intuit.karate - feature call (loop) failed at index: 1
caller: classpath:InspireTest/ngr/datasetrecords/def/checkxlinkurl.template.feature
arg: {"link":"http://rdfdata.eionet.europa.eu/inspirethemes/themes/20"}
checkxlinkurl.template.feature:15 - status code was: 404, expected: 200, response time: 194, url: http://rdfdata.eionet.europa.eu/inspirethemes/themes/20, response: 
14:45:00.953 [ForkJoinPool-1-worker-3] INFO  com.intuit.karate - [print]
14:45:00.953 [ForkJoinPool-1-worker-3] INFO  com.intuit.karate - [print] testing xlinkurl:https://ngr.geocat.live/geonetwork/srv/eng/thesaurus.download?ref=external.theme.httpinspireeceuropaeumetadatacodelistPrioritydataset-Prioritydataset
14:45:01.026 [ForkJoinPool-1-worker-9] ERROR com.intuit.karate - status code was: 500, expected: 200, response time: 298, url: https://ngr.geocat.live/geonetwork/srv/eng/thesaurus.download?ref=external.theme.httpinspireeceuropaeumetadatacodelistPrioritydataset-Prioritydataset, response: 
14:45:01.026 [ForkJoinPool-1-worker-9] ERROR com.intuit.karate - feature call (loop) failed at index: 2
caller: classpath:InspireTest/ngr/datasetrecords/def/checkxlinkurl.template.feature
arg: {"link":"https://ngr.geocat.live/geonetwork/srv/eng/thesaurus.download?ref=external.theme.httpinspireeceuropaeumetadatacodelistPrioritydataset-Prioritydataset"}
checkxlinkurl.template.feature:15 - status code was: 500, expected: 200, response time: 298, url: https://ngr.geocat.live/geonetwork/srv/eng/thesaurus.download?ref=external.theme.httpinspireeceuropaeumetadatacodelistPrioritydataset-Prioritydataset, response: 
14:45:01.191 [ForkJoinPool-1-worker-5] INFO  com.intuit.karate - [print] title:NWB - Wegen
14:45:01.192 [ForkJoinPool-1-worker-5] INFO  com.intuit.karate - [print] NWB - Wegen
14:45:01.193 [ForkJoinPool-1-worker-5] INFO  com.intuit.karate - [print] [
  "servicedesk-data@rijkswaterstaat.nl",
  "servicedesk-data@rijkswaterstaat.nl",
  "",
  "servicedesk-data@rijkswaterstaat.nl",
  "servicedesk-data@rws.n"
]

14:45:01.194 [ForkJoinPool-1-worker-5] INFO  com.intuit.karate - [print] organisation: [
  "Rijkswaterstaat",
  "Rijkswaterstaat",
  "",
  "Rijkswaterstaat",
  "Rijkswaterstaat"
]

14:45:01.201 [ForkJoinPool-1-worker-5] INFO  com.intuit.karate - [print] [
  "https://www.nationaalgeoregister.nl/geonetwork/srv/dut/catalog.search#/metadata/a9b7026e-0a81-4813-93bd-ba49e6f28502",
  "http://rdfdata.eionet.europa.eu/inspirethemes/themes/7",
  "http://rdfdata.eionet.europa.eu/inspirethemes/themes/18",
  "https://ngr.geocat.live/geonetwork/srv/eng/thesaurus.download?ref=external.theme.httpinspireeceuropaeumetadatacodelistPrioritydataset-Prioritydataset",
  "urn:ogc:def:crs:EPSG::5709"
]

14:45:01.205 [ForkJoinPool-1-worker-5] INFO  com.intuit.karate - [print]
14:45:01.205 [ForkJoinPool-1-worker-5] INFO  com.intuit.karate - [print] testing xlinkurl:https://www.nationaalgeoregister.nl/geonetwork/srv/dut/catalog.search#/metadata/a9b7026e-0a81-4813-93bd-ba49e6f28502
14:45:01.333 [ForkJoinPool-1-worker-3] ERROR com.intuit.karate - status code was: 500, expected: 200, response time: 379, url: https://ngr.geocat.live/geonetwork/srv/eng/thesaurus.download?ref=external.theme.httpinspireeceuropaeumetadatacodelistPrioritydataset-Prioritydataset, response: 
14:45:01.333 [ForkJoinPool-1-worker-3] ERROR com.intuit.karate - feature call (loop) failed at index: 2
caller: classpath:InspireTest/ngr/datasetrecords/def/checkxlinkurl.template.feature
arg: {"link":"https://ngr.geocat.live/geonetwork/srv/eng/thesaurus.download?ref=external.theme.httpinspireeceuropaeumetadatacodelistPrioritydataset-Prioritydataset"}
checkxlinkurl.template.feature:15 - status code was: 500, expected: 200, response time: 379, url: https://ngr.geocat.live/geonetwork/srv/eng/thesaurus.download?ref=external.theme.httpinspireeceuropaeumetadatacodelistPrioritydataset-Prioritydataset, response: 
14:45:01.449 [ForkJoinPool-1-worker-7] INFO  com.intuit.karate - [print] title:CBS Vierkantstatistieken 500m
14:45:01.449 [ForkJoinPool-1-worker-7] INFO  com.intuit.karate - [print] CBS Vierkantstatistieken 500m
14:45:01.450 [ForkJoinPool-1-worker-7] INFO  com.intuit.karate - [print] [
  "infoservice@cbs.nl",
  "infoservice@cbs.nl",
  "infoservice@cbs.nl",
  ""
]

14:45:01.451 [ForkJoinPool-1-worker-7] INFO  com.intuit.karate - [print] organisation: [
  "Centraal Bureau voor de Statistiek",
  "Centraal Bureau voor de Statistiek",
  "Centraal Bureau voor de Statistiek",
  "Centraal Bureau voor de Statistiek"
]

14:45:01.455 [ForkJoinPool-1-worker-7] INFO  com.intuit.karate - [print] [
  "http://geodata.nationaalgeoregister.nl/cbsvierkanten500mv2/atom/cbsvierkanten500mv2.xml"
]

14:45:01.459 [ForkJoinPool-1-worker-7] INFO  com.intuit.karate - [print]
14:45:01.460 [ForkJoinPool-1-worker-7] INFO  com.intuit.karate - [print] testing xlinkurl:http://geodata.nationaalgeoregister.nl/cbsvierkanten500mv2/atom/cbsvierkanten500mv2.xml
14:45:01.502 [ForkJoinPool-1-worker-5] INFO  com.intuit.karate - [print]
14:45:01.503 [ForkJoinPool-1-worker-5] INFO  com.intuit.karate - [print] testing xlinkurl:http://rdfdata.eionet.europa.eu/inspirethemes/themes/7
14:45:01.526 [ForkJoinPool-1-worker-11] INFO  com.intuit.karate - [print] title:Wijk- en Buurtkaart 2016 versie 3
14:45:01.527 [ForkJoinPool-1-worker-11] INFO  com.intuit.karate - [print] Wijk- en Buurtkaart 2016 versie 3
14:45:01.528 [ForkJoinPool-1-worker-11] INFO  com.intuit.karate - [print] [
  "infoservice@cbs.nl",
  "infoservice@cbs.nl",
  "infoservice@cbs.nl",
  "",
  ""
]

14:45:01.530 [ForkJoinPool-1-worker-11] INFO  com.intuit.karate - [print] organisation: [
  "Centraal Bureau voor de Statistiek",
  "Centraal Bureau voor de Statistiek",
  "Centraal Bureau voor de Statistiek",
  "Kadaster"
]

14:45:01.535 [ForkJoinPool-1-worker-11] INFO  com.intuit.karate - [print] [
  ""
]

14:45:01.540 [ForkJoinPool-1-worker-11] INFO  com.intuit.karate - [print]
14:45:01.540 [ForkJoinPool-1-worker-11] INFO  com.intuit.karate - [print] testing xlinkurl:
14:45:01.541 [ForkJoinPool-1-worker-11] ERROR com.intuit.karate - org.apache.http.client.ClientProtocolException, http call failed after 0 milliseconds for URL: 
14:45:01.541 [ForkJoinPool-1-worker-11] ERROR com.intuit.karate - http request failed: 
org.apache.http.client.ClientProtocolException
14:45:01.542 [ForkJoinPool-1-worker-11] ERROR com.intuit.karate - feature call (loop) failed at index: 0
caller: classpath:InspireTest/ngr/datasetrecords/def/checkxlinkurl.template.feature
arg: {"link":""}
checkxlinkurl.template.feature:14 - 
org.apache.http.client.ClientProtocolException
14:45:01.695 [ForkJoinPool-1-worker-5] ERROR com.intuit.karate - status code was: 404, expected: 200, response time: 192, url: http://rdfdata.eionet.europa.eu/inspirethemes/themes/7, response: 
14:45:01.695 [ForkJoinPool-1-worker-5] ERROR com.intuit.karate - feature call (loop) failed at index: 1
caller: classpath:InspireTest/ngr/datasetrecords/def/checkxlinkurl.template.feature
arg: {"link":"http://rdfdata.eionet.europa.eu/inspirethemes/themes/7"}
checkxlinkurl.template.feature:15 - status code was: 404, expected: 200, response time: 192, url: http://rdfdata.eionet.europa.eu/inspirethemes/themes/7, response: 
14:45:01.696 [ForkJoinPool-1-worker-5] INFO  com.intuit.karate - [print]
14:45:01.697 [ForkJoinPool-1-worker-5] INFO  com.intuit.karate - [print] testing xlinkurl:http://rdfdata.eionet.europa.eu/inspirethemes/themes/18
14:45:01.730 [ForkJoinPool-1-worker-9] INFO  com.intuit.karate - [print] title:Richtlijn Overstromingsrisico - gebieden met Potentieel Significant Overstromingsrisico EU2018 vlakken
14:45:01.730 [ForkJoinPool-1-worker-9] INFO  com.intuit.karate - [print] Richtlijn Overstromingsrisico - gebieden met Potentieel Significant Overstromingsrisico EU2018 vlakken
14:45:01.732 [ForkJoinPool-1-worker-9] INFO  com.intuit.karate - [print] [
  "servicedesk-data@rijkswaterstaat.nl",
  "servicedesk-data@rijkswaterstaat.nl",
  "",
  "servicedesk-data@rijkswaterstaat.nl",
  "servicedesk-data@rijkswaterstaat.nl"
]

14:45:01.734 [ForkJoinPool-1-worker-9] INFO  com.intuit.karate - [print] organisation: [
  "Rijkswaterstaat",
  "Rijkswaterstaat",
  "",
  "Rijkswaterstaat",
  "Rijkswaterstaat"
]

14:45:01.739 [ForkJoinPool-1-worker-9] INFO  com.intuit.karate - [print] [
  "https://www.nationaalgeoregister.nl/geonetwork/srv/dut/catalog.search#/metadata/ror-9d8e-4758-83fx-28b057f185e1",
  "http://rdfdata.eionet.europa.eu/inspirethemes/themes/25",
  "https://ngr.geocat.live/geonetwork/srv/eng/thesaurus.download?ref=external.theme.httpinspireeceuropaeumetadatacodelistPrioritydataset-Prioritydataset",
  "urn:ogc:def:crs:EPSG::5709"
]

14:45:01.743 [ForkJoinPool-1-worker-9] INFO  com.intuit.karate - [print]
14:45:01.743 [ForkJoinPool-1-worker-9] INFO  com.intuit.karate - [print] testing xlinkurl:https://www.nationaalgeoregister.nl/geonetwork/srv/dut/catalog.search#/metadata/ror-9d8e-4758-83fx-28b057f185e1
14:45:01.755 [ForkJoinPool-1-worker-13] INFO  com.intuit.karate - [print] title:Aansluitende zone volgens UNCLOS - Noordzee
14:45:01.755 [ForkJoinPool-1-worker-13] INFO  com.intuit.karate - [print] Aansluitende zone volgens UNCLOS - Noordzee
14:45:01.756 [ForkJoinPool-1-worker-13] INFO  com.intuit.karate - [print] [
  "data@hydro.nl",
  "data@hydro.nl",
  "data@hydro.nl",
  "",
  ""
]

14:45:01.758 [ForkJoinPool-1-worker-13] INFO  com.intuit.karate - [print] organisation: [
  "Ministerie van Defensie, Koninklijke Marine, Dienst der Hydrografie",
  "Ministerie van Defensie, Koninklijke Marine, Dienst der Hydrografie",
  "Ministerie van Defensie, Koninklijke Marine, Dienst der Hydrografie"
]

14:45:01.761 [ForkJoinPool-1-worker-13] INFO  com.intuit.karate - [print] [
  "http://www.opengis.net/def/crs/EPSG/0/https://www.opengis.net/def/crs/EPSG/0/4258",
  "https://www.nationaalgeoregister.nl/geonetwork/srv/api/records4cda487b-c467-490c-a843-6563fec016be"
]

14:45:01.770 [ForkJoinPool-1-worker-13] INFO  com.intuit.karate - [print]
14:45:01.770 [ForkJoinPool-1-worker-13] INFO  com.intuit.karate - [print] testing xlinkurl:http://www.opengis.net/def/crs/EPSG/0/https://www.opengis.net/def/crs/EPSG/0/4258
14:45:01.889 [ForkJoinPool-1-worker-5] ERROR com.intuit.karate - status code was: 404, expected: 200, response time: 191, url: http://rdfdata.eionet.europa.eu/inspirethemes/themes/18, response: 
14:45:01.889 [ForkJoinPool-1-worker-5] ERROR com.intuit.karate - feature call (loop) failed at index: 2
caller: classpath:InspireTest/ngr/datasetrecords/def/checkxlinkurl.template.feature
arg: {"link":"http://rdfdata.eionet.europa.eu/inspirethemes/themes/18"}
checkxlinkurl.template.feature:15 - status code was: 404, expected: 200, response time: 191, url: http://rdfdata.eionet.europa.eu/inspirethemes/themes/18, response: 
14:45:01.890 [ForkJoinPool-1-worker-5] INFO  com.intuit.karate - [print]
14:45:01.890 [ForkJoinPool-1-worker-5] INFO  com.intuit.karate - [print] testing xlinkurl:https://ngr.geocat.live/geonetwork/srv/eng/thesaurus.download?ref=external.theme.httpinspireeceuropaeumetadatacodelistPrioritydataset-Prioritydataset
14:45:01.915 [ForkJoinPool-1-worker-3] INFO  com.intuit.karate - [print] title:Richtlijn Overstromingsrisico - historische overstromingen EU2018
14:45:01.915 [ForkJoinPool-1-worker-3] INFO  com.intuit.karate - [print] Richtlijn Overstromingsrisico - historische overstromingen EU2018
14:45:01.916 [ForkJoinPool-1-worker-3] INFO  com.intuit.karate - [print] [
  "servicedesk-data@rijkswaterstaat.nl",
  "servicedesk-data@rijkswaterstaat.nl",
  "",
  "servicedesk-data@rijkswaterstaat.nl",
  "servicedesk-data@rijkswaterstaat.nl"
]

14:45:01.917 [ForkJoinPool-1-worker-3] INFO  com.intuit.karate - [print] organisation: [
  "Rijkswaterstaat",
  "Rijkswaterstaat",
  "",
  "Rijkswaterstaat",
  "Rijkswaterstaat"
]

14:45:01.922 [ForkJoinPool-1-worker-3] INFO  com.intuit.karate - [print] [
  "https://www.nationaalgeoregister.nl/geonetwork/srv/dut/catalog.search#/metadata/ror-9d8e-4758-83fx-28b057f185f1",
  "http://rdfdata.eionet.europa.eu/inspirethemes/themes/25",
  "https://ngr.geocat.live/geonetwork/srv/eng/thesaurus.download?ref=external.theme.httpinspireeceuropaeumetadatacodelistPrioritydataset-Prioritydataset",
  "urn:ogc:def:crs:EPSG::5709"
]

14:45:01.925 [ForkJoinPool-1-worker-3] INFO  com.intuit.karate - [print]
14:45:01.926 [ForkJoinPool-1-worker-3] INFO  com.intuit.karate - [print] testing xlinkurl:https://www.nationaalgeoregister.nl/geonetwork/srv/dut/catalog.search#/metadata/ror-9d8e-4758-83fx-28b057f185f1
14:45:02.059 [ForkJoinPool-1-worker-13] INFO  com.intuit.karate - [print]
14:45:02.059 [ForkJoinPool-1-worker-13] INFO  com.intuit.karate - [print] testing xlinkurl:https://www.nationaalgeoregister.nl/geonetwork/srv/api/records4cda487b-c467-490c-a843-6563fec016be
14:45:02.090 [ForkJoinPool-1-worker-11] INFO  com.intuit.karate - [print] title:Richtlijn Stedelijk Afvalwater - rioolwaterzuiveringsinstallaties Nederland EU2015
14:45:02.091 [ForkJoinPool-1-worker-11] INFO  com.intuit.karate - [print] Richtlijn Stedelijk Afvalwater - rioolwaterzuiveringsinstallaties Nederland EU2015
14:45:02.093 [ForkJoinPool-1-worker-11] INFO  com.intuit.karate - [print] [
  "servicedesk-data@rijkswaterstaat.nl",
  "servicedesk-data@rijkswaterstaat.nl",
  "",
  "servicedesk-data@rijkswaterstaat.nl",
  "servicedesk-data@rijkswaterstaat.nl"
]

14:45:02.095 [ForkJoinPool-1-worker-11] INFO  com.intuit.karate - [print] organisation: [
  "Rijkswaterstaat",
  "Rijkswaterstaat",
  "",
  "Rijkswaterstaat",
  "Rijkswaterstaat"
]

14:45:02.120 [ForkJoinPool-1-worker-11] INFO  com.intuit.karate - [print] [
  "https://www.nationaalgeoregister.nl/geonetwork/srv/dut/catalog.search#/metadata/uwwtd-9d8e-4758-83fa-28b057f185e3",
  "http://rdfdata.eionet.europa.eu/inspirethemes/themes/24",
  "https://ngr.geocat.live/geonetwork/srv/eng/thesaurus.download?ref=external.theme.httpinspireeceuropaeumetadatacodelistPrioritydataset-Prioritydataset",
  "urn:ogc:def:crs:EPSG::5709"
]

14:45:02.127 [ForkJoinPool-1-worker-11] INFO  com.intuit.karate - [print]
14:45:02.127 [ForkJoinPool-1-worker-11] INFO  com.intuit.karate - [print] testing xlinkurl:https://www.nationaalgeoregister.nl/geonetwork/srv/dut/catalog.search#/metadata/uwwtd-9d8e-4758-83fa-28b057f185e3
14:45:02.150 [ForkJoinPool-1-worker-9] INFO  com.intuit.karate - [print]
14:45:02.150 [ForkJoinPool-1-worker-9] INFO  com.intuit.karate - [print] testing xlinkurl:http://rdfdata.eionet.europa.eu/inspirethemes/themes/25
14:45:02.172 [ForkJoinPool-1-worker-7] INFO  com.intuit.karate - [print] title:Richtlijn Stedelijk Afvalwater - agglomeraties Nederland EU2015
14:45:02.172 [ForkJoinPool-1-worker-7] INFO  com.intuit.karate - [print] Richtlijn Stedelijk Afvalwater - agglomeraties Nederland EU2015
14:45:02.173 [ForkJoinPool-1-worker-7] INFO  com.intuit.karate - [print] [
  "servicedesk-data@rijkswaterstaat.nl",
  "servicedesk-data@rijkswaterstaat.nl",
  "",
  "servicedesk-data@rijkswaterstaat.nl",
  "servicedesk-data@rijkswaterstaat.nl"
]

14:45:02.175 [ForkJoinPool-1-worker-7] INFO  com.intuit.karate - [print] organisation: [
  "Rijkswaterstaat",
  "Rijkswaterstaat",
  "",
  "Rijkswaterstaat",
  "Rijkswaterstaat"
]

14:45:02.198 [ForkJoinPool-1-worker-7] INFO  com.intuit.karate - [print] [
  "https://www.nationaalgeoregister.nl/geonetwork/srv/dut/catalog.search#/metadata/uwwtd-9d8e-4758-83fa-28b057f185e1",
  "http://rdfdata.eionet.europa.eu/inspirethemes/themes/24",
  "https://ngr.geocat.live/geonetwork/srv/eng/thesaurus.download?ref=external.theme.httpinspireeceuropaeumetadatacodelistPrioritydataset-Prioritydataset",
  "urn:ogc:def:crs:EPSG::5709"
]

14:45:02.202 [ForkJoinPool-1-worker-7] INFO  com.intuit.karate - [print]
14:45:02.203 [ForkJoinPool-1-worker-7] INFO  com.intuit.karate - [print] testing xlinkurl:https://www.nationaalgeoregister.nl/geonetwork/srv/dut/catalog.search#/metadata/uwwtd-9d8e-4758-83fa-28b057f185e1
14:45:02.301 [ForkJoinPool-1-worker-5] ERROR com.intuit.karate - status code was: 500, expected: 200, response time: 410, url: https://ngr.geocat.live/geonetwork/srv/eng/thesaurus.download?ref=external.theme.httpinspireeceuropaeumetadatacodelistPrioritydataset-Prioritydataset, response: 
14:45:02.301 [ForkJoinPool-1-worker-5] ERROR com.intuit.karate - feature call (loop) failed at index: 3
caller: classpath:InspireTest/ngr/datasetrecords/def/checkxlinkurl.template.feature
arg: {"link":"https://ngr.geocat.live/geonetwork/srv/eng/thesaurus.download?ref=external.theme.httpinspireeceuropaeumetadatacodelistPrioritydataset-Prioritydataset"}
checkxlinkurl.template.feature:15 - status code was: 500, expected: 200, response time: 410, url: https://ngr.geocat.live/geonetwork/srv/eng/thesaurus.download?ref=external.theme.httpinspireeceuropaeumetadatacodelistPrioritydataset-Prioritydataset, response: 
14:45:02.302 [ForkJoinPool-1-worker-5] INFO  com.intuit.karate - [print]
14:45:02.302 [ForkJoinPool-1-worker-5] INFO  com.intuit.karate - [print] testing xlinkurl:urn:ogc:def:crs:EPSG::5709
14:45:02.303 [ForkJoinPool-1-worker-5] ERROR com.intuit.karate - org.apache.http.client.ClientProtocolException: URI does not specify a valid host name: urn:ogc:def:crs:EPSG::5709, http call failed after 0 milliseconds for URL: urn:ogc:def:crs:EPSG::5709
14:45:02.303 [ForkJoinPool-1-worker-5] ERROR com.intuit.karate - http request failed: 
org.apache.http.client.ClientProtocolException: URI does not specify a valid host name: urn:ogc:def:crs:EPSG::5709
14:45:02.303 [ForkJoinPool-1-worker-5] ERROR com.intuit.karate - feature call (loop) failed at index: 4
caller: classpath:InspireTest/ngr/datasetrecords/def/checkxlinkurl.template.feature
arg: {"link":"urn:ogc:def:crs:EPSG::5709"}
checkxlinkurl.template.feature:14 - 
org.apache.http.client.ClientProtocolException: URI does not specify a valid host name: urn:ogc:def:crs:EPSG::5709
14:45:02.318 [ForkJoinPool-1-worker-3] INFO  com.intuit.karate - [print]
14:45:02.318 [ForkJoinPool-1-worker-3] INFO  com.intuit.karate - [print] testing xlinkurl:http://rdfdata.eionet.europa.eu/inspirethemes/themes/25
14:45:02.342 [ForkJoinPool-1-worker-9] ERROR com.intuit.karate - status code was: 404, expected: 200, response time: 191, url: http://rdfdata.eionet.europa.eu/inspirethemes/themes/25, response: 
14:45:02.342 [ForkJoinPool-1-worker-9] ERROR com.intuit.karate - feature call (loop) failed at index: 1
caller: classpath:InspireTest/ngr/datasetrecords/def/checkxlinkurl.template.feature
arg: {"link":"http://rdfdata.eionet.europa.eu/inspirethemes/themes/25"}
checkxlinkurl.template.feature:15 - status code was: 404, expected: 200, response time: 191, url: http://rdfdata.eionet.europa.eu/inspirethemes/themes/25, response: 
14:45:02.343 [ForkJoinPool-1-worker-9] INFO  com.intuit.karate - [print]
14:45:02.343 [ForkJoinPool-1-worker-9] INFO  com.intuit.karate - [print] testing xlinkurl:https://ngr.geocat.live/geonetwork/srv/eng/thesaurus.download?ref=external.theme.httpinspireeceuropaeumetadatacodelistPrioritydataset-Prioritydataset
14:45:02.487 [ForkJoinPool-1-worker-13] ERROR com.intuit.karate - status code was: 500, expected: 200, response time: 426, url: https://www.nationaalgeoregister.nl/geonetwork/srv/api/records4cda487b-c467-490c-a843-6563fec016be, response: 
14:45:02.487 [ForkJoinPool-1-worker-13] ERROR com.intuit.karate - feature call (loop) failed at index: 1
caller: classpath:InspireTest/ngr/datasetrecords/def/checkxlinkurl.template.feature
arg: {"link":"https://www.nationaalgeoregister.nl/geonetwork/srv/api/records4cda487b-c467-490c-a843-6563fec016be"}
checkxlinkurl.template.feature:15 - status code was: 500, expected: 200, response time: 426, url: https://www.nationaalgeoregister.nl/geonetwork/srv/api/records4cda487b-c467-490c-a843-6563fec016be, response: 
14:45:02.505 [ForkJoinPool-1-worker-11] INFO  com.intuit.karate - [print]
14:45:02.505 [ForkJoinPool-1-worker-11] INFO  com.intuit.karate - [print] testing xlinkurl:http://rdfdata.eionet.europa.eu/inspirethemes/themes/24
14:45:02.509 [ForkJoinPool-1-worker-3] ERROR com.intuit.karate - status code was: 404, expected: 200, response time: 190, url: http://rdfdata.eionet.europa.eu/inspirethemes/themes/25, response: 
14:45:02.509 [ForkJoinPool-1-worker-3] ERROR com.intuit.karate - feature call (loop) failed at index: 1
caller: classpath:InspireTest/ngr/datasetrecords/def/checkxlinkurl.template.feature
arg: {"link":"http://rdfdata.eionet.europa.eu/inspirethemes/themes/25"}
checkxlinkurl.template.feature:15 - status code was: 404, expected: 200, response time: 190, url: http://rdfdata.eionet.europa.eu/inspirethemes/themes/25, response: 
14:45:02.509 [ForkJoinPool-1-worker-3] INFO  com.intuit.karate - [print]
14:45:02.510 [ForkJoinPool-1-worker-3] INFO  com.intuit.karate - [print] testing xlinkurl:https://ngr.geocat.live/geonetwork/srv/eng/thesaurus.download?ref=external.theme.httpinspireeceuropaeumetadatacodelistPrioritydataset-Prioritydataset
14:45:02.527 [ForkJoinPool-1-worker-7] INFO  com.intuit.karate - [print]
14:45:02.527 [ForkJoinPool-1-worker-7] INFO  com.intuit.karate - [print] testing xlinkurl:http://rdfdata.eionet.europa.eu/inspirethemes/themes/24
14:45:02.642 [ForkJoinPool-1-worker-9] ERROR com.intuit.karate - status code was: 500, expected: 200, response time: 298, url: https://ngr.geocat.live/geonetwork/srv/eng/thesaurus.download?ref=external.theme.httpinspireeceuropaeumetadatacodelistPrioritydataset-Prioritydataset, response: 
14:45:02.643 [ForkJoinPool-1-worker-9] ERROR com.intuit.karate - feature call (loop) failed at index: 2
caller: classpath:InspireTest/ngr/datasetrecords/def/checkxlinkurl.template.feature
arg: {"link":"https://ngr.geocat.live/geonetwork/srv/eng/thesaurus.download?ref=external.theme.httpinspireeceuropaeumetadatacodelistPrioritydataset-Prioritydataset"}
checkxlinkurl.template.feature:15 - status code was: 500, expected: 200, response time: 298, url: https://ngr.geocat.live/geonetwork/srv/eng/thesaurus.download?ref=external.theme.httpinspireeceuropaeumetadatacodelistPrioritydataset-Prioritydataset, response: 
14:45:02.646 [ForkJoinPool-1-worker-9] INFO  com.intuit.karate - [print]
14:45:02.646 [ForkJoinPool-1-worker-9] INFO  com.intuit.karate - [print] testing xlinkurl:urn:ogc:def:crs:EPSG::5709
14:45:02.647 [ForkJoinPool-1-worker-9] ERROR com.intuit.karate - org.apache.http.client.ClientProtocolException: URI does not specify a valid host name: urn:ogc:def:crs:EPSG::5709, http call failed after 0 milliseconds for URL: urn:ogc:def:crs:EPSG::5709
14:45:02.648 [ForkJoinPool-1-worker-9] ERROR com.intuit.karate - http request failed: 
org.apache.http.client.ClientProtocolException: URI does not specify a valid host name: urn:ogc:def:crs:EPSG::5709
14:45:02.649 [ForkJoinPool-1-worker-9] ERROR com.intuit.karate - feature call (loop) failed at index: 3
caller: classpath:InspireTest/ngr/datasetrecords/def/checkxlinkurl.template.feature
arg: {"link":"urn:ogc:def:crs:EPSG::5709"}
checkxlinkurl.template.feature:14 - 
org.apache.http.client.ClientProtocolException: URI does not specify a valid host name: urn:ogc:def:crs:EPSG::5709
14:45:02.698 [ForkJoinPool-1-worker-11] ERROR com.intuit.karate - status code was: 404, expected: 200, response time: 192, url: http://rdfdata.eionet.europa.eu/inspirethemes/themes/24, response: 
14:45:02.698 [ForkJoinPool-1-worker-11] ERROR com.intuit.karate - feature call (loop) failed at index: 1
caller: classpath:InspireTest/ngr/datasetrecords/def/checkxlinkurl.template.feature
arg: {"link":"http://rdfdata.eionet.europa.eu/inspirethemes/themes/24"}
checkxlinkurl.template.feature:15 - status code was: 404, expected: 200, response time: 192, url: http://rdfdata.eionet.europa.eu/inspirethemes/themes/24, response: 
14:45:02.699 [ForkJoinPool-1-worker-11] INFO  com.intuit.karate - [print]
14:45:02.699 [ForkJoinPool-1-worker-11] INFO  com.intuit.karate - [print] testing xlinkurl:https://ngr.geocat.live/geonetwork/srv/eng/thesaurus.download?ref=external.theme.httpinspireeceuropaeumetadatacodelistPrioritydataset-Prioritydataset
14:45:02.717 [ForkJoinPool-1-worker-7] ERROR com.intuit.karate - status code was: 404, expected: 200, response time: 190, url: http://rdfdata.eionet.europa.eu/inspirethemes/themes/24, response: 
14:45:02.717 [ForkJoinPool-1-worker-7] ERROR com.intuit.karate - feature call (loop) failed at index: 1
caller: classpath:InspireTest/ngr/datasetrecords/def/checkxlinkurl.template.feature
arg: {"link":"http://rdfdata.eionet.europa.eu/inspirethemes/themes/24"}
checkxlinkurl.template.feature:15 - status code was: 404, expected: 200, response time: 190, url: http://rdfdata.eionet.europa.eu/inspirethemes/themes/24, response: 
14:45:02.718 [ForkJoinPool-1-worker-7] INFO  com.intuit.karate - [print]
14:45:02.718 [ForkJoinPool-1-worker-7] INFO  com.intuit.karate - [print] testing xlinkurl:https://ngr.geocat.live/geonetwork/srv/eng/thesaurus.download?ref=external.theme.httpinspireeceuropaeumetadatacodelistPrioritydataset-Prioritydataset
14:45:02.815 [ForkJoinPool-1-worker-5] INFO  com.intuit.karate - [print] title:Adressen
14:45:02.815 [ForkJoinPool-1-worker-5] INFO  com.intuit.karate - [print] Adressen
14:45:02.817 [ForkJoinPool-1-worker-5] INFO  com.intuit.karate - [print] [
  "PPB-GVA@kadaster.nl",
  "kcc@kadaster.nl",
  "kcc@kadaster.nl"
]

14:45:02.817 [ForkJoinPool-1-worker-5] INFO  com.intuit.karate - [print] organisation: [
  "Kadaster",
  "Kadaster",
  "Kadaster"
]

14:45:02.820 [ForkJoinPool-1-worker-3] ERROR com.intuit.karate - status code was: 500, expected: 200, response time: 310, url: https://ngr.geocat.live/geonetwork/srv/eng/thesaurus.download?ref=external.theme.httpinspireeceuropaeumetadatacodelistPrioritydataset-Prioritydataset, response: 
14:45:02.820 [ForkJoinPool-1-worker-3] ERROR com.intuit.karate - feature call (loop) failed at index: 2
caller: classpath:InspireTest/ngr/datasetrecords/def/checkxlinkurl.template.feature
arg: {"link":"https://ngr.geocat.live/geonetwork/srv/eng/thesaurus.download?ref=external.theme.httpinspireeceuropaeumetadatacodelistPrioritydataset-Prioritydataset"}
checkxlinkurl.template.feature:15 - status code was: 500, expected: 200, response time: 310, url: https://ngr.geocat.live/geonetwork/srv/eng/thesaurus.download?ref=external.theme.httpinspireeceuropaeumetadatacodelistPrioritydataset-Prioritydataset, response: 
14:45:02.821 [ForkJoinPool-1-worker-3] INFO  com.intuit.karate - [print]
14:45:02.821 [ForkJoinPool-1-worker-3] INFO  com.intuit.karate - [print] testing xlinkurl:urn:ogc:def:crs:EPSG::5709
14:45:02.822 [ForkJoinPool-1-worker-3] ERROR com.intuit.karate - org.apache.http.client.ClientProtocolException: URI does not specify a valid host name: urn:ogc:def:crs:EPSG::5709, http call failed after 0 milliseconds for URL: urn:ogc:def:crs:EPSG::5709
14:45:02.822 [ForkJoinPool-1-worker-3] ERROR com.intuit.karate - http request failed: 
org.apache.http.client.ClientProtocolException: URI does not specify a valid host name: urn:ogc:def:crs:EPSG::5709
14:45:02.822 [ForkJoinPool-1-worker-3] ERROR com.intuit.karate - feature call (loop) failed at index: 3
caller: classpath:InspireTest/ngr/datasetrecords/def/checkxlinkurl.template.feature
arg: {"link":"urn:ogc:def:crs:EPSG::5709"}
checkxlinkurl.template.feature:14 - 
org.apache.http.client.ClientProtocolException: URI does not specify a valid host name: urn:ogc:def:crs:EPSG::5709
14:45:02.822 [ForkJoinPool-1-worker-5] INFO  com.intuit.karate - [print] [
  "http://kadaster/06b6c650-cdb1-11dd-ad8b-0800200c9a77"
]

14:45:02.830 [ForkJoinPool-1-worker-5] INFO  com.intuit.karate - [print]
14:45:02.831 [ForkJoinPool-1-worker-5] INFO  com.intuit.karate - [print] testing xlinkurl:http://kadaster/06b6c650-cdb1-11dd-ad8b-0800200c9a77
14:45:02.900 [ForkJoinPool-1-worker-5] ERROR com.intuit.karate - java.net.UnknownHostException: kadaster: Temporary failure in name resolution, http call failed after 68 milliseconds for URL: http://kadaster/06b6c650-cdb1-11dd-ad8b-0800200c9a77
14:45:02.900 [ForkJoinPool-1-worker-5] ERROR com.intuit.karate - http request failed: 
java.net.UnknownHostException: kadaster: Temporary failure in name resolution
14:45:02.901 [ForkJoinPool-1-worker-5] ERROR com.intuit.karate - feature call (loop) failed at index: 0
caller: classpath:InspireTest/ngr/datasetrecords/def/checkxlinkurl.template.feature
arg: {"link":"http://kadaster/06b6c650-cdb1-11dd-ad8b-0800200c9a77"}
checkxlinkurl.template.feature:14 - 
java.net.UnknownHostException: kadaster: Temporary failure in name resolution
14:45:02.993 [ForkJoinPool-1-worker-11] ERROR com.intuit.karate - status code was: 500, expected: 200, response time: 293, url: https://ngr.geocat.live/geonetwork/srv/eng/thesaurus.download?ref=external.theme.httpinspireeceuropaeumetadatacodelistPrioritydataset-Prioritydataset, response: 
14:45:02.994 [ForkJoinPool-1-worker-11] ERROR com.intuit.karate - feature call (loop) failed at index: 2
caller: classpath:InspireTest/ngr/datasetrecords/def/checkxlinkurl.template.feature
arg: {"link":"https://ngr.geocat.live/geonetwork/srv/eng/thesaurus.download?ref=external.theme.httpinspireeceuropaeumetadatacodelistPrioritydataset-Prioritydataset"}
checkxlinkurl.template.feature:15 - status code was: 500, expected: 200, response time: 293, url: https://ngr.geocat.live/geonetwork/srv/eng/thesaurus.download?ref=external.theme.httpinspireeceuropaeumetadatacodelistPrioritydataset-Prioritydataset, response: 
14:45:02.996 [ForkJoinPool-1-worker-11] INFO  com.intuit.karate - [print]
14:45:02.997 [ForkJoinPool-1-worker-11] INFO  com.intuit.karate - [print] testing xlinkurl:urn:ogc:def:crs:EPSG::5709
14:45:02.997 [ForkJoinPool-1-worker-11] ERROR com.intuit.karate - org.apache.http.client.ClientProtocolException: URI does not specify a valid host name: urn:ogc:def:crs:EPSG::5709, http call failed after 0 milliseconds for URL: urn:ogc:def:crs:EPSG::5709
14:45:02.998 [ForkJoinPool-1-worker-11] ERROR com.intuit.karate - http request failed: 
org.apache.http.client.ClientProtocolException: URI does not specify a valid host name: urn:ogc:def:crs:EPSG::5709
14:45:02.998 [ForkJoinPool-1-worker-11] ERROR com.intuit.karate - feature call (loop) failed at index: 3
caller: classpath:InspireTest/ngr/datasetrecords/def/checkxlinkurl.template.feature
arg: {"link":"urn:ogc:def:crs:EPSG::5709"}
checkxlinkurl.template.feature:14 - 
org.apache.http.client.ClientProtocolException: URI does not specify a valid host name: urn:ogc:def:crs:EPSG::5709
14:45:03.020 [ForkJoinPool-1-worker-7] ERROR com.intuit.karate - status code was: 500, expected: 200, response time: 302, url: https://ngr.geocat.live/geonetwork/srv/eng/thesaurus.download?ref=external.theme.httpinspireeceuropaeumetadatacodelistPrioritydataset-Prioritydataset, response: 
14:45:03.021 [ForkJoinPool-1-worker-7] ERROR com.intuit.karate - feature call (loop) failed at index: 2
caller: classpath:InspireTest/ngr/datasetrecords/def/checkxlinkurl.template.feature
arg: {"link":"https://ngr.geocat.live/geonetwork/srv/eng/thesaurus.download?ref=external.theme.httpinspireeceuropaeumetadatacodelistPrioritydataset-Prioritydataset"}
checkxlinkurl.template.feature:15 - status code was: 500, expected: 200, response time: 302, url: https://ngr.geocat.live/geonetwork/srv/eng/thesaurus.download?ref=external.theme.httpinspireeceuropaeumetadatacodelistPrioritydataset-Prioritydataset, response: 
14:45:03.021 [ForkJoinPool-1-worker-7] INFO  com.intuit.karate - [print]
14:45:03.021 [ForkJoinPool-1-worker-7] INFO  com.intuit.karate - [print] testing xlinkurl:urn:ogc:def:crs:EPSG::5709
14:45:03.022 [ForkJoinPool-1-worker-7] ERROR com.intuit.karate - org.apache.http.client.ClientProtocolException: URI does not specify a valid host name: urn:ogc:def:crs:EPSG::5709, http call failed after 0 milliseconds for URL: urn:ogc:def:crs:EPSG::5709
14:45:03.022 [ForkJoinPool-1-worker-7] ERROR com.intuit.karate - http request failed: 
org.apache.http.client.ClientProtocolException: URI does not specify a valid host name: urn:ogc:def:crs:EPSG::5709
14:45:03.022 [ForkJoinPool-1-worker-7] ERROR com.intuit.karate - feature call (loop) failed at index: 3
caller: classpath:InspireTest/ngr/datasetrecords/def/checkxlinkurl.template.feature
arg: {"link":"urn:ogc:def:crs:EPSG::5709"}
checkxlinkurl.template.feature:14 - 
org.apache.http.client.ClientProtocolException: URI does not specify a valid host name: urn:ogc:def:crs:EPSG::5709
14:45:03.048 [ForkJoinPool-1-worker-13] INFO  com.intuit.karate - [print] title:Gebouwen
14:45:03.049 [ForkJoinPool-1-worker-13] INFO  com.intuit.karate - [print] Gebouwen
14:45:03.050 [ForkJoinPool-1-worker-13] INFO  com.intuit.karate - [print] [
  "PPB-GVA@kadaster.nl",
  "kcc@kadaster.nl",
  "kcc@kadaster.nl"
]

14:45:03.052 [ForkJoinPool-1-worker-13] INFO  com.intuit.karate - [print] organisation: [
  "Kadaster",
  "Kadaster",
  "Kadaster"
]

14:45:03.057 [ForkJoinPool-1-worker-13] INFO  com.intuit.karate - [print] [
  "http://kadaster/79a1c01b-21ad-43e8-a5c2-23e3eeb95be2",
  ""
]

14:45:03.061 [ForkJoinPool-1-worker-13] INFO  com.intuit.karate - [print]
14:45:03.062 [ForkJoinPool-1-worker-13] INFO  com.intuit.karate - [print] testing xlinkurl:http://kadaster/79a1c01b-21ad-43e8-a5c2-23e3eeb95be2
14:45:03.063 [ForkJoinPool-1-worker-13] ERROR com.intuit.karate - java.net.UnknownHostException: kadaster, http call failed after 0 milliseconds for URL: http://kadaster/79a1c01b-21ad-43e8-a5c2-23e3eeb95be2
14:45:03.064 [ForkJoinPool-1-worker-13] ERROR com.intuit.karate - http request failed: 
java.net.UnknownHostException: kadaster
14:45:03.064 [ForkJoinPool-1-worker-13] ERROR com.intuit.karate - feature call (loop) failed at index: 0
caller: classpath:InspireTest/ngr/datasetrecords/def/checkxlinkurl.template.feature
arg: {"link":"http://kadaster/79a1c01b-21ad-43e8-a5c2-23e3eeb95be2"}
checkxlinkurl.template.feature:14 - 
java.net.UnknownHostException: kadaster
14:45:03.066 [ForkJoinPool-1-worker-13] INFO  com.intuit.karate - [print]
14:45:03.067 [ForkJoinPool-1-worker-13] INFO  com.intuit.karate - [print] testing xlinkurl:
14:45:03.068 [ForkJoinPool-1-worker-13] ERROR com.intuit.karate - org.apache.http.client.ClientProtocolException, http call failed after 0 milliseconds for URL: 
14:45:03.069 [ForkJoinPool-1-worker-13] ERROR com.intuit.karate - http request failed: 
org.apache.http.client.ClientProtocolException
14:45:03.069 [ForkJoinPool-1-worker-13] ERROR com.intuit.karate - feature call (loop) failed at index: 1
caller: classpath:InspireTest/ngr/datasetrecords/def/checkxlinkurl.template.feature
arg: {"link":""}
checkxlinkurl.template.feature:14 - 
org.apache.http.client.ClientProtocolException
14:45:03.162 [ForkJoinPool-1-worker-9] INFO  com.intuit.karate - [print] title:Hydrografie - Physical Waters (INSPIRE geharmoniseerd)
14:45:03.163 [ForkJoinPool-1-worker-9] INFO  com.intuit.karate - [print] Hydrografie - Physical Waters (INSPIRE geharmoniseerd)
14:45:03.164 [ForkJoinPool-1-worker-9] INFO  com.intuit.karate - [print] [
  "PPB-GVA@kadaster.nl",
  "kcc@kadaster.nl"
]

14:45:03.165 [ForkJoinPool-1-worker-9] INFO  com.intuit.karate - [print] organisation: [
  "Kadaster",
  "Kadaster"
]

14:45:03.173 [ForkJoinPool-1-worker-9] INFO  com.intuit.karate - [print] [
  "http://www.opengis.net/def/crs/EPSG/0/http://www.opengis.net/def/crs/EPSG/0/4258",
  "http://kadaster/70a0f618-9d4f-4be9-9d9d-11106ff6971c"
]

14:45:03.180 [ForkJoinPool-1-worker-9] INFO  com.intuit.karate - [print]
14:45:03.180 [ForkJoinPool-1-worker-9] INFO  com.intuit.karate - [print] testing xlinkurl:http://www.opengis.net/def/crs/EPSG/0/http://www.opengis.net/def/crs/EPSG/0/4258
14:45:03.182 [ForkJoinPool-1-worker-3] INFO  com.intuit.karate - [print] title:Overheidsdiensten
14:45:03.182 [ForkJoinPool-1-worker-3] INFO  com.intuit.karate - [print] Overheidsdiensten
14:45:03.183 [ForkJoinPool-1-worker-3] INFO  com.intuit.karate - [print] [
  "erik.simonse@kvk.nl",
  "erik.simonse@kvk.nl"
]

14:45:03.185 [ForkJoinPool-1-worker-3] INFO  com.intuit.karate - [print] organisation: [
  "Kamer van Koophandel",
  "Kamer van Koophandel"
]

14:45:03.466 [ForkJoinPool-1-worker-5] INFO  com.intuit.karate - [print] title:Kaderrichtlijn Water - Register Beschermd Gebied - Schelpdierwater 2008
14:45:03.466 [ForkJoinPool-1-worker-5] INFO  com.intuit.karate - [print] Kaderrichtlijn Water - Register Beschermd Gebied - Schelpdierwater 2008
14:45:03.467 [ForkJoinPool-1-worker-5] INFO  com.intuit.karate - [print] [
  "servicedesk-data@rijkswaterstaat.nl",
  "servicedesk-data@rijkswaterstaat.nl",
  "",
  "servicedesk-data@rijkswaterstaat.nl",
  "servicedesk-data@rijkswaterstaat.nl"
]

14:45:03.469 [ForkJoinPool-1-worker-5] INFO  com.intuit.karate - [print] organisation: [
  "Rijkswaterstaat",
  "Rijkswaterstaat",
  "",
  "Rijkswaterstaat",
  "Rijkswaterstaat"
]

14:45:03.473 [ForkJoinPool-1-worker-5] INFO  com.intuit.karate - [print] [
  "https://www.nationaalgeoregister.nl/geonetwork/srv/dut/catalog.search#/metadata/4783ea4f-6b8c-4600-8af0-516f3556cfe9",
  "http://rdfdata.eionet.europa.eu/inspirethemes/themes/24",
  "",
  "",
  "",
  "urn:ogc:def:crs:EPSG::5709"
]

14:45:03.477 [ForkJoinPool-1-worker-5] INFO  com.intuit.karate - [print]
14:45:03.478 [ForkJoinPool-1-worker-5] INFO  com.intuit.karate - [print] testing xlinkurl:https://www.nationaalgeoregister.nl/geonetwork/srv/dut/catalog.search#/metadata/4783ea4f-6b8c-4600-8af0-516f3556cfe9
14:45:03.505 [ForkJoinPool-1-worker-9] INFO  com.intuit.karate - [print]
14:45:03.505 [ForkJoinPool-1-worker-9] INFO  com.intuit.karate - [print] testing xlinkurl:http://kadaster/70a0f618-9d4f-4be9-9d9d-11106ff6971c
14:45:03.505 [ForkJoinPool-1-worker-9] ERROR com.intuit.karate - java.net.UnknownHostException: kadaster, http call failed after 0 milliseconds for URL: http://kadaster/70a0f618-9d4f-4be9-9d9d-11106ff6971c
14:45:03.505 [ForkJoinPool-1-worker-9] ERROR com.intuit.karate - http request failed: 
java.net.UnknownHostException: kadaster
14:45:03.505 [ForkJoinPool-1-worker-9] ERROR com.intuit.karate - feature call (loop) failed at index: 1
caller: classpath:InspireTest/ngr/datasetrecords/def/checkxlinkurl.template.feature
arg: {"link":"http://kadaster/70a0f618-9d4f-4be9-9d9d-11106ff6971c"}
checkxlinkurl.template.feature:14 - 
java.net.UnknownHostException: kadaster
14:45:03.559 [ForkJoinPool-1-worker-11] INFO  com.intuit.karate - [print] title:Luchtfoto 2017 25cm CIR open data
14:45:03.559 [ForkJoinPool-1-worker-11] INFO  com.intuit.karate - [print] Luchtfoto 2017 25cm CIR open data
14:45:03.560 [ForkJoinPool-1-worker-11] INFO  com.intuit.karate - [print] [
  "PPB-GVA@kadaster.nl",
  "info@hetwaterschapshuis.nl",
  "kcc@kadaster.nl",
  "",
  "",
  "",
  "",
  "",
  ""
]

14:45:03.561 [ForkJoinPool-1-worker-11] INFO  com.intuit.karate - [print] organisation: [
  "Kadaster",
  "Het Waterschapshuis",
  "Kadaster",
  "Eurosense",
  "Eurosense",
  "Eurosense",
  "Kadaster",
  "Kadaster"
]

14:45:03.567 [ForkJoinPool-1-worker-11] INFO  com.intuit.karate - [print] [
  "http://kadaster/2482250f-3b00-4439-9f93-f3118229b018",
  "",
  "",
  ""
]

14:45:03.570 [ForkJoinPool-1-worker-11] INFO  com.intuit.karate - [print]
14:45:03.571 [ForkJoinPool-1-worker-11] INFO  com.intuit.karate - [print] testing xlinkurl:http://kadaster/2482250f-3b00-4439-9f93-f3118229b018
14:45:03.572 [ForkJoinPool-1-worker-11] ERROR com.intuit.karate - java.net.UnknownHostException: kadaster, http call failed after 0 milliseconds for URL: http://kadaster/2482250f-3b00-4439-9f93-f3118229b018
14:45:03.572 [ForkJoinPool-1-worker-11] ERROR com.intuit.karate - http request failed: 
java.net.UnknownHostException: kadaster
14:45:03.573 [ForkJoinPool-1-worker-11] ERROR com.intuit.karate - feature call (loop) failed at index: 0
caller: classpath:InspireTest/ngr/datasetrecords/def/checkxlinkurl.template.feature
arg: {"link":"http://kadaster/2482250f-3b00-4439-9f93-f3118229b018"}
checkxlinkurl.template.feature:14 - 
java.net.UnknownHostException: kadaster
14:45:03.574 [ForkJoinPool-1-worker-11] INFO  com.intuit.karate - [print]
14:45:03.574 [ForkJoinPool-1-worker-11] INFO  com.intuit.karate - [print] testing xlinkurl:
14:45:03.574 [ForkJoinPool-1-worker-11] ERROR com.intuit.karate - org.apache.http.client.ClientProtocolException, http call failed after 0 milliseconds for URL: 
14:45:03.575 [ForkJoinPool-1-worker-11] ERROR com.intuit.karate - http request failed: 
org.apache.http.client.ClientProtocolException
14:45:03.575 [ForkJoinPool-1-worker-11] ERROR com.intuit.karate - feature call (loop) failed at index: 1
caller: classpath:InspireTest/ngr/datasetrecords/def/checkxlinkurl.template.feature
arg: {"link":""}
checkxlinkurl.template.feature:14 - 
org.apache.http.client.ClientProtocolException
14:45:03.576 [ForkJoinPool-1-worker-11] INFO  com.intuit.karate - [print]
14:45:03.576 [ForkJoinPool-1-worker-11] INFO  com.intuit.karate - [print] testing xlinkurl:
14:45:03.576 [ForkJoinPool-1-worker-11] ERROR com.intuit.karate - org.apache.http.client.ClientProtocolException, http call failed after 0 milliseconds for URL: 
14:45:03.577 [ForkJoinPool-1-worker-11] ERROR com.intuit.karate - http request failed: 
org.apache.http.client.ClientProtocolException
14:45:03.577 [ForkJoinPool-1-worker-11] ERROR com.intuit.karate - feature call (loop) failed at index: 2
caller: classpath:InspireTest/ngr/datasetrecords/def/checkxlinkurl.template.feature
arg: {"link":""}
checkxlinkurl.template.feature:14 - 
org.apache.http.client.ClientProtocolException
14:45:03.578 [ForkJoinPool-1-worker-11] INFO  com.intuit.karate - [print]
14:45:03.578 [ForkJoinPool-1-worker-11] INFO  com.intuit.karate - [print] testing xlinkurl:
14:45:03.579 [ForkJoinPool-1-worker-11] ERROR com.intuit.karate - org.apache.http.client.ClientProtocolException, http call failed after 0 milliseconds for URL: 
14:45:03.579 [ForkJoinPool-1-worker-11] ERROR com.intuit.karate - http request failed: 
org.apache.http.client.ClientProtocolException
14:45:03.580 [ForkJoinPool-1-worker-11] ERROR com.intuit.karate - feature call (loop) failed at index: 3
caller: classpath:InspireTest/ngr/datasetrecords/def/checkxlinkurl.template.feature
arg: {"link":""}
checkxlinkurl.template.feature:14 - 
org.apache.http.client.ClientProtocolException
14:45:03.629 [ForkJoinPool-1-worker-13] INFO  com.intuit.karate - [print] title:Bestand Bodemgebruik 2015
14:45:03.629 [ForkJoinPool-1-worker-13] INFO  com.intuit.karate - [print] Bestand Bodemgebruik 2015
14:45:03.631 [ForkJoinPool-1-worker-13] INFO  com.intuit.karate - [print] [
  "infoservice@cbs.nl",
  "infoservice@cbs.nl",
  "",
  "",
  ""
]

14:45:03.633 [ForkJoinPool-1-worker-13] INFO  com.intuit.karate - [print] organisation: [
  "Centraal Bureau voor de Statistiek",
  "Centraal Bureau voor de Statistiek",
  "PDOK"
]

14:45:03.637 [ForkJoinPool-1-worker-13] INFO  com.intuit.karate - [print] [
  "http://geodata.nationaalgeoregister.nl/bestandbodemgebruik2015/extract/bestandbodemgebruik2015.zip"
]

14:45:03.653 [ForkJoinPool-1-worker-7] INFO  com.intuit.karate - [print] title:Oppervlaktegeologie, Geologische kaart onder INSPIRE
14:45:03.654 [ForkJoinPool-1-worker-7] INFO  com.intuit.karate - [print] Oppervlaktegeologie, Geologische kaart onder INSPIRE
14:45:03.655 [ForkJoinPool-1-worker-7] INFO  com.intuit.karate - [print] [
  "info@dinoloket.nl",
  "info@dinoloket.nl",
  "info@dinoloket.nl"
]

14:45:03.657 [ForkJoinPool-1-worker-7] INFO  com.intuit.karate - [print] organisation: [
  "TNO Geologische Dienst Nederland",
  "TNO Geologische Dienst Nederland",
  "TNO Geologische Dienst Nederland"
]

14:45:03.661 [ForkJoinPool-1-worker-13] INFO  com.intuit.karate - [print]
14:45:03.680 [ForkJoinPool-1-worker-13] INFO  com.intuit.karate - [print] testing xlinkurl:http://geodata.nationaalgeoregister.nl/bestandbodemgebruik2015/extract/bestandbodemgebruik2015.zip
14:45:03.683 [ForkJoinPool-1-worker-7] INFO  com.intuit.karate - [print] [
  "https://nationaalgeoregister.nl/geonetwork/srv/resources66495385-8f7b-4661-85a7-11a2bbcbb6b9",
  "http://rdfdata.eionet.europa.eu/inspirethemes/themes/13",
  "http://geonetwork-opensource.org/inspire-theme#",
  "https://www.nationaalgeoregister.nl/geonetwork/srv/eng/thesaurus.download?ref=external.theme.inspire-theme"
]

14:45:03.688 [ForkJoinPool-1-worker-7] INFO  com.intuit.karate - [print]
14:45:03.689 [ForkJoinPool-1-worker-7] INFO  com.intuit.karate - [print] testing xlinkurl:https://nationaalgeoregister.nl/geonetwork/srv/resources66495385-8f7b-4661-85a7-11a2bbcbb6b9
14:45:03.762 [ForkJoinPool-1-worker-3] INFO  com.intuit.karate - [print] title:Maritieme grenzen - basislijn Noordzee
14:45:03.763 [ForkJoinPool-1-worker-3] INFO  com.intuit.karate - [print] Maritieme grenzen - basislijn Noordzee
14:45:03.765 [ForkJoinPool-1-worker-3] INFO  com.intuit.karate - [print] [
  "data@hydro.nl",
  "data@hydro.nl",
  "data@hydro.nl"
]

14:45:03.766 [ForkJoinPool-1-worker-3] INFO  com.intuit.karate - [print] organisation: [
  "Ministerie van Defensie, Koninklijke Marine, Dienst der Hydrografie",
  "Ministerie van Defensie, Koninklijke Marine, Dienst der Hydrografie",
  "Ministerie van Defensie, Koninklijke Marine, Dienst der Hydrografie"
]

14:45:03.771 [ForkJoinPool-1-worker-3] INFO  com.intuit.karate - [print] [
  "http://www.opengis.net/def/crs/EPSG/0/https://www.opengis.net/def/crs/EPSG/0/4258",
  "https://ngr.acceptatie.nationaalgeoregister.nl/geonetwork/srv/resourcesd7ab6903-1152-450b-b81d-042682dcfd03"
]

14:45:03.779 [ForkJoinPool-1-worker-3] INFO  com.intuit.karate - [print]
14:45:03.779 [ForkJoinPool-1-worker-3] INFO  com.intuit.karate - [print] testing xlinkurl:http://www.opengis.net/def/crs/EPSG/0/https://www.opengis.net/def/crs/EPSG/0/4258
14:45:03.782 [ForkJoinPool-1-worker-5] INFO  com.intuit.karate - [print]
14:45:03.782 [ForkJoinPool-1-worker-5] INFO  com.intuit.karate - [print] testing xlinkurl:http://rdfdata.eionet.europa.eu/inspirethemes/themes/24
14:45:03.956 [ForkJoinPool-1-worker-7] ERROR com.intuit.karate - status code was: 404, expected: 200, response time: 266, url: https://nationaalgeoregister.nl/geonetwork/srv/resources66495385-8f7b-4661-85a7-11a2bbcbb6b9, response: 
14:45:03.958 [ForkJoinPool-1-worker-7] ERROR com.intuit.karate - feature call (loop) failed at index: 0
caller: classpath:InspireTest/ngr/datasetrecords/def/checkxlinkurl.template.feature
arg: {"link":"https://nationaalgeoregister.nl/geonetwork/srv/resources66495385-8f7b-4661-85a7-11a2bbcbb6b9"}
checkxlinkurl.template.feature:15 - status code was: 404, expected: 200, response time: 266, url: https://nationaalgeoregister.nl/geonetwork/srv/resources66495385-8f7b-4661-85a7-11a2bbcbb6b9, response: 
14:45:03.960 [ForkJoinPool-1-worker-7] INFO  com.intuit.karate - [print]
14:45:03.960 [ForkJoinPool-1-worker-7] INFO  com.intuit.karate - [print] testing xlinkurl:http://rdfdata.eionet.europa.eu/inspirethemes/themes/13
14:45:03.974 [ForkJoinPool-1-worker-5] ERROR com.intuit.karate - status code was: 404, expected: 200, response time: 191, url: http://rdfdata.eionet.europa.eu/inspirethemes/themes/24, response: 
14:45:03.974 [ForkJoinPool-1-worker-5] ERROR com.intuit.karate - feature call (loop) failed at index: 1
caller: classpath:InspireTest/ngr/datasetrecords/def/checkxlinkurl.template.feature
arg: {"link":"http://rdfdata.eionet.europa.eu/inspirethemes/themes/24"}
checkxlinkurl.template.feature:15 - status code was: 404, expected: 200, response time: 191, url: http://rdfdata.eionet.europa.eu/inspirethemes/themes/24, response: 
14:45:03.975 [ForkJoinPool-1-worker-5] INFO  com.intuit.karate - [print]
14:45:03.975 [ForkJoinPool-1-worker-5] INFO  com.intuit.karate - [print] testing xlinkurl:
14:45:03.975 [ForkJoinPool-1-worker-5] ERROR com.intuit.karate - org.apache.http.client.ClientProtocolException, http call failed after 0 milliseconds for URL: 
14:45:03.975 [ForkJoinPool-1-worker-5] ERROR com.intuit.karate - http request failed: 
org.apache.http.client.ClientProtocolException
14:45:03.975 [ForkJoinPool-1-worker-5] ERROR com.intuit.karate - feature call (loop) failed at index: 2
caller: classpath:InspireTest/ngr/datasetrecords/def/checkxlinkurl.template.feature
arg: {"link":""}
checkxlinkurl.template.feature:14 - 
org.apache.http.client.ClientProtocolException
14:45:03.976 [ForkJoinPool-1-worker-5] INFO  com.intuit.karate - [print]
14:45:03.976 [ForkJoinPool-1-worker-5] INFO  com.intuit.karate - [print] testing xlinkurl:
14:45:03.976 [ForkJoinPool-1-worker-5] ERROR com.intuit.karate - org.apache.http.client.ClientProtocolException, http call failed after 0 milliseconds for URL: 
14:45:03.976 [ForkJoinPool-1-worker-5] ERROR com.intuit.karate - http request failed: 
org.apache.http.client.ClientProtocolException
14:45:03.976 [ForkJoinPool-1-worker-5] ERROR com.intuit.karate - feature call (loop) failed at index: 3
caller: classpath:InspireTest/ngr/datasetrecords/def/checkxlinkurl.template.feature
arg: {"link":""}
checkxlinkurl.template.feature:14 - 
org.apache.http.client.ClientProtocolException
14:45:03.977 [ForkJoinPool-1-worker-5] INFO  com.intuit.karate - [print]
14:45:03.977 [ForkJoinPool-1-worker-5] INFO  com.intuit.karate - [print] testing xlinkurl:
14:45:03.977 [ForkJoinPool-1-worker-5] ERROR com.intuit.karate - org.apache.http.client.ClientProtocolException, http call failed after 0 milliseconds for URL: 
14:45:03.977 [ForkJoinPool-1-worker-5] ERROR com.intuit.karate - http request failed: 
org.apache.http.client.ClientProtocolException
14:45:03.977 [ForkJoinPool-1-worker-5] ERROR com.intuit.karate - feature call (loop) failed at index: 4
caller: classpath:InspireTest/ngr/datasetrecords/def/checkxlinkurl.template.feature
arg: {"link":""}
checkxlinkurl.template.feature:14 - 
org.apache.http.client.ClientProtocolException
14:45:03.978 [ForkJoinPool-1-worker-5] INFO  com.intuit.karate - [print]
14:45:03.978 [ForkJoinPool-1-worker-5] INFO  com.intuit.karate - [print] testing xlinkurl:urn:ogc:def:crs:EPSG::5709
14:45:03.978 [ForkJoinPool-1-worker-5] ERROR com.intuit.karate - org.apache.http.client.ClientProtocolException: URI does not specify a valid host name: urn:ogc:def:crs:EPSG::5709, http call failed after 0 milliseconds for URL: urn:ogc:def:crs:EPSG::5709
14:45:03.978 [ForkJoinPool-1-worker-5] ERROR com.intuit.karate - http request failed: 
org.apache.http.client.ClientProtocolException: URI does not specify a valid host name: urn:ogc:def:crs:EPSG::5709
14:45:03.978 [ForkJoinPool-1-worker-5] ERROR com.intuit.karate - feature call (loop) failed at index: 5
caller: classpath:InspireTest/ngr/datasetrecords/def/checkxlinkurl.template.feature
arg: {"link":"urn:ogc:def:crs:EPSG::5709"}
checkxlinkurl.template.feature:14 - 
org.apache.http.client.ClientProtocolException: URI does not specify a valid host name: urn:ogc:def:crs:EPSG::5709
14:45:04.014 [ForkJoinPool-1-worker-9] INFO  com.intuit.karate - [print] title:Nederlands deel PSSA Waddenzee
14:45:04.014 [ForkJoinPool-1-worker-9] INFO  com.intuit.karate - [print] Nederlands deel PSSA Waddenzee
14:45:04.015 [ForkJoinPool-1-worker-9] INFO  com.intuit.karate - [print] [
  "data@hydro.nl",
  "data@hydro.nl",
  "data@hydro.nl",
  "",
  ""
]

14:45:04.016 [ForkJoinPool-1-worker-9] INFO  com.intuit.karate - [print] organisation: [
  "Ministerie van Defensie, Koninklijke Marine, Dienst der Hydrografie",
  "Ministerie van Defensie, Koninklijke Marine, Dienst der Hydrografie",
  "Ministerie van Defensie, Koninklijke Marine, Dienst der Hydrografie"
]

14:45:04.019 [ForkJoinPool-1-worker-9] INFO  com.intuit.karate - [print] [
  "http://www.opengis.net/def/crs/EPSG/0/https://www.opengis.net/def/crs/EPSG/0/4258",
  "https://www.nationaalgeoregister.nl/geonetwork/srv/api/recordsf1d27179-36eb-4376-8048-f51d2eb23a09"
]

14:45:04.034 [ForkJoinPool-1-worker-9] INFO  com.intuit.karate - [print]
14:45:04.036 [ForkJoinPool-1-worker-9] INFO  com.intuit.karate - [print] testing xlinkurl:http://www.opengis.net/def/crs/EPSG/0/https://www.opengis.net/def/crs/EPSG/0/4258
14:45:04.074 [ForkJoinPool-1-worker-3] INFO  com.intuit.karate - [print]
14:45:04.075 [ForkJoinPool-1-worker-3] INFO  com.intuit.karate - [print] testing xlinkurl:https://ngr.acceptatie.nationaalgeoregister.nl/geonetwork/srv/resourcesd7ab6903-1152-450b-b81d-042682dcfd03
14:45:04.101 [ForkJoinPool-1-worker-11] INFO  com.intuit.karate - [print] title:Luchtfoto 2018 25cm RGB open data
14:45:04.102 [ForkJoinPool-1-worker-11] INFO  com.intuit.karate - [print] Luchtfoto 2018 25cm RGB open data
14:45:04.103 [ForkJoinPool-1-worker-11] INFO  com.intuit.karate - [print] [
  "PPB-GVA@kadaster.nl",
  "info@hetwaterschapshuis.nl",
  "kcc@kadaster.nl",
  "",
  "",
  "",
  "",
  "",
  ""
]

14:45:04.106 [ForkJoinPool-1-worker-11] INFO  com.intuit.karate - [print] organisation: [
  "Kadaster",
  "Het Waterschapshuis",
  "Kadaster",
  "Eurosense",
  "Eurosense",
  "Eurosense",
  "Kadaster",
  "Kadaster"
]

14:45:04.113 [ForkJoinPool-1-worker-11] INFO  com.intuit.karate - [print] [
  "http://kadaster/2482250f-3b00-4439-9f93-f3118229b020",
  "",
  "",
  ""
]

14:45:04.119 [ForkJoinPool-1-worker-11] INFO  com.intuit.karate - [print]
14:45:04.119 [ForkJoinPool-1-worker-11] INFO  com.intuit.karate - [print] testing xlinkurl:http://kadaster/2482250f-3b00-4439-9f93-f3118229b020
14:45:04.120 [ForkJoinPool-1-worker-11] ERROR com.intuit.karate - java.net.UnknownHostException: kadaster, http call failed after 0 milliseconds for URL: http://kadaster/2482250f-3b00-4439-9f93-f3118229b020
14:45:04.121 [ForkJoinPool-1-worker-11] ERROR com.intuit.karate - http request failed: 
java.net.UnknownHostException: kadaster
14:45:04.122 [ForkJoinPool-1-worker-11] ERROR com.intuit.karate - feature call (loop) failed at index: 0
caller: classpath:InspireTest/ngr/datasetrecords/def/checkxlinkurl.template.feature
arg: {"link":"http://kadaster/2482250f-3b00-4439-9f93-f3118229b020"}
checkxlinkurl.template.feature:14 - 
java.net.UnknownHostException: kadaster
14:45:04.124 [ForkJoinPool-1-worker-11] INFO  com.intuit.karate - [print]
14:45:04.124 [ForkJoinPool-1-worker-11] INFO  com.intuit.karate - [print] testing xlinkurl:
14:45:04.125 [ForkJoinPool-1-worker-11] ERROR com.intuit.karate - org.apache.http.client.ClientProtocolException, http call failed after 0 milliseconds for URL: 
14:45:04.126 [ForkJoinPool-1-worker-11] ERROR com.intuit.karate - http request failed: 
org.apache.http.client.ClientProtocolException
14:45:04.127 [ForkJoinPool-1-worker-11] ERROR com.intuit.karate - feature call (loop) failed at index: 1
caller: classpath:InspireTest/ngr/datasetrecords/def/checkxlinkurl.template.feature
arg: {"link":""}
checkxlinkurl.template.feature:14 - 
org.apache.http.client.ClientProtocolException
14:45:04.129 [ForkJoinPool-1-worker-11] INFO  com.intuit.karate - [print]
14:45:04.129 [ForkJoinPool-1-worker-11] INFO  com.intuit.karate - [print] testing xlinkurl:
14:45:04.130 [ForkJoinPool-1-worker-11] ERROR com.intuit.karate - org.apache.http.client.ClientProtocolException, http call failed after 0 milliseconds for URL: 
14:45:04.131 [ForkJoinPool-1-worker-11] ERROR com.intuit.karate - http request failed: 
org.apache.http.client.ClientProtocolException
14:45:04.132 [ForkJoinPool-1-worker-11] ERROR com.intuit.karate - feature call (loop) failed at index: 2
caller: classpath:InspireTest/ngr/datasetrecords/def/checkxlinkurl.template.feature
arg: {"link":""}
checkxlinkurl.template.feature:14 - 
org.apache.http.client.ClientProtocolException
14:45:04.134 [ForkJoinPool-1-worker-11] INFO  com.intuit.karate - [print]
14:45:04.134 [ForkJoinPool-1-worker-11] INFO  com.intuit.karate - [print] testing xlinkurl:
14:45:04.135 [ForkJoinPool-1-worker-11] ERROR com.intuit.karate - org.apache.http.client.ClientProtocolException, http call failed after 0 milliseconds for URL: 
14:45:04.136 [ForkJoinPool-1-worker-11] ERROR com.intuit.karate - http request failed: 
org.apache.http.client.ClientProtocolException
14:45:04.137 [ForkJoinPool-1-worker-11] ERROR com.intuit.karate - feature call (loop) failed at index: 3
caller: classpath:InspireTest/ngr/datasetrecords/def/checkxlinkurl.template.feature
arg: {"link":""}
checkxlinkurl.template.feature:14 - 
org.apache.http.client.ClientProtocolException
14:45:04.151 [ForkJoinPool-1-worker-7] ERROR com.intuit.karate - status code was: 404, expected: 200, response time: 191, url: http://rdfdata.eionet.europa.eu/inspirethemes/themes/13, response: 
14:45:04.152 [ForkJoinPool-1-worker-7] ERROR com.intuit.karate - feature call (loop) failed at index: 1
caller: classpath:InspireTest/ngr/datasetrecords/def/checkxlinkurl.template.feature
arg: {"link":"http://rdfdata.eionet.europa.eu/inspirethemes/themes/13"}
checkxlinkurl.template.feature:15 - status code was: 404, expected: 200, response time: 191, url: http://rdfdata.eionet.europa.eu/inspirethemes/themes/13, response: 
14:45:04.152 [ForkJoinPool-1-worker-7] INFO  com.intuit.karate - [print]
14:45:04.152 [ForkJoinPool-1-worker-7] INFO  com.intuit.karate - [print] testing xlinkurl:http://geonetwork-opensource.org/inspire-theme#
14:45:04.329 [ForkJoinPool-1-worker-9] INFO  com.intuit.karate - [print]
14:45:04.329 [ForkJoinPool-1-worker-9] INFO  com.intuit.karate - [print] testing xlinkurl:https://www.nationaalgeoregister.nl/geonetwork/srv/api/recordsf1d27179-36eb-4376-8048-f51d2eb23a09
14:45:04.342 [ForkJoinPool-1-worker-3] ERROR com.intuit.karate - status code was: 404, expected: 200, response time: 267, url: https://ngr.acceptatie.nationaalgeoregister.nl/geonetwork/srv/resourcesd7ab6903-1152-450b-b81d-042682dcfd03, response: 
14:45:04.344 [ForkJoinPool-1-worker-3] ERROR com.intuit.karate - feature call (loop) failed at index: 1
caller: classpath:InspireTest/ngr/datasetrecords/def/checkxlinkurl.template.feature
arg: {"link":"https://ngr.acceptatie.nationaalgeoregister.nl/geonetwork/srv/resourcesd7ab6903-1152-450b-b81d-042682dcfd03"}
checkxlinkurl.template.feature:15 - status code was: 404, expected: 200, response time: 267, url: https://ngr.acceptatie.nationaalgeoregister.nl/geonetwork/srv/resourcesd7ab6903-1152-450b-b81d-042682dcfd03, response: 
14:45:04.519 [ForkJoinPool-1-worker-5] INFO  com.intuit.karate - [print] title:Kaderrichtlijn Water - Deelstroomgebieden Nederland 2019 vlakken
14:45:04.519 [ForkJoinPool-1-worker-5] INFO  com.intuit.karate - [print] Kaderrichtlijn Water - Deelstroomgebieden Nederland 2019 vlakken
14:45:04.520 [ForkJoinPool-1-worker-5] INFO  com.intuit.karate - [print] [
  "servicedesk-data@rijkswaterstaat.nl",
  "servicedesk-data@rijkswaterstaat.nl",
  "",
  "servicedesk-data@rijkswaterstaat.nl",
  "servicedesk-data@rijkswaterstaat.nl"
]

14:45:04.521 [ForkJoinPool-1-worker-5] INFO  com.intuit.karate - [print] organisation: [
  "Rijkswaterstaat",
  "Rijkswaterstaat",
  "",
  "Rijkswaterstaat",
  "Rijkswaterstaat"
]

14:45:04.525 [ForkJoinPool-1-worker-5] INFO  com.intuit.karate - [print] [
  "https://www.nationaalgeoregister.nl/geonetwork/srv/dut/catalog.search#/metadata/krw-782cab20-8328-45f1-a9b2-c27d07c14066",
  "http://rdfdata.eionet.europa.eu/inspirethemes/themes/24",
  "https://ngr.geocat.live/geonetwork/srv/eng/thesaurus.download?ref=external.theme.httpinspireeceuropaeumetadatacodelistPrioritydataset-Prioritydataset",
  "urn:ogc:def:crs:EPSG::5709"
]

14:45:04.528 [ForkJoinPool-1-worker-5] INFO  com.intuit.karate - [print]
14:45:04.528 [ForkJoinPool-1-worker-5] INFO  com.intuit.karate - [print] testing xlinkurl:https://www.nationaalgeoregister.nl/geonetwork/srv/dut/catalog.search#/metadata/krw-782cab20-8328-45f1-a9b2-c27d07c14066
14:45:04.657 [ForkJoinPool-1-worker-9] ERROR com.intuit.karate - status code was: 500, expected: 200, response time: 327, url: https://www.nationaalgeoregister.nl/geonetwork/srv/api/recordsf1d27179-36eb-4376-8048-f51d2eb23a09, response: 
14:45:04.657 [ForkJoinPool-1-worker-9] ERROR com.intuit.karate - feature call (loop) failed at index: 1
caller: classpath:InspireTest/ngr/datasetrecords/def/checkxlinkurl.template.feature
arg: {"link":"https://www.nationaalgeoregister.nl/geonetwork/srv/api/recordsf1d27179-36eb-4376-8048-f51d2eb23a09"}
checkxlinkurl.template.feature:15 - status code was: 500, expected: 200, response time: 327, url: https://www.nationaalgeoregister.nl/geonetwork/srv/api/recordsf1d27179-36eb-4376-8048-f51d2eb23a09, response: 
14:45:04.714 [ForkJoinPool-1-worker-11] INFO  com.intuit.karate - [print] title:Publiekrechtelijke beperkingen
14:45:04.714 [ForkJoinPool-1-worker-11] INFO  com.intuit.karate - [print] Publiekrechtelijke beperkingen
14:45:04.715 [ForkJoinPool-1-worker-11] INFO  com.intuit.karate - [print] [
  "PPB-GVA@kadaster.nl",
  "kcc@kadaster.nl"
]

14:45:04.717 [ForkJoinPool-1-worker-11] INFO  com.intuit.karate - [print] organisation: [
  "Kadaster",
  "Kadaster"
]

14:45:04.719 [ForkJoinPool-1-worker-7] ERROR com.intuit.karate - status code was: 404, expected: 200, response time: 380, url: http://geonetwork-opensource.org/inspire-theme#, response: 
14:45:04.720 [ForkJoinPool-1-worker-7] ERROR com.intuit.karate - feature call (loop) failed at index: 2
caller: classpath:InspireTest/ngr/datasetrecords/def/checkxlinkurl.template.feature
arg: {"link":"http://geonetwork-opensource.org/inspire-theme#"}
checkxlinkurl.template.feature:15 - status code was: 404, expected: 200, response time: 380, url: http://geonetwork-opensource.org/inspire-theme#, response: 
14:45:04.722 [ForkJoinPool-1-worker-7] INFO  com.intuit.karate - [print]
14:45:04.723 [ForkJoinPool-1-worker-7] INFO  com.intuit.karate - [print] testing xlinkurl:https://www.nationaalgeoregister.nl/geonetwork/srv/eng/thesaurus.download?ref=external.theme.inspire-theme
14:45:04.730 [ForkJoinPool-1-worker-11] INFO  com.intuit.karate - [print] [
  "http://kadaster/e2318c58-b1e6-4621-9c77-33b8a1fd0124"
]

14:45:04.735 [ForkJoinPool-1-worker-11] INFO  com.intuit.karate - [print]
14:45:04.740 [ForkJoinPool-1-worker-11] INFO  com.intuit.karate - [print] testing xlinkurl:http://kadaster/e2318c58-b1e6-4621-9c77-33b8a1fd0124
14:45:04.741 [ForkJoinPool-1-worker-11] ERROR com.intuit.karate - java.net.UnknownHostException: kadaster, http call failed after 0 milliseconds for URL: http://kadaster/e2318c58-b1e6-4621-9c77-33b8a1fd0124
14:45:04.741 [ForkJoinPool-1-worker-11] ERROR com.intuit.karate - http request failed: 
java.net.UnknownHostException: kadaster
14:45:04.742 [ForkJoinPool-1-worker-11] ERROR com.intuit.karate - feature call (loop) failed at index: 0
caller: classpath:InspireTest/ngr/datasetrecords/def/checkxlinkurl.template.feature
arg: {"link":"http://kadaster/e2318c58-b1e6-4621-9c77-33b8a1fd0124"}
checkxlinkurl.template.feature:14 - 
java.net.UnknownHostException: kadaster
14:45:04.846 [ForkJoinPool-1-worker-5] INFO  com.intuit.karate - [print]
14:45:04.846 [ForkJoinPool-1-worker-5] INFO  com.intuit.karate - [print] testing xlinkurl:http://rdfdata.eionet.europa.eu/inspirethemes/themes/24
14:45:04.857 [ForkJoinPool-1-worker-3] INFO  com.intuit.karate - [print] title:Gebieden in de territoriale zee
14:45:04.857 [ForkJoinPool-1-worker-3] INFO  com.intuit.karate - [print] Gebieden in de territoriale zee
14:45:04.858 [ForkJoinPool-1-worker-3] INFO  com.intuit.karate - [print] [
  "data@hydro.nl",
  "data@hydro.nl",
  "data@hydro.nl",
  "",
  ""
]

14:45:04.859 [ForkJoinPool-1-worker-3] INFO  com.intuit.karate - [print] organisation: [
  "Ministerie van Defensie, Koninklijke Marine, Dienst der Hydrografie",
  "Ministerie van Defensie, Koninklijke Marine, Dienst der Hydrografie",
  "Ministerie van Defensie, Koninklijke Marine, Dienst der Hydrografie"
]

14:45:04.863 [ForkJoinPool-1-worker-3] INFO  com.intuit.karate - [print] [
  "http://www.opengis.net/def/crs/EPSG/0/https://www.opengis.net/def/crs/EPSG/0/4258",
  "https://www.nationaalgeoregister.nl/geonetwork/srv/api/records4617f0e0-6af4-4ac0-9044-31df9d03071c"
]

14:45:04.867 [ForkJoinPool-1-worker-3] INFO  com.intuit.karate - [print]
14:45:04.867 [ForkJoinPool-1-worker-3] INFO  com.intuit.karate - [print] testing xlinkurl:http://www.opengis.net/def/crs/EPSG/0/https://www.opengis.net/def/crs/EPSG/0/4258
14:45:05.033 [ForkJoinPool-1-worker-7] ERROR com.intuit.karate - status code was: 500, expected: 200, response time: 307, url: https://www.nationaalgeoregister.nl/geonetwork/srv/eng/thesaurus.download?ref=external.theme.inspire-theme, response: 
14:45:05.033 [ForkJoinPool-1-worker-7] ERROR com.intuit.karate - feature call (loop) failed at index: 3
caller: classpath:InspireTest/ngr/datasetrecords/def/checkxlinkurl.template.feature
arg: {"link":"https://www.nationaalgeoregister.nl/geonetwork/srv/eng/thesaurus.download?ref=external.theme.inspire-theme"}
checkxlinkurl.template.feature:15 - status code was: 500, expected: 200, response time: 307, url: https://www.nationaalgeoregister.nl/geonetwork/srv/eng/thesaurus.download?ref=external.theme.inspire-theme, response: 
14:45:05.038 [ForkJoinPool-1-worker-5] ERROR com.intuit.karate - status code was: 404, expected: 200, response time: 191, url: http://rdfdata.eionet.europa.eu/inspirethemes/themes/24, response: 
14:45:05.038 [ForkJoinPool-1-worker-5] ERROR com.intuit.karate - feature call (loop) failed at index: 1
caller: classpath:InspireTest/ngr/datasetrecords/def/checkxlinkurl.template.feature
arg: {"link":"http://rdfdata.eionet.europa.eu/inspirethemes/themes/24"}
checkxlinkurl.template.feature:15 - status code was: 404, expected: 200, response time: 191, url: http://rdfdata.eionet.europa.eu/inspirethemes/themes/24, response: 
14:45:05.039 [ForkJoinPool-1-worker-5] INFO  com.intuit.karate - [print]
14:45:05.039 [ForkJoinPool-1-worker-5] INFO  com.intuit.karate - [print] testing xlinkurl:https://ngr.geocat.live/geonetwork/srv/eng/thesaurus.download?ref=external.theme.httpinspireeceuropaeumetadatacodelistPrioritydataset-Prioritydataset
14:45:05.153 [ForkJoinPool-1-worker-3] INFO  com.intuit.karate - [print]
14:45:05.154 [ForkJoinPool-1-worker-3] INFO  com.intuit.karate - [print] testing xlinkurl:https://www.nationaalgeoregister.nl/geonetwork/srv/api/records4617f0e0-6af4-4ac0-9044-31df9d03071c
14:45:05.214 [ForkJoinPool-1-worker-9] INFO  com.intuit.karate - [print] title:Gebiedsbeheer, gebieden waar beperkingen gelden, gereguleerde gebieden en rapportage-eenheden - Provincies (INSPIRE geharmoniseerd)
14:45:05.215 [ForkJoinPool-1-worker-9] INFO  com.intuit.karate - [print] Gebiedsbeheer, gebieden waar beperkingen gelden, gereguleerde gebieden en rapportage-eenheden - Provincies (INSPIRE geharmoniseerd)
14:45:05.216 [ForkJoinPool-1-worker-9] INFO  com.intuit.karate - [print] [
  "inspire@gbo-provincies.nl",
  "inspire@gbo-provincies.nl",
  "inspire@gbo-provincies.nl"
]

14:45:05.218 [ForkJoinPool-1-worker-9] INFO  com.intuit.karate - [print] organisation: [
  "Interprovinciaal Overleg",
  "Interprovinciaal Overleg",
  "Interprovinciaal Overleg"
]

14:45:05.222 [ForkJoinPool-1-worker-9] INFO  com.intuit.karate - [print] [
  "http://www.opengis.net/def/crs/EPSG/0/http://www.opengis.net/def/crs/EPSG/0/3034",
  "http://nationaalgeoregister.nl/geonetwork/srv/dut/csw?SERVICE=CSW&version=2.0.2&REQUEST=GetRecordById&elementSetName=full&OutputSchema=http://www.isotc211.org/2005/gmd&ID=0f128799-cf18-4b37-a721-e62b068191f5",
  "https://creativecommons.org/publicdomain/mark/*/deed.nl",
  ""
]

14:45:05.231 [ForkJoinPool-1-worker-9] INFO  com.intuit.karate - [print]
14:45:05.232 [ForkJoinPool-1-worker-9] INFO  com.intuit.karate - [print] testing xlinkurl:http://www.opengis.net/def/crs/EPSG/0/http://www.opengis.net/def/crs/EPSG/0/3034
14:45:05.322 [ForkJoinPool-1-worker-11] INFO  com.intuit.karate - [print] title:Provinciale monumenten
14:45:05.322 [ForkJoinPool-1-worker-11] INFO  com.intuit.karate - [print] Provinciale monumenten
14:45:05.323 [ForkJoinPool-1-worker-11] INFO  com.intuit.karate - [print] [
  "inspire@gbo-provincies.nl",
  "inspire@gbo-provincies.nl",
  "inspire@gbo-provincies.nl"
]

14:45:05.325 [ForkJoinPool-1-worker-11] INFO  com.intuit.karate - [print] organisation: [
  "Interprovinciaal Overleg",
  "Interprovinciaal Overleg",
  "Interprovinciaal Overleg"
]

14:45:05.330 [ForkJoinPool-1-worker-11] INFO  com.intuit.karate - [print] [
  "http://www.opengis.net/def/crs/EPSG/0/http://www.opengis.net/def/crs/EPSG/0/3034",
  "http://nationaalgeoregister.nl/geonetwork/srv/dut/csw?SERVICE=CSW&version=2.0.2&REQUEST=GetRecordById&elementSetName=full&OutputSchema=http://www.isotc211.org/2005/gmd&ID=ca94a0cb-7561-4a10-a7d6-b840e56c33ff",
  "https://creativecommons.org/publicdomain/mark/*/deed.nl",
  ""
]

14:45:05.335 [ForkJoinPool-1-worker-11] INFO  com.intuit.karate - [print]
14:45:05.336 [ForkJoinPool-1-worker-11] INFO  com.intuit.karate - [print] testing xlinkurl:http://www.opengis.net/def/crs/EPSG/0/http://www.opengis.net/def/crs/EPSG/0/3034
14:45:05.339 [ForkJoinPool-1-worker-5] ERROR com.intuit.karate - status code was: 500, expected: 200, response time: 297, url: https://ngr.geocat.live/geonetwork/srv/eng/thesaurus.download?ref=external.theme.httpinspireeceuropaeumetadatacodelistPrioritydataset-Prioritydataset, response: 
14:45:05.339 [ForkJoinPool-1-worker-5] ERROR com.intuit.karate - feature call (loop) failed at index: 2
caller: classpath:InspireTest/ngr/datasetrecords/def/checkxlinkurl.template.feature
arg: {"link":"https://ngr.geocat.live/geonetwork/srv/eng/thesaurus.download?ref=external.theme.httpinspireeceuropaeumetadatacodelistPrioritydataset-Prioritydataset"}
checkxlinkurl.template.feature:15 - status code was: 500, expected: 200, response time: 297, url: https://ngr.geocat.live/geonetwork/srv/eng/thesaurus.download?ref=external.theme.httpinspireeceuropaeumetadatacodelistPrioritydataset-Prioritydataset, response: 
14:45:05.342 [ForkJoinPool-1-worker-5] INFO  com.intuit.karate - [print]
14:45:05.343 [ForkJoinPool-1-worker-5] INFO  com.intuit.karate - [print] testing xlinkurl:urn:ogc:def:crs:EPSG::5709
14:45:05.343 [ForkJoinPool-1-worker-5] ERROR com.intuit.karate - org.apache.http.client.ClientProtocolException: URI does not specify a valid host name: urn:ogc:def:crs:EPSG::5709, http call failed after 0 milliseconds for URL: urn:ogc:def:crs:EPSG::5709
14:45:05.343 [ForkJoinPool-1-worker-5] ERROR com.intuit.karate - http request failed: 
org.apache.http.client.ClientProtocolException: URI does not specify a valid host name: urn:ogc:def:crs:EPSG::5709
14:45:05.343 [ForkJoinPool-1-worker-5] ERROR com.intuit.karate - feature call (loop) failed at index: 3
caller: classpath:InspireTest/ngr/datasetrecords/def/checkxlinkurl.template.feature
arg: {"link":"urn:ogc:def:crs:EPSG::5709"}
checkxlinkurl.template.feature:14 - 
org.apache.http.client.ClientProtocolException: URI does not specify a valid host name: urn:ogc:def:crs:EPSG::5709
14:45:05.453 [ForkJoinPool-1-worker-3] ERROR com.intuit.karate - status code was: 500, expected: 200, response time: 298, url: https://www.nationaalgeoregister.nl/geonetwork/srv/api/records4617f0e0-6af4-4ac0-9044-31df9d03071c, response: 
14:45:05.453 [ForkJoinPool-1-worker-3] ERROR com.intuit.karate - feature call (loop) failed at index: 1
caller: classpath:InspireTest/ngr/datasetrecords/def/checkxlinkurl.template.feature
arg: {"link":"https://www.nationaalgeoregister.nl/geonetwork/srv/api/records4617f0e0-6af4-4ac0-9044-31df9d03071c"}
checkxlinkurl.template.feature:15 - status code was: 500, expected: 200, response time: 298, url: https://www.nationaalgeoregister.nl/geonetwork/srv/api/records4617f0e0-6af4-4ac0-9044-31df9d03071c, response: 
14:45:05.522 [ForkJoinPool-1-worker-9] INFO  com.intuit.karate - [print]
14:45:05.522 [ForkJoinPool-1-worker-9] INFO  com.intuit.karate - [print] testing xlinkurl:http://nationaalgeoregister.nl/geonetwork/srv/dut/csw?SERVICE=CSW&version=2.0.2&REQUEST=GetRecordById&elementSetName=full&OutputSchema=http://www.isotc211.org/2005/gmd&ID=0f128799-cf18-4b37-a721-e62b068191f5
14:45:05.574 [ForkJoinPool-1-worker-7] INFO  com.intuit.karate - [print] title:Netwerk van KNMI waarneemstations
14:45:05.575 [ForkJoinPool-1-worker-7] INFO  com.intuit.karate - [print] Netwerk van KNMI waarneemstations
14:45:05.584 [ForkJoinPool-1-worker-7] INFO  com.intuit.karate - [print] [
  "datacentrum@knmi.nl",
  "datacentrum@knmi.nl",
  "datacentrum@knmi.nl"
]

14:45:05.587 [ForkJoinPool-1-worker-7] INFO  com.intuit.karate - [print] organisation: [
  "Koninklijk Nederlands Meteorologisch Instituut (KNMI)",
  "Koninklijk Nederlands Meteorologisch Instituut (KNMI)",
  "Koninklijk Nederlands Meteorologisch Instituut (KNMI)"
]

14:45:05.607 [ForkJoinPool-1-worker-7] INFO  com.intuit.karate - [print] [
  "https://www.nationaalgeoregister.nl/geonetwork/srv/api/records6c6be9c5-b09b-4dcf-a5fd-f149cbaca6fb",
  "https://creativecommons.org/publicdomain/zero/*/deed.nl"
]

14:45:05.622 [ForkJoinPool-1-worker-7] INFO  com.intuit.karate - [print]
14:45:05.622 [ForkJoinPool-1-worker-7] INFO  com.intuit.karate - [print] testing xlinkurl:https://www.nationaalgeoregister.nl/geonetwork/srv/api/records6c6be9c5-b09b-4dcf-a5fd-f149cbaca6fb
14:45:05.624 [ForkJoinPool-1-worker-11] INFO  com.intuit.karate - [print]
14:45:05.624 [ForkJoinPool-1-worker-11] INFO  com.intuit.karate - [print] testing xlinkurl:http://nationaalgeoregister.nl/geonetwork/srv/dut/csw?SERVICE=CSW&version=2.0.2&REQUEST=GetRecordById&elementSetName=full&OutputSchema=http://www.isotc211.org/2005/gmd&ID=ca94a0cb-7561-4a10-a7d6-b840e56c33ff
14:45:05.897 [ForkJoinPool-1-worker-5] INFO  com.intuit.karate - [print] title:Aardkundige waarden
14:45:05.898 [ForkJoinPool-1-worker-5] INFO  com.intuit.karate - [print] Aardkundige waarden
14:45:05.899 [ForkJoinPool-1-worker-5] INFO  com.intuit.karate - [print] [
  "inspire@gbo-provincies.nl",
  "inspire@gbo-provincies.nl",
  "inspire@gbo-provincies.nl"
]

14:45:05.901 [ForkJoinPool-1-worker-5] INFO  com.intuit.karate - [print] organisation: [
  "Interprovinciaal Overleg",
  "Interprovinciaal Overleg",
  "Interprovinciaal Overleg"
]

14:45:05.917 [ForkJoinPool-1-worker-5] INFO  com.intuit.karate - [print] [
  "http://www.opengis.net/def/crs/EPSG/0/http://www.opengis.net/def/crs/EPSG/0/3034",
  "http://nationaalgeoregister.nl/geonetwork/srv/dut/csw?SERVICE=CSW&version=2.0.2&REQUEST=GetRecordById&elementSetName=full&OutputSchema=http://www.isotc211.org/2005/gmd&ID=f002bfc5-7d87-46b6-819e-8415422b65c9",
  "https://creativecommons.org/publicdomain/mark/*/deed.nl",
  ""
]

14:45:05.922 [ForkJoinPool-1-worker-7] ERROR com.intuit.karate - status code was: 500, expected: 200, response time: 299, url: https://www.nationaalgeoregister.nl/geonetwork/srv/api/records6c6be9c5-b09b-4dcf-a5fd-f149cbaca6fb, response: 
14:45:05.923 [ForkJoinPool-1-worker-7] ERROR com.intuit.karate - feature call (loop) failed at index: 0
caller: classpath:InspireTest/ngr/datasetrecords/def/checkxlinkurl.template.feature
arg: {"link":"https://www.nationaalgeoregister.nl/geonetwork/srv/api/records6c6be9c5-b09b-4dcf-a5fd-f149cbaca6fb"}
checkxlinkurl.template.feature:15 - status code was: 500, expected: 200, response time: 299, url: https://www.nationaalgeoregister.nl/geonetwork/srv/api/records6c6be9c5-b09b-4dcf-a5fd-f149cbaca6fb, response: 
14:45:05.924 [ForkJoinPool-1-worker-7] INFO  com.intuit.karate - [print]
14:45:05.924 [ForkJoinPool-1-worker-7] INFO  com.intuit.karate - [print] testing xlinkurl:https://creativecommons.org/publicdomain/zero/*/deed.nl
14:45:05.941 [ForkJoinPool-1-worker-5] INFO  com.intuit.karate - [print]
14:45:05.941 [ForkJoinPool-1-worker-5] INFO  com.intuit.karate - [print] testing xlinkurl:http://www.opengis.net/def/crs/EPSG/0/http://www.opengis.net/def/crs/EPSG/0/3034
14:45:05.952 [ForkJoinPool-1-worker-7] ERROR com.intuit.karate - status code was: 404, expected: 200, response time: 28, url: https://creativecommons.org/publicdomain/zero/*/deed.nl, response: 
14:45:05.952 [ForkJoinPool-1-worker-7] ERROR com.intuit.karate - feature call (loop) failed at index: 1
caller: classpath:InspireTest/ngr/datasetrecords/def/checkxlinkurl.template.feature
arg: {"link":"https://creativecommons.org/publicdomain/zero/*/deed.nl"}
checkxlinkurl.template.feature:15 - status code was: 404, expected: 200, response time: 28, url: https://creativecommons.org/publicdomain/zero/*/deed.nl, response: 
14:45:05.965 [ForkJoinPool-1-worker-9] INFO  com.intuit.karate - [print]
14:45:05.965 [ForkJoinPool-1-worker-9] INFO  com.intuit.karate - [print] testing xlinkurl:https://creativecommons.org/publicdomain/mark/*/deed.nl
14:45:05.997 [ForkJoinPool-1-worker-9] ERROR com.intuit.karate - status code was: 404, expected: 200, response time: 31, url: https://creativecommons.org/publicdomain/mark/*/deed.nl, response: 
14:45:05.997 [ForkJoinPool-1-worker-9] ERROR com.intuit.karate - feature call (loop) failed at index: 2
caller: classpath:InspireTest/ngr/datasetrecords/def/checkxlinkurl.template.feature
arg: {"link":"https://creativecommons.org/publicdomain/mark/*/deed.nl"}
checkxlinkurl.template.feature:15 - status code was: 404, expected: 200, response time: 31, url: https://creativecommons.org/publicdomain/mark/*/deed.nl, response: 
14:45:05.998 [ForkJoinPool-1-worker-9] INFO  com.intuit.karate - [print]
14:45:05.998 [ForkJoinPool-1-worker-9] INFO  com.intuit.karate - [print] testing xlinkurl:
14:45:05.998 [ForkJoinPool-1-worker-9] ERROR com.intuit.karate - org.apache.http.client.ClientProtocolException, http call failed after 0 milliseconds for URL: 
14:45:05.998 [ForkJoinPool-1-worker-9] ERROR com.intuit.karate - http request failed: 
org.apache.http.client.ClientProtocolException
14:45:05.998 [ForkJoinPool-1-worker-9] ERROR com.intuit.karate - feature call (loop) failed at index: 3
caller: classpath:InspireTest/ngr/datasetrecords/def/checkxlinkurl.template.feature
arg: {"link":""}
checkxlinkurl.template.feature:14 - 
org.apache.http.client.ClientProtocolException
14:45:06.019 [ForkJoinPool-1-worker-3] INFO  com.intuit.karate - [print] title:zoutvelden en zoutproductieputten onder INSPIRE
14:45:06.020 [ForkJoinPool-1-worker-3] INFO  com.intuit.karate - [print] zoutvelden en zoutproductieputten onder INSPIRE
14:45:06.021 [ForkJoinPool-1-worker-3] INFO  com.intuit.karate - [print] [
  "info@dinoloket.nl",
  "info@dinoloket.nl",
  "info@dinoloket.nl"
]

14:45:06.023 [ForkJoinPool-1-worker-3] INFO  com.intuit.karate - [print] organisation: [
  "TNO Geologische Dienst Nederland",
  "TNO Geologische Dienst Nederland",
  "TNO Geologische Dienst Nederland"
]

14:45:06.032 [ForkJoinPool-1-worker-3] INFO  com.intuit.karate - [print] [
  "https://nationaalgeoregister.nl/geonetwork/srv/resourcesce4a6d93-83d6-4397-afa1-d4117d5ce76b",
  "http://rdfdata.eionet.europa.eu/inspirethemes/themes/34",
  "http://geonetwork-opensource.org/inspire-theme#",
  "https://www.nationaalgeoregister.nl/geonetwork/srv/eng/thesaurus.download?ref=external.theme.inspire-theme"
]

14:45:06.038 [ForkJoinPool-1-worker-3] INFO  com.intuit.karate - [print]
14:45:06.039 [ForkJoinPool-1-worker-3] INFO  com.intuit.karate - [print] testing xlinkurl:https://nationaalgeoregister.nl/geonetwork/srv/resourcesce4a6d93-83d6-4397-afa1-d4117d5ce76b
14:45:06.070 [ForkJoinPool-1-worker-11] INFO  com.intuit.karate - [print]
14:45:06.070 [ForkJoinPool-1-worker-11] INFO  com.intuit.karate - [print] testing xlinkurl:https://creativecommons.org/publicdomain/mark/*/deed.nl
14:45:06.104 [ForkJoinPool-1-worker-11] ERROR com.intuit.karate - status code was: 404, expected: 200, response time: 31, url: https://creativecommons.org/publicdomain/mark/*/deed.nl, response: 
14:45:06.104 [ForkJoinPool-1-worker-11] ERROR com.intuit.karate - feature call (loop) failed at index: 2
caller: classpath:InspireTest/ngr/datasetrecords/def/checkxlinkurl.template.feature
arg: {"link":"https://creativecommons.org/publicdomain/mark/*/deed.nl"}
checkxlinkurl.template.feature:15 - status code was: 404, expected: 200, response time: 31, url: https://creativecommons.org/publicdomain/mark/*/deed.nl, response: 
14:45:06.105 [ForkJoinPool-1-worker-11] INFO  com.intuit.karate - [print]
14:45:06.105 [ForkJoinPool-1-worker-11] INFO  com.intuit.karate - [print] testing xlinkurl:
14:45:06.105 [ForkJoinPool-1-worker-11] ERROR com.intuit.karate - org.apache.http.client.ClientProtocolException, http call failed after 0 milliseconds for URL: 
14:45:06.105 [ForkJoinPool-1-worker-11] ERROR com.intuit.karate - http request failed: 
org.apache.http.client.ClientProtocolException
14:45:06.105 [ForkJoinPool-1-worker-11] ERROR com.intuit.karate - feature call (loop) failed at index: 3
caller: classpath:InspireTest/ngr/datasetrecords/def/checkxlinkurl.template.feature
arg: {"link":""}
checkxlinkurl.template.feature:14 - 
org.apache.http.client.ClientProtocolException
14:45:06.237 [ForkJoinPool-1-worker-5] INFO  com.intuit.karate - [print]
14:45:06.238 [ForkJoinPool-1-worker-5] INFO  com.intuit.karate - [print] testing xlinkurl:http://nationaalgeoregister.nl/geonetwork/srv/dut/csw?SERVICE=CSW&version=2.0.2&REQUEST=GetRecordById&elementSetName=full&OutputSchema=http://www.isotc211.org/2005/gmd&ID=f002bfc5-7d87-46b6-819e-8415422b65c9
14:45:06.305 [ForkJoinPool-1-worker-3] ERROR com.intuit.karate - status code was: 404, expected: 200, response time: 265, url: https://nationaalgeoregister.nl/geonetwork/srv/resourcesce4a6d93-83d6-4397-afa1-d4117d5ce76b, response: 
14:45:06.306 [ForkJoinPool-1-worker-3] ERROR com.intuit.karate - feature call (loop) failed at index: 0
caller: classpath:InspireTest/ngr/datasetrecords/def/checkxlinkurl.template.feature
arg: {"link":"https://nationaalgeoregister.nl/geonetwork/srv/resourcesce4a6d93-83d6-4397-afa1-d4117d5ce76b"}
checkxlinkurl.template.feature:15 - status code was: 404, expected: 200, response time: 265, url: https://nationaalgeoregister.nl/geonetwork/srv/resourcesce4a6d93-83d6-4397-afa1-d4117d5ce76b, response: 
14:45:06.307 [ForkJoinPool-1-worker-3] INFO  com.intuit.karate - [print]
14:45:06.307 [ForkJoinPool-1-worker-3] INFO  com.intuit.karate - [print] testing xlinkurl:http://rdfdata.eionet.europa.eu/inspirethemes/themes/34
14:45:06.487 [ForkJoinPool-1-worker-7] INFO  com.intuit.karate - [print] title:Potentieel koude en warmte uit open en gesloten WKO systemen (GJ/ha.jaar)
14:45:06.488 [ForkJoinPool-1-worker-7] INFO  com.intuit.karate - [print] Potentieel koude en warmte uit open en gesloten WKO systemen (GJ/ha.jaar)
14:45:06.490 [ForkJoinPool-1-worker-7] INFO  com.intuit.karate - [print] [
  "geodatabeheer.giscc@rvo.nl",
  "geodatabeheer.giscc@rvo.nl",
  "geodatabeheer.giscc@rvo.nl"
]

14:45:06.491 [ForkJoinPool-1-worker-7] INFO  com.intuit.karate - [print] organisation: [
  "Ministerie van Economische Zaken - GIS Competence Center",
  "Ministerie van Economische Zaken - GIS Competence Center"
]

14:45:06.498 [ForkJoinPool-1-worker-3] ERROR com.intuit.karate - status code was: 404, expected: 200, response time: 191, url: http://rdfdata.eionet.europa.eu/inspirethemes/themes/34, response: 
14:45:06.498 [ForkJoinPool-1-worker-3] ERROR com.intuit.karate - feature call (loop) failed at index: 1
caller: classpath:InspireTest/ngr/datasetrecords/def/checkxlinkurl.template.feature
arg: {"link":"http://rdfdata.eionet.europa.eu/inspirethemes/themes/34"}
checkxlinkurl.template.feature:15 - status code was: 404, expected: 200, response time: 191, url: http://rdfdata.eionet.europa.eu/inspirethemes/themes/34, response: 
14:45:06.499 [ForkJoinPool-1-worker-3] INFO  com.intuit.karate - [print]
14:45:06.499 [ForkJoinPool-1-worker-3] INFO  com.intuit.karate - [print] testing xlinkurl:http://geonetwork-opensource.org/inspire-theme#
14:45:06.503 [ForkJoinPool-1-worker-7] INFO  com.intuit.karate - [print] [
  "https://nationaalgeoregister.nl/geonetwork/srv/dut/catalog.search#/metadata/dc5b522e-3e14-4738-9e8e-2401e1b19ef2"
]

14:45:06.507 [ForkJoinPool-1-worker-7] INFO  com.intuit.karate - [print]
14:45:06.507 [ForkJoinPool-1-worker-7] INFO  com.intuit.karate - [print] testing xlinkurl:https://nationaalgeoregister.nl/geonetwork/srv/dut/catalog.search#/metadata/dc5b522e-3e14-4738-9e8e-2401e1b19ef2
14:45:06.580 [ForkJoinPool-1-worker-9] INFO  com.intuit.karate - [print] title:Werelderfgoed
14:45:06.581 [ForkJoinPool-1-worker-9] INFO  com.intuit.karate - [print] Werelderfgoed
14:45:06.582 [ForkJoinPool-1-worker-9] INFO  com.intuit.karate - [print] [
  "info@cultureelerfgoed.nl",
  "info@cultureelerfgoed.nl",
  "info@cultureelerfgoed.nl"
]

14:45:06.584 [ForkJoinPool-1-worker-9] INFO  com.intuit.karate - [print] organisation: [
  "Rijksdienst voor het Cultureel Erfgoed",
  "Rijksdienst voor het Cultureel Erfgoed",
  "Rijksdienst voor het Cultureel Erfgoed"
]

14:45:06.589 [ForkJoinPool-1-worker-9] INFO  com.intuit.karate - [print] [
  "http://services.rce.geovoorziening.nl/www/download/nl.xml"
]

14:45:06.595 [ForkJoinPool-1-worker-9] INFO  com.intuit.karate - [print]
14:45:06.596 [ForkJoinPool-1-worker-9] INFO  com.intuit.karate - [print] testing xlinkurl:http://services.rce.geovoorziening.nl/www/download/nl.xml
14:45:06.623 [ForkJoinPool-1-worker-11] INFO  com.intuit.karate - [print] title:Hydrografie
14:45:06.624 [ForkJoinPool-1-worker-11] INFO  com.intuit.karate - [print] Hydrografie
14:45:06.625 [ForkJoinPool-1-worker-11] INFO  com.intuit.karate - [print] [
  "PPB-GVA@kadaster.nl",
  "kcc@kadaster.nl",
  "kcc@kadaster.nl"
]

14:45:06.627 [ForkJoinPool-1-worker-11] INFO  com.intuit.karate - [print] organisation: [
  "Kadaster",
  "Kadaster",
  "Kadaster"
]

14:45:06.632 [ForkJoinPool-1-worker-11] INFO  com.intuit.karate - [print] [
  "http://kadaster/06b6c650-cdb1-11dd-ad8b-0800200c9a80"
]

14:45:06.636 [ForkJoinPool-1-worker-11] INFO  com.intuit.karate - [print]
14:45:06.636 [ForkJoinPool-1-worker-11] INFO  com.intuit.karate - [print] testing xlinkurl:http://kadaster/06b6c650-cdb1-11dd-ad8b-0800200c9a80
14:45:06.638 [ForkJoinPool-1-worker-11] ERROR com.intuit.karate - java.net.UnknownHostException: kadaster, http call failed after 1 milliseconds for URL: http://kadaster/06b6c650-cdb1-11dd-ad8b-0800200c9a80
14:45:06.638 [ForkJoinPool-1-worker-11] ERROR com.intuit.karate - http request failed: 
java.net.UnknownHostException: kadaster
14:45:06.639 [ForkJoinPool-1-worker-11] ERROR com.intuit.karate - feature call (loop) failed at index: 0
caller: classpath:InspireTest/ngr/datasetrecords/def/checkxlinkurl.template.feature
arg: {"link":"http://kadaster/06b6c650-cdb1-11dd-ad8b-0800200c9a80"}
checkxlinkurl.template.feature:14 - 
java.net.UnknownHostException: kadaster
14:45:06.780 [ForkJoinPool-1-worker-5] INFO  com.intuit.karate - [print]
14:45:06.781 [ForkJoinPool-1-worker-5] INFO  com.intuit.karate - [print] testing xlinkurl:https://creativecommons.org/publicdomain/mark/*/deed.nl
14:45:06.827 [ForkJoinPool-1-worker-5] ERROR com.intuit.karate - status code was: 404, expected: 200, response time: 46, url: https://creativecommons.org/publicdomain/mark/*/deed.nl, response: 
14:45:06.828 [ForkJoinPool-1-worker-5] ERROR com.intuit.karate - feature call (loop) failed at index: 2
caller: classpath:InspireTest/ngr/datasetrecords/def/checkxlinkurl.template.feature
arg: {"link":"https://creativecommons.org/publicdomain/mark/*/deed.nl"}
checkxlinkurl.template.feature:15 - status code was: 404, expected: 200, response time: 46, url: https://creativecommons.org/publicdomain/mark/*/deed.nl, response: 
14:45:06.830 [ForkJoinPool-1-worker-5] INFO  com.intuit.karate - [print]
14:45:06.831 [ForkJoinPool-1-worker-5] INFO  com.intuit.karate - [print] testing xlinkurl:
14:45:06.831 [ForkJoinPool-1-worker-5] ERROR com.intuit.karate - org.apache.http.client.ClientProtocolException, http call failed after 0 milliseconds for URL: 
14:45:06.832 [ForkJoinPool-1-worker-5] ERROR com.intuit.karate - http request failed: 
org.apache.http.client.ClientProtocolException
14:45:06.833 [ForkJoinPool-1-worker-5] ERROR com.intuit.karate - feature call (loop) failed at index: 3
caller: classpath:InspireTest/ngr/datasetrecords/def/checkxlinkurl.template.feature
arg: {"link":""}
checkxlinkurl.template.feature:14 - 
org.apache.http.client.ClientProtocolException
14:45:07.068 [ForkJoinPool-1-worker-3] ERROR com.intuit.karate - status code was: 404, expected: 200, response time: 382, url: http://geonetwork-opensource.org/inspire-theme#, response: 
14:45:07.069 [ForkJoinPool-1-worker-3] ERROR com.intuit.karate - feature call (loop) failed at index: 2
caller: classpath:InspireTest/ngr/datasetrecords/def/checkxlinkurl.template.feature
arg: {"link":"http://geonetwork-opensource.org/inspire-theme#"}
checkxlinkurl.template.feature:15 - status code was: 404, expected: 200, response time: 382, url: http://geonetwork-opensource.org/inspire-theme#, response: 
14:45:07.071 [ForkJoinPool-1-worker-3] INFO  com.intuit.karate - [print]
14:45:07.071 [ForkJoinPool-1-worker-3] INFO  com.intuit.karate - [print] testing xlinkurl:https://www.nationaalgeoregister.nl/geonetwork/srv/eng/thesaurus.download?ref=external.theme.inspire-theme
14:45:07.206 [ForkJoinPool-1-worker-11] INFO  com.intuit.karate - [print] title:Afgevoerde hoeveelheid afval in 2011 vanuit de industrie
14:45:07.207 [ForkJoinPool-1-worker-11] INFO  com.intuit.karate - [print] Afgevoerde hoeveelheid afval in 2011 vanuit de industrie
14:45:07.208 [ForkJoinPool-1-worker-11] INFO  com.intuit.karate - [print] [
  "emissieregistratie@rivm.nl",
  "",
  "emissieregistratie@rivm.nl"
]

14:45:07.210 [ForkJoinPool-1-worker-11] INFO  com.intuit.karate - [print] organisation: no organisationName found in dataset record
14:45:07.214 [ForkJoinPool-1-worker-11] INFO  com.intuit.karate - [print] [
  "https://data.rivm.nl/inspire/id#90bab79d-5f92-4aaa-8edc-99195438ef65"
]

14:45:07.219 [ForkJoinPool-1-worker-11] INFO  com.intuit.karate - [print]
14:45:07.220 [ForkJoinPool-1-worker-11] INFO  com.intuit.karate - [print] testing xlinkurl:https://data.rivm.nl/inspire/id#90bab79d-5f92-4aaa-8edc-99195438ef65
14:45:07.359 [ForkJoinPool-1-worker-7] INFO  com.intuit.karate - [print] title:Luchtfoto 2019 25cm RGB open data
14:45:07.359 [ForkJoinPool-1-worker-7] INFO  com.intuit.karate - [print] Luchtfoto 2019 25cm RGB open data
14:45:07.361 [ForkJoinPool-1-worker-7] INFO  com.intuit.karate - [print] [
  "PPB-GVA@kadaster.nl",
  "info@hetwaterschapshuis.nl",
  "kcc@kadaster.nl",
  "",
  "",
  "",
  "",
  "",
  ""
]

14:45:07.362 [ForkJoinPool-1-worker-7] INFO  com.intuit.karate - [print] organisation: [
  "Kadaster",
  "Het Waterschapshuis",
  "Kadaster",
  "Geocart",
  "Geocart",
  "Geocart",
  "Kadaster",
  "Kadaster"
]

14:45:07.366 [ForkJoinPool-1-worker-7] INFO  com.intuit.karate - [print] [
  "http://kadaster/2482250f-3b00-4439-9f93-f3118229b023",
  "",
  "",
  ""
]

14:45:07.370 [ForkJoinPool-1-worker-7] INFO  com.intuit.karate - [print]
14:45:07.370 [ForkJoinPool-1-worker-7] INFO  com.intuit.karate - [print] testing xlinkurl:http://kadaster/2482250f-3b00-4439-9f93-f3118229b023
14:45:07.371 [ForkJoinPool-1-worker-7] ERROR com.intuit.karate - java.net.UnknownHostException: kadaster, http call failed after 1 milliseconds for URL: http://kadaster/2482250f-3b00-4439-9f93-f3118229b023
14:45:07.371 [ForkJoinPool-1-worker-7] ERROR com.intuit.karate - http request failed: 
java.net.UnknownHostException: kadaster
14:45:07.371 [ForkJoinPool-1-worker-7] ERROR com.intuit.karate - feature call (loop) failed at index: 0
caller: classpath:InspireTest/ngr/datasetrecords/def/checkxlinkurl.template.feature
arg: {"link":"http://kadaster/2482250f-3b00-4439-9f93-f3118229b023"}
checkxlinkurl.template.feature:14 - 
java.net.UnknownHostException: kadaster
14:45:07.371 [ForkJoinPool-1-worker-7] INFO  com.intuit.karate - [print]
14:45:07.372 [ForkJoinPool-1-worker-7] INFO  com.intuit.karate - [print] testing xlinkurl:
14:45:07.372 [ForkJoinPool-1-worker-7] ERROR com.intuit.karate - org.apache.http.client.ClientProtocolException, http call failed after 0 milliseconds for URL: 
14:45:07.372 [ForkJoinPool-1-worker-7] ERROR com.intuit.karate - http request failed: 
org.apache.http.client.ClientProtocolException
14:45:07.372 [ForkJoinPool-1-worker-7] ERROR com.intuit.karate - feature call (loop) failed at index: 1
caller: classpath:InspireTest/ngr/datasetrecords/def/checkxlinkurl.template.feature
arg: {"link":""}
checkxlinkurl.template.feature:14 - 
org.apache.http.client.ClientProtocolException
14:45:07.373 [ForkJoinPool-1-worker-7] INFO  com.intuit.karate - [print]
14:45:07.373 [ForkJoinPool-1-worker-7] INFO  com.intuit.karate - [print] testing xlinkurl:
14:45:07.373 [ForkJoinPool-1-worker-7] ERROR com.intuit.karate - org.apache.http.client.ClientProtocolException, http call failed after 0 milliseconds for URL: 
14:45:07.373 [ForkJoinPool-1-worker-7] ERROR com.intuit.karate - http request failed: 
org.apache.http.client.ClientProtocolException
14:45:07.374 [ForkJoinPool-1-worker-3] ERROR com.intuit.karate - status code was: 500, expected: 200, response time: 302, url: https://www.nationaalgeoregister.nl/geonetwork/srv/eng/thesaurus.download?ref=external.theme.inspire-theme, response: 
14:45:07.374 [ForkJoinPool-1-worker-3] ERROR com.intuit.karate - feature call (loop) failed at index: 3
caller: classpath:InspireTest/ngr/datasetrecords/def/checkxlinkurl.template.feature
arg: {"link":"https://www.nationaalgeoregister.nl/geonetwork/srv/eng/thesaurus.download?ref=external.theme.inspire-theme"}
checkxlinkurl.template.feature:15 - status code was: 500, expected: 200, response time: 302, url: https://www.nationaalgeoregister.nl/geonetwork/srv/eng/thesaurus.download?ref=external.theme.inspire-theme, response: 
14:45:07.376 [ForkJoinPool-1-worker-7] ERROR com.intuit.karate - feature call (loop) failed at index: 2
caller: classpath:InspireTest/ngr/datasetrecords/def/checkxlinkurl.template.feature
arg: {"link":""}
checkxlinkurl.template.feature:14 - 
org.apache.http.client.ClientProtocolException
14:45:07.376 [ForkJoinPool-1-worker-7] INFO  com.intuit.karate - [print]
14:45:07.376 [ForkJoinPool-1-worker-7] INFO  com.intuit.karate - [print] testing xlinkurl:
14:45:07.377 [ForkJoinPool-1-worker-7] ERROR com.intuit.karate - org.apache.http.client.ClientProtocolException, http call failed after 0 milliseconds for URL: 
14:45:07.377 [ForkJoinPool-1-worker-7] ERROR com.intuit.karate - http request failed: 
org.apache.http.client.ClientProtocolException
14:45:07.377 [ForkJoinPool-1-worker-7] ERROR com.intuit.karate - feature call (loop) failed at index: 3
caller: classpath:InspireTest/ngr/datasetrecords/def/checkxlinkurl.template.feature
arg: {"link":""}
checkxlinkurl.template.feature:14 - 
org.apache.http.client.ClientProtocolException
14:45:07.416 [ForkJoinPool-1-worker-5] INFO  com.intuit.karate - [print] title:Luchtfoto 2016 25cm RGB open data
14:45:07.416 [ForkJoinPool-1-worker-5] INFO  com.intuit.karate - [print] Luchtfoto 2016 25cm RGB open data
14:45:07.417 [ForkJoinPool-1-worker-5] INFO  com.intuit.karate - [print] [
  "PPB-GVA@kadaster.nl",
  "info@hetwaterschapshuis.nl",
  "kcc@kadaster.nl",
  "",
  "",
  "",
  "",
  "",
  ""
]

14:45:07.418 [ForkJoinPool-1-worker-5] INFO  com.intuit.karate - [print] organisation: [
  "Kadaster",
  "Het Waterschapshuis",
  "Kadaster",
  "Eurosense",
  "Eurosense",
  "Eurosense",
  "Kadaster",
  "Kadaster"
]

14:45:07.427 [ForkJoinPool-1-worker-5] INFO  com.intuit.karate - [print] [
  "http://kadaster/2482250f-3b00-4439-9f93-f3118229b014",
  "",
  "",
  ""
]

14:45:07.445 [ForkJoinPool-1-worker-5] INFO  com.intuit.karate - [print]
14:45:07.445 [ForkJoinPool-1-worker-5] INFO  com.intuit.karate - [print] testing xlinkurl:http://kadaster/2482250f-3b00-4439-9f93-f3118229b014
14:45:07.446 [ForkJoinPool-1-worker-5] ERROR com.intuit.karate - java.net.UnknownHostException: kadaster, http call failed after 0 milliseconds for URL: http://kadaster/2482250f-3b00-4439-9f93-f3118229b014
14:45:07.447 [ForkJoinPool-1-worker-5] ERROR com.intuit.karate - http request failed: 
java.net.UnknownHostException: kadaster
14:45:07.447 [ForkJoinPool-1-worker-5] ERROR com.intuit.karate - feature call (loop) failed at index: 0
caller: classpath:InspireTest/ngr/datasetrecords/def/checkxlinkurl.template.feature
arg: {"link":"http://kadaster/2482250f-3b00-4439-9f93-f3118229b014"}
checkxlinkurl.template.feature:14 - 
java.net.UnknownHostException: kadaster
14:45:07.448 [ForkJoinPool-1-worker-5] INFO  com.intuit.karate - [print]
14:45:07.449 [ForkJoinPool-1-worker-5] INFO  com.intuit.karate - [print] testing xlinkurl:
14:45:07.449 [ForkJoinPool-1-worker-5] ERROR com.intuit.karate - org.apache.http.client.ClientProtocolException, http call failed after 0 milliseconds for URL: 
14:45:07.449 [ForkJoinPool-1-worker-5] ERROR com.intuit.karate - http request failed: 
org.apache.http.client.ClientProtocolException
14:45:07.455 [ForkJoinPool-1-worker-5] ERROR com.intuit.karate - feature call (loop) failed at index: 1
caller: classpath:InspireTest/ngr/datasetrecords/def/checkxlinkurl.template.feature
arg: {"link":""}
checkxlinkurl.template.feature:14 - 
org.apache.http.client.ClientProtocolException
14:45:07.456 [ForkJoinPool-1-worker-5] INFO  com.intuit.karate - [print]
14:45:07.457 [ForkJoinPool-1-worker-5] INFO  com.intuit.karate - [print] testing xlinkurl:
14:45:07.458 [ForkJoinPool-1-worker-5] ERROR com.intuit.karate - org.apache.http.client.ClientProtocolException, http call failed after 0 milliseconds for URL: 
14:45:07.458 [ForkJoinPool-1-worker-5] ERROR com.intuit.karate - http request failed: 
org.apache.http.client.ClientProtocolException
14:45:07.459 [ForkJoinPool-1-worker-5] ERROR com.intuit.karate - feature call (loop) failed at index: 2
caller: classpath:InspireTest/ngr/datasetrecords/def/checkxlinkurl.template.feature
arg: {"link":""}
checkxlinkurl.template.feature:14 - 
org.apache.http.client.ClientProtocolException
14:45:07.460 [ForkJoinPool-1-worker-5] INFO  com.intuit.karate - [print]
14:45:07.460 [ForkJoinPool-1-worker-5] INFO  com.intuit.karate - [print] testing xlinkurl:
14:45:07.461 [ForkJoinPool-1-worker-5] ERROR com.intuit.karate - org.apache.http.client.ClientProtocolException, http call failed after 0 milliseconds for URL: 
14:45:07.462 [ForkJoinPool-1-worker-5] ERROR com.intuit.karate - http request failed: 
org.apache.http.client.ClientProtocolException
14:45:07.462 [ForkJoinPool-1-worker-5] ERROR com.intuit.karate - feature call (loop) failed at index: 3
caller: classpath:InspireTest/ngr/datasetrecords/def/checkxlinkurl.template.feature
arg: {"link":""}
checkxlinkurl.template.feature:14 - 
org.apache.http.client.ClientProtocolException
14:45:07.560 [ForkJoinPool-1-worker-11] ERROR com.intuit.karate - javax.net.ssl.SSLException: Connection reset, http call failed after 339 milliseconds for URL: https://data.rivm.nl/inspire/id#90bab79d-5f92-4aaa-8edc-99195438ef65
14:45:07.560 [ForkJoinPool-1-worker-11] ERROR com.intuit.karate - http request failed: 
javax.net.ssl.SSLException: Connection reset
14:45:07.560 [ForkJoinPool-1-worker-11] ERROR com.intuit.karate - feature call (loop) failed at index: 0
caller: classpath:InspireTest/ngr/datasetrecords/def/checkxlinkurl.template.feature
arg: {"link":"https://data.rivm.nl/inspire/id#90bab79d-5f92-4aaa-8edc-99195438ef65"}
checkxlinkurl.template.feature:14 - 
javax.net.ssl.SSLException: Connection reset
14:45:07.821 [ForkJoinPool-1-worker-9] INFO  com.intuit.karate - [print] title:Statistical Units Vector
14:45:07.821 [ForkJoinPool-1-worker-9] INFO  com.intuit.karate - [print] Statistical Units Vector
14:45:07.864 [ForkJoinPool-1-worker-9] INFO  com.intuit.karate - [print] [
  "infoservice@cbs.nl",
  "infoservice@cbs.nl",
  "infoservice@cbs.nl",
  "",
  ""
]

14:45:07.866 [ForkJoinPool-1-worker-9] INFO  com.intuit.karate - [print] organisation: [
  "Statistics Netherlands",
  "Statistics Netherlands",
  "Statistics Netherlandds",
  "Statistics Netherlands"
]

14:45:07.871 [ForkJoinPool-1-worker-9] INFO  com.intuit.karate - [print] [
  "https://geodata.nationaalgeoregister.nl/cbsgebiedsindelingen/atom/cbsgebiedsindelingen.xml"
]

14:45:07.875 [ForkJoinPool-1-worker-13] INFO  com.intuit.karate - [print] title:Vervoersnetwerken
14:45:07.877 [ForkJoinPool-1-worker-13] INFO  com.intuit.karate - [print] Vervoersnetwerken
14:45:07.878 [ForkJoinPool-1-worker-13] INFO  com.intuit.karate - [print] [
  "PPB-GVA@kadaster.nl",
  "kcc@kadaster.nl",
  "kcc@kadaster.nl"
]

14:45:07.879 [ForkJoinPool-1-worker-13] INFO  com.intuit.karate - [print] organisation: [
  "Kadaster",
  "Kadaster",
  "Kadaster"
]

14:45:07.883 [ForkJoinPool-1-worker-13] INFO  com.intuit.karate - [print] [
  "http://kadaster/06b6c650-cdb1-11dd-ad8b-0800200c9a75"
]

14:45:07.895 [ForkJoinPool-1-worker-13] INFO  com.intuit.karate - [print]
14:45:07.895 [ForkJoinPool-1-worker-13] INFO  com.intuit.karate - [print] testing xlinkurl:http://kadaster/06b6c650-cdb1-11dd-ad8b-0800200c9a75
14:45:07.897 [ForkJoinPool-1-worker-13] ERROR com.intuit.karate - java.net.UnknownHostException: kadaster, http call failed after 0 milliseconds for URL: http://kadaster/06b6c650-cdb1-11dd-ad8b-0800200c9a75
14:45:07.897 [ForkJoinPool-1-worker-13] ERROR com.intuit.karate - http request failed: 
java.net.UnknownHostException: kadaster
14:45:07.898 [ForkJoinPool-1-worker-13] ERROR com.intuit.karate - feature call (loop) failed at index: 0
caller: classpath:InspireTest/ngr/datasetrecords/def/checkxlinkurl.template.feature
arg: {"link":"http://kadaster/06b6c650-cdb1-11dd-ad8b-0800200c9a75"}
checkxlinkurl.template.feature:14 - 
java.net.UnknownHostException: kadaster
14:45:07.895 [ForkJoinPool-1-worker-9] INFO  com.intuit.karate - [print]
14:45:07.901 [ForkJoinPool-1-worker-9] INFO  com.intuit.karate - [print] testing xlinkurl:https://geodata.nationaalgeoregister.nl/cbsgebiedsindelingen/atom/cbsgebiedsindelingen.xml
14:45:08.011 [ForkJoinPool-1-worker-3] INFO  com.intuit.karate - [print] title:Totale potentie aardwarmte uit aquifers, INSPIRE
14:45:08.011 [ForkJoinPool-1-worker-3] INFO  com.intuit.karate - [print] Totale potentie aardwarmte uit aquifers, INSPIRE
14:45:08.012 [ForkJoinPool-1-worker-3] INFO  com.intuit.karate - [print] [
  "info@dinoloket.nl",
  "info@dinoloket.nl",
  "info@dinoloket.nl"
]

14:45:08.013 [ForkJoinPool-1-worker-3] INFO  com.intuit.karate - [print] organisation: [
  "TNO Geologische Dienst Nederland",
  "TNO Geologische Dienst Nederland",
  "TNO Geologische Dienst Nederland"
]

14:45:08.015 [ForkJoinPool-1-worker-7] INFO  com.intuit.karate - [print] title:Vervoersnetwerken - Kabelbanen (INSPIRE geharmoniseerd)
14:45:08.016 [ForkJoinPool-1-worker-7] INFO  com.intuit.karate - [print] Vervoersnetwerken - Kabelbanen (INSPIRE geharmoniseerd)
14:45:08.017 [ForkJoinPool-1-worker-7] INFO  com.intuit.karate - [print] [
  "PPB-GVA@kadaster.nl",
  "kcc@kadaster.nl"
]

14:45:08.018 [ForkJoinPool-1-worker-7] INFO  com.intuit.karate - [print] organisation: [
  "Kadaster",
  "Kadaster"
]

14:45:08.021 [ForkJoinPool-1-worker-7] INFO  com.intuit.karate - [print] [
  "http://www.opengis.net/def/crs/EPSG/0/http://www.opengis.net/def/crs/EPSG/0/4258",
  "http://kadaster/ed4caa3b-a49e-4a9a-8206-50a3cf451b9a"
]

14:45:08.025 [ForkJoinPool-1-worker-7] INFO  com.intuit.karate - [print]
14:45:08.025 [ForkJoinPool-1-worker-7] INFO  com.intuit.karate - [print] testing xlinkurl:http://www.opengis.net/def/crs/EPSG/0/http://www.opengis.net/def/crs/EPSG/0/4258
14:45:08.026 [ForkJoinPool-1-worker-3] INFO  com.intuit.karate - [print] [
  "https://nationaalgeoregister.nl/geonetwork/srv/resources052a3480-1031-4d29-ba55-01672e2c50d9"
]

14:45:08.034 [ForkJoinPool-1-worker-3] INFO  com.intuit.karate - [print]
14:45:08.035 [ForkJoinPool-1-worker-3] INFO  com.intuit.karate - [print] testing xlinkurl:https://nationaalgeoregister.nl/geonetwork/srv/resources052a3480-1031-4d29-ba55-01672e2c50d9
14:45:08.145 [ForkJoinPool-1-worker-5] INFO  com.intuit.karate - [print] title:Administratieve Eenheden (INSPIRE geharmoniseerd)
14:45:08.146 [ForkJoinPool-1-worker-5] INFO  com.intuit.karate - [print] Administratieve Eenheden (INSPIRE geharmoniseerd)
14:45:08.147 [ForkJoinPool-1-worker-5] INFO  com.intuit.karate - [print] [
  "PPB-GVA@kadaster.nl",
  "kcc@kadaster.nl"
]

14:45:08.149 [ForkJoinPool-1-worker-5] INFO  com.intuit.karate - [print] organisation: [
  "Kadaster",
  "Kadaster"
]

14:45:08.154 [ForkJoinPool-1-worker-11] INFO  com.intuit.karate - [print] title:Geluidkaart hoofdspoornet 2011 (Lden)
14:45:08.154 [ForkJoinPool-1-worker-11] INFO  com.intuit.karate - [print] Geluidkaart hoofdspoornet 2011 (Lden)
14:45:08.156 [ForkJoinPool-1-worker-11] INFO  com.intuit.karate - [print] [
  "sylvia.koolmees@minienw.nl",
  "sylvia.koolmees@minienw.nl"
]

14:45:08.157 [ForkJoinPool-1-worker-11] INFO  com.intuit.karate - [print] organisation: [
  "Ministerie van IenW",
  "Ministerie van IenW"
]

14:45:08.164 [ForkJoinPool-1-worker-11] INFO  com.intuit.karate - [print] [
  "https://www.nationaalgeoregister.nl/geonetwork/srv/api/records844404a2-9cd0-452e-b29a-74588777485a"
]

14:45:08.165 [ForkJoinPool-1-worker-5] INFO  com.intuit.karate - [print] [
  "http://www.opengis.net/def/crs/EPSG/0/http://www.opengis.net/def/crs/EPSG/0/4258",
  "http://kadaster/29f0fa66-3928-4e95-ae30-5b1eab818ac1"
]

14:45:08.170 [ForkJoinPool-1-worker-11] INFO  com.intuit.karate - [print]
14:45:08.171 [ForkJoinPool-1-worker-11] INFO  com.intuit.karate - [print] testing xlinkurl:https://www.nationaalgeoregister.nl/geonetwork/srv/api/records844404a2-9cd0-452e-b29a-74588777485a
14:45:08.174 [ForkJoinPool-1-worker-5] INFO  com.intuit.karate - [print]
14:45:08.174 [ForkJoinPool-1-worker-5] INFO  com.intuit.karate - [print] testing xlinkurl:http://www.opengis.net/def/crs/EPSG/0/http://www.opengis.net/def/crs/EPSG/0/4258
14:45:08.300 [ForkJoinPool-1-worker-3] ERROR com.intuit.karate - status code was: 404, expected: 200, response time: 264, url: https://nationaalgeoregister.nl/geonetwork/srv/resources052a3480-1031-4d29-ba55-01672e2c50d9, response: 
14:45:08.301 [ForkJoinPool-1-worker-3] ERROR com.intuit.karate - feature call (loop) failed at index: 0
caller: classpath:InspireTest/ngr/datasetrecords/def/checkxlinkurl.template.feature
arg: {"link":"https://nationaalgeoregister.nl/geonetwork/srv/resources052a3480-1031-4d29-ba55-01672e2c50d9"}
checkxlinkurl.template.feature:15 - status code was: 404, expected: 200, response time: 264, url: https://nationaalgeoregister.nl/geonetwork/srv/resources052a3480-1031-4d29-ba55-01672e2c50d9, response: 
14:45:08.314 [ForkJoinPool-1-worker-7] INFO  com.intuit.karate - [print]
14:45:08.314 [ForkJoinPool-1-worker-7] INFO  com.intuit.karate - [print] testing xlinkurl:http://kadaster/ed4caa3b-a49e-4a9a-8206-50a3cf451b9a
14:45:08.315 [ForkJoinPool-1-worker-7] ERROR com.intuit.karate - java.net.UnknownHostException: kadaster, http call failed after 1 milliseconds for URL: http://kadaster/ed4caa3b-a49e-4a9a-8206-50a3cf451b9a
14:45:08.315 [ForkJoinPool-1-worker-7] ERROR com.intuit.karate - http request failed: 
java.net.UnknownHostException: kadaster
14:45:08.315 [ForkJoinPool-1-worker-7] ERROR com.intuit.karate - feature call (loop) failed at index: 1
caller: classpath:InspireTest/ngr/datasetrecords/def/checkxlinkurl.template.feature
arg: {"link":"http://kadaster/ed4caa3b-a49e-4a9a-8206-50a3cf451b9a"}
checkxlinkurl.template.feature:14 - 
java.net.UnknownHostException: kadaster
14:45:08.425 [ForkJoinPool-1-worker-13] INFO  com.intuit.karate - [print] title:Omgevingsdosisequivalenttempo Nationaal Meetnet Radioactiviteit 2011
14:45:08.425 [ForkJoinPool-1-worker-13] INFO  com.intuit.karate - [print] Omgevingsdosisequivalenttempo Nationaal Meetnet Radioactiviteit 2011
14:45:08.426 [ForkJoinPool-1-worker-13] INFO  com.intuit.karate - [print] [
  "geodata@rivm.nl",
  "",
  "geodata@rivm.nl"
]

14:45:08.427 [ForkJoinPool-1-worker-13] INFO  com.intuit.karate - [print] organisation: no organisationName found in dataset record
14:45:08.432 [ForkJoinPool-1-worker-13] INFO  com.intuit.karate - [print] [
  "https://data.rivm.nl/inspire/id#722e3937-3e53-4048-97ef-1ced2c77f7dd"
]

14:45:08.442 [ForkJoinPool-1-worker-13] INFO  com.intuit.karate - [print]
14:45:08.442 [ForkJoinPool-1-worker-13] INFO  com.intuit.karate - [print] testing xlinkurl:https://data.rivm.nl/inspire/id#722e3937-3e53-4048-97ef-1ced2c77f7dd
14:45:08.453 [ForkJoinPool-1-worker-5] INFO  com.intuit.karate - [print]
14:45:08.453 [ForkJoinPool-1-worker-5] INFO  com.intuit.karate - [print] testing xlinkurl:http://kadaster/29f0fa66-3928-4e95-ae30-5b1eab818ac1
14:45:08.454 [ForkJoinPool-1-worker-5] ERROR com.intuit.karate - java.net.UnknownHostException: kadaster, http call failed after 1 milliseconds for URL: http://kadaster/29f0fa66-3928-4e95-ae30-5b1eab818ac1
14:45:08.454 [ForkJoinPool-1-worker-5] ERROR com.intuit.karate - http request failed: 
java.net.UnknownHostException: kadaster
14:45:08.454 [ForkJoinPool-1-worker-5] ERROR com.intuit.karate - feature call (loop) failed at index: 1
caller: classpath:InspireTest/ngr/datasetrecords/def/checkxlinkurl.template.feature
arg: {"link":"http://kadaster/29f0fa66-3928-4e95-ae30-5b1eab818ac1"}
checkxlinkurl.template.feature:14 - 
java.net.UnknownHostException: kadaster
14:45:08.468 [ForkJoinPool-1-worker-11] ERROR com.intuit.karate - status code was: 500, expected: 200, response time: 296, url: https://www.nationaalgeoregister.nl/geonetwork/srv/api/records844404a2-9cd0-452e-b29a-74588777485a, response: 
14:45:08.468 [ForkJoinPool-1-worker-11] ERROR com.intuit.karate - feature call (loop) failed at index: 0
caller: classpath:InspireTest/ngr/datasetrecords/def/checkxlinkurl.template.feature
arg: {"link":"https://www.nationaalgeoregister.nl/geonetwork/srv/api/records844404a2-9cd0-452e-b29a-74588777485a"}
checkxlinkurl.template.feature:15 - status code was: 500, expected: 200, response time: 296, url: https://www.nationaalgeoregister.nl/geonetwork/srv/api/records844404a2-9cd0-452e-b29a-74588777485a, response: 
14:45:08.782 [ForkJoinPool-1-worker-13] ERROR com.intuit.karate - javax.net.ssl.SSLException: Connection reset, http call failed after 339 milliseconds for URL: https://data.rivm.nl/inspire/id#722e3937-3e53-4048-97ef-1ced2c77f7dd
14:45:08.782 [ForkJoinPool-1-worker-13] ERROR com.intuit.karate - http request failed: 
javax.net.ssl.SSLException: Connection reset
14:45:08.782 [ForkJoinPool-1-worker-13] ERROR com.intuit.karate - feature call (loop) failed at index: 0
caller: classpath:InspireTest/ngr/datasetrecords/def/checkxlinkurl.template.feature
arg: {"link":"https://data.rivm.nl/inspire/id#722e3937-3e53-4048-97ef-1ced2c77f7dd"}
checkxlinkurl.template.feature:14 - 
javax.net.ssl.SSLException: Connection reset
14:45:08.843 [ForkJoinPool-1-worker-9] INFO  com.intuit.karate - [print] title:Emissies naar lucht en water in 2011 vanuit de industrie
14:45:08.843 [ForkJoinPool-1-worker-9] INFO  com.intuit.karate - [print] Emissies naar lucht en water in 2011 vanuit de industrie
14:45:08.845 [ForkJoinPool-1-worker-9] INFO  com.intuit.karate - [print] [
  "emissieregistratie@rivm.nl",
  "",
  "emissieregistratie@rivm.nl"
]

14:45:08.846 [ForkJoinPool-1-worker-9] INFO  com.intuit.karate - [print] organisation: no organisationName found in dataset record
14:45:08.851 [ForkJoinPool-1-worker-9] INFO  com.intuit.karate - [print] [
  "https://data.rivm.nl/inspire/id#6e6bf543-e1e3-468d-afae-e88618ad9a65"
]

14:45:08.855 [ForkJoinPool-1-worker-9] INFO  com.intuit.karate - [print]
14:45:08.855 [ForkJoinPool-1-worker-9] INFO  com.intuit.karate - [print] testing xlinkurl:https://data.rivm.nl/inspire/id#6e6bf543-e1e3-468d-afae-e88618ad9a65
14:45:08.988 [ForkJoinPool-1-worker-7] INFO  com.intuit.karate - [print] title:Mosselzaadinvanginstallaties
14:45:08.988 [ForkJoinPool-1-worker-7] INFO  com.intuit.karate - [print] Mosselzaadinvanginstallaties
14:45:08.990 [ForkJoinPool-1-worker-7] INFO  com.intuit.karate - [print] [
  "geodatabeheer.giscc@rvo.nl",
  "VR@minez.nl",
  "geodatabeheer.giscc@rvo.nl",
  "beheer@pdok.nl"
]

14:45:08.991 [ForkJoinPool-1-worker-7] INFO  com.intuit.karate - [print] organisation: no organisationName found in dataset record
14:45:08.996 [ForkJoinPool-1-worker-7] INFO  com.intuit.karate - [print] [
  "http://standaarden.overheid.nl/owms/terms/Ministerie_van_Landbouw,_Natuur_en_Voedselkwaliteit",
  "http://www.nationaalgeoregister.nl/geonetwork/srv/dut/catalog.search#/metadata/a04afee4-47d5-45b7-b7a0-a6f86106af11",
  "http://standaarden.overheid.nl/owms/terms/Ministerie_van_Landbouw,_Natuur_en_Voedselkwaliteit",
  "http://standaarden.overheid.nl/owms/terms/Ministerie_van_Landbouw,_Natuur_en_Voedselkwaliteit",
  "https://data.overheid.nl/organisatie/PDOK"
]

14:45:09.001 [ForkJoinPool-1-worker-7] INFO  com.intuit.karate - [print]
14:45:09.001 [ForkJoinPool-1-worker-7] INFO  com.intuit.karate - [print] testing xlinkurl:http://standaarden.overheid.nl/owms/terms/Ministerie_van_Landbouw,_Natuur_en_Voedselkwaliteit
14:45:09.061 [ForkJoinPool-1-worker-3] INFO  com.intuit.karate - [print] title:Kaderrichtlijn Water - Oppervlaktewaterlichamen Nederland EU2015 vlakken
14:45:09.061 [ForkJoinPool-1-worker-3] INFO  com.intuit.karate - [print] Kaderrichtlijn Water - Oppervlaktewaterlichamen Nederland EU2015 vlakken
14:45:09.063 [ForkJoinPool-1-worker-3] INFO  com.intuit.karate - [print] [
  "servicedesk@ihw.nl",
  "servicedesk-data@rijkswaterstaat.nl",
  "",
  "servicedesk-data@rijkswaterstaat.nl",
  "servicedesk@ihw.nl"
]

14:45:09.064 [ForkJoinPool-1-worker-3] INFO  com.intuit.karate - [print] organisation: [
  "Informatiehuis Water",
  "Informatiehuis Water",
  "",
  "Rijkswaterstaat",
  "Informatiehuis Water"
]

14:45:09.071 [ForkJoinPool-1-worker-3] INFO  com.intuit.karate - [print] [
  "https://www.nationaalgeoregister.nl/geonetwork/srv/dut/catalog.search#/metadata/110f9ec6-4464-462e-9765-83d90cefbead",
  "http://rdfdata.eionet.europa.eu/inspirethemes/themes/24",
  "https://ngr.geocat.live/geonetwork/srv/eng/thesaurus.download?ref=external.theme.httpinspireeceuropaeumetadatacodelistPrioritydataset-Prioritydataset"
]

14:45:09.074 [ForkJoinPool-1-worker-3] INFO  com.intuit.karate - [print]
14:45:09.075 [ForkJoinPool-1-worker-3] INFO  com.intuit.karate - [print] testing xlinkurl:https://www.nationaalgeoregister.nl/geonetwork/srv/dut/catalog.search#/metadata/110f9ec6-4464-462e-9765-83d90cefbead
14:45:09.126 [ForkJoinPool-1-worker-5] INFO  com.intuit.karate - [print] title:Gemeten fijnere fractie van Fijn stof concentraties in buitenlucht.
14:45:09.126 [ForkJoinPool-1-worker-5] INFO  com.intuit.karate - [print] Gemeten fijnere fractie van Fijn stof concentraties in buitenlucht.
14:45:09.126 [ForkJoinPool-1-worker-5] INFO  com.intuit.karate - [print] [
  "geodata@rivm.nl",
  "geodata@rivm.nl"
]

14:45:09.129 [ForkJoinPool-1-worker-11] INFO  com.intuit.karate - [print] title:Gemeten Ammoniak concentraties in buitenlucht.
14:45:09.129 [ForkJoinPool-1-worker-11] INFO  com.intuit.karate - [print] Gemeten Ammoniak concentraties in buitenlucht.
14:45:09.130 [ForkJoinPool-1-worker-11] INFO  com.intuit.karate - [print] [
  "geodata@rivm.nl",
  "geodata@rivm.nl"
]

14:45:09.130 [ForkJoinPool-1-worker-11] INFO  com.intuit.karate - [print] organisation: no organisationName found in dataset record
14:45:09.131 [ForkJoinPool-1-worker-5] INFO  com.intuit.karate - [print] organisation: no organisationName found in dataset record
14:45:09.140 [ForkJoinPool-1-worker-5] INFO  com.intuit.karate - [print] [
  "https://data.rivm.nl/inspire/id#df9bc66f-941b-4c38-a104-1b8d940a53db"
]

14:45:09.142 [ForkJoinPool-1-worker-11] INFO  com.intuit.karate - [print] [
  "https://data.rivm.nl/inspire/id#4504a4b2-3179-44b3-a5a9-b67b693c514d"
]

14:45:09.146 [ForkJoinPool-1-worker-11] INFO  com.intuit.karate - [print]
14:45:09.146 [ForkJoinPool-1-worker-11] INFO  com.intuit.karate - [print] testing xlinkurl:https://data.rivm.nl/inspire/id#4504a4b2-3179-44b3-a5a9-b67b693c514d
14:45:09.150 [ForkJoinPool-1-worker-5] INFO  com.intuit.karate - [print]
14:45:09.150 [ForkJoinPool-1-worker-5] INFO  com.intuit.karate - [print] testing xlinkurl:https://data.rivm.nl/inspire/id#df9bc66f-941b-4c38-a104-1b8d940a53db
14:45:09.195 [ForkJoinPool-1-worker-9] ERROR com.intuit.karate - javax.net.ssl.SSLException: Connection reset, http call failed after 339 milliseconds for URL: https://data.rivm.nl/inspire/id#6e6bf543-e1e3-468d-afae-e88618ad9a65
14:45:09.196 [ForkJoinPool-1-worker-9] ERROR com.intuit.karate - http request failed: 
javax.net.ssl.SSLException: Connection reset
14:45:09.196 [ForkJoinPool-1-worker-9] ERROR com.intuit.karate - feature call (loop) failed at index: 0
caller: classpath:InspireTest/ngr/datasetrecords/def/checkxlinkurl.template.feature
arg: {"link":"https://data.rivm.nl/inspire/id#6e6bf543-e1e3-468d-afae-e88618ad9a65"}
checkxlinkurl.template.feature:14 - 
javax.net.ssl.SSLException: Connection reset
14:45:09.316 [ForkJoinPool-1-worker-13] INFO  com.intuit.karate - [print] title:Gemeten Fijn stof concentraties in buitenlucht.
14:45:09.316 [ForkJoinPool-1-worker-13] INFO  com.intuit.karate - [print] Gemeten Fijn stof concentraties in buitenlucht.
14:45:09.317 [ForkJoinPool-1-worker-13] INFO  com.intuit.karate - [print] [
  "geodata@rivm.nl",
  "geodata@rivm.nl"
]

14:45:09.318 [ForkJoinPool-1-worker-13] INFO  com.intuit.karate - [print] organisation: no organisationName found in dataset record
14:45:09.324 [ForkJoinPool-1-worker-13] INFO  com.intuit.karate - [print] [
  "https://data.rivm.nl/inspire/id#a3095f95-0ec7-46ff-ae14-ce2173e8fafa"
]

14:45:09.331 [ForkJoinPool-1-worker-13] INFO  com.intuit.karate - [print]
14:45:09.331 [ForkJoinPool-1-worker-13] INFO  com.intuit.karate - [print] testing xlinkurl:https://data.rivm.nl/inspire/id#a3095f95-0ec7-46ff-ae14-ce2173e8fafa
14:45:09.388 [ForkJoinPool-1-worker-3] INFO  com.intuit.karate - [print]
14:45:09.388 [ForkJoinPool-1-worker-3] INFO  com.intuit.karate - [print] testing xlinkurl:http://rdfdata.eionet.europa.eu/inspirethemes/themes/24
14:45:09.494 [ForkJoinPool-1-worker-11] ERROR com.intuit.karate - javax.net.ssl.SSLException: Connection reset, http call failed after 341 milliseconds for URL: https://data.rivm.nl/inspire/id#4504a4b2-3179-44b3-a5a9-b67b693c514d
14:45:09.494 [ForkJoinPool-1-worker-11] ERROR com.intuit.karate - http request failed: 
javax.net.ssl.SSLException: Connection reset
14:45:09.495 [ForkJoinPool-1-worker-11] ERROR com.intuit.karate - feature call (loop) failed at index: 0
caller: classpath:InspireTest/ngr/datasetrecords/def/checkxlinkurl.template.feature
arg: {"link":"https://data.rivm.nl/inspire/id#4504a4b2-3179-44b3-a5a9-b67b693c514d"}
checkxlinkurl.template.feature:14 - 
javax.net.ssl.SSLException: Connection reset
14:45:09.506 [ForkJoinPool-1-worker-5] ERROR com.intuit.karate - javax.net.ssl.SSLException: Connection reset, http call failed after 353 milliseconds for URL: https://data.rivm.nl/inspire/id#df9bc66f-941b-4c38-a104-1b8d940a53db
14:45:09.506 [ForkJoinPool-1-worker-5] ERROR com.intuit.karate - http request failed: 
javax.net.ssl.SSLException: Connection reset
14:45:09.506 [ForkJoinPool-1-worker-5] ERROR com.intuit.karate - feature call (loop) failed at index: 0
caller: classpath:InspireTest/ngr/datasetrecords/def/checkxlinkurl.template.feature
arg: {"link":"https://data.rivm.nl/inspire/id#df9bc66f-941b-4c38-a104-1b8d940a53db"}
checkxlinkurl.template.feature:14 - 
javax.net.ssl.SSLException: Connection reset
14:45:09.580 [ForkJoinPool-1-worker-3] ERROR com.intuit.karate - status code was: 404, expected: 200, response time: 191, url: http://rdfdata.eionet.europa.eu/inspirethemes/themes/24, response: 
14:45:09.580 [ForkJoinPool-1-worker-3] ERROR com.intuit.karate - feature call (loop) failed at index: 1
caller: classpath:InspireTest/ngr/datasetrecords/def/checkxlinkurl.template.feature
arg: {"link":"http://rdfdata.eionet.europa.eu/inspirethemes/themes/24"}
checkxlinkurl.template.feature:15 - status code was: 404, expected: 200, response time: 191, url: http://rdfdata.eionet.europa.eu/inspirethemes/themes/24, response: 
14:45:09.581 [ForkJoinPool-1-worker-3] INFO  com.intuit.karate - [print]
14:45:09.581 [ForkJoinPool-1-worker-3] INFO  com.intuit.karate - [print] testing xlinkurl:https://ngr.geocat.live/geonetwork/srv/eng/thesaurus.download?ref=external.theme.httpinspireeceuropaeumetadatacodelistPrioritydataset-Prioritydataset
14:45:09.692 [ForkJoinPool-1-worker-13] ERROR com.intuit.karate - javax.net.ssl.SSLException: Connection reset, http call failed after 361 milliseconds for URL: https://data.rivm.nl/inspire/id#a3095f95-0ec7-46ff-ae14-ce2173e8fafa
14:45:09.692 [ForkJoinPool-1-worker-13] ERROR com.intuit.karate - http request failed: 
javax.net.ssl.SSLException: Connection reset
14:45:09.692 [ForkJoinPool-1-worker-13] ERROR com.intuit.karate - feature call (loop) failed at index: 0
caller: classpath:InspireTest/ngr/datasetrecords/def/checkxlinkurl.template.feature
arg: {"link":"https://data.rivm.nl/inspire/id#a3095f95-0ec7-46ff-ae14-ce2173e8fafa"}
checkxlinkurl.template.feature:14 - 
javax.net.ssl.SSLException: Connection reset
14:45:09.725 [ForkJoinPool-1-worker-7] INFO  com.intuit.karate - [print]
14:45:09.725 [ForkJoinPool-1-worker-7] INFO  com.intuit.karate - [print] testing xlinkurl:http://www.nationaalgeoregister.nl/geonetwork/srv/dut/catalog.search#/metadata/a04afee4-47d5-45b7-b7a0-a6f86106af11
14:45:09.850 [ForkJoinPool-1-worker-9] INFO  com.intuit.karate - [print] title:Gemeten Zwaveldioxide concentraties in buitenlucht.
14:45:09.850 [ForkJoinPool-1-worker-9] INFO  com.intuit.karate - [print] Gemeten Zwaveldioxide concentraties in buitenlucht.
14:45:09.851 [ForkJoinPool-1-worker-9] INFO  com.intuit.karate - [print] [
  "geodata@rivm.nl",
  "geodata@rivm.nl"
]

14:45:09.852 [ForkJoinPool-1-worker-9] INFO  com.intuit.karate - [print] organisation: no organisationName found in dataset record
14:45:09.856 [ForkJoinPool-1-worker-9] INFO  com.intuit.karate - [print] [
  "https://data.rivm.nl/inspire/id#440c4a06-6924-4f9c-a9e2-6f61340f711b"
]

14:45:09.860 [ForkJoinPool-1-worker-9] INFO  com.intuit.karate - [print]
14:45:09.860 [ForkJoinPool-1-worker-9] INFO  com.intuit.karate - [print] testing xlinkurl:https://data.rivm.nl/inspire/id#440c4a06-6924-4f9c-a9e2-6f61340f711b
14:45:09.998 [ForkJoinPool-1-worker-3] ERROR com.intuit.karate - status code was: 500, expected: 200, response time: 416, url: https://ngr.geocat.live/geonetwork/srv/eng/thesaurus.download?ref=external.theme.httpinspireeceuropaeumetadatacodelistPrioritydataset-Prioritydataset, response: 
14:45:09.998 [ForkJoinPool-1-worker-3] ERROR com.intuit.karate - feature call (loop) failed at index: 2
caller: classpath:InspireTest/ngr/datasetrecords/def/checkxlinkurl.template.feature
arg: {"link":"https://ngr.geocat.live/geonetwork/srv/eng/thesaurus.download?ref=external.theme.httpinspireeceuropaeumetadatacodelistPrioritydataset-Prioritydataset"}
checkxlinkurl.template.feature:15 - status code was: 500, expected: 200, response time: 416, url: https://ngr.geocat.live/geonetwork/srv/eng/thesaurus.download?ref=external.theme.httpinspireeceuropaeumetadatacodelistPrioritydataset-Prioritydataset, response: 
14:45:10.034 [ForkJoinPool-1-worker-11] INFO  com.intuit.karate - [print] title:Gemeten Stikstofdioxide concentraties in buitenlucht.
14:45:10.034 [ForkJoinPool-1-worker-11] INFO  com.intuit.karate - [print] Gemeten Stikstofdioxide concentraties in buitenlucht.
14:45:10.036 [ForkJoinPool-1-worker-11] INFO  com.intuit.karate - [print] [
  "geodata@rivm.nl",
  "geodata@rivm.nl"
]

14:45:10.037 [ForkJoinPool-1-worker-11] INFO  com.intuit.karate - [print] organisation: RIVM
14:45:10.042 [ForkJoinPool-1-worker-11] INFO  com.intuit.karate - [print] [
  "https://data.rivm.nl/inspire?id#505e9f1e-84bc-4856-9771-4295db998bb6"
]

14:45:10.045 [ForkJoinPool-1-worker-11] INFO  com.intuit.karate - [print]
14:45:10.046 [ForkJoinPool-1-worker-11] INFO  com.intuit.karate - [print] testing xlinkurl:https://data.rivm.nl/inspire?id#505e9f1e-84bc-4856-9771-4295db998bb6
14:45:10.108 [ForkJoinPool-1-worker-5] INFO  com.intuit.karate - [print] title:EEZ volgens UNCLOS - Noordzee
14:45:10.108 [ForkJoinPool-1-worker-5] INFO  com.intuit.karate - [print] EEZ volgens UNCLOS - Noordzee
14:45:10.109 [ForkJoinPool-1-worker-5] INFO  com.intuit.karate - [print] [
  "data@hydro.nl",
  "data@hydro.nl",
  "data@hydro.nl",
  "",
  ""
]

14:45:10.110 [ForkJoinPool-1-worker-5] INFO  com.intuit.karate - [print] organisation: [
  "Ministerie van Defensie, Koninklijke Marine, Dienst der Hydrografie",
  "Ministerie van Defensie, Koninklijke Marine, Dienst der Hydrografie",
  "Ministerie van Defensie, Koninklijke Marine, Dienst der Hydrografie"
]

14:45:10.117 [ForkJoinPool-1-worker-5] INFO  com.intuit.karate - [print] [
  "http://www.opengis.net/def/crs/EPSG/0/https://www.opengis.net/def/crs/EPSG/0/4258",
  "https://www.nationaalgeoregister.nl/geonetwork/srv/api/recordse8b84fae-00b3-49c1-80c1-df8f69f64e8c"
]

14:45:10.120 [ForkJoinPool-1-worker-5] INFO  com.intuit.karate - [print]
14:45:10.120 [ForkJoinPool-1-worker-5] INFO  com.intuit.karate - [print] testing xlinkurl:http://www.opengis.net/def/crs/EPSG/0/https://www.opengis.net/def/crs/EPSG/0/4258
14:45:10.178 [ForkJoinPool-1-worker-7] INFO  com.intuit.karate - [print]
14:45:10.178 [ForkJoinPool-1-worker-7] INFO  com.intuit.karate - [print] testing xlinkurl:http://standaarden.overheid.nl/owms/terms/Ministerie_van_Landbouw,_Natuur_en_Voedselkwaliteit
14:45:10.199 [ForkJoinPool-1-worker-9] ERROR com.intuit.karate - javax.net.ssl.SSLException: Connection reset, http call failed after 339 milliseconds for URL: https://data.rivm.nl/inspire/id#440c4a06-6924-4f9c-a9e2-6f61340f711b
14:45:10.199 [ForkJoinPool-1-worker-9] ERROR com.intuit.karate - http request failed: 
javax.net.ssl.SSLException: Connection reset
14:45:10.201 [ForkJoinPool-1-worker-9] ERROR com.intuit.karate - feature call (loop) failed at index: 0
caller: classpath:InspireTest/ngr/datasetrecords/def/checkxlinkurl.template.feature
arg: {"link":"https://data.rivm.nl/inspire/id#440c4a06-6924-4f9c-a9e2-6f61340f711b"}
checkxlinkurl.template.feature:14 - 
javax.net.ssl.SSLException: Connection reset
14:45:10.254 [ForkJoinPool-1-worker-13] INFO  com.intuit.karate - [print] title:Territoriale Zee volgens UNCLOS - Noordzee
14:45:10.254 [ForkJoinPool-1-worker-13] INFO  com.intuit.karate - [print] Territoriale Zee volgens UNCLOS - Noordzee
14:45:10.255 [ForkJoinPool-1-worker-13] INFO  com.intuit.karate - [print] [
  "data@hydro.nl",
  "data@hydro.nl",
  "data@hydro.nl",
  "",
  ""
]

14:45:10.256 [ForkJoinPool-1-worker-13] INFO  com.intuit.karate - [print] organisation: [
  "Ministerie van Defensie, Koninklijke Marine, Dienst der Hydrografie",
  "Ministerie van Defensie, Koninklijke Marine, Dienst der Hydrografie",
  "Ministerie van Defensie, Koninklijke Marine, Dienst der Hydrografie"
]

14:45:10.260 [ForkJoinPool-1-worker-13] INFO  com.intuit.karate - [print] [
  "http://www.opengis.net/def/crs/EPSG/0/https://www.opengis.net/def/crs/EPSG/0/4258",
  "https://www.nationaalgeoregister.nl/geonetwork/srv/api/recordsbb11be63-bd38-4632-bf54-df44c423a529"
]

14:45:10.263 [ForkJoinPool-1-worker-13] INFO  com.intuit.karate - [print]
14:45:10.263 [ForkJoinPool-1-worker-13] INFO  com.intuit.karate - [print] testing xlinkurl:http://www.opengis.net/def/crs/EPSG/0/https://www.opengis.net/def/crs/EPSG/0/4258
14:45:10.387 [ForkJoinPool-1-worker-11] ERROR com.intuit.karate - status code was: 404, expected: 200, response time: 340, url: https://data.rivm.nl/inspire?id#505e9f1e-84bc-4856-9771-4295db998bb6, response: 
14:45:10.387 [ForkJoinPool-1-worker-11] ERROR com.intuit.karate - feature call (loop) failed at index: 0
caller: classpath:InspireTest/ngr/datasetrecords/def/checkxlinkurl.template.feature
arg: {"link":"https://data.rivm.nl/inspire?id#505e9f1e-84bc-4856-9771-4295db998bb6"}
checkxlinkurl.template.feature:15 - status code was: 404, expected: 200, response time: 340, url: https://data.rivm.nl/inspire?id#505e9f1e-84bc-4856-9771-4295db998bb6, response: 
14:45:10.407 [ForkJoinPool-1-worker-5] INFO  com.intuit.karate - [print]
14:45:10.407 [ForkJoinPool-1-worker-5] INFO  com.intuit.karate - [print] testing xlinkurl:https://www.nationaalgeoregister.nl/geonetwork/srv/api/recordse8b84fae-00b3-49c1-80c1-df8f69f64e8c
14:45:10.543 [ForkJoinPool-1-worker-3] INFO  com.intuit.karate - [print] title:Kaderrichtlijn Mariene Strategie - Rapportage eenheden Nederland EU2018
14:45:10.543 [ForkJoinPool-1-worker-3] INFO  com.intuit.karate - [print] Kaderrichtlijn Mariene Strategie - Rapportage eenheden Nederland EU2018
14:45:10.545 [ForkJoinPool-1-worker-3] INFO  com.intuit.karate - [print] [
  "servicedesk-data@rijkswaterstaat.nl",
  "servicedesk-data@rijkswaterstaat.nl",
  "",
  "servicedesk-data@rijkswaterstaat.nl",
  "servicedesk-data@rijkswaterstaat.nl"
]

14:45:10.546 [ForkJoinPool-1-worker-3] INFO  com.intuit.karate - [print] organisation: [
  "Rijkswaterstaat",
  "Rijkswaterstaat",
  "",
  "Rijkswaterstaat",
  "Rijkswaterstaat"
]

14:45:10.551 [ForkJoinPool-1-worker-3] INFO  com.intuit.karate - [print] [
  "https://www.nationaalgeoregister.nl/geonetwork/srv/dut/catalog.search#/metadata/krm-a905-9d8e-4758-83fa-28b057f185e3",
  "http://rdfdata.eionet.europa.eu/inspirethemes/themes/24",
  "https://ngr.geocat.live/geonetwork/srv/eng/thesaurus.download?ref=external.theme.httpinspireeceuropaeumetadatacodelistPrioritydataset-Prioritydataset"
]

14:45:10.554 [ForkJoinPool-1-worker-13] INFO  com.intuit.karate - [print]
14:45:10.556 [ForkJoinPool-1-worker-13] INFO  com.intuit.karate - [print] testing xlinkurl:https://www.nationaalgeoregister.nl/geonetwork/srv/api/recordsbb11be63-bd38-4632-bf54-df44c423a529
14:45:10.558 [ForkJoinPool-1-worker-3] INFO  com.intuit.karate - [print]
14:45:10.558 [ForkJoinPool-1-worker-3] INFO  com.intuit.karate - [print] testing xlinkurl:https://www.nationaalgeoregister.nl/geonetwork/srv/dut/catalog.search#/metadata/krm-a905-9d8e-4758-83fa-28b057f185e3
14:45:10.739 [ForkJoinPool-1-worker-7] INFO  com.intuit.karate - [print]
14:45:10.739 [ForkJoinPool-1-worker-7] INFO  com.intuit.karate - [print] testing xlinkurl:http://standaarden.overheid.nl/owms/terms/Ministerie_van_Landbouw,_Natuur_en_Voedselkwaliteit
14:45:10.746 [ForkJoinPool-1-worker-9] INFO  com.intuit.karate - [print] title:Kaderrichtlijn Mariene Strategie - Mariene wateren Nederland EU2018
14:45:10.746 [ForkJoinPool-1-worker-9] INFO  com.intuit.karate - [print] Kaderrichtlijn Mariene Strategie - Mariene wateren Nederland EU2018
14:45:10.747 [ForkJoinPool-1-worker-9] INFO  com.intuit.karate - [print] [
  "servicedesk-data@rijkswaterstaat.nl",
  "servicedesk-data@rijkswaterstaat.nl",
  "",
  "servicedesk-data@rijkswaterstaat.nl",
  "servicedesk-data@rijkswaterstaat.nl"
]

14:45:10.748 [ForkJoinPool-1-worker-9] INFO  com.intuit.karate - [print] organisation: [
  "Rijkswaterstaat",
  "Rijkswaterstaat",
  "",
  "Rijkswaterstaat",
  "Rijkswaterstaat"
]

14:45:10.752 [ForkJoinPool-1-worker-9] INFO  com.intuit.karate - [print] [
  "https://www.nationaalgeoregister.nl/geonetwork/srv/dut/catalog.search#/metadata/krm-a905-9d8e-4758-83fa-28b057f185e4",
  "http://rdfdata.eionet.europa.eu/inspirethemes/themes/24",
  "https://ngr.geocat.live/geonetwork/srv/eng/thesaurus.download?ref=external.theme.httpinspireeceuropaeumetadatacodelistPrioritydataset-Prioritydataset"
]

14:45:10.755 [ForkJoinPool-1-worker-9] INFO  com.intuit.karate - [print]
14:45:10.755 [ForkJoinPool-1-worker-9] INFO  com.intuit.karate - [print] testing xlinkurl:https://www.nationaalgeoregister.nl/geonetwork/srv/dut/catalog.search#/metadata/krm-a905-9d8e-4758-83fa-28b057f185e4
14:45:10.884 [ForkJoinPool-1-worker-5] ERROR com.intuit.karate - status code was: 500, expected: 200, response time: 477, url: https://www.nationaalgeoregister.nl/geonetwork/srv/api/recordse8b84fae-00b3-49c1-80c1-df8f69f64e8c, response: 
14:45:10.885 [ForkJoinPool-1-worker-5] ERROR com.intuit.karate - feature call (loop) failed at index: 1
caller: classpath:InspireTest/ngr/datasetrecords/def/checkxlinkurl.template.feature
arg: {"link":"https://www.nationaalgeoregister.nl/geonetwork/srv/api/recordse8b84fae-00b3-49c1-80c1-df8f69f64e8c"}
checkxlinkurl.template.feature:15 - status code was: 500, expected: 200, response time: 477, url: https://www.nationaalgeoregister.nl/geonetwork/srv/api/recordse8b84fae-00b3-49c1-80c1-df8f69f64e8c, response: 
14:45:10.902 [ForkJoinPool-1-worker-3] INFO  com.intuit.karate - [print]
14:45:10.903 [ForkJoinPool-1-worker-3] INFO  com.intuit.karate - [print] testing xlinkurl:http://rdfdata.eionet.europa.eu/inspirethemes/themes/24
14:45:10.904 [ForkJoinPool-1-worker-13] ERROR com.intuit.karate - status code was: 500, expected: 200, response time: 348, url: https://www.nationaalgeoregister.nl/geonetwork/srv/api/recordsbb11be63-bd38-4632-bf54-df44c423a529, response: 
14:45:10.905 [ForkJoinPool-1-worker-13] ERROR com.intuit.karate - feature call (loop) failed at index: 1
caller: classpath:InspireTest/ngr/datasetrecords/def/checkxlinkurl.template.feature
arg: {"link":"https://www.nationaalgeoregister.nl/geonetwork/srv/api/recordsbb11be63-bd38-4632-bf54-df44c423a529"}
checkxlinkurl.template.feature:15 - status code was: 500, expected: 200, response time: 348, url: https://www.nationaalgeoregister.nl/geonetwork/srv/api/recordsbb11be63-bd38-4632-bf54-df44c423a529, response: 
14:45:10.993 [ForkJoinPool-1-worker-11] INFO  com.intuit.karate - [print] title:Vergunningen Mijnbouwwet onder INSPIRE
14:45:10.993 [ForkJoinPool-1-worker-11] INFO  com.intuit.karate - [print] Vergunningen Mijnbouwwet onder INSPIRE
14:45:10.994 [ForkJoinPool-1-worker-11] INFO  com.intuit.karate - [print] [
  "info@dinoloket.nl",
  "info@dinoloket.nl",
  "info@dinoloket.nl"
]

14:45:10.995 [ForkJoinPool-1-worker-11] INFO  com.intuit.karate - [print] organisation: [
  "TNO Geologische Dienst Nederland",
  "TNO Geologische Dienst Nederland",
  "TNO Geologische Dienst Nederland"
]

14:45:11.003 [ForkJoinPool-1-worker-11] INFO  com.intuit.karate - [print] [
  "https://nationaalgeoregister.nl/geonetwork/srv/resources8bdf76b6-c9c9-4011-a7bc-022ae14a4024",
  "http://rdfdata.eionet.europa.eu/inspirethemes/themes/24",
  "http://geonetwork-opensource.org/inspire-theme#",
  "https://www.nationaalgeoregister.nl/geonetwork/srv/eng/thesaurus.download?ref=external.theme.inspire-theme"
]

14:45:11.008 [ForkJoinPool-1-worker-11] INFO  com.intuit.karate - [print]
14:45:11.008 [ForkJoinPool-1-worker-11] INFO  com.intuit.karate - [print] testing xlinkurl:https://nationaalgeoregister.nl/geonetwork/srv/resources8bdf76b6-c9c9-4011-a7bc-022ae14a4024
14:45:11.053 [ForkJoinPool-1-worker-9] INFO  com.intuit.karate - [print]
14:45:11.054 [ForkJoinPool-1-worker-9] INFO  com.intuit.karate - [print] testing xlinkurl:http://rdfdata.eionet.europa.eu/inspirethemes/themes/24
14:45:11.105 [ForkJoinPool-1-worker-3] ERROR com.intuit.karate - status code was: 404, expected: 200, response time: 202, url: http://rdfdata.eionet.europa.eu/inspirethemes/themes/24, response: 
14:45:11.105 [ForkJoinPool-1-worker-3] ERROR com.intuit.karate - feature call (loop) failed at index: 1
caller: classpath:InspireTest/ngr/datasetrecords/def/checkxlinkurl.template.feature
arg: {"link":"http://rdfdata.eionet.europa.eu/inspirethemes/themes/24"}
checkxlinkurl.template.feature:15 - status code was: 404, expected: 200, response time: 202, url: http://rdfdata.eionet.europa.eu/inspirethemes/themes/24, response: 
14:45:11.106 [ForkJoinPool-1-worker-3] INFO  com.intuit.karate - [print]
14:45:11.106 [ForkJoinPool-1-worker-3] INFO  com.intuit.karate - [print] testing xlinkurl:https://ngr.geocat.live/geonetwork/srv/eng/thesaurus.download?ref=external.theme.httpinspireeceuropaeumetadatacodelistPrioritydataset-Prioritydataset
14:45:11.247 [ForkJoinPool-1-worker-9] ERROR com.intuit.karate - status code was: 404, expected: 200, response time: 191, url: http://rdfdata.eionet.europa.eu/inspirethemes/themes/24, response: 
14:45:11.247 [ForkJoinPool-1-worker-9] ERROR com.intuit.karate - feature call (loop) failed at index: 1
caller: classpath:InspireTest/ngr/datasetrecords/def/checkxlinkurl.template.feature
arg: {"link":"http://rdfdata.eionet.europa.eu/inspirethemes/themes/24"}
checkxlinkurl.template.feature:15 - status code was: 404, expected: 200, response time: 191, url: http://rdfdata.eionet.europa.eu/inspirethemes/themes/24, response: 
14:45:11.249 [ForkJoinPool-1-worker-9] INFO  com.intuit.karate - [print]
14:45:11.249 [ForkJoinPool-1-worker-9] INFO  com.intuit.karate - [print] testing xlinkurl:https://ngr.geocat.live/geonetwork/srv/eng/thesaurus.download?ref=external.theme.httpinspireeceuropaeumetadatacodelistPrioritydataset-Prioritydataset
14:45:11.275 [ForkJoinPool-1-worker-11] ERROR com.intuit.karate - status code was: 404, expected: 200, response time: 266, url: https://nationaalgeoregister.nl/geonetwork/srv/resources8bdf76b6-c9c9-4011-a7bc-022ae14a4024, response: 
14:45:11.275 [ForkJoinPool-1-worker-11] ERROR com.intuit.karate - feature call (loop) failed at index: 0
caller: classpath:InspireTest/ngr/datasetrecords/def/checkxlinkurl.template.feature
arg: {"link":"https://nationaalgeoregister.nl/geonetwork/srv/resources8bdf76b6-c9c9-4011-a7bc-022ae14a4024"}
checkxlinkurl.template.feature:15 - status code was: 404, expected: 200, response time: 266, url: https://nationaalgeoregister.nl/geonetwork/srv/resources8bdf76b6-c9c9-4011-a7bc-022ae14a4024, response: 
14:45:11.276 [ForkJoinPool-1-worker-11] INFO  com.intuit.karate - [print]
14:45:11.276 [ForkJoinPool-1-worker-11] INFO  com.intuit.karate - [print] testing xlinkurl:http://rdfdata.eionet.europa.eu/inspirethemes/themes/24
14:45:11.406 [ForkJoinPool-1-worker-5] INFO  com.intuit.karate - [print] title:Natuurlijke alfa activiteitsconcentratie in lucht Nationaal Meetnet Radioactiviteit 2011
14:45:11.406 [ForkJoinPool-1-worker-5] INFO  com.intuit.karate - [print] Natuurlijke alfa activiteitsconcentratie in lucht Nationaal Meetnet Radioactiviteit 2011
14:45:11.407 [ForkJoinPool-1-worker-5] INFO  com.intuit.karate - [print] [
  "geodata@rivm.nl",
  "",
  "geodata@rivm.nl"
]

14:45:11.408 [ForkJoinPool-1-worker-5] INFO  com.intuit.karate - [print] organisation: no organisationName found in dataset record
14:45:11.412 [ForkJoinPool-1-worker-5] INFO  com.intuit.karate - [print] [
  "https://data.rivm.nl/inspire/id#10fcd5a9-3804-48e3-bcbd-d816594dbb6f"
]

14:45:11.416 [ForkJoinPool-1-worker-5] INFO  com.intuit.karate - [print]
14:45:11.416 [ForkJoinPool-1-worker-5] INFO  com.intuit.karate - [print] testing xlinkurl:https://data.rivm.nl/inspire/id#10fcd5a9-3804-48e3-bcbd-d816594dbb6f
14:45:11.432 [ForkJoinPool-1-worker-3] ERROR com.intuit.karate - status code was: 500, expected: 200, response time: 326, url: https://ngr.geocat.live/geonetwork/srv/eng/thesaurus.download?ref=external.theme.httpinspireeceuropaeumetadatacodelistPrioritydataset-Prioritydataset, response: 
14:45:11.433 [ForkJoinPool-1-worker-3] ERROR com.intuit.karate - feature call (loop) failed at index: 2
caller: classpath:InspireTest/ngr/datasetrecords/def/checkxlinkurl.template.feature
arg: {"link":"https://ngr.geocat.live/geonetwork/srv/eng/thesaurus.download?ref=external.theme.httpinspireeceuropaeumetadatacodelistPrioritydataset-Prioritydataset"}
checkxlinkurl.template.feature:15 - status code was: 500, expected: 200, response time: 326, url: https://ngr.geocat.live/geonetwork/srv/eng/thesaurus.download?ref=external.theme.httpinspireeceuropaeumetadatacodelistPrioritydataset-Prioritydataset, response: 
14:45:11.468 [ForkJoinPool-1-worker-11] ERROR com.intuit.karate - status code was: 404, expected: 200, response time: 191, url: http://rdfdata.eionet.europa.eu/inspirethemes/themes/24, response: 
14:45:11.468 [ForkJoinPool-1-worker-11] ERROR com.intuit.karate - feature call (loop) failed at index: 1
caller: classpath:InspireTest/ngr/datasetrecords/def/checkxlinkurl.template.feature
arg: {"link":"http://rdfdata.eionet.europa.eu/inspirethemes/themes/24"}
checkxlinkurl.template.feature:15 - status code was: 404, expected: 200, response time: 191, url: http://rdfdata.eionet.europa.eu/inspirethemes/themes/24, response: 
14:45:11.469 [ForkJoinPool-1-worker-11] INFO  com.intuit.karate - [print]
14:45:11.469 [ForkJoinPool-1-worker-11] INFO  com.intuit.karate - [print] testing xlinkurl:http://geonetwork-opensource.org/inspire-theme#
14:45:11.506 [ForkJoinPool-1-worker-7] INFO  com.intuit.karate - [print]
14:45:11.506 [ForkJoinPool-1-worker-7] INFO  com.intuit.karate - [print] testing xlinkurl:https://data.overheid.nl/organisatie/PDOK
14:45:11.520 [ForkJoinPool-1-worker-13] INFO  com.intuit.karate - [print] title:Beschermde gebieden - Provincies (INSPIRE geharmoniseerd)
14:45:11.520 [ForkJoinPool-1-worker-13] INFO  com.intuit.karate - [print] Beschermde gebieden - Provincies (INSPIRE geharmoniseerd)
14:45:11.521 [ForkJoinPool-1-worker-13] INFO  com.intuit.karate - [print] [
  "inspire@gbo-provincies.nl",
  "inspire@gbo-provincies.nl",
  "inspire@gbo-provincies.nl"
]

14:45:11.522 [ForkJoinPool-1-worker-13] INFO  com.intuit.karate - [print] organisation: [
  "Interprovinciaal Overleg",
  "Interprovinciaal Overleg",
  "Interprovinciaal Overleg"
]

14:45:11.526 [ForkJoinPool-1-worker-13] INFO  com.intuit.karate - [print] [
  "http://www.opengis.net/def/crs/EPSG/0/http://www.opengis.net/def/crs/EPSG/0/3034",
  "http://nationaalgeoregister.nl/geonetwork/srv/dut/csw?SERVICE=CSW&version=2.0.2&REQUEST=GetRecordById&elementSetName=full&OutputSchema=http://www.isotc211.org/2005/gmd&ID=49ab8bee-b467-486a-96ca-b950443c453a",
  "https://creativecommons.org/publicdomain/mark/*/deed.nl",
  ""
]

14:45:11.529 [ForkJoinPool-1-worker-13] INFO  com.intuit.karate - [print]
14:45:11.530 [ForkJoinPool-1-worker-13] INFO  com.intuit.karate - [print] testing xlinkurl:http://www.opengis.net/def/crs/EPSG/0/http://www.opengis.net/def/crs/EPSG/0/3034
14:45:11.555 [ForkJoinPool-1-worker-9] ERROR com.intuit.karate - status code was: 500, expected: 200, response time: 305, url: https://ngr.geocat.live/geonetwork/srv/eng/thesaurus.download?ref=external.theme.httpinspireeceuropaeumetadatacodelistPrioritydataset-Prioritydataset, response: 
14:45:11.555 [ForkJoinPool-1-worker-9] ERROR com.intuit.karate - feature call (loop) failed at index: 2
caller: classpath:InspireTest/ngr/datasetrecords/def/checkxlinkurl.template.feature
arg: {"link":"https://ngr.geocat.live/geonetwork/srv/eng/thesaurus.download?ref=external.theme.httpinspireeceuropaeumetadatacodelistPrioritydataset-Prioritydataset"}
checkxlinkurl.template.feature:15 - status code was: 500, expected: 200, response time: 305, url: https://ngr.geocat.live/geonetwork/srv/eng/thesaurus.download?ref=external.theme.httpinspireeceuropaeumetadatacodelistPrioritydataset-Prioritydataset, response: 
14:45:11.757 [ForkJoinPool-1-worker-5] ERROR com.intuit.karate - javax.net.ssl.SSLException: Connection reset, http call failed after 340 milliseconds for URL: https://data.rivm.nl/inspire/id#10fcd5a9-3804-48e3-bcbd-d816594dbb6f
14:45:11.760 [ForkJoinPool-1-worker-5] ERROR com.intuit.karate - http request failed: 
javax.net.ssl.SSLException: Connection reset
14:45:11.761 [ForkJoinPool-1-worker-5] ERROR com.intuit.karate - feature call (loop) failed at index: 0
caller: classpath:InspireTest/ngr/datasetrecords/def/checkxlinkurl.template.feature
arg: {"link":"https://data.rivm.nl/inspire/id#10fcd5a9-3804-48e3-bcbd-d816594dbb6f"}
checkxlinkurl.template.feature:14 - 
javax.net.ssl.SSLException: Connection reset
14:45:11.866 [ForkJoinPool-1-worker-13] INFO  com.intuit.karate - [print]
14:45:11.866 [ForkJoinPool-1-worker-13] INFO  com.intuit.karate - [print] testing xlinkurl:http://nationaalgeoregister.nl/geonetwork/srv/dut/csw?SERVICE=CSW&version=2.0.2&REQUEST=GetRecordById&elementSetName=full&OutputSchema=http://www.isotc211.org/2005/gmd&ID=49ab8bee-b467-486a-96ca-b950443c453a
14:45:12.002 [ForkJoinPool-1-worker-3] INFO  com.intuit.karate - [print] title:Wetlands (RAMSAR) (INSPIRE Geharmoniseerd)
14:45:12.002 [ForkJoinPool-1-worker-3] INFO  com.intuit.karate - [print] Wetlands (RAMSAR) (INSPIRE Geharmoniseerd)
14:45:12.003 [ForkJoinPool-1-worker-3] INFO  com.intuit.karate - [print] [
  "geodatabeheer.giscc@rvo.nl",
  "geodatabeheer.giscc@rvo.nl",
  "geodatabeheer.giscc@rvo.nl",
  "GeoDesk.CGI@wur.nl",
  "beheer@pdok.nl",
  "",
  ""
]

14:45:12.004 [ForkJoinPool-1-worker-3] INFO  com.intuit.karate - [print] organisation: [
  "",
  ""
]

14:45:12.009 [ForkJoinPool-1-worker-3] INFO  com.intuit.karate - [print] [
  "http://standaarden.overheid.nl/owms/terms/Ministerie_van_Landbouw,_Natuur_en_Voedselkwaliteit",
  "http://nationaalgeoregister.nl/geonetwork/srv/dut/catalog.search#/metadata/19165027-a13a-4c19-9013-ec1fd191019d",
  "http://standaarden.overheid.nl/owms/terms/Ministerie_van_Landbouw,_Natuur_en_Voedselkwaliteit",
  "http://standaarden.overheid.nl/owms/terms/Ministerie_van_Landbouw,_Natuur_en_Voedselkwaliteit",
  "https://data.overheid.nl/organisatie/PDOK"
]

14:45:12.015 [ForkJoinPool-1-worker-3] INFO  com.intuit.karate - [print]
14:45:12.015 [ForkJoinPool-1-worker-3] INFO  com.intuit.karate - [print] testing xlinkurl:http://standaarden.overheid.nl/owms/terms/Ministerie_van_Landbouw,_Natuur_en_Voedselkwaliteit
14:45:12.033 [ForkJoinPool-1-worker-11] ERROR com.intuit.karate - status code was: 404, expected: 200, response time: 379, url: http://geonetwork-opensource.org/inspire-theme#, response: 
14:45:12.033 [ForkJoinPool-1-worker-11] ERROR com.intuit.karate - feature call (loop) failed at index: 2
caller: classpath:InspireTest/ngr/datasetrecords/def/checkxlinkurl.template.feature
arg: {"link":"http://geonetwork-opensource.org/inspire-theme#"}
checkxlinkurl.template.feature:15 - status code was: 404, expected: 200, response time: 379, url: http://geonetwork-opensource.org/inspire-theme#, response: 
14:45:12.034 [ForkJoinPool-1-worker-11] INFO  com.intuit.karate - [print]
14:45:12.034 [ForkJoinPool-1-worker-11] INFO  com.intuit.karate - [print] testing xlinkurl:https://www.nationaalgeoregister.nl/geonetwork/srv/eng/thesaurus.download?ref=external.theme.inspire-theme
14:45:12.208 [ForkJoinPool-1-worker-9] INFO  com.intuit.karate - [print] title:Gemeten Stikstofmonoxide concentraties in buitenlucht.
14:45:12.209 [ForkJoinPool-1-worker-9] INFO  com.intuit.karate - [print] Gemeten Stikstofmonoxide concentraties in buitenlucht.
14:45:12.210 [ForkJoinPool-1-worker-9] INFO  com.intuit.karate - [print] [
  "geodata@rivm.nl",
  "geodata@rivm.nl"
]

14:45:12.211 [ForkJoinPool-1-worker-9] INFO  com.intuit.karate - [print] organisation: no organisationName found in dataset record
14:45:12.217 [ForkJoinPool-1-worker-9] INFO  com.intuit.karate - [print] [
  "https://data.rivm.nl/inspire/id#b867ba72-5a7c-41fe-b997-394b56dfbd25"
]

14:45:12.222 [ForkJoinPool-1-worker-9] INFO  com.intuit.karate - [print]
14:45:12.222 [ForkJoinPool-1-worker-9] INFO  com.intuit.karate - [print] testing xlinkurl:https://data.rivm.nl/inspire/id#b867ba72-5a7c-41fe-b997-394b56dfbd25
14:45:12.343 [ForkJoinPool-1-worker-11] ERROR com.intuit.karate - status code was: 500, expected: 200, response time: 309, url: https://www.nationaalgeoregister.nl/geonetwork/srv/eng/thesaurus.download?ref=external.theme.inspire-theme, response: 
14:45:12.343 [ForkJoinPool-1-worker-11] ERROR com.intuit.karate - feature call (loop) failed at index: 3
caller: classpath:InspireTest/ngr/datasetrecords/def/checkxlinkurl.template.feature
arg: {"link":"https://www.nationaalgeoregister.nl/geonetwork/srv/eng/thesaurus.download?ref=external.theme.inspire-theme"}
checkxlinkurl.template.feature:15 - status code was: 500, expected: 200, response time: 309, url: https://www.nationaalgeoregister.nl/geonetwork/srv/eng/thesaurus.download?ref=external.theme.inspire-theme, response: 
14:45:12.413 [ForkJoinPool-1-worker-13] INFO  com.intuit.karate - [print]
14:45:12.413 [ForkJoinPool-1-worker-13] INFO  com.intuit.karate - [print] testing xlinkurl:https://creativecommons.org/publicdomain/mark/*/deed.nl
14:45:12.432 [ForkJoinPool-1-worker-5] INFO  com.intuit.karate - [print] title:Kwaliteit van drinkwater in Nederland (2012)
14:45:12.433 [ForkJoinPool-1-worker-5] INFO  com.intuit.karate - [print] Kwaliteit van drinkwater in Nederland (2012)
14:45:12.434 [ForkJoinPool-1-worker-5] INFO  com.intuit.karate - [print] [
  "geodata@rivm.nl",
  "",
  "geodata@rivm.nl"
]

14:45:12.435 [ForkJoinPool-1-worker-5] INFO  com.intuit.karate - [print] organisation: [
  "RIVM",
  ""
]

14:45:12.440 [ForkJoinPool-1-worker-5] INFO  com.intuit.karate - [print] [
  "https://data.rivm.nl/inspire/id#a98a6cdb-61cd-4107-b775-2334e6772ed5"
]

14:45:12.440 [ForkJoinPool-1-worker-13] ERROR com.intuit.karate - status code was: 404, expected: 200, response time: 27, url: https://creativecommons.org/publicdomain/mark/*/deed.nl, response: 
14:45:12.441 [ForkJoinPool-1-worker-13] ERROR com.intuit.karate - feature call (loop) failed at index: 2
caller: classpath:InspireTest/ngr/datasetrecords/def/checkxlinkurl.template.feature
arg: {"link":"https://creativecommons.org/publicdomain/mark/*/deed.nl"}
checkxlinkurl.template.feature:15 - status code was: 404, expected: 200, response time: 27, url: https://creativecommons.org/publicdomain/mark/*/deed.nl, response: 
14:45:12.442 [ForkJoinPool-1-worker-13] INFO  com.intuit.karate - [print]
14:45:12.443 [ForkJoinPool-1-worker-13] INFO  com.intuit.karate - [print] testing xlinkurl:
14:45:12.443 [ForkJoinPool-1-worker-13] ERROR com.intuit.karate - org.apache.http.client.ClientProtocolException, http call failed after 0 milliseconds for URL: 
14:45:12.444 [ForkJoinPool-1-worker-13] ERROR com.intuit.karate - http request failed: 
org.apache.http.client.ClientProtocolException
14:45:12.444 [ForkJoinPool-1-worker-13] ERROR com.intuit.karate - feature call (loop) failed at index: 3
caller: classpath:InspireTest/ngr/datasetrecords/def/checkxlinkurl.template.feature
arg: {"link":""}
checkxlinkurl.template.feature:14 - 
org.apache.http.client.ClientProtocolException
14:45:12.449 [ForkJoinPool-1-worker-5] INFO  com.intuit.karate - [print]
14:45:12.449 [ForkJoinPool-1-worker-5] INFO  com.intuit.karate - [print] testing xlinkurl:https://data.rivm.nl/inspire/id#a98a6cdb-61cd-4107-b775-2334e6772ed5
14:45:12.563 [ForkJoinPool-1-worker-9] ERROR com.intuit.karate - javax.net.ssl.SSLException: Connection reset, http call failed after 339 milliseconds for URL: https://data.rivm.nl/inspire/id#b867ba72-5a7c-41fe-b997-394b56dfbd25
14:45:12.563 [ForkJoinPool-1-worker-9] ERROR com.intuit.karate - http request failed: 
javax.net.ssl.SSLException: Connection reset
14:45:12.563 [ForkJoinPool-1-worker-9] ERROR com.intuit.karate - feature call (loop) failed at index: 0
caller: classpath:InspireTest/ngr/datasetrecords/def/checkxlinkurl.template.feature
arg: {"link":"https://data.rivm.nl/inspire/id#b867ba72-5a7c-41fe-b997-394b56dfbd25"}
checkxlinkurl.template.feature:14 - 
javax.net.ssl.SSLException: Connection reset
14:45:12.588 [ForkJoinPool-1-worker-3] INFO  com.intuit.karate - [print]
14:45:12.589 [ForkJoinPool-1-worker-3] INFO  com.intuit.karate - [print] testing xlinkurl:http://nationaalgeoregister.nl/geonetwork/srv/dut/catalog.search#/metadata/19165027-a13a-4c19-9013-ec1fd191019d
14:45:12.672 [ForkJoinPool-1-worker-11] INFO  com.intuit.karate - [print] title:Luchtvaartinformatie
14:45:12.672 [ForkJoinPool-1-worker-11] INFO  com.intuit.karate - [print] Luchtvaartinformatie
14:45:12.673 [ForkJoinPool-1-worker-11] INFO  com.intuit.karate - [print] [
  "AIS@LVNL.NL",
  "AIS@LVNL.nl"
]

14:45:12.674 [ForkJoinPool-1-worker-11] INFO  com.intuit.karate - [print] organisation: [
  "Luchtverkeersleiding Nederland (LVNL)",
  "Luchtverkeersleiding Nederland (LVNL)"
]

14:45:12.678 [ForkJoinPool-1-worker-11] INFO  com.intuit.karate - [print] [
  "u",
  "r",
  "n",
  ":",
  "o",
  "g",
  "c",
  ":",
  "d",
  "e",
  "f",
  ":",
  "c",
  "r",
  "s",
  ":",
  "E",
  "P",
  "S",
  "G",
  ":",
  ":",
  "5",
  "6",
  "2",
  "1"
]

14:45:12.689 [ForkJoinPool-1-worker-11] INFO  com.intuit.karate - [print]
14:45:12.689 [ForkJoinPool-1-worker-11] INFO  com.intuit.karate - [print] testing xlinkurl:u
14:45:12.690 [ForkJoinPool-1-worker-11] ERROR com.intuit.karate - org.apache.http.client.ClientProtocolException, http call failed after 0 milliseconds for URL: u
14:45:12.690 [ForkJoinPool-1-worker-11] ERROR com.intuit.karate - http request failed: 
org.apache.http.client.ClientProtocolException
14:45:12.690 [ForkJoinPool-1-worker-11] ERROR com.intuit.karate - feature call (loop) failed at index: 0
caller: classpath:InspireTest/ngr/datasetrecords/def/checkxlinkurl.template.feature
arg: {"link":"u"}
checkxlinkurl.template.feature:14 - 
org.apache.http.client.ClientProtocolException
14:45:12.696 [ForkJoinPool-1-worker-11] INFO  com.intuit.karate - [print]
14:45:12.696 [ForkJoinPool-1-worker-11] INFO  com.intuit.karate - [print] testing xlinkurl:r
14:45:12.696 [ForkJoinPool-1-worker-11] ERROR com.intuit.karate - org.apache.http.client.ClientProtocolException, http call failed after 0 milliseconds for URL: r
14:45:12.697 [ForkJoinPool-1-worker-11] ERROR com.intuit.karate - http request failed: 
org.apache.http.client.ClientProtocolException
14:45:12.697 [ForkJoinPool-1-worker-11] ERROR com.intuit.karate - feature call (loop) failed at index: 1
caller: classpath:InspireTest/ngr/datasetrecords/def/checkxlinkurl.template.feature
arg: {"link":"r"}
checkxlinkurl.template.feature:14 - 
org.apache.http.client.ClientProtocolException
14:45:12.697 [ForkJoinPool-1-worker-11] INFO  com.intuit.karate - [print]
14:45:12.697 [ForkJoinPool-1-worker-11] INFO  com.intuit.karate - [print] testing xlinkurl:n
14:45:12.698 [ForkJoinPool-1-worker-11] ERROR com.intuit.karate - org.apache.http.client.ClientProtocolException, http call failed after 0 milliseconds for URL: n
14:45:12.698 [ForkJoinPool-1-worker-11] ERROR com.intuit.karate - http request failed: 
org.apache.http.client.ClientProtocolException
14:45:12.698 [ForkJoinPool-1-worker-11] ERROR com.intuit.karate - feature call (loop) failed at index: 2
caller: classpath:InspireTest/ngr/datasetrecords/def/checkxlinkurl.template.feature
arg: {"link":"n"}
checkxlinkurl.template.feature:14 - 
org.apache.http.client.ClientProtocolException
14:45:12.699 [ForkJoinPool-1-worker-11] INFO  com.intuit.karate - [print]
14:45:12.699 [ForkJoinPool-1-worker-11] INFO  com.intuit.karate - [print] testing xlinkurl::
14:45:12.699 [ForkJoinPool-1-worker-11] ERROR com.intuit.karate - http request failed: java.net.URISyntaxException: Expected scheme name at index 0: :
14:45:12.700 [ForkJoinPool-1-worker-11] ERROR com.intuit.karate - feature call (loop) failed at index: 3
caller: classpath:InspireTest/ngr/datasetrecords/def/checkxlinkurl.template.feature
arg: {"link":":"}
checkxlinkurl.template.feature:14 - java.net.URISyntaxException: Expected scheme name at index 0: :
14:45:12.700 [ForkJoinPool-1-worker-11] INFO  com.intuit.karate - [print]
14:45:12.700 [ForkJoinPool-1-worker-11] INFO  com.intuit.karate - [print] testing xlinkurl:o
14:45:12.701 [ForkJoinPool-1-worker-11] ERROR com.intuit.karate - org.apache.http.client.ClientProtocolException, http call failed after 0 milliseconds for URL: o
14:45:12.701 [ForkJoinPool-1-worker-11] ERROR com.intuit.karate - http request failed: 
org.apache.http.client.ClientProtocolException
14:45:12.701 [ForkJoinPool-1-worker-11] ERROR com.intuit.karate - feature call (loop) failed at index: 4
caller: classpath:InspireTest/ngr/datasetrecords/def/checkxlinkurl.template.feature
arg: {"link":"o"}
checkxlinkurl.template.feature:14 - 
org.apache.http.client.ClientProtocolException
14:45:12.702 [ForkJoinPool-1-worker-11] INFO  com.intuit.karate - [print]
14:45:12.702 [ForkJoinPool-1-worker-11] INFO  com.intuit.karate - [print] testing xlinkurl:g
14:45:12.702 [ForkJoinPool-1-worker-11] ERROR com.intuit.karate - org.apache.http.client.ClientProtocolException, http call failed after 0 milliseconds for URL: g
14:45:12.702 [ForkJoinPool-1-worker-11] ERROR com.intuit.karate - http request failed: 
org.apache.http.client.ClientProtocolException
14:45:12.702 [ForkJoinPool-1-worker-11] ERROR com.intuit.karate - feature call (loop) failed at index: 5
caller: classpath:InspireTest/ngr/datasetrecords/def/checkxlinkurl.template.feature
arg: {"link":"g"}
checkxlinkurl.template.feature:14 - 
org.apache.http.client.ClientProtocolException
14:45:12.704 [ForkJoinPool-1-worker-11] INFO  com.intuit.karate - [print]
14:45:12.704 [ForkJoinPool-1-worker-11] INFO  com.intuit.karate - [print] testing xlinkurl:c
14:45:12.704 [ForkJoinPool-1-worker-11] ERROR com.intuit.karate - org.apache.http.client.ClientProtocolException, http call failed after 0 milliseconds for URL: c
14:45:12.704 [ForkJoinPool-1-worker-11] ERROR com.intuit.karate - http request failed: 
org.apache.http.client.ClientProtocolException
14:45:12.704 [ForkJoinPool-1-worker-11] ERROR com.intuit.karate - feature call (loop) failed at index: 6
caller: classpath:InspireTest/ngr/datasetrecords/def/checkxlinkurl.template.feature
arg: {"link":"c"}
checkxlinkurl.template.feature:14 - 
org.apache.http.client.ClientProtocolException
14:45:12.705 [ForkJoinPool-1-worker-11] INFO  com.intuit.karate - [print]
14:45:12.705 [ForkJoinPool-1-worker-11] INFO  com.intuit.karate - [print] testing xlinkurl::
14:45:12.706 [ForkJoinPool-1-worker-11] ERROR com.intuit.karate - http request failed: java.net.URISyntaxException: Expected scheme name at index 0: :
14:45:12.706 [ForkJoinPool-1-worker-11] ERROR com.intuit.karate - feature call (loop) failed at index: 7
caller: classpath:InspireTest/ngr/datasetrecords/def/checkxlinkurl.template.feature
arg: {"link":":"}
checkxlinkurl.template.feature:14 - java.net.URISyntaxException: Expected scheme name at index 0: :
14:45:12.706 [ForkJoinPool-1-worker-11] INFO  com.intuit.karate - [print]
14:45:12.706 [ForkJoinPool-1-worker-11] INFO  com.intuit.karate - [print] testing xlinkurl:d
14:45:12.707 [ForkJoinPool-1-worker-11] ERROR com.intuit.karate - org.apache.http.client.ClientProtocolException, http call failed after 0 milliseconds for URL: d
14:45:12.707 [ForkJoinPool-1-worker-11] ERROR com.intuit.karate - http request failed: 
org.apache.http.client.ClientProtocolException
14:45:12.707 [ForkJoinPool-1-worker-11] ERROR com.intuit.karate - feature call (loop) failed at index: 8
caller: classpath:InspireTest/ngr/datasetrecords/def/checkxlinkurl.template.feature
arg: {"link":"d"}
checkxlinkurl.template.feature:14 - 
org.apache.http.client.ClientProtocolException
14:45:12.707 [ForkJoinPool-1-worker-11] INFO  com.intuit.karate - [print]
14:45:12.708 [ForkJoinPool-1-worker-11] INFO  com.intuit.karate - [print] testing xlinkurl:e
14:45:12.708 [ForkJoinPool-1-worker-11] ERROR com.intuit.karate - org.apache.http.client.ClientProtocolException, http call failed after 0 milliseconds for URL: e
14:45:12.708 [ForkJoinPool-1-worker-11] ERROR com.intuit.karate - http request failed: 
org.apache.http.client.ClientProtocolException
14:45:12.708 [ForkJoinPool-1-worker-11] ERROR com.intuit.karate - feature call (loop) failed at index: 9
caller: classpath:InspireTest/ngr/datasetrecords/def/checkxlinkurl.template.feature
arg: {"link":"e"}
checkxlinkurl.template.feature:14 - 
org.apache.http.client.ClientProtocolException
14:45:12.709 [ForkJoinPool-1-worker-11] INFO  com.intuit.karate - [print]
14:45:12.709 [ForkJoinPool-1-worker-11] INFO  com.intuit.karate - [print] testing xlinkurl:f
14:45:12.709 [ForkJoinPool-1-worker-11] ERROR com.intuit.karate - org.apache.http.client.ClientProtocolException, http call failed after 0 milliseconds for URL: f
14:45:12.709 [ForkJoinPool-1-worker-11] ERROR com.intuit.karate - http request failed: 
org.apache.http.client.ClientProtocolException
14:45:12.709 [ForkJoinPool-1-worker-11] ERROR com.intuit.karate - feature call (loop) failed at index: 10
caller: classpath:InspireTest/ngr/datasetrecords/def/checkxlinkurl.template.feature
arg: {"link":"f"}
checkxlinkurl.template.feature:14 - 
org.apache.http.client.ClientProtocolException
14:45:12.710 [ForkJoinPool-1-worker-11] INFO  com.intuit.karate - [print]
14:45:12.710 [ForkJoinPool-1-worker-11] INFO  com.intuit.karate - [print] testing xlinkurl::
14:45:12.710 [ForkJoinPool-1-worker-11] ERROR com.intuit.karate - http request failed: java.net.URISyntaxException: Expected scheme name at index 0: :
14:45:12.710 [ForkJoinPool-1-worker-11] ERROR com.intuit.karate - feature call (loop) failed at index: 11
caller: classpath:InspireTest/ngr/datasetrecords/def/checkxlinkurl.template.feature
arg: {"link":":"}
checkxlinkurl.template.feature:14 - java.net.URISyntaxException: Expected scheme name at index 0: :
14:45:12.711 [ForkJoinPool-1-worker-11] INFO  com.intuit.karate - [print]
14:45:12.711 [ForkJoinPool-1-worker-11] INFO  com.intuit.karate - [print] testing xlinkurl:c
14:45:12.711 [ForkJoinPool-1-worker-11] ERROR com.intuit.karate - org.apache.http.client.ClientProtocolException, http call failed after 0 milliseconds for URL: c
14:45:12.711 [ForkJoinPool-1-worker-11] ERROR com.intuit.karate - http request failed: 
org.apache.http.client.ClientProtocolException
14:45:12.711 [ForkJoinPool-1-worker-11] ERROR com.intuit.karate - feature call (loop) failed at index: 12
caller: classpath:InspireTest/ngr/datasetrecords/def/checkxlinkurl.template.feature
arg: {"link":"c"}
checkxlinkurl.template.feature:14 - 
org.apache.http.client.ClientProtocolException
14:45:12.712 [ForkJoinPool-1-worker-11] INFO  com.intuit.karate - [print]
14:45:12.712 [ForkJoinPool-1-worker-11] INFO  com.intuit.karate - [print] testing xlinkurl:r
14:45:12.712 [ForkJoinPool-1-worker-11] ERROR com.intuit.karate - org.apache.http.client.ClientProtocolException, http call failed after 0 milliseconds for URL: r
14:45:12.712 [ForkJoinPool-1-worker-11] ERROR com.intuit.karate - http request failed: 
org.apache.http.client.ClientProtocolException
14:45:12.713 [ForkJoinPool-1-worker-11] ERROR com.intuit.karate - feature call (loop) failed at index: 13
caller: classpath:InspireTest/ngr/datasetrecords/def/checkxlinkurl.template.feature
arg: {"link":"r"}
checkxlinkurl.template.feature:14 - 
org.apache.http.client.ClientProtocolException
14:45:12.713 [ForkJoinPool-1-worker-11] INFO  com.intuit.karate - [print]
14:45:12.713 [ForkJoinPool-1-worker-11] INFO  com.intuit.karate - [print] testing xlinkurl:s
14:45:12.714 [ForkJoinPool-1-worker-11] ERROR com.intuit.karate - org.apache.http.client.ClientProtocolException, http call failed after 0 milliseconds for URL: s
14:45:12.714 [ForkJoinPool-1-worker-11] ERROR com.intuit.karate - http request failed: 
org.apache.http.client.ClientProtocolException
14:45:12.714 [ForkJoinPool-1-worker-11] ERROR com.intuit.karate - feature call (loop) failed at index: 14
caller: classpath:InspireTest/ngr/datasetrecords/def/checkxlinkurl.template.feature
arg: {"link":"s"}
checkxlinkurl.template.feature:14 - 
org.apache.http.client.ClientProtocolException
14:45:12.714 [ForkJoinPool-1-worker-11] INFO  com.intuit.karate - [print]
14:45:12.715 [ForkJoinPool-1-worker-11] INFO  com.intuit.karate - [print] testing xlinkurl::
14:45:12.715 [ForkJoinPool-1-worker-11] ERROR com.intuit.karate - http request failed: java.net.URISyntaxException: Expected scheme name at index 0: :
14:45:12.715 [ForkJoinPool-1-worker-11] ERROR com.intuit.karate - feature call (loop) failed at index: 15
caller: classpath:InspireTest/ngr/datasetrecords/def/checkxlinkurl.template.feature
arg: {"link":":"}
checkxlinkurl.template.feature:14 - java.net.URISyntaxException: Expected scheme name at index 0: :
14:45:12.715 [ForkJoinPool-1-worker-11] INFO  com.intuit.karate - [print]
14:45:12.716 [ForkJoinPool-1-worker-11] INFO  com.intuit.karate - [print] testing xlinkurl:E
14:45:12.716 [ForkJoinPool-1-worker-11] ERROR com.intuit.karate - org.apache.http.client.ClientProtocolException, http call failed after 0 milliseconds for URL: E
14:45:12.716 [ForkJoinPool-1-worker-11] ERROR com.intuit.karate - http request failed: 
org.apache.http.client.ClientProtocolException
14:45:12.716 [ForkJoinPool-1-worker-11] ERROR com.intuit.karate - feature call (loop) failed at index: 16
caller: classpath:InspireTest/ngr/datasetrecords/def/checkxlinkurl.template.feature
arg: {"link":"E"}
checkxlinkurl.template.feature:14 - 
org.apache.http.client.ClientProtocolException
14:45:12.717 [ForkJoinPool-1-worker-11] INFO  com.intuit.karate - [print]
14:45:12.717 [ForkJoinPool-1-worker-11] INFO  com.intuit.karate - [print] testing xlinkurl:P
14:45:12.717 [ForkJoinPool-1-worker-11] ERROR com.intuit.karate - org.apache.http.client.ClientProtocolException, http call failed after 0 milliseconds for URL: P
14:45:12.717 [ForkJoinPool-1-worker-11] ERROR com.intuit.karate - http request failed: 
org.apache.http.client.ClientProtocolException
14:45:12.717 [ForkJoinPool-1-worker-11] ERROR com.intuit.karate - feature call (loop) failed at index: 17
caller: classpath:InspireTest/ngr/datasetrecords/def/checkxlinkurl.template.feature
arg: {"link":"P"}
checkxlinkurl.template.feature:14 - 
org.apache.http.client.ClientProtocolException
14:45:12.718 [ForkJoinPool-1-worker-11] INFO  com.intuit.karate - [print]
14:45:12.718 [ForkJoinPool-1-worker-11] INFO  com.intuit.karate - [print] testing xlinkurl:S
14:45:12.718 [ForkJoinPool-1-worker-11] ERROR com.intuit.karate - org.apache.http.client.ClientProtocolException, http call failed after 0 milliseconds for URL: S
14:45:12.718 [ForkJoinPool-1-worker-11] ERROR com.intuit.karate - http request failed: 
org.apache.http.client.ClientProtocolException
14:45:12.718 [ForkJoinPool-1-worker-11] ERROR com.intuit.karate - feature call (loop) failed at index: 18
caller: classpath:InspireTest/ngr/datasetrecords/def/checkxlinkurl.template.feature
arg: {"link":"S"}
checkxlinkurl.template.feature:14 - 
org.apache.http.client.ClientProtocolException
14:45:12.719 [ForkJoinPool-1-worker-11] INFO  com.intuit.karate - [print]
14:45:12.719 [ForkJoinPool-1-worker-11] INFO  com.intuit.karate - [print] testing xlinkurl:G
14:45:12.719 [ForkJoinPool-1-worker-11] ERROR com.intuit.karate - org.apache.http.client.ClientProtocolException, http call failed after 0 milliseconds for URL: G
14:45:12.719 [ForkJoinPool-1-worker-11] ERROR com.intuit.karate - http request failed: 
org.apache.http.client.ClientProtocolException
14:45:12.719 [ForkJoinPool-1-worker-11] ERROR com.intuit.karate - feature call (loop) failed at index: 19
caller: classpath:InspireTest/ngr/datasetrecords/def/checkxlinkurl.template.feature
arg: {"link":"G"}
checkxlinkurl.template.feature:14 - 
org.apache.http.client.ClientProtocolException
14:45:12.720 [ForkJoinPool-1-worker-11] INFO  com.intuit.karate - [print]
14:45:12.720 [ForkJoinPool-1-worker-11] INFO  com.intuit.karate - [print] testing xlinkurl::
14:45:12.720 [ForkJoinPool-1-worker-11] ERROR com.intuit.karate - http request failed: java.net.URISyntaxException: Expected scheme name at index 0: :
14:45:12.720 [ForkJoinPool-1-worker-11] ERROR com.intuit.karate - feature call (loop) failed at index: 20
caller: classpath:InspireTest/ngr/datasetrecords/def/checkxlinkurl.template.feature
arg: {"link":":"}
checkxlinkurl.template.feature:14 - java.net.URISyntaxException: Expected scheme name at index 0: :
14:45:12.721 [ForkJoinPool-1-worker-11] INFO  com.intuit.karate - [print]
14:45:12.721 [ForkJoinPool-1-worker-11] INFO  com.intuit.karate - [print] testing xlinkurl::
14:45:12.721 [ForkJoinPool-1-worker-11] ERROR com.intuit.karate - http request failed: java.net.URISyntaxException: Expected scheme name at index 0: :
14:45:12.721 [ForkJoinPool-1-worker-11] ERROR com.intuit.karate - feature call (loop) failed at index: 21
caller: classpath:InspireTest/ngr/datasetrecords/def/checkxlinkurl.template.feature
arg: {"link":":"}
checkxlinkurl.template.feature:14 - java.net.URISyntaxException: Expected scheme name at index 0: :
14:45:12.721 [ForkJoinPool-1-worker-11] INFO  com.intuit.karate - [print]
14:45:12.722 [ForkJoinPool-1-worker-11] INFO  com.intuit.karate - [print] testing xlinkurl:5
14:45:12.722 [ForkJoinPool-1-worker-11] ERROR com.intuit.karate - org.apache.http.client.ClientProtocolException, http call failed after 0 milliseconds for URL: 5
14:45:12.722 [ForkJoinPool-1-worker-11] ERROR com.intuit.karate - http request failed: 
org.apache.http.client.ClientProtocolException
14:45:12.722 [ForkJoinPool-1-worker-11] ERROR com.intuit.karate - feature call (loop) failed at index: 22
caller: classpath:InspireTest/ngr/datasetrecords/def/checkxlinkurl.template.feature
arg: {"link":"5"}
checkxlinkurl.template.feature:14 - 
org.apache.http.client.ClientProtocolException
14:45:12.722 [ForkJoinPool-1-worker-11] INFO  com.intuit.karate - [print]
14:45:12.723 [ForkJoinPool-1-worker-11] INFO  com.intuit.karate - [print] testing xlinkurl:6
14:45:12.723 [ForkJoinPool-1-worker-11] ERROR com.intuit.karate - org.apache.http.client.ClientProtocolException, http call failed after 0 milliseconds for URL: 6
14:45:12.723 [ForkJoinPool-1-worker-11] ERROR com.intuit.karate - http request failed: 
org.apache.http.client.ClientProtocolException
14:45:12.723 [ForkJoinPool-1-worker-11] ERROR com.intuit.karate - feature call (loop) failed at index: 23
caller: classpath:InspireTest/ngr/datasetrecords/def/checkxlinkurl.template.feature
arg: {"link":"6"}
checkxlinkurl.template.feature:14 - 
org.apache.http.client.ClientProtocolException
14:45:12.724 [ForkJoinPool-1-worker-11] INFO  com.intuit.karate - [print]
14:45:12.724 [ForkJoinPool-1-worker-11] INFO  com.intuit.karate - [print] testing xlinkurl:2
14:45:12.724 [ForkJoinPool-1-worker-11] ERROR com.intuit.karate - org.apache.http.client.ClientProtocolException, http call failed after 0 milliseconds for URL: 2
14:45:12.724 [ForkJoinPool-1-worker-11] ERROR com.intuit.karate - http request failed: 
org.apache.http.client.ClientProtocolException
14:45:12.725 [ForkJoinPool-1-worker-11] ERROR com.intuit.karate - feature call (loop) failed at index: 24
caller: classpath:InspireTest/ngr/datasetrecords/def/checkxlinkurl.template.feature
arg: {"link":"2"}
checkxlinkurl.template.feature:14 - 
org.apache.http.client.ClientProtocolException
14:45:12.725 [ForkJoinPool-1-worker-11] INFO  com.intuit.karate - [print]
14:45:12.725 [ForkJoinPool-1-worker-11] INFO  com.intuit.karate - [print] testing xlinkurl:1
14:45:12.726 [ForkJoinPool-1-worker-11] ERROR com.intuit.karate - org.apache.http.client.ClientProtocolException, http call failed after 0 milliseconds for URL: 1
14:45:12.726 [ForkJoinPool-1-worker-11] ERROR com.intuit.karate - http request failed: 
org.apache.http.client.ClientProtocolException
14:45:12.726 [ForkJoinPool-1-worker-11] ERROR com.intuit.karate - feature call (loop) failed at index: 25
caller: classpath:InspireTest/ngr/datasetrecords/def/checkxlinkurl.template.feature
arg: {"link":"1"}
checkxlinkurl.template.feature:14 - 
org.apache.http.client.ClientProtocolException
14:45:12.769 [ForkJoinPool-1-worker-7] ERROR com.intuit.karate - status code was: 404, expected: 200, response time: 673, url: https://data.overheid.nl/organisatie/PDOK, response: 
14:45:12.769 [ForkJoinPool-1-worker-7] ERROR com.intuit.karate - feature call (loop) failed at index: 4
caller: classpath:InspireTest/ngr/datasetrecords/def/checkxlinkurl.template.feature
arg: {"link":"https://data.overheid.nl/organisatie/PDOK"}
checkxlinkurl.template.feature:15 - status code was: 404, expected: 200, response time: 673, url: https://data.overheid.nl/organisatie/PDOK, response: 
14:45:12.789 [ForkJoinPool-1-worker-5] ERROR com.intuit.karate - javax.net.ssl.SSLException: Connection reset, http call failed after 339 milliseconds for URL: https://data.rivm.nl/inspire/id#a98a6cdb-61cd-4107-b775-2334e6772ed5
14:45:12.789 [ForkJoinPool-1-worker-5] ERROR com.intuit.karate - http request failed: 
javax.net.ssl.SSLException: Connection reset
14:45:12.789 [ForkJoinPool-1-worker-5] ERROR com.intuit.karate - feature call (loop) failed at index: 0
caller: classpath:InspireTest/ngr/datasetrecords/def/checkxlinkurl.template.feature
arg: {"link":"https://data.rivm.nl/inspire/id#a98a6cdb-61cd-4107-b775-2334e6772ed5"}
checkxlinkurl.template.feature:14 - 
javax.net.ssl.SSLException: Connection reset
14:45:12.797 [ForkJoinPool-1-worker-3] INFO  com.intuit.karate - [print]
14:45:12.797 [ForkJoinPool-1-worker-3] INFO  com.intuit.karate - [print] testing xlinkurl:http://standaarden.overheid.nl/owms/terms/Ministerie_van_Landbouw,_Natuur_en_Voedselkwaliteit
14:45:13.031 [ForkJoinPool-1-worker-13] INFO  com.intuit.karate - [print] title:Wijk- en Buurtkaart 2019 versie 1
14:45:13.032 [ForkJoinPool-1-worker-13] INFO  com.intuit.karate - [print] Wijk- en Buurtkaart 2019 versie 1
14:45:13.033 [ForkJoinPool-1-worker-13] INFO  com.intuit.karate - [print] [
  "infoservice@cbs.nl",
  "infoservice@cbs.nl",
  "infoservice@cbs.nl",
  "",
  ""
]

14:45:13.037 [ForkJoinPool-1-worker-13] INFO  com.intuit.karate - [print] organisation: [
  "Centraal Bureau voor de Statistiek",
  "Centraal Bureau voor de Statistiek",
  "Centraal Bureau voor de Statistiek",
  "Kadaster"
]

14:45:13.043 [ForkJoinPool-1-worker-13] INFO  com.intuit.karate - [print] [
  ""
]

14:45:13.047 [ForkJoinPool-1-worker-13] INFO  com.intuit.karate - [print]
14:45:13.048 [ForkJoinPool-1-worker-13] INFO  com.intuit.karate - [print] testing xlinkurl:
14:45:13.049 [ForkJoinPool-1-worker-13] ERROR com.intuit.karate - org.apache.http.client.ClientProtocolException, http call failed after 0 milliseconds for URL: 
14:45:13.049 [ForkJoinPool-1-worker-13] ERROR com.intuit.karate - http request failed: 
org.apache.http.client.ClientProtocolException
14:45:13.050 [ForkJoinPool-1-worker-13] ERROR com.intuit.karate - feature call (loop) failed at index: 0
caller: classpath:InspireTest/ngr/datasetrecords/def/checkxlinkurl.template.feature
arg: {"link":""}
checkxlinkurl.template.feature:14 - 
org.apache.http.client.ClientProtocolException
14:45:13.156 [ForkJoinPool-1-worker-9] INFO  com.intuit.karate - [print] title:Geluidkaart hoofdspoornet 2016 (Lden)
14:45:13.156 [ForkJoinPool-1-worker-9] INFO  com.intuit.karate - [print] Geluidkaart hoofdspoornet 2016 (Lden)
14:45:13.157 [ForkJoinPool-1-worker-9] INFO  com.intuit.karate - [print] [
  "sylvia.koolmees@minienw.nl",
  "sylvia.koolmees@minienw.nl"
]

14:45:13.158 [ForkJoinPool-1-worker-9] INFO  com.intuit.karate - [print] organisation: [
  "Ministerie van IenW",
  "Ministerie van IenW"
]

14:45:13.162 [ForkJoinPool-1-worker-9] INFO  com.intuit.karate - [print] [
  "https://www.nationaalgeoregister.nl/geonetwork/srv/api/recordsc3c004ad-5387-4b00-a225-9afbcaa5d31b"
]

14:45:13.164 [ForkJoinPool-1-worker-9] INFO  com.intuit.karate - [print]
14:45:13.164 [ForkJoinPool-1-worker-9] INFO  com.intuit.karate - [print] testing xlinkurl:https://www.nationaalgeoregister.nl/geonetwork/srv/api/recordsc3c004ad-5387-4b00-a225-9afbcaa5d31b
14:45:13.325 [ForkJoinPool-1-worker-11] INFO  com.intuit.karate - [print] title:Gemeten Ozon concentraties in buitenlucht.
14:45:13.325 [ForkJoinPool-1-worker-11] INFO  com.intuit.karate - [print] Gemeten Ozon concentraties in buitenlucht.
14:45:13.325 [ForkJoinPool-1-worker-11] INFO  com.intuit.karate - [print] [
  "geodata@rivm.nl",
  "geodata@rivm.nl"
]

14:45:13.326 [ForkJoinPool-1-worker-11] INFO  com.intuit.karate - [print] organisation: no organisationName found in dataset record
14:45:13.329 [ForkJoinPool-1-worker-11] INFO  com.intuit.karate - [print] [
  "https://data.rivm.nl/inspire/id#fd9c4f87-026e-4681-8d94-9702f3c83078"
]

14:45:13.332 [ForkJoinPool-1-worker-11] INFO  com.intuit.karate - [print]
14:45:13.332 [ForkJoinPool-1-worker-11] INFO  com.intuit.karate - [print] testing xlinkurl:https://data.rivm.nl/inspire/id#fd9c4f87-026e-4681-8d94-9702f3c83078
14:45:13.406 [ForkJoinPool-1-worker-3] INFO  com.intuit.karate - [print]
14:45:13.406 [ForkJoinPool-1-worker-3] INFO  com.intuit.karate - [print] testing xlinkurl:http://standaarden.overheid.nl/owms/terms/Ministerie_van_Landbouw,_Natuur_en_Voedselkwaliteit
14:45:13.462 [ForkJoinPool-1-worker-7] INFO  com.intuit.karate - [print] title:Stads- en Dorpsgezichten
14:45:13.463 [ForkJoinPool-1-worker-7] INFO  com.intuit.karate - [print] Stads- en Dorpsgezichten
14:45:13.464 [ForkJoinPool-1-worker-9] ERROR com.intuit.karate - status code was: 500, expected: 200, response time: 298, url: https://www.nationaalgeoregister.nl/geonetwork/srv/api/recordsc3c004ad-5387-4b00-a225-9afbcaa5d31b, response: 
14:45:13.464 [ForkJoinPool-1-worker-9] ERROR com.intuit.karate - feature call (loop) failed at index: 0
caller: classpath:InspireTest/ngr/datasetrecords/def/checkxlinkurl.template.feature
arg: {"link":"https://www.nationaalgeoregister.nl/geonetwork/srv/api/recordsc3c004ad-5387-4b00-a225-9afbcaa5d31b"}
checkxlinkurl.template.feature:15 - status code was: 500, expected: 200, response time: 298, url: https://www.nationaalgeoregister.nl/geonetwork/srv/api/recordsc3c004ad-5387-4b00-a225-9afbcaa5d31b, response: 
14:45:13.465 [ForkJoinPool-1-worker-7] INFO  com.intuit.karate - [print] [
  "info@cultureelerfgoed.nl",
  "info@cultureelerfgoed.nl",
  "info@cultureelerfgoed.nl"
]

14:45:13.466 [ForkJoinPool-1-worker-7] INFO  com.intuit.karate - [print] organisation: [
  "Rijksdienst voor het Cultureel Erfgoed",
  "Rijksdienst voor het Cultureel Erfgoed",
  "Rijksdienst voor het Cultureel Erfgoed"
]

14:45:13.470 [ForkJoinPool-1-worker-7] INFO  com.intuit.karate - [print] [
  "http://services.rce.geovoorziening.nl/www/download/nl.xml"
]

14:45:13.477 [ForkJoinPool-1-worker-5] INFO  com.intuit.karate - [print] title:Actuele synoptische weerwaarnemingen KNMI Nederland per 10 minuten (24 uur)
14:45:13.480 [ForkJoinPool-1-worker-5] INFO  com.intuit.karate - [print] Actuele synoptische weerwaarnemingen KNMI Nederland per 10 minuten (24 uur)
14:45:13.481 [ForkJoinPool-1-worker-5] INFO  com.intuit.karate - [print] [
  "datacentrum@knmi.nl",
  "datacentrum@knmi.nl",
  "datacentrum@knmi.nl"
]

14:45:13.482 [ForkJoinPool-1-worker-5] INFO  com.intuit.karate - [print] organisation: [
  "Koninklijk Nederlands Meteorologisch Instituut (KNMI)",
  "Koninklijk Nederlands Meteorologisch Instituut (KNMI)",
  "Koninklijk Nederlands Meteorologisch Instituut (KNMI)"
]

14:45:13.484 [ForkJoinPool-1-worker-7] INFO  com.intuit.karate - [print]
14:45:13.485 [ForkJoinPool-1-worker-7] INFO  com.intuit.karate - [print] testing xlinkurl:http://services.rce.geovoorziening.nl/www/download/nl.xml
14:45:13.494 [ForkJoinPool-1-worker-5] INFO  com.intuit.karate - [print] [
  "https://www.nationaalgeoregister.nl/geonetwork/srv/api/records1b2abd21-3084-4db7-ab49-46866b4aac2b",
  "https://creativecommons.org/publicdomain/zero/*/deed.nl"
]

14:45:13.503 [ForkJoinPool-1-worker-5] INFO  com.intuit.karate - [print]
14:45:13.504 [ForkJoinPool-1-worker-5] INFO  com.intuit.karate - [print] testing xlinkurl:https://www.nationaalgeoregister.nl/geonetwork/srv/api/records1b2abd21-3084-4db7-ab49-46866b4aac2b
14:45:13.630 [ForkJoinPool-1-worker-13] INFO  com.intuit.karate - [print] title:Afvalinrichtingen inclusief nucleaire inrichtingen
14:45:13.631 [ForkJoinPool-1-worker-13] INFO  com.intuit.karate - [print] Afvalinrichtingen inclusief nucleaire inrichtingen
14:45:13.632 [ForkJoinPool-1-worker-13] INFO  com.intuit.karate - [print] [
  "inspire@gbo-provincies.nl",
  "inspire@gbo-provincies.nl",
  "inspire@gbo-provincies.nl"
]

14:45:13.634 [ForkJoinPool-1-worker-13] INFO  com.intuit.karate - [print] organisation: [
  "Interprovinciaal Overleg",
  "Interprovinciaal Overleg",
  "Interprovinciaal Overleg"
]

14:45:13.640 [ForkJoinPool-1-worker-13] INFO  com.intuit.karate - [print] [
  "http://nationaalgeoregister.nl/geonetwork/srv/dut/csw?SERVICE=CSW&version=2.0.2&REQUEST=GetRecordById&elementSetName=full&OutputSchema=http://www.isotc211.org/2005/gmd&ID=f5f68d51-2ca4-4897-8227-d3938b2b0a7e",
  "https://creativecommons.org/publicdomain/mark/*/deed.nl",
  ""
]

14:45:13.645 [ForkJoinPool-1-worker-13] INFO  com.intuit.karate - [print]
14:45:13.645 [ForkJoinPool-1-worker-13] INFO  com.intuit.karate - [print] testing xlinkurl:http://nationaalgeoregister.nl/geonetwork/srv/dut/csw?SERVICE=CSW&version=2.0.2&REQUEST=GetRecordById&elementSetName=full&OutputSchema=http://www.isotc211.org/2005/gmd&ID=f5f68d51-2ca4-4897-8227-d3938b2b0a7e
14:45:13.698 [ForkJoinPool-1-worker-11] ERROR com.intuit.karate - javax.net.ssl.SSLException: Connection reset, http call failed after 365 milliseconds for URL: https://data.rivm.nl/inspire/id#fd9c4f87-026e-4681-8d94-9702f3c83078
14:45:13.698 [ForkJoinPool-1-worker-11] ERROR com.intuit.karate - http request failed: 
javax.net.ssl.SSLException: Connection reset
14:45:13.698 [ForkJoinPool-1-worker-11] ERROR com.intuit.karate - feature call (loop) failed at index: 0
caller: classpath:InspireTest/ngr/datasetrecords/def/checkxlinkurl.template.feature
arg: {"link":"https://data.rivm.nl/inspire/id#fd9c4f87-026e-4681-8d94-9702f3c83078"}
checkxlinkurl.template.feature:14 - 
javax.net.ssl.SSLException: Connection reset
14:45:13.838 [ForkJoinPool-1-worker-5] ERROR com.intuit.karate - status code was: 500, expected: 200, response time: 332, url: https://www.nationaalgeoregister.nl/geonetwork/srv/api/records1b2abd21-3084-4db7-ab49-46866b4aac2b, response: 
14:45:13.838 [ForkJoinPool-1-worker-5] ERROR com.intuit.karate - feature call (loop) failed at index: 0
caller: classpath:InspireTest/ngr/datasetrecords/def/checkxlinkurl.template.feature
arg: {"link":"https://www.nationaalgeoregister.nl/geonetwork/srv/api/records1b2abd21-3084-4db7-ab49-46866b4aac2b"}
checkxlinkurl.template.feature:15 - status code was: 500, expected: 200, response time: 332, url: https://www.nationaalgeoregister.nl/geonetwork/srv/api/records1b2abd21-3084-4db7-ab49-46866b4aac2b, response: 
14:45:13.839 [ForkJoinPool-1-worker-5] INFO  com.intuit.karate - [print]
14:45:13.846 [ForkJoinPool-1-worker-5] INFO  com.intuit.karate - [print] testing xlinkurl:https://creativecommons.org/publicdomain/zero/*/deed.nl
14:45:13.876 [ForkJoinPool-1-worker-5] ERROR com.intuit.karate - status code was: 404, expected: 200, response time: 28, url: https://creativecommons.org/publicdomain/zero/*/deed.nl, response: 
14:45:13.876 [ForkJoinPool-1-worker-5] ERROR com.intuit.karate - feature call (loop) failed at index: 1
caller: classpath:InspireTest/ngr/datasetrecords/def/checkxlinkurl.template.feature
arg: {"link":"https://creativecommons.org/publicdomain/zero/*/deed.nl"}
checkxlinkurl.template.feature:15 - status code was: 404, expected: 200, response time: 28, url: https://creativecommons.org/publicdomain/zero/*/deed.nl, response: 
14:45:14.005 [ForkJoinPool-1-worker-9] INFO  com.intuit.karate - [print] title:Aardbevingen Nederland (KNMI)
14:45:14.005 [ForkJoinPool-1-worker-9] INFO  com.intuit.karate - [print] Aardbevingen Nederland (KNMI)
14:45:14.006 [ForkJoinPool-1-worker-9] INFO  com.intuit.karate - [print] [
  "datacentrum@knmi.nl",
  "datacentrum@knmi.nl",
  "datacentrum@knmi.nl"
]

14:45:14.008 [ForkJoinPool-1-worker-9] INFO  com.intuit.karate - [print] organisation: [
  "Koninklijk Nederlands Meteorologisch Instituut (KNMI)",
  "Koninklijk Nederlands Meteorologisch Instituut (KNMI)",
  "Koninklijk Nederlands Meteorologisch Instituut (KNMI)"
]

14:45:14.012 [ForkJoinPool-1-worker-9] INFO  com.intuit.karate - [print] [
  "https://www.nationaalgeoregister.nl/geonetwork/srv/api/records49807edc-0007-41aa-8809-d381f6713de4",
  "https://creativecommons.org/publicdomain/zero/*/deed.nl"
]

14:45:14.015 [ForkJoinPool-1-worker-9] INFO  com.intuit.karate - [print]
14:45:14.015 [ForkJoinPool-1-worker-9] INFO  com.intuit.karate - [print] testing xlinkurl:https://www.nationaalgeoregister.nl/geonetwork/srv/api/records49807edc-0007-41aa-8809-d381f6713de4
14:45:14.229 [ForkJoinPool-1-worker-13] INFO  com.intuit.karate - [print]
14:45:14.229 [ForkJoinPool-1-worker-13] INFO  com.intuit.karate - [print] testing xlinkurl:https://creativecommons.org/publicdomain/mark/*/deed.nl
14:45:14.255 [ForkJoinPool-1-worker-13] ERROR com.intuit.karate - status code was: 404, expected: 200, response time: 24, url: https://creativecommons.org/publicdomain/mark/*/deed.nl, response: 
14:45:14.255 [ForkJoinPool-1-worker-13] ERROR com.intuit.karate - feature call (loop) failed at index: 1
caller: classpath:InspireTest/ngr/datasetrecords/def/checkxlinkurl.template.feature
arg: {"link":"https://creativecommons.org/publicdomain/mark/*/deed.nl"}
checkxlinkurl.template.feature:15 - status code was: 404, expected: 200, response time: 24, url: https://creativecommons.org/publicdomain/mark/*/deed.nl, response: 
14:45:14.258 [ForkJoinPool-1-worker-13] INFO  com.intuit.karate - [print]
14:45:14.259 [ForkJoinPool-1-worker-3] INFO  com.intuit.karate - [print]
14:45:14.259 [ForkJoinPool-1-worker-3] INFO  com.intuit.karate - [print] testing xlinkurl:https://data.overheid.nl/organisatie/PDOK
14:45:14.260 [ForkJoinPool-1-worker-13] INFO  com.intuit.karate - [print] testing xlinkurl:
14:45:14.261 [ForkJoinPool-1-worker-7] INFO  com.intuit.karate - [print] title:Gecontroleerde klimatologische daggegevens KNMI Nederland
14:45:14.261 [ForkJoinPool-1-worker-7] INFO  com.intuit.karate - [print] Gecontroleerde klimatologische daggegevens KNMI Nederland
14:45:14.262 [ForkJoinPool-1-worker-7] INFO  com.intuit.karate - [print] [
  "datacentrum@knmi.nl",
  "datacentrum@knmi.nl",
  "datacentrum@knmi.nl"
]

14:45:14.262 [ForkJoinPool-1-worker-7] INFO  com.intuit.karate - [print] organisation: [
  "Koninklijk Nederlands Meteorologisch Instituut (KNMI)",
  "Koninklijk Nederlands Meteorologisch Instituut (KNMI)",
  "Koninklijk Nederlands Meteorologisch Instituut (KNMI)"
]

14:45:14.264 [ForkJoinPool-1-worker-13] ERROR com.intuit.karate - org.apache.http.client.ClientProtocolException, http call failed after 0 milliseconds for URL: 
14:45:14.267 [ForkJoinPool-1-worker-7] INFO  com.intuit.karate - [print] [
  "https://www.nationaalgeoregister.nl/geonetwork/srv/api/records6e4a2001-fef7-471c-8286-4f859bc1131e",
  "https://creativecommons.org/publicdomain/zero/*/deed.nl"
]

14:45:14.268 [ForkJoinPool-1-worker-13] ERROR com.intuit.karate - http request failed: 
org.apache.http.client.ClientProtocolException
14:45:14.269 [ForkJoinPool-1-worker-13] ERROR com.intuit.karate - feature call (loop) failed at index: 2
caller: classpath:InspireTest/ngr/datasetrecords/def/checkxlinkurl.template.feature
arg: {"link":""}
checkxlinkurl.template.feature:14 - 
org.apache.http.client.ClientProtocolException
14:45:14.270 [ForkJoinPool-1-worker-7] INFO  com.intuit.karate - [print]
14:45:14.270 [ForkJoinPool-1-worker-7] INFO  com.intuit.karate - [print] testing xlinkurl:https://www.nationaalgeoregister.nl/geonetwork/srv/api/records6e4a2001-fef7-471c-8286-4f859bc1131e
14:45:14.286 [ForkJoinPool-1-worker-11] INFO  com.intuit.karate - [print] title:Vervoersnetwerken - Luchttransport (INSPIRE geharmoniseerd)
14:45:14.286 [ForkJoinPool-1-worker-11] INFO  com.intuit.karate - [print] Vervoersnetwerken - Luchttransport (INSPIRE geharmoniseerd)
14:45:14.287 [ForkJoinPool-1-worker-11] INFO  com.intuit.karate - [print] [
  "PPB-GVA@kadaster.nl",
  "kcc@kadaster.nl"
]

14:45:14.288 [ForkJoinPool-1-worker-11] INFO  com.intuit.karate - [print] organisation: [
  "Kadaster",
  "Kadaster"
]

14:45:14.291 [ForkJoinPool-1-worker-11] INFO  com.intuit.karate - [print] [
  "http://www.opengis.net/def/crs/EPSG/0/http://www.opengis.net/def/crs/EPSG/0/4258",
  "http://kadaster/3b7bb05b-2d2e-4329-9a72-0eac19e315de"
]

14:45:14.294 [ForkJoinPool-1-worker-11] INFO  com.intuit.karate - [print]
14:45:14.294 [ForkJoinPool-1-worker-11] INFO  com.intuit.karate - [print] testing xlinkurl:http://www.opengis.net/def/crs/EPSG/0/http://www.opengis.net/def/crs/EPSG/0/4258
14:45:14.329 [ForkJoinPool-1-worker-9] ERROR com.intuit.karate - status code was: 500, expected: 200, response time: 313, url: https://www.nationaalgeoregister.nl/geonetwork/srv/api/records49807edc-0007-41aa-8809-d381f6713de4, response: 
14:45:14.329 [ForkJoinPool-1-worker-9] ERROR com.intuit.karate - feature call (loop) failed at index: 0
caller: classpath:InspireTest/ngr/datasetrecords/def/checkxlinkurl.template.feature
arg: {"link":"https://www.nationaalgeoregister.nl/geonetwork/srv/api/records49807edc-0007-41aa-8809-d381f6713de4"}
checkxlinkurl.template.feature:15 - status code was: 500, expected: 200, response time: 313, url: https://www.nationaalgeoregister.nl/geonetwork/srv/api/records49807edc-0007-41aa-8809-d381f6713de4, response: 
14:45:14.329 [ForkJoinPool-1-worker-9] INFO  com.intuit.karate - [print]
14:45:14.330 [ForkJoinPool-1-worker-9] INFO  com.intuit.karate - [print] testing xlinkurl:https://creativecommons.org/publicdomain/zero/*/deed.nl
14:45:14.360 [ForkJoinPool-1-worker-9] ERROR com.intuit.karate - status code was: 404, expected: 200, response time: 30, url: https://creativecommons.org/publicdomain/zero/*/deed.nl, response: 
14:45:14.360 [ForkJoinPool-1-worker-9] ERROR com.intuit.karate - feature call (loop) failed at index: 1
caller: classpath:InspireTest/ngr/datasetrecords/def/checkxlinkurl.template.feature
arg: {"link":"https://creativecommons.org/publicdomain/zero/*/deed.nl"}
checkxlinkurl.template.feature:15 - status code was: 404, expected: 200, response time: 30, url: https://creativecommons.org/publicdomain/zero/*/deed.nl, response: 
14:45:14.405 [ForkJoinPool-1-worker-5] INFO  com.intuit.karate - [print] title:Rijksmonumenten (verouderd)
14:45:14.405 [ForkJoinPool-1-worker-5] INFO  com.intuit.karate - [print] Rijksmonumenten (verouderd)
14:45:14.407 [ForkJoinPool-1-worker-5] INFO  com.intuit.karate - [print] [
  "info@cultureelerfgoed.nl",
  "info@cultureelerfgoed.nl"
]

14:45:14.408 [ForkJoinPool-1-worker-5] INFO  com.intuit.karate - [print] organisation: [
  "Rijksdienst voor het Cultureel Erfgoed",
  "Rijksdienst voor het Cultureel Erfgoed"
]

14:45:14.412 [ForkJoinPool-1-worker-5] INFO  com.intuit.karate - [print] [
  "http://services.rce.geovoorziening.nl/www/download/nl.xml",
  "",
  ""
]

14:45:14.415 [ForkJoinPool-1-worker-5] INFO  com.intuit.karate - [print]
14:45:14.415 [ForkJoinPool-1-worker-5] INFO  com.intuit.karate - [print] testing xlinkurl:http://services.rce.geovoorziening.nl/www/download/nl.xml
14:45:14.573 [ForkJoinPool-1-worker-7] ERROR com.intuit.karate - status code was: 500, expected: 200, response time: 303, url: https://www.nationaalgeoregister.nl/geonetwork/srv/api/records6e4a2001-fef7-471c-8286-4f859bc1131e, response: 
14:45:14.574 [ForkJoinPool-1-worker-7] ERROR com.intuit.karate - feature call (loop) failed at index: 0
caller: classpath:InspireTest/ngr/datasetrecords/def/checkxlinkurl.template.feature
arg: {"link":"https://www.nationaalgeoregister.nl/geonetwork/srv/api/records6e4a2001-fef7-471c-8286-4f859bc1131e"}
checkxlinkurl.template.feature:15 - status code was: 500, expected: 200, response time: 303, url: https://www.nationaalgeoregister.nl/geonetwork/srv/api/records6e4a2001-fef7-471c-8286-4f859bc1131e, response: 
14:45:14.576 [ForkJoinPool-1-worker-7] INFO  com.intuit.karate - [print]
14:45:14.576 [ForkJoinPool-1-worker-7] INFO  com.intuit.karate - [print] testing xlinkurl:https://creativecommons.org/publicdomain/zero/*/deed.nl
14:45:14.584 [ForkJoinPool-1-worker-11] INFO  com.intuit.karate - [print]
14:45:14.585 [ForkJoinPool-1-worker-11] INFO  com.intuit.karate - [print] testing xlinkurl:http://kadaster/3b7bb05b-2d2e-4329-9a72-0eac19e315de
14:45:14.588 [ForkJoinPool-1-worker-5] INFO  com.intuit.karate - [print]
14:45:14.589 [ForkJoinPool-1-worker-5] INFO  com.intuit.karate - [print] testing xlinkurl:
14:45:14.590 [ForkJoinPool-1-worker-5] ERROR com.intuit.karate - org.apache.http.client.ClientProtocolException, http call failed after 0 milliseconds for URL: 
14:45:14.590 [ForkJoinPool-1-worker-5] ERROR com.intuit.karate - http request failed: 
org.apache.http.client.ClientProtocolException
14:45:14.591 [ForkJoinPool-1-worker-5] ERROR com.intuit.karate - feature call (loop) failed at index: 1
caller: classpath:InspireTest/ngr/datasetrecords/def/checkxlinkurl.template.feature
arg: {"link":""}
checkxlinkurl.template.feature:14 - 
org.apache.http.client.ClientProtocolException
14:45:14.592 [ForkJoinPool-1-worker-5] INFO  com.intuit.karate - [print]
14:45:14.593 [ForkJoinPool-1-worker-5] INFO  com.intuit.karate - [print] testing xlinkurl:
14:45:14.594 [ForkJoinPool-1-worker-5] ERROR com.intuit.karate - org.apache.http.client.ClientProtocolException, http call failed after 0 milliseconds for URL: 
14:45:14.594 [ForkJoinPool-1-worker-5] ERROR com.intuit.karate - http request failed: 
org.apache.http.client.ClientProtocolException
14:45:14.595 [ForkJoinPool-1-worker-5] ERROR com.intuit.karate - feature call (loop) failed at index: 2
caller: classpath:InspireTest/ngr/datasetrecords/def/checkxlinkurl.template.feature
arg: {"link":""}
checkxlinkurl.template.feature:14 - 
org.apache.http.client.ClientProtocolException
14:45:14.612 [ForkJoinPool-1-worker-7] ERROR com.intuit.karate - status code was: 404, expected: 200, response time: 36, url: https://creativecommons.org/publicdomain/zero/*/deed.nl, response: 
14:45:14.613 [ForkJoinPool-1-worker-7] ERROR com.intuit.karate - feature call (loop) failed at index: 1
caller: classpath:InspireTest/ngr/datasetrecords/def/checkxlinkurl.template.feature
arg: {"link":"https://creativecommons.org/publicdomain/zero/*/deed.nl"}
checkxlinkurl.template.feature:15 - status code was: 404, expected: 200, response time: 36, url: https://creativecommons.org/publicdomain/zero/*/deed.nl, response: 
14:45:14.725 [ForkJoinPool-1-worker-11] ERROR com.intuit.karate - java.net.UnknownHostException: kadaster: Temporary failure in name resolution, http call failed after 140 milliseconds for URL: http://kadaster/3b7bb05b-2d2e-4329-9a72-0eac19e315de
14:45:14.725 [ForkJoinPool-1-worker-11] ERROR com.intuit.karate - http request failed: 
java.net.UnknownHostException: kadaster: Temporary failure in name resolution
14:45:14.725 [ForkJoinPool-1-worker-11] ERROR com.intuit.karate - feature call (loop) failed at index: 1
caller: classpath:InspireTest/ngr/datasetrecords/def/checkxlinkurl.template.feature
arg: {"link":"http://kadaster/3b7bb05b-2d2e-4329-9a72-0eac19e315de"}
checkxlinkurl.template.feature:14 - 
java.net.UnknownHostException: kadaster: Temporary failure in name resolution
14:45:14.907 [ForkJoinPool-1-worker-13] INFO  com.intuit.karate - [print] title:Windsnelheden op 100m hoogte (m/s)
14:45:14.908 [ForkJoinPool-1-worker-13] INFO  com.intuit.karate - [print] Windsnelheden op 100m hoogte (m/s)
14:45:14.908 [ForkJoinPool-1-worker-13] INFO  com.intuit.karate - [print] [
  "geodatabeheer.giscc@rvo.nl",
  "geodatabeheer.giscc@rvo.nl",
  ""
]

14:45:14.909 [ForkJoinPool-1-worker-13] INFO  com.intuit.karate - [print] organisation: no organisationName found in dataset record
14:45:14.912 [ForkJoinPool-1-worker-13] INFO  com.intuit.karate - [print] [
  "https://nationaalgeoregister.nl/geonetwork/srv/dut/catalog.search#/metadata/d845cef6-0e23-4212-a951-b69763e39ef0"
]

14:45:14.916 [ForkJoinPool-1-worker-13] INFO  com.intuit.karate - [print]
14:45:14.916 [ForkJoinPool-1-worker-13] INFO  com.intuit.karate - [print] testing xlinkurl:https://nationaalgeoregister.nl/geonetwork/srv/dut/catalog.search#/metadata/d845cef6-0e23-4212-a951-b69763e39ef0
14:45:14.957 [ForkJoinPool-1-worker-9] INFO  com.intuit.karate - [print] title:Actueel Hoogtebestand Nederland 2 (AHN2)
14:45:14.957 [ForkJoinPool-1-worker-9] INFO  com.intuit.karate - [print] Actueel Hoogtebestand Nederland 2 (AHN2)
14:45:14.958 [ForkJoinPool-1-worker-9] INFO  com.intuit.karate - [print] [
  "servicedesk-data@rijkswaterstaat.nl",
  "servicedesk-data@rijkswaterstaat.nl",
  "",
  "servicedesk-data@rijkswaterstaat.nl",
  "servicedesk-data@rijkswaterstaat.nl"
]

14:45:14.959 [ForkJoinPool-1-worker-9] INFO  com.intuit.karate - [print] organisation: [
  "Rijkswaterstaat",
  "stuurgroep AHN",
  "",
  "Rijkswaterstaat",
  "Rijkswaterstaat"
]

14:45:14.964 [ForkJoinPool-1-worker-9] INFO  com.intuit.karate - [print] [
  "https://www.nationaalgeoregister.nl/geonetwork/srv/dut/catalog.search#/metadata/7939fd42-cf88-42c5-ab3b-232cf232a3ac",
  "http://rdfdata.eionet.europa.eu/inspirethemes/themes/10",
  "urn:ogc:def:crs:EPSG::5709"
]

14:45:14.975 [ForkJoinPool-1-worker-5] INFO  com.intuit.karate - [print] title:Zwemwaterlocaties en zwemwaterkwaliteit - monsterpunten
14:45:14.976 [ForkJoinPool-1-worker-5] INFO  com.intuit.karate - [print] Zwemwaterlocaties en zwemwaterkwaliteit - monsterpunten
14:45:14.977 [ForkJoinPool-1-worker-5] INFO  com.intuit.karate - [print] [
  "inspire@gbo-provincies.nl",
  "inspire@gbo-provincies.nl",
  "inspire@gbo-provincies.nl"
]

14:45:14.978 [ForkJoinPool-1-worker-5] INFO  com.intuit.karate - [print] organisation: [
  "Interprovinciaal Overleg",
  "Interprovinciaal Overleg",
  "Interprovinciaal Overleg",
  "Interprovinciaal Overleg",
  "Interprovinciaal Overleg"
]

14:45:14.980 [ForkJoinPool-1-worker-9] INFO  com.intuit.karate - [print]
14:45:14.980 [ForkJoinPool-1-worker-9] INFO  com.intuit.karate - [print] testing xlinkurl:https://www.nationaalgeoregister.nl/geonetwork/srv/dut/catalog.search#/metadata/7939fd42-cf88-42c5-ab3b-232cf232a3ac
14:45:15.297 [ForkJoinPool-1-worker-7] INFO  com.intuit.karate - [print] title:Waterstanden en afvoeren actueel - Rijkswaterstaat
14:45:15.297 [ForkJoinPool-1-worker-7] INFO  com.intuit.karate - [print] Waterstanden en afvoeren actueel - Rijkswaterstaat
14:45:15.298 [ForkJoinPool-1-worker-7] INFO  com.intuit.karate - [print] [
  "servicedesk-data@rijkswaterstaat.nl",
  "servicedesk-data@rijkswaterstaat.nl",
  "",
  "servicedesk-data@rijkswaterstaat.nl",
  "servicedesk-data@rijkswaterstaat.nl"
]

14:45:15.300 [ForkJoinPool-1-worker-7] INFO  com.intuit.karate - [print] organisation: [
  "Rijkswaterstaat",
  "Rijkswaterstaat",
  "",
  "Rijkswaterstaat",
  "Rijkswaterstaat"
]

14:45:15.303 [ForkJoinPool-1-worker-11] INFO  com.intuit.karate - [print] title:CBS gebiedsindelingen
14:45:15.303 [ForkJoinPool-1-worker-11] INFO  com.intuit.karate - [print] CBS gebiedsindelingen
14:45:15.304 [ForkJoinPool-1-worker-11] INFO  com.intuit.karate - [print] [
  "infoservice@cbs.nl",
  "infoservice@cbs.nl",
  "infoservice@cbs.nl",
  "",
  ""
]

14:45:15.306 [ForkJoinPool-1-worker-11] INFO  com.intuit.karate - [print] organisation: [
  "Centraal Bureau voor de Statistiek",
  "Centraal Bureau voor de Statistiek",
  "Centraal Bureau voor de Statistiek",
  "Kadaster"
]

14:45:15.307 [ForkJoinPool-1-worker-7] INFO  com.intuit.karate - [print] [
  "https://www.nationaalgeoregister.nl/geonetwork/srv/dut/catalog.search#/metadata/cf69ec50-9849-4afd-853c-ee56211d336d",
  "http://rdfdata.eionet.europa.eu/inspirethemes/themes/20",
  "http://rdfdata.eionet.europa.eu/inspirethemes/themes/28",
  "urn:ogc:def:crs:EPSG::5709"
]

14:45:15.313 [ForkJoinPool-1-worker-11] INFO  com.intuit.karate - [print] [
  "https://geodata.nationaalgeoregister.nl/cbsgebiedsindelingen/atom/cbsgebiedsindelingen.xml",
  "https://www.iana.org/assignments/media-types/application/geopackage+sqlite3",
  ""
]

14:45:15.317 [ForkJoinPool-1-worker-7] INFO  com.intuit.karate - [print]
14:45:15.319 [ForkJoinPool-1-worker-7] INFO  com.intuit.karate - [print] testing xlinkurl:https://www.nationaalgeoregister.nl/geonetwork/srv/dut/catalog.search#/metadata/cf69ec50-9849-4afd-853c-ee56211d336d
14:45:15.321 [ForkJoinPool-1-worker-9] INFO  com.intuit.karate - [print]
14:45:15.321 [ForkJoinPool-1-worker-9] INFO  com.intuit.karate - [print] testing xlinkurl:http://rdfdata.eionet.europa.eu/inspirethemes/themes/10
14:45:15.325 [ForkJoinPool-1-worker-11] INFO  com.intuit.karate - [print]
14:45:15.325 [ForkJoinPool-1-worker-11] INFO  com.intuit.karate - [print] testing xlinkurl:https://geodata.nationaalgeoregister.nl/cbsgebiedsindelingen/atom/cbsgebiedsindelingen.xml
14:45:15.514 [ForkJoinPool-1-worker-9] ERROR com.intuit.karate - status code was: 404, expected: 200, response time: 192, url: http://rdfdata.eionet.europa.eu/inspirethemes/themes/10, response: 
14:45:15.514 [ForkJoinPool-1-worker-9] ERROR com.intuit.karate - feature call (loop) failed at index: 1
caller: classpath:InspireTest/ngr/datasetrecords/def/checkxlinkurl.template.feature
arg: {"link":"http://rdfdata.eionet.europa.eu/inspirethemes/themes/10"}
checkxlinkurl.template.feature:15 - status code was: 404, expected: 200, response time: 192, url: http://rdfdata.eionet.europa.eu/inspirethemes/themes/10, response: 
14:45:15.515 [ForkJoinPool-1-worker-9] INFO  com.intuit.karate - [print]
14:45:15.515 [ForkJoinPool-1-worker-9] INFO  com.intuit.karate - [print] testing xlinkurl:urn:ogc:def:crs:EPSG::5709
14:45:15.515 [ForkJoinPool-1-worker-9] ERROR com.intuit.karate - org.apache.http.client.ClientProtocolException: URI does not specify a valid host name: urn:ogc:def:crs:EPSG::5709, http call failed after 0 milliseconds for URL: urn:ogc:def:crs:EPSG::5709
14:45:15.515 [ForkJoinPool-1-worker-9] ERROR com.intuit.karate - http request failed: 
org.apache.http.client.ClientProtocolException: URI does not specify a valid host name: urn:ogc:def:crs:EPSG::5709
14:45:15.516 [ForkJoinPool-1-worker-9] ERROR com.intuit.karate - feature call (loop) failed at index: 2
caller: classpath:InspireTest/ngr/datasetrecords/def/checkxlinkurl.template.feature
arg: {"link":"urn:ogc:def:crs:EPSG::5709"}
checkxlinkurl.template.feature:14 - 
org.apache.http.client.ClientProtocolException: URI does not specify a valid host name: urn:ogc:def:crs:EPSG::5709
14:45:15.521 [ForkJoinPool-1-worker-5] INFO  com.intuit.karate - [print] title:Olie- en gasvelden onder INSPIRE
14:45:15.521 [ForkJoinPool-1-worker-5] INFO  com.intuit.karate - [print] Olie- en gasvelden onder INSPIRE
14:45:15.522 [ForkJoinPool-1-worker-5] INFO  com.intuit.karate - [print] [
  "info@dinoloket.nl",
  "info@dinoloket.nl",
  "info@dinoloket.nl"
]

14:45:15.523 [ForkJoinPool-1-worker-5] INFO  com.intuit.karate - [print] organisation: [
  "TNO Geologische Dienst Nederland",
  "TNO Geologische Dienst Nederland",
  "TNO Geologische Dienst Nederland"
]

14:45:15.528 [ForkJoinPool-1-worker-5] INFO  com.intuit.karate - [print] [
  "https://nationaalgeoregister.nl/geonetwork/srv/resources49e49382-674d-4ce8-9f4a-ba4dd2265eef",
  "http://rdfdata.eionet.europa.eu/inspirethemes/themes/33",
  "http://geonetwork-opensource.org/inspire-theme#",
  "https://www.nationaalgeoregister.nl/geonetwork/srv/eng/thesaurus.download?ref=external.theme.inspire-theme"
]

14:45:15.531 [ForkJoinPool-1-worker-5] INFO  com.intuit.karate - [print]
14:45:15.532 [ForkJoinPool-1-worker-5] INFO  com.intuit.karate - [print] testing xlinkurl:https://nationaalgeoregister.nl/geonetwork/srv/resources49e49382-674d-4ce8-9f4a-ba4dd2265eef
14:45:15.619 [ForkJoinPool-1-worker-7] INFO  com.intuit.karate - [print]
14:45:15.619 [ForkJoinPool-1-worker-7] INFO  com.intuit.karate - [print] testing xlinkurl:http://rdfdata.eionet.europa.eu/inspirethemes/themes/20
14:45:15.704 [ForkJoinPool-1-worker-11] INFO  com.intuit.karate - [print]
14:45:15.704 [ForkJoinPool-1-worker-11] INFO  com.intuit.karate - [print] testing xlinkurl:https://www.iana.org/assignments/media-types/application/geopackage+sqlite3
14:45:15.774 [ForkJoinPool-1-worker-13] INFO  com.intuit.karate - [print] title:Beperkingen voor voertuigen (INSPIRE geharmoniseerde data)
14:45:15.774 [ForkJoinPool-1-worker-13] INFO  com.intuit.karate - [print] Beperkingen voor voertuigen (INSPIRE geharmoniseerde data)
14:45:15.775 [ForkJoinPool-1-worker-13] INFO  com.intuit.karate - [print] [
  "ontheffingen@rdw.nl",
  "ontheffingen@rdw.nl",
  "",
  ""
]

14:45:15.776 [ForkJoinPool-1-worker-13] INFO  com.intuit.karate - [print] organisation: [
  "RDW",
  "RDW",
  "RDW"
]

14:45:15.780 [ForkJoinPool-1-worker-13] INFO  com.intuit.karate - [print] [
  "http://inspire.rdw.nl/www/download/Licentie-Geogedeeld-RDW.pdf",
  ""
]

14:45:15.783 [ForkJoinPool-1-worker-13] INFO  com.intuit.karate - [print]
14:45:15.783 [ForkJoinPool-1-worker-13] INFO  com.intuit.karate - [print] testing xlinkurl:http://inspire.rdw.nl/www/download/Licentie-Geogedeeld-RDW.pdf
14:45:15.804 [ForkJoinPool-1-worker-5] ERROR com.intuit.karate - status code was: 404, expected: 200, response time: 271, url: https://nationaalgeoregister.nl/geonetwork/srv/resources49e49382-674d-4ce8-9f4a-ba4dd2265eef, response: 
14:45:15.804 [ForkJoinPool-1-worker-5] ERROR com.intuit.karate - feature call (loop) failed at index: 0
caller: classpath:InspireTest/ngr/datasetrecords/def/checkxlinkurl.template.feature
arg: {"link":"https://nationaalgeoregister.nl/geonetwork/srv/resources49e49382-674d-4ce8-9f4a-ba4dd2265eef"}
checkxlinkurl.template.feature:15 - status code was: 404, expected: 200, response time: 271, url: https://nationaalgeoregister.nl/geonetwork/srv/resources49e49382-674d-4ce8-9f4a-ba4dd2265eef, response: 
14:45:15.805 [ForkJoinPool-1-worker-5] INFO  com.intuit.karate - [print]
14:45:15.805 [ForkJoinPool-1-worker-5] INFO  com.intuit.karate - [print] testing xlinkurl:http://rdfdata.eionet.europa.eu/inspirethemes/themes/33
14:45:15.812 [ForkJoinPool-1-worker-7] ERROR com.intuit.karate - status code was: 404, expected: 200, response time: 191, url: http://rdfdata.eionet.europa.eu/inspirethemes/themes/20, response: 
14:45:15.812 [ForkJoinPool-1-worker-7] ERROR com.intuit.karate - feature call (loop) failed at index: 1
caller: classpath:InspireTest/ngr/datasetrecords/def/checkxlinkurl.template.feature
arg: {"link":"http://rdfdata.eionet.europa.eu/inspirethemes/themes/20"}
checkxlinkurl.template.feature:15 - status code was: 404, expected: 200, response time: 191, url: http://rdfdata.eionet.europa.eu/inspirethemes/themes/20, response: 
14:45:15.812 [ForkJoinPool-1-worker-7] INFO  com.intuit.karate - [print]
14:45:15.813 [ForkJoinPool-1-worker-7] INFO  com.intuit.karate - [print] testing xlinkurl:http://rdfdata.eionet.europa.eu/inspirethemes/themes/28
14:45:15.947 [ForkJoinPool-1-worker-11] INFO  com.intuit.karate - [print]
14:45:15.947 [ForkJoinPool-1-worker-11] INFO  com.intuit.karate - [print] testing xlinkurl:
14:45:15.948 [ForkJoinPool-1-worker-11] ERROR com.intuit.karate - org.apache.http.client.ClientProtocolException, http call failed after 0 milliseconds for URL: 
14:45:15.948 [ForkJoinPool-1-worker-11] ERROR com.intuit.karate - http request failed: 
org.apache.http.client.ClientProtocolException
14:45:15.948 [ForkJoinPool-1-worker-11] ERROR com.intuit.karate - feature call (loop) failed at index: 2
caller: classpath:InspireTest/ngr/datasetrecords/def/checkxlinkurl.template.feature
arg: {"link":""}
checkxlinkurl.template.feature:14 - 
org.apache.http.client.ClientProtocolException
14:45:15.997 [ForkJoinPool-1-worker-5] ERROR com.intuit.karate - status code was: 404, expected: 200, response time: 191, url: http://rdfdata.eionet.europa.eu/inspirethemes/themes/33, response: 
14:45:15.997 [ForkJoinPool-1-worker-5] ERROR com.intuit.karate - feature call (loop) failed at index: 1
caller: classpath:InspireTest/ngr/datasetrecords/def/checkxlinkurl.template.feature
arg: {"link":"http://rdfdata.eionet.europa.eu/inspirethemes/themes/33"}
checkxlinkurl.template.feature:15 - status code was: 404, expected: 200, response time: 191, url: http://rdfdata.eionet.europa.eu/inspirethemes/themes/33, response: 
14:45:15.998 [ForkJoinPool-1-worker-5] INFO  com.intuit.karate - [print]
14:45:15.998 [ForkJoinPool-1-worker-5] INFO  com.intuit.karate - [print] testing xlinkurl:http://geonetwork-opensource.org/inspire-theme#
14:45:16.003 [ForkJoinPool-1-worker-7] ERROR com.intuit.karate - status code was: 404, expected: 200, response time: 190, url: http://rdfdata.eionet.europa.eu/inspirethemes/themes/28, response: 
14:45:16.003 [ForkJoinPool-1-worker-7] ERROR com.intuit.karate - feature call (loop) failed at index: 2
caller: classpath:InspireTest/ngr/datasetrecords/def/checkxlinkurl.template.feature
arg: {"link":"http://rdfdata.eionet.europa.eu/inspirethemes/themes/28"}
checkxlinkurl.template.feature:15 - status code was: 404, expected: 200, response time: 190, url: http://rdfdata.eionet.europa.eu/inspirethemes/themes/28, response: 
14:45:16.004 [ForkJoinPool-1-worker-7] INFO  com.intuit.karate - [print]
14:45:16.004 [ForkJoinPool-1-worker-7] INFO  com.intuit.karate - [print] testing xlinkurl:urn:ogc:def:crs:EPSG::5709
14:45:16.004 [ForkJoinPool-1-worker-7] ERROR com.intuit.karate - org.apache.http.client.ClientProtocolException: URI does not specify a valid host name: urn:ogc:def:crs:EPSG::5709, http call failed after 0 milliseconds for URL: urn:ogc:def:crs:EPSG::5709
14:45:16.004 [ForkJoinPool-1-worker-7] ERROR com.intuit.karate - http request failed: 
org.apache.http.client.ClientProtocolException: URI does not specify a valid host name: urn:ogc:def:crs:EPSG::5709
14:45:16.004 [ForkJoinPool-1-worker-7] ERROR com.intuit.karate - feature call (loop) failed at index: 3
caller: classpath:InspireTest/ngr/datasetrecords/def/checkxlinkurl.template.feature
arg: {"link":"urn:ogc:def:crs:EPSG::5709"}
checkxlinkurl.template.feature:14 - 
org.apache.http.client.ClientProtocolException: URI does not specify a valid host name: urn:ogc:def:crs:EPSG::5709
14:45:16.035 [ForkJoinPool-1-worker-9] INFO  com.intuit.karate - [print] title:Luchtfoto 2019 25cm CIR open data
14:45:16.035 [ForkJoinPool-1-worker-9] INFO  com.intuit.karate - [print] Luchtfoto 2019 25cm CIR open data
14:45:16.037 [ForkJoinPool-1-worker-9] INFO  com.intuit.karate - [print] [
  "PPB-GVA@kadaster.nl",
  "info@hetwaterschapshuis.nl",
  "kcc@kadaster.nl",
  "",
  "",
  "",
  "",
  "",
  ""
]

14:45:16.039 [ForkJoinPool-1-worker-9] INFO  com.intuit.karate - [print] organisation: [
  "Kadaster",
  "Het Waterschapshuis",
  "Kadaster",
  "Geocart",
  "Geocart",
  "Geocart",
  "Kadaster",
  "Kadaster"
]

14:45:16.043 [ForkJoinPool-1-worker-9] INFO  com.intuit.karate - [print] [
  "http://kadaster/2482250f-3b00-4439-9f93-f3118229b024",
  "",
  "",
  ""
]

14:45:16.046 [ForkJoinPool-1-worker-9] INFO  com.intuit.karate - [print]
14:45:16.047 [ForkJoinPool-1-worker-9] INFO  com.intuit.karate - [print] testing xlinkurl:http://kadaster/2482250f-3b00-4439-9f93-f3118229b024
14:45:16.048 [ForkJoinPool-1-worker-9] ERROR com.intuit.karate - java.net.UnknownHostException: kadaster, http call failed after 1 milliseconds for URL: http://kadaster/2482250f-3b00-4439-9f93-f3118229b024
14:45:16.048 [ForkJoinPool-1-worker-9] ERROR com.intuit.karate - http request failed: 
java.net.UnknownHostException: kadaster
14:45:16.048 [ForkJoinPool-1-worker-9] ERROR com.intuit.karate - feature call (loop) failed at index: 0
caller: classpath:InspireTest/ngr/datasetrecords/def/checkxlinkurl.template.feature
arg: {"link":"http://kadaster/2482250f-3b00-4439-9f93-f3118229b024"}
checkxlinkurl.template.feature:14 - 
java.net.UnknownHostException: kadaster
14:45:16.049 [ForkJoinPool-1-worker-9] INFO  com.intuit.karate - [print]
14:45:16.049 [ForkJoinPool-1-worker-9] INFO  com.intuit.karate - [print] testing xlinkurl:
14:45:16.050 [ForkJoinPool-1-worker-9] ERROR com.intuit.karate - org.apache.http.client.ClientProtocolException, http call failed after 0 milliseconds for URL: 
14:45:16.050 [ForkJoinPool-1-worker-9] ERROR com.intuit.karate - http request failed: 
org.apache.http.client.ClientProtocolException
14:45:16.050 [ForkJoinPool-1-worker-9] ERROR com.intuit.karate - feature call (loop) failed at index: 1
caller: classpath:InspireTest/ngr/datasetrecords/def/checkxlinkurl.template.feature
arg: {"link":""}
checkxlinkurl.template.feature:14 - 
org.apache.http.client.ClientProtocolException
14:45:16.050 [ForkJoinPool-1-worker-9] INFO  com.intuit.karate - [print]
14:45:16.050 [ForkJoinPool-1-worker-9] INFO  com.intuit.karate - [print] testing xlinkurl:
14:45:16.051 [ForkJoinPool-1-worker-9] ERROR com.intuit.karate - org.apache.http.client.ClientProtocolException, http call failed after 0 milliseconds for URL: 
14:45:16.051 [ForkJoinPool-1-worker-9] ERROR com.intuit.karate - http request failed: 
org.apache.http.client.ClientProtocolException
14:45:16.051 [ForkJoinPool-1-worker-9] ERROR com.intuit.karate - feature call (loop) failed at index: 2
caller: classpath:InspireTest/ngr/datasetrecords/def/checkxlinkurl.template.feature
arg: {"link":""}
checkxlinkurl.template.feature:14 - 
org.apache.http.client.ClientProtocolException
14:45:16.052 [ForkJoinPool-1-worker-9] INFO  com.intuit.karate - [print]
14:45:16.052 [ForkJoinPool-1-worker-9] INFO  com.intuit.karate - [print] testing xlinkurl:
14:45:16.053 [ForkJoinPool-1-worker-9] ERROR com.intuit.karate - org.apache.http.client.ClientProtocolException, http call failed after 0 milliseconds for URL: 
14:45:16.053 [ForkJoinPool-1-worker-9] ERROR com.intuit.karate - http request failed: 
org.apache.http.client.ClientProtocolException
14:45:16.053 [ForkJoinPool-1-worker-9] ERROR com.intuit.karate - feature call (loop) failed at index: 3
caller: classpath:InspireTest/ngr/datasetrecords/def/checkxlinkurl.template.feature
arg: {"link":""}
checkxlinkurl.template.feature:14 - 
org.apache.http.client.ClientProtocolException
14:45:16.072 [ForkJoinPool-1-worker-13] INFO  com.intuit.karate - [print]
14:45:16.072 [ForkJoinPool-1-worker-13] INFO  com.intuit.karate - [print] testing xlinkurl:
14:45:16.072 [ForkJoinPool-1-worker-13] ERROR com.intuit.karate - org.apache.http.client.ClientProtocolException, http call failed after 0 milliseconds for URL: 
14:45:16.072 [ForkJoinPool-1-worker-13] ERROR com.intuit.karate - http request failed: 
org.apache.http.client.ClientProtocolException
14:45:16.072 [ForkJoinPool-1-worker-13] ERROR com.intuit.karate - feature call (loop) failed at index: 1
caller: classpath:InspireTest/ngr/datasetrecords/def/checkxlinkurl.template.feature
arg: {"link":""}
checkxlinkurl.template.feature:14 - 
org.apache.http.client.ClientProtocolException
14:45:16.255 [ForkJoinPool-1-worker-3] ERROR com.intuit.karate - status code was: 404, expected: 200, response time: 1286, url: https://data.overheid.nl/organisatie/PDOK, response: 
14:45:16.255 [ForkJoinPool-1-worker-3] ERROR com.intuit.karate - feature call (loop) failed at index: 4
caller: classpath:InspireTest/ngr/datasetrecords/def/checkxlinkurl.template.feature
arg: {"link":"https://data.overheid.nl/organisatie/PDOK"}
checkxlinkurl.template.feature:15 - status code was: 404, expected: 200, response time: 1286, url: https://data.overheid.nl/organisatie/PDOK, response: 
14:45:16.509 [ForkJoinPool-1-worker-11] INFO  com.intuit.karate - [print] title:Gemeten Koolstofmonoxide concentraties in buitenlucht.
14:45:16.509 [ForkJoinPool-1-worker-11] INFO  com.intuit.karate - [print] Gemeten Koolstofmonoxide concentraties in buitenlucht.
14:45:16.511 [ForkJoinPool-1-worker-11] INFO  com.intuit.karate - [print] [
  "geodata@rivm.nl",
  "geodata@rivm.nl"
]

14:45:16.512 [ForkJoinPool-1-worker-11] INFO  com.intuit.karate - [print] organisation: RIVM
14:45:16.516 [ForkJoinPool-1-worker-11] INFO  com.intuit.karate - [print] [
  "https://data.rivm.nl/inspire/id#a3b9f437-f571-4a00-b3c3-58e4354c244f"
]

14:45:16.519 [ForkJoinPool-1-worker-11] INFO  com.intuit.karate - [print]
14:45:16.520 [ForkJoinPool-1-worker-11] INFO  com.intuit.karate - [print] testing xlinkurl:https://data.rivm.nl/inspire/id#a3b9f437-f571-4a00-b3c3-58e4354c244f
14:45:16.553 [ForkJoinPool-1-worker-7] INFO  com.intuit.karate - [print] title:Productie/industrie-inrichtingen (o.b.v. SBI-codes) uit {Risico Register Gevaarlijke stoffen (RRGS)}
14:45:16.553 [ForkJoinPool-1-worker-7] INFO  com.intuit.karate - [print] Productie/industrie-inrichtingen (o.b.v. SBI-codes) uit {Risico Register Gevaarlijke stoffen (RRGS)}
14:45:16.554 [ForkJoinPool-1-worker-7] INFO  com.intuit.karate - [print] [
  "inspire@gbo-provincies.nl",
  "inspire@gbo-provincies.nl",
  "inspire@gbo-provincies.nl"
]

14:45:16.556 [ForkJoinPool-1-worker-7] INFO  com.intuit.karate - [print] organisation: [
  "Interprovinciaal Overleg",
  "Interprovinciaal Overleg",
  "Interprovinciaal Overleg"
]

14:45:16.559 [ForkJoinPool-1-worker-7] INFO  com.intuit.karate - [print] [
  "http://www.opengis.net/def/crs/EPSG/0/http://www.opengis.net/def/crs/EPSG/0/3034",
  "http://nationaalgeoregister.nl/geonetwork/srv/dut/csw?SERVICE=CSW&version=2.0.2&REQUEST=GetRecordById&elementSetName=full&OutputSchema=http://www.isotc211.org/2005/gmd&ID=b6ee58a1-b097-4c6d-8600-eb81efc1468c",
  "https://creativecommons.org/publicdomain/mark/*/deed.nl",
  ""
]

14:45:16.563 [ForkJoinPool-1-worker-7] INFO  com.intuit.karate - [print]
14:45:16.563 [ForkJoinPool-1-worker-5] ERROR com.intuit.karate - status code was: 404, expected: 200, response time: 380, url: http://geonetwork-opensource.org/inspire-theme#, response: 
14:45:16.563 [ForkJoinPool-1-worker-5] ERROR com.intuit.karate - feature call (loop) failed at index: 2
caller: classpath:InspireTest/ngr/datasetrecords/def/checkxlinkurl.template.feature
arg: {"link":"http://geonetwork-opensource.org/inspire-theme#"}
checkxlinkurl.template.feature:15 - status code was: 404, expected: 200, response time: 380, url: http://geonetwork-opensource.org/inspire-theme#, response: 
14:45:16.563 [ForkJoinPool-1-worker-7] INFO  com.intuit.karate - [print] testing xlinkurl:http://www.opengis.net/def/crs/EPSG/0/http://www.opengis.net/def/crs/EPSG/0/3034
14:45:16.564 [ForkJoinPool-1-worker-5] INFO  com.intuit.karate - [print]
14:45:16.564 [ForkJoinPool-1-worker-5] INFO  com.intuit.karate - [print] testing xlinkurl:https://www.nationaalgeoregister.nl/geonetwork/srv/eng/thesaurus.download?ref=external.theme.inspire-theme
14:45:16.638 [ForkJoinPool-1-worker-9] INFO  com.intuit.karate - [print] title:Bathymetrie Nederlands deel van de Noordzee dieper dan 10 m LAT
14:45:16.639 [ForkJoinPool-1-worker-9] INFO  com.intuit.karate - [print] Bathymetrie Nederlands deel van de Noordzee dieper dan 10 m LAT
14:45:16.640 [ForkJoinPool-1-worker-9] INFO  com.intuit.karate - [print] [
  "data@hydro.nl",
  "data@hydro.nl",
  "data@hydro.nl",
  "",
  ""
]

14:45:16.641 [ForkJoinPool-1-worker-9] INFO  com.intuit.karate - [print] organisation: [
  "Ministerie van Defensie, Koninklijke Marine, Dienst der Hydrografie",
  "Ministerie van Defensie, Koninklijke Marine, Dienst der Hydrografie"
]

14:45:16.646 [ForkJoinPool-1-worker-9] INFO  com.intuit.karate - [print] [
  "https://ngr.acceptatie.nationaalgeoregister.nl/geonetwork/srv/resources9d973c4a-ef03-4785-b7f6-942e86b385f7",
  "www.hydro.nl",
  "https://www.nationaalgeoregister.nl/geonetwork/srv/eng/thesaurus.download?ref=external.theme.inspire-theme"
]

14:45:16.650 [ForkJoinPool-1-worker-9] INFO  com.intuit.karate - [print]
14:45:16.651 [ForkJoinPool-1-worker-9] INFO  com.intuit.karate - [print] testing xlinkurl:https://ngr.acceptatie.nationaalgeoregister.nl/geonetwork/srv/resources9d973c4a-ef03-4785-b7f6-942e86b385f7
14:45:16.740 [ForkJoinPool-1-worker-13] INFO  com.intuit.karate - [print] title:Ruimtelijke plannen Wro: Ruimtelijkeplannen.nl
14:45:16.740 [ForkJoinPool-1-worker-13] INFO  com.intuit.karate - [print] Ruimtelijke plannen Wro: Ruimtelijkeplannen.nl
14:45:16.741 [ForkJoinPool-1-worker-13] INFO  com.intuit.karate - [print] [
  "PPB-GVA@kadaster.nl",
  "ruimtelijkeplannen@kadaster.nl"
]

14:45:16.743 [ForkJoinPool-1-worker-13] INFO  com.intuit.karate - [print] organisation: [
  "Kadaster",
  "Kadaster"
]

14:45:16.747 [ForkJoinPool-1-worker-13] INFO  com.intuit.karate - [print] [
  "http://kadaster/e2318c58-b1e6-4621-9c77-33b8a1fd0e76"
]

14:45:16.750 [ForkJoinPool-1-worker-13] INFO  com.intuit.karate - [print]
14:45:16.751 [ForkJoinPool-1-worker-13] INFO  com.intuit.karate - [print] testing xlinkurl:http://kadaster/e2318c58-b1e6-4621-9c77-33b8a1fd0e76
14:45:16.752 [ForkJoinPool-1-worker-13] ERROR com.intuit.karate - java.net.UnknownHostException: kadaster, http call failed after 1 milliseconds for URL: http://kadaster/e2318c58-b1e6-4621-9c77-33b8a1fd0e76
14:45:16.752 [ForkJoinPool-1-worker-13] ERROR com.intuit.karate - http request failed: 
java.net.UnknownHostException: kadaster
14:45:16.752 [ForkJoinPool-1-worker-13] ERROR com.intuit.karate - feature call (loop) failed at index: 0
caller: classpath:InspireTest/ngr/datasetrecords/def/checkxlinkurl.template.feature
arg: {"link":"http://kadaster/e2318c58-b1e6-4621-9c77-33b8a1fd0e76"}
checkxlinkurl.template.feature:14 - 
java.net.UnknownHostException: kadaster
14:45:16.810 [ForkJoinPool-1-worker-3] INFO  com.intuit.karate - [print] title:Geluidkaart hoofdspoornet 2016 (Lnight)
14:45:16.810 [ForkJoinPool-1-worker-3] INFO  com.intuit.karate - [print] Geluidkaart hoofdspoornet 2016 (Lnight)
14:45:16.811 [ForkJoinPool-1-worker-3] INFO  com.intuit.karate - [print] [
  "sylvia.koolmees@minienw.nl",
  "sylvia.koolmees@minienw.nl"
]

14:45:16.812 [ForkJoinPool-1-worker-3] INFO  com.intuit.karate - [print] organisation: [
  "Ministerie van IenW",
  "Ministerie van IenW"
]

14:45:16.818 [ForkJoinPool-1-worker-3] INFO  com.intuit.karate - [print] [
  "https://www.nationaalgeoregister.nl/geonetwork/srv/api/records/002d9127-c16d-4b8d-9f5e-102a8c8e36c4"
]

14:45:16.822 [ForkJoinPool-1-worker-3] INFO  com.intuit.karate - [print]
14:45:16.823 [ForkJoinPool-1-worker-3] INFO  com.intuit.karate - [print] testing xlinkurl:https://www.nationaalgeoregister.nl/geonetwork/srv/api/records/002d9127-c16d-4b8d-9f5e-102a8c8e36c4
14:45:16.849 [ForkJoinPool-1-worker-7] INFO  com.intuit.karate - [print]
14:45:16.850 [ForkJoinPool-1-worker-7] INFO  com.intuit.karate - [print] testing xlinkurl:http://nationaalgeoregister.nl/geonetwork/srv/dut/csw?SERVICE=CSW&version=2.0.2&REQUEST=GetRecordById&elementSetName=full&OutputSchema=http://www.isotc211.org/2005/gmd&ID=b6ee58a1-b097-4c6d-8600-eb81efc1468c
14:45:16.860 [ForkJoinPool-1-worker-5] ERROR com.intuit.karate - status code was: 500, expected: 200, response time: 296, url: https://www.nationaalgeoregister.nl/geonetwork/srv/eng/thesaurus.download?ref=external.theme.inspire-theme, response: 
14:45:16.860 [ForkJoinPool-1-worker-5] ERROR com.intuit.karate - feature call (loop) failed at index: 3
caller: classpath:InspireTest/ngr/datasetrecords/def/checkxlinkurl.template.feature
arg: {"link":"https://www.nationaalgeoregister.nl/geonetwork/srv/eng/thesaurus.download?ref=external.theme.inspire-theme"}
checkxlinkurl.template.feature:15 - status code was: 500, expected: 200, response time: 296, url: https://www.nationaalgeoregister.nl/geonetwork/srv/eng/thesaurus.download?ref=external.theme.inspire-theme, response: 
14:45:16.861 [ForkJoinPool-1-worker-11] ERROR com.intuit.karate - javax.net.ssl.SSLException: Connection reset, http call failed after 340 milliseconds for URL: https://data.rivm.nl/inspire/id#a3b9f437-f571-4a00-b3c3-58e4354c244f
14:45:16.861 [ForkJoinPool-1-worker-11] ERROR com.intuit.karate - http request failed: 
javax.net.ssl.SSLException: Connection reset
14:45:16.861 [ForkJoinPool-1-worker-11] ERROR com.intuit.karate - feature call (loop) failed at index: 0
caller: classpath:InspireTest/ngr/datasetrecords/def/checkxlinkurl.template.feature
arg: {"link":"https://data.rivm.nl/inspire/id#a3b9f437-f571-4a00-b3c3-58e4354c244f"}
checkxlinkurl.template.feature:14 - 
javax.net.ssl.SSLException: Connection reset
14:45:16.926 [ForkJoinPool-1-worker-9] ERROR com.intuit.karate - status code was: 404, expected: 200, response time: 273, url: https://ngr.acceptatie.nationaalgeoregister.nl/geonetwork/srv/resources9d973c4a-ef03-4785-b7f6-942e86b385f7, response: 
14:45:16.926 [ForkJoinPool-1-worker-9] ERROR com.intuit.karate - feature call (loop) failed at index: 0
caller: classpath:InspireTest/ngr/datasetrecords/def/checkxlinkurl.template.feature
arg: {"link":"https://ngr.acceptatie.nationaalgeoregister.nl/geonetwork/srv/resources9d973c4a-ef03-4785-b7f6-942e86b385f7"}
checkxlinkurl.template.feature:15 - status code was: 404, expected: 200, response time: 273, url: https://ngr.acceptatie.nationaalgeoregister.nl/geonetwork/srv/resources9d973c4a-ef03-4785-b7f6-942e86b385f7, response: 
14:45:16.927 [ForkJoinPool-1-worker-9] INFO  com.intuit.karate - [print]
14:45:16.927 [ForkJoinPool-1-worker-9] INFO  com.intuit.karate - [print] testing xlinkurl:www.hydro.nl
14:45:16.928 [ForkJoinPool-1-worker-9] ERROR com.intuit.karate - org.apache.http.client.ClientProtocolException, http call failed after 0 milliseconds for URL: www.hydro.nl
14:45:16.928 [ForkJoinPool-1-worker-9] ERROR com.intuit.karate - http request failed: 
org.apache.http.client.ClientProtocolException
14:45:16.928 [ForkJoinPool-1-worker-9] ERROR com.intuit.karate - feature call (loop) failed at index: 1
caller: classpath:InspireTest/ngr/datasetrecords/def/checkxlinkurl.template.feature
arg: {"link":"www.hydro.nl"}
checkxlinkurl.template.feature:14 - 
org.apache.http.client.ClientProtocolException
14:45:16.928 [ForkJoinPool-1-worker-9] INFO  com.intuit.karate - [print]
14:45:16.929 [ForkJoinPool-1-worker-9] INFO  com.intuit.karate - [print] testing xlinkurl:https://www.nationaalgeoregister.nl/geonetwork/srv/eng/thesaurus.download?ref=external.theme.inspire-theme
14:45:17.100 [ForkJoinPool-1-worker-3] ERROR com.intuit.karate - status code was: 400, expected: 200, response time: 269, url: https://www.nationaalgeoregister.nl/geonetwork/srv/api/records/002d9127-c16d-4b8d-9f5e-102a8c8e36c4, response: 
14:45:17.100 [ForkJoinPool-1-worker-3] ERROR com.intuit.karate - feature call (loop) failed at index: 0
caller: classpath:InspireTest/ngr/datasetrecords/def/checkxlinkurl.template.feature
arg: {"link":"https://www.nationaalgeoregister.nl/geonetwork/srv/api/records/002d9127-c16d-4b8d-9f5e-102a8c8e36c4"}
checkxlinkurl.template.feature:15 - status code was: 400, expected: 200, response time: 269, url: https://www.nationaalgeoregister.nl/geonetwork/srv/api/records/002d9127-c16d-4b8d-9f5e-102a8c8e36c4, response: 
14:45:17.234 [ForkJoinPool-1-worker-9] ERROR com.intuit.karate - status code was: 500, expected: 200, response time: 305, url: https://www.nationaalgeoregister.nl/geonetwork/srv/eng/thesaurus.download?ref=external.theme.inspire-theme, response: 
14:45:17.236 [ForkJoinPool-1-worker-9] ERROR com.intuit.karate - feature call (loop) failed at index: 2
caller: classpath:InspireTest/ngr/datasetrecords/def/checkxlinkurl.template.feature
arg: {"link":"https://www.nationaalgeoregister.nl/geonetwork/srv/eng/thesaurus.download?ref=external.theme.inspire-theme"}
checkxlinkurl.template.feature:15 - status code was: 500, expected: 200, response time: 305, url: https://www.nationaalgeoregister.nl/geonetwork/srv/eng/thesaurus.download?ref=external.theme.inspire-theme, response: 
14:45:17.292 [ForkJoinPool-1-worker-13] INFO  com.intuit.karate - [print] title:Landelijk zoet en zoutwatermeetnet - Rijkswaterstaat
14:45:17.292 [ForkJoinPool-1-worker-13] INFO  com.intuit.karate - [print] Landelijk zoet en zoutwatermeetnet - Rijkswaterstaat
14:45:17.294 [ForkJoinPool-1-worker-13] INFO  com.intuit.karate - [print] [
  "servicedesk-data@rijkswaterstaat.nl",
  "servicedesk-data@rijkswaterstaat.nl",
  "",
  "servicedesk-data@rijkswaterstaat.nl",
  "servicedesk-data@rijkswaterstaat.nl"
]

14:45:17.296 [ForkJoinPool-1-worker-13] INFO  com.intuit.karate - [print] organisation: [
  "Rijkswaterstaat",
  "Rijkswaterstaat",
  "",
  "Rijkswaterstaat",
  "Rijkswaterstaat"
]

14:45:17.301 [ForkJoinPool-1-worker-13] INFO  com.intuit.karate - [print] [
  "https://www.nationaalgeoregister.nl/geonetwork/srv/dut/catalog.search#/metadata/68ebd5c9-0ea1-4f22-9907-ec4c063cd3e2",
  "http://rdfdata.eionet.europa.eu/inspirethemes/themes/20",
  "urn:ogc:def:crs:EPSG::5709"
]

14:45:17.305 [ForkJoinPool-1-worker-13] INFO  com.intuit.karate - [print]
14:45:17.305 [ForkJoinPool-1-worker-13] INFO  com.intuit.karate - [print] testing xlinkurl:https://www.nationaalgeoregister.nl/geonetwork/srv/dut/catalog.search#/metadata/68ebd5c9-0ea1-4f22-9907-ec4c063cd3e2
14:45:17.319 [ForkJoinPool-1-worker-7] INFO  com.intuit.karate - [print]
14:45:17.319 [ForkJoinPool-1-worker-7] INFO  com.intuit.karate - [print] testing xlinkurl:https://creativecommons.org/publicdomain/mark/*/deed.nl
14:45:17.351 [ForkJoinPool-1-worker-7] ERROR com.intuit.karate - status code was: 404, expected: 200, response time: 31, url: https://creativecommons.org/publicdomain/mark/*/deed.nl, response: 
14:45:17.351 [ForkJoinPool-1-worker-7] ERROR com.intuit.karate - feature call (loop) failed at index: 2
caller: classpath:InspireTest/ngr/datasetrecords/def/checkxlinkurl.template.feature
arg: {"link":"https://creativecommons.org/publicdomain/mark/*/deed.nl"}
checkxlinkurl.template.feature:15 - status code was: 404, expected: 200, response time: 31, url: https://creativecommons.org/publicdomain/mark/*/deed.nl, response: 
14:45:17.353 [ForkJoinPool-1-worker-7] INFO  com.intuit.karate - [print]
14:45:17.354 [ForkJoinPool-1-worker-7] INFO  com.intuit.karate - [print] testing xlinkurl:
14:45:17.354 [ForkJoinPool-1-worker-7] ERROR com.intuit.karate - org.apache.http.client.ClientProtocolException, http call failed after 0 milliseconds for URL: 
14:45:17.354 [ForkJoinPool-1-worker-7] ERROR com.intuit.karate - http request failed: 
org.apache.http.client.ClientProtocolException
14:45:17.355 [ForkJoinPool-1-worker-7] ERROR com.intuit.karate - feature call (loop) failed at index: 3
caller: classpath:InspireTest/ngr/datasetrecords/def/checkxlinkurl.template.feature
arg: {"link":""}
checkxlinkurl.template.feature:14 - 
org.apache.http.client.ClientProtocolException
14:45:17.361 [ForkJoinPool-1-worker-5] INFO  com.intuit.karate - [print] title:Maritieme grenzen - Noordzee
14:45:17.361 [ForkJoinPool-1-worker-5] INFO  com.intuit.karate - [print] Maritieme grenzen - Noordzee
14:45:17.363 [ForkJoinPool-1-worker-5] INFO  com.intuit.karate - [print] [
  "data@hydro.nl",
  "data@hydro.nl",
  "data@hydro.nl",
  "",
  ""
]

14:45:17.364 [ForkJoinPool-1-worker-5] INFO  com.intuit.karate - [print] organisation: [
  "Ministerie van Defensie, Koninklijke Marine, Dienst der Hydrografie",
  "Ministerie van Defensie, Koninklijke Marine, Dienst der Hydrografie",
  "Ministerie van Defensie, Koninklijke Marine, Dienst der Hydrografie"
]

14:45:17.367 [ForkJoinPool-1-worker-5] INFO  com.intuit.karate - [print] [
  "http://www.opengis.net/def/crs/EPSG/0/https://www.opengis.net/def/crs/EPSG/0/4258",
  "https://www.nationaalgeoregister.nl:443/geonetwork/srv/api/records/a5241416-8401-4623-be61-57ef50447a41"
]

14:45:17.371 [ForkJoinPool-1-worker-5] INFO  com.intuit.karate - [print]
14:45:17.372 [ForkJoinPool-1-worker-5] INFO  com.intuit.karate - [print] testing xlinkurl:http://www.opengis.net/def/crs/EPSG/0/https://www.opengis.net/def/crs/EPSG/0/4258
14:45:17.419 [ForkJoinPool-1-worker-11] INFO  com.intuit.karate - [print] title:INSPIRE geharmoniseerde Beschermde Gebieden - Cultuur Historie
14:45:17.420 [ForkJoinPool-1-worker-11] INFO  com.intuit.karate - [print] INSPIRE geharmoniseerde Beschermde Gebieden - Cultuur Historie
14:45:17.421 [ForkJoinPool-1-worker-11] INFO  com.intuit.karate - [print] [
  "info@cultureelerfgoed.nl",
  "info@cultureelerfgoed.nl",
  "info@cultureelerfgoed.nl"
]

14:45:17.422 [ForkJoinPool-1-worker-11] INFO  com.intuit.karate - [print] organisation: [
  "Rijksdienst voor het Cultureel Erfgoed",
  "Rijksdienst voor het Cultureel Erfgoed",
  "Rijksdienst voor het Cultureel Erfgoed"
]

14:45:17.426 [ForkJoinPool-1-worker-11] INFO  com.intuit.karate - [print] [
  "https://monumentenregister.cultureelerfgoed.nl/sites/default/files/MRS/mrs-inspire.zip"
]

14:45:17.430 [ForkJoinPool-1-worker-11] INFO  com.intuit.karate - [print]
14:45:17.431 [ForkJoinPool-1-worker-11] INFO  com.intuit.karate - [print] testing xlinkurl:https://monumentenregister.cultureelerfgoed.nl/sites/default/files/MRS/mrs-inspire.zip
14:45:17.612 [ForkJoinPool-1-worker-13] INFO  com.intuit.karate - [print]
14:45:17.613 [ForkJoinPool-1-worker-13] INFO  com.intuit.karate - [print] testing xlinkurl:http://rdfdata.eionet.europa.eu/inspirethemes/themes/20
14:45:17.614 [ForkJoinPool-1-worker-3] INFO  com.intuit.karate - [print] title:Gebieden in de Eemsmonding en de Dollard
14:45:17.614 [ForkJoinPool-1-worker-3] INFO  com.intuit.karate - [print] Gebieden in de Eemsmonding en de Dollard
14:45:17.616 [ForkJoinPool-1-worker-3] INFO  com.intuit.karate - [print] [
  "data@hydro.nl",
  "data@hydro.nl",
  "data@hydro.nl"
]

14:45:17.617 [ForkJoinPool-1-worker-3] INFO  com.intuit.karate - [print] organisation: [
  "Ministerie van Defensie, Koninklijke Marine, Dienst der Hydrografie",
  "Ministerie van Defensie, Koninklijke Marine, Dienst der Hydrografie"
]

14:45:17.621 [ForkJoinPool-1-worker-3] INFO  com.intuit.karate - [print] [
  "http://www.opengis.net/def/crs/EPSG/0/https://www.opengis.net/def/crs/EPSG/0/4258",
  "https://www.nationaalgeoregister.nl/geonetwork/srv/api/recordsf44dac86-2228-412f-8355-e56446ca9933",
  "www.hydro.nl"
]

14:45:17.623 [ForkJoinPool-1-worker-3] INFO  com.intuit.karate - [print]
14:45:17.624 [ForkJoinPool-1-worker-3] INFO  com.intuit.karate - [print] testing xlinkurl:http://www.opengis.net/def/crs/EPSG/0/https://www.opengis.net/def/crs/EPSG/0/4258
14:45:17.661 [ForkJoinPool-1-worker-5] INFO  com.intuit.karate - [print]
14:45:17.662 [ForkJoinPool-1-worker-5] INFO  com.intuit.karate - [print] testing xlinkurl:https://www.nationaalgeoregister.nl:443/geonetwork/srv/api/records/a5241416-8401-4623-be61-57ef50447a41
14:45:17.771 [ForkJoinPool-1-worker-9] INFO  com.intuit.karate - [print] title:CBS Vierkantstatistieken 100m
14:45:17.772 [ForkJoinPool-1-worker-9] INFO  com.intuit.karate - [print] CBS Vierkantstatistieken 100m
14:45:17.773 [ForkJoinPool-1-worker-9] INFO  com.intuit.karate - [print] [
  "infoservice@cbs.nl",
  "infoservice@cbs.nl",
  "infoservice@cbs.nl",
  ""
]

14:45:17.775 [ForkJoinPool-1-worker-9] INFO  com.intuit.karate - [print] organisation: [
  "Centraal Bureau voor de Statistiek",
  "Centraal Bureau voor de Statistiek",
  "Centraal Bureau voor de Statistiek",
  "Centraal Bureau voor de Statistiek"
]

14:45:17.779 [ForkJoinPool-1-worker-9] INFO  com.intuit.karate - [print] [
  "http://geodata.nationaalgeoregister.nl/cbsvierkanten100mv2/atom/cbsvierkanten100mv2.xml"
]

14:45:17.782 [ForkJoinPool-1-worker-9] INFO  com.intuit.karate - [print]
14:45:17.783 [ForkJoinPool-1-worker-9] INFO  com.intuit.karate - [print] testing xlinkurl:http://geodata.nationaalgeoregister.nl/cbsvierkanten100mv2/atom/cbsvierkanten100mv2.xml
14:45:17.806 [ForkJoinPool-1-worker-13] ERROR com.intuit.karate - status code was: 404, expected: 200, response time: 192, url: http://rdfdata.eionet.europa.eu/inspirethemes/themes/20, response: 
14:45:17.806 [ForkJoinPool-1-worker-13] ERROR com.intuit.karate - feature call (loop) failed at index: 1
caller: classpath:InspireTest/ngr/datasetrecords/def/checkxlinkurl.template.feature
arg: {"link":"http://rdfdata.eionet.europa.eu/inspirethemes/themes/20"}
checkxlinkurl.template.feature:15 - status code was: 404, expected: 200, response time: 192, url: http://rdfdata.eionet.europa.eu/inspirethemes/themes/20, response: 
14:45:17.806 [ForkJoinPool-1-worker-13] INFO  com.intuit.karate - [print]
14:45:17.806 [ForkJoinPool-1-worker-13] INFO  com.intuit.karate - [print] testing xlinkurl:urn:ogc:def:crs:EPSG::5709
14:45:17.807 [ForkJoinPool-1-worker-13] ERROR com.intuit.karate - org.apache.http.client.ClientProtocolException: URI does not specify a valid host name: urn:ogc:def:crs:EPSG::5709, http call failed after 0 milliseconds for URL: urn:ogc:def:crs:EPSG::5709
14:45:17.807 [ForkJoinPool-1-worker-13] ERROR com.intuit.karate - http request failed: 
org.apache.http.client.ClientProtocolException: URI does not specify a valid host name: urn:ogc:def:crs:EPSG::5709
14:45:17.807 [ForkJoinPool-1-worker-13] ERROR com.intuit.karate - feature call (loop) failed at index: 2
caller: classpath:InspireTest/ngr/datasetrecords/def/checkxlinkurl.template.feature
arg: {"link":"urn:ogc:def:crs:EPSG::5709"}
checkxlinkurl.template.feature:14 - 
org.apache.http.client.ClientProtocolException: URI does not specify a valid host name: urn:ogc:def:crs:EPSG::5709
14:45:17.910 [ForkJoinPool-1-worker-3] INFO  com.intuit.karate - [print]
14:45:17.910 [ForkJoinPool-1-worker-3] INFO  com.intuit.karate - [print] testing xlinkurl:https://www.nationaalgeoregister.nl/geonetwork/srv/api/recordsf44dac86-2228-412f-8355-e56446ca9933
14:45:17.974 [ForkJoinPool-1-worker-5] ERROR com.intuit.karate - status code was: 400, expected: 200, response time: 312, url: https://www.nationaalgeoregister.nl:443/geonetwork/srv/api/records/a5241416-8401-4623-be61-57ef50447a41, response: 
14:45:17.975 [ForkJoinPool-1-worker-5] ERROR com.intuit.karate - feature call (loop) failed at index: 1
caller: classpath:InspireTest/ngr/datasetrecords/def/checkxlinkurl.template.feature
arg: {"link":"https://www.nationaalgeoregister.nl:443/geonetwork/srv/api/records/a5241416-8401-4623-be61-57ef50447a41"}
checkxlinkurl.template.feature:15 - status code was: 400, expected: 200, response time: 312, url: https://www.nationaalgeoregister.nl:443/geonetwork/srv/api/records/a5241416-8401-4623-be61-57ef50447a41, response: 
14:45:17.994 [ForkJoinPool-1-worker-7] INFO  com.intuit.karate - [print] title:Begrenzingen van vergunde ontgrondingsgebieden voor zand- en grindwinning
14:45:17.994 [ForkJoinPool-1-worker-7] INFO  com.intuit.karate - [print] Begrenzingen van vergunde ontgrondingsgebieden voor zand- en grindwinning
14:45:17.994 [ForkJoinPool-1-worker-7] INFO  com.intuit.karate - [print] [
  "inspire@gbo-provincies.nl",
  "inspire@gbo-provincies.nl",
  "inspire@gbo-provincies.nl"
]

14:45:17.995 [ForkJoinPool-1-worker-7] INFO  com.intuit.karate - [print] organisation: [
  "Interprovinciaal Overleg",
  "Interprovinciaal Overleg",
  "Interprovinciaal Overleg"
]

14:45:18.000 [ForkJoinPool-1-worker-7] INFO  com.intuit.karate - [print] [
  "http://www.opengis.net/def/crs/EPSG/0/http://www.opengis.net/def/crs/EPSG/0/3034",
  "http://nationaalgeoregister.nl/geonetwork/srv/dut/csw?SERVICE=CSW&version=2.0.2&REQUEST=GetRecordById&elementSetName=full&OutputSchema=http://www.isotc211.org/2005/gmd&ID=58e7dc38-a498-4852-b4ef-908f5baa9056",
  "https://creativecommons.org/publicdomain/mark/*/deed.nl",
  ""
]

14:45:18.004 [ForkJoinPool-1-worker-7] INFO  com.intuit.karate - [print]
14:45:18.004 [ForkJoinPool-1-worker-7] INFO  com.intuit.karate - [print] testing xlinkurl:http://www.opengis.net/def/crs/EPSG/0/http://www.opengis.net/def/crs/EPSG/0/3034
14:45:18.137 [ForkJoinPool-1-worker-11] ERROR com.intuit.karate - status code was: 404, expected: 200, response time: 706, url: https://monumentenregister.cultureelerfgoed.nl/sites/default/files/MRS/mrs-inspire.zip, response: 
14:45:18.138 [ForkJoinPool-1-worker-11] ERROR com.intuit.karate - feature call (loop) failed at index: 0
caller: classpath:InspireTest/ngr/datasetrecords/def/checkxlinkurl.template.feature
arg: {"link":"https://monumentenregister.cultureelerfgoed.nl/sites/default/files/MRS/mrs-inspire.zip"}
checkxlinkurl.template.feature:15 - status code was: 404, expected: 200, response time: 706, url: https://monumentenregister.cultureelerfgoed.nl/sites/default/files/MRS/mrs-inspire.zip, response: 
14:45:18.294 [ForkJoinPool-1-worker-7] INFO  com.intuit.karate - [print]
14:45:18.295 [ForkJoinPool-1-worker-7] INFO  com.intuit.karate - [print] testing xlinkurl:http://nationaalgeoregister.nl/geonetwork/srv/dut/csw?SERVICE=CSW&version=2.0.2&REQUEST=GetRecordById&elementSetName=full&OutputSchema=http://www.isotc211.org/2005/gmd&ID=58e7dc38-a498-4852-b4ef-908f5baa9056
14:45:18.348 [ForkJoinPool-1-worker-3] ERROR com.intuit.karate - status code was: 500, expected: 200, response time: 438, url: https://www.nationaalgeoregister.nl/geonetwork/srv/api/recordsf44dac86-2228-412f-8355-e56446ca9933, response: 
14:45:18.349 [ForkJoinPool-1-worker-3] ERROR com.intuit.karate - feature call (loop) failed at index: 1
caller: classpath:InspireTest/ngr/datasetrecords/def/checkxlinkurl.template.feature
arg: {"link":"https://www.nationaalgeoregister.nl/geonetwork/srv/api/recordsf44dac86-2228-412f-8355-e56446ca9933"}
checkxlinkurl.template.feature:15 - status code was: 500, expected: 200, response time: 438, url: https://www.nationaalgeoregister.nl/geonetwork/srv/api/recordsf44dac86-2228-412f-8355-e56446ca9933, response: 
14:45:18.351 [ForkJoinPool-1-worker-3] INFO  com.intuit.karate - [print]
14:45:18.351 [ForkJoinPool-1-worker-3] INFO  com.intuit.karate - [print] testing xlinkurl:www.hydro.nl
14:45:18.351 [ForkJoinPool-1-worker-3] ERROR com.intuit.karate - org.apache.http.client.ClientProtocolException, http call failed after 0 milliseconds for URL: www.hydro.nl
14:45:18.352 [ForkJoinPool-1-worker-3] ERROR com.intuit.karate - http request failed: 
org.apache.http.client.ClientProtocolException
14:45:18.352 [ForkJoinPool-1-worker-3] ERROR com.intuit.karate - feature call (loop) failed at index: 2
caller: classpath:InspireTest/ngr/datasetrecords/def/checkxlinkurl.template.feature
arg: {"link":"www.hydro.nl"}
checkxlinkurl.template.feature:14 - 
org.apache.http.client.ClientProtocolException
14:45:18.355 [ForkJoinPool-1-worker-13] INFO  com.intuit.karate - [print] title:Hydrografie waterschappen INSPIRE
14:45:18.356 [ForkJoinPool-1-worker-13] INFO  com.intuit.karate - [print] Hydrografie waterschappen INSPIRE
14:45:18.357 [ForkJoinPool-1-worker-13] INFO  com.intuit.karate - [print] [
  "datastromen@hetwaterschapshuis.nl",
  "datastromen@hetwaterschapshuis.nl",
  "",
  "datastromen@hetwaterschapshuis.nl"
]

14:45:18.358 [ForkJoinPool-1-worker-13] INFO  com.intuit.karate - [print] organisation: [
  "Het Waterschapshuis",
  "Het Waterschapshuis",
  "Het Waterschapshuis",
  "Het Waterschapshuis"
]

14:45:18.362 [ForkJoinPool-1-worker-13] INFO  com.intuit.karate - [print] [
  "http://www.opengis.net/def/crs/EPSG/0/ETRS89",
  "https://www.nationaalgeoregister.nl/geonetwork/srv/api/records07575774-57a1-4419-bab4-6c88fdeb02b2"
]

14:45:18.365 [ForkJoinPool-1-worker-13] INFO  com.intuit.karate - [print]
14:45:18.366 [ForkJoinPool-1-worker-13] INFO  com.intuit.karate - [print] testing xlinkurl:http://www.opengis.net/def/crs/EPSG/0/ETRS89
14:45:18.564 [ForkJoinPool-1-worker-9] INFO  com.intuit.karate - [print] title:CBS Provincies 2012
14:45:18.564 [ForkJoinPool-1-worker-9] INFO  com.intuit.karate - [print] CBS Provincies 2012
14:45:18.565 [ForkJoinPool-1-worker-9] INFO  com.intuit.karate - [print] [
  "infoservice@cbs.nl",
  "infoservice@cbs.nl",
  "infoservice@cbs.nl",
  "",
  ""
]

14:45:18.566 [ForkJoinPool-1-worker-9] INFO  com.intuit.karate - [print] organisation: [
  "Centraal Bureau voor de Statistiek",
  "Centraal Bureau voor de Statistiek",
  "Centraal Bureau voor de Statistiek",
  "Kadaster"
]

14:45:18.569 [ForkJoinPool-1-worker-9] INFO  com.intuit.karate - [print] [
  "http://geodata.nationaalgeoregister.nl/cbsprovincies/extract/cbsprovincies.zip",
  ""
]

14:45:18.576 [ForkJoinPool-1-worker-9] INFO  com.intuit.karate - [print]
14:45:18.576 [ForkJoinPool-1-worker-9] INFO  com.intuit.karate - [print] testing xlinkurl:http://geodata.nationaalgeoregister.nl/cbsprovincies/extract/cbsprovincies.zip
14:45:18.605 [ForkJoinPool-1-worker-5] INFO  com.intuit.karate - [print] title:Zwemwaterkwaliteit (provinciaal en Rijkswateren) uit {Zwemwaterregister}
14:45:18.605 [ForkJoinPool-1-worker-5] INFO  com.intuit.karate - [print] Zwemwaterkwaliteit (provinciaal en Rijkswateren) uit {Zwemwaterregister}
14:45:18.606 [ForkJoinPool-1-worker-5] INFO  com.intuit.karate - [print] [
  "inspire@gbo-provincies.nl",
  "inspire@gbo-provincies.nl",
  "inspire@gbo-provincies.nl"
]

14:45:18.607 [ForkJoinPool-1-worker-5] INFO  com.intuit.karate - [print] organisation: [
  "Interprovinciaal Overleg",
  "Interprovinciaal Overleg",
  "Interprovinciaal Overleg"
]

14:45:18.611 [ForkJoinPool-1-worker-5] INFO  com.intuit.karate - [print] [
  "http://nationaalgeoregister.nl/geonetwork/srv/dut/csw?SERVICE=CSW&version=2.0.2&REQUEST=GetRecordById&elementSetName=full&OutputSchema=http://www.isotc211.org/2005/gmd&ID=df5ee213-e1bd-433b-80f7-4ea20f493ca8",
  "https://creativecommons.org/publicdomain/mark/*/deed.nl",
  ""
]

14:45:18.616 [ForkJoinPool-1-worker-5] INFO  com.intuit.karate - [print]
14:45:18.617 [ForkJoinPool-1-worker-5] INFO  com.intuit.karate - [print] testing xlinkurl:http://nationaalgeoregister.nl/geonetwork/srv/dut/csw?SERVICE=CSW&version=2.0.2&REQUEST=GetRecordById&elementSetName=full&OutputSchema=http://www.isotc211.org/2005/gmd&ID=df5ee213-e1bd-433b-80f7-4ea20f493ca8
14:45:18.651 [ForkJoinPool-1-worker-13] INFO  com.intuit.karate - [print]
14:45:18.652 [ForkJoinPool-1-worker-13] INFO  com.intuit.karate - [print] testing xlinkurl:https://www.nationaalgeoregister.nl/geonetwork/srv/api/records07575774-57a1-4419-bab4-6c88fdeb02b2
14:45:18.705 [ForkJoinPool-1-worker-11] INFO  com.intuit.karate - [print] title:Emissies naar lucht en water in 2015 vanuit de industrie
14:45:18.705 [ForkJoinPool-1-worker-11] INFO  com.intuit.karate - [print] Emissies naar lucht en water in 2015 vanuit de industrie
14:45:18.706 [ForkJoinPool-1-worker-11] INFO  com.intuit.karate - [print] [
  "emissieregistratie@rivm.nl",
  "",
  "emissieregistratie@rivm.nl"
]

14:45:18.708 [ForkJoinPool-1-worker-11] INFO  com.intuit.karate - [print] organisation: no organisationName found in dataset record
14:45:18.713 [ForkJoinPool-1-worker-11] INFO  com.intuit.karate - [print] [
  "https://data.rivm.nl/inspire/id#c6d62f69-7be0-4c19-a4af-d146c6a3c166"
]

14:45:18.720 [ForkJoinPool-1-worker-11] INFO  com.intuit.karate - [print]
14:45:18.720 [ForkJoinPool-1-worker-11] INFO  com.intuit.karate - [print] testing xlinkurl:https://data.rivm.nl/inspire/id#c6d62f69-7be0-4c19-a4af-d146c6a3c166
14:45:18.752 [ForkJoinPool-1-worker-7] INFO  com.intuit.karate - [print]
14:45:18.752 [ForkJoinPool-1-worker-7] INFO  com.intuit.karate - [print] testing xlinkurl:https://creativecommons.org/publicdomain/mark/*/deed.nl
14:45:18.779 [ForkJoinPool-1-worker-9] INFO  com.intuit.karate - [print]
14:45:18.779 [ForkJoinPool-1-worker-9] INFO  com.intuit.karate - [print] testing xlinkurl:
14:45:18.779 [ForkJoinPool-1-worker-9] ERROR com.intuit.karate - org.apache.http.client.ClientProtocolException, http call failed after 0 milliseconds for URL: 
14:45:18.779 [ForkJoinPool-1-worker-9] ERROR com.intuit.karate - http request failed: 
org.apache.http.client.ClientProtocolException
14:45:18.779 [ForkJoinPool-1-worker-9] ERROR com.intuit.karate - feature call (loop) failed at index: 1
caller: classpath:InspireTest/ngr/datasetrecords/def/checkxlinkurl.template.feature
arg: {"link":""}
checkxlinkurl.template.feature:14 - 
org.apache.http.client.ClientProtocolException
14:45:18.792 [ForkJoinPool-1-worker-7] ERROR com.intuit.karate - status code was: 404, expected: 200, response time: 39, url: https://creativecommons.org/publicdomain/mark/*/deed.nl, response: 
14:45:18.793 [ForkJoinPool-1-worker-7] ERROR com.intuit.karate - feature call (loop) failed at index: 2
caller: classpath:InspireTest/ngr/datasetrecords/def/checkxlinkurl.template.feature
arg: {"link":"https://creativecommons.org/publicdomain/mark/*/deed.nl"}
checkxlinkurl.template.feature:15 - status code was: 404, expected: 200, response time: 39, url: https://creativecommons.org/publicdomain/mark/*/deed.nl, response: 
14:45:18.794 [ForkJoinPool-1-worker-7] INFO  com.intuit.karate - [print]
14:45:18.795 [ForkJoinPool-1-worker-7] INFO  com.intuit.karate - [print] testing xlinkurl:
14:45:18.796 [ForkJoinPool-1-worker-7] ERROR com.intuit.karate - org.apache.http.client.ClientProtocolException, http call failed after 0 milliseconds for URL: 
14:45:18.796 [ForkJoinPool-1-worker-7] ERROR com.intuit.karate - http request failed: 
org.apache.http.client.ClientProtocolException
14:45:18.797 [ForkJoinPool-1-worker-7] ERROR com.intuit.karate - feature call (loop) failed at index: 3
caller: classpath:InspireTest/ngr/datasetrecords/def/checkxlinkurl.template.feature
arg: {"link":""}
checkxlinkurl.template.feature:14 - 
org.apache.http.client.ClientProtocolException
14:45:18.862 [ForkJoinPool-1-worker-3] INFO  com.intuit.karate - [print] title:Natuurbranden
14:45:18.863 [ForkJoinPool-1-worker-3] INFO  com.intuit.karate - [print] Natuurbranden
14:45:18.863 [ForkJoinPool-1-worker-3] INFO  com.intuit.karate - [print] [
  "inspire@gbo-provincies.nl",
  "inspire@gbo-provincies.nl",
  "inspire@gbo-provincies.nl"
]

14:45:18.864 [ForkJoinPool-1-worker-3] INFO  com.intuit.karate - [print] organisation: [
  "Interprovinciaal Overleg",
  "Interprovinciaal Overleg",
  "Interprovinciaal Overleg"
]

14:45:18.869 [ForkJoinPool-1-worker-3] INFO  com.intuit.karate - [print] [
  "http://www.opengis.net/def/crs/EPSG/0/http://www.opengis.net/def/crs/EPSG/0/3034",
  "http://nationaalgeoregister.nl/geonetwork/srv/dut/csw?SERVICE=CSW&version=2.0.2&REQUEST=GetRecordById&elementSetName=full&OutputSchema=http://www.isotc211.org/2005/gmd&ID=88f76a94-ee4d-4e0c-9fde-91b692403e39",
  "https://creativecommons.org/publicdomain/mark/*/deed.nl",
  ""
]

14:45:18.875 [ForkJoinPool-1-worker-3] INFO  com.intuit.karate - [print]
14:45:18.875 [ForkJoinPool-1-worker-3] INFO  com.intuit.karate - [print] testing xlinkurl:http://www.opengis.net/def/crs/EPSG/0/http://www.opengis.net/def/crs/EPSG/0/3034
14:45:18.949 [ForkJoinPool-1-worker-13] ERROR com.intuit.karate - status code was: 500, expected: 200, response time: 296, url: https://www.nationaalgeoregister.nl/geonetwork/srv/api/records07575774-57a1-4419-bab4-6c88fdeb02b2, response: 
14:45:18.949 [ForkJoinPool-1-worker-13] ERROR com.intuit.karate - feature call (loop) failed at index: 1
caller: classpath:InspireTest/ngr/datasetrecords/def/checkxlinkurl.template.feature
arg: {"link":"https://www.nationaalgeoregister.nl/geonetwork/srv/api/records07575774-57a1-4419-bab4-6c88fdeb02b2"}
checkxlinkurl.template.feature:15 - status code was: 500, expected: 200, response time: 296, url: https://www.nationaalgeoregister.nl/geonetwork/srv/api/records07575774-57a1-4419-bab4-6c88fdeb02b2, response: 
14:45:19.061 [ForkJoinPool-1-worker-5] INFO  com.intuit.karate - [print]
14:45:19.062 [ForkJoinPool-1-worker-5] INFO  com.intuit.karate - [print] testing xlinkurl:https://creativecommons.org/publicdomain/mark/*/deed.nl
14:45:19.066 [ForkJoinPool-1-worker-11] ERROR com.intuit.karate - javax.net.ssl.SSLException: Connection reset, http call failed after 345 milliseconds for URL: https://data.rivm.nl/inspire/id#c6d62f69-7be0-4c19-a4af-d146c6a3c166
14:45:19.066 [ForkJoinPool-1-worker-11] ERROR com.intuit.karate - http request failed: 
javax.net.ssl.SSLException: Connection reset
14:45:19.067 [ForkJoinPool-1-worker-11] ERROR com.intuit.karate - feature call (loop) failed at index: 0
caller: classpath:InspireTest/ngr/datasetrecords/def/checkxlinkurl.template.feature
arg: {"link":"https://data.rivm.nl/inspire/id#c6d62f69-7be0-4c19-a4af-d146c6a3c166"}
checkxlinkurl.template.feature:14 - 
javax.net.ssl.SSLException: Connection reset
14:45:19.091 [ForkJoinPool-1-worker-5] ERROR com.intuit.karate - status code was: 404, expected: 200, response time: 29, url: https://creativecommons.org/publicdomain/mark/*/deed.nl, response: 
14:45:19.091 [ForkJoinPool-1-worker-5] ERROR com.intuit.karate - feature call (loop) failed at index: 1
caller: classpath:InspireTest/ngr/datasetrecords/def/checkxlinkurl.template.feature
arg: {"link":"https://creativecommons.org/publicdomain/mark/*/deed.nl"}
checkxlinkurl.template.feature:15 - status code was: 404, expected: 200, response time: 29, url: https://creativecommons.org/publicdomain/mark/*/deed.nl, response: 
14:45:19.092 [ForkJoinPool-1-worker-5] INFO  com.intuit.karate - [print]
14:45:19.092 [ForkJoinPool-1-worker-5] INFO  com.intuit.karate - [print] testing xlinkurl:
14:45:19.092 [ForkJoinPool-1-worker-5] ERROR com.intuit.karate - org.apache.http.client.ClientProtocolException, http call failed after 0 milliseconds for URL: 
14:45:19.092 [ForkJoinPool-1-worker-5] ERROR com.intuit.karate - http request failed: 
org.apache.http.client.ClientProtocolException
14:45:19.092 [ForkJoinPool-1-worker-5] ERROR com.intuit.karate - feature call (loop) failed at index: 2
caller: classpath:InspireTest/ngr/datasetrecords/def/checkxlinkurl.template.feature
arg: {"link":""}
checkxlinkurl.template.feature:14 - 
org.apache.http.client.ClientProtocolException
14:45:19.165 [ForkJoinPool-1-worker-3] INFO  com.intuit.karate - [print]
14:45:19.165 [ForkJoinPool-1-worker-3] INFO  com.intuit.karate - [print] testing xlinkurl:http://nationaalgeoregister.nl/geonetwork/srv/dut/csw?SERVICE=CSW&version=2.0.2&REQUEST=GetRecordById&elementSetName=full&OutputSchema=http://www.isotc211.org/2005/gmd&ID=88f76a94-ee4d-4e0c-9fde-91b692403e39
14:45:19.311 [ForkJoinPool-1-worker-9] INFO  com.intuit.karate - [print] title:Menselijke gezondheid en veiligheid - geluidbelasting rijkswegen 2016 (INSPIRE geharmoniseerd)
14:45:19.311 [ForkJoinPool-1-worker-9] INFO  com.intuit.karate - [print] Menselijke gezondheid en veiligheid - geluidbelasting rijkswegen 2016 (INSPIRE geharmoniseerd)
14:45:19.313 [ForkJoinPool-1-worker-9] INFO  com.intuit.karate - [print] [
  "servicedesk-data@rijkswaterstaat.nl",
  "servicedesk-data@rijkswaterstaat.nl",
  "",
  "servicedesk-data@rijkswaterstaat.nl",
  "info@wetransform.to"
]

14:45:19.314 [ForkJoinPool-1-worker-9] INFO  com.intuit.karate - [print] organisation: [
  "Rijkswaterstaat",
  "Rijkswaterstaat",
  "",
  "Rijkswaterstaat",
  "Wetransform"
]

14:45:19.317 [ForkJoinPool-1-worker-9] INFO  com.intuit.karate - [print] [
  "https://www.nationaalgeoregister.nl/geonetwork/srv/dut/catalog.search#/metadata/wt-83730-e750-485a-9c0c-39bf9be72cf8",
  "http://rdfdata.eionet.europa.eu/inspirethemes/themes/18",
  "https://ngr.geocat.live/geonetwork/srv/eng/thesaurus.download?ref=external.theme.httpinspireeceuropaeumetadatacodelistPrioritydataset-Prioritydataset"
]

14:45:19.320 [ForkJoinPool-1-worker-9] INFO  com.intuit.karate - [print]
14:45:19.321 [ForkJoinPool-1-worker-9] INFO  com.intuit.karate - [print] testing xlinkurl:https://www.nationaalgeoregister.nl/geonetwork/srv/dut/catalog.search#/metadata/wt-83730-e750-485a-9c0c-39bf9be72cf8
14:45:19.527 [ForkJoinPool-1-worker-7] INFO  com.intuit.karate - [print] title:Bathymetrie Nederland - binnenwateren
14:45:19.527 [ForkJoinPool-1-worker-7] INFO  com.intuit.karate - [print] Bathymetrie Nederland - binnenwateren
14:45:19.529 [ForkJoinPool-1-worker-7] INFO  com.intuit.karate - [print] [
  "servicedesk-data@rijkswaterstaat.nl",
  "servicedesk-data@rijkswaterstaat.nl",
  "",
  "servicedesk-data@rijkswaterstaat.nl",
  "servicedesk-data@rijkswaterstaat.nl"
]

14:45:19.530 [ForkJoinPool-1-worker-7] INFO  com.intuit.karate - [print] organisation: [
  "Rijkswaterstaat",
  "Rijkswaterstaat",
  "",
  "Rijkswaterstaat",
  "Rijkswaterstaat"
]

14:45:19.534 [ForkJoinPool-1-worker-7] INFO  com.intuit.karate - [print] [
  "https://www.nationaalgeoregister.nl/geonetwork/srv/dut/catalog.search#/metadata/adn73c4a-ef03-4785-b7f6-942e86b385f7",
  "http://rdfdata.eionet.europa.eu/inspirethemes/themes/10",
  "urn:ogc:def:crs:EPSG::5709"
]

14:45:19.539 [ForkJoinPool-1-worker-7] INFO  com.intuit.karate - [print]
14:45:19.540 [ForkJoinPool-1-worker-7] INFO  com.intuit.karate - [print] testing xlinkurl:https://www.nationaalgeoregister.nl/geonetwork/srv/dut/catalog.search#/metadata/adn73c4a-ef03-4785-b7f6-942e86b385f7
14:45:19.670 [ForkJoinPool-1-worker-11] INFO  com.intuit.karate - [print] title:Luchtfoto 2016 25cm CIR open data
14:45:19.671 [ForkJoinPool-1-worker-11] INFO  com.intuit.karate - [print] Luchtfoto 2016 25cm CIR open data
14:45:19.671 [ForkJoinPool-1-worker-11] INFO  com.intuit.karate - [print] [
  "PPB-GVA@kadaster.nl",
  "info@hetwaterschapshuis.nl",
  "kcc@kadaster.nl",
  "",
  "",
  "",
  "",
  "",
  ""
]

14:45:19.672 [ForkJoinPool-1-worker-11] INFO  com.intuit.karate - [print] organisation: [
  "Kadaster",
  "Het Waterschapshuis",
  "Kadaster",
  "Eurosense",
  "Eurosense",
  "Eurosense",
  "Kadaster",
  "Kadaster"
]

14:45:19.675 [ForkJoinPool-1-worker-11] INFO  com.intuit.karate - [print] [
  "http://kadaster/2482250f-3b00-4439-9f93-f3118229b015",
  "",
  "",
  ""
]

14:45:19.678 [ForkJoinPool-1-worker-11] INFO  com.intuit.karate - [print]
14:45:19.678 [ForkJoinPool-1-worker-11] INFO  com.intuit.karate - [print] testing xlinkurl:http://kadaster/2482250f-3b00-4439-9f93-f3118229b015
14:45:19.678 [ForkJoinPool-1-worker-11] ERROR com.intuit.karate - java.net.UnknownHostException: kadaster, http call failed after 0 milliseconds for URL: http://kadaster/2482250f-3b00-4439-9f93-f3118229b015
14:45:19.678 [ForkJoinPool-1-worker-11] ERROR com.intuit.karate - http request failed: 
java.net.UnknownHostException: kadaster
14:45:19.679 [ForkJoinPool-1-worker-11] ERROR com.intuit.karate - feature call (loop) failed at index: 0
caller: classpath:InspireTest/ngr/datasetrecords/def/checkxlinkurl.template.feature
arg: {"link":"http://kadaster/2482250f-3b00-4439-9f93-f3118229b015"}
checkxlinkurl.template.feature:14 - 
java.net.UnknownHostException: kadaster
14:45:19.679 [ForkJoinPool-1-worker-11] INFO  com.intuit.karate - [print]
14:45:19.679 [ForkJoinPool-1-worker-11] INFO  com.intuit.karate - [print] testing xlinkurl:
14:45:19.680 [ForkJoinPool-1-worker-11] ERROR com.intuit.karate - org.apache.http.client.ClientProtocolException, http call failed after 0 milliseconds for URL: 
14:45:19.680 [ForkJoinPool-1-worker-11] ERROR com.intuit.karate - http request failed: 
org.apache.http.client.ClientProtocolException
14:45:19.680 [ForkJoinPool-1-worker-11] ERROR com.intuit.karate - feature call (loop) failed at index: 1
caller: classpath:InspireTest/ngr/datasetrecords/def/checkxlinkurl.template.feature
arg: {"link":""}
checkxlinkurl.template.feature:14 - 
org.apache.http.client.ClientProtocolException
14:45:19.680 [ForkJoinPool-1-worker-11] INFO  com.intuit.karate - [print]
14:45:19.681 [ForkJoinPool-1-worker-11] INFO  com.intuit.karate - [print] testing xlinkurl:
14:45:19.681 [ForkJoinPool-1-worker-11] ERROR com.intuit.karate - org.apache.http.client.ClientProtocolException, http call failed after 0 milliseconds for URL: 
14:45:19.681 [ForkJoinPool-1-worker-11] ERROR com.intuit.karate - http request failed: 
org.apache.http.client.ClientProtocolException
14:45:19.681 [ForkJoinPool-1-worker-11] ERROR com.intuit.karate - feature call (loop) failed at index: 2
caller: classpath:InspireTest/ngr/datasetrecords/def/checkxlinkurl.template.feature
arg: {"link":""}
checkxlinkurl.template.feature:14 - 
org.apache.http.client.ClientProtocolException
14:45:19.682 [ForkJoinPool-1-worker-11] INFO  com.intuit.karate - [print]
14:45:19.682 [ForkJoinPool-1-worker-11] INFO  com.intuit.karate - [print] testing xlinkurl:
14:45:19.682 [ForkJoinPool-1-worker-11] ERROR com.intuit.karate - org.apache.http.client.ClientProtocolException, http call failed after 0 milliseconds for URL: 
14:45:19.682 [ForkJoinPool-1-worker-11] ERROR com.intuit.karate - http request failed: 
org.apache.http.client.ClientProtocolException
14:45:19.682 [ForkJoinPool-1-worker-11] ERROR com.intuit.karate - feature call (loop) failed at index: 3
caller: classpath:InspireTest/ngr/datasetrecords/def/checkxlinkurl.template.feature
arg: {"link":""}
checkxlinkurl.template.feature:14 - 
org.apache.http.client.ClientProtocolException
14:45:19.715 [ForkJoinPool-1-worker-13] INFO  com.intuit.karate - [print] title:Richtlijn Overstromingsrisico - gebieden met Potentieel Significant Overstromingsrisico EU2018 lijnen
14:45:19.716 [ForkJoinPool-1-worker-13] INFO  com.intuit.karate - [print] Richtlijn Overstromingsrisico - gebieden met Potentieel Significant Overstromingsrisico EU2018 lijnen
14:45:19.717 [ForkJoinPool-1-worker-13] INFO  com.intuit.karate - [print] [
  "servicedesk-data@rijkswaterstaat.nl",
  "servicedesk-data@rijkswaterstaat.nl",
  "",
  "servicedesk-data@rijkswaterstaat.nl",
  "servicedesk-data@rijkswaterstaat.nl"
]

14:45:19.719 [ForkJoinPool-1-worker-13] INFO  com.intuit.karate - [print] organisation: [
  "Rijkswaterstaat",
  "Rijkswaterstaat",
  "",
  "Rijkswaterstaat",
  "Rijkswaterstaat"
]

14:45:19.721 [ForkJoinPool-1-worker-5] INFO  com.intuit.karate - [print] title:BRO REGIS II Hydrogeologisch model (HGM)
14:45:19.722 [ForkJoinPool-1-worker-5] INFO  com.intuit.karate - [print] BRO REGIS II Hydrogeologisch model (HGM)
14:45:19.723 [ForkJoinPool-1-worker-3] INFO  com.intuit.karate - [print]
14:45:19.723 [ForkJoinPool-1-worker-3] INFO  com.intuit.karate - [print] testing xlinkurl:https://creativecommons.org/publicdomain/mark/*/deed.nl
14:45:19.723 [ForkJoinPool-1-worker-5] INFO  com.intuit.karate - [print] [
  "info@bro.nl",
  "info@bro.nl",
  "info@dinoloket.nl"
]

14:45:19.726 [ForkJoinPool-1-worker-5] INFO  com.intuit.karate - [print] organisation: [
  "TNO Geologische Dienst Nederland",
  "TNO Geologische Dienst Nederland",
  "TNO Geologische Dienst Nederland"
]

14:45:19.729 [ForkJoinPool-1-worker-5] INFO  com.intuit.karate - [print] [
  "http://www.opengis.net/def/crs/EPSG/0/NAP",
  "https://ngr.acceptatie.nationaalgeoregister.nl/geonetwork/srv/resourcesd72ddff0-2724-11e2-81c1-0800200c9a66"
]

14:45:19.739 [ForkJoinPool-1-worker-5] INFO  com.intuit.karate - [print]
14:45:19.739 [ForkJoinPool-1-worker-5] INFO  com.intuit.karate - [print] testing xlinkurl:http://www.opengis.net/def/crs/EPSG/0/NAP
14:45:19.740 [ForkJoinPool-1-worker-13] INFO  com.intuit.karate - [print] [
  "https://www.nationaalgeoregister.nl/geonetwork/srv/dut/catalog.search#/metadata/ror-9d8e-4758-83fx-28b057f185g1",
  "http://rdfdata.eionet.europa.eu/inspirethemes/themes/25",
  "https://ngr.geocat.live/geonetwork/srv/eng/thesaurus.download?ref=external.theme.httpinspireeceuropaeumetadatacodelistPrioritydataset-Prioritydataset",
  "urn:ogc:def:crs:EPSG::5709"
]

14:45:19.745 [ForkJoinPool-1-worker-13] INFO  com.intuit.karate - [print]
14:45:19.750 [ForkJoinPool-1-worker-13] INFO  com.intuit.karate - [print] testing xlinkurl:https://www.nationaalgeoregister.nl/geonetwork/srv/dut/catalog.search#/metadata/ror-9d8e-4758-83fx-28b057f185g1
14:45:19.753 [ForkJoinPool-1-worker-3] ERROR com.intuit.karate - status code was: 404, expected: 200, response time: 29, url: https://creativecommons.org/publicdomain/mark/*/deed.nl, response: 
14:45:19.753 [ForkJoinPool-1-worker-3] ERROR com.intuit.karate - feature call (loop) failed at index: 2
caller: classpath:InspireTest/ngr/datasetrecords/def/checkxlinkurl.template.feature
arg: {"link":"https://creativecommons.org/publicdomain/mark/*/deed.nl"}
checkxlinkurl.template.feature:15 - status code was: 404, expected: 200, response time: 29, url: https://creativecommons.org/publicdomain/mark/*/deed.nl, response: 
14:45:19.753 [ForkJoinPool-1-worker-3] INFO  com.intuit.karate - [print]
14:45:19.754 [ForkJoinPool-1-worker-3] INFO  com.intuit.karate - [print] testing xlinkurl:
14:45:19.754 [ForkJoinPool-1-worker-3] ERROR com.intuit.karate - org.apache.http.client.ClientProtocolException, http call failed after 0 milliseconds for URL: 
14:45:19.754 [ForkJoinPool-1-worker-3] ERROR com.intuit.karate - http request failed: 
org.apache.http.client.ClientProtocolException
14:45:19.754 [ForkJoinPool-1-worker-3] ERROR com.intuit.karate - feature call (loop) failed at index: 3
caller: classpath:InspireTest/ngr/datasetrecords/def/checkxlinkurl.template.feature
arg: {"link":""}
checkxlinkurl.template.feature:14 - 
org.apache.http.client.ClientProtocolException
14:45:19.759 [ForkJoinPool-1-worker-9] INFO  com.intuit.karate - [print]
14:45:19.760 [ForkJoinPool-1-worker-9] INFO  com.intuit.karate - [print] testing xlinkurl:http://rdfdata.eionet.europa.eu/inspirethemes/themes/18
14:45:19.843 [ForkJoinPool-1-worker-7] INFO  com.intuit.karate - [print]
14:45:19.843 [ForkJoinPool-1-worker-7] INFO  com.intuit.karate - [print] testing xlinkurl:http://rdfdata.eionet.europa.eu/inspirethemes/themes/10
14:45:20.049 [ForkJoinPool-1-worker-13] INFO  com.intuit.karate - [print]
14:45:20.049 [ForkJoinPool-1-worker-13] INFO  com.intuit.karate - [print] testing xlinkurl:http://rdfdata.eionet.europa.eu/inspirethemes/themes/25
14:45:20.082 [ForkJoinPool-1-worker-5] INFO  com.intuit.karate - [print]
14:45:20.083 [ForkJoinPool-1-worker-5] INFO  com.intuit.karate - [print] testing xlinkurl:https://ngr.acceptatie.nationaalgeoregister.nl/geonetwork/srv/resourcesd72ddff0-2724-11e2-81c1-0800200c9a66
14:45:20.185 [ForkJoinPool-1-worker-11] INFO  com.intuit.karate - [print] title:Nationaal Beschermde Gebieden (CDDA) (INSPIRE geharmoniseerd)
14:45:20.185 [ForkJoinPool-1-worker-11] INFO  com.intuit.karate - [print] Nationaal Beschermde Gebieden (CDDA) (INSPIRE geharmoniseerd)
14:45:20.186 [ForkJoinPool-1-worker-11] INFO  com.intuit.karate - [print] [
  "geodatabeheer.giscc@rvo.nl",
  "geodatabeheer.giscc@rvo.nl",
  "geodatabeheer.giscc@rvo.nl"
]

14:45:20.188 [ForkJoinPool-1-worker-11] INFO  com.intuit.karate - [print] organisation: [
  "Ministerie van Economische Zaken - GIS Competence Center",
  "Ministerie van Landbouw, Natuur en Voedselkwaliteit",
  "Ministerie van Economische Zaken - GIS Competence Center"
]

14:45:20.192 [ForkJoinPool-1-worker-11] INFO  com.intuit.karate - [print] [
  "http://www.opengis.net/def/crs/EPSG/0/http://www.opengis.net/def/crs/EPSG/0/4258",
  "https://www.nationaalgeoregister.nl/geonetwork/srv/dut/catalog.search#/metadata/3387ef8a-9237-453a-aa4e-585d1e193550",
  "https://creativecommons.org/publicdomain/mark/*/deed.nl"
]

14:45:20.197 [ForkJoinPool-1-worker-11] INFO  com.intuit.karate - [print]
14:45:20.197 [ForkJoinPool-1-worker-11] INFO  com.intuit.karate - [print] testing xlinkurl:http://www.opengis.net/def/crs/EPSG/0/http://www.opengis.net/def/crs/EPSG/0/4258
14:45:20.256 [ForkJoinPool-1-worker-3] INFO  com.intuit.karate - [print] title:BRO GeoTOP (GTM)
14:45:20.257 [ForkJoinPool-1-worker-3] INFO  com.intuit.karate - [print] BRO GeoTOP (GTM)
14:45:20.258 [ForkJoinPool-1-worker-3] INFO  com.intuit.karate - [print] [
  "info@bro.nl",
  "info@bro.nl",
  "info@dinoloket.nl"
]

14:45:20.258 [ForkJoinPool-1-worker-3] INFO  com.intuit.karate - [print] organisation: [
  "TNO Geologische Dienst Nederland",
  "TNO Geologische Dienst Nederland",
  "TNO Geologische Dienst Nederland"
]

14:45:20.261 [ForkJoinPool-1-worker-3] INFO  com.intuit.karate - [print] [
  "http://www.opengis.net/def/crs/EPSG/0/NAP",
  "https://ngr.acceptatie.nationaalgeoregister.nl/geonetwork/srv/resourcesddf87610-2724-11e2-81c1-0800200c9a66"
]

14:45:20.265 [ForkJoinPool-1-worker-3] INFO  com.intuit.karate - [print]
14:45:20.266 [ForkJoinPool-1-worker-3] INFO  com.intuit.karate - [print] testing xlinkurl:http://www.opengis.net/def/crs/EPSG/0/NAP
14:45:20.351 [ForkJoinPool-1-worker-5] ERROR com.intuit.karate - status code was: 404, expected: 200, response time: 267, url: https://ngr.acceptatie.nationaalgeoregister.nl/geonetwork/srv/resourcesd72ddff0-2724-11e2-81c1-0800200c9a66, response: 
14:45:20.351 [ForkJoinPool-1-worker-5] ERROR com.intuit.karate - feature call (loop) failed at index: 1
caller: classpath:InspireTest/ngr/datasetrecords/def/checkxlinkurl.template.feature
arg: {"link":"https://ngr.acceptatie.nationaalgeoregister.nl/geonetwork/srv/resourcesd72ddff0-2724-11e2-81c1-0800200c9a66"}
checkxlinkurl.template.feature:15 - status code was: 404, expected: 200, response time: 267, url: https://ngr.acceptatie.nationaalgeoregister.nl/geonetwork/srv/resourcesd72ddff0-2724-11e2-81c1-0800200c9a66, response: 
14:45:20.488 [ForkJoinPool-1-worker-11] INFO  com.intuit.karate - [print]
14:45:20.488 [ForkJoinPool-1-worker-11] INFO  com.intuit.karate - [print] testing xlinkurl:https://www.nationaalgeoregister.nl/geonetwork/srv/dut/catalog.search#/metadata/3387ef8a-9237-453a-aa4e-585d1e193550
14:45:20.523 [ForkJoinPool-1-worker-9] ERROR com.intuit.karate - status code was: 404, expected: 200, response time: 763, url: http://rdfdata.eionet.europa.eu/inspirethemes/themes/18, response: 
14:45:20.523 [ForkJoinPool-1-worker-9] ERROR com.intuit.karate - feature call (loop) failed at index: 1
caller: classpath:InspireTest/ngr/datasetrecords/def/checkxlinkurl.template.feature
arg: {"link":"http://rdfdata.eionet.europa.eu/inspirethemes/themes/18"}
checkxlinkurl.template.feature:15 - status code was: 404, expected: 200, response time: 763, url: http://rdfdata.eionet.europa.eu/inspirethemes/themes/18, response: 
14:45:20.524 [ForkJoinPool-1-worker-9] INFO  com.intuit.karate - [print]
14:45:20.524 [ForkJoinPool-1-worker-9] INFO  com.intuit.karate - [print] testing xlinkurl:https://ngr.geocat.live/geonetwork/srv/eng/thesaurus.download?ref=external.theme.httpinspireeceuropaeumetadatacodelistPrioritydataset-Prioritydataset
14:45:20.524 [ForkJoinPool-1-worker-7] ERROR com.intuit.karate - status code was: 404, expected: 200, response time: 681, url: http://rdfdata.eionet.europa.eu/inspirethemes/themes/10, response: 
14:45:20.524 [ForkJoinPool-1-worker-7] ERROR com.intuit.karate - feature call (loop) failed at index: 1
caller: classpath:InspireTest/ngr/datasetrecords/def/checkxlinkurl.template.feature
arg: {"link":"http://rdfdata.eionet.europa.eu/inspirethemes/themes/10"}
checkxlinkurl.template.feature:15 - status code was: 404, expected: 200, response time: 681, url: http://rdfdata.eionet.europa.eu/inspirethemes/themes/10, response: 
14:45:20.525 [ForkJoinPool-1-worker-13] ERROR com.intuit.karate - status code was: 404, expected: 200, response time: 475, url: http://rdfdata.eionet.europa.eu/inspirethemes/themes/25, response: 
14:45:20.525 [ForkJoinPool-1-worker-13] ERROR com.intuit.karate - feature call (loop) failed at index: 1
caller: classpath:InspireTest/ngr/datasetrecords/def/checkxlinkurl.template.feature
arg: {"link":"http://rdfdata.eionet.europa.eu/inspirethemes/themes/25"}
checkxlinkurl.template.feature:15 - status code was: 404, expected: 200, response time: 475, url: http://rdfdata.eionet.europa.eu/inspirethemes/themes/25, response: 
14:45:20.525 [ForkJoinPool-1-worker-7] INFO  com.intuit.karate - [print]
14:45:20.525 [ForkJoinPool-1-worker-7] INFO  com.intuit.karate - [print] testing xlinkurl:urn:ogc:def:crs:EPSG::5709
14:45:20.525 [ForkJoinPool-1-worker-13] INFO  com.intuit.karate - [print]
14:45:20.525 [ForkJoinPool-1-worker-7] ERROR com.intuit.karate - org.apache.http.client.ClientProtocolException: URI does not specify a valid host name: urn:ogc:def:crs:EPSG::5709, http call failed after 0 milliseconds for URL: urn:ogc:def:crs:EPSG::5709
14:45:20.525 [ForkJoinPool-1-worker-13] INFO  com.intuit.karate - [print] testing xlinkurl:https://ngr.geocat.live/geonetwork/srv/eng/thesaurus.download?ref=external.theme.httpinspireeceuropaeumetadatacodelistPrioritydataset-Prioritydataset
14:45:20.525 [ForkJoinPool-1-worker-7] ERROR com.intuit.karate - http request failed: 
org.apache.http.client.ClientProtocolException: URI does not specify a valid host name: urn:ogc:def:crs:EPSG::5709
14:45:20.526 [ForkJoinPool-1-worker-7] ERROR com.intuit.karate - feature call (loop) failed at index: 2
caller: classpath:InspireTest/ngr/datasetrecords/def/checkxlinkurl.template.feature
arg: {"link":"urn:ogc:def:crs:EPSG::5709"}
checkxlinkurl.template.feature:14 - 
org.apache.http.client.ClientProtocolException: URI does not specify a valid host name: urn:ogc:def:crs:EPSG::5709
14:45:20.556 [ForkJoinPool-1-worker-3] INFO  com.intuit.karate - [print]
14:45:20.556 [ForkJoinPool-1-worker-3] INFO  com.intuit.karate - [print] testing xlinkurl:https://ngr.acceptatie.nationaalgeoregister.nl/geonetwork/srv/resourcesddf87610-2724-11e2-81c1-0800200c9a66
14:45:20.788 [ForkJoinPool-1-worker-11] INFO  com.intuit.karate - [print]
14:45:20.788 [ForkJoinPool-1-worker-11] INFO  com.intuit.karate - [print] testing xlinkurl:https://creativecommons.org/publicdomain/mark/*/deed.nl
14:45:20.811 [ForkJoinPool-1-worker-11] ERROR com.intuit.karate - status code was: 404, expected: 200, response time: 23, url: https://creativecommons.org/publicdomain/mark/*/deed.nl, response: 
14:45:20.812 [ForkJoinPool-1-worker-11] ERROR com.intuit.karate - feature call (loop) failed at index: 2
caller: classpath:InspireTest/ngr/datasetrecords/def/checkxlinkurl.template.feature
arg: {"link":"https://creativecommons.org/publicdomain/mark/*/deed.nl"}
checkxlinkurl.template.feature:15 - status code was: 404, expected: 200, response time: 23, url: https://creativecommons.org/publicdomain/mark/*/deed.nl, response: 
14:45:20.825 [ForkJoinPool-1-worker-3] ERROR com.intuit.karate - status code was: 404, expected: 200, response time: 268, url: https://ngr.acceptatie.nationaalgeoregister.nl/geonetwork/srv/resourcesddf87610-2724-11e2-81c1-0800200c9a66, response: 
14:45:20.825 [ForkJoinPool-1-worker-3] ERROR com.intuit.karate - feature call (loop) failed at index: 1
caller: classpath:InspireTest/ngr/datasetrecords/def/checkxlinkurl.template.feature
arg: {"link":"https://ngr.acceptatie.nationaalgeoregister.nl/geonetwork/srv/resourcesddf87610-2724-11e2-81c1-0800200c9a66"}
checkxlinkurl.template.feature:15 - status code was: 404, expected: 200, response time: 268, url: https://ngr.acceptatie.nationaalgeoregister.nl/geonetwork/srv/resourcesddf87610-2724-11e2-81c1-0800200c9a66, response: 
14:45:20.921 [ForkJoinPool-1-worker-5] INFO  com.intuit.karate - [print] title:Habitatrichtlijn verspreidingsgebied van habitattypen
14:45:20.921 [ForkJoinPool-1-worker-5] INFO  com.intuit.karate - [print] Habitatrichtlijn verspreidingsgebied van habitattypen
14:45:20.922 [ForkJoinPool-1-worker-5] INFO  com.intuit.karate - [print] [
  "geodatabeheer.giscc@rvo.nl",
  "",
  "GeoDesk.CGI@wur.nl",
  "geodatabeheer.giscc@rvo.nl",
  "beheerPDOK@kadaster.nl",
  ""
]

14:45:20.923 [ForkJoinPool-1-worker-5] INFO  com.intuit.karate - [print] organisation: [
  "Ministerie van Economische Zaken - GIS Competence Center",
  "",
  "Wageningen Environmental Research (Alterra)",
  "PDOK",
  "Alterra"
]

14:45:20.928 [ForkJoinPool-1-worker-5] INFO  com.intuit.karate - [print] [
  "https://ngr.acceptatie.nationaalgeoregister.nl/geonetwork/srv/resources03671a9e-6aaf-464d-be99-9aad25cef9e3",
  "http://standaarden.overheid.nl/owms/terms/Ministerie_van_Landbouw,_Natuur_en_Voedselkwaliteit"
]

14:45:20.932 [ForkJoinPool-1-worker-5] INFO  com.intuit.karate - [print]
14:45:20.932 [ForkJoinPool-1-worker-5] INFO  com.intuit.karate - [print] testing xlinkurl:https://ngr.acceptatie.nationaalgeoregister.nl/geonetwork/srv/resources03671a9e-6aaf-464d-be99-9aad25cef9e3
14:45:20.948 [ForkJoinPool-1-worker-13] ERROR com.intuit.karate - status code was: 500, expected: 200, response time: 422, url: https://ngr.geocat.live/geonetwork/srv/eng/thesaurus.download?ref=external.theme.httpinspireeceuropaeumetadatacodelistPrioritydataset-Prioritydataset, response: 
14:45:20.948 [ForkJoinPool-1-worker-13] ERROR com.intuit.karate - feature call (loop) failed at index: 2
caller: classpath:InspireTest/ngr/datasetrecords/def/checkxlinkurl.template.feature
arg: {"link":"https://ngr.geocat.live/geonetwork/srv/eng/thesaurus.download?ref=external.theme.httpinspireeceuropaeumetadatacodelistPrioritydataset-Prioritydataset"}
checkxlinkurl.template.feature:15 - status code was: 500, expected: 200, response time: 422, url: https://ngr.geocat.live/geonetwork/srv/eng/thesaurus.download?ref=external.theme.httpinspireeceuropaeumetadatacodelistPrioritydataset-Prioritydataset, response: 
14:45:20.949 [ForkJoinPool-1-worker-13] INFO  com.intuit.karate - [print]
14:45:20.949 [ForkJoinPool-1-worker-13] INFO  com.intuit.karate - [print] testing xlinkurl:urn:ogc:def:crs:EPSG::5709
14:45:20.950 [ForkJoinPool-1-worker-13] ERROR com.intuit.karate - org.apache.http.client.ClientProtocolException: URI does not specify a valid host name: urn:ogc:def:crs:EPSG::5709, http call failed after 0 milliseconds for URL: urn:ogc:def:crs:EPSG::5709
14:45:20.950 [ForkJoinPool-1-worker-13] ERROR com.intuit.karate - http request failed: 
org.apache.http.client.ClientProtocolException: URI does not specify a valid host name: urn:ogc:def:crs:EPSG::5709
14:45:20.950 [ForkJoinPool-1-worker-13] ERROR com.intuit.karate - feature call (loop) failed at index: 3
caller: classpath:InspireTest/ngr/datasetrecords/def/checkxlinkurl.template.feature
arg: {"link":"urn:ogc:def:crs:EPSG::5709"}
checkxlinkurl.template.feature:14 - 
org.apache.http.client.ClientProtocolException: URI does not specify a valid host name: urn:ogc:def:crs:EPSG::5709
14:45:20.958 [ForkJoinPool-1-worker-9] ERROR com.intuit.karate - status code was: 500, expected: 200, response time: 434, url: https://ngr.geocat.live/geonetwork/srv/eng/thesaurus.download?ref=external.theme.httpinspireeceuropaeumetadatacodelistPrioritydataset-Prioritydataset, response: 
14:45:20.958 [ForkJoinPool-1-worker-9] ERROR com.intuit.karate - feature call (loop) failed at index: 2
caller: classpath:InspireTest/ngr/datasetrecords/def/checkxlinkurl.template.feature
arg: {"link":"https://ngr.geocat.live/geonetwork/srv/eng/thesaurus.download?ref=external.theme.httpinspireeceuropaeumetadatacodelistPrioritydataset-Prioritydataset"}
checkxlinkurl.template.feature:15 - status code was: 500, expected: 200, response time: 434, url: https://ngr.geocat.live/geonetwork/srv/eng/thesaurus.download?ref=external.theme.httpinspireeceuropaeumetadatacodelistPrioritydataset-Prioritydataset, response: 
14:45:21.113 [ForkJoinPool-1-worker-7] INFO  com.intuit.karate - [print] title:Nationale Landschappen
14:45:21.114 [ForkJoinPool-1-worker-7] INFO  com.intuit.karate - [print] Nationale Landschappen
14:45:21.115 [ForkJoinPool-1-worker-7] INFO  com.intuit.karate - [print] [
  "inspire@gbo-provincies.nl",
  "inspire@gbo-provincies.nl",
  "inspire@gbo-provincies.nl"
]

14:45:21.117 [ForkJoinPool-1-worker-7] INFO  com.intuit.karate - [print] organisation: [
  "Interprovinciaal Overleg",
  "Interprovinciaal Overleg",
  "Interprovinciaal Overleg"
]

14:45:21.121 [ForkJoinPool-1-worker-7] INFO  com.intuit.karate - [print] [
  "http://www.opengis.net/def/crs/EPSG/0/http://www.opengis.net/def/crs/EPSG/0/3034",
  "http://nationaalgeoregister.nl/geonetwork/srv/dut/csw?SERVICE=CSW&version=2.0.2&REQUEST=GetRecordById&elementSetName=full&OutputSchema=http://www.isotc211.org/2005/gmd&ID=60a2a7c2-d5b3-4ad5-b562-c448695357fb",
  "https://creativecommons.org/publicdomain/mark/*/deed.nl",
  ""
]

14:45:21.126 [ForkJoinPool-1-worker-7] INFO  com.intuit.karate - [print]
14:45:21.127 [ForkJoinPool-1-worker-7] INFO  com.intuit.karate - [print] testing xlinkurl:http://www.opengis.net/def/crs/EPSG/0/http://www.opengis.net/def/crs/EPSG/0/3034
14:45:21.225 [ForkJoinPool-1-worker-5] ERROR com.intuit.karate - status code was: 404, expected: 200, response time: 291, url: https://ngr.acceptatie.nationaalgeoregister.nl/geonetwork/srv/resources03671a9e-6aaf-464d-be99-9aad25cef9e3, response: 
14:45:21.225 [ForkJoinPool-1-worker-5] ERROR com.intuit.karate - feature call (loop) failed at index: 0
caller: classpath:InspireTest/ngr/datasetrecords/def/checkxlinkurl.template.feature
arg: {"link":"https://ngr.acceptatie.nationaalgeoregister.nl/geonetwork/srv/resources03671a9e-6aaf-464d-be99-9aad25cef9e3"}
checkxlinkurl.template.feature:15 - status code was: 404, expected: 200, response time: 291, url: https://ngr.acceptatie.nationaalgeoregister.nl/geonetwork/srv/resources03671a9e-6aaf-464d-be99-9aad25cef9e3, response: 
14:45:21.226 [ForkJoinPool-1-worker-5] INFO  com.intuit.karate - [print]
14:45:21.227 [ForkJoinPool-1-worker-5] INFO  com.intuit.karate - [print] testing xlinkurl:http://standaarden.overheid.nl/owms/terms/Ministerie_van_Landbouw,_Natuur_en_Voedselkwaliteit
14:45:21.378 [ForkJoinPool-1-worker-3] INFO  com.intuit.karate - [print] title:BRO Digital Geological Model (DGM)
14:45:21.379 [ForkJoinPool-1-worker-3] INFO  com.intuit.karate - [print] BRO Digital Geological Model (DGM)
14:45:21.380 [ForkJoinPool-1-worker-3] INFO  com.intuit.karate - [print] [
  "info@bro.nl",
  "info@bro.nl",
  "info@dinoloket.nl"
]

14:45:21.381 [ForkJoinPool-1-worker-3] INFO  com.intuit.karate - [print] organisation: [
  "TNO Geologische Dienst Nederland",
  "TNO Geologische Dienst Nederland",
  "TNO Geologische Dienst Nederland"
]

14:45:21.387 [ForkJoinPool-1-worker-3] INFO  com.intuit.karate - [print] [
  "https://ngr.acceptatie.nationaalgeoregister.nl/geonetwork/srv/resourcesc7a15080-2724-11e2-81c1-0800200c9a66",
  "http://rdfdata.eionet.europa.eu/inspirethemes/themes/13",
  "http://rdfdata.eionet.europa.eu/inspirethemes/themes/#",
  "https://www.nationaalgeoregister.nl/geonetwork/srv/eng/thesaurus.download?ref=external.theme.inspire-theme"
]

14:45:21.391 [ForkJoinPool-1-worker-3] INFO  com.intuit.karate - [print]
14:45:21.394 [ForkJoinPool-1-worker-3] INFO  com.intuit.karate - [print] testing xlinkurl:https://ngr.acceptatie.nationaalgeoregister.nl/geonetwork/srv/resourcesc7a15080-2724-11e2-81c1-0800200c9a66
14:45:21.418 [ForkJoinPool-1-worker-11] INFO  com.intuit.karate - [print] title:Richtlijn Stedelijk Afvalwater - lozingspunten Nederland EU2015
14:45:21.418 [ForkJoinPool-1-worker-7] INFO  com.intuit.karate - [print]
14:45:21.419 [ForkJoinPool-1-worker-7] INFO  com.intuit.karate - [print] testing xlinkurl:http://nationaalgeoregister.nl/geonetwork/srv/dut/csw?SERVICE=CSW&version=2.0.2&REQUEST=GetRecordById&elementSetName=full&OutputSchema=http://www.isotc211.org/2005/gmd&ID=60a2a7c2-d5b3-4ad5-b562-c448695357fb
14:45:21.420 [ForkJoinPool-1-worker-11] INFO  com.intuit.karate - [print] Richtlijn Stedelijk Afvalwater - lozingspunten Nederland EU2015
14:45:21.421 [ForkJoinPool-1-worker-11] INFO  com.intuit.karate - [print] [
  "servicedesk-data@rijkswaterstaat.nl",
  "servicedesk-data@rijkswaterstaat.nl",
  "",
  "servicedesk-data@rijkswaterstaat.nl",
  "servicedesk-data@rijkswaterstaat.nl"
]

14:45:21.422 [ForkJoinPool-1-worker-11] INFO  com.intuit.karate - [print] organisation: [
  "Rijkswaterstaat",
  "Rijkswaterstaat",
  "",
  "Rijkswaterstaat",
  "Rijkswaterstaat"
]

14:45:21.425 [ForkJoinPool-1-worker-11] INFO  com.intuit.karate - [print] [
  "https://www.nationaalgeoregister.nl/geonetwork/srv/dut/catalog.search#/metadata/uwwtd-9d8e-4758-83fa-28b057f185e2",
  "http://rdfdata.eionet.europa.eu/inspirethemes/themes/24",
  "https://ngr.geocat.live/geonetwork/srv/eng/thesaurus.download?ref=external.theme.httpinspireeceuropaeumetadatacodelistPrioritydataset-Prioritydataset",
  "urn:ogc:def:crs:EPSG::5709"
]

14:45:21.432 [ForkJoinPool-1-worker-11] INFO  com.intuit.karate - [print]
14:45:21.432 [ForkJoinPool-1-worker-11] INFO  com.intuit.karate - [print] testing xlinkurl:https://www.nationaalgeoregister.nl/geonetwork/srv/dut/catalog.search#/metadata/uwwtd-9d8e-4758-83fa-28b057f185e2
14:45:21.488 [ForkJoinPool-1-worker-13] INFO  com.intuit.karate - [print] title:Geografische Namen (INSPIRE geharmoniseerd)
14:45:21.489 [ForkJoinPool-1-worker-13] INFO  com.intuit.karate - [print] Geografische Namen (INSPIRE geharmoniseerd)
14:45:21.491 [ForkJoinPool-1-worker-13] INFO  com.intuit.karate - [print] [
  "PPB-GVA@kadaster.nl",
  "kcc@kadaster.nl"
]

14:45:21.492 [ForkJoinPool-1-worker-13] INFO  com.intuit.karate - [print] organisation: [
  "Kadaster",
  "Kadaster"
]

14:45:21.496 [ForkJoinPool-1-worker-13] INFO  com.intuit.karate - [print] [
  "http://kadaster/3bf3f7f3-8ac9-4203-bb95-2c932d5f0f3e"
]

14:45:21.500 [ForkJoinPool-1-worker-13] INFO  com.intuit.karate - [print]
14:45:21.500 [ForkJoinPool-1-worker-13] INFO  com.intuit.karate - [print] testing xlinkurl:http://kadaster/3bf3f7f3-8ac9-4203-bb95-2c932d5f0f3e
14:45:21.501 [ForkJoinPool-1-worker-13] ERROR com.intuit.karate - java.net.UnknownHostException: kadaster, http call failed after 0 milliseconds for URL: http://kadaster/3bf3f7f3-8ac9-4203-bb95-2c932d5f0f3e
14:45:21.501 [ForkJoinPool-1-worker-13] ERROR com.intuit.karate - http request failed: 
java.net.UnknownHostException: kadaster
14:45:21.501 [ForkJoinPool-1-worker-13] ERROR com.intuit.karate - feature call (loop) failed at index: 0
caller: classpath:InspireTest/ngr/datasetrecords/def/checkxlinkurl.template.feature
arg: {"link":"http://kadaster/3bf3f7f3-8ac9-4203-bb95-2c932d5f0f3e"}
checkxlinkurl.template.feature:14 - 
java.net.UnknownHostException: kadaster
14:45:21.550 [ForkJoinPool-1-worker-9] INFO  com.intuit.karate - [print] title:Geologisch booronderzoek onder INSPIRE
14:45:21.551 [ForkJoinPool-1-worker-9] INFO  com.intuit.karate - [print] Geologisch booronderzoek onder INSPIRE
14:45:21.552 [ForkJoinPool-1-worker-9] INFO  com.intuit.karate - [print] [
  "info@dinoloket.nl",
  "info@dinoloket.nl",
  "info@dinoloket.nl"
]

14:45:21.553 [ForkJoinPool-1-worker-9] INFO  com.intuit.karate - [print] organisation: [
  "TNO Geologische Dienst Nederland",
  "TNO Geologische Dienst Nederland",
  "TNO Geologische Dienst Nederland"
]

14:45:21.557 [ForkJoinPool-1-worker-9] INFO  com.intuit.karate - [print] [
  "https://nationaalgeoregister.nl/geonetwork/srv/resources7d4d5090-8b18-4c30-a07a-9d738039112f",
  "http://rdfdata.eionet.europa.eu/inspirethemes/themes/13",
  "http://geonetwork-opensource.org/inspire-theme#",
  "https://www.nationaalgeoregister.nl/geonetwork/srv/eng/thesaurus.download?ref=external.theme.inspire-theme"
]

14:45:21.561 [ForkJoinPool-1-worker-9] INFO  com.intuit.karate - [print]
14:45:21.561 [ForkJoinPool-1-worker-9] INFO  com.intuit.karate - [print] testing xlinkurl:https://nationaalgeoregister.nl/geonetwork/srv/resources7d4d5090-8b18-4c30-a07a-9d738039112f
14:45:21.661 [ForkJoinPool-1-worker-3] ERROR com.intuit.karate - status code was: 404, expected: 200, response time: 266, url: https://ngr.acceptatie.nationaalgeoregister.nl/geonetwork/srv/resourcesc7a15080-2724-11e2-81c1-0800200c9a66, response: 
14:45:21.662 [ForkJoinPool-1-worker-3] ERROR com.intuit.karate - feature call (loop) failed at index: 0
caller: classpath:InspireTest/ngr/datasetrecords/def/checkxlinkurl.template.feature
arg: {"link":"https://ngr.acceptatie.nationaalgeoregister.nl/geonetwork/srv/resourcesc7a15080-2724-11e2-81c1-0800200c9a66"}
checkxlinkurl.template.feature:15 - status code was: 404, expected: 200, response time: 266, url: https://ngr.acceptatie.nationaalgeoregister.nl/geonetwork/srv/resourcesc7a15080-2724-11e2-81c1-0800200c9a66, response: 
14:45:21.663 [ForkJoinPool-1-worker-3] INFO  com.intuit.karate - [print]
14:45:21.663 [ForkJoinPool-1-worker-3] INFO  com.intuit.karate - [print] testing xlinkurl:http://rdfdata.eionet.europa.eu/inspirethemes/themes/13
14:45:21.741 [ForkJoinPool-1-worker-11] INFO  com.intuit.karate - [print]
14:45:21.742 [ForkJoinPool-1-worker-11] INFO  com.intuit.karate - [print] testing xlinkurl:http://rdfdata.eionet.europa.eu/inspirethemes/themes/24
14:45:21.829 [ForkJoinPool-1-worker-9] ERROR com.intuit.karate - status code was: 404, expected: 200, response time: 268, url: https://nationaalgeoregister.nl/geonetwork/srv/resources7d4d5090-8b18-4c30-a07a-9d738039112f, response: 
14:45:21.830 [ForkJoinPool-1-worker-9] ERROR com.intuit.karate - feature call (loop) failed at index: 0
caller: classpath:InspireTest/ngr/datasetrecords/def/checkxlinkurl.template.feature
arg: {"link":"https://nationaalgeoregister.nl/geonetwork/srv/resources7d4d5090-8b18-4c30-a07a-9d738039112f"}
checkxlinkurl.template.feature:15 - status code was: 404, expected: 200, response time: 268, url: https://nationaalgeoregister.nl/geonetwork/srv/resources7d4d5090-8b18-4c30-a07a-9d738039112f, response: 
14:45:21.831 [ForkJoinPool-1-worker-9] INFO  com.intuit.karate - [print]
14:45:21.831 [ForkJoinPool-1-worker-9] INFO  com.intuit.karate - [print] testing xlinkurl:http://rdfdata.eionet.europa.eu/inspirethemes/themes/13
14:45:21.854 [ForkJoinPool-1-worker-3] ERROR com.intuit.karate - status code was: 404, expected: 200, response time: 190, url: http://rdfdata.eionet.europa.eu/inspirethemes/themes/13, response: 
14:45:21.854 [ForkJoinPool-1-worker-3] ERROR com.intuit.karate - feature call (loop) failed at index: 1
caller: classpath:InspireTest/ngr/datasetrecords/def/checkxlinkurl.template.feature
arg: {"link":"http://rdfdata.eionet.europa.eu/inspirethemes/themes/13"}
checkxlinkurl.template.feature:15 - status code was: 404, expected: 200, response time: 190, url: http://rdfdata.eionet.europa.eu/inspirethemes/themes/13, response: 
14:45:21.855 [ForkJoinPool-1-worker-3] INFO  com.intuit.karate - [print]
14:45:21.855 [ForkJoinPool-1-worker-3] INFO  com.intuit.karate - [print] testing xlinkurl:http://rdfdata.eionet.europa.eu/inspirethemes/themes/#
14:45:21.885 [ForkJoinPool-1-worker-7] INFO  com.intuit.karate - [print]
14:45:21.885 [ForkJoinPool-1-worker-7] INFO  com.intuit.karate - [print] testing xlinkurl:https://creativecommons.org/publicdomain/mark/*/deed.nl
14:45:21.926 [ForkJoinPool-1-worker-7] ERROR com.intuit.karate - status code was: 404, expected: 200, response time: 41, url: https://creativecommons.org/publicdomain/mark/*/deed.nl, response: 
14:45:21.927 [ForkJoinPool-1-worker-7] ERROR com.intuit.karate - feature call (loop) failed at index: 2
caller: classpath:InspireTest/ngr/datasetrecords/def/checkxlinkurl.template.feature
arg: {"link":"https://creativecommons.org/publicdomain/mark/*/deed.nl"}
checkxlinkurl.template.feature:15 - status code was: 404, expected: 200, response time: 41, url: https://creativecommons.org/publicdomain/mark/*/deed.nl, response: 
14:45:21.929 [ForkJoinPool-1-worker-7] INFO  com.intuit.karate - [print]
14:45:21.929 [ForkJoinPool-1-worker-7] INFO  com.intuit.karate - [print] testing xlinkurl:
14:45:21.930 [ForkJoinPool-1-worker-7] ERROR com.intuit.karate - org.apache.http.client.ClientProtocolException, http call failed after 0 milliseconds for URL: 
14:45:21.930 [ForkJoinPool-1-worker-7] ERROR com.intuit.karate - http request failed: 
org.apache.http.client.ClientProtocolException
14:45:21.931 [ForkJoinPool-1-worker-7] ERROR com.intuit.karate - feature call (loop) failed at index: 3
caller: classpath:InspireTest/ngr/datasetrecords/def/checkxlinkurl.template.feature
arg: {"link":""}
checkxlinkurl.template.feature:14 - 
org.apache.http.client.ClientProtocolException
14:45:21.933 [ForkJoinPool-1-worker-11] ERROR com.intuit.karate - status code was: 404, expected: 200, response time: 190, url: http://rdfdata.eionet.europa.eu/inspirethemes/themes/24, response: 
14:45:21.933 [ForkJoinPool-1-worker-11] ERROR com.intuit.karate - feature call (loop) failed at index: 1
caller: classpath:InspireTest/ngr/datasetrecords/def/checkxlinkurl.template.feature
arg: {"link":"http://rdfdata.eionet.europa.eu/inspirethemes/themes/24"}
checkxlinkurl.template.feature:15 - status code was: 404, expected: 200, response time: 190, url: http://rdfdata.eionet.europa.eu/inspirethemes/themes/24, response: 
14:45:21.934 [ForkJoinPool-1-worker-11] INFO  com.intuit.karate - [print]
14:45:21.934 [ForkJoinPool-1-worker-11] INFO  com.intuit.karate - [print] testing xlinkurl:https://ngr.geocat.live/geonetwork/srv/eng/thesaurus.download?ref=external.theme.httpinspireeceuropaeumetadatacodelistPrioritydataset-Prioritydataset
14:45:22.011 [ForkJoinPool-1-worker-13] INFO  com.intuit.karate - [print] title:Geografische Namen (Nat) - Nederland
14:45:22.011 [ForkJoinPool-1-worker-13] INFO  com.intuit.karate - [print] Geografische Namen (Nat) - Nederland
14:45:22.013 [ForkJoinPool-1-worker-13] INFO  com.intuit.karate - [print] [
  "data@hydro.nl",
  "data@hydro.nl",
  "data@hydro.nl",
  "",
  ""
]

14:45:22.015 [ForkJoinPool-1-worker-13] INFO  com.intuit.karate - [print] organisation: [
  "Ministerie van Defensie, Koninklijke Marine, Dienst der Hydrografie",
  "Ministerie van Defensie, Koninklijke Marine, Dienst der Hydrografie",
  "Ministerie van Defensie, Koninklijke Marine, Dienst der Hydrografie"
]

14:45:22.021 [ForkJoinPool-1-worker-13] INFO  com.intuit.karate - [print] [
  "https://ngr.acceptatie.nationaalgeoregister.nl/geonetwork/srv/resources34e95842-4e4e-46de-9198-79e8cd4d30dc"
]

14:45:22.022 [ForkJoinPool-1-worker-9] ERROR com.intuit.karate - status code was: 404, expected: 200, response time: 191, url: http://rdfdata.eionet.europa.eu/inspirethemes/themes/13, response: 
14:45:22.022 [ForkJoinPool-1-worker-9] ERROR com.intuit.karate - feature call (loop) failed at index: 1
caller: classpath:InspireTest/ngr/datasetrecords/def/checkxlinkurl.template.feature
arg: {"link":"http://rdfdata.eionet.europa.eu/inspirethemes/themes/13"}
checkxlinkurl.template.feature:15 - status code was: 404, expected: 200, response time: 191, url: http://rdfdata.eionet.europa.eu/inspirethemes/themes/13, response: 
14:45:22.024 [ForkJoinPool-1-worker-9] INFO  com.intuit.karate - [print]
14:45:22.024 [ForkJoinPool-1-worker-9] INFO  com.intuit.karate - [print] testing xlinkurl:http://geonetwork-opensource.org/inspire-theme#
14:45:22.027 [ForkJoinPool-1-worker-13] INFO  com.intuit.karate - [print]
14:45:22.027 [ForkJoinPool-1-worker-13] INFO  com.intuit.karate - [print] testing xlinkurl:https://ngr.acceptatie.nationaalgeoregister.nl/geonetwork/srv/resources34e95842-4e4e-46de-9198-79e8cd4d30dc
14:45:22.047 [ForkJoinPool-1-worker-3] ERROR com.intuit.karate - status code was: 404, expected: 200, response time: 192, url: http://rdfdata.eionet.europa.eu/inspirethemes/themes/#, response: 
14:45:22.047 [ForkJoinPool-1-worker-3] ERROR com.intuit.karate - feature call (loop) failed at index: 2
caller: classpath:InspireTest/ngr/datasetrecords/def/checkxlinkurl.template.feature
arg: {"link":"http://rdfdata.eionet.europa.eu/inspirethemes/themes/#"}
checkxlinkurl.template.feature:15 - status code was: 404, expected: 200, response time: 192, url: http://rdfdata.eionet.europa.eu/inspirethemes/themes/#, response: 
14:45:22.048 [ForkJoinPool-1-worker-3] INFO  com.intuit.karate - [print]
14:45:22.049 [ForkJoinPool-1-worker-3] INFO  com.intuit.karate - [print] testing xlinkurl:https://www.nationaalgeoregister.nl/geonetwork/srv/eng/thesaurus.download?ref=external.theme.inspire-theme
14:45:22.230 [ForkJoinPool-1-worker-11] ERROR com.intuit.karate - status code was: 500, expected: 200, response time: 295, url: https://ngr.geocat.live/geonetwork/srv/eng/thesaurus.download?ref=external.theme.httpinspireeceuropaeumetadatacodelistPrioritydataset-Prioritydataset, response: 
14:45:22.230 [ForkJoinPool-1-worker-11] ERROR com.intuit.karate - feature call (loop) failed at index: 2
caller: classpath:InspireTest/ngr/datasetrecords/def/checkxlinkurl.template.feature
arg: {"link":"https://ngr.geocat.live/geonetwork/srv/eng/thesaurus.download?ref=external.theme.httpinspireeceuropaeumetadatacodelistPrioritydataset-Prioritydataset"}
checkxlinkurl.template.feature:15 - status code was: 500, expected: 200, response time: 295, url: https://ngr.geocat.live/geonetwork/srv/eng/thesaurus.download?ref=external.theme.httpinspireeceuropaeumetadatacodelistPrioritydataset-Prioritydataset, response: 
14:45:22.231 [ForkJoinPool-1-worker-11] INFO  com.intuit.karate - [print]
14:45:22.231 [ForkJoinPool-1-worker-11] INFO  com.intuit.karate - [print] testing xlinkurl:urn:ogc:def:crs:EPSG::5709
14:45:22.232 [ForkJoinPool-1-worker-11] ERROR com.intuit.karate - org.apache.http.client.ClientProtocolException: URI does not specify a valid host name: urn:ogc:def:crs:EPSG::5709, http call failed after 0 milliseconds for URL: urn:ogc:def:crs:EPSG::5709
14:45:22.232 [ForkJoinPool-1-worker-11] ERROR com.intuit.karate - http request failed: 
org.apache.http.client.ClientProtocolException: URI does not specify a valid host name: urn:ogc:def:crs:EPSG::5709
14:45:22.232 [ForkJoinPool-1-worker-11] ERROR com.intuit.karate - feature call (loop) failed at index: 3
caller: classpath:InspireTest/ngr/datasetrecords/def/checkxlinkurl.template.feature
arg: {"link":"urn:ogc:def:crs:EPSG::5709"}
checkxlinkurl.template.feature:14 - 
org.apache.http.client.ClientProtocolException: URI does not specify a valid host name: urn:ogc:def:crs:EPSG::5709
14:45:22.275 [ForkJoinPool-1-worker-5] INFO  com.intuit.karate - [print] title:Vervoersnetwerken - Wegen (INSPIRE geharmoniseerd)
14:45:22.275 [ForkJoinPool-1-worker-5] INFO  com.intuit.karate - [print] Vervoersnetwerken - Wegen (INSPIRE geharmoniseerd)
14:45:22.276 [ForkJoinPool-1-worker-5] INFO  com.intuit.karate - [print] [
  "PPB-GVA@kadaster.nl",
  "kcc@kadaster.nl"
]

14:45:22.277 [ForkJoinPool-1-worker-5] INFO  com.intuit.karate - [print] organisation: [
  "Kadaster",
  "Kadaster"
]

14:45:22.281 [ForkJoinPool-1-worker-5] INFO  com.intuit.karate - [print] [
  "http://www.opengis.net/def/crs/EPSG/0/http://www.opengis.net/def/crs/EPSG/0/4258",
  "http://kadaster/df1a98c0-58ba-48ff-8825-b4fb6322c586"
]

14:45:22.290 [ForkJoinPool-1-worker-5] INFO  com.intuit.karate - [print]
14:45:22.292 [ForkJoinPool-1-worker-5] INFO  com.intuit.karate - [print] testing xlinkurl:http://www.opengis.net/def/crs/EPSG/0/http://www.opengis.net/def/crs/EPSG/0/4258
14:45:22.293 [ForkJoinPool-1-worker-13] ERROR com.intuit.karate - status code was: 404, expected: 200, response time: 266, url: https://ngr.acceptatie.nationaalgeoregister.nl/geonetwork/srv/resources34e95842-4e4e-46de-9198-79e8cd4d30dc, response: 
14:45:22.294 [ForkJoinPool-1-worker-13] ERROR com.intuit.karate - feature call (loop) failed at index: 0
caller: classpath:InspireTest/ngr/datasetrecords/def/checkxlinkurl.template.feature
arg: {"link":"https://ngr.acceptatie.nationaalgeoregister.nl/geonetwork/srv/resources34e95842-4e4e-46de-9198-79e8cd4d30dc"}
checkxlinkurl.template.feature:15 - status code was: 404, expected: 200, response time: 266, url: https://ngr.acceptatie.nationaalgeoregister.nl/geonetwork/srv/resources34e95842-4e4e-46de-9198-79e8cd4d30dc, response: 
14:45:22.349 [ForkJoinPool-1-worker-3] ERROR com.intuit.karate - status code was: 500, expected: 200, response time: 300, url: https://www.nationaalgeoregister.nl/geonetwork/srv/eng/thesaurus.download?ref=external.theme.inspire-theme, response: 
14:45:22.350 [ForkJoinPool-1-worker-3] ERROR com.intuit.karate - feature call (loop) failed at index: 3
caller: classpath:InspireTest/ngr/datasetrecords/def/checkxlinkurl.template.feature
arg: {"link":"https://www.nationaalgeoregister.nl/geonetwork/srv/eng/thesaurus.download?ref=external.theme.inspire-theme"}
checkxlinkurl.template.feature:15 - status code was: 500, expected: 200, response time: 300, url: https://www.nationaalgeoregister.nl/geonetwork/srv/eng/thesaurus.download?ref=external.theme.inspire-theme, response: 
14:45:22.449 [ForkJoinPool-1-worker-7] INFO  com.intuit.karate - [print] title:Landbouwbedrijven
14:45:22.449 [ForkJoinPool-1-worker-7] INFO  com.intuit.karate - [print] Landbouwbedrijven
14:45:22.450 [ForkJoinPool-1-worker-7] INFO  com.intuit.karate - [print] [
  "geodatabeheer.giscc@rvo.nl",
  "gegevensvragenASB@rvo.nl",
  "gegevensvragenASB@rvo.nl"
]

14:45:22.451 [ForkJoinPool-1-worker-7] INFO  com.intuit.karate - [print] organisation: no organisationName found in dataset record
14:45:22.454 [ForkJoinPool-1-worker-7] INFO  com.intuit.karate - [print] [
  "https://www.nationaalgeoregister.nl/geonetwork/srv/dut/catalog.search#/metadata/0d6ccccc-7cfb-4eaa-8dc5-8b433d19b121",
  "http://standaarden.overheid.nl/owms/terms/Ministerie_van_Landbouw,_Natuur_en_Voedselkwaliteit",
  "http://geogedeeld.geonovum.nl/",
  "http://standaarden.overheid.nl/owms/terms/Ministerie_van_Landbouw,_Natuur_en_Voedselkwaliteit"
]

14:45:22.457 [ForkJoinPool-1-worker-7] INFO  com.intuit.karate - [print]
14:45:22.457 [ForkJoinPool-1-worker-7] INFO  com.intuit.karate - [print] testing xlinkurl:https://www.nationaalgeoregister.nl/geonetwork/srv/dut/catalog.search#/metadata/0d6ccccc-7cfb-4eaa-8dc5-8b433d19b121
14:45:22.578 [ForkJoinPool-1-worker-5] INFO  com.intuit.karate - [print]
14:45:22.578 [ForkJoinPool-1-worker-5] INFO  com.intuit.karate - [print] testing xlinkurl:http://kadaster/df1a98c0-58ba-48ff-8825-b4fb6322c586
14:45:22.578 [ForkJoinPool-1-worker-5] ERROR com.intuit.karate - java.net.UnknownHostException: kadaster, http call failed after 0 milliseconds for URL: http://kadaster/df1a98c0-58ba-48ff-8825-b4fb6322c586
14:45:22.578 [ForkJoinPool-1-worker-5] ERROR com.intuit.karate - http request failed: 
java.net.UnknownHostException: kadaster
14:45:22.578 [ForkJoinPool-1-worker-5] ERROR com.intuit.karate - feature call (loop) failed at index: 1
caller: classpath:InspireTest/ngr/datasetrecords/def/checkxlinkurl.template.feature
arg: {"link":"http://kadaster/df1a98c0-58ba-48ff-8825-b4fb6322c586"}
checkxlinkurl.template.feature:14 - 
java.net.UnknownHostException: kadaster
14:45:22.770 [ForkJoinPool-1-worker-7] INFO  com.intuit.karate - [print]
14:45:22.770 [ForkJoinPool-1-worker-7] INFO  com.intuit.karate - [print] testing xlinkurl:http://standaarden.overheid.nl/owms/terms/Ministerie_van_Landbouw,_Natuur_en_Voedselkwaliteit
14:45:22.807 [ForkJoinPool-1-worker-9] ERROR com.intuit.karate - status code was: 404, expected: 200, response time: 379, url: http://geonetwork-opensource.org/inspire-theme#, response: 
14:45:22.808 [ForkJoinPool-1-worker-9] ERROR com.intuit.karate - feature call (loop) failed at index: 2
caller: classpath:InspireTest/ngr/datasetrecords/def/checkxlinkurl.template.feature
arg: {"link":"http://geonetwork-opensource.org/inspire-theme#"}
checkxlinkurl.template.feature:15 - status code was: 404, expected: 200, response time: 379, url: http://geonetwork-opensource.org/inspire-theme#, response: 
14:45:22.808 [ForkJoinPool-1-worker-9] INFO  com.intuit.karate - [print]
14:45:22.809 [ForkJoinPool-1-worker-9] INFO  com.intuit.karate - [print] testing xlinkurl:https://www.nationaalgeoregister.nl/geonetwork/srv/eng/thesaurus.download?ref=external.theme.inspire-theme
14:45:22.845 [ForkJoinPool-1-worker-11] INFO  com.intuit.karate - [print] title:Landelijk grondwaterregister - Faciliteiten voor productie en industrie
14:45:22.846 [ForkJoinPool-1-worker-11] INFO  com.intuit.karate - [print] Landelijk grondwaterregister - Faciliteiten voor productie en industrie
14:45:22.846 [ForkJoinPool-1-worker-11] INFO  com.intuit.karate - [print] [
  "inspire@gbo-provincies.nl",
  "inspire@gbo-provincies.nl",
  "inspire@gbo-provincies.nl",
  "",
  ""
]

14:45:22.859 [ForkJoinPool-1-worker-11] INFO  com.intuit.karate - [print] organisation: [
  "Interprovinciaal Overleg",
  "Interprovinciaal Overleg",
  "Interprovinciaal Overleg",
  "Interprovinciaal Overleg",
  "Interprovinciaal Overleg"
]

14:45:22.866 [ForkJoinPool-1-worker-11] INFO  com.intuit.karate - [print] [
  ""
]

14:45:22.869 [ForkJoinPool-1-worker-11] INFO  com.intuit.karate - [print]
14:45:22.869 [ForkJoinPool-1-worker-11] INFO  com.intuit.karate - [print] testing xlinkurl:
14:45:22.870 [ForkJoinPool-1-worker-11] ERROR com.intuit.karate - org.apache.http.client.ClientProtocolException, http call failed after 0 milliseconds for URL: 
14:45:22.870 [ForkJoinPool-1-worker-11] ERROR com.intuit.karate - http request failed: 
org.apache.http.client.ClientProtocolException
14:45:22.870 [ForkJoinPool-1-worker-11] ERROR com.intuit.karate - feature call (loop) failed at index: 0
caller: classpath:InspireTest/ngr/datasetrecords/def/checkxlinkurl.template.feature
arg: {"link":""}
checkxlinkurl.template.feature:14 - 
org.apache.http.client.ClientProtocolException
14:45:22.934 [ForkJoinPool-1-worker-13] INFO  com.intuit.karate - [print] title:Jaarcijfers Landelijk Meetnet Luchtkwaliteit 2012
14:45:22.935 [ForkJoinPool-1-worker-13] INFO  com.intuit.karate - [print] Jaarcijfers Landelijk Meetnet Luchtkwaliteit 2012
14:45:22.935 [ForkJoinPool-1-worker-13] INFO  com.intuit.karate - [print] [
  "geodata@rivm.nl",
  "",
  "geodata@rivm.nl"
]

14:45:22.936 [ForkJoinPool-1-worker-13] INFO  com.intuit.karate - [print] organisation: no organisationName found in dataset record
14:45:22.941 [ForkJoinPool-1-worker-13] INFO  com.intuit.karate - [print] [
  "https://data.rivm.nl/inspire/id#b5ccab29-e2cc-4178-9f81-40c50e909754"
]

14:45:22.950 [ForkJoinPool-1-worker-13] INFO  com.intuit.karate - [print]
14:45:22.951 [ForkJoinPool-1-worker-13] INFO  com.intuit.karate - [print] testing xlinkurl:https://data.rivm.nl/inspire/id#b5ccab29-e2cc-4178-9f81-40c50e909754
14:45:22.982 [ForkJoinPool-1-worker-3] INFO  com.intuit.karate - [print] title:RDinfo
14:45:22.983 [ForkJoinPool-1-worker-3] INFO  com.intuit.karate - [print] RDinfo
14:45:22.984 [ForkJoinPool-1-worker-3] INFO  com.intuit.karate - [print] [
  "PPB-GVA@kadaster.nl",
  "kcc@kadaster.nl",
  "rd@kadaster.nl"
]

14:45:22.986 [ForkJoinPool-1-worker-3] INFO  com.intuit.karate - [print] organisation: [
  "Kadaster",
  "Dienst van Het Kadaster en Openbare Registers",
  "Dienst voor het Kadaster en de Openbare Registers"
]

14:45:22.990 [ForkJoinPool-1-worker-3] INFO  com.intuit.karate - [print] [
  "http://kadaster/06b6c650-cdb1-11dd-ad8b-0800200c9a81"
]

14:45:22.996 [ForkJoinPool-1-worker-3] INFO  com.intuit.karate - [print]
14:45:22.996 [ForkJoinPool-1-worker-3] INFO  com.intuit.karate - [print] testing xlinkurl:http://kadaster/06b6c650-cdb1-11dd-ad8b-0800200c9a81
14:45:22.997 [ForkJoinPool-1-worker-3] ERROR com.intuit.karate - java.net.UnknownHostException: kadaster, http call failed after 0 milliseconds for URL: http://kadaster/06b6c650-cdb1-11dd-ad8b-0800200c9a81
14:45:22.997 [ForkJoinPool-1-worker-3] ERROR com.intuit.karate - http request failed: 
java.net.UnknownHostException: kadaster
14:45:22.997 [ForkJoinPool-1-worker-3] ERROR com.intuit.karate - feature call (loop) failed at index: 0
caller: classpath:InspireTest/ngr/datasetrecords/def/checkxlinkurl.template.feature
arg: {"link":"http://kadaster/06b6c650-cdb1-11dd-ad8b-0800200c9a81"}
checkxlinkurl.template.feature:14 - 
java.net.UnknownHostException: kadaster
14:45:23.106 [ForkJoinPool-1-worker-9] ERROR com.intuit.karate - status code was: 500, expected: 200, response time: 297, url: https://www.nationaalgeoregister.nl/geonetwork/srv/eng/thesaurus.download?ref=external.theme.inspire-theme, response: 
14:45:23.106 [ForkJoinPool-1-worker-9] ERROR com.intuit.karate - feature call (loop) failed at index: 3
caller: classpath:InspireTest/ngr/datasetrecords/def/checkxlinkurl.template.feature
arg: {"link":"https://www.nationaalgeoregister.nl/geonetwork/srv/eng/thesaurus.download?ref=external.theme.inspire-theme"}
checkxlinkurl.template.feature:15 - status code was: 500, expected: 200, response time: 297, url: https://www.nationaalgeoregister.nl/geonetwork/srv/eng/thesaurus.download?ref=external.theme.inspire-theme, response: 
14:45:23.180 [ForkJoinPool-1-worker-5] INFO  com.intuit.karate - [print] title:Luchtfoto 2018 25cm CIR open data
14:45:23.181 [ForkJoinPool-1-worker-5] INFO  com.intuit.karate - [print] Luchtfoto 2018 25cm CIR open data
14:45:23.182 [ForkJoinPool-1-worker-5] INFO  com.intuit.karate - [print] [
  "PPB-GVA@kadaster.nl",
  "info@hetwaterschapshuis.nl",
  "kcc@kadaster.nl",
  "",
  "",
  "",
  "",
  "",
  ""
]

14:45:23.184 [ForkJoinPool-1-worker-5] INFO  com.intuit.karate - [print] organisation: [
  "Kadaster",
  "Het Waterschapshuis",
  "Kadaster",
  "Eurosense",
  "Eurosense",
  "Eurosense",
  "Kadaster",
  "Kadaster"
]

14:45:23.187 [ForkJoinPool-1-worker-5] INFO  com.intuit.karate - [print] [
  "http://kadaster/2482250f-3b00-4439-9f93-f3118229b021",
  "",
  "",
  ""
]

14:45:23.190 [ForkJoinPool-1-worker-5] INFO  com.intuit.karate - [print]
14:45:23.190 [ForkJoinPool-1-worker-5] INFO  com.intuit.karate - [print] testing xlinkurl:http://kadaster/2482250f-3b00-4439-9f93-f3118229b021
14:45:23.191 [ForkJoinPool-1-worker-5] ERROR com.intuit.karate - java.net.UnknownHostException: kadaster, http call failed after 1 milliseconds for URL: http://kadaster/2482250f-3b00-4439-9f93-f3118229b021
14:45:23.191 [ForkJoinPool-1-worker-5] ERROR com.intuit.karate - http request failed: 
java.net.UnknownHostException: kadaster
14:45:23.191 [ForkJoinPool-1-worker-5] ERROR com.intuit.karate - feature call (loop) failed at index: 0
caller: classpath:InspireTest/ngr/datasetrecords/def/checkxlinkurl.template.feature
arg: {"link":"http://kadaster/2482250f-3b00-4439-9f93-f3118229b021"}
checkxlinkurl.template.feature:14 - 
java.net.UnknownHostException: kadaster
14:45:23.193 [ForkJoinPool-1-worker-5] INFO  com.intuit.karate - [print]
14:45:23.193 [ForkJoinPool-1-worker-5] INFO  com.intuit.karate - [print] testing xlinkurl:
14:45:23.194 [ForkJoinPool-1-worker-5] ERROR com.intuit.karate - org.apache.http.client.ClientProtocolException, http call failed after 0 milliseconds for URL: 
14:45:23.194 [ForkJoinPool-1-worker-5] ERROR com.intuit.karate - http request failed: 
org.apache.http.client.ClientProtocolException
14:45:23.194 [ForkJoinPool-1-worker-5] ERROR com.intuit.karate - feature call (loop) failed at index: 1
caller: classpath:InspireTest/ngr/datasetrecords/def/checkxlinkurl.template.feature
arg: {"link":""}
checkxlinkurl.template.feature:14 - 
org.apache.http.client.ClientProtocolException
14:45:23.194 [ForkJoinPool-1-worker-5] INFO  com.intuit.karate - [print]
14:45:23.195 [ForkJoinPool-1-worker-5] INFO  com.intuit.karate - [print] testing xlinkurl:
14:45:23.195 [ForkJoinPool-1-worker-5] ERROR com.intuit.karate - org.apache.http.client.ClientProtocolException, http call failed after 0 milliseconds for URL: 
14:45:23.195 [ForkJoinPool-1-worker-5] ERROR com.intuit.karate - http request failed: 
org.apache.http.client.ClientProtocolException
14:45:23.195 [ForkJoinPool-1-worker-5] ERROR com.intuit.karate - feature call (loop) failed at index: 2
caller: classpath:InspireTest/ngr/datasetrecords/def/checkxlinkurl.template.feature
arg: {"link":""}
checkxlinkurl.template.feature:14 - 
org.apache.http.client.ClientProtocolException
14:45:23.196 [ForkJoinPool-1-worker-5] INFO  com.intuit.karate - [print]
14:45:23.196 [ForkJoinPool-1-worker-5] INFO  com.intuit.karate - [print] testing xlinkurl:
14:45:23.196 [ForkJoinPool-1-worker-5] ERROR com.intuit.karate - org.apache.http.client.ClientProtocolException, http call failed after 0 milliseconds for URL: 
14:45:23.196 [ForkJoinPool-1-worker-5] ERROR com.intuit.karate - http request failed: 
org.apache.http.client.ClientProtocolException
14:45:23.196 [ForkJoinPool-1-worker-5] ERROR com.intuit.karate - feature call (loop) failed at index: 3
caller: classpath:InspireTest/ngr/datasetrecords/def/checkxlinkurl.template.feature
arg: {"link":""}
checkxlinkurl.template.feature:14 - 
org.apache.http.client.ClientProtocolException
14:45:23.290 [ForkJoinPool-1-worker-13] ERROR com.intuit.karate - javax.net.ssl.SSLException: Connection reset, http call failed after 338 milliseconds for URL: https://data.rivm.nl/inspire/id#b5ccab29-e2cc-4178-9f81-40c50e909754
14:45:23.290 [ForkJoinPool-1-worker-13] ERROR com.intuit.karate - http request failed: 
javax.net.ssl.SSLException: Connection reset
14:45:23.290 [ForkJoinPool-1-worker-13] ERROR com.intuit.karate - feature call (loop) failed at index: 0
caller: classpath:InspireTest/ngr/datasetrecords/def/checkxlinkurl.template.feature
arg: {"link":"https://data.rivm.nl/inspire/id#b5ccab29-e2cc-4178-9f81-40c50e909754"}
checkxlinkurl.template.feature:14 - 
javax.net.ssl.SSLException: Connection reset
14:45:23.300 [ForkJoinPool-1-worker-7] INFO  com.intuit.karate - [print]
14:45:23.300 [ForkJoinPool-1-worker-7] INFO  com.intuit.karate - [print] testing xlinkurl:http://geogedeeld.geonovum.nl/
14:45:23.430 [ForkJoinPool-1-worker-11] INFO  com.intuit.karate - [print] title:Geluidbelasting rijkswegen in Nederland 2011 (nacht gemiddelde)
14:45:23.430 [ForkJoinPool-1-worker-11] INFO  com.intuit.karate - [print] Geluidbelasting rijkswegen in Nederland 2011 (nacht gemiddelde)
14:45:23.430 [ForkJoinPool-1-worker-11] INFO  com.intuit.karate - [print] [
  "servicedesk-data@rijkswaterstaat.nl",
  "servicedesk-data@rijkswaterstaat.nl",
  "",
  "servicedesk-data@rijkswaterstaat.nl",
  "servicedesk-data@rijkswaterstaat.nl"
]

14:45:23.431 [ForkJoinPool-1-worker-11] INFO  com.intuit.karate - [print] organisation: [
  "Rijkswaterstaat",
  "Rijkswaterstaat",
  "",
  "Rijkswaterstaat",
  "Rijkswaterstaat"
]

14:45:23.437 [ForkJoinPool-1-worker-11] INFO  com.intuit.karate - [print] [
  "https://www.nationaalgeoregister.nl/geonetwork/srv/dut/catalog.search#/metadata/50eef6be-619d-4e16-9b92-48971109b636",
  "http://rdfdata.eionet.europa.eu/inspirethemes/themes/18",
  "http://inspire.ec.europa.eu/metadata-codelist/PriorityDataset/MajorRoadsNoiseExposureDelineationNight-dir-2002-49",
  "https://ngr.geocat.live/geonetwork/srv/eng/thesaurus.download?ref=external.theme.httpinspireeceuropaeumetadatacodelistPrioritydataset-Prioritydataset",
  "urn:ogc:def:crs:EPSG::5709"
]

14:45:23.443 [ForkJoinPool-1-worker-11] INFO  com.intuit.karate - [print]
14:45:23.444 [ForkJoinPool-1-worker-11] INFO  com.intuit.karate - [print] testing xlinkurl:https://www.nationaalgeoregister.nl/geonetwork/srv/dut/catalog.search#/metadata/50eef6be-619d-4e16-9b92-48971109b636
14:45:23.500 [ForkJoinPool-1-worker-7] INFO  com.intuit.karate - [print]
14:45:23.500 [ForkJoinPool-1-worker-7] INFO  com.intuit.karate - [print] testing xlinkurl:http://standaarden.overheid.nl/owms/terms/Ministerie_van_Landbouw,_Natuur_en_Voedselkwaliteit
14:45:23.535 [ForkJoinPool-1-worker-3] INFO  com.intuit.karate - [print] title:Natura 2000 (INSPIRE geharmoniseerd)
14:45:23.535 [ForkJoinPool-1-worker-3] INFO  com.intuit.karate - [print] Natura 2000 (INSPIRE geharmoniseerd)
14:45:23.536 [ForkJoinPool-1-worker-3] INFO  com.intuit.karate - [print] [
  "geodatabeheer.giscc@rvo.nl",
  "geodatabeheer.giscc@rvo.nl",
  "beheer@pdok.nl"
]

14:45:23.537 [ForkJoinPool-1-worker-3] INFO  com.intuit.karate - [print] organisation: Ministerie van Landbouw, Natuur en Voedselkwaliteit
14:45:23.543 [ForkJoinPool-1-worker-3] INFO  com.intuit.karate - [print] [
  "http://standaarden.overheid.nl/owms/terms/Ministerie_van_Landbouw,_Natuur_en_Voedselkwaliteit",
  "http://nationaalgeoregister.nl/geonetwork/srv/dut/catalog.search#/metadata/280ed37a-b8d2-4ac5-8567-04d84fad3a41",
  "https://creativecommons.org/publicdomain/mark/*/deed.nl",
  "https://data.overheid.nl/organisatie/PDOK"
]

14:45:23.550 [ForkJoinPool-1-worker-3] INFO  com.intuit.karate - [print]
14:45:23.550 [ForkJoinPool-1-worker-3] INFO  com.intuit.karate - [print] testing xlinkurl:http://standaarden.overheid.nl/owms/terms/Ministerie_van_Landbouw,_Natuur_en_Voedselkwaliteit
14:45:23.750 [ForkJoinPool-1-worker-11] INFO  com.intuit.karate - [print]
14:45:23.750 [ForkJoinPool-1-worker-11] INFO  com.intuit.karate - [print] testing xlinkurl:http://rdfdata.eionet.europa.eu/inspirethemes/themes/18
14:45:23.942 [ForkJoinPool-1-worker-11] ERROR com.intuit.karate - status code was: 404, expected: 200, response time: 191, url: http://rdfdata.eionet.europa.eu/inspirethemes/themes/18, response: 
14:45:23.942 [ForkJoinPool-1-worker-11] ERROR com.intuit.karate - feature call (loop) failed at index: 1
caller: classpath:InspireTest/ngr/datasetrecords/def/checkxlinkurl.template.feature
arg: {"link":"http://rdfdata.eionet.europa.eu/inspirethemes/themes/18"}
checkxlinkurl.template.feature:15 - status code was: 404, expected: 200, response time: 191, url: http://rdfdata.eionet.europa.eu/inspirethemes/themes/18, response: 
14:45:23.943 [ForkJoinPool-1-worker-11] INFO  com.intuit.karate - [print]
14:45:23.943 [ForkJoinPool-1-worker-11] INFO  com.intuit.karate - [print] testing xlinkurl:http://inspire.ec.europa.eu/metadata-codelist/PriorityDataset/MajorRoadsNoiseExposureDelineationNight-dir-2002-49
14:45:24.177 [ForkJoinPool-1-worker-3] INFO  com.intuit.karate - [print]
14:45:24.177 [ForkJoinPool-1-worker-3] INFO  com.intuit.karate - [print] testing xlinkurl:http://nationaalgeoregister.nl/geonetwork/srv/dut/catalog.search#/metadata/280ed37a-b8d2-4ac5-8567-04d84fad3a41
14:45:24.389 [ForkJoinPool-1-worker-3] INFO  com.intuit.karate - [print]
14:45:24.389 [ForkJoinPool-1-worker-3] INFO  com.intuit.karate - [print] testing xlinkurl:https://creativecommons.org/publicdomain/mark/*/deed.nl
14:45:24.414 [ForkJoinPool-1-worker-3] ERROR com.intuit.karate - status code was: 404, expected: 200, response time: 23, url: https://creativecommons.org/publicdomain/mark/*/deed.nl, response: 
14:45:24.414 [ForkJoinPool-1-worker-3] ERROR com.intuit.karate - feature call (loop) failed at index: 2
caller: classpath:InspireTest/ngr/datasetrecords/def/checkxlinkurl.template.feature
arg: {"link":"https://creativecommons.org/publicdomain/mark/*/deed.nl"}
checkxlinkurl.template.feature:15 - status code was: 404, expected: 200, response time: 23, url: https://creativecommons.org/publicdomain/mark/*/deed.nl, response: 
14:45:24.415 [ForkJoinPool-1-worker-3] INFO  com.intuit.karate - [print]
14:45:24.415 [ForkJoinPool-1-worker-3] INFO  com.intuit.karate - [print] testing xlinkurl:https://data.overheid.nl/organisatie/PDOK
14:45:25.645 [ForkJoinPool-1-worker-3] ERROR com.intuit.karate - status code was: 404, expected: 200, response time: 479, url: https://data.overheid.nl/organisatie/PDOK, response: 
14:45:25.646 [ForkJoinPool-1-worker-3] ERROR com.intuit.karate - feature call (loop) failed at index: 3
caller: classpath:InspireTest/ngr/datasetrecords/def/checkxlinkurl.template.feature
arg: {"link":"https://data.overheid.nl/organisatie/PDOK"}
checkxlinkurl.template.feature:15 - status code was: 404, expected: 200, response time: 479, url: https://data.overheid.nl/organisatie/PDOK, response: 
14:45:29.969 [ForkJoinPool-1-worker-11] INFO  com.intuit.karate - [print]
14:45:29.969 [ForkJoinPool-1-worker-11] INFO  com.intuit.karate - [print] testing xlinkurl:https://ngr.geocat.live/geonetwork/srv/eng/thesaurus.download?ref=external.theme.httpinspireeceuropaeumetadatacodelistPrioritydataset-Prioritydataset
14:45:30.371 [ForkJoinPool-1-worker-11] ERROR com.intuit.karate - status code was: 500, expected: 200, response time: 401, url: https://ngr.geocat.live/geonetwork/srv/eng/thesaurus.download?ref=external.theme.httpinspireeceuropaeumetadatacodelistPrioritydataset-Prioritydataset, response: 
14:45:30.371 [ForkJoinPool-1-worker-11] ERROR com.intuit.karate - feature call (loop) failed at index: 3
caller: classpath:InspireTest/ngr/datasetrecords/def/checkxlinkurl.template.feature
arg: {"link":"https://ngr.geocat.live/geonetwork/srv/eng/thesaurus.download?ref=external.theme.httpinspireeceuropaeumetadatacodelistPrioritydataset-Prioritydataset"}
checkxlinkurl.template.feature:15 - status code was: 500, expected: 200, response time: 401, url: https://ngr.geocat.live/geonetwork/srv/eng/thesaurus.download?ref=external.theme.httpinspireeceuropaeumetadatacodelistPrioritydataset-Prioritydataset, response: 
14:45:30.372 [ForkJoinPool-1-worker-11] INFO  com.intuit.karate - [print]
14:45:30.372 [ForkJoinPool-1-worker-11] INFO  com.intuit.karate - [print] testing xlinkurl:urn:ogc:def:crs:EPSG::5709
14:45:30.374 [ForkJoinPool-1-worker-11] ERROR com.intuit.karate - org.apache.http.client.ClientProtocolException: URI does not specify a valid host name: urn:ogc:def:crs:EPSG::5709, http call failed after 0 milliseconds for URL: urn:ogc:def:crs:EPSG::5709
14:45:30.374 [ForkJoinPool-1-worker-11] ERROR com.intuit.karate - http request failed: 
org.apache.http.client.ClientProtocolException: URI does not specify a valid host name: urn:ogc:def:crs:EPSG::5709
14:45:30.374 [ForkJoinPool-1-worker-11] ERROR com.intuit.karate - feature call (loop) failed at index: 4
caller: classpath:InspireTest/ngr/datasetrecords/def/checkxlinkurl.template.feature
arg: {"link":"urn:ogc:def:crs:EPSG::5709"}
checkxlinkurl.template.feature:14 - 
org.apache.http.client.ClientProtocolException: URI does not specify a valid host name: urn:ogc:def:crs:EPSG::5709
14:45:35.368 [pool-1-thread-2] INFO  com.intuit.karate.Runner - <<fail>> feature 2 of 9: classpath:InspireTest/ngr/datasetrecords/ngr-check-dataset-record.feature
---------------------------------------------------------
feature: classpath:InspireTest/ngr/datasetrecords/ngr-check-dataset-record.feature
report: target/surefire-reports/InspireTest.ngr.datasetrecords.ngr-check-dataset-record.json
scenarios: 197 | passed: 20 | failed: 177 | time: 247.5002
---------------------------------------------------------
Karate version: 0.9.5
======================================================
elapsed: 169.77 | threads:    6 | thread time: 798.08 
features:     7 | ignored:    2 | efficiency: 0.78
scenarios:  377 | passed:   199 | failed: 178
======================================================
failed features:
InspireTest.ngr.datasetrecords.ngr-check-dataset-record: [1.2:16] ngr-check-dataset-record.feature:80 - feature call (loop) failed: classpath:InspireTest/ngr/datasetrecords/def/checkxlinkurl.template.feature
caller: classpath:InspireTest/ngr/datasetrecords/ngr-check-dataset-record.feature
items: [{link=https://nationaalgeoregister.nl/geonetwork/srv/resources7e290e63-f991-4cc3-beff-1ff08ce2be77}, {link=https://www.nationaalgeoregister.nl/geonetwork/srv/eng/thesaurus.download?ref=external.theme.inspire-theme}]
errors:
-------
feature call (loop) failed at index: 0
caller: classpath:InspireTest/ngr/datasetrecords/def/checkxlinkurl.template.feature
arg: {"link":"https://nationaalgeoregister.nl/geonetwork/srv/resources7e290e63-f991-4cc3-beff-1ff08ce2be77"}
checkxlinkurl.template.feature:15 - status code was: 404, expected: 200, response time: 268, url: https://nationaalgeoregister.nl/geonetwork/srv/resources7e290e63-f991-4cc3-beff-1ff08ce2be77, response: 
-------
feature call (loop) failed at index: 1
caller: classpath:InspireTest/ngr/datasetrecords/def/checkxlinkurl.template.feature
arg: {"link":"https://www.nationaalgeoregister.nl/geonetwork/srv/eng/thesaurus.download?ref=external.theme.inspire-theme"}
checkxlinkurl.template.feature:15 - status code was: 500, expected: 200, response time: 414, url: https://www.nationaalgeoregister.nl/geonetwork/srv/eng/thesaurus.download?ref=external.theme.inspire-theme, response: 
[1.3:16] ngr-check-dataset-record.feature:80 - feature call (loop) failed: classpath:InspireTest/ngr/datasetrecords/def/checkxlinkurl.template.feature
caller: classpath:InspireTest/ngr/datasetrecords/ngr-check-dataset-record.feature
items: [{link=http://standaarden.overheid.nl/owms/terms/Ministerie_van_Landbouw,_Natuur_en_Voedselkwaliteit}, {link=https://www.nationaalgeoregister.nl/geonetwork/srv/api/records3703b249-a0eb-484e-ba7a-10e31a55bcec}, {link=579}]
errors:
-------
feature call (loop) failed at index: 1
caller: classpath:InspireTest/ngr/datasetrecords/def/checkxlinkurl.template.feature
arg: {"link":"https://www.nationaalgeoregister.nl/geonetwork/srv/api/records3703b249-a0eb-484e-ba7a-10e31a55bcec"}
checkxlinkurl.template.feature:15 - status code was: 500, expected: 200, response time: 574, url: https://www.nationaalgeoregister.nl/geonetwork/srv/api/records3703b249-a0eb-484e-ba7a-10e31a55bcec, response: 
-------
feature call (loop) failed at index: 2
caller: classpath:InspireTest/ngr/datasetrecords/def/checkxlinkurl.template.feature
arg: {"link":"579"}
checkxlinkurl.template.feature:14 - 
org.apache.http.client.ClientProtocolException
[1.5:16] ngr-check-dataset-record.feature:80 - feature call (loop) failed: classpath:InspireTest/ngr/datasetrecords/def/checkxlinkurl.template.feature
caller: classpath:InspireTest/ngr/datasetrecords/ngr-check-dataset-record.feature
items: [{link=https://nationaalgeoregister.nl/geonetwork/srv/resourcesff07bd5a-d6eb-11ea-87d0-0242ac130003}, {link=https://www.nationaalgeoregister.nl/geonetwork/srv/eng/thesaurus.download?ref=external.theme.inspire-theme}]
errors:
-------
feature call (loop) failed at index: 0
caller: classpath:InspireTest/ngr/datasetrecords/def/checkxlinkurl.template.feature
arg: {"link":"https://nationaalgeoregister.nl/geonetwork/srv/resourcesff07bd5a-d6eb-11ea-87d0-0242ac130003"}
checkxlinkurl.template.feature:15 - status code was: 404, expected: 200, response time: 266, url: https://nationaalgeoregister.nl/geonetwork/srv/resourcesff07bd5a-d6eb-11ea-87d0-0242ac130003, response: 
-------
feature call (loop) failed at index: 1
caller: classpath:InspireTest/ngr/datasetrecords/def/checkxlinkurl.template.feature
arg: {"link":"https://www.nationaalgeoregister.nl/geonetwork/srv/eng/thesaurus.download?ref=external.theme.inspire-theme"}
checkxlinkurl.template.feature:15 - status code was: 500, expected: 200, response time: 416, url: https://www.nationaalgeoregister.nl/geonetwork/srv/eng/thesaurus.download?ref=external.theme.inspire-theme, response: 
[1.6:16] ngr-check-dataset-record.feature:80 - feature call (loop) failed: classpath:InspireTest/ngr/datasetrecords/def/checkxlinkurl.template.feature
caller: classpath:InspireTest/ngr/datasetrecords/ngr-check-dataset-record.feature
items: [{link=http://standaarden.overheid.nl/owms/terms/Ministerie_van_Landbouw,_Natuur_en_Voedselkwaliteit}, {link=http://nationaalgeoregister.nl/geonetwork/srv/dut/catalog.search#/metadata/247a1d15-0a67-40ce-85be-1403c08f15a8}, {link=http://standaarden.overheid.nl/owms/terms/Ministerie_van_Landbouw,_Natuur_en_Voedselkwaliteit}, {link=http://standaarden.overheid.nl/owms/terms/Ministerie_van_Landbouw,_Natuur_en_Voedselkwaliteit}, {link=xlink:href=https://inspire.ec.europa.eu/id/document/tg/ps}, {link=https://data.overheid.nl/organisatie/PDOK}]
errors:
-------
feature call (loop) failed at index: 4
caller: classpath:InspireTest/ngr/datasetrecords/def/checkxlinkurl.template.feature
arg: {"link":"xlink:href=https://inspire.ec.europa.eu/id/document/tg/ps"}
checkxlinkurl.template.feature:14 - 
org.apache.http.client.ClientProtocolException: URI does not specify a valid host name: xlink:href=https://inspire.ec.europa.eu/id/document/tg/ps
-------
feature call (loop) failed at index: 5
caller: classpath:InspireTest/ngr/datasetrecords/def/checkxlinkurl.template.feature
arg: {"link":"https://data.overheid.nl/organisatie/PDOK"}
checkxlinkurl.template.feature:15 - status code was: 404, expected: 200, response time: 759, url: https://data.overheid.nl/organisatie/PDOK, response: 
[1.7:16] ngr-check-dataset-record.feature:80 - feature call (loop) failed: classpath:InspireTest/ngr/datasetrecords/def/checkxlinkurl.template.feature
caller: classpath:InspireTest/ngr/datasetrecords/ngr-check-dataset-record.feature
items: [{link=http://kadaster/06b6c650-cdb1-11dd-ad8b-0800200c9a78}]
errors:
-------
feature call (loop) failed at index: 0
caller: classpath:InspireTest/ngr/datasetrecords/def/checkxlinkurl.template.feature
arg: {"link":"http://kadaster/06b6c650-cdb1-11dd-ad8b-0800200c9a78"}
checkxlinkurl.template.feature:14 - 
java.net.UnknownHostException: kadaster: Temporary failure in name resolution
[1.8:16] ngr-check-dataset-record.feature:80 - feature call (loop) failed: classpath:InspireTest/ngr/datasetrecords/def/checkxlinkurl.template.feature
caller: classpath:InspireTest/ngr/datasetrecords/ngr-check-dataset-record.feature
items: [{link=http://kadaster/7c22107ea-5e31-4bbc-8e24-d15fe230062e}]
errors:
-------
feature call (loop) failed at index: 0
caller: classpath:InspireTest/ngr/datasetrecords/def/checkxlinkurl.template.feature
arg: {"link":"http://kadaster/7c22107ea-5e31-4bbc-8e24-d15fe230062e"}
checkxlinkurl.template.feature:14 - 
java.net.UnknownHostException: kadaster
[1.9:16] ngr-check-dataset-record.feature:80 - feature call (loop) failed: classpath:InspireTest/ngr/datasetrecords/def/checkxlinkurl.template.feature
caller: classpath:InspireTest/ngr/datasetrecords/ngr-check-dataset-record.feature
items: [{link=http://www.opengis.net/def/crs/EPSG/0/http://www.opengis.net/def/crs/EPSG/0/4258}, {link=http://kadaster/cb4edbd2-2dca-4d44-92bb-b2202048b526}]
errors:
-------
feature call (loop) failed at index: 1
caller: classpath:InspireTest/ngr/datasetrecords/def/checkxlinkurl.template.feature
arg: {"link":"http://kadaster/cb4edbd2-2dca-4d44-92bb-b2202048b526"}
checkxlinkurl.template.feature:14 - 
java.net.UnknownHostException: kadaster
[1.10:16] ngr-check-dataset-record.feature:80 - feature call (loop) failed: classpath:InspireTest/ngr/datasetrecords/def/checkxlinkurl.template.feature
caller: classpath:InspireTest/ngr/datasetrecords/ngr-check-dataset-record.feature
items: [{link=https://data.rivm.nl/inspire/id#7247293d-2113-44d8-b335-8167b2ec4d1b}]
errors:
-------
feature call (loop) failed at index: 0
caller: classpath:InspireTest/ngr/datasetrecords/def/checkxlinkurl.template.feature
arg: {"link":"https://data.rivm.nl/inspire/id#7247293d-2113-44d8-b335-8167b2ec4d1b"}
checkxlinkurl.template.feature:14 - 
javax.net.ssl.SSLException: Connection reset
[1.11:16] ngr-check-dataset-record.feature:80 - feature call (loop) failed: classpath:InspireTest/ngr/datasetrecords/def/checkxlinkurl.template.feature
caller: classpath:InspireTest/ngr/datasetrecords/ngr-check-dataset-record.feature
items: [{link=http://kadaster/06b6c650-cdb1-11dd-ad8b-0800200c9a79}]
errors:
-------
feature call (loop) failed at index: 0
caller: classpath:InspireTest/ngr/datasetrecords/def/checkxlinkurl.template.feature
arg: {"link":"http://kadaster/06b6c650-cdb1-11dd-ad8b-0800200c9a79"}
checkxlinkurl.template.feature:14 - 
java.net.UnknownHostException: kadaster
[1.12:16] ngr-check-dataset-record.feature:80 - feature call (loop) failed: classpath:InspireTest/ngr/datasetrecords/def/checkxlinkurl.template.feature
caller: classpath:InspireTest/ngr/datasetrecords/ngr-check-dataset-record.feature
items: [{link=https://ngr.acceptatie.nationaalgeoregister.nl/geonetwork/srv/resourcesbbe3c19d-12b0-4912-a6f4-46eb189e85ac}, {link=http://rdfdata.eionet.europa.eu/inspirethemes/themes/16}, {link=http://geonetwork-opensource.org/inspire-theme#}, {link=https://www.nationaalgeoregister.nl/geonetwork/srv/eng/thesaurus.download?ref=external.theme.inspire-theme}]
errors:
-------
feature call (loop) failed at index: 0
caller: classpath:InspireTest/ngr/datasetrecords/def/checkxlinkurl.template.feature
arg: {"link":"https://ngr.acceptatie.nationaalgeoregister.nl/geonetwork/srv/resourcesbbe3c19d-12b0-4912-a6f4-46eb189e85ac"}
checkxlinkurl.template.feature:15 - status code was: 404, expected: 200, response time: 317, url: https://ngr.acceptatie.nationaalgeoregister.nl/geonetwork/srv/resourcesbbe3c19d-12b0-4912-a6f4-46eb189e85ac, response: 
-------
feature call (loop) failed at index: 1
caller: classpath:InspireTest/ngr/datasetrecords/def/checkxlinkurl.template.feature
arg: {"link":"http://rdfdata.eionet.europa.eu/inspirethemes/themes/16"}
checkxlinkurl.template.feature:15 - status code was: 404, expected: 200, response time: 969, url: http://rdfdata.eionet.europa.eu/inspirethemes/themes/16, response: 
-------
feature call (loop) failed at index: 2
caller: classpath:InspireTest/ngr/datasetrecords/def/checkxlinkurl.template.feature
arg: {"link":"http://geonetwork-opensource.org/inspire-theme#"}
checkxlinkurl.template.feature:15 - status code was: 404, expected: 200, response time: 390, url: http://geonetwork-opensource.org/inspire-theme#, response: 
-------
feature call (loop) failed at index: 3
caller: classpath:InspireTest/ngr/datasetrecords/def/checkxlinkurl.template.feature
arg: {"link":"https://www.nationaalgeoregister.nl/geonetwork/srv/eng/thesaurus.download?ref=external.theme.inspire-theme"}
checkxlinkurl.template.feature:15 - status code was: 500, expected: 200, response time: 408, url: https://www.nationaalgeoregister.nl/geonetwork/srv/eng/thesaurus.download?ref=external.theme.inspire-theme, response: 
[1.13:16] ngr-check-dataset-record.feature:80 - feature call (loop) failed: classpath:InspireTest/ngr/datasetrecords/def/checkxlinkurl.template.feature
caller: classpath:InspireTest/ngr/datasetrecords/ngr-check-dataset-record.feature
items: [{link=https://ngr.acceptatie.nationaalgeoregister.nl/geonetwork/srv/resourcesc7662717-9e43-4367-a344-723d73abbb3e}]
errors:
-------
feature call (loop) failed at index: 0
caller: classpath:InspireTest/ngr/datasetrecords/def/checkxlinkurl.template.feature
arg: {"link":"https://ngr.acceptatie.nationaalgeoregister.nl/geonetwork/srv/resourcesc7662717-9e43-4367-a344-723d73abbb3e"}
checkxlinkurl.template.feature:15 - status code was: 404, expected: 200, response time: 397, url: https://ngr.acceptatie.nationaalgeoregister.nl/geonetwork/srv/resourcesc7662717-9e43-4367-a344-723d73abbb3e, response: 
[1.15:16] ngr-check-dataset-record.feature:80 - feature call (loop) failed: classpath:InspireTest/ngr/datasetrecords/def/checkxlinkurl.template.feature
caller: classpath:InspireTest/ngr/datasetrecords/ngr-check-dataset-record.feature
items: [{link=https://data.rivm.nl/inspire/id#e6ddc53d-04c4-435d-bedd-a5ace2dc0313}]
errors:
-------
feature call (loop) failed at index: 0
caller: classpath:InspireTest/ngr/datasetrecords/def/checkxlinkurl.template.feature
arg: {"link":"https://data.rivm.nl/inspire/id#e6ddc53d-04c4-435d-bedd-a5ace2dc0313"}
checkxlinkurl.template.feature:14 - 
javax.net.ssl.SSLException: Connection reset
[1.16:16] ngr-check-dataset-record.feature:80 - feature call (loop) failed: classpath:InspireTest/ngr/datasetrecords/def/checkxlinkurl.template.feature
caller: classpath:InspireTest/ngr/datasetrecords/ngr-check-dataset-record.feature
items: [{link=http://kadaster/2482250f-3b00-4439-9f93-f3118229b201}, {link=}, {link=}, {link=}, {link=}, {link=}]
errors:
-------
feature call (loop) failed at index: 0
caller: classpath:InspireTest/ngr/datasetrecords/def/checkxlinkurl.template.feature
arg: {"link":"http://kadaster/2482250f-3b00-4439-9f93-f3118229b201"}
checkxlinkurl.template.feature:14 - 
java.net.UnknownHostException: kadaster
-------
feature call (loop) failed at index: 1
caller: classpath:InspireTest/ngr/datasetrecords/def/checkxlinkurl.template.feature
arg: {"link":""}
checkxlinkurl.template.feature:14 - 
org.apache.http.client.ClientProtocolException
-------
feature call (loop) failed at index: 2
caller: classpath:InspireTest/ngr/datasetrecords/def/checkxlinkurl.template.feature
arg: {"link":""}
checkxlinkurl.template.feature:14 - 
org.apache.http.client.ClientProtocolException
-------
feature call (loop) failed at index: 3
caller: classpath:InspireTest/ngr/datasetrecords/def/checkxlinkurl.template.feature
arg: {"link":""}
checkxlinkurl.template.feature:14 - 
org.apache.http.client.ClientProtocolException
-------
feature call (loop) failed at index: 4
caller: classpath:InspireTest/ngr/datasetrecords/def/checkxlinkurl.template.feature
arg: {"link":""}
checkxlinkurl.template.feature:14 - 
org.apache.http.client.ClientProtocolException
-------
feature call (loop) failed at index: 5
caller: classpath:InspireTest/ngr/datasetrecords/def/checkxlinkurl.template.feature
arg: {"link":""}
checkxlinkurl.template.feature:14 - 
org.apache.http.client.ClientProtocolException
[1.17:16] ngr-check-dataset-record.feature:80 - feature call (loop) failed: classpath:InspireTest/ngr/datasetrecords/def/checkxlinkurl.template.feature
caller: classpath:InspireTest/ngr/datasetrecords/ngr-check-dataset-record.feature
items: [{link=http://www.opengis.net/def/crs/EPSG/0/http://www.opengis.net/def/crs/EPSG/0/4258}, {link=http://kadaster/9778afe6-2152-4a8f-ba32-9697625401e3}]
errors:
-------
feature call (loop) failed at index: 1
caller: classpath:InspireTest/ngr/datasetrecords/def/checkxlinkurl.template.feature
arg: {"link":"http://kadaster/9778afe6-2152-4a8f-ba32-9697625401e3"}
checkxlinkurl.template.feature:14 - 
java.net.UnknownHostException: kadaster
[1.18:16] ngr-check-dataset-record.feature:80 - feature call (loop) failed: classpath:InspireTest/ngr/datasetrecords/def/checkxlinkurl.template.feature
caller: classpath:InspireTest/ngr/datasetrecords/ngr-check-dataset-record.feature
items: [{link=https://geodata.nationaalgeoregister.nl/inspire/su-grid/wfs}, {link=}]
errors:
-------
feature call (loop) failed at index: 0
caller: classpath:InspireTest/ngr/datasetrecords/def/checkxlinkurl.template.feature
arg: {"link":"https://geodata.nationaalgeoregister.nl/inspire/su-grid/wfs"}
checkxlinkurl.template.feature:15 - status code was: 400, expected: 200, response time: 393, url: https://geodata.nationaalgeoregister.nl/inspire/su-grid/wfs, response: 
-------
feature call (loop) failed at index: 1
caller: classpath:InspireTest/ngr/datasetrecords/def/checkxlinkurl.template.feature
arg: {"link":""}
checkxlinkurl.template.feature:14 - 
org.apache.http.client.ClientProtocolException
[1.19:16] ngr-check-dataset-record.feature:80 - feature call (loop) failed: classpath:InspireTest/ngr/datasetrecords/def/checkxlinkurl.template.feature
caller: classpath:InspireTest/ngr/datasetrecords/ngr-check-dataset-record.feature
items: [{link=https://data.rivm.nl/inspire/id#5cb4b489-67c8-44bc-85c5-424a80a53b3b}]
errors:
-------
feature call (loop) failed at index: 0
caller: classpath:InspireTest/ngr/datasetrecords/def/checkxlinkurl.template.feature
arg: {"link":"https://data.rivm.nl/inspire/id#5cb4b489-67c8-44bc-85c5-424a80a53b3b"}
checkxlinkurl.template.feature:14 - 
javax.net.ssl.SSLException: Connection reset
[1.20:16] ngr-check-dataset-record.feature:80 - feature call (loop) failed: classpath:InspireTest/ngr/datasetrecords/def/checkxlinkurl.template.feature
caller: classpath:InspireTest/ngr/datasetrecords/ngr-check-dataset-record.feature
items: [{link=https://www.nationaalgeoregister.nl/geonetwork/srv/api/records83dab947-387b-49df-8ad2-32bb10d46d38}]
errors:
-------
feature call (loop) failed at index: 0
caller: classpath:InspireTest/ngr/datasetrecords/def/checkxlinkurl.template.feature
arg: {"link":"https://www.nationaalgeoregister.nl/geonetwork/srv/api/records83dab947-387b-49df-8ad2-32bb10d46d38"}
checkxlinkurl.template.feature:15 - status code was: 500, expected: 200, response time: 304, url: https://www.nationaalgeoregister.nl/geonetwork/srv/api/records83dab947-387b-49df-8ad2-32bb10d46d38, response: 
[1.21:16] ngr-check-dataset-record.feature:80 - feature call (loop) failed: classpath:InspireTest/ngr/datasetrecords/def/checkxlinkurl.template.feature
caller: classpath:InspireTest/ngr/datasetrecords/ngr-check-dataset-record.feature
items: [{link=http://www.opengis.net/def/crs/EPSG/0/http://www.opengis.net/def/crs/EPSG/0/4258}, {link=http://kadaster/ff1d6d44-aea1-4ad5-b084-9afea143f1bf}]
errors:
-------
feature call (loop) failed at index: 1
caller: classpath:InspireTest/ngr/datasetrecords/def/checkxlinkurl.template.feature
arg: {"link":"http://kadaster/ff1d6d44-aea1-4ad5-b084-9afea143f1bf"}
checkxlinkurl.template.feature:14 - 
java.net.UnknownHostException: kadaster
[1.22:16] ngr-check-dataset-record.feature:80 - feature call (loop) failed: classpath:InspireTest/ngr/datasetrecords/def/checkxlinkurl.template.feature
caller: classpath:InspireTest/ngr/datasetrecords/ngr-check-dataset-record.feature
items: [{link=https://data.rivm.nl/inspire/id#64d546c9-71d4-4c84-a04c-61c5d0734f65}]
errors:
-------
feature call (loop) failed at index: 0
caller: classpath:InspireTest/ngr/datasetrecords/def/checkxlinkurl.template.feature
arg: {"link":"https://data.rivm.nl/inspire/id#64d546c9-71d4-4c84-a04c-61c5d0734f65"}
checkxlinkurl.template.feature:14 - 
javax.net.ssl.SSLException: Connection reset
[1.23:16] ngr-check-dataset-record.feature:80 - feature call (loop) failed: classpath:InspireTest/ngr/datasetrecords/def/checkxlinkurl.template.feature
caller: classpath:InspireTest/ngr/datasetrecords/ngr-check-dataset-record.feature
items: [{link=https://www.nationaalgeoregister.nl/geonetwork/srv/dut/catalog.search#/metadata/5a1adb58-0bbe-425d-b0fe-577a6c0a4228}, {link=http://rdfdata.eionet.europa.eu/inspirethemes/themes/10}, {link=urn:ogc:def:crs:EPSG::5709}]
errors:
-------
feature call (loop) failed at index: 1
caller: classpath:InspireTest/ngr/datasetrecords/def/checkxlinkurl.template.feature
arg: {"link":"http://rdfdata.eionet.europa.eu/inspirethemes/themes/10"}
checkxlinkurl.template.feature:15 - status code was: 404, expected: 200, response time: 192, url: http://rdfdata.eionet.europa.eu/inspirethemes/themes/10, response: 
-------
feature call (loop) failed at index: 2
caller: classpath:InspireTest/ngr/datasetrecords/def/checkxlinkurl.template.feature
arg: {"link":"urn:ogc:def:crs:EPSG::5709"}
checkxlinkurl.template.feature:14 - 
org.apache.http.client.ClientProtocolException: URI does not specify a valid host name: urn:ogc:def:crs:EPSG::5709
[1.24:16] ngr-check-dataset-record.feature:80 - feature call (loop) failed: classpath:InspireTest/ngr/datasetrecords/def/checkxlinkurl.template.feature
caller: classpath:InspireTest/ngr/datasetrecords/ngr-check-dataset-record.feature
items: [{link=https://www.nationaalgeoregister.nl/geonetwork/srv/dut/catalog.search#/metadata/8de2f5eb-b09f-4f6d-8397-8878a1b86238}, {link=http://rdfdata.eionet.europa.eu/inspirethemes/themes/18}, {link=https://ngr.geocat.live/geonetwork/srv/eng/thesaurus.download?ref=external.theme.httpinspireeceuropaeumetadatacodelistPrioritydataset-Prioritydataset}, {link=urn:ogc:def:crs:EPSG::5709}]
errors:
-------
feature call (loop) failed at index: 1
caller: classpath:InspireTest/ngr/datasetrecords/def/checkxlinkurl.template.feature
arg: {"link":"http://rdfdata.eionet.europa.eu/inspirethemes/themes/18"}
checkxlinkurl.template.feature:15 - status code was: 404, expected: 200, response time: 191, url: http://rdfdata.eionet.europa.eu/inspirethemes/themes/18, response: 
-------
feature call (loop) failed at index: 2
caller: classpath:InspireTest/ngr/datasetrecords/def/checkxlinkurl.template.feature
arg: {"link":"https://ngr.geocat.live/geonetwork/srv/eng/thesaurus.download?ref=external.theme.httpinspireeceuropaeumetadatacodelistPrioritydataset-Prioritydataset"}
checkxlinkurl.template.feature:15 - status code was: 500, expected: 200, response time: 305, url: https://ngr.geocat.live/geonetwork/srv/eng/thesaurus.download?ref=external.theme.httpinspireeceuropaeumetadatacodelistPrioritydataset-Prioritydataset, response: 
-------
feature call (loop) failed at index: 3
caller: classpath:InspireTest/ngr/datasetrecords/def/checkxlinkurl.template.feature
arg: {"link":"urn:ogc:def:crs:EPSG::5709"}
checkxlinkurl.template.feature:14 - 
org.apache.http.client.ClientProtocolException: URI does not specify a valid host name: urn:ogc:def:crs:EPSG::5709
[1.25:16] ngr-check-dataset-record.feature:80 - feature call (loop) failed: classpath:InspireTest/ngr/datasetrecords/def/checkxlinkurl.template.feature
caller: classpath:InspireTest/ngr/datasetrecords/ngr-check-dataset-record.feature
items: [{link=https://www.nationaalgeoregister.nl/geonetwork/srv/dut/catalog.search#/metadata/tbjk534p-wubf-crbp-cj25-d4161160gfim}, {link=http://rdfdata.eionet.europa.eu/inspirethemes/themes/28}, {link=https://ngr.geocat.live/geonetwork/srv/eng/thesaurus.download?ref=external.theme.httpinspireeceuropaeumetadatacodelistPrioritydataset-Prioritydataset}]
errors:
-------
feature call (loop) failed at index: 1
caller: classpath:InspireTest/ngr/datasetrecords/def/checkxlinkurl.template.feature
arg: {"link":"http://rdfdata.eionet.europa.eu/inspirethemes/themes/28"}
checkxlinkurl.template.feature:15 - status code was: 404, expected: 200, response time: 192, url: http://rdfdata.eionet.europa.eu/inspirethemes/themes/28, response: 
-------
feature call (loop) failed at index: 2
caller: classpath:InspireTest/ngr/datasetrecords/def/checkxlinkurl.template.feature
arg: {"link":"https://ngr.geocat.live/geonetwork/srv/eng/thesaurus.download?ref=external.theme.httpinspireeceuropaeumetadatacodelistPrioritydataset-Prioritydataset"}
checkxlinkurl.template.feature:15 - status code was: 500, expected: 200, response time: 297, url: https://ngr.geocat.live/geonetwork/srv/eng/thesaurus.download?ref=external.theme.httpinspireeceuropaeumetadatacodelistPrioritydataset-Prioritydataset, response: 
[1.26:16] ngr-check-dataset-record.feature:80 - feature call (loop) failed: classpath:InspireTest/ngr/datasetrecords/def/checkxlinkurl.template.feature
caller: classpath:InspireTest/ngr/datasetrecords/ngr-check-dataset-record.feature
items: [{link=https://www.nationaalgeoregister.nl/geonetwork/srv/dut/catalog.search#/metadata/eu-cb527d-f6db-4835-b0cd-deb245241254}, {link=http://rdfdata.eionet.europa.eu/inspirethemes/themes/7}, {link=http://inspire.ec.europa.eu/metadata-codelist/Prioritydataset/SurfaceWaterBodies-dir-2000-60}, {link=https://ngr.geocat.live/geonetwork/srv/eng/thesaurus.download?ref=external.theme.httpinspireeceuropaeumetadatacodelistPrioritydataset-Prioritydataset}]
errors:
-------
feature call (loop) failed at index: 1
caller: classpath:InspireTest/ngr/datasetrecords/def/checkxlinkurl.template.feature
arg: {"link":"http://rdfdata.eionet.europa.eu/inspirethemes/themes/7"}
checkxlinkurl.template.feature:15 - status code was: 404, expected: 200, response time: 191, url: http://rdfdata.eionet.europa.eu/inspirethemes/themes/7, response: 
-------
feature call (loop) failed at index: 2
caller: classpath:InspireTest/ngr/datasetrecords/def/checkxlinkurl.template.feature
arg: {"link":"http://inspire.ec.europa.eu/metadata-codelist/Prioritydataset/SurfaceWaterBodies-dir-2000-60"}
checkxlinkurl.template.feature:15 - status code was: 404, expected: 200, response time: 437, url: http://inspire.ec.europa.eu/metadata-codelist/Prioritydataset/SurfaceWaterBodies-dir-2000-60, response: 
-------
feature call (loop) failed at index: 3
caller: classpath:InspireTest/ngr/datasetrecords/def/checkxlinkurl.template.feature
arg: {"link":"https://ngr.geocat.live/geonetwork/srv/eng/thesaurus.download?ref=external.theme.httpinspireeceuropaeumetadatacodelistPrioritydataset-Prioritydataset"}
checkxlinkurl.template.feature:15 - status code was: 500, expected: 200, response time: 313, url: https://ngr.geocat.live/geonetwork/srv/eng/thesaurus.download?ref=external.theme.httpinspireeceuropaeumetadatacodelistPrioritydataset-Prioritydataset, response: 
[1.27:16] ngr-check-dataset-record.feature:80 - feature call (loop) failed: classpath:InspireTest/ngr/datasetrecords/def/checkxlinkurl.template.feature
caller: classpath:InspireTest/ngr/datasetrecords/ngr-check-dataset-record.feature
items: [{link=https://www.nationaalgeoregister.nl/geonetwork/srv/dut/catalog.search#/metadata/be1b1514-8d1f-48e1-9624-fee9b784138b}, {link=http://rdfdata.eionet.europa.eu/inspirethemes/themes/7}, {link=urn:ogc:def:crs:EPSG::5709}]
errors:
-------
feature call (loop) failed at index: 1
caller: classpath:InspireTest/ngr/datasetrecords/def/checkxlinkurl.template.feature
arg: {"link":"http://rdfdata.eionet.europa.eu/inspirethemes/themes/7"}
checkxlinkurl.template.feature:15 - status code was: 404, expected: 200, response time: 193, url: http://rdfdata.eionet.europa.eu/inspirethemes/themes/7, response: 
-------
feature call (loop) failed at index: 2
caller: classpath:InspireTest/ngr/datasetrecords/def/checkxlinkurl.template.feature
arg: {"link":"urn:ogc:def:crs:EPSG::5709"}
checkxlinkurl.template.feature:14 - 
org.apache.http.client.ClientProtocolException: URI does not specify a valid host name: urn:ogc:def:crs:EPSG::5709
[1.29:16] ngr-check-dataset-record.feature:80 - feature call (loop) failed: classpath:InspireTest/ngr/datasetrecords/def/checkxlinkurl.template.feature
caller: classpath:InspireTest/ngr/datasetrecords/ngr-check-dataset-record.feature
items: [{link=https://nationaalgeoregister.nl/geonetwork/srv/resourcese26eb6c9-c441-43e8-8db6-aabbf11578fd}, {link=http://rdfdata.eionet.europa.eu/inspirethemes/themes/16}, {link=http://geonetwork-opensource.org/inspire-theme#}, {link=https://www.nationaalgeoregister.nl/geonetwork/srv/eng/thesaurus.download?ref=external.theme.inspire-theme}]
errors:
-------
feature call (loop) failed at index: 0
caller: classpath:InspireTest/ngr/datasetrecords/def/checkxlinkurl.template.feature
arg: {"link":"https://nationaalgeoregister.nl/geonetwork/srv/resourcese26eb6c9-c441-43e8-8db6-aabbf11578fd"}
checkxlinkurl.template.feature:15 - status code was: 404, expected: 200, response time: 266, url: https://nationaalgeoregister.nl/geonetwork/srv/resourcese26eb6c9-c441-43e8-8db6-aabbf11578fd, response: 
-------
feature call (loop) failed at index: 1
caller: classpath:InspireTest/ngr/datasetrecords/def/checkxlinkurl.template.feature
arg: {"link":"http://rdfdata.eionet.europa.eu/inspirethemes/themes/16"}
checkxlinkurl.template.feature:15 - status code was: 404, expected: 200, response time: 190, url: http://rdfdata.eionet.europa.eu/inspirethemes/themes/16, response: 
-------
feature call (loop) failed at index: 2
caller: classpath:InspireTest/ngr/datasetrecords/def/checkxlinkurl.template.feature
arg: {"link":"http://geonetwork-opensource.org/inspire-theme#"}
checkxlinkurl.template.feature:15 - status code was: 404, expected: 200, response time: 382, url: http://geonetwork-opensource.org/inspire-theme#, response: 
-------
feature call (loop) failed at index: 3
caller: classpath:InspireTest/ngr/datasetrecords/def/checkxlinkurl.template.feature
arg: {"link":"https://www.nationaalgeoregister.nl/geonetwork/srv/eng/thesaurus.download?ref=external.theme.inspire-theme"}
checkxlinkurl.template.feature:15 - status code was: 500, expected: 200, response time: 315, url: https://www.nationaalgeoregister.nl/geonetwork/srv/eng/thesaurus.download?ref=external.theme.inspire-theme, response: 
[1.30:16] ngr-check-dataset-record.feature:48 - xpath does not exist: /GetRecordByIdResponse//@href on response
[1.31:16] ngr-check-dataset-record.feature:80 - feature call (loop) failed: classpath:InspireTest/ngr/datasetrecords/def/checkxlinkurl.template.feature
caller: classpath:InspireTest/ngr/datasetrecords/ngr-check-dataset-record.feature
items: [{link=https://www.nationaalgeoregister.nl/geonetwork/srv/api/records3e57ce43-7707-43ed-a4b9-72b3a6d812f8}]
errors:
-------
feature call (loop) failed at index: 0
caller: classpath:InspireTest/ngr/datasetrecords/def/checkxlinkurl.template.feature
arg: {"link":"https://www.nationaalgeoregister.nl/geonetwork/srv/api/records3e57ce43-7707-43ed-a4b9-72b3a6d812f8"}
checkxlinkurl.template.feature:15 - status code was: 500, expected: 200, response time: 300, url: https://www.nationaalgeoregister.nl/geonetwork/srv/api/records3e57ce43-7707-43ed-a4b9-72b3a6d812f8, response: 
[1.32:16] ngr-check-dataset-record.feature:80 - feature call (loop) failed: classpath:InspireTest/ngr/datasetrecords/def/checkxlinkurl.template.feature
caller: classpath:InspireTest/ngr/datasetrecords/ngr-check-dataset-record.feature
items: [{link=http://www.opengis.net/def/crs/EPSG/0/https://www.opengis.net/def/crs/EPSG/0/4258}, {link=https://www.nationaalgeoregister.nl/geonetwork/srv/api/recordsc2225e5d-b46f-4e38-8445-ab10fd40c0dc}]
errors:
-------
feature call (loop) failed at index: 1
caller: classpath:InspireTest/ngr/datasetrecords/def/checkxlinkurl.template.feature
arg: {"link":"https://www.nationaalgeoregister.nl/geonetwork/srv/api/recordsc2225e5d-b46f-4e38-8445-ab10fd40c0dc"}
checkxlinkurl.template.feature:15 - status code was: 500, expected: 200, response time: 308, url: https://www.nationaalgeoregister.nl/geonetwork/srv/api/recordsc2225e5d-b46f-4e38-8445-ab10fd40c0dc, response: 
[1.33:16] ngr-check-dataset-record.feature:80 - feature call (loop) failed: classpath:InspireTest/ngr/datasetrecords/def/checkxlinkurl.template.feature
caller: classpath:InspireTest/ngr/datasetrecords/ngr-check-dataset-record.feature
items: [{link=https://www.nationaalgeoregister.nl/geonetwork/srv/dut/catalog.search#/metadata/eu-f297898-2640-44c2-bbe9-c0480da83794}, {link=http://rdfdata.eionet.europa.eu/inspirethemes/themes/8}, {link=urn:ogc:def:crs:EPSG::5709}]
errors:
-------
feature call (loop) failed at index: 1
caller: classpath:InspireTest/ngr/datasetrecords/def/checkxlinkurl.template.feature
arg: {"link":"http://rdfdata.eionet.europa.eu/inspirethemes/themes/8"}
checkxlinkurl.template.feature:15 - status code was: 404, expected: 200, response time: 192, url: http://rdfdata.eionet.europa.eu/inspirethemes/themes/8, response: 
-------
feature call (loop) failed at index: 2
caller: classpath:InspireTest/ngr/datasetrecords/def/checkxlinkurl.template.feature
arg: {"link":"urn:ogc:def:crs:EPSG::5709"}
checkxlinkurl.template.feature:14 - 
org.apache.http.client.ClientProtocolException: URI does not specify a valid host name: urn:ogc:def:crs:EPSG::5709
[1.35:16] ngr-check-dataset-record.feature:80 - feature call (loop) failed: classpath:InspireTest/ngr/datasetrecords/def/checkxlinkurl.template.feature
caller: classpath:InspireTest/ngr/datasetrecords/ngr-check-dataset-record.feature
items: [{link=http://kadaster/06b6c650-cdb1-11dd-ad8b-0800200c9a76}]
errors:
-------
feature call (loop) failed at index: 0
caller: classpath:InspireTest/ngr/datasetrecords/def/checkxlinkurl.template.feature
arg: {"link":"http://kadaster/06b6c650-cdb1-11dd-ad8b-0800200c9a76"}
checkxlinkurl.template.feature:14 - 
java.net.UnknownHostException: kadaster
[1.36:16] ngr-check-dataset-record.feature:80 - feature call (loop) failed: classpath:InspireTest/ngr/datasetrecords/def/checkxlinkurl.template.feature
caller: classpath:InspireTest/ngr/datasetrecords/ngr-check-dataset-record.feature
items: [{link=http://www.opengis.net/def/crs/EPSG/0/https://www.opengis.net/def/crs/EPSG/0/4258}, {link=https://www.nationaalgeoregister.nl/geonetwork/srv/api/recordsbe6551de-a709-4c6d-a5e2-f63f0cf038ba}]
errors:
-------
feature call (loop) failed at index: 1
caller: classpath:InspireTest/ngr/datasetrecords/def/checkxlinkurl.template.feature
arg: {"link":"https://www.nationaalgeoregister.nl/geonetwork/srv/api/recordsbe6551de-a709-4c6d-a5e2-f63f0cf038ba"}
checkxlinkurl.template.feature:15 - status code was: 500, expected: 200, response time: 306, url: https://www.nationaalgeoregister.nl/geonetwork/srv/api/recordsbe6551de-a709-4c6d-a5e2-f63f0cf038ba, response: 
[1.37:16] ngr-check-dataset-record.feature:80 - feature call (loop) failed: classpath:InspireTest/ngr/datasetrecords/def/checkxlinkurl.template.feature
caller: classpath:InspireTest/ngr/datasetrecords/ngr-check-dataset-record.feature
items: [{link=https://nationaalgeoregister.nl/geonetwork/srv/resources7d716522-fa1a-43b4-99c0-3a3480f9e218}, {link=https://www.nationaalgeoregister.nl/geonetwork/srv/eng/thesaurus.download?ref=external.theme.inspire-theme}]
errors:
-------
feature call (loop) failed at index: 0
caller: classpath:InspireTest/ngr/datasetrecords/def/checkxlinkurl.template.feature
arg: {"link":"https://nationaalgeoregister.nl/geonetwork/srv/resources7d716522-fa1a-43b4-99c0-3a3480f9e218"}
checkxlinkurl.template.feature:15 - status code was: 404, expected: 200, response time: 268, url: https://nationaalgeoregister.nl/geonetwork/srv/resources7d716522-fa1a-43b4-99c0-3a3480f9e218, response: 
-------
feature call (loop) failed at index: 1
caller: classpath:InspireTest/ngr/datasetrecords/def/checkxlinkurl.template.feature
arg: {"link":"https://www.nationaalgeoregister.nl/geonetwork/srv/eng/thesaurus.download?ref=external.theme.inspire-theme"}
checkxlinkurl.template.feature:15 - status code was: 500, expected: 200, response time: 317, url: https://www.nationaalgeoregister.nl/geonetwork/srv/eng/thesaurus.download?ref=external.theme.inspire-theme, response: 
[1.38:16] ngr-check-dataset-record.feature:80 - feature call (loop) failed: classpath:InspireTest/ngr/datasetrecords/def/checkxlinkurl.template.feature
caller: classpath:InspireTest/ngr/datasetrecords/ngr-check-dataset-record.feature
items: [{link=http://www.opengis.net/def/crs/EPSG/0/http://www.opengis.net/def/crs/EPSG/0/4258}, {link=http://kadaster/1d32fc50-cd5b-4425-b0df-16c7c7940e94}]
errors:
-------
feature call (loop) failed at index: 1
caller: classpath:InspireTest/ngr/datasetrecords/def/checkxlinkurl.template.feature
arg: {"link":"http://kadaster/1d32fc50-cd5b-4425-b0df-16c7c7940e94"}
checkxlinkurl.template.feature:14 - 
java.net.UnknownHostException: kadaster
[1.39:16] ngr-check-dataset-record.feature:80 - feature call (loop) failed: classpath:InspireTest/ngr/datasetrecords/def/checkxlinkurl.template.feature
caller: classpath:InspireTest/ngr/datasetrecords/ngr-check-dataset-record.feature
items: [{link=https://data.rivm.nl/inspire/id#1de92b14-bc21-4f33-b0de-abd325e61804}]
errors:
-------
feature call (loop) failed at index: 0
caller: classpath:InspireTest/ngr/datasetrecords/def/checkxlinkurl.template.feature
arg: {"link":"https://data.rivm.nl/inspire/id#1de92b14-bc21-4f33-b0de-abd325e61804"}
checkxlinkurl.template.feature:14 - 
javax.net.ssl.SSLException: Connection reset
[1.40:16] ngr-check-dataset-record.feature:80 - feature call (loop) failed: classpath:InspireTest/ngr/datasetrecords/def/checkxlinkurl.template.feature
caller: classpath:InspireTest/ngr/datasetrecords/ngr-check-dataset-record.feature
items: [{link=h}, {link=t}, {link=t}, {link=p}, {link=s}, {link=:}, {link=/}, {link=/}, {link=w}, {link=w}, {link=w}, {link=.}, {link=n}, {link=a}, {link=t}, {link=i}, {link=o}, {link=n}, {link=a}, {link=a}, {link=l}, {link=g}, {link=e}, {link=o}, {link=r}, {link=e}, {link=g}, {link=i}, {link=s}, {link=t}, {link=e}, {link=r}, {link=.}, {link=n}, {link=l}, {link=:}, {link=4}, {link=4}, {link=3}, {link=/}, {link=g}, {link=e}, {link=o}, {link=n}, {link=e}, {link=t}, {link=w}, {link=o}, {link=r}, {link=k}, {link=/}, {link=s}, {link=r}, {link=v}, {link=/}, {link=e}, {link=n}, {link=g}, {link=/}, {link=t}, {link=h}, {link=e}, {link=s}, {link=a}, {link=u}, {link=r}, {link=u}, {link=s}, {link=.}, {link=d}, {link=o}, {link=w}, {link=n}, {link=l}, {link=o}, {link=a}, {link=d}, {link=?}, {link=r}, {link=e}, {link=f}, {link==}, {link=e}, {link=x}, {link=t}, {link=e}, {link=r}, {link=n}, {link=a}, {link=l}, {link=.}, {link=t}, {link=h}, {link=e}, {link=m}, {link=e}, {link=.}, {link=h}, {link=t}, {link=t}, {link=p}, {link=i}, {link=n}, {link=s}, {link=p}, {link=i}, {link=r}, {link=e}, {link=e}, {link=c}, {link=e}, {link=u}, {link=r}, {link=o}, {link=p}, {link=a}, {link=e}, {link=u}, {link=t}, {link=h}, {link=e}, {link=m}, {link=e}, {link=-}, {link=t}, {link=h}, {link=e}, {link=m}, {link=e}]
errors:
-------
feature call (loop) failed at index: 0
caller: classpath:InspireTest/ngr/datasetrecords/def/checkxlinkurl.template.feature
arg: {"link":"h"}
checkxlinkurl.template.feature:14 - 
org.apache.http.client.ClientProtocolException
-------
feature call (loop) failed at index: 1
caller: classpath:InspireTest/ngr/datasetrecords/def/checkxlinkurl.template.feature
arg: {"link":"t"}
checkxlinkurl.template.feature:14 - 
org.apache.http.client.ClientProtocolException
-------
feature call (loop) failed at index: 2
caller: classpath:InspireTest/ngr/datasetrecords/def/checkxlinkurl.template.feature
arg: {"link":"t"}
checkxlinkurl.template.feature:14 - 
org.apache.http.client.ClientProtocolException
-------
feature call (loop) failed at index: 3
caller: classpath:InspireTest/ngr/datasetrecords/def/checkxlinkurl.template.feature
arg: {"link":"p"}
checkxlinkurl.template.feature:14 - 
org.apache.http.client.ClientProtocolException
-------
feature call (loop) failed at index: 4
caller: classpath:InspireTest/ngr/datasetrecords/def/checkxlinkurl.template.feature
arg: {"link":"s"}
checkxlinkurl.template.feature:14 - 
org.apache.http.client.ClientProtocolException
-------
feature call (loop) failed at index: 5
caller: classpath:InspireTest/ngr/datasetrecords/def/checkxlinkurl.template.feature
arg: {"link":":"}
checkxlinkurl.template.feature:14 - java.net.URISyntaxException: Expected scheme name at index 0: :
-------
feature call (loop) failed at index: 6
caller: classpath:InspireTest/ngr/datasetrecords/def/checkxlinkurl.template.feature
arg: {"link":"/"}
checkxlinkurl.template.feature:14 - 
org.apache.http.client.ClientProtocolException
-------
feature call (loop) failed at index: 7
caller: classpath:InspireTest/ngr/datasetrecords/def/checkxlinkurl.template.feature
arg: {"link":"/"}
checkxlinkurl.template.feature:14 - 
org.apache.http.client.ClientProtocolException
-------
feature call (loop) failed at index: 8
caller: classpath:InspireTest/ngr/datasetrecords/def/checkxlinkurl.template.feature
arg: {"link":"w"}
checkxlinkurl.template.feature:14 - 
org.apache.http.client.ClientProtocolException
-------
feature call (loop) failed at index: 9
caller: classpath:InspireTest/ngr/datasetrecords/def/checkxlinkurl.template.feature
arg: {"link":"w"}
checkxlinkurl.template.feature:14 - 
org.apache.http.client.ClientProtocolException
-------
feature call (loop) failed at index: 10
caller: classpath:InspireTest/ngr/datasetrecords/def/checkxlinkurl.template.feature
arg: {"link":"w"}
checkxlinkurl.template.feature:14 - 
org.apache.http.client.ClientProtocolException
-------
feature call (loop) failed at index: 11
caller: classpath:InspireTest/ngr/datasetrecords/def/checkxlinkurl.template.feature
arg: {"link":"."}
checkxlinkurl.template.feature:14 - 
org.apache.http.client.ClientProtocolException
-------
feature call (loop) failed at index: 12
caller: classpath:InspireTest/ngr/datasetrecords/def/checkxlinkurl.template.feature
arg: {"link":"n"}
checkxlinkurl.template.feature:14 - 
org.apache.http.client.ClientProtocolException
-------
feature call (loop) failed at index: 13
caller: classpath:InspireTest/ngr/datasetrecords/def/checkxlinkurl.template.feature
arg: {"link":"a"}
checkxlinkurl.template.feature:14 - 
org.apache.http.client.ClientProtocolException
-------
feature call (loop) failed at index: 14
caller: classpath:InspireTest/ngr/datasetrecords/def/checkxlinkurl.template.feature
arg: {"link":"t"}
checkxlinkurl.template.feature:14 - 
org.apache.http.client.ClientProtocolException
-------
feature call (loop) failed at index: 15
caller: classpath:InspireTest/ngr/datasetrecords/def/checkxlinkurl.template.feature
arg: {"link":"i"}
checkxlinkurl.template.feature:14 - 
org.apache.http.client.ClientProtocolException
-------
feature call (loop) failed at index: 16
caller: classpath:InspireTest/ngr/datasetrecords/def/checkxlinkurl.template.feature
arg: {"link":"o"}
checkxlinkurl.template.feature:14 - 
org.apache.http.client.ClientProtocolException
-------
feature call (loop) failed at index: 17
caller: classpath:InspireTest/ngr/datasetrecords/def/checkxlinkurl.template.feature
arg: {"link":"n"}
checkxlinkurl.template.feature:14 - 
org.apache.http.client.ClientProtocolException
-------
feature call (loop) failed at index: 18
caller: classpath:InspireTest/ngr/datasetrecords/def/checkxlinkurl.template.feature
arg: {"link":"a"}
checkxlinkurl.template.feature:14 - 
org.apache.http.client.ClientProtocolException
-------
feature call (loop) failed at index: 19
caller: classpath:InspireTest/ngr/datasetrecords/def/checkxlinkurl.template.feature
arg: {"link":"a"}
checkxlinkurl.template.feature:14 - 
org.apache.http.client.ClientProtocolException
-------
feature call (loop) failed at index: 20
caller: classpath:InspireTest/ngr/datasetrecords/def/checkxlinkurl.template.feature
arg: {"link":"l"}
checkxlinkurl.template.feature:14 - 
org.apache.http.client.ClientProtocolException
-------
feature call (loop) failed at index: 21
caller: classpath:InspireTest/ngr/datasetrecords/def/checkxlinkurl.template.feature
arg: {"link":"g"}
checkxlinkurl.template.feature:14 - 
org.apache.http.client.ClientProtocolException
-------
feature call (loop) failed at index: 22
caller: classpath:InspireTest/ngr/datasetrecords/def/checkxlinkurl.template.feature
arg: {"link":"e"}
checkxlinkurl.template.feature:14 - 
org.apache.http.client.ClientProtocolException
-------
feature call (loop) failed at index: 23
caller: classpath:InspireTest/ngr/datasetrecords/def/checkxlinkurl.template.feature
arg: {"link":"o"}
checkxlinkurl.template.feature:14 - 
org.apache.http.client.ClientProtocolException
-------
feature call (loop) failed at index: 24
caller: classpath:InspireTest/ngr/datasetrecords/def/checkxlinkurl.template.feature
arg: {"link":"r"}
checkxlinkurl.template.feature:14 - 
org.apache.http.client.ClientProtocolException
-------
feature call (loop) failed at index: 25
caller: classpath:InspireTest/ngr/datasetrecords/def/checkxlinkurl.template.feature
arg: {"link":"e"}
checkxlinkurl.template.feature:14 - 
org.apache.http.client.ClientProtocolException
-------
feature call (loop) failed at index: 26
caller: classpath:InspireTest/ngr/datasetrecords/def/checkxlinkurl.template.feature
arg: {"link":"g"}
checkxlinkurl.template.feature:14 - 
org.apache.http.client.ClientProtocolException
-------
feature call (loop) failed at index: 27
caller: classpath:InspireTest/ngr/datasetrecords/def/checkxlinkurl.template.feature
arg: {"link":"i"}
checkxlinkurl.template.feature:14 - 
org.apache.http.client.ClientProtocolException
-------
feature call (loop) failed at index: 28
caller: classpath:InspireTest/ngr/datasetrecords/def/checkxlinkurl.template.feature
arg: {"link":"s"}
checkxlinkurl.template.feature:14 - 
org.apache.http.client.ClientProtocolException
-------
feature call (loop) failed at index: 29
caller: classpath:InspireTest/ngr/datasetrecords/def/checkxlinkurl.template.feature
arg: {"link":"t"}
checkxlinkurl.template.feature:14 - 
org.apache.http.client.ClientProtocolException
-------
feature call (loop) failed at index: 30
caller: classpath:InspireTest/ngr/datasetrecords/def/checkxlinkurl.template.feature
arg: {"link":"e"}
checkxlinkurl.template.feature:14 - 
org.apache.http.client.ClientProtocolException
-------
feature call (loop) failed at index: 31
caller: classpath:InspireTest/ngr/datasetrecords/def/checkxlinkurl.template.feature
arg: {"link":"r"}
checkxlinkurl.template.feature:14 - 
org.apache.http.client.ClientProtocolException
-------
feature call (loop) failed at index: 32
caller: classpath:InspireTest/ngr/datasetrecords/def/checkxlinkurl.template.feature
arg: {"link":"."}
checkxlinkurl.template.feature:14 - 
org.apache.http.client.ClientProtocolException
-------
feature call (loop) failed at index: 33
caller: classpath:InspireTest/ngr/datasetrecords/def/checkxlinkurl.template.feature
arg: {"link":"n"}
checkxlinkurl.template.feature:14 - 
org.apache.http.client.ClientProtocolException
-------
feature call (loop) failed at index: 34
caller: classpath:InspireTest/ngr/datasetrecords/def/checkxlinkurl.template.feature
arg: {"link":"l"}
checkxlinkurl.template.feature:14 - 
org.apache.http.client.ClientProtocolException
-------
feature call (loop) failed at index: 35
caller: classpath:InspireTest/ngr/datasetrecords/def/checkxlinkurl.template.feature
arg: {"link":":"}
checkxlinkurl.template.feature:14 - java.net.URISyntaxException: Expected scheme name at index 0: :
-------
feature call (loop) failed at index: 36
caller: classpath:InspireTest/ngr/datasetrecords/def/checkxlinkurl.template.feature
arg: {"link":"4"}
checkxlinkurl.template.feature:14 - 
org.apache.http.client.ClientProtocolException
-------
feature call (loop) failed at index: 37
caller: classpath:InspireTest/ngr/datasetrecords/def/checkxlinkurl.template.feature
arg: {"link":"4"}
checkxlinkurl.template.feature:14 - 
org.apache.http.client.ClientProtocolException
-------
feature call (loop) failed at index: 38
caller: classpath:InspireTest/ngr/datasetrecords/def/checkxlinkurl.template.feature
arg: {"link":"3"}
checkxlinkurl.template.feature:14 - 
org.apache.http.client.ClientProtocolException
-------
feature call (loop) failed at index: 39
caller: classpath:InspireTest/ngr/datasetrecords/def/checkxlinkurl.template.feature
arg: {"link":"/"}
checkxlinkurl.template.feature:14 - 
org.apache.http.client.ClientProtocolException
-------
feature call (loop) failed at index: 40
caller: classpath:InspireTest/ngr/datasetrecords/def/checkxlinkurl.template.feature
arg: {"link":"g"}
checkxlinkurl.template.feature:14 - 
org.apache.http.client.ClientProtocolException
-------
feature call (loop) failed at index: 41
caller: classpath:InspireTest/ngr/datasetrecords/def/checkxlinkurl.template.feature
arg: {"link":"e"}
checkxlinkurl.template.feature:14 - 
org.apache.http.client.ClientProtocolException
-------
feature call (loop) failed at index: 42
caller: classpath:InspireTest/ngr/datasetrecords/def/checkxlinkurl.template.feature
arg: {"link":"o"}
checkxlinkurl.template.feature:14 - 
org.apache.http.client.ClientProtocolException
-------
feature call (loop) failed at index: 43
caller: classpath:InspireTest/ngr/datasetrecords/def/checkxlinkurl.template.feature
arg: {"link":"n"}
checkxlinkurl.template.feature:14 - 
org.apache.http.client.ClientProtocolException
-------
feature call (loop) failed at index: 44
caller: classpath:InspireTest/ngr/datasetrecords/def/checkxlinkurl.template.feature
arg: {"link":"e"}
checkxlinkurl.template.feature:14 - 
org.apache.http.client.ClientProtocolException
-------
feature call (loop) failed at index: 45
caller: classpath:InspireTest/ngr/datasetrecords/def/checkxlinkurl.template.feature
arg: {"link":"t"}
checkxlinkurl.template.feature:14 - 
org.apache.http.client.ClientProtocolException
-------
feature call (loop) failed at index: 46
caller: classpath:InspireTest/ngr/datasetrecords/def/checkxlinkurl.template.feature
arg: {"link":"w"}
checkxlinkurl.template.feature:14 - 
org.apache.http.client.ClientProtocolException
-------
feature call (loop) failed at index: 47
caller: classpath:InspireTest/ngr/datasetrecords/def/checkxlinkurl.template.feature
arg: {"link":"o"}
checkxlinkurl.template.feature:14 - 
org.apache.http.client.ClientProtocolException
-------
feature call (loop) failed at index: 48
caller: classpath:InspireTest/ngr/datasetrecords/def/checkxlinkurl.template.feature
arg: {"link":"r"}
checkxlinkurl.template.feature:14 - 
org.apache.http.client.ClientProtocolException
-------
feature call (loop) failed at index: 49
caller: classpath:InspireTest/ngr/datasetrecords/def/checkxlinkurl.template.feature
arg: {"link":"k"}
checkxlinkurl.template.feature:14 - 
org.apache.http.client.ClientProtocolException
-------
feature call (loop) failed at index: 50
caller: classpath:InspireTest/ngr/datasetrecords/def/checkxlinkurl.template.feature
arg: {"link":"/"}
checkxlinkurl.template.feature:14 - 
org.apache.http.client.ClientProtocolException
-------
feature call (loop) failed at index: 51
caller: classpath:InspireTest/ngr/datasetrecords/def/checkxlinkurl.template.feature
arg: {"link":"s"}
checkxlinkurl.template.feature:14 - 
org.apache.http.client.ClientProtocolException
-------
feature call (loop) failed at index: 52
caller: classpath:InspireTest/ngr/datasetrecords/def/checkxlinkurl.template.feature
arg: {"link":"r"}
checkxlinkurl.template.feature:14 - 
org.apache.http.client.ClientProtocolException
-------
feature call (loop) failed at index: 53
caller: classpath:InspireTest/ngr/datasetrecords/def/checkxlinkurl.template.feature
arg: {"link":"v"}
checkxlinkurl.template.feature:14 - 
org.apache.http.client.ClientProtocolException
-------
feature call (loop) failed at index: 54
caller: classpath:InspireTest/ngr/datasetrecords/def/checkxlinkurl.template.feature
arg: {"link":"/"}
checkxlinkurl.template.feature:14 - 
org.apache.http.client.ClientProtocolException
-------
feature call (loop) failed at index: 55
caller: classpath:InspireTest/ngr/datasetrecords/def/checkxlinkurl.template.feature
arg: {"link":"e"}
checkxlinkurl.template.feature:14 - 
org.apache.http.client.ClientProtocolException
-------
feature call (loop) failed at index: 56
caller: classpath:InspireTest/ngr/datasetrecords/def/checkxlinkurl.template.feature
arg: {"link":"n"}
checkxlinkurl.template.feature:14 - 
org.apache.http.client.ClientProtocolException
-------
feature call (loop) failed at index: 57
caller: classpath:InspireTest/ngr/datasetrecords/def/checkxlinkurl.template.feature
arg: {"link":"g"}
checkxlinkurl.template.feature:14 - 
org.apache.http.client.ClientProtocolException
-------
feature call (loop) failed at index: 58
caller: classpath:InspireTest/ngr/datasetrecords/def/checkxlinkurl.template.feature
arg: {"link":"/"}
checkxlinkurl.template.feature:14 - 
org.apache.http.client.ClientProtocolException
-------
feature call (loop) failed at index: 59
caller: classpath:InspireTest/ngr/datasetrecords/def/checkxlinkurl.template.feature
arg: {"link":"t"}
checkxlinkurl.template.feature:14 - 
org.apache.http.client.ClientProtocolException
-------
feature call (loop) failed at index: 60
caller: classpath:InspireTest/ngr/datasetrecords/def/checkxlinkurl.template.feature
arg: {"link":"h"}
checkxlinkurl.template.feature:14 - 
org.apache.http.client.ClientProtocolException
-------
feature call (loop) failed at index: 61
caller: classpath:InspireTest/ngr/datasetrecords/def/checkxlinkurl.template.feature
arg: {"link":"e"}
checkxlinkurl.template.feature:14 - 
org.apache.http.client.ClientProtocolException
-------
feature call (loop) failed at index: 62
caller: classpath:InspireTest/ngr/datasetrecords/def/checkxlinkurl.template.feature
arg: {"link":"s"}
checkxlinkurl.template.feature:14 - 
org.apache.http.client.ClientProtocolException
-------
feature call (loop) failed at index: 63
caller: classpath:InspireTest/ngr/datasetrecords/def/checkxlinkurl.template.feature
arg: {"link":"a"}
checkxlinkurl.template.feature:14 - 
org.apache.http.client.ClientProtocolException
-------
feature call (loop) failed at index: 64
caller: classpath:InspireTest/ngr/datasetrecords/def/checkxlinkurl.template.feature
arg: {"link":"u"}
checkxlinkurl.template.feature:14 - 
org.apache.http.client.ClientProtocolException
-------
feature call (loop) failed at index: 65
caller: classpath:InspireTest/ngr/datasetrecords/def/checkxlinkurl.template.feature
arg: {"link":"r"}
checkxlinkurl.template.feature:14 - 
org.apache.http.client.ClientProtocolException
-------
feature call (loop) failed at index: 66
caller: classpath:InspireTest/ngr/datasetrecords/def/checkxlinkurl.template.feature
arg: {"link":"u"}
checkxlinkurl.template.feature:14 - 
org.apache.http.client.ClientProtocolException
-------
feature call (loop) failed at index: 67
caller: classpath:InspireTest/ngr/datasetrecords/def/checkxlinkurl.template.feature
arg: {"link":"s"}
checkxlinkurl.template.feature:14 - 
org.apache.http.client.ClientProtocolException
-------
feature call (loop) failed at index: 68
caller: classpath:InspireTest/ngr/datasetrecords/def/checkxlinkurl.template.feature
arg: {"link":"."}
checkxlinkurl.template.feature:14 - 
org.apache.http.client.ClientProtocolException
-------
feature call (loop) failed at index: 69
caller: classpath:InspireTest/ngr/datasetrecords/def/checkxlinkurl.template.feature
arg: {"link":"d"}
checkxlinkurl.template.feature:14 - 
org.apache.http.client.ClientProtocolException
-------
feature call (loop) failed at index: 70
caller: classpath:InspireTest/ngr/datasetrecords/def/checkxlinkurl.template.feature
arg: {"link":"o"}
checkxlinkurl.template.feature:14 - 
org.apache.http.client.ClientProtocolException
-------
feature call (loop) failed at index: 71
caller: classpath:InspireTest/ngr/datasetrecords/def/checkxlinkurl.template.feature
arg: {"link":"w"}
checkxlinkurl.template.feature:14 - 
org.apache.http.client.ClientProtocolException
-------
feature call (loop) failed at index: 72
caller: classpath:InspireTest/ngr/datasetrecords/def/checkxlinkurl.template.feature
arg: {"link":"n"}
checkxlinkurl.template.feature:14 - 
org.apache.http.client.ClientProtocolException
-------
feature call (loop) failed at index: 73
caller: classpath:InspireTest/ngr/datasetrecords/def/checkxlinkurl.template.feature
arg: {"link":"l"}
checkxlinkurl.template.feature:14 - 
org.apache.http.client.ClientProtocolException
-------
feature call (loop) failed at index: 74
caller: classpath:InspireTest/ngr/datasetrecords/def/checkxlinkurl.template.feature
arg: {"link":"o"}
checkxlinkurl.template.feature:14 - 
org.apache.http.client.ClientProtocolException
-------
feature call (loop) failed at index: 75
caller: classpath:InspireTest/ngr/datasetrecords/def/checkxlinkurl.template.feature
arg: {"link":"a"}
checkxlinkurl.template.feature:14 - 
org.apache.http.client.ClientProtocolException
-------
feature call (loop) failed at index: 76
caller: classpath:InspireTest/ngr/datasetrecords/def/checkxlinkurl.template.feature
arg: {"link":"d"}
checkxlinkurl.template.feature:14 - 
org.apache.http.client.ClientProtocolException
-------
feature call (loop) failed at index: 77
caller: classpath:InspireTest/ngr/datasetrecords/def/checkxlinkurl.template.feature
arg: {"link":"?"}
checkxlinkurl.template.feature:14 - 
org.apache.http.client.ClientProtocolException
-------
feature call (loop) failed at index: 78
caller: classpath:InspireTest/ngr/datasetrecords/def/checkxlinkurl.template.feature
arg: {"link":"r"}
checkxlinkurl.template.feature:14 - 
org.apache.http.client.ClientProtocolException
-------
feature call (loop) failed at index: 79
caller: classpath:InspireTest/ngr/datasetrecords/def/checkxlinkurl.template.feature
arg: {"link":"e"}
checkxlinkurl.template.feature:14 - 
org.apache.http.client.ClientProtocolException
-------
feature call (loop) failed at index: 80
caller: classpath:InspireTest/ngr/datasetrecords/def/checkxlinkurl.template.feature
arg: {"link":"f"}
checkxlinkurl.template.feature:14 - 
org.apache.http.client.ClientProtocolException
-------
feature call (loop) failed at index: 81
caller: classpath:InspireTest/ngr/datasetrecords/def/checkxlinkurl.template.feature
arg: {"link":"="}
checkxlinkurl.template.feature:14 - 
org.apache.http.client.ClientProtocolException
-------
feature call (loop) failed at index: 82
caller: classpath:InspireTest/ngr/datasetrecords/def/checkxlinkurl.template.feature
arg: {"link":"e"}
checkxlinkurl.template.feature:14 - 
org.apache.http.client.ClientProtocolException
-------
feature call (loop) failed at index: 83
caller: classpath:InspireTest/ngr/datasetrecords/def/checkxlinkurl.template.feature
arg: {"link":"x"}
checkxlinkurl.template.feature:14 - 
org.apache.http.client.ClientProtocolException
-------
feature call (loop) failed at index: 84
caller: classpath:InspireTest/ngr/datasetrecords/def/checkxlinkurl.template.feature
arg: {"link":"t"}
checkxlinkurl.template.feature:14 - 
org.apache.http.client.ClientProtocolException
-------
feature call (loop) failed at index: 85
caller: classpath:InspireTest/ngr/datasetrecords/def/checkxlinkurl.template.feature
arg: {"link":"e"}
checkxlinkurl.template.feature:14 - 
org.apache.http.client.ClientProtocolException
-------
feature call (loop) failed at index: 86
caller: classpath:InspireTest/ngr/datasetrecords/def/checkxlinkurl.template.feature
arg: {"link":"r"}
checkxlinkurl.template.feature:14 - 
org.apache.http.client.ClientProtocolException
-------
feature call (loop) failed at index: 87
caller: classpath:InspireTest/ngr/datasetrecords/def/checkxlinkurl.template.feature
arg: {"link":"n"}
checkxlinkurl.template.feature:14 - 
org.apache.http.client.ClientProtocolException
-------
feature call (loop) failed at index: 88
caller: classpath:InspireTest/ngr/datasetrecords/def/checkxlinkurl.template.feature
arg: {"link":"a"}
checkxlinkurl.template.feature:14 - 
org.apache.http.client.ClientProtocolException
-------
feature call (loop) failed at index: 89
caller: classpath:InspireTest/ngr/datasetrecords/def/checkxlinkurl.template.feature
arg: {"link":"l"}
checkxlinkurl.template.feature:14 - 
org.apache.http.client.ClientProtocolException
-------
feature call (loop) failed at index: 90
caller: classpath:InspireTest/ngr/datasetrecords/def/checkxlinkurl.template.feature
arg: {"link":"."}
checkxlinkurl.template.feature:14 - 
org.apache.http.client.ClientProtocolException
-------
feature call (loop) failed at index: 91
caller: classpath:InspireTest/ngr/datasetrecords/def/checkxlinkurl.template.feature
arg: {"link":"t"}
checkxlinkurl.template.feature:14 - 
org.apache.http.client.ClientProtocolException
-------
feature call (loop) failed at index: 92
caller: classpath:InspireTest/ngr/datasetrecords/def/checkxlinkurl.template.feature
arg: {"link":"h"}
checkxlinkurl.template.feature:14 - 
org.apache.http.client.ClientProtocolException
-------
feature call (loop) failed at index: 93
caller: classpath:InspireTest/ngr/datasetrecords/def/checkxlinkurl.template.feature
arg: {"link":"e"}
checkxlinkurl.template.feature:14 - 
org.apache.http.client.ClientProtocolException
-------
feature call (loop) failed at index: 94
caller: classpath:InspireTest/ngr/datasetrecords/def/checkxlinkurl.template.feature
arg: {"link":"m"}
checkxlinkurl.template.feature:14 - 
org.apache.http.client.ClientProtocolException
-------
feature call (loop) failed at index: 95
caller: classpath:InspireTest/ngr/datasetrecords/def/checkxlinkurl.template.feature
arg: {"link":"e"}
checkxlinkurl.template.feature:14 - 
org.apache.http.client.ClientProtocolException
-------
feature call (loop) failed at index: 96
caller: classpath:InspireTest/ngr/datasetrecords/def/checkxlinkurl.template.feature
arg: {"link":"."}
checkxlinkurl.template.feature:14 - 
org.apache.http.client.ClientProtocolException
-------
feature call (loop) failed at index: 97
caller: classpath:InspireTest/ngr/datasetrecords/def/checkxlinkurl.template.feature
arg: {"link":"h"}
checkxlinkurl.template.feature:14 - 
org.apache.http.client.ClientProtocolException
-------
feature call (loop) failed at index: 98
caller: classpath:InspireTest/ngr/datasetrecords/def/checkxlinkurl.template.feature
arg: {"link":"t"}
checkxlinkurl.template.feature:14 - 
org.apache.http.client.ClientProtocolException
-------
feature call (loop) failed at index: 99
caller: classpath:InspireTest/ngr/datasetrecords/def/checkxlinkurl.template.feature
arg: {"link":"t"}
checkxlinkurl.template.feature:14 - 
org.apache.http.client.ClientProtocolException
-------
feature call (loop) failed at index: 100
caller: classpath:InspireTest/ngr/datasetrecords/def/checkxlinkurl.template.feature
arg: {"link":"p"}
checkxlinkurl.template.feature:14 - 
org.apache.http.client.ClientProtocolException
-------
feature call (loop) failed at index: 101
caller: classpath:InspireTest/ngr/datasetrecords/def/checkxlinkurl.template.feature
arg: {"link":"i"}
checkxlinkurl.template.feature:14 - 
org.apache.http.client.ClientProtocolException
-------
feature call (loop) failed at index: 102
caller: classpath:InspireTest/ngr/datasetrecords/def/checkxlinkurl.template.feature
arg: {"link":"n"}
checkxlinkurl.template.feature:14 - 
org.apache.http.client.ClientProtocolException
-------
feature call (loop) failed at index: 103
caller: classpath:InspireTest/ngr/datasetrecords/def/checkxlinkurl.template.feature
arg: {"link":"s"}
checkxlinkurl.template.feature:14 - 
org.apache.http.client.ClientProtocolException
-------
feature call (loop) failed at index: 104
caller: classpath:InspireTest/ngr/datasetrecords/def/checkxlinkurl.template.feature
arg: {"link":"p"}
checkxlinkurl.template.feature:14 - 
org.apache.http.client.ClientProtocolException
-------
feature call (loop) failed at index: 105
caller: classpath:InspireTest/ngr/datasetrecords/def/checkxlinkurl.template.feature
arg: {"link":"i"}
checkxlinkurl.template.feature:14 - 
org.apache.http.client.ClientProtocolException
-------
feature call (loop) failed at index: 106
caller: classpath:InspireTest/ngr/datasetrecords/def/checkxlinkurl.template.feature
arg: {"link":"r"}
checkxlinkurl.template.feature:14 - 
org.apache.http.client.ClientProtocolException
-------
feature call (loop) failed at index: 107
caller: classpath:InspireTest/ngr/datasetrecords/def/checkxlinkurl.template.feature
arg: {"link":"e"}
checkxlinkurl.template.feature:14 - 
org.apache.http.client.ClientProtocolException
-------
feature call (loop) failed at index: 108
caller: classpath:InspireTest/ngr/datasetrecords/def/checkxlinkurl.template.feature
arg: {"link":"e"}
checkxlinkurl.template.feature:14 - 
org.apache.http.client.ClientProtocolException
-------
feature call (loop) failed at index: 109
caller: classpath:InspireTest/ngr/datasetrecords/def/checkxlinkurl.template.feature
arg: {"link":"c"}
checkxlinkurl.template.feature:14 - 
org.apache.http.client.ClientProtocolException
-------
feature call (loop) failed at index: 110
caller: classpath:InspireTest/ngr/datasetrecords/def/checkxlinkurl.template.feature
arg: {"link":"e"}
checkxlinkurl.template.feature:14 - 
org.apache.http.client.ClientProtocolException
-------
feature call (loop) failed at index: 111
caller: classpath:InspireTest/ngr/datasetrecords/def/checkxlinkurl.template.feature
arg: {"link":"u"}
checkxlinkurl.template.feature:14 - 
org.apache.http.client.ClientProtocolException
-------
feature call (loop) failed at index: 112
caller: classpath:InspireTest/ngr/datasetrecords/def/checkxlinkurl.template.feature
arg: {"link":"r"}
checkxlinkurl.template.feature:14 - 
org.apache.http.client.ClientProtocolException
-------
feature call (loop) failed at index: 113
caller: classpath:InspireTest/ngr/datasetrecords/def/checkxlinkurl.template.feature
arg: {"link":"o"}
checkxlinkurl.template.feature:14 - 
org.apache.http.client.ClientProtocolException
-------
feature call (loop) failed at index: 114
caller: classpath:InspireTest/ngr/datasetrecords/def/checkxlinkurl.template.feature
arg: {"link":"p"}
checkxlinkurl.template.feature:14 - 
org.apache.http.client.ClientProtocolException
-------
feature call (loop) failed at index: 115
caller: classpath:InspireTest/ngr/datasetrecords/def/checkxlinkurl.template.feature
arg: {"link":"a"}
checkxlinkurl.template.feature:14 - 
org.apache.http.client.ClientProtocolException
-------
feature call (loop) failed at index: 116
caller: classpath:InspireTest/ngr/datasetrecords/def/checkxlinkurl.template.feature
arg: {"link":"e"}
checkxlinkurl.template.feature:14 - 
org.apache.http.client.ClientProtocolException
-------
feature call (loop) failed at index: 117
caller: classpath:InspireTest/ngr/datasetrecords/def/checkxlinkurl.template.feature
arg: {"link":"u"}
checkxlinkurl.template.feature:14 - 
org.apache.http.client.ClientProtocolException
-------
feature call (loop) failed at index: 118
caller: classpath:InspireTest/ngr/datasetrecords/def/checkxlinkurl.template.feature
arg: {"link":"t"}
checkxlinkurl.template.feature:14 - 
org.apache.http.client.ClientProtocolException
-------
feature call (loop) failed at index: 119
caller: classpath:InspireTest/ngr/datasetrecords/def/checkxlinkurl.template.feature
arg: {"link":"h"}
checkxlinkurl.template.feature:14 - 
org.apache.http.client.ClientProtocolException
-------
feature call (loop) failed at index: 120
caller: classpath:InspireTest/ngr/datasetrecords/def/checkxlinkurl.template.feature
arg: {"link":"e"}
checkxlinkurl.template.feature:14 - 
org.apache.http.client.ClientProtocolException
-------
feature call (loop) failed at index: 121
caller: classpath:InspireTest/ngr/datasetrecords/def/checkxlinkurl.template.feature
arg: {"link":"m"}
checkxlinkurl.template.feature:14 - 
org.apache.http.client.ClientProtocolException
-------
feature call (loop) failed at index: 122
caller: classpath:InspireTest/ngr/datasetrecords/def/checkxlinkurl.template.feature
arg: {"link":"e"}
checkxlinkurl.template.feature:14 - 
org.apache.http.client.ClientProtocolException
-------
feature call (loop) failed at index: 123
caller: classpath:InspireTest/ngr/datasetrecords/def/checkxlinkurl.template.feature
arg: {"link":"-"}
checkxlinkurl.template.feature:14 - 
org.apache.http.client.ClientProtocolException
-------
feature call (loop) failed at index: 124
caller: classpath:InspireTest/ngr/datasetrecords/def/checkxlinkurl.template.feature
arg: {"link":"t"}
checkxlinkurl.template.feature:14 - 
org.apache.http.client.ClientProtocolException
-------
feature call (loop) failed at index: 125
caller: classpath:InspireTest/ngr/datasetrecords/def/checkxlinkurl.template.feature
arg: {"link":"h"}
checkxlinkurl.template.feature:14 - 
org.apache.http.client.ClientProtocolException
-------
feature call (loop) failed at index: 126
caller: classpath:InspireTest/ngr/datasetrecords/def/checkxlinkurl.template.feature
arg: {"link":"e"}
checkxlinkurl.template.feature:14 - 
org.apache.http.client.ClientProtocolException
-------
feature call (loop) failed at index: 127
caller: classpath:InspireTest/ngr/datasetrecords/def/checkxlinkurl.template.feature
arg: {"link":"m"}
checkxlinkurl.template.feature:14 - 
org.apache.http.client.ClientProtocolException
-------
feature call (loop) failed at index: 128
caller: classpath:InspireTest/ngr/datasetrecords/def/checkxlinkurl.template.feature
arg: {"link":"e"}
checkxlinkurl.template.feature:14 - 
org.apache.http.client.ClientProtocolException
[1.41:16] ngr-check-dataset-record.feature:80 - feature call (loop) failed: classpath:InspireTest/ngr/datasetrecords/def/checkxlinkurl.template.feature
caller: classpath:InspireTest/ngr/datasetrecords/ngr-check-dataset-record.feature
items: [{link=http://www.opengis.net/def/crs/EPSG/0/http://www.opengis.net/def/crs/EPSG/0/4258}, {link=http://kadaster/7cdfa80a-cfbf-4324-978d-f1f141756b66}]
errors:
-------
feature call (loop) failed at index: 1
caller: classpath:InspireTest/ngr/datasetrecords/def/checkxlinkurl.template.feature
arg: {"link":"http://kadaster/7cdfa80a-cfbf-4324-978d-f1f141756b66"}
checkxlinkurl.template.feature:14 - 
java.net.UnknownHostException: kadaster
[1.42:16] ngr-check-dataset-record.feature:80 - feature call (loop) failed: classpath:InspireTest/ngr/datasetrecords/def/checkxlinkurl.template.feature
caller: classpath:InspireTest/ngr/datasetrecords/ngr-check-dataset-record.feature
items: [{link=https://www.nationaalgeoregister.nl/geonetwork/srv/api/records58d39928-f502-48c9-a8c1-03244dc181bf}]
errors:
-------
feature call (loop) failed at index: 0
caller: classpath:InspireTest/ngr/datasetrecords/def/checkxlinkurl.template.feature
arg: {"link":"https://www.nationaalgeoregister.nl/geonetwork/srv/api/records58d39928-f502-48c9-a8c1-03244dc181bf"}
checkxlinkurl.template.feature:15 - status code was: 500, expected: 200, response time: 320, url: https://www.nationaalgeoregister.nl/geonetwork/srv/api/records58d39928-f502-48c9-a8c1-03244dc181bf, response: 
[1.43:16] ngr-check-dataset-record.feature:80 - feature call (loop) failed: classpath:InspireTest/ngr/datasetrecords/def/checkxlinkurl.template.feature
caller: classpath:InspireTest/ngr/datasetrecords/ngr-check-dataset-record.feature
items: [{link=https://www.nationaalgeoregister.nl/geonetwork/srv/dut/catalog.search#/metadata/25294679-adb9-4c39-a93b-6954ff9414ac}, {link=http://rdfdata.eionet.europa.eu/inspirethemes/themes/20}, {link=http://rdfdata.eionet.europa.eu/inspirethemes/themes/28}, {link=urn:ogc:def:crs:EPSG::5709}]
errors:
-------
feature call (loop) failed at index: 1
caller: classpath:InspireTest/ngr/datasetrecords/def/checkxlinkurl.template.feature
arg: {"link":"http://rdfdata.eionet.europa.eu/inspirethemes/themes/20"}
checkxlinkurl.template.feature:15 - status code was: 404, expected: 200, response time: 191, url: http://rdfdata.eionet.europa.eu/inspirethemes/themes/20, response: 
-------
feature call (loop) failed at index: 2
caller: classpath:InspireTest/ngr/datasetrecords/def/checkxlinkurl.template.feature
arg: {"link":"http://rdfdata.eionet.europa.eu/inspirethemes/themes/28"}
checkxlinkurl.template.feature:15 - status code was: 404, expected: 200, response time: 191, url: http://rdfdata.eionet.europa.eu/inspirethemes/themes/28, response: 
-------
feature call (loop) failed at index: 3
caller: classpath:InspireTest/ngr/datasetrecords/def/checkxlinkurl.template.feature
arg: {"link":"urn:ogc:def:crs:EPSG::5709"}
checkxlinkurl.template.feature:14 - 
org.apache.http.client.ClientProtocolException: URI does not specify a valid host name: urn:ogc:def:crs:EPSG::5709
[1.45:16] ngr-check-dataset-record.feature:80 - feature call (loop) failed: classpath:InspireTest/ngr/datasetrecords/def/checkxlinkurl.template.feature
caller: classpath:InspireTest/ngr/datasetrecords/ngr-check-dataset-record.feature
items: [{link=http://www.opengis.net/def/crs/EPSG/0/http://www.opengis.net/def/crs/EPSG/0/4258}, {link=http://kadaster/80b2d12c-32be-54fg-b6d3—34f4ffc06cf3}]
errors:
-------
feature call (loop) failed at index: 1
caller: classpath:InspireTest/ngr/datasetrecords/def/checkxlinkurl.template.feature
arg: {"link":"http://kadaster/80b2d12c-32be-54fg-b6d3\u201434f4ffc06cf3"}
checkxlinkurl.template.feature:14 - 
java.net.UnknownHostException: kadaster
[1.46:16] ngr-check-dataset-record.feature:80 - feature call (loop) failed: classpath:InspireTest/ngr/datasetrecords/def/checkxlinkurl.template.feature
caller: classpath:InspireTest/ngr/datasetrecords/ngr-check-dataset-record.feature
items: [{link=http://www.opengis.net/def/crs/EPSG/0/http://www.opengis.net/def/crs/EPSG/0/4258}, {link=http://kadaster/0f9b8c87-80a6-435f-b3b3-e07c3918d344}]
errors:
-------
feature call (loop) failed at index: 1
caller: classpath:InspireTest/ngr/datasetrecords/def/checkxlinkurl.template.feature
arg: {"link":"http://kadaster/0f9b8c87-80a6-435f-b3b3-e07c3918d344"}
checkxlinkurl.template.feature:14 - 
java.net.UnknownHostException: kadaster
[1.47:16] ngr-check-dataset-record.feature:80 - feature call (loop) failed: classpath:InspireTest/ngr/datasetrecords/def/checkxlinkurl.template.feature
caller: classpath:InspireTest/ngr/datasetrecords/ngr-check-dataset-record.feature
items: [{link=http://kadaster/2482250f-3b00-4439-9f93-f3118229b017}, {link=}, {link=}, {link=}]
errors:
-------
feature call (loop) failed at index: 0
caller: classpath:InspireTest/ngr/datasetrecords/def/checkxlinkurl.template.feature
arg: {"link":"http://kadaster/2482250f-3b00-4439-9f93-f3118229b017"}
checkxlinkurl.template.feature:14 - 
java.net.UnknownHostException: kadaster
-------
feature call (loop) failed at index: 1
caller: classpath:InspireTest/ngr/datasetrecords/def/checkxlinkurl.template.feature
arg: {"link":""}
checkxlinkurl.template.feature:14 - 
org.apache.http.client.ClientProtocolException
-------
feature call (loop) failed at index: 2
caller: classpath:InspireTest/ngr/datasetrecords/def/checkxlinkurl.template.feature
arg: {"link":""}
checkxlinkurl.template.feature:14 - 
org.apache.http.client.ClientProtocolException
-------
feature call (loop) failed at index: 3
caller: classpath:InspireTest/ngr/datasetrecords/def/checkxlinkurl.template.feature
arg: {"link":""}
checkxlinkurl.template.feature:14 - 
org.apache.http.client.ClientProtocolException
[1.48:16] ngr-check-dataset-record.feature:80 - feature call (loop) failed: classpath:InspireTest/ngr/datasetrecords/def/checkxlinkurl.template.feature
caller: classpath:InspireTest/ngr/datasetrecords/ngr-check-dataset-record.feature
items: [{link=https://data.rivm.nl/inspire/id#1e3a98db-5d5e-4e61-8b64-1d132ddb439e}]
errors:
-------
feature call (loop) failed at index: 0
caller: classpath:InspireTest/ngr/datasetrecords/def/checkxlinkurl.template.feature
arg: {"link":"https://data.rivm.nl/inspire/id#1e3a98db-5d5e-4e61-8b64-1d132ddb439e"}
checkxlinkurl.template.feature:14 - 
javax.net.ssl.SSLException: Connection reset
[1.49:16] ngr-check-dataset-record.feature:80 - feature call (loop) failed: classpath:InspireTest/ngr/datasetrecords/def/checkxlinkurl.template.feature
caller: classpath:InspireTest/ngr/datasetrecords/ngr-check-dataset-record.feature
items: [{link=h}, {link=t}, {link=t}, {link=p}, {link=:}, {link=/}, {link=/}, {link=s}, {link=t}, {link=a}, {link=n}, {link=d}, {link=a}, {link=r}, {link=d}, {link=s}, {link=.}, {link=i}, {link=s}, {link=o}, {link=.}, {link=o}, {link=r}, {link=g}, {link=/}, {link=i}, {link=t}, {link=t}, {link=f}, {link=/}, {link=P}, {link=u}, {link=b}, {link=l}, {link=i}, {link=c}, {link=l}, {link=y}, {link=A}, {link=v}, {link=a}, {link=i}, {link=l}, {link=a}, {link=b}, {link=l}, {link=e}, {link=S}, {link=t}, {link=a}, {link=n}, {link=d}, {link=a}, {link=r}, {link=d}, {link=s}, {link=/}, {link=I}, {link=S}, {link=O}, {link=_}, {link=1}, {link=9}, {link=1}, {link=3}, {link=9}, {link=_}, {link=S}, {link=c}, {link=h}, {link=e}, {link=m}, {link=a}, {link=s}, {link=/}, {link=r}, {link=e}, {link=s}, {link=o}, {link=u}, {link=r}, {link=c}, {link=e}, {link=s}, {link=/}, {link=u}, {link=o}, {link=m}, {link=/}, {link=g}, {link=m}, {link=x}, {link=U}, {link=o}, {link=m}, {link=.}, {link=x}, {link=m}, {link=l}, {link=#}, {link=m}]
errors:
-------
feature call (loop) failed at index: 0
caller: classpath:InspireTest/ngr/datasetrecords/def/checkxlinkurl.template.feature
arg: {"link":"h"}
checkxlinkurl.template.feature:14 - 
org.apache.http.client.ClientProtocolException
-------
feature call (loop) failed at index: 1
caller: classpath:InspireTest/ngr/datasetrecords/def/checkxlinkurl.template.feature
arg: {"link":"t"}
checkxlinkurl.template.feature:14 - 
org.apache.http.client.ClientProtocolException
-------
feature call (loop) failed at index: 2
caller: classpath:InspireTest/ngr/datasetrecords/def/checkxlinkurl.template.feature
arg: {"link":"t"}
checkxlinkurl.template.feature:14 - 
org.apache.http.client.ClientProtocolException
-------
feature call (loop) failed at index: 3
caller: classpath:InspireTest/ngr/datasetrecords/def/checkxlinkurl.template.feature
arg: {"link":"p"}
checkxlinkurl.template.feature:14 - 
org.apache.http.client.ClientProtocolException
-------
feature call (loop) failed at index: 4
caller: classpath:InspireTest/ngr/datasetrecords/def/checkxlinkurl.template.feature
arg: {"link":":"}
checkxlinkurl.template.feature:14 - java.net.URISyntaxException: Expected scheme name at index 0: :
-------
feature call (loop) failed at index: 5
caller: classpath:InspireTest/ngr/datasetrecords/def/checkxlinkurl.template.feature
arg: {"link":"/"}
checkxlinkurl.template.feature:14 - 
org.apache.http.client.ClientProtocolException
-------
feature call (loop) failed at index: 6
caller: classpath:InspireTest/ngr/datasetrecords/def/checkxlinkurl.template.feature
arg: {"link":"/"}
checkxlinkurl.template.feature:14 - 
org.apache.http.client.ClientProtocolException
-------
feature call (loop) failed at index: 7
caller: classpath:InspireTest/ngr/datasetrecords/def/checkxlinkurl.template.feature
arg: {"link":"s"}
checkxlinkurl.template.feature:14 - 
org.apache.http.client.ClientProtocolException
-------
feature call (loop) failed at index: 8
caller: classpath:InspireTest/ngr/datasetrecords/def/checkxlinkurl.template.feature
arg: {"link":"t"}
checkxlinkurl.template.feature:14 - 
org.apache.http.client.ClientProtocolException
-------
feature call (loop) failed at index: 9
caller: classpath:InspireTest/ngr/datasetrecords/def/checkxlinkurl.template.feature
arg: {"link":"a"}
checkxlinkurl.template.feature:14 - 
org.apache.http.client.ClientProtocolException
-------
feature call (loop) failed at index: 10
caller: classpath:InspireTest/ngr/datasetrecords/def/checkxlinkurl.template.feature
arg: {"link":"n"}
checkxlinkurl.template.feature:14 - 
org.apache.http.client.ClientProtocolException
-------
feature call (loop) failed at index: 11
caller: classpath:InspireTest/ngr/datasetrecords/def/checkxlinkurl.template.feature
arg: {"link":"d"}
checkxlinkurl.template.feature:14 - 
org.apache.http.client.ClientProtocolException
-------
feature call (loop) failed at index: 12
caller: classpath:InspireTest/ngr/datasetrecords/def/checkxlinkurl.template.feature
arg: {"link":"a"}
checkxlinkurl.template.feature:14 - 
org.apache.http.client.ClientProtocolException
-------
feature call (loop) failed at index: 13
caller: classpath:InspireTest/ngr/datasetrecords/def/checkxlinkurl.template.feature
arg: {"link":"r"}
checkxlinkurl.template.feature:14 - 
org.apache.http.client.ClientProtocolException
-------
feature call (loop) failed at index: 14
caller: classpath:InspireTest/ngr/datasetrecords/def/checkxlinkurl.template.feature
arg: {"link":"d"}
checkxlinkurl.template.feature:14 - 
org.apache.http.client.ClientProtocolException
-------
feature call (loop) failed at index: 15
caller: classpath:InspireTest/ngr/datasetrecords/def/checkxlinkurl.template.feature
arg: {"link":"s"}
checkxlinkurl.template.feature:14 - 
org.apache.http.client.ClientProtocolException
-------
feature call (loop) failed at index: 16
caller: classpath:InspireTest/ngr/datasetrecords/def/checkxlinkurl.template.feature
arg: {"link":"."}
checkxlinkurl.template.feature:14 - 
org.apache.http.client.ClientProtocolException
-------
feature call (loop) failed at index: 17
caller: classpath:InspireTest/ngr/datasetrecords/def/checkxlinkurl.template.feature
arg: {"link":"i"}
checkxlinkurl.template.feature:14 - 
org.apache.http.client.ClientProtocolException
-------
feature call (loop) failed at index: 18
caller: classpath:InspireTest/ngr/datasetrecords/def/checkxlinkurl.template.feature
arg: {"link":"s"}
checkxlinkurl.template.feature:14 - 
org.apache.http.client.ClientProtocolException
-------
feature call (loop) failed at index: 19
caller: classpath:InspireTest/ngr/datasetrecords/def/checkxlinkurl.template.feature
arg: {"link":"o"}
checkxlinkurl.template.feature:14 - 
org.apache.http.client.ClientProtocolException
-------
feature call (loop) failed at index: 20
caller: classpath:InspireTest/ngr/datasetrecords/def/checkxlinkurl.template.feature
arg: {"link":"."}
checkxlinkurl.template.feature:14 - 
org.apache.http.client.ClientProtocolException
-------
feature call (loop) failed at index: 21
caller: classpath:InspireTest/ngr/datasetrecords/def/checkxlinkurl.template.feature
arg: {"link":"o"}
checkxlinkurl.template.feature:14 - 
org.apache.http.client.ClientProtocolException
-------
feature call (loop) failed at index: 22
caller: classpath:InspireTest/ngr/datasetrecords/def/checkxlinkurl.template.feature
arg: {"link":"r"}
checkxlinkurl.template.feature:14 - 
org.apache.http.client.ClientProtocolException
-------
feature call (loop) failed at index: 23
caller: classpath:InspireTest/ngr/datasetrecords/def/checkxlinkurl.template.feature
arg: {"link":"g"}
checkxlinkurl.template.feature:14 - 
org.apache.http.client.ClientProtocolException
-------
feature call (loop) failed at index: 24
caller: classpath:InspireTest/ngr/datasetrecords/def/checkxlinkurl.template.feature
arg: {"link":"/"}
checkxlinkurl.template.feature:14 - 
org.apache.http.client.ClientProtocolException
-------
feature call (loop) failed at index: 25
caller: classpath:InspireTest/ngr/datasetrecords/def/checkxlinkurl.template.feature
arg: {"link":"i"}
checkxlinkurl.template.feature:14 - 
org.apache.http.client.ClientProtocolException
-------
feature call (loop) failed at index: 26
caller: classpath:InspireTest/ngr/datasetrecords/def/checkxlinkurl.template.feature
arg: {"link":"t"}
checkxlinkurl.template.feature:14 - 
org.apache.http.client.ClientProtocolException
-------
feature call (loop) failed at index: 27
caller: classpath:InspireTest/ngr/datasetrecords/def/checkxlinkurl.template.feature
arg: {"link":"t"}
checkxlinkurl.template.feature:14 - 
org.apache.http.client.ClientProtocolException
-------
feature call (loop) failed at index: 28
caller: classpath:InspireTest/ngr/datasetrecords/def/checkxlinkurl.template.feature
arg: {"link":"f"}
checkxlinkurl.template.feature:14 - 
org.apache.http.client.ClientProtocolException
-------
feature call (loop) failed at index: 29
caller: classpath:InspireTest/ngr/datasetrecords/def/checkxlinkurl.template.feature
arg: {"link":"/"}
checkxlinkurl.template.feature:14 - 
org.apache.http.client.ClientProtocolException
-------
feature call (loop) failed at index: 30
caller: classpath:InspireTest/ngr/datasetrecords/def/checkxlinkurl.template.feature
arg: {"link":"P"}
checkxlinkurl.template.feature:14 - 
org.apache.http.client.ClientProtocolException
-------
feature call (loop) failed at index: 31
caller: classpath:InspireTest/ngr/datasetrecords/def/checkxlinkurl.template.feature
arg: {"link":"u"}
checkxlinkurl.template.feature:14 - 
org.apache.http.client.ClientProtocolException
-------
feature call (loop) failed at index: 32
caller: classpath:InspireTest/ngr/datasetrecords/def/checkxlinkurl.template.feature
arg: {"link":"b"}
checkxlinkurl.template.feature:14 - 
org.apache.http.client.ClientProtocolException
-------
feature call (loop) failed at index: 33
caller: classpath:InspireTest/ngr/datasetrecords/def/checkxlinkurl.template.feature
arg: {"link":"l"}
checkxlinkurl.template.feature:14 - 
org.apache.http.client.ClientProtocolException
-------
feature call (loop) failed at index: 34
caller: classpath:InspireTest/ngr/datasetrecords/def/checkxlinkurl.template.feature
arg: {"link":"i"}
checkxlinkurl.template.feature:14 - 
org.apache.http.client.ClientProtocolException
-------
feature call (loop) failed at index: 35
caller: classpath:InspireTest/ngr/datasetrecords/def/checkxlinkurl.template.feature
arg: {"link":"c"}
checkxlinkurl.template.feature:14 - 
org.apache.http.client.ClientProtocolException
-------
feature call (loop) failed at index: 36
caller: classpath:InspireTest/ngr/datasetrecords/def/checkxlinkurl.template.feature
arg: {"link":"l"}
checkxlinkurl.template.feature:14 - 
org.apache.http.client.ClientProtocolException
-------
feature call (loop) failed at index: 37
caller: classpath:InspireTest/ngr/datasetrecords/def/checkxlinkurl.template.feature
arg: {"link":"y"}
checkxlinkurl.template.feature:14 - 
org.apache.http.client.ClientProtocolException
-------
feature call (loop) failed at index: 38
caller: classpath:InspireTest/ngr/datasetrecords/def/checkxlinkurl.template.feature
arg: {"link":"A"}
checkxlinkurl.template.feature:14 - 
org.apache.http.client.ClientProtocolException
-------
feature call (loop) failed at index: 39
caller: classpath:InspireTest/ngr/datasetrecords/def/checkxlinkurl.template.feature
arg: {"link":"v"}
checkxlinkurl.template.feature:14 - 
org.apache.http.client.ClientProtocolException
-------
feature call (loop) failed at index: 40
caller: classpath:InspireTest/ngr/datasetrecords/def/checkxlinkurl.template.feature
arg: {"link":"a"}
checkxlinkurl.template.feature:14 - 
org.apache.http.client.ClientProtocolException
-------
feature call (loop) failed at index: 41
caller: classpath:InspireTest/ngr/datasetrecords/def/checkxlinkurl.template.feature
arg: {"link":"i"}
checkxlinkurl.template.feature:14 - 
org.apache.http.client.ClientProtocolException
-------
feature call (loop) failed at index: 42
caller: classpath:InspireTest/ngr/datasetrecords/def/checkxlinkurl.template.feature
arg: {"link":"l"}
checkxlinkurl.template.feature:14 - 
org.apache.http.client.ClientProtocolException
-------
feature call (loop) failed at index: 43
caller: classpath:InspireTest/ngr/datasetrecords/def/checkxlinkurl.template.feature
arg: {"link":"a"}
checkxlinkurl.template.feature:14 - 
org.apache.http.client.ClientProtocolException
-------
feature call (loop) failed at index: 44
caller: classpath:InspireTest/ngr/datasetrecords/def/checkxlinkurl.template.feature
arg: {"link":"b"}
checkxlinkurl.template.feature:14 - 
org.apache.http.client.ClientProtocolException
-------
feature call (loop) failed at index: 45
caller: classpath:InspireTest/ngr/datasetrecords/def/checkxlinkurl.template.feature
arg: {"link":"l"}
checkxlinkurl.template.feature:14 - 
org.apache.http.client.ClientProtocolException
-------
feature call (loop) failed at index: 46
caller: classpath:InspireTest/ngr/datasetrecords/def/checkxlinkurl.template.feature
arg: {"link":"e"}
checkxlinkurl.template.feature:14 - 
org.apache.http.client.ClientProtocolException
-------
feature call (loop) failed at index: 47
caller: classpath:InspireTest/ngr/datasetrecords/def/checkxlinkurl.template.feature
arg: {"link":"S"}
checkxlinkurl.template.feature:14 - 
org.apache.http.client.ClientProtocolException
-------
feature call (loop) failed at index: 48
caller: classpath:InspireTest/ngr/datasetrecords/def/checkxlinkurl.template.feature
arg: {"link":"t"}
checkxlinkurl.template.feature:14 - 
org.apache.http.client.ClientProtocolException
-------
feature call (loop) failed at index: 49
caller: classpath:InspireTest/ngr/datasetrecords/def/checkxlinkurl.template.feature
arg: {"link":"a"}
checkxlinkurl.template.feature:14 - 
org.apache.http.client.ClientProtocolException
-------
feature call (loop) failed at index: 50
caller: classpath:InspireTest/ngr/datasetrecords/def/checkxlinkurl.template.feature
arg: {"link":"n"}
checkxlinkurl.template.feature:14 - 
org.apache.http.client.ClientProtocolException
-------
feature call (loop) failed at index: 51
caller: classpath:InspireTest/ngr/datasetrecords/def/checkxlinkurl.template.feature
arg: {"link":"d"}
checkxlinkurl.template.feature:14 - 
org.apache.http.client.ClientProtocolException
-------
feature call (loop) failed at index: 52
caller: classpath:InspireTest/ngr/datasetrecords/def/checkxlinkurl.template.feature
arg: {"link":"a"}
checkxlinkurl.template.feature:14 - 
org.apache.http.client.ClientProtocolException
-------
feature call (loop) failed at index: 53
caller: classpath:InspireTest/ngr/datasetrecords/def/checkxlinkurl.template.feature
arg: {"link":"r"}
checkxlinkurl.template.feature:14 - 
org.apache.http.client.ClientProtocolException
-------
feature call (loop) failed at index: 54
caller: classpath:InspireTest/ngr/datasetrecords/def/checkxlinkurl.template.feature
arg: {"link":"d"}
checkxlinkurl.template.feature:14 - 
org.apache.http.client.ClientProtocolException
-------
feature call (loop) failed at index: 55
caller: classpath:InspireTest/ngr/datasetrecords/def/checkxlinkurl.template.feature
arg: {"link":"s"}
checkxlinkurl.template.feature:14 - 
org.apache.http.client.ClientProtocolException
-------
feature call (loop) failed at index: 56
caller: classpath:InspireTest/ngr/datasetrecords/def/checkxlinkurl.template.feature
arg: {"link":"/"}
checkxlinkurl.template.feature:14 - 
org.apache.http.client.ClientProtocolException
-------
feature call (loop) failed at index: 57
caller: classpath:InspireTest/ngr/datasetrecords/def/checkxlinkurl.template.feature
arg: {"link":"I"}
checkxlinkurl.template.feature:14 - 
org.apache.http.client.ClientProtocolException
-------
feature call (loop) failed at index: 58
caller: classpath:InspireTest/ngr/datasetrecords/def/checkxlinkurl.template.feature
arg: {"link":"S"}
checkxlinkurl.template.feature:14 - 
org.apache.http.client.ClientProtocolException
-------
feature call (loop) failed at index: 59
caller: classpath:InspireTest/ngr/datasetrecords/def/checkxlinkurl.template.feature
arg: {"link":"O"}
checkxlinkurl.template.feature:14 - 
org.apache.http.client.ClientProtocolException
-------
feature call (loop) failed at index: 60
caller: classpath:InspireTest/ngr/datasetrecords/def/checkxlinkurl.template.feature
arg: {"link":"_"}
checkxlinkurl.template.feature:14 - 
org.apache.http.client.ClientProtocolException
-------
feature call (loop) failed at index: 61
caller: classpath:InspireTest/ngr/datasetrecords/def/checkxlinkurl.template.feature
arg: {"link":"1"}
checkxlinkurl.template.feature:14 - 
org.apache.http.client.ClientProtocolException
-------
feature call (loop) failed at index: 62
caller: classpath:InspireTest/ngr/datasetrecords/def/checkxlinkurl.template.feature
arg: {"link":"9"}
checkxlinkurl.template.feature:14 - 
org.apache.http.client.ClientProtocolException
-------
feature call (loop) failed at index: 63
caller: classpath:InspireTest/ngr/datasetrecords/def/checkxlinkurl.template.feature
arg: {"link":"1"}
checkxlinkurl.template.feature:14 - 
org.apache.http.client.ClientProtocolException
-------
feature call (loop) failed at index: 64
caller: classpath:InspireTest/ngr/datasetrecords/def/checkxlinkurl.template.feature
arg: {"link":"3"}
checkxlinkurl.template.feature:14 - 
org.apache.http.client.ClientProtocolException
-------
feature call (loop) failed at index: 65
caller: classpath:InspireTest/ngr/datasetrecords/def/checkxlinkurl.template.feature
arg: {"link":"9"}
checkxlinkurl.template.feature:14 - 
org.apache.http.client.ClientProtocolException
-------
feature call (loop) failed at index: 66
caller: classpath:InspireTest/ngr/datasetrecords/def/checkxlinkurl.template.feature
arg: {"link":"_"}
checkxlinkurl.template.feature:14 - 
org.apache.http.client.ClientProtocolException
-------
feature call (loop) failed at index: 67
caller: classpath:InspireTest/ngr/datasetrecords/def/checkxlinkurl.template.feature
arg: {"link":"S"}
checkxlinkurl.template.feature:14 - 
org.apache.http.client.ClientProtocolException
-------
feature call (loop) failed at index: 68
caller: classpath:InspireTest/ngr/datasetrecords/def/checkxlinkurl.template.feature
arg: {"link":"c"}
checkxlinkurl.template.feature:14 - 
org.apache.http.client.ClientProtocolException
-------
feature call (loop) failed at index: 69
caller: classpath:InspireTest/ngr/datasetrecords/def/checkxlinkurl.template.feature
arg: {"link":"h"}
checkxlinkurl.template.feature:14 - 
org.apache.http.client.ClientProtocolException
-------
feature call (loop) failed at index: 70
caller: classpath:InspireTest/ngr/datasetrecords/def/checkxlinkurl.template.feature
arg: {"link":"e"}
checkxlinkurl.template.feature:14 - 
org.apache.http.client.ClientProtocolException
-------
feature call (loop) failed at index: 71
caller: classpath:InspireTest/ngr/datasetrecords/def/checkxlinkurl.template.feature
arg: {"link":"m"}
checkxlinkurl.template.feature:14 - 
org.apache.http.client.ClientProtocolException
-------
feature call (loop) failed at index: 72
caller: classpath:InspireTest/ngr/datasetrecords/def/checkxlinkurl.template.feature
arg: {"link":"a"}
checkxlinkurl.template.feature:14 - 
org.apache.http.client.ClientProtocolException
-------
feature call (loop) failed at index: 73
caller: classpath:InspireTest/ngr/datasetrecords/def/checkxlinkurl.template.feature
arg: {"link":"s"}
checkxlinkurl.template.feature:14 - 
org.apache.http.client.ClientProtocolException
-------
feature call (loop) failed at index: 74
caller: classpath:InspireTest/ngr/datasetrecords/def/checkxlinkurl.template.feature
arg: {"link":"/"}
checkxlinkurl.template.feature:14 - 
org.apache.http.client.ClientProtocolException
-------
feature call (loop) failed at index: 75
caller: classpath:InspireTest/ngr/datasetrecords/def/checkxlinkurl.template.feature
arg: {"link":"r"}
checkxlinkurl.template.feature:14 - 
org.apache.http.client.ClientProtocolException
-------
feature call (loop) failed at index: 76
caller: classpath:InspireTest/ngr/datasetrecords/def/checkxlinkurl.template.feature
arg: {"link":"e"}
checkxlinkurl.template.feature:14 - 
org.apache.http.client.ClientProtocolException
-------
feature call (loop) failed at index: 77
caller: classpath:InspireTest/ngr/datasetrecords/def/checkxlinkurl.template.feature
arg: {"link":"s"}
checkxlinkurl.template.feature:14 - 
org.apache.http.client.ClientProtocolException
-------
feature call (loop) failed at index: 78
caller: classpath:InspireTest/ngr/datasetrecords/def/checkxlinkurl.template.feature
arg: {"link":"o"}
checkxlinkurl.template.feature:14 - 
org.apache.http.client.ClientProtocolException
-------
feature call (loop) failed at index: 79
caller: classpath:InspireTest/ngr/datasetrecords/def/checkxlinkurl.template.feature
arg: {"link":"u"}
checkxlinkurl.template.feature:14 - 
org.apache.http.client.ClientProtocolException
-------
feature call (loop) failed at index: 80
caller: classpath:InspireTest/ngr/datasetrecords/def/checkxlinkurl.template.feature
arg: {"link":"r"}
checkxlinkurl.template.feature:14 - 
org.apache.http.client.ClientProtocolException
-------
feature call (loop) failed at index: 81
caller: classpath:InspireTest/ngr/datasetrecords/def/checkxlinkurl.template.feature
arg: {"link":"c"}
checkxlinkurl.template.feature:14 - 
org.apache.http.client.ClientProtocolException
-------
feature call (loop) failed at index: 82
caller: classpath:InspireTest/ngr/datasetrecords/def/checkxlinkurl.template.feature
arg: {"link":"e"}
checkxlinkurl.template.feature:14 - 
org.apache.http.client.ClientProtocolException
-------
feature call (loop) failed at index: 83
caller: classpath:InspireTest/ngr/datasetrecords/def/checkxlinkurl.template.feature
arg: {"link":"s"}
checkxlinkurl.template.feature:14 - 
org.apache.http.client.ClientProtocolException
-------
feature call (loop) failed at index: 84
caller: classpath:InspireTest/ngr/datasetrecords/def/checkxlinkurl.template.feature
arg: {"link":"/"}
checkxlinkurl.template.feature:14 - 
org.apache.http.client.ClientProtocolException
-------
feature call (loop) failed at index: 85
caller: classpath:InspireTest/ngr/datasetrecords/def/checkxlinkurl.template.feature
arg: {"link":"u"}
checkxlinkurl.template.feature:14 - 
org.apache.http.client.ClientProtocolException
-------
feature call (loop) failed at index: 86
caller: classpath:InspireTest/ngr/datasetrecords/def/checkxlinkurl.template.feature
arg: {"link":"o"}
checkxlinkurl.template.feature:14 - 
org.apache.http.client.ClientProtocolException
-------
feature call (loop) failed at index: 87
caller: classpath:InspireTest/ngr/datasetrecords/def/checkxlinkurl.template.feature
arg: {"link":"m"}
checkxlinkurl.template.feature:14 - 
org.apache.http.client.ClientProtocolException
-------
feature call (loop) failed at index: 88
caller: classpath:InspireTest/ngr/datasetrecords/def/checkxlinkurl.template.feature
arg: {"link":"/"}
checkxlinkurl.template.feature:14 - 
org.apache.http.client.ClientProtocolException
-------
feature call (loop) failed at index: 89
caller: classpath:InspireTest/ngr/datasetrecords/def/checkxlinkurl.template.feature
arg: {"link":"g"}
checkxlinkurl.template.feature:14 - 
org.apache.http.client.ClientProtocolException
-------
feature call (loop) failed at index: 90
caller: classpath:InspireTest/ngr/datasetrecords/def/checkxlinkurl.template.feature
arg: {"link":"m"}
checkxlinkurl.template.feature:14 - 
org.apache.http.client.ClientProtocolException
-------
feature call (loop) failed at index: 91
caller: classpath:InspireTest/ngr/datasetrecords/def/checkxlinkurl.template.feature
arg: {"link":"x"}
checkxlinkurl.template.feature:14 - 
org.apache.http.client.ClientProtocolException
-------
feature call (loop) failed at index: 92
caller: classpath:InspireTest/ngr/datasetrecords/def/checkxlinkurl.template.feature
arg: {"link":"U"}
checkxlinkurl.template.feature:14 - 
org.apache.http.client.ClientProtocolException
-------
feature call (loop) failed at index: 93
caller: classpath:InspireTest/ngr/datasetrecords/def/checkxlinkurl.template.feature
arg: {"link":"o"}
checkxlinkurl.template.feature:14 - 
org.apache.http.client.ClientProtocolException
-------
feature call (loop) failed at index: 94
caller: classpath:InspireTest/ngr/datasetrecords/def/checkxlinkurl.template.feature
arg: {"link":"m"}
checkxlinkurl.template.feature:14 - 
org.apache.http.client.ClientProtocolException
-------
feature call (loop) failed at index: 95
caller: classpath:InspireTest/ngr/datasetrecords/def/checkxlinkurl.template.feature
arg: {"link":"."}
checkxlinkurl.template.feature:14 - 
org.apache.http.client.ClientProtocolException
-------
feature call (loop) failed at index: 96
caller: classpath:InspireTest/ngr/datasetrecords/def/checkxlinkurl.template.feature
arg: {"link":"x"}
checkxlinkurl.template.feature:14 - 
org.apache.http.client.ClientProtocolException
-------
feature call (loop) failed at index: 97
caller: classpath:InspireTest/ngr/datasetrecords/def/checkxlinkurl.template.feature
arg: {"link":"m"}
checkxlinkurl.template.feature:14 - 
org.apache.http.client.ClientProtocolException
-------
feature call (loop) failed at index: 98
caller: classpath:InspireTest/ngr/datasetrecords/def/checkxlinkurl.template.feature
arg: {"link":"l"}
checkxlinkurl.template.feature:14 - 
org.apache.http.client.ClientProtocolException
-------
feature call (loop) failed at index: 99
caller: classpath:InspireTest/ngr/datasetrecords/def/checkxlinkurl.template.feature
arg: {"link":"#"}
checkxlinkurl.template.feature:14 - 
org.apache.http.client.ClientProtocolException
-------
feature call (loop) failed at index: 100
caller: classpath:InspireTest/ngr/datasetrecords/def/checkxlinkurl.template.feature
arg: {"link":"m"}
checkxlinkurl.template.feature:14 - 
org.apache.http.client.ClientProtocolException
[1.53:16] ngr-check-dataset-record.feature:80 - feature call (loop) failed: classpath:InspireTest/ngr/datasetrecords/def/checkxlinkurl.template.feature
caller: classpath:InspireTest/ngr/datasetrecords/ngr-check-dataset-record.feature
items: [{link=https://data.rivm.nl/inspire/id#6941b1f2-7ee6-4a1d-9cba-9071e3ca6cb3}]
errors:
-------
feature call (loop) failed at index: 0
caller: classpath:InspireTest/ngr/datasetrecords/def/checkxlinkurl.template.feature
arg: {"link":"https://data.rivm.nl/inspire/id#6941b1f2-7ee6-4a1d-9cba-9071e3ca6cb3"}
checkxlinkurl.template.feature:14 - 
javax.net.ssl.SSLException: Connection reset
[1.54:16] ngr-check-dataset-record.feature:80 - feature call (loop) failed: classpath:InspireTest/ngr/datasetrecords/def/checkxlinkurl.template.feature
caller: classpath:InspireTest/ngr/datasetrecords/ngr-check-dataset-record.feature
items: [{link=https://data.rivm.nl/inspire/id#36a7e8cb-8300-4602-93d2-135943365a6f}]
errors:
-------
feature call (loop) failed at index: 0
caller: classpath:InspireTest/ngr/datasetrecords/def/checkxlinkurl.template.feature
arg: {"link":"https://data.rivm.nl/inspire/id#36a7e8cb-8300-4602-93d2-135943365a6f"}
checkxlinkurl.template.feature:14 - 
javax.net.ssl.SSLException: Connection reset
[1.55:16] ngr-check-dataset-record.feature:80 - feature call (loop) failed: classpath:InspireTest/ngr/datasetrecords/def/checkxlinkurl.template.feature
caller: classpath:InspireTest/ngr/datasetrecords/ngr-check-dataset-record.feature
items: [{link=https://www.nationaalgeoregister.nl/geonetwork/srv/dut/catalog.search#/metadata/adn73c4a-ef03-4785-b7f6-942e86b385f5}, {link=http://rdfdata.eionet.europa.eu/inspirethemes/themes/10}, {link=urn:ogc:def:crs:EPSG::5709}]
errors:
-------
feature call (loop) failed at index: 1
caller: classpath:InspireTest/ngr/datasetrecords/def/checkxlinkurl.template.feature
arg: {"link":"http://rdfdata.eionet.europa.eu/inspirethemes/themes/10"}
checkxlinkurl.template.feature:15 - status code was: 404, expected: 200, response time: 193, url: http://rdfdata.eionet.europa.eu/inspirethemes/themes/10, response: 
-------
feature call (loop) failed at index: 2
caller: classpath:InspireTest/ngr/datasetrecords/def/checkxlinkurl.template.feature
arg: {"link":"urn:ogc:def:crs:EPSG::5709"}
checkxlinkurl.template.feature:14 - 
org.apache.http.client.ClientProtocolException: URI does not specify a valid host name: urn:ogc:def:crs:EPSG::5709
[1.57:16] ngr-check-dataset-record.feature:80 - feature call (loop) failed: classpath:InspireTest/ngr/datasetrecords/def/checkxlinkurl.template.feature
caller: classpath:InspireTest/ngr/datasetrecords/ngr-check-dataset-record.feature
items: [{link=http://www.opengis.net/def/crs/EPSG/0/http://www.opengis.net/def/crs/EPSG/0/3034}, {link=http://nationaalgeoregister.nl/geonetwork/srv/dut/csw?SERVICE=CSW&version=2.0.2&REQUEST=GetRecordById&elementSetName=full&OutputSchema=http://www.isotc211.org/2005/gmd&ID=c829abeb-bfac-4224-8332-e7a9a89e692e}, {link=https://creativecommons.org/publicdomain/mark/*/deed.nl}, {link=}]
errors:
-------
feature call (loop) failed at index: 2
caller: classpath:InspireTest/ngr/datasetrecords/def/checkxlinkurl.template.feature
arg: {"link":"https://creativecommons.org/publicdomain/mark/*/deed.nl"}
checkxlinkurl.template.feature:15 - status code was: 404, expected: 200, response time: 29, url: https://creativecommons.org/publicdomain/mark/*/deed.nl, response: 
-------
feature call (loop) failed at index: 3
caller: classpath:InspireTest/ngr/datasetrecords/def/checkxlinkurl.template.feature
arg: {"link":""}
checkxlinkurl.template.feature:14 - 
org.apache.http.client.ClientProtocolException
[1.58:16] ngr-check-dataset-record.feature:80 - feature call (loop) failed: classpath:InspireTest/ngr/datasetrecords/def/checkxlinkurl.template.feature
caller: classpath:InspireTest/ngr/datasetrecords/ngr-check-dataset-record.feature
items: [{link=http://www.opengis.net/def/crs/EPSG/0/http://www.opengis.net/def/crs/EPSG/0/3034}, {link=http://nationaalgeoregister.nl/geonetwork/srv/dut/csw?SERVICE=CSW&version=2.0.2&REQUEST=GetRecordById&elementSetName=full&OutputSchema=http://www.isotc211.org/2005/gmd&ID=34e6165f-1269-48d1-b255-0f05d163d692}, {link=https://creativecommons.org/publicdomain/mark/*/deed.nl}, {link=}]
errors:
-------
feature call (loop) failed at index: 2
caller: classpath:InspireTest/ngr/datasetrecords/def/checkxlinkurl.template.feature
arg: {"link":"https://creativecommons.org/publicdomain/mark/*/deed.nl"}
checkxlinkurl.template.feature:15 - status code was: 404, expected: 200, response time: 36, url: https://creativecommons.org/publicdomain/mark/*/deed.nl, response: 
-------
feature call (loop) failed at index: 3
caller: classpath:InspireTest/ngr/datasetrecords/def/checkxlinkurl.template.feature
arg: {"link":""}
checkxlinkurl.template.feature:14 - 
org.apache.http.client.ClientProtocolException
[1.59:16] ngr-check-dataset-record.feature:80 - feature call (loop) failed: classpath:InspireTest/ngr/datasetrecords/def/checkxlinkurl.template.feature
caller: classpath:InspireTest/ngr/datasetrecords/ngr-check-dataset-record.feature
items: [{link=http://www.opengis.net/def/crs/EPSG/0/http://www.opengis.net/def/crs/EPSG/0/3034}, {link=http://nationaalgeoregister.nl/geonetwork/srv/dut/csw?SERVICE=CSW&version=2.0.2&REQUEST=GetRecordById&elementSetName=full&OutputSchema=http://www.isotc211.org/2005/gmd&ID=41023936-009d-48ec-a90d-c966895463c1}, {link=https://creativecommons.org/publicdomain/mark/*/deed.nl}, {link=}]
errors:
-------
feature call (loop) failed at index: 2
caller: classpath:InspireTest/ngr/datasetrecords/def/checkxlinkurl.template.feature
arg: {"link":"https://creativecommons.org/publicdomain/mark/*/deed.nl"}
checkxlinkurl.template.feature:15 - status code was: 404, expected: 200, response time: 36, url: https://creativecommons.org/publicdomain/mark/*/deed.nl, response: 
-------
feature call (loop) failed at index: 3
caller: classpath:InspireTest/ngr/datasetrecords/def/checkxlinkurl.template.feature
arg: {"link":""}
checkxlinkurl.template.feature:14 - 
org.apache.http.client.ClientProtocolException
[1.60:16] ngr-check-dataset-record.feature:80 - feature call (loop) failed: classpath:InspireTest/ngr/datasetrecords/def/checkxlinkurl.template.feature
caller: classpath:InspireTest/ngr/datasetrecords/ngr-check-dataset-record.feature
items: [{link=}]
errors:
-------
feature call (loop) failed at index: 0
caller: classpath:InspireTest/ngr/datasetrecords/def/checkxlinkurl.template.feature
arg: {"link":""}
checkxlinkurl.template.feature:14 - 
org.apache.http.client.ClientProtocolException
[1.61:16] ngr-check-dataset-record.feature:80 - feature call (loop) failed: classpath:InspireTest/ngr/datasetrecords/def/checkxlinkurl.template.feature
caller: classpath:InspireTest/ngr/datasetrecords/ngr-check-dataset-record.feature
items: [{link=https://www.nationaalgeoregister.nl/geonetwork/srv/dut/catalog.search#/metadata/eu-2c7040b-c448-451b-bf15-f2416ecaadd1}, {link=http://rdfdata.eionet.europa.eu/inspirethemes/themes/7}, {link=urn:ogc:def:crs:EPSG::5709}]
errors:
-------
feature call (loop) failed at index: 1
caller: classpath:InspireTest/ngr/datasetrecords/def/checkxlinkurl.template.feature
arg: {"link":"http://rdfdata.eionet.europa.eu/inspirethemes/themes/7"}
checkxlinkurl.template.feature:15 - status code was: 404, expected: 200, response time: 192, url: http://rdfdata.eionet.europa.eu/inspirethemes/themes/7, response: 
-------
feature call (loop) failed at index: 2
caller: classpath:InspireTest/ngr/datasetrecords/def/checkxlinkurl.template.feature
arg: {"link":"urn:ogc:def:crs:EPSG::5709"}
checkxlinkurl.template.feature:14 - 
org.apache.http.client.ClientProtocolException: URI does not specify a valid host name: urn:ogc:def:crs:EPSG::5709
[1.63:16] ngr-check-dataset-record.feature:80 - feature call (loop) failed: classpath:InspireTest/ngr/datasetrecords/def/checkxlinkurl.template.feature
caller: classpath:InspireTest/ngr/datasetrecords/ngr-check-dataset-record.feature
items: [{link=http://nationaalgeoregister.nl/geonetwork/srv/dut/csw?SERVICE=CSW&version=2.0.2&REQUEST=GetRecordById&elementSetName=full&OutputSchema=http://www.isotc211.org/2005/gmd&ID=2daad588-11ef-47de-9832-6fe2c3b93e6d}, {link=https://creativecommons.org/publicdomain/mark/*/deed.nl}, {link=}]
errors:
-------
feature call (loop) failed at index: 1
caller: classpath:InspireTest/ngr/datasetrecords/def/checkxlinkurl.template.feature
arg: {"link":"https://creativecommons.org/publicdomain/mark/*/deed.nl"}
checkxlinkurl.template.feature:15 - status code was: 404, expected: 200, response time: 27, url: https://creativecommons.org/publicdomain/mark/*/deed.nl, response: 
-------
feature call (loop) failed at index: 2
caller: classpath:InspireTest/ngr/datasetrecords/def/checkxlinkurl.template.feature
arg: {"link":""}
checkxlinkurl.template.feature:14 - 
org.apache.http.client.ClientProtocolException
[1.64:16] ngr-check-dataset-record.feature:80 - feature call (loop) failed: classpath:InspireTest/ngr/datasetrecords/def/checkxlinkurl.template.feature
caller: classpath:InspireTest/ngr/datasetrecords/ngr-check-dataset-record.feature
items: [{link=http://nationaalgeoregister.nl/geonetwork/srv/dut/csw?SERVICE=CSW&version=2.0.2&REQUEST=GetRecordById&elementSetName=full&OutputSchema=http://www.isotc211.org/2005/gmd&ID=bc2c53f6-c908-4d7c-a6c0-78d9a2855640}, {link=https://creativecommons.org/publicdomain/mark/*/deed.nl}, {link=}]
errors:
-------
feature call (loop) failed at index: 1
caller: classpath:InspireTest/ngr/datasetrecords/def/checkxlinkurl.template.feature
arg: {"link":"https://creativecommons.org/publicdomain/mark/*/deed.nl"}
checkxlinkurl.template.feature:15 - status code was: 404, expected: 200, response time: 26, url: https://creativecommons.org/publicdomain/mark/*/deed.nl, response: 
-------
feature call (loop) failed at index: 2
caller: classpath:InspireTest/ngr/datasetrecords/def/checkxlinkurl.template.feature
arg: {"link":""}
checkxlinkurl.template.feature:14 - 
org.apache.http.client.ClientProtocolException
[1.65:16] ngr-check-dataset-record.feature:80 - feature call (loop) failed: classpath:InspireTest/ngr/datasetrecords/def/checkxlinkurl.template.feature
caller: classpath:InspireTest/ngr/datasetrecords/ngr-check-dataset-record.feature
items: [{link=https://www.nationaalgeoregister.nl/geonetwork/srv/dut/catalog.search#/metadata/wt-f5eb-b09f-4f6d-8397-8878a1b86238}, {link=http://rdfdata.eionet.europa.eu/inspirethemes/themes/18}, {link=https://ngr.geocat.live/geonetwork/srv/eng/thesaurus.download?ref=external.theme.httpinspireeceuropaeumetadatacodelistPrioritydataset-Prioritydataset}]
errors:
-------
feature call (loop) failed at index: 1
caller: classpath:InspireTest/ngr/datasetrecords/def/checkxlinkurl.template.feature
arg: {"link":"http://rdfdata.eionet.europa.eu/inspirethemes/themes/18"}
checkxlinkurl.template.feature:15 - status code was: 404, expected: 200, response time: 192, url: http://rdfdata.eionet.europa.eu/inspirethemes/themes/18, response: 
-------
feature call (loop) failed at index: 2
caller: classpath:InspireTest/ngr/datasetrecords/def/checkxlinkurl.template.feature
arg: {"link":"https://ngr.geocat.live/geonetwork/srv/eng/thesaurus.download?ref=external.theme.httpinspireeceuropaeumetadatacodelistPrioritydataset-Prioritydataset"}
checkxlinkurl.template.feature:15 - status code was: 500, expected: 200, response time: 444, url: https://ngr.geocat.live/geonetwork/srv/eng/thesaurus.download?ref=external.theme.httpinspireeceuropaeumetadatacodelistPrioritydataset-Prioritydataset, response: 
[1.66:16] ngr-check-dataset-record.feature:80 - feature call (loop) failed: classpath:InspireTest/ngr/datasetrecords/def/checkxlinkurl.template.feature
caller: classpath:InspireTest/ngr/datasetrecords/ngr-check-dataset-record.feature
items: [{link=https://www.nationaalgeoregister.nl/geonetwork/srv/dut/catalog.search#/metadata/wt-3730-e750-485a-9c0c-39bf9be72cf9}, {link=http://rdfdata.eionet.europa.eu/inspirethemes/themes/18}, {link=https://ngr.geocat.live/geonetwork/srv/eng/thesaurus.download?ref=external.theme.httpinspireeceuropaeumetadatacodelistPrioritydataset-Prioritydataset}]
errors:
-------
feature call (loop) failed at index: 1
caller: classpath:InspireTest/ngr/datasetrecords/def/checkxlinkurl.template.feature
arg: {"link":"http://rdfdata.eionet.europa.eu/inspirethemes/themes/18"}
checkxlinkurl.template.feature:15 - status code was: 404, expected: 200, response time: 192, url: http://rdfdata.eionet.europa.eu/inspirethemes/themes/18, response: 
-------
feature call (loop) failed at index: 2
caller: classpath:InspireTest/ngr/datasetrecords/def/checkxlinkurl.template.feature
arg: {"link":"https://ngr.geocat.live/geonetwork/srv/eng/thesaurus.download?ref=external.theme.httpinspireeceuropaeumetadatacodelistPrioritydataset-Prioritydataset"}
checkxlinkurl.template.feature:15 - status code was: 500, expected: 200, response time: 333, url: https://ngr.geocat.live/geonetwork/srv/eng/thesaurus.download?ref=external.theme.httpinspireeceuropaeumetadatacodelistPrioritydataset-Prioritydataset, response: 
[1.67:16] ngr-check-dataset-record.feature:80 - feature call (loop) failed: classpath:InspireTest/ngr/datasetrecords/def/checkxlinkurl.template.feature
caller: classpath:InspireTest/ngr/datasetrecords/ngr-check-dataset-record.feature
items: [{link=http://www.opengis.net/def/crs/EPSG/0/http://www.opengis.net/def/crs/EPSG/0/3034}, {link=http://nationaalgeoregister.nl/geonetwork/srv/dut/csw?SERVICE=CSW&version=2.0.2&REQUEST=GetRecordById&elementSetName=full&OutputSchema=http://www.isotc211.org/2005/gmd&ID=998ba1dc-f6a6-49a3-a021-51f30d9b1d0e}, {link=https://creativecommons.org/publicdomain/mark/*/deed.nl}, {link=}]
errors:
-------
feature call (loop) failed at index: 2
caller: classpath:InspireTest/ngr/datasetrecords/def/checkxlinkurl.template.feature
arg: {"link":"https://creativecommons.org/publicdomain/mark/*/deed.nl"}
checkxlinkurl.template.feature:15 - status code was: 404, expected: 200, response time: 34, url: https://creativecommons.org/publicdomain/mark/*/deed.nl, response: 
-------
feature call (loop) failed at index: 3
caller: classpath:InspireTest/ngr/datasetrecords/def/checkxlinkurl.template.feature
arg: {"link":""}
checkxlinkurl.template.feature:14 - 
org.apache.http.client.ClientProtocolException
[1.68:16] ngr-check-dataset-record.feature:80 - feature call (loop) failed: classpath:InspireTest/ngr/datasetrecords/def/checkxlinkurl.template.feature
caller: classpath:InspireTest/ngr/datasetrecords/ngr-check-dataset-record.feature
items: [{link=http://www.opengis.net/def/crs/EPSG/0/http://www.opengis.net/def/crs/EPSG/0/3034}, {link=http://nationaalgeoregister.nl/geonetwork/srv/dut/csw?SERVICE=CSW&version=2.0.2&REQUEST=GetRecordById&elementSetName=full&OutputSchema=http://www.isotc211.org/2005/gmd&ID=c7d8d77b-8c47-4309-8c58-9b12b086407f}, {link=https://creativecommons.org/publicdomain/mark/*/deed.nl}, {link=}]
errors:
-------
feature call (loop) failed at index: 2
caller: classpath:InspireTest/ngr/datasetrecords/def/checkxlinkurl.template.feature
arg: {"link":"https://creativecommons.org/publicdomain/mark/*/deed.nl"}
checkxlinkurl.template.feature:15 - status code was: 404, expected: 200, response time: 21, url: https://creativecommons.org/publicdomain/mark/*/deed.nl, response: 
-------
feature call (loop) failed at index: 3
caller: classpath:InspireTest/ngr/datasetrecords/def/checkxlinkurl.template.feature
arg: {"link":""}
checkxlinkurl.template.feature:14 - 
org.apache.http.client.ClientProtocolException
[1.69:16] ngr-check-dataset-record.feature:80 - feature call (loop) failed: classpath:InspireTest/ngr/datasetrecords/def/checkxlinkurl.template.feature
caller: classpath:InspireTest/ngr/datasetrecords/ngr-check-dataset-record.feature
items: [{link=https://www.nationaalgeoregister.nl/geonetwork/srv/dut/catalog.search#/metadata/krw2006-68b5-4ff3-94a4-9c24109ffd5e}, {link=http://rdfdata.eionet.europa.eu/inspirethemes/themes/24}, {link=https://ngr.geocat.live/geonetwork/srv/eng/thesaurus.download?ref=external.theme.httpinspireeceuropaeumetadatacodelistPrioritydataset-Prioritydataset}, {link=urn:ogc:def:crs:EPSG::5709}]
errors:
-------
feature call (loop) failed at index: 1
caller: classpath:InspireTest/ngr/datasetrecords/def/checkxlinkurl.template.feature
arg: {"link":"http://rdfdata.eionet.europa.eu/inspirethemes/themes/24"}
checkxlinkurl.template.feature:15 - status code was: 404, expected: 200, response time: 191, url: http://rdfdata.eionet.europa.eu/inspirethemes/themes/24, response: 
-------
feature call (loop) failed at index: 2
caller: classpath:InspireTest/ngr/datasetrecords/def/checkxlinkurl.template.feature
arg: {"link":"https://ngr.geocat.live/geonetwork/srv/eng/thesaurus.download?ref=external.theme.httpinspireeceuropaeumetadatacodelistPrioritydataset-Prioritydataset"}
checkxlinkurl.template.feature:15 - status code was: 500, expected: 200, response time: 311, url: https://ngr.geocat.live/geonetwork/srv/eng/thesaurus.download?ref=external.theme.httpinspireeceuropaeumetadatacodelistPrioritydataset-Prioritydataset, response: 
-------
feature call (loop) failed at index: 3
caller: classpath:InspireTest/ngr/datasetrecords/def/checkxlinkurl.template.feature
arg: {"link":"urn:ogc:def:crs:EPSG::5709"}
checkxlinkurl.template.feature:14 - 
org.apache.http.client.ClientProtocolException: URI does not specify a valid host name: urn:ogc:def:crs:EPSG::5709
[1.70:16] ngr-check-dataset-record.feature:80 - feature call (loop) failed: classpath:InspireTest/ngr/datasetrecords/def/checkxlinkurl.template.feature
caller: classpath:InspireTest/ngr/datasetrecords/ngr-check-dataset-record.feature
items: [{link=https://www.nationaalgeoregister.nl/geonetwork/srv/dut/catalog.search#/metadata/710c381c-ab2d-45d5-a45d-af2eba811e5f}, {link=http://rdfdata.eionet.europa.eu/inspirethemes/themes/8}, {link=urn:ogc:def:crs:EPSG::5709}]
errors:
-------
feature call (loop) failed at index: 1
caller: classpath:InspireTest/ngr/datasetrecords/def/checkxlinkurl.template.feature
arg: {"link":"http://rdfdata.eionet.europa.eu/inspirethemes/themes/8"}
checkxlinkurl.template.feature:15 - status code was: 404, expected: 200, response time: 191, url: http://rdfdata.eionet.europa.eu/inspirethemes/themes/8, response: 
-------
feature call (loop) failed at index: 2
caller: classpath:InspireTest/ngr/datasetrecords/def/checkxlinkurl.template.feature
arg: {"link":"urn:ogc:def:crs:EPSG::5709"}
checkxlinkurl.template.feature:14 - 
org.apache.http.client.ClientProtocolException: URI does not specify a valid host name: urn:ogc:def:crs:EPSG::5709
[1.71:16] ngr-check-dataset-record.feature:80 - feature call (loop) failed: classpath:InspireTest/ngr/datasetrecords/def/checkxlinkurl.template.feature
caller: classpath:InspireTest/ngr/datasetrecords/ngr-check-dataset-record.feature
items: [{link=http://www.opengis.net/def/crs/EPSG/0/http://www.opengis.net/def/crs/EPSG/0/3034}, {link=http://nationaalgeoregister.nl/geonetwork/srv/dut/csw?SERVICE=CSW&version=2.0.2&REQUEST=GetRecordById&elementSetName=full&OutputSchema=http://www.isotc211.org/2005/gmd&ID=cc408b2d-09a6-4b2b-9aa3-b46bfe2f00a5}, {link=https://creativecommons.org/publicdomain/mark/*/deed.nl}, {link=}]
errors:
-------
feature call (loop) failed at index: 2
caller: classpath:InspireTest/ngr/datasetrecords/def/checkxlinkurl.template.feature
arg: {"link":"https://creativecommons.org/publicdomain/mark/*/deed.nl"}
checkxlinkurl.template.feature:15 - status code was: 404, expected: 200, response time: 36, url: https://creativecommons.org/publicdomain/mark/*/deed.nl, response: 
-------
feature call (loop) failed at index: 3
caller: classpath:InspireTest/ngr/datasetrecords/def/checkxlinkurl.template.feature
arg: {"link":""}
checkxlinkurl.template.feature:14 - 
org.apache.http.client.ClientProtocolException
[1.72:16] ngr-check-dataset-record.feature:80 - feature call (loop) failed: classpath:InspireTest/ngr/datasetrecords/def/checkxlinkurl.template.feature
caller: classpath:InspireTest/ngr/datasetrecords/ngr-check-dataset-record.feature
items: [{link=http://www.opengis.net/def/crs/EPSG/0/http://www.opengis.net/def/crs/EPSG/0/3034}, {link=http://nationaalgeoregister.nl/geonetwork/srv/dut/csw?SERVICE=CSW&version=2.0.2&REQUEST=GetRecordById&elementSetName=full&OutputSchema=http://www.isotc211.org/2005/gmd&ID=f0821bfe-5a0a-11e9-8647-d663bd873d93}, {link=https://creativecommons.org/publicdomain/mark/*/deed.nl}, {link=}]
errors:
-------
feature call (loop) failed at index: 2
caller: classpath:InspireTest/ngr/datasetrecords/def/checkxlinkurl.template.feature
arg: {"link":"https://creativecommons.org/publicdomain/mark/*/deed.nl"}
checkxlinkurl.template.feature:15 - status code was: 404, expected: 200, response time: 37, url: https://creativecommons.org/publicdomain/mark/*/deed.nl, response: 
-------
feature call (loop) failed at index: 3
caller: classpath:InspireTest/ngr/datasetrecords/def/checkxlinkurl.template.feature
arg: {"link":""}
checkxlinkurl.template.feature:14 - 
org.apache.http.client.ClientProtocolException
[1.73:16] ngr-check-dataset-record.feature:80 - feature call (loop) failed: classpath:InspireTest/ngr/datasetrecords/def/checkxlinkurl.template.feature
caller: classpath:InspireTest/ngr/datasetrecords/ngr-check-dataset-record.feature
items: [{link=https://www.nationaalgeoregister.nl/geonetwork/srv/dut/catalog.search#/metadata/10f9ec6-4464-462e-9765-83d90cefbeab}, {link=http://rdfdata.eionet.europa.eu/inspirethemes/themes/24}, {link=https://ngr.geocat.live/geonetwork/srv/eng/thesaurus.download?ref=external.theme.httpinspireeceuropaeumetadatacodelistPrioritydataset-Prioritydataset}, {link=urn:ogc:def:crs:EPSG::5709}]
errors:
-------
feature call (loop) failed at index: 1
caller: classpath:InspireTest/ngr/datasetrecords/def/checkxlinkurl.template.feature
arg: {"link":"http://rdfdata.eionet.europa.eu/inspirethemes/themes/24"}
checkxlinkurl.template.feature:15 - status code was: 404, expected: 200, response time: 195, url: http://rdfdata.eionet.europa.eu/inspirethemes/themes/24, response: 
-------
feature call (loop) failed at index: 2
caller: classpath:InspireTest/ngr/datasetrecords/def/checkxlinkurl.template.feature
arg: {"link":"https://ngr.geocat.live/geonetwork/srv/eng/thesaurus.download?ref=external.theme.httpinspireeceuropaeumetadatacodelistPrioritydataset-Prioritydataset"}
checkxlinkurl.template.feature:15 - status code was: 500, expected: 200, response time: 295, url: https://ngr.geocat.live/geonetwork/srv/eng/thesaurus.download?ref=external.theme.httpinspireeceuropaeumetadatacodelistPrioritydataset-Prioritydataset, response: 
-------
feature call (loop) failed at index: 3
caller: classpath:InspireTest/ngr/datasetrecords/def/checkxlinkurl.template.feature
arg: {"link":"urn:ogc:def:crs:EPSG::5709"}
checkxlinkurl.template.feature:14 - 
org.apache.http.client.ClientProtocolException: URI does not specify a valid host name: urn:ogc:def:crs:EPSG::5709
[1.74:16] ngr-check-dataset-record.feature:80 - feature call (loop) failed: classpath:InspireTest/ngr/datasetrecords/def/checkxlinkurl.template.feature
caller: classpath:InspireTest/ngr/datasetrecords/ngr-check-dataset-record.feature
items: [{link=https://www.nationaalgeoregister.nl/geonetwork/srv/dut/catalog.search#/metadata/2e31680f-68b5-4ff3-94a4-9c24109ffd5e}, {link=http://rdfdata.eionet.europa.eu/inspirethemes/themes/24}, {link=https://ngr.geocat.live/geonetwork/srv/eng/thesaurus.download?ref=external.theme.httpinspireeceuropaeumetadatacodelistPrioritydataset-Prioritydataset}, {link=urn:ogc:def:crs:EPSG::5709}]
errors:
-------
feature call (loop) failed at index: 1
caller: classpath:InspireTest/ngr/datasetrecords/def/checkxlinkurl.template.feature
arg: {"link":"http://rdfdata.eionet.europa.eu/inspirethemes/themes/24"}
checkxlinkurl.template.feature:15 - status code was: 404, expected: 200, response time: 191, url: http://rdfdata.eionet.europa.eu/inspirethemes/themes/24, response: 
-------
feature call (loop) failed at index: 2
caller: classpath:InspireTest/ngr/datasetrecords/def/checkxlinkurl.template.feature
arg: {"link":"https://ngr.geocat.live/geonetwork/srv/eng/thesaurus.download?ref=external.theme.httpinspireeceuropaeumetadatacodelistPrioritydataset-Prioritydataset"}
checkxlinkurl.template.feature:15 - status code was: 500, expected: 200, response time: 302, url: https://ngr.geocat.live/geonetwork/srv/eng/thesaurus.download?ref=external.theme.httpinspireeceuropaeumetadatacodelistPrioritydataset-Prioritydataset, response: 
-------
feature call (loop) failed at index: 3
caller: classpath:InspireTest/ngr/datasetrecords/def/checkxlinkurl.template.feature
arg: {"link":"urn:ogc:def:crs:EPSG::5709"}
checkxlinkurl.template.feature:14 - 
org.apache.http.client.ClientProtocolException: URI does not specify a valid host name: urn:ogc:def:crs:EPSG::5709
[1.75:16] ngr-check-dataset-record.feature:80 - feature call (loop) failed: classpath:InspireTest/ngr/datasetrecords/def/checkxlinkurl.template.feature
caller: classpath:InspireTest/ngr/datasetrecords/ngr-check-dataset-record.feature
items: [{link=https://www.nationaalgeoregister.nl/geonetwork/srv/dut/catalog.search#/metadata/622a632a-c57b-44a2-83a4-e51223d5f15g}, {link=http://rdfdata.eionet.europa.eu/inspirethemes/themes/24}, {link=https://ngr.geocat.live/geonetwork/srv/eng/thesaurus.download?ref=external.theme.httpinspireeceuropaeumetadatacodelistPrioritydataset-Prioritydataset}, {link=urn:ogc:def:crs:EPSG::5709}]
errors:
-------
feature call (loop) failed at index: 1
caller: classpath:InspireTest/ngr/datasetrecords/def/checkxlinkurl.template.feature
arg: {"link":"http://rdfdata.eionet.europa.eu/inspirethemes/themes/24"}
checkxlinkurl.template.feature:15 - status code was: 404, expected: 200, response time: 191, url: http://rdfdata.eionet.europa.eu/inspirethemes/themes/24, response: 
-------
feature call (loop) failed at index: 2
caller: classpath:InspireTest/ngr/datasetrecords/def/checkxlinkurl.template.feature
arg: {"link":"https://ngr.geocat.live/geonetwork/srv/eng/thesaurus.download?ref=external.theme.httpinspireeceuropaeumetadatacodelistPrioritydataset-Prioritydataset"}
checkxlinkurl.template.feature:15 - status code was: 500, expected: 200, response time: 314, url: https://ngr.geocat.live/geonetwork/srv/eng/thesaurus.download?ref=external.theme.httpinspireeceuropaeumetadatacodelistPrioritydataset-Prioritydataset, response: 
-------
feature call (loop) failed at index: 3
caller: classpath:InspireTest/ngr/datasetrecords/def/checkxlinkurl.template.feature
arg: {"link":"urn:ogc:def:crs:EPSG::5709"}
checkxlinkurl.template.feature:14 - 
org.apache.http.client.ClientProtocolException: URI does not specify a valid host name: urn:ogc:def:crs:EPSG::5709
[1.76:16] ngr-check-dataset-record.feature:80 - feature call (loop) failed: classpath:InspireTest/ngr/datasetrecords/def/checkxlinkurl.template.feature
caller: classpath:InspireTest/ngr/datasetrecords/ngr-check-dataset-record.feature
items: [{link=https://www.nationaalgeoregister.nl/geonetwork/srv/dut/catalog.search#/metadata/krw-f7bb2351-9788-42ea-a58b-a5ee1842304e}, {link=http://rdfdata.eionet.europa.eu/inspirethemes/themes/24}, {link=https://ngr.geocat.live/geonetwork/srv/eng/thesaurus.download?ref=external.theme.httpinspireeceuropaeumetadatacodelistPrioritydataset-Prioritydataset}, {link=urn:ogc:def:crs:EPSG::5709}]
errors:
-------
feature call (loop) failed at index: 1
caller: classpath:InspireTest/ngr/datasetrecords/def/checkxlinkurl.template.feature
arg: {"link":"http://rdfdata.eionet.europa.eu/inspirethemes/themes/24"}
checkxlinkurl.template.feature:15 - status code was: 404, expected: 200, response time: 194, url: http://rdfdata.eionet.europa.eu/inspirethemes/themes/24, response: 
-------
feature call (loop) failed at index: 2
caller: classpath:InspireTest/ngr/datasetrecords/def/checkxlinkurl.template.feature
arg: {"link":"https://ngr.geocat.live/geonetwork/srv/eng/thesaurus.download?ref=external.theme.httpinspireeceuropaeumetadatacodelistPrioritydataset-Prioritydataset"}
checkxlinkurl.template.feature:15 - status code was: 500, expected: 200, response time: 339, url: https://ngr.geocat.live/geonetwork/srv/eng/thesaurus.download?ref=external.theme.httpinspireeceuropaeumetadatacodelistPrioritydataset-Prioritydataset, response: 
-------
feature call (loop) failed at index: 3
caller: classpath:InspireTest/ngr/datasetrecords/def/checkxlinkurl.template.feature
arg: {"link":"urn:ogc:def:crs:EPSG::5709"}
checkxlinkurl.template.feature:14 - 
org.apache.http.client.ClientProtocolException: URI does not specify a valid host name: urn:ogc:def:crs:EPSG::5709
[1.77:16] ngr-check-dataset-record.feature:80 - feature call (loop) failed: classpath:InspireTest/ngr/datasetrecords/def/checkxlinkurl.template.feature
caller: classpath:InspireTest/ngr/datasetrecords/ngr-check-dataset-record.feature
items: [{link=https://www.nationaalgeoregister.nl/geonetwork/srv/dut/catalog.search#/metadata/a1960e70-22f4-4fd9-91a8-b605c6ceda3e}, {link=http://rdfdata.eionet.europa.eu/inspirethemes/themes/24}, {link=https://ngr.geocat.live/geonetwork/srv/eng/thesaurus.download?ref=external.theme.httpinspireeceuropaeumetadatacodelistPrioritydataset-Prioritydataset}]
errors:
-------
feature call (loop) failed at index: 1
caller: classpath:InspireTest/ngr/datasetrecords/def/checkxlinkurl.template.feature
arg: {"link":"http://rdfdata.eionet.europa.eu/inspirethemes/themes/24"}
checkxlinkurl.template.feature:15 - status code was: 404, expected: 200, response time: 195, url: http://rdfdata.eionet.europa.eu/inspirethemes/themes/24, response: 
-------
feature call (loop) failed at index: 2
caller: classpath:InspireTest/ngr/datasetrecords/def/checkxlinkurl.template.feature
arg: {"link":"https://ngr.geocat.live/geonetwork/srv/eng/thesaurus.download?ref=external.theme.httpinspireeceuropaeumetadatacodelistPrioritydataset-Prioritydataset"}
checkxlinkurl.template.feature:15 - status code was: 500, expected: 200, response time: 297, url: https://ngr.geocat.live/geonetwork/srv/eng/thesaurus.download?ref=external.theme.httpinspireeceuropaeumetadatacodelistPrioritydataset-Prioritydataset, response: 
[1.78:16] ngr-check-dataset-record.feature:80 - feature call (loop) failed: classpath:InspireTest/ngr/datasetrecords/def/checkxlinkurl.template.feature
caller: classpath:InspireTest/ngr/datasetrecords/ngr-check-dataset-record.feature
items: [{link=https://www.nationaalgeoregister.nl/geonetwork/srv/dut/catalog.search#/metadata/110f9ec6-4464-462e-9765-83d90cefbeag}, {link=http://rdfdata.eionet.europa.eu/inspirethemes/themes/24}, {link=https://ngr.geocat.live/geonetwork/srv/eng/thesaurus.download?ref=external.theme.httpinspireeceuropaeumetadatacodelistPrioritydataset-Prioritydataset}, {link=urn:ogc:def:crs:EPSG::5709}]
errors:
-------
feature call (loop) failed at index: 1
caller: classpath:InspireTest/ngr/datasetrecords/def/checkxlinkurl.template.feature
arg: {"link":"http://rdfdata.eionet.europa.eu/inspirethemes/themes/24"}
checkxlinkurl.template.feature:15 - status code was: 404, expected: 200, response time: 190, url: http://rdfdata.eionet.europa.eu/inspirethemes/themes/24, response: 
-------
feature call (loop) failed at index: 2
caller: classpath:InspireTest/ngr/datasetrecords/def/checkxlinkurl.template.feature
arg: {"link":"https://ngr.geocat.live/geonetwork/srv/eng/thesaurus.download?ref=external.theme.httpinspireeceuropaeumetadatacodelistPrioritydataset-Prioritydataset"}
checkxlinkurl.template.feature:15 - status code was: 500, expected: 200, response time: 303, url: https://ngr.geocat.live/geonetwork/srv/eng/thesaurus.download?ref=external.theme.httpinspireeceuropaeumetadatacodelistPrioritydataset-Prioritydataset, response: 
-------
feature call (loop) failed at index: 3
caller: classpath:InspireTest/ngr/datasetrecords/def/checkxlinkurl.template.feature
arg: {"link":"urn:ogc:def:crs:EPSG::5709"}
checkxlinkurl.template.feature:14 - 
org.apache.http.client.ClientProtocolException: URI does not specify a valid host name: urn:ogc:def:crs:EPSG::5709
[1.79:16] ngr-check-dataset-record.feature:80 - feature call (loop) failed: classpath:InspireTest/ngr/datasetrecords/def/checkxlinkurl.template.feature
caller: classpath:InspireTest/ngr/datasetrecords/ngr-check-dataset-record.feature
items: [{link=https://www.nationaalgeoregister.nl/geonetwork/srv/dut/catalog.search#/metadata/krw2006-c57b-44a2-83a4-e51223d5f15g}, {link=http://rdfdata.eionet.europa.eu/inspirethemes/themes/24}, {link=https://ngr.geocat.live/geonetwork/srv/eng/thesaurus.download?ref=external.theme.httpinspireeceuropaeumetadatacodelistPrioritydataset-Prioritydataset}, {link=urn:ogc:def:crs:EPSG::5709}]
errors:
-------
feature call (loop) failed at index: 1
caller: classpath:InspireTest/ngr/datasetrecords/def/checkxlinkurl.template.feature
arg: {"link":"http://rdfdata.eionet.europa.eu/inspirethemes/themes/24"}
checkxlinkurl.template.feature:15 - status code was: 404, expected: 200, response time: 192, url: http://rdfdata.eionet.europa.eu/inspirethemes/themes/24, response: 
-------
feature call (loop) failed at index: 2
caller: classpath:InspireTest/ngr/datasetrecords/def/checkxlinkurl.template.feature
arg: {"link":"https://ngr.geocat.live/geonetwork/srv/eng/thesaurus.download?ref=external.theme.httpinspireeceuropaeumetadatacodelistPrioritydataset-Prioritydataset"}
checkxlinkurl.template.feature:15 - status code was: 500, expected: 200, response time: 307, url: https://ngr.geocat.live/geonetwork/srv/eng/thesaurus.download?ref=external.theme.httpinspireeceuropaeumetadatacodelistPrioritydataset-Prioritydataset, response: 
-------
feature call (loop) failed at index: 3
caller: classpath:InspireTest/ngr/datasetrecords/def/checkxlinkurl.template.feature
arg: {"link":"urn:ogc:def:crs:EPSG::5709"}
checkxlinkurl.template.feature:14 - 
org.apache.http.client.ClientProtocolException: URI does not specify a valid host name: urn:ogc:def:crs:EPSG::5709
[1.80:16] ngr-check-dataset-record.feature:80 - feature call (loop) failed: classpath:InspireTest/ngr/datasetrecords/def/checkxlinkurl.template.feature
caller: classpath:InspireTest/ngr/datasetrecords/ngr-check-dataset-record.feature
items: [{link=https://www.nationaalgeoregister.nl/geonetwork/srv/dut/catalog.search#/metadata/110f9ec6-4464-462e-9765-83d90cefbeac}, {link=http://rdfdata.eionet.europa.eu/inspirethemes/themes/24}, {link=https://ngr.geocat.live/geonetwork/srv/eng/thesaurus.download?ref=external.theme.httpinspireeceuropaeumetadatacodelistPrioritydataset-Prioritydataset}]
errors:
-------
feature call (loop) failed at index: 1
caller: classpath:InspireTest/ngr/datasetrecords/def/checkxlinkurl.template.feature
arg: {"link":"http://rdfdata.eionet.europa.eu/inspirethemes/themes/24"}
checkxlinkurl.template.feature:15 - status code was: 404, expected: 200, response time: 190, url: http://rdfdata.eionet.europa.eu/inspirethemes/themes/24, response: 
-------
feature call (loop) failed at index: 2
caller: classpath:InspireTest/ngr/datasetrecords/def/checkxlinkurl.template.feature
arg: {"link":"https://ngr.geocat.live/geonetwork/srv/eng/thesaurus.download?ref=external.theme.httpinspireeceuropaeumetadatacodelistPrioritydataset-Prioritydataset"}
checkxlinkurl.template.feature:15 - status code was: 500, expected: 200, response time: 298, url: https://ngr.geocat.live/geonetwork/srv/eng/thesaurus.download?ref=external.theme.httpinspireeceuropaeumetadatacodelistPrioritydataset-Prioritydataset, response: 
[1.81:16] ngr-check-dataset-record.feature:80 - feature call (loop) failed: classpath:InspireTest/ngr/datasetrecords/def/checkxlinkurl.template.feature
caller: classpath:InspireTest/ngr/datasetrecords/ngr-check-dataset-record.feature
items: [{link=https://www.nationaalgeoregister.nl/geonetwork/srv/dut/catalog.search#/metadata/891ddc2d-8949-4a45-be96-c65b87c41f13}, {link=http://rdfdata.eionet.europa.eu/inspirethemes/themes/20}, {link=https://ngr.geocat.live/geonetwork/srv/eng/thesaurus.download?ref=external.theme.httpinspireeceuropaeumetadatacodelistPrioritydataset-Prioritydataset}]
errors:
-------
feature call (loop) failed at index: 1
caller: classpath:InspireTest/ngr/datasetrecords/def/checkxlinkurl.template.feature
arg: {"link":"http://rdfdata.eionet.europa.eu/inspirethemes/themes/20"}
checkxlinkurl.template.feature:15 - status code was: 404, expected: 200, response time: 194, url: http://rdfdata.eionet.europa.eu/inspirethemes/themes/20, response: 
-------
feature call (loop) failed at index: 2
caller: classpath:InspireTest/ngr/datasetrecords/def/checkxlinkurl.template.feature
arg: {"link":"https://ngr.geocat.live/geonetwork/srv/eng/thesaurus.download?ref=external.theme.httpinspireeceuropaeumetadatacodelistPrioritydataset-Prioritydataset"}
checkxlinkurl.template.feature:15 - status code was: 500, expected: 200, response time: 379, url: https://ngr.geocat.live/geonetwork/srv/eng/thesaurus.download?ref=external.theme.httpinspireeceuropaeumetadatacodelistPrioritydataset-Prioritydataset, response: 
[1.82:16] ngr-check-dataset-record.feature:80 - feature call (loop) failed: classpath:InspireTest/ngr/datasetrecords/def/checkxlinkurl.template.feature
caller: classpath:InspireTest/ngr/datasetrecords/ngr-check-dataset-record.feature
items: [{link=}]
errors:
-------
feature call (loop) failed at index: 0
caller: classpath:InspireTest/ngr/datasetrecords/def/checkxlinkurl.template.feature
arg: {"link":""}
checkxlinkurl.template.feature:14 - 
org.apache.http.client.ClientProtocolException
[1.83:16] ngr-check-dataset-record.feature:80 - feature call (loop) failed: classpath:InspireTest/ngr/datasetrecords/def/checkxlinkurl.template.feature
caller: classpath:InspireTest/ngr/datasetrecords/ngr-check-dataset-record.feature
items: [{link=https://www.nationaalgeoregister.nl/geonetwork/srv/dut/catalog.search#/metadata/a9b7026e-0a81-4813-93bd-ba49e6f28502}, {link=http://rdfdata.eionet.europa.eu/inspirethemes/themes/7}, {link=http://rdfdata.eionet.europa.eu/inspirethemes/themes/18}, {link=https://ngr.geocat.live/geonetwork/srv/eng/thesaurus.download?ref=external.theme.httpinspireeceuropaeumetadatacodelistPrioritydataset-Prioritydataset}, {link=urn:ogc:def:crs:EPSG::5709}]
errors:
-------
feature call (loop) failed at index: 1
caller: classpath:InspireTest/ngr/datasetrecords/def/checkxlinkurl.template.feature
arg: {"link":"http://rdfdata.eionet.europa.eu/inspirethemes/themes/7"}
checkxlinkurl.template.feature:15 - status code was: 404, expected: 200, response time: 192, url: http://rdfdata.eionet.europa.eu/inspirethemes/themes/7, response: 
-------
feature call (loop) failed at index: 2
caller: classpath:InspireTest/ngr/datasetrecords/def/checkxlinkurl.template.feature
arg: {"link":"http://rdfdata.eionet.europa.eu/inspirethemes/themes/18"}
checkxlinkurl.template.feature:15 - status code was: 404, expected: 200, response time: 191, url: http://rdfdata.eionet.europa.eu/inspirethemes/themes/18, response: 
-------
feature call (loop) failed at index: 3
caller: classpath:InspireTest/ngr/datasetrecords/def/checkxlinkurl.template.feature
arg: {"link":"https://ngr.geocat.live/geonetwork/srv/eng/thesaurus.download?ref=external.theme.httpinspireeceuropaeumetadatacodelistPrioritydataset-Prioritydataset"}
checkxlinkurl.template.feature:15 - status code was: 500, expected: 200, response time: 410, url: https://ngr.geocat.live/geonetwork/srv/eng/thesaurus.download?ref=external.theme.httpinspireeceuropaeumetadatacodelistPrioritydataset-Prioritydataset, response: 
-------
feature call (loop) failed at index: 4
caller: classpath:InspireTest/ngr/datasetrecords/def/checkxlinkurl.template.feature
arg: {"link":"urn:ogc:def:crs:EPSG::5709"}
checkxlinkurl.template.feature:14 - 
org.apache.http.client.ClientProtocolException: URI does not specify a valid host name: urn:ogc:def:crs:EPSG::5709
[1.85:16] ngr-check-dataset-record.feature:80 - feature call (loop) failed: classpath:InspireTest/ngr/datasetrecords/def/checkxlinkurl.template.feature
caller: classpath:InspireTest/ngr/datasetrecords/ngr-check-dataset-record.feature
items: [{link=}]
errors:
-------
feature call (loop) failed at index: 0
caller: classpath:InspireTest/ngr/datasetrecords/def/checkxlinkurl.template.feature
arg: {"link":""}
checkxlinkurl.template.feature:14 - 
org.apache.http.client.ClientProtocolException
[1.86:16] ngr-check-dataset-record.feature:80 - feature call (loop) failed: classpath:InspireTest/ngr/datasetrecords/def/checkxlinkurl.template.feature
caller: classpath:InspireTest/ngr/datasetrecords/ngr-check-dataset-record.feature
items: [{link=http://www.opengis.net/def/crs/EPSG/0/https://www.opengis.net/def/crs/EPSG/0/4258}, {link=https://www.nationaalgeoregister.nl/geonetwork/srv/api/records4cda487b-c467-490c-a843-6563fec016be}]
errors:
-------
feature call (loop) failed at index: 1
caller: classpath:InspireTest/ngr/datasetrecords/def/checkxlinkurl.template.feature
arg: {"link":"https://www.nationaalgeoregister.nl/geonetwork/srv/api/records4cda487b-c467-490c-a843-6563fec016be"}
checkxlinkurl.template.feature:15 - status code was: 500, expected: 200, response time: 426, url: https://www.nationaalgeoregister.nl/geonetwork/srv/api/records4cda487b-c467-490c-a843-6563fec016be, response: 
[1.87:16] ngr-check-dataset-record.feature:80 - feature call (loop) failed: classpath:InspireTest/ngr/datasetrecords/def/checkxlinkurl.template.feature
caller: classpath:InspireTest/ngr/datasetrecords/ngr-check-dataset-record.feature
items: [{link=https://www.nationaalgeoregister.nl/geonetwork/srv/dut/catalog.search#/metadata/ror-9d8e-4758-83fx-28b057f185e1}, {link=http://rdfdata.eionet.europa.eu/inspirethemes/themes/25}, {link=https://ngr.geocat.live/geonetwork/srv/eng/thesaurus.download?ref=external.theme.httpinspireeceuropaeumetadatacodelistPrioritydataset-Prioritydataset}, {link=urn:ogc:def:crs:EPSG::5709}]
errors:
-------
feature call (loop) failed at index: 1
caller: classpath:InspireTest/ngr/datasetrecords/def/checkxlinkurl.template.feature
arg: {"link":"http://rdfdata.eionet.europa.eu/inspirethemes/themes/25"}
checkxlinkurl.template.feature:15 - status code was: 404, expected: 200, response time: 191, url: http://rdfdata.eionet.europa.eu/inspirethemes/themes/25, response: 
-------
feature call (loop) failed at index: 2
caller: classpath:InspireTest/ngr/datasetrecords/def/checkxlinkurl.template.feature
arg: {"link":"https://ngr.geocat.live/geonetwork/srv/eng/thesaurus.download?ref=external.theme.httpinspireeceuropaeumetadatacodelistPrioritydataset-Prioritydataset"}
checkxlinkurl.template.feature:15 - status code was: 500, expected: 200, response time: 298, url: https://ngr.geocat.live/geonetwork/srv/eng/thesaurus.download?ref=external.theme.httpinspireeceuropaeumetadatacodelistPrioritydataset-Prioritydataset, response: 
-------
feature call (loop) failed at index: 3
caller: classpath:InspireTest/ngr/datasetrecords/def/checkxlinkurl.template.feature
arg: {"link":"urn:ogc:def:crs:EPSG::5709"}
checkxlinkurl.template.feature:14 - 
org.apache.http.client.ClientProtocolException: URI does not specify a valid host name: urn:ogc:def:crs:EPSG::5709
[1.88:16] ngr-check-dataset-record.feature:80 - feature call (loop) failed: classpath:InspireTest/ngr/datasetrecords/def/checkxlinkurl.template.feature
caller: classpath:InspireTest/ngr/datasetrecords/ngr-check-dataset-record.feature
items: [{link=https://www.nationaalgeoregister.nl/geonetwork/srv/dut/catalog.search#/metadata/ror-9d8e-4758-83fx-28b057f185f1}, {link=http://rdfdata.eionet.europa.eu/inspirethemes/themes/25}, {link=https://ngr.geocat.live/geonetwork/srv/eng/thesaurus.download?ref=external.theme.httpinspireeceuropaeumetadatacodelistPrioritydataset-Prioritydataset}, {link=urn:ogc:def:crs:EPSG::5709}]
errors:
-------
feature call (loop) failed at index: 1
caller: classpath:InspireTest/ngr/datasetrecords/def/checkxlinkurl.template.feature
arg: {"link":"http://rdfdata.eionet.europa.eu/inspirethemes/themes/25"}
checkxlinkurl.template.feature:15 - status code was: 404, expected: 200, response time: 190, url: http://rdfdata.eionet.europa.eu/inspirethemes/themes/25, response: 
-------
feature call (loop) failed at index: 2
caller: classpath:InspireTest/ngr/datasetrecords/def/checkxlinkurl.template.feature
arg: {"link":"https://ngr.geocat.live/geonetwork/srv/eng/thesaurus.download?ref=external.theme.httpinspireeceuropaeumetadatacodelistPrioritydataset-Prioritydataset"}
checkxlinkurl.template.feature:15 - status code was: 500, expected: 200, response time: 310, url: https://ngr.geocat.live/geonetwork/srv/eng/thesaurus.download?ref=external.theme.httpinspireeceuropaeumetadatacodelistPrioritydataset-Prioritydataset, response: 
-------
feature call (loop) failed at index: 3
caller: classpath:InspireTest/ngr/datasetrecords/def/checkxlinkurl.template.feature
arg: {"link":"urn:ogc:def:crs:EPSG::5709"}
checkxlinkurl.template.feature:14 - 
org.apache.http.client.ClientProtocolException: URI does not specify a valid host name: urn:ogc:def:crs:EPSG::5709
[1.89:16] ngr-check-dataset-record.feature:80 - feature call (loop) failed: classpath:InspireTest/ngr/datasetrecords/def/checkxlinkurl.template.feature
caller: classpath:InspireTest/ngr/datasetrecords/ngr-check-dataset-record.feature
items: [{link=https://www.nationaalgeoregister.nl/geonetwork/srv/dut/catalog.search#/metadata/uwwtd-9d8e-4758-83fa-28b057f185e3}, {link=http://rdfdata.eionet.europa.eu/inspirethemes/themes/24}, {link=https://ngr.geocat.live/geonetwork/srv/eng/thesaurus.download?ref=external.theme.httpinspireeceuropaeumetadatacodelistPrioritydataset-Prioritydataset}, {link=urn:ogc:def:crs:EPSG::5709}]
errors:
-------
feature call (loop) failed at index: 1
caller: classpath:InspireTest/ngr/datasetrecords/def/checkxlinkurl.template.feature
arg: {"link":"http://rdfdata.eionet.europa.eu/inspirethemes/themes/24"}
checkxlinkurl.template.feature:15 - status code was: 404, expected: 200, response time: 192, url: http://rdfdata.eionet.europa.eu/inspirethemes/themes/24, response: 
-------
feature call (loop) failed at index: 2
caller: classpath:InspireTest/ngr/datasetrecords/def/checkxlinkurl.template.feature
arg: {"link":"https://ngr.geocat.live/geonetwork/srv/eng/thesaurus.download?ref=external.theme.httpinspireeceuropaeumetadatacodelistPrioritydataset-Prioritydataset"}
checkxlinkurl.template.feature:15 - status code was: 500, expected: 200, response time: 293, url: https://ngr.geocat.live/geonetwork/srv/eng/thesaurus.download?ref=external.theme.httpinspireeceuropaeumetadatacodelistPrioritydataset-Prioritydataset, response: 
-------
feature call (loop) failed at index: 3
caller: classpath:InspireTest/ngr/datasetrecords/def/checkxlinkurl.template.feature
arg: {"link":"urn:ogc:def:crs:EPSG::5709"}
checkxlinkurl.template.feature:14 - 
org.apache.http.client.ClientProtocolException: URI does not specify a valid host name: urn:ogc:def:crs:EPSG::5709
[1.90:16] ngr-check-dataset-record.feature:80 - feature call (loop) failed: classpath:InspireTest/ngr/datasetrecords/def/checkxlinkurl.template.feature
caller: classpath:InspireTest/ngr/datasetrecords/ngr-check-dataset-record.feature
items: [{link=https://www.nationaalgeoregister.nl/geonetwork/srv/dut/catalog.search#/metadata/uwwtd-9d8e-4758-83fa-28b057f185e1}, {link=http://rdfdata.eionet.europa.eu/inspirethemes/themes/24}, {link=https://ngr.geocat.live/geonetwork/srv/eng/thesaurus.download?ref=external.theme.httpinspireeceuropaeumetadatacodelistPrioritydataset-Prioritydataset}, {link=urn:ogc:def:crs:EPSG::5709}]
errors:
-------
feature call (loop) failed at index: 1
caller: classpath:InspireTest/ngr/datasetrecords/def/checkxlinkurl.template.feature
arg: {"link":"http://rdfdata.eionet.europa.eu/inspirethemes/themes/24"}
checkxlinkurl.template.feature:15 - status code was: 404, expected: 200, response time: 190, url: http://rdfdata.eionet.europa.eu/inspirethemes/themes/24, response: 
-------
feature call (loop) failed at index: 2
caller: classpath:InspireTest/ngr/datasetrecords/def/checkxlinkurl.template.feature
arg: {"link":"https://ngr.geocat.live/geonetwork/srv/eng/thesaurus.download?ref=external.theme.httpinspireeceuropaeumetadatacodelistPrioritydataset-Prioritydataset"}
checkxlinkurl.template.feature:15 - status code was: 500, expected: 200, response time: 302, url: https://ngr.geocat.live/geonetwork/srv/eng/thesaurus.download?ref=external.theme.httpinspireeceuropaeumetadatacodelistPrioritydataset-Prioritydataset, response: 
-------
feature call (loop) failed at index: 3
caller: classpath:InspireTest/ngr/datasetrecords/def/checkxlinkurl.template.feature
arg: {"link":"urn:ogc:def:crs:EPSG::5709"}
checkxlinkurl.template.feature:14 - 
org.apache.http.client.ClientProtocolException: URI does not specify a valid host name: urn:ogc:def:crs:EPSG::5709
[1.91:16] ngr-check-dataset-record.feature:80 - feature call (loop) failed: classpath:InspireTest/ngr/datasetrecords/def/checkxlinkurl.template.feature
caller: classpath:InspireTest/ngr/datasetrecords/ngr-check-dataset-record.feature
items: [{link=http://kadaster/06b6c650-cdb1-11dd-ad8b-0800200c9a77}]
errors:
-------
feature call (loop) failed at index: 0
caller: classpath:InspireTest/ngr/datasetrecords/def/checkxlinkurl.template.feature
arg: {"link":"http://kadaster/06b6c650-cdb1-11dd-ad8b-0800200c9a77"}
checkxlinkurl.template.feature:14 - 
java.net.UnknownHostException: kadaster: Temporary failure in name resolution
[1.92:16] ngr-check-dataset-record.feature:80 - feature call (loop) failed: classpath:InspireTest/ngr/datasetrecords/def/checkxlinkurl.template.feature
caller: classpath:InspireTest/ngr/datasetrecords/ngr-check-dataset-record.feature
items: [{link=http://kadaster/79a1c01b-21ad-43e8-a5c2-23e3eeb95be2}, {link=}]
errors:
-------
feature call (loop) failed at index: 0
caller: classpath:InspireTest/ngr/datasetrecords/def/checkxlinkurl.template.feature
arg: {"link":"http://kadaster/79a1c01b-21ad-43e8-a5c2-23e3eeb95be2"}
checkxlinkurl.template.feature:14 - 
java.net.UnknownHostException: kadaster
-------
feature call (loop) failed at index: 1
caller: classpath:InspireTest/ngr/datasetrecords/def/checkxlinkurl.template.feature
arg: {"link":""}
checkxlinkurl.template.feature:14 - 
org.apache.http.client.ClientProtocolException
[1.93:16] ngr-check-dataset-record.feature:80 - feature call (loop) failed: classpath:InspireTest/ngr/datasetrecords/def/checkxlinkurl.template.feature
caller: classpath:InspireTest/ngr/datasetrecords/ngr-check-dataset-record.feature
items: [{link=http://www.opengis.net/def/crs/EPSG/0/http://www.opengis.net/def/crs/EPSG/0/4258}, {link=http://kadaster/70a0f618-9d4f-4be9-9d9d-11106ff6971c}]
errors:
-------
feature call (loop) failed at index: 1
caller: classpath:InspireTest/ngr/datasetrecords/def/checkxlinkurl.template.feature
arg: {"link":"http://kadaster/70a0f618-9d4f-4be9-9d9d-11106ff6971c"}
checkxlinkurl.template.feature:14 - 
java.net.UnknownHostException: kadaster
[1.94:16] ngr-check-dataset-record.feature:48 - xpath does not exist: /GetRecordByIdResponse//@href on response
[1.95:16] ngr-check-dataset-record.feature:80 - feature call (loop) failed: classpath:InspireTest/ngr/datasetrecords/def/checkxlinkurl.template.feature
caller: classpath:InspireTest/ngr/datasetrecords/ngr-check-dataset-record.feature
items: [{link=https://www.nationaalgeoregister.nl/geonetwork/srv/dut/catalog.search#/metadata/4783ea4f-6b8c-4600-8af0-516f3556cfe9}, {link=http://rdfdata.eionet.europa.eu/inspirethemes/themes/24}, {link=}, {link=}, {link=}, {link=urn:ogc:def:crs:EPSG::5709}]
errors:
-------
feature call (loop) failed at index: 1
caller: classpath:InspireTest/ngr/datasetrecords/def/checkxlinkurl.template.feature
arg: {"link":"http://rdfdata.eionet.europa.eu/inspirethemes/themes/24"}
checkxlinkurl.template.feature:15 - status code was: 404, expected: 200, response time: 191, url: http://rdfdata.eionet.europa.eu/inspirethemes/themes/24, response: 
-------
feature call (loop) failed at index: 2
caller: classpath:InspireTest/ngr/datasetrecords/def/checkxlinkurl.template.feature
arg: {"link":""}
checkxlinkurl.template.feature:14 - 
org.apache.http.client.ClientProtocolException
-------
feature call (loop) failed at index: 3
caller: classpath:InspireTest/ngr/datasetrecords/def/checkxlinkurl.template.feature
arg: {"link":""}
checkxlinkurl.template.feature:14 - 
org.apache.http.client.ClientProtocolException
-------
feature call (loop) failed at index: 4
caller: classpath:InspireTest/ngr/datasetrecords/def/checkxlinkurl.template.feature
arg: {"link":""}
checkxlinkurl.template.feature:14 - 
org.apache.http.client.ClientProtocolException
-------
feature call (loop) failed at index: 5
caller: classpath:InspireTest/ngr/datasetrecords/def/checkxlinkurl.template.feature
arg: {"link":"urn:ogc:def:crs:EPSG::5709"}
checkxlinkurl.template.feature:14 - 
org.apache.http.client.ClientProtocolException: URI does not specify a valid host name: urn:ogc:def:crs:EPSG::5709
[1.96:16] ngr-check-dataset-record.feature:80 - feature call (loop) failed: classpath:InspireTest/ngr/datasetrecords/def/checkxlinkurl.template.feature
caller: classpath:InspireTest/ngr/datasetrecords/ngr-check-dataset-record.feature
items: [{link=http://kadaster/2482250f-3b00-4439-9f93-f3118229b018}, {link=}, {link=}, {link=}]
errors:
-------
feature call (loop) failed at index: 0
caller: classpath:InspireTest/ngr/datasetrecords/def/checkxlinkurl.template.feature
arg: {"link":"http://kadaster/2482250f-3b00-4439-9f93-f3118229b018"}
checkxlinkurl.template.feature:14 - 
java.net.UnknownHostException: kadaster
-------
feature call (loop) failed at index: 1
caller: classpath:InspireTest/ngr/datasetrecords/def/checkxlinkurl.template.feature
arg: {"link":""}
checkxlinkurl.template.feature:14 - 
org.apache.http.client.ClientProtocolException
-------
feature call (loop) failed at index: 2
caller: classpath:InspireTest/ngr/datasetrecords/def/checkxlinkurl.template.feature
arg: {"link":""}
checkxlinkurl.template.feature:14 - 
org.apache.http.client.ClientProtocolException
-------
feature call (loop) failed at index: 3
caller: classpath:InspireTest/ngr/datasetrecords/def/checkxlinkurl.template.feature
arg: {"link":""}
checkxlinkurl.template.feature:14 - 
org.apache.http.client.ClientProtocolException
[1.97:16] ngr-check-dataset-record.feature:80 - feature call (loop) failed: classpath:InspireTest/ngr/datasetrecords/def/checkxlinkurl.template.feature
caller: classpath:InspireTest/ngr/datasetrecords/ngr-check-dataset-record.feature
items: [{link=https://nationaalgeoregister.nl/geonetwork/srv/resources66495385-8f7b-4661-85a7-11a2bbcbb6b9}, {link=http://rdfdata.eionet.europa.eu/inspirethemes/themes/13}, {link=http://geonetwork-opensource.org/inspire-theme#}, {link=https://www.nationaalgeoregister.nl/geonetwork/srv/eng/thesaurus.download?ref=external.theme.inspire-theme}]
errors:
-------
feature call (loop) failed at index: 0
caller: classpath:InspireTest/ngr/datasetrecords/def/checkxlinkurl.template.feature
arg: {"link":"https://nationaalgeoregister.nl/geonetwork/srv/resources66495385-8f7b-4661-85a7-11a2bbcbb6b9"}
checkxlinkurl.template.feature:15 - status code was: 404, expected: 200, response time: 266, url: https://nationaalgeoregister.nl/geonetwork/srv/resources66495385-8f7b-4661-85a7-11a2bbcbb6b9, response: 
-------
feature call (loop) failed at index: 1
caller: classpath:InspireTest/ngr/datasetrecords/def/checkxlinkurl.template.feature
arg: {"link":"http://rdfdata.eionet.europa.eu/inspirethemes/themes/13"}
checkxlinkurl.template.feature:15 - status code was: 404, expected: 200, response time: 191, url: http://rdfdata.eionet.europa.eu/inspirethemes/themes/13, response: 
-------
feature call (loop) failed at index: 2
caller: classpath:InspireTest/ngr/datasetrecords/def/checkxlinkurl.template.feature
arg: {"link":"http://geonetwork-opensource.org/inspire-theme#"}
checkxlinkurl.template.feature:15 - status code was: 404, expected: 200, response time: 380, url: http://geonetwork-opensource.org/inspire-theme#, response: 
-------
feature call (loop) failed at index: 3
caller: classpath:InspireTest/ngr/datasetrecords/def/checkxlinkurl.template.feature
arg: {"link":"https://www.nationaalgeoregister.nl/geonetwork/srv/eng/thesaurus.download?ref=external.theme.inspire-theme"}
checkxlinkurl.template.feature:15 - status code was: 500, expected: 200, response time: 307, url: https://www.nationaalgeoregister.nl/geonetwork/srv/eng/thesaurus.download?ref=external.theme.inspire-theme, response: 
[1.99:16] ngr-check-dataset-record.feature:80 - feature call (loop) failed: classpath:InspireTest/ngr/datasetrecords/def/checkxlinkurl.template.feature
caller: classpath:InspireTest/ngr/datasetrecords/ngr-check-dataset-record.feature
items: [{link=http://www.opengis.net/def/crs/EPSG/0/https://www.opengis.net/def/crs/EPSG/0/4258}, {link=https://ngr.acceptatie.nationaalgeoregister.nl/geonetwork/srv/resourcesd7ab6903-1152-450b-b81d-042682dcfd03}]
errors:
-------
feature call (loop) failed at index: 1
caller: classpath:InspireTest/ngr/datasetrecords/def/checkxlinkurl.template.feature
arg: {"link":"https://ngr.acceptatie.nationaalgeoregister.nl/geonetwork/srv/resourcesd7ab6903-1152-450b-b81d-042682dcfd03"}
checkxlinkurl.template.feature:15 - status code was: 404, expected: 200, response time: 267, url: https://ngr.acceptatie.nationaalgeoregister.nl/geonetwork/srv/resourcesd7ab6903-1152-450b-b81d-042682dcfd03, response: 
[1.100:16] ngr-check-dataset-record.feature:80 - feature call (loop) failed: classpath:InspireTest/ngr/datasetrecords/def/checkxlinkurl.template.feature
caller: classpath:InspireTest/ngr/datasetrecords/ngr-check-dataset-record.feature
items: [{link=http://www.opengis.net/def/crs/EPSG/0/https://www.opengis.net/def/crs/EPSG/0/4258}, {link=https://www.nationaalgeoregister.nl/geonetwork/srv/api/recordsf1d27179-36eb-4376-8048-f51d2eb23a09}]
errors:
-------
feature call (loop) failed at index: 1
caller: classpath:InspireTest/ngr/datasetrecords/def/checkxlinkurl.template.feature
arg: {"link":"https://www.nationaalgeoregister.nl/geonetwork/srv/api/recordsf1d27179-36eb-4376-8048-f51d2eb23a09"}
checkxlinkurl.template.feature:15 - status code was: 500, expected: 200, response time: 327, url: https://www.nationaalgeoregister.nl/geonetwork/srv/api/recordsf1d27179-36eb-4376-8048-f51d2eb23a09, response: 
[1.101:16] ngr-check-dataset-record.feature:80 - feature call (loop) failed: classpath:InspireTest/ngr/datasetrecords/def/checkxlinkurl.template.feature
caller: classpath:InspireTest/ngr/datasetrecords/ngr-check-dataset-record.feature
items: [{link=http://kadaster/2482250f-3b00-4439-9f93-f3118229b020}, {link=}, {link=}, {link=}]
errors:
-------
feature call (loop) failed at index: 0
caller: classpath:InspireTest/ngr/datasetrecords/def/checkxlinkurl.template.feature
arg: {"link":"http://kadaster/2482250f-3b00-4439-9f93-f3118229b020"}
checkxlinkurl.template.feature:14 - 
java.net.UnknownHostException: kadaster
-------
feature call (loop) failed at index: 1
caller: classpath:InspireTest/ngr/datasetrecords/def/checkxlinkurl.template.feature
arg: {"link":""}
checkxlinkurl.template.feature:14 - 
org.apache.http.client.ClientProtocolException
-------
feature call (loop) failed at index: 2
caller: classpath:InspireTest/ngr/datasetrecords/def/checkxlinkurl.template.feature
arg: {"link":""}
checkxlinkurl.template.feature:14 - 
org.apache.http.client.ClientProtocolException
-------
feature call (loop) failed at index: 3
caller: classpath:InspireTest/ngr/datasetrecords/def/checkxlinkurl.template.feature
arg: {"link":""}
checkxlinkurl.template.feature:14 - 
org.apache.http.client.ClientProtocolException
[1.102:16] ngr-check-dataset-record.feature:80 - feature call (loop) failed: classpath:InspireTest/ngr/datasetrecords/def/checkxlinkurl.template.feature
caller: classpath:InspireTest/ngr/datasetrecords/ngr-check-dataset-record.feature
items: [{link=https://www.nationaalgeoregister.nl/geonetwork/srv/dut/catalog.search#/metadata/krw-782cab20-8328-45f1-a9b2-c27d07c14066}, {link=http://rdfdata.eionet.europa.eu/inspirethemes/themes/24}, {link=https://ngr.geocat.live/geonetwork/srv/eng/thesaurus.download?ref=external.theme.httpinspireeceuropaeumetadatacodelistPrioritydataset-Prioritydataset}, {link=urn:ogc:def:crs:EPSG::5709}]
errors:
-------
feature call (loop) failed at index: 1
caller: classpath:InspireTest/ngr/datasetrecords/def/checkxlinkurl.template.feature
arg: {"link":"http://rdfdata.eionet.europa.eu/inspirethemes/themes/24"}
checkxlinkurl.template.feature:15 - status code was: 404, expected: 200, response time: 191, url: http://rdfdata.eionet.europa.eu/inspirethemes/themes/24, response: 
-------
feature call (loop) failed at index: 2
caller: classpath:InspireTest/ngr/datasetrecords/def/checkxlinkurl.template.feature
arg: {"link":"https://ngr.geocat.live/geonetwork/srv/eng/thesaurus.download?ref=external.theme.httpinspireeceuropaeumetadatacodelistPrioritydataset-Prioritydataset"}
checkxlinkurl.template.feature:15 - status code was: 500, expected: 200, response time: 297, url: https://ngr.geocat.live/geonetwork/srv/eng/thesaurus.download?ref=external.theme.httpinspireeceuropaeumetadatacodelistPrioritydataset-Prioritydataset, response: 
-------
feature call (loop) failed at index: 3
caller: classpath:InspireTest/ngr/datasetrecords/def/checkxlinkurl.template.feature
arg: {"link":"urn:ogc:def:crs:EPSG::5709"}
checkxlinkurl.template.feature:14 - 
org.apache.http.client.ClientProtocolException: URI does not specify a valid host name: urn:ogc:def:crs:EPSG::5709
[1.103:16] ngr-check-dataset-record.feature:80 - feature call (loop) failed: classpath:InspireTest/ngr/datasetrecords/def/checkxlinkurl.template.feature
caller: classpath:InspireTest/ngr/datasetrecords/ngr-check-dataset-record.feature
items: [{link=http://kadaster/e2318c58-b1e6-4621-9c77-33b8a1fd0124}]
errors:
-------
feature call (loop) failed at index: 0
caller: classpath:InspireTest/ngr/datasetrecords/def/checkxlinkurl.template.feature
arg: {"link":"http://kadaster/e2318c58-b1e6-4621-9c77-33b8a1fd0124"}
checkxlinkurl.template.feature:14 - 
java.net.UnknownHostException: kadaster
[1.104:16] ngr-check-dataset-record.feature:80 - feature call (loop) failed: classpath:InspireTest/ngr/datasetrecords/def/checkxlinkurl.template.feature
caller: classpath:InspireTest/ngr/datasetrecords/ngr-check-dataset-record.feature
items: [{link=http://www.opengis.net/def/crs/EPSG/0/https://www.opengis.net/def/crs/EPSG/0/4258}, {link=https://www.nationaalgeoregister.nl/geonetwork/srv/api/records4617f0e0-6af4-4ac0-9044-31df9d03071c}]
errors:
-------
feature call (loop) failed at index: 1
caller: classpath:InspireTest/ngr/datasetrecords/def/checkxlinkurl.template.feature
arg: {"link":"https://www.nationaalgeoregister.nl/geonetwork/srv/api/records4617f0e0-6af4-4ac0-9044-31df9d03071c"}
checkxlinkurl.template.feature:15 - status code was: 500, expected: 200, response time: 298, url: https://www.nationaalgeoregister.nl/geonetwork/srv/api/records4617f0e0-6af4-4ac0-9044-31df9d03071c, response: 
[1.105:16] ngr-check-dataset-record.feature:80 - feature call (loop) failed: classpath:InspireTest/ngr/datasetrecords/def/checkxlinkurl.template.feature
caller: classpath:InspireTest/ngr/datasetrecords/ngr-check-dataset-record.feature
items: [{link=http://www.opengis.net/def/crs/EPSG/0/http://www.opengis.net/def/crs/EPSG/0/3034}, {link=http://nationaalgeoregister.nl/geonetwork/srv/dut/csw?SERVICE=CSW&version=2.0.2&REQUEST=GetRecordById&elementSetName=full&OutputSchema=http://www.isotc211.org/2005/gmd&ID=0f128799-cf18-4b37-a721-e62b068191f5}, {link=https://creativecommons.org/publicdomain/mark/*/deed.nl}, {link=}]
errors:
-------
feature call (loop) failed at index: 2
caller: classpath:InspireTest/ngr/datasetrecords/def/checkxlinkurl.template.feature
arg: {"link":"https://creativecommons.org/publicdomain/mark/*/deed.nl"}
checkxlinkurl.template.feature:15 - status code was: 404, expected: 200, response time: 31, url: https://creativecommons.org/publicdomain/mark/*/deed.nl, response: 
-------
feature call (loop) failed at index: 3
caller: classpath:InspireTest/ngr/datasetrecords/def/checkxlinkurl.template.feature
arg: {"link":""}
checkxlinkurl.template.feature:14 - 
org.apache.http.client.ClientProtocolException
[1.106:16] ngr-check-dataset-record.feature:80 - feature call (loop) failed: classpath:InspireTest/ngr/datasetrecords/def/checkxlinkurl.template.feature
caller: classpath:InspireTest/ngr/datasetrecords/ngr-check-dataset-record.feature
items: [{link=http://www.opengis.net/def/crs/EPSG/0/http://www.opengis.net/def/crs/EPSG/0/3034}, {link=http://nationaalgeoregister.nl/geonetwork/srv/dut/csw?SERVICE=CSW&version=2.0.2&REQUEST=GetRecordById&elementSetName=full&OutputSchema=http://www.isotc211.org/2005/gmd&ID=ca94a0cb-7561-4a10-a7d6-b840e56c33ff}, {link=https://creativecommons.org/publicdomain/mark/*/deed.nl}, {link=}]
errors:
-------
feature call (loop) failed at index: 2
caller: classpath:InspireTest/ngr/datasetrecords/def/checkxlinkurl.template.feature
arg: {"link":"https://creativecommons.org/publicdomain/mark/*/deed.nl"}
checkxlinkurl.template.feature:15 - status code was: 404, expected: 200, response time: 31, url: https://creativecommons.org/publicdomain/mark/*/deed.nl, response: 
-------
feature call (loop) failed at index: 3
caller: classpath:InspireTest/ngr/datasetrecords/def/checkxlinkurl.template.feature
arg: {"link":""}
checkxlinkurl.template.feature:14 - 
org.apache.http.client.ClientProtocolException
[1.107:16] ngr-check-dataset-record.feature:80 - feature call (loop) failed: classpath:InspireTest/ngr/datasetrecords/def/checkxlinkurl.template.feature
caller: classpath:InspireTest/ngr/datasetrecords/ngr-check-dataset-record.feature
items: [{link=https://www.nationaalgeoregister.nl/geonetwork/srv/api/records6c6be9c5-b09b-4dcf-a5fd-f149cbaca6fb}, {link=https://creativecommons.org/publicdomain/zero/*/deed.nl}]
errors:
-------
feature call (loop) failed at index: 0
caller: classpath:InspireTest/ngr/datasetrecords/def/checkxlinkurl.template.feature
arg: {"link":"https://www.nationaalgeoregister.nl/geonetwork/srv/api/records6c6be9c5-b09b-4dcf-a5fd-f149cbaca6fb"}
checkxlinkurl.template.feature:15 - status code was: 500, expected: 200, response time: 299, url: https://www.nationaalgeoregister.nl/geonetwork/srv/api/records6c6be9c5-b09b-4dcf-a5fd-f149cbaca6fb, response: 
-------
feature call (loop) failed at index: 1
caller: classpath:InspireTest/ngr/datasetrecords/def/checkxlinkurl.template.feature
arg: {"link":"https://creativecommons.org/publicdomain/zero/*/deed.nl"}
checkxlinkurl.template.feature:15 - status code was: 404, expected: 200, response time: 28, url: https://creativecommons.org/publicdomain/zero/*/deed.nl, response: 
[1.108:16] ngr-check-dataset-record.feature:80 - feature call (loop) failed: classpath:InspireTest/ngr/datasetrecords/def/checkxlinkurl.template.feature
caller: classpath:InspireTest/ngr/datasetrecords/ngr-check-dataset-record.feature
items: [{link=http://www.opengis.net/def/crs/EPSG/0/http://www.opengis.net/def/crs/EPSG/0/3034}, {link=http://nationaalgeoregister.nl/geonetwork/srv/dut/csw?SERVICE=CSW&version=2.0.2&REQUEST=GetRecordById&elementSetName=full&OutputSchema=http://www.isotc211.org/2005/gmd&ID=f002bfc5-7d87-46b6-819e-8415422b65c9}, {link=https://creativecommons.org/publicdomain/mark/*/deed.nl}, {link=}]
errors:
-------
feature call (loop) failed at index: 2
caller: classpath:InspireTest/ngr/datasetrecords/def/checkxlinkurl.template.feature
arg: {"link":"https://creativecommons.org/publicdomain/mark/*/deed.nl"}
checkxlinkurl.template.feature:15 - status code was: 404, expected: 200, response time: 46, url: https://creativecommons.org/publicdomain/mark/*/deed.nl, response: 
-------
feature call (loop) failed at index: 3
caller: classpath:InspireTest/ngr/datasetrecords/def/checkxlinkurl.template.feature
arg: {"link":""}
checkxlinkurl.template.feature:14 - 
org.apache.http.client.ClientProtocolException
[1.109:16] ngr-check-dataset-record.feature:80 - feature call (loop) failed: classpath:InspireTest/ngr/datasetrecords/def/checkxlinkurl.template.feature
caller: classpath:InspireTest/ngr/datasetrecords/ngr-check-dataset-record.feature
items: [{link=https://nationaalgeoregister.nl/geonetwork/srv/resourcesce4a6d93-83d6-4397-afa1-d4117d5ce76b}, {link=http://rdfdata.eionet.europa.eu/inspirethemes/themes/34}, {link=http://geonetwork-opensource.org/inspire-theme#}, {link=https://www.nationaalgeoregister.nl/geonetwork/srv/eng/thesaurus.download?ref=external.theme.inspire-theme}]
errors:
-------
feature call (loop) failed at index: 0
caller: classpath:InspireTest/ngr/datasetrecords/def/checkxlinkurl.template.feature
arg: {"link":"https://nationaalgeoregister.nl/geonetwork/srv/resourcesce4a6d93-83d6-4397-afa1-d4117d5ce76b"}
checkxlinkurl.template.feature:15 - status code was: 404, expected: 200, response time: 265, url: https://nationaalgeoregister.nl/geonetwork/srv/resourcesce4a6d93-83d6-4397-afa1-d4117d5ce76b, response: 
-------
feature call (loop) failed at index: 1
caller: classpath:InspireTest/ngr/datasetrecords/def/checkxlinkurl.template.feature
arg: {"link":"http://rdfdata.eionet.europa.eu/inspirethemes/themes/34"}
checkxlinkurl.template.feature:15 - status code was: 404, expected: 200, response time: 191, url: http://rdfdata.eionet.europa.eu/inspirethemes/themes/34, response: 
-------
feature call (loop) failed at index: 2
caller: classpath:InspireTest/ngr/datasetrecords/def/checkxlinkurl.template.feature
arg: {"link":"http://geonetwork-opensource.org/inspire-theme#"}
checkxlinkurl.template.feature:15 - status code was: 404, expected: 200, response time: 382, url: http://geonetwork-opensource.org/inspire-theme#, response: 
-------
feature call (loop) failed at index: 3
caller: classpath:InspireTest/ngr/datasetrecords/def/checkxlinkurl.template.feature
arg: {"link":"https://www.nationaalgeoregister.nl/geonetwork/srv/eng/thesaurus.download?ref=external.theme.inspire-theme"}
checkxlinkurl.template.feature:15 - status code was: 500, expected: 200, response time: 302, url: https://www.nationaalgeoregister.nl/geonetwork/srv/eng/thesaurus.download?ref=external.theme.inspire-theme, response: 
[1.112:16] ngr-check-dataset-record.feature:80 - feature call (loop) failed: classpath:InspireTest/ngr/datasetrecords/def/checkxlinkurl.template.feature
caller: classpath:InspireTest/ngr/datasetrecords/ngr-check-dataset-record.feature
items: [{link=http://kadaster/06b6c650-cdb1-11dd-ad8b-0800200c9a80}]
errors:
-------
feature call (loop) failed at index: 0
caller: classpath:InspireTest/ngr/datasetrecords/def/checkxlinkurl.template.feature
arg: {"link":"http://kadaster/06b6c650-cdb1-11dd-ad8b-0800200c9a80"}
checkxlinkurl.template.feature:14 - 
java.net.UnknownHostException: kadaster
[1.113:16] ngr-check-dataset-record.feature:80 - feature call (loop) failed: classpath:InspireTest/ngr/datasetrecords/def/checkxlinkurl.template.feature
caller: classpath:InspireTest/ngr/datasetrecords/ngr-check-dataset-record.feature
items: [{link=https://data.rivm.nl/inspire/id#90bab79d-5f92-4aaa-8edc-99195438ef65}]
errors:
-------
feature call (loop) failed at index: 0
caller: classpath:InspireTest/ngr/datasetrecords/def/checkxlinkurl.template.feature
arg: {"link":"https://data.rivm.nl/inspire/id#90bab79d-5f92-4aaa-8edc-99195438ef65"}
checkxlinkurl.template.feature:14 - 
javax.net.ssl.SSLException: Connection reset
[1.114:16] ngr-check-dataset-record.feature:80 - feature call (loop) failed: classpath:InspireTest/ngr/datasetrecords/def/checkxlinkurl.template.feature
caller: classpath:InspireTest/ngr/datasetrecords/ngr-check-dataset-record.feature
items: [{link=http://kadaster/2482250f-3b00-4439-9f93-f3118229b023}, {link=}, {link=}, {link=}]
errors:
-------
feature call (loop) failed at index: 0
caller: classpath:InspireTest/ngr/datasetrecords/def/checkxlinkurl.template.feature
arg: {"link":"http://kadaster/2482250f-3b00-4439-9f93-f3118229b023"}
checkxlinkurl.template.feature:14 - 
java.net.UnknownHostException: kadaster
-------
feature call (loop) failed at index: 1
caller: classpath:InspireTest/ngr/datasetrecords/def/checkxlinkurl.template.feature
arg: {"link":""}
checkxlinkurl.template.feature:14 - 
org.apache.http.client.ClientProtocolException
-------
feature call (loop) failed at index: 2
caller: classpath:InspireTest/ngr/datasetrecords/def/checkxlinkurl.template.feature
arg: {"link":""}
checkxlinkurl.template.feature:14 - 
org.apache.http.client.ClientProtocolException
-------
feature call (loop) failed at index: 3
caller: classpath:InspireTest/ngr/datasetrecords/def/checkxlinkurl.template.feature
arg: {"link":""}
checkxlinkurl.template.feature:14 - 
org.apache.http.client.ClientProtocolException
[1.115:16] ngr-check-dataset-record.feature:80 - feature call (loop) failed: classpath:InspireTest/ngr/datasetrecords/def/checkxlinkurl.template.feature
caller: classpath:InspireTest/ngr/datasetrecords/ngr-check-dataset-record.feature
items: [{link=http://kadaster/2482250f-3b00-4439-9f93-f3118229b014}, {link=}, {link=}, {link=}]
errors:
-------
feature call (loop) failed at index: 0
caller: classpath:InspireTest/ngr/datasetrecords/def/checkxlinkurl.template.feature
arg: {"link":"http://kadaster/2482250f-3b00-4439-9f93-f3118229b014"}
checkxlinkurl.template.feature:14 - 
java.net.UnknownHostException: kadaster
-------
feature call (loop) failed at index: 1
caller: classpath:InspireTest/ngr/datasetrecords/def/checkxlinkurl.template.feature
arg: {"link":""}
checkxlinkurl.template.feature:14 - 
org.apache.http.client.ClientProtocolException
-------
feature call (loop) failed at index: 2
caller: classpath:InspireTest/ngr/datasetrecords/def/checkxlinkurl.template.feature
arg: {"link":""}
checkxlinkurl.template.feature:14 - 
org.apache.http.client.ClientProtocolException
-------
feature call (loop) failed at index: 3
caller: classpath:InspireTest/ngr/datasetrecords/def/checkxlinkurl.template.feature
arg: {"link":""}
checkxlinkurl.template.feature:14 - 
org.apache.http.client.ClientProtocolException
[1.117:16] ngr-check-dataset-record.feature:80 - feature call (loop) failed: classpath:InspireTest/ngr/datasetrecords/def/checkxlinkurl.template.feature
caller: classpath:InspireTest/ngr/datasetrecords/ngr-check-dataset-record.feature
items: [{link=http://kadaster/06b6c650-cdb1-11dd-ad8b-0800200c9a75}]
errors:
-------
feature call (loop) failed at index: 0
caller: classpath:InspireTest/ngr/datasetrecords/def/checkxlinkurl.template.feature
arg: {"link":"http://kadaster/06b6c650-cdb1-11dd-ad8b-0800200c9a75"}
checkxlinkurl.template.feature:14 - 
java.net.UnknownHostException: kadaster
[1.118:16] ngr-check-dataset-record.feature:80 - feature call (loop) failed: classpath:InspireTest/ngr/datasetrecords/def/checkxlinkurl.template.feature
caller: classpath:InspireTest/ngr/datasetrecords/ngr-check-dataset-record.feature
items: [{link=https://nationaalgeoregister.nl/geonetwork/srv/resources052a3480-1031-4d29-ba55-01672e2c50d9}]
errors:
-------
feature call (loop) failed at index: 0
caller: classpath:InspireTest/ngr/datasetrecords/def/checkxlinkurl.template.feature
arg: {"link":"https://nationaalgeoregister.nl/geonetwork/srv/resources052a3480-1031-4d29-ba55-01672e2c50d9"}
checkxlinkurl.template.feature:15 - status code was: 404, expected: 200, response time: 264, url: https://nationaalgeoregister.nl/geonetwork/srv/resources052a3480-1031-4d29-ba55-01672e2c50d9, response: 
[1.119:16] ngr-check-dataset-record.feature:80 - feature call (loop) failed: classpath:InspireTest/ngr/datasetrecords/def/checkxlinkurl.template.feature
caller: classpath:InspireTest/ngr/datasetrecords/ngr-check-dataset-record.feature
items: [{link=http://www.opengis.net/def/crs/EPSG/0/http://www.opengis.net/def/crs/EPSG/0/4258}, {link=http://kadaster/ed4caa3b-a49e-4a9a-8206-50a3cf451b9a}]
errors:
-------
feature call (loop) failed at index: 1
caller: classpath:InspireTest/ngr/datasetrecords/def/checkxlinkurl.template.feature
arg: {"link":"http://kadaster/ed4caa3b-a49e-4a9a-8206-50a3cf451b9a"}
checkxlinkurl.template.feature:14 - 
java.net.UnknownHostException: kadaster
[1.120:16] ngr-check-dataset-record.feature:80 - feature call (loop) failed: classpath:InspireTest/ngr/datasetrecords/def/checkxlinkurl.template.feature
caller: classpath:InspireTest/ngr/datasetrecords/ngr-check-dataset-record.feature
items: [{link=http://www.opengis.net/def/crs/EPSG/0/http://www.opengis.net/def/crs/EPSG/0/4258}, {link=http://kadaster/29f0fa66-3928-4e95-ae30-5b1eab818ac1}]
errors:
-------
feature call (loop) failed at index: 1
caller: classpath:InspireTest/ngr/datasetrecords/def/checkxlinkurl.template.feature
arg: {"link":"http://kadaster/29f0fa66-3928-4e95-ae30-5b1eab818ac1"}
checkxlinkurl.template.feature:14 - 
java.net.UnknownHostException: kadaster
[1.121:16] ngr-check-dataset-record.feature:80 - feature call (loop) failed: classpath:InspireTest/ngr/datasetrecords/def/checkxlinkurl.template.feature
caller: classpath:InspireTest/ngr/datasetrecords/ngr-check-dataset-record.feature
items: [{link=https://www.nationaalgeoregister.nl/geonetwork/srv/api/records844404a2-9cd0-452e-b29a-74588777485a}]
errors:
-------
feature call (loop) failed at index: 0
caller: classpath:InspireTest/ngr/datasetrecords/def/checkxlinkurl.template.feature
arg: {"link":"https://www.nationaalgeoregister.nl/geonetwork/srv/api/records844404a2-9cd0-452e-b29a-74588777485a"}
checkxlinkurl.template.feature:15 - status code was: 500, expected: 200, response time: 296, url: https://www.nationaalgeoregister.nl/geonetwork/srv/api/records844404a2-9cd0-452e-b29a-74588777485a, response: 
[1.122:16] ngr-check-dataset-record.feature:80 - feature call (loop) failed: classpath:InspireTest/ngr/datasetrecords/def/checkxlinkurl.template.feature
caller: classpath:InspireTest/ngr/datasetrecords/ngr-check-dataset-record.feature
items: [{link=https://data.rivm.nl/inspire/id#722e3937-3e53-4048-97ef-1ced2c77f7dd}]
errors:
-------
feature call (loop) failed at index: 0
caller: classpath:InspireTest/ngr/datasetrecords/def/checkxlinkurl.template.feature
arg: {"link":"https://data.rivm.nl/inspire/id#722e3937-3e53-4048-97ef-1ced2c77f7dd"}
checkxlinkurl.template.feature:14 - 
javax.net.ssl.SSLException: Connection reset
[1.123:16] ngr-check-dataset-record.feature:80 - feature call (loop) failed: classpath:InspireTest/ngr/datasetrecords/def/checkxlinkurl.template.feature
caller: classpath:InspireTest/ngr/datasetrecords/ngr-check-dataset-record.feature
items: [{link=https://data.rivm.nl/inspire/id#6e6bf543-e1e3-468d-afae-e88618ad9a65}]
errors:
-------
feature call (loop) failed at index: 0
caller: classpath:InspireTest/ngr/datasetrecords/def/checkxlinkurl.template.feature
arg: {"link":"https://data.rivm.nl/inspire/id#6e6bf543-e1e3-468d-afae-e88618ad9a65"}
checkxlinkurl.template.feature:14 - 
javax.net.ssl.SSLException: Connection reset
[1.124:16] ngr-check-dataset-record.feature:80 - feature call (loop) failed: classpath:InspireTest/ngr/datasetrecords/def/checkxlinkurl.template.feature
caller: classpath:InspireTest/ngr/datasetrecords/ngr-check-dataset-record.feature
items: [{link=https://www.nationaalgeoregister.nl/geonetwork/srv/dut/catalog.search#/metadata/110f9ec6-4464-462e-9765-83d90cefbead}, {link=http://rdfdata.eionet.europa.eu/inspirethemes/themes/24}, {link=https://ngr.geocat.live/geonetwork/srv/eng/thesaurus.download?ref=external.theme.httpinspireeceuropaeumetadatacodelistPrioritydataset-Prioritydataset}]
errors:
-------
feature call (loop) failed at index: 1
caller: classpath:InspireTest/ngr/datasetrecords/def/checkxlinkurl.template.feature
arg: {"link":"http://rdfdata.eionet.europa.eu/inspirethemes/themes/24"}
checkxlinkurl.template.feature:15 - status code was: 404, expected: 200, response time: 191, url: http://rdfdata.eionet.europa.eu/inspirethemes/themes/24, response: 
-------
feature call (loop) failed at index: 2
caller: classpath:InspireTest/ngr/datasetrecords/def/checkxlinkurl.template.feature
arg: {"link":"https://ngr.geocat.live/geonetwork/srv/eng/thesaurus.download?ref=external.theme.httpinspireeceuropaeumetadatacodelistPrioritydataset-Prioritydataset"}
checkxlinkurl.template.feature:15 - status code was: 500, expected: 200, response time: 416, url: https://ngr.geocat.live/geonetwork/srv/eng/thesaurus.download?ref=external.theme.httpinspireeceuropaeumetadatacodelistPrioritydataset-Prioritydataset, response: 
[1.125:16] ngr-check-dataset-record.feature:80 - feature call (loop) failed: classpath:InspireTest/ngr/datasetrecords/def/checkxlinkurl.template.feature
caller: classpath:InspireTest/ngr/datasetrecords/ngr-check-dataset-record.feature
items: [{link=http://standaarden.overheid.nl/owms/terms/Ministerie_van_Landbouw,_Natuur_en_Voedselkwaliteit}, {link=http://www.nationaalgeoregister.nl/geonetwork/srv/dut/catalog.search#/metadata/a04afee4-47d5-45b7-b7a0-a6f86106af11}, {link=http://standaarden.overheid.nl/owms/terms/Ministerie_van_Landbouw,_Natuur_en_Voedselkwaliteit}, {link=http://standaarden.overheid.nl/owms/terms/Ministerie_van_Landbouw,_Natuur_en_Voedselkwaliteit}, {link=https://data.overheid.nl/organisatie/PDOK}]
errors:
-------
feature call (loop) failed at index: 4
caller: classpath:InspireTest/ngr/datasetrecords/def/checkxlinkurl.template.feature
arg: {"link":"https://data.overheid.nl/organisatie/PDOK"}
checkxlinkurl.template.feature:15 - status code was: 404, expected: 200, response time: 673, url: https://data.overheid.nl/organisatie/PDOK, response: 
[1.126:16] ngr-check-dataset-record.feature:80 - feature call (loop) failed: classpath:InspireTest/ngr/datasetrecords/def/checkxlinkurl.template.feature
caller: classpath:InspireTest/ngr/datasetrecords/ngr-check-dataset-record.feature
items: [{link=https://data.rivm.nl/inspire/id#df9bc66f-941b-4c38-a104-1b8d940a53db}]
errors:
-------
feature call (loop) failed at index: 0
caller: classpath:InspireTest/ngr/datasetrecords/def/checkxlinkurl.template.feature
arg: {"link":"https://data.rivm.nl/inspire/id#df9bc66f-941b-4c38-a104-1b8d940a53db"}
checkxlinkurl.template.feature:14 - 
javax.net.ssl.SSLException: Connection reset
[1.127:16] ngr-check-dataset-record.feature:80 - feature call (loop) failed: classpath:InspireTest/ngr/datasetrecords/def/checkxlinkurl.template.feature
caller: classpath:InspireTest/ngr/datasetrecords/ngr-check-dataset-record.feature
items: [{link=https://data.rivm.nl/inspire/id#4504a4b2-3179-44b3-a5a9-b67b693c514d}]
errors:
-------
feature call (loop) failed at index: 0
caller: classpath:InspireTest/ngr/datasetrecords/def/checkxlinkurl.template.feature
arg: {"link":"https://data.rivm.nl/inspire/id#4504a4b2-3179-44b3-a5a9-b67b693c514d"}
checkxlinkurl.template.feature:14 - 
javax.net.ssl.SSLException: Connection reset
[1.128:16] ngr-check-dataset-record.feature:80 - feature call (loop) failed: classpath:InspireTest/ngr/datasetrecords/def/checkxlinkurl.template.feature
caller: classpath:InspireTest/ngr/datasetrecords/ngr-check-dataset-record.feature
items: [{link=https://data.rivm.nl/inspire/id#a3095f95-0ec7-46ff-ae14-ce2173e8fafa}]
errors:
-------
feature call (loop) failed at index: 0
caller: classpath:InspireTest/ngr/datasetrecords/def/checkxlinkurl.template.feature
arg: {"link":"https://data.rivm.nl/inspire/id#a3095f95-0ec7-46ff-ae14-ce2173e8fafa"}
checkxlinkurl.template.feature:14 - 
javax.net.ssl.SSLException: Connection reset
[1.129:16] ngr-check-dataset-record.feature:80 - feature call (loop) failed: classpath:InspireTest/ngr/datasetrecords/def/checkxlinkurl.template.feature
caller: classpath:InspireTest/ngr/datasetrecords/ngr-check-dataset-record.feature
items: [{link=https://data.rivm.nl/inspire/id#440c4a06-6924-4f9c-a9e2-6f61340f711b}]
errors:
-------
feature call (loop) failed at index: 0
caller: classpath:InspireTest/ngr/datasetrecords/def/checkxlinkurl.template.feature
arg: {"link":"https://data.rivm.nl/inspire/id#440c4a06-6924-4f9c-a9e2-6f61340f711b"}
checkxlinkurl.template.feature:14 - 
javax.net.ssl.SSLException: Connection reset
[1.130:16] ngr-check-dataset-record.feature:80 - feature call (loop) failed: classpath:InspireTest/ngr/datasetrecords/def/checkxlinkurl.template.feature
caller: classpath:InspireTest/ngr/datasetrecords/ngr-check-dataset-record.feature
items: [{link=https://data.rivm.nl/inspire?id#505e9f1e-84bc-4856-9771-4295db998bb6}]
errors:
-------
feature call (loop) failed at index: 0
caller: classpath:InspireTest/ngr/datasetrecords/def/checkxlinkurl.template.feature
arg: {"link":"https://data.rivm.nl/inspire?id#505e9f1e-84bc-4856-9771-4295db998bb6"}
checkxlinkurl.template.feature:15 - status code was: 404, expected: 200, response time: 340, url: https://data.rivm.nl/inspire?id#505e9f1e-84bc-4856-9771-4295db998bb6, response: 
[1.131:16] ngr-check-dataset-record.feature:80 - feature call (loop) failed: classpath:InspireTest/ngr/datasetrecords/def/checkxlinkurl.template.feature
caller: classpath:InspireTest/ngr/datasetrecords/ngr-check-dataset-record.feature
items: [{link=http://www.opengis.net/def/crs/EPSG/0/https://www.opengis.net/def/crs/EPSG/0/4258}, {link=https://www.nationaalgeoregister.nl/geonetwork/srv/api/recordse8b84fae-00b3-49c1-80c1-df8f69f64e8c}]
errors:
-------
feature call (loop) failed at index: 1
caller: classpath:InspireTest/ngr/datasetrecords/def/checkxlinkurl.template.feature
arg: {"link":"https://www.nationaalgeoregister.nl/geonetwork/srv/api/recordse8b84fae-00b3-49c1-80c1-df8f69f64e8c"}
checkxlinkurl.template.feature:15 - status code was: 500, expected: 200, response time: 477, url: https://www.nationaalgeoregister.nl/geonetwork/srv/api/recordse8b84fae-00b3-49c1-80c1-df8f69f64e8c, response: 
[1.132:16] ngr-check-dataset-record.feature:80 - feature call (loop) failed: classpath:InspireTest/ngr/datasetrecords/def/checkxlinkurl.template.feature
caller: classpath:InspireTest/ngr/datasetrecords/ngr-check-dataset-record.feature
items: [{link=http://www.opengis.net/def/crs/EPSG/0/https://www.opengis.net/def/crs/EPSG/0/4258}, {link=https://www.nationaalgeoregister.nl/geonetwork/srv/api/recordsbb11be63-bd38-4632-bf54-df44c423a529}]
errors:
-------
feature call (loop) failed at index: 1
caller: classpath:InspireTest/ngr/datasetrecords/def/checkxlinkurl.template.feature
arg: {"link":"https://www.nationaalgeoregister.nl/geonetwork/srv/api/recordsbb11be63-bd38-4632-bf54-df44c423a529"}
checkxlinkurl.template.feature:15 - status code was: 500, expected: 200, response time: 348, url: https://www.nationaalgeoregister.nl/geonetwork/srv/api/recordsbb11be63-bd38-4632-bf54-df44c423a529, response: 
[1.133:16] ngr-check-dataset-record.feature:80 - feature call (loop) failed: classpath:InspireTest/ngr/datasetrecords/def/checkxlinkurl.template.feature
caller: classpath:InspireTest/ngr/datasetrecords/ngr-check-dataset-record.feature
items: [{link=https://www.nationaalgeoregister.nl/geonetwork/srv/dut/catalog.search#/metadata/krm-a905-9d8e-4758-83fa-28b057f185e3}, {link=http://rdfdata.eionet.europa.eu/inspirethemes/themes/24}, {link=https://ngr.geocat.live/geonetwork/srv/eng/thesaurus.download?ref=external.theme.httpinspireeceuropaeumetadatacodelistPrioritydataset-Prioritydataset}]
errors:
-------
feature call (loop) failed at index: 1
caller: classpath:InspireTest/ngr/datasetrecords/def/checkxlinkurl.template.feature
arg: {"link":"http://rdfdata.eionet.europa.eu/inspirethemes/themes/24"}
checkxlinkurl.template.feature:15 - status code was: 404, expected: 200, response time: 202, url: http://rdfdata.eionet.europa.eu/inspirethemes/themes/24, response: 
-------
feature call (loop) failed at index: 2
caller: classpath:InspireTest/ngr/datasetrecords/def/checkxlinkurl.template.feature
arg: {"link":"https://ngr.geocat.live/geonetwork/srv/eng/thesaurus.download?ref=external.theme.httpinspireeceuropaeumetadatacodelistPrioritydataset-Prioritydataset"}
checkxlinkurl.template.feature:15 - status code was: 500, expected: 200, response time: 326, url: https://ngr.geocat.live/geonetwork/srv/eng/thesaurus.download?ref=external.theme.httpinspireeceuropaeumetadatacodelistPrioritydataset-Prioritydataset, response: 
[1.134:16] ngr-check-dataset-record.feature:80 - feature call (loop) failed: classpath:InspireTest/ngr/datasetrecords/def/checkxlinkurl.template.feature
caller: classpath:InspireTest/ngr/datasetrecords/ngr-check-dataset-record.feature
items: [{link=https://www.nationaalgeoregister.nl/geonetwork/srv/dut/catalog.search#/metadata/krm-a905-9d8e-4758-83fa-28b057f185e4}, {link=http://rdfdata.eionet.europa.eu/inspirethemes/themes/24}, {link=https://ngr.geocat.live/geonetwork/srv/eng/thesaurus.download?ref=external.theme.httpinspireeceuropaeumetadatacodelistPrioritydataset-Prioritydataset}]
errors:
-------
feature call (loop) failed at index: 1
caller: classpath:InspireTest/ngr/datasetrecords/def/checkxlinkurl.template.feature
arg: {"link":"http://rdfdata.eionet.europa.eu/inspirethemes/themes/24"}
checkxlinkurl.template.feature:15 - status code was: 404, expected: 200, response time: 191, url: http://rdfdata.eionet.europa.eu/inspirethemes/themes/24, response: 
-------
feature call (loop) failed at index: 2
caller: classpath:InspireTest/ngr/datasetrecords/def/checkxlinkurl.template.feature
arg: {"link":"https://ngr.geocat.live/geonetwork/srv/eng/thesaurus.download?ref=external.theme.httpinspireeceuropaeumetadatacodelistPrioritydataset-Prioritydataset"}
checkxlinkurl.template.feature:15 - status code was: 500, expected: 200, response time: 305, url: https://ngr.geocat.live/geonetwork/srv/eng/thesaurus.download?ref=external.theme.httpinspireeceuropaeumetadatacodelistPrioritydataset-Prioritydataset, response: 
[1.135:16] ngr-check-dataset-record.feature:80 - feature call (loop) failed: classpath:InspireTest/ngr/datasetrecords/def/checkxlinkurl.template.feature
caller: classpath:InspireTest/ngr/datasetrecords/ngr-check-dataset-record.feature
items: [{link=https://nationaalgeoregister.nl/geonetwork/srv/resources8bdf76b6-c9c9-4011-a7bc-022ae14a4024}, {link=http://rdfdata.eionet.europa.eu/inspirethemes/themes/24}, {link=http://geonetwork-opensource.org/inspire-theme#}, {link=https://www.nationaalgeoregister.nl/geonetwork/srv/eng/thesaurus.download?ref=external.theme.inspire-theme}]
errors:
-------
feature call (loop) failed at index: 0
caller: classpath:InspireTest/ngr/datasetrecords/def/checkxlinkurl.template.feature
arg: {"link":"https://nationaalgeoregister.nl/geonetwork/srv/resources8bdf76b6-c9c9-4011-a7bc-022ae14a4024"}
checkxlinkurl.template.feature:15 - status code was: 404, expected: 200, response time: 266, url: https://nationaalgeoregister.nl/geonetwork/srv/resources8bdf76b6-c9c9-4011-a7bc-022ae14a4024, response: 
-------
feature call (loop) failed at index: 1
caller: classpath:InspireTest/ngr/datasetrecords/def/checkxlinkurl.template.feature
arg: {"link":"http://rdfdata.eionet.europa.eu/inspirethemes/themes/24"}
checkxlinkurl.template.feature:15 - status code was: 404, expected: 200, response time: 191, url: http://rdfdata.eionet.europa.eu/inspirethemes/themes/24, response: 
-------
feature call (loop) failed at index: 2
caller: classpath:InspireTest/ngr/datasetrecords/def/checkxlinkurl.template.feature
arg: {"link":"http://geonetwork-opensource.org/inspire-theme#"}
checkxlinkurl.template.feature:15 - status code was: 404, expected: 200, response time: 379, url: http://geonetwork-opensource.org/inspire-theme#, response: 
-------
feature call (loop) failed at index: 3
caller: classpath:InspireTest/ngr/datasetrecords/def/checkxlinkurl.template.feature
arg: {"link":"https://www.nationaalgeoregister.nl/geonetwork/srv/eng/thesaurus.download?ref=external.theme.inspire-theme"}
checkxlinkurl.template.feature:15 - status code was: 500, expected: 200, response time: 309, url: https://www.nationaalgeoregister.nl/geonetwork/srv/eng/thesaurus.download?ref=external.theme.inspire-theme, response: 
[1.136:16] ngr-check-dataset-record.feature:80 - feature call (loop) failed: classpath:InspireTest/ngr/datasetrecords/def/checkxlinkurl.template.feature
caller: classpath:InspireTest/ngr/datasetrecords/ngr-check-dataset-record.feature
items: [{link=https://data.rivm.nl/inspire/id#10fcd5a9-3804-48e3-bcbd-d816594dbb6f}]
errors:
-------
feature call (loop) failed at index: 0
caller: classpath:InspireTest/ngr/datasetrecords/def/checkxlinkurl.template.feature
arg: {"link":"https://data.rivm.nl/inspire/id#10fcd5a9-3804-48e3-bcbd-d816594dbb6f"}
checkxlinkurl.template.feature:14 - 
javax.net.ssl.SSLException: Connection reset
[1.137:16] ngr-check-dataset-record.feature:80 - feature call (loop) failed: classpath:InspireTest/ngr/datasetrecords/def/checkxlinkurl.template.feature
caller: classpath:InspireTest/ngr/datasetrecords/ngr-check-dataset-record.feature
items: [{link=http://www.opengis.net/def/crs/EPSG/0/http://www.opengis.net/def/crs/EPSG/0/3034}, {link=http://nationaalgeoregister.nl/geonetwork/srv/dut/csw?SERVICE=CSW&version=2.0.2&REQUEST=GetRecordById&elementSetName=full&OutputSchema=http://www.isotc211.org/2005/gmd&ID=49ab8bee-b467-486a-96ca-b950443c453a}, {link=https://creativecommons.org/publicdomain/mark/*/deed.nl}, {link=}]
errors:
-------
feature call (loop) failed at index: 2
caller: classpath:InspireTest/ngr/datasetrecords/def/checkxlinkurl.template.feature
arg: {"link":"https://creativecommons.org/publicdomain/mark/*/deed.nl"}
checkxlinkurl.template.feature:15 - status code was: 404, expected: 200, response time: 27, url: https://creativecommons.org/publicdomain/mark/*/deed.nl, response: 
-------
feature call (loop) failed at index: 3
caller: classpath:InspireTest/ngr/datasetrecords/def/checkxlinkurl.template.feature
arg: {"link":""}
checkxlinkurl.template.feature:14 - 
org.apache.http.client.ClientProtocolException
[1.138:16] ngr-check-dataset-record.feature:80 - feature call (loop) failed: classpath:InspireTest/ngr/datasetrecords/def/checkxlinkurl.template.feature
caller: classpath:InspireTest/ngr/datasetrecords/ngr-check-dataset-record.feature
items: [{link=http://standaarden.overheid.nl/owms/terms/Ministerie_van_Landbouw,_Natuur_en_Voedselkwaliteit}, {link=http://nationaalgeoregister.nl/geonetwork/srv/dut/catalog.search#/metadata/19165027-a13a-4c19-9013-ec1fd191019d}, {link=http://standaarden.overheid.nl/owms/terms/Ministerie_van_Landbouw,_Natuur_en_Voedselkwaliteit}, {link=http://standaarden.overheid.nl/owms/terms/Ministerie_van_Landbouw,_Natuur_en_Voedselkwaliteit}, {link=https://data.overheid.nl/organisatie/PDOK}]
errors:
-------
feature call (loop) failed at index: 4
caller: classpath:InspireTest/ngr/datasetrecords/def/checkxlinkurl.template.feature
arg: {"link":"https://data.overheid.nl/organisatie/PDOK"}
checkxlinkurl.template.feature:15 - status code was: 404, expected: 200, response time: 1286, url: https://data.overheid.nl/organisatie/PDOK, response: 
[1.139:16] ngr-check-dataset-record.feature:80 - feature call (loop) failed: classpath:InspireTest/ngr/datasetrecords/def/checkxlinkurl.template.feature
caller: classpath:InspireTest/ngr/datasetrecords/ngr-check-dataset-record.feature
items: [{link=https://data.rivm.nl/inspire/id#b867ba72-5a7c-41fe-b997-394b56dfbd25}]
errors:
-------
feature call (loop) failed at index: 0
caller: classpath:InspireTest/ngr/datasetrecords/def/checkxlinkurl.template.feature
arg: {"link":"https://data.rivm.nl/inspire/id#b867ba72-5a7c-41fe-b997-394b56dfbd25"}
checkxlinkurl.template.feature:14 - 
javax.net.ssl.SSLException: Connection reset
[1.140:16] ngr-check-dataset-record.feature:80 - feature call (loop) failed: classpath:InspireTest/ngr/datasetrecords/def/checkxlinkurl.template.feature
caller: classpath:InspireTest/ngr/datasetrecords/ngr-check-dataset-record.feature
items: [{link=https://data.rivm.nl/inspire/id#a98a6cdb-61cd-4107-b775-2334e6772ed5}]
errors:
-------
feature call (loop) failed at index: 0
caller: classpath:InspireTest/ngr/datasetrecords/def/checkxlinkurl.template.feature
arg: {"link":"https://data.rivm.nl/inspire/id#a98a6cdb-61cd-4107-b775-2334e6772ed5"}
checkxlinkurl.template.feature:14 - 
javax.net.ssl.SSLException: Connection reset
[1.141:16] ngr-check-dataset-record.feature:80 - feature call (loop) failed: classpath:InspireTest/ngr/datasetrecords/def/checkxlinkurl.template.feature
caller: classpath:InspireTest/ngr/datasetrecords/ngr-check-dataset-record.feature
items: [{link=u}, {link=r}, {link=n}, {link=:}, {link=o}, {link=g}, {link=c}, {link=:}, {link=d}, {link=e}, {link=f}, {link=:}, {link=c}, {link=r}, {link=s}, {link=:}, {link=E}, {link=P}, {link=S}, {link=G}, {link=:}, {link=:}, {link=5}, {link=6}, {link=2}, {link=1}]
errors:
-------
feature call (loop) failed at index: 0
caller: classpath:InspireTest/ngr/datasetrecords/def/checkxlinkurl.template.feature
arg: {"link":"u"}
checkxlinkurl.template.feature:14 - 
org.apache.http.client.ClientProtocolException
-------
feature call (loop) failed at index: 1
caller: classpath:InspireTest/ngr/datasetrecords/def/checkxlinkurl.template.feature
arg: {"link":"r"}
checkxlinkurl.template.feature:14 - 
org.apache.http.client.ClientProtocolException
-------
feature call (loop) failed at index: 2
caller: classpath:InspireTest/ngr/datasetrecords/def/checkxlinkurl.template.feature
arg: {"link":"n"}
checkxlinkurl.template.feature:14 - 
org.apache.http.client.ClientProtocolException
-------
feature call (loop) failed at index: 3
caller: classpath:InspireTest/ngr/datasetrecords/def/checkxlinkurl.template.feature
arg: {"link":":"}
checkxlinkurl.template.feature:14 - java.net.URISyntaxException: Expected scheme name at index 0: :
-------
feature call (loop) failed at index: 4
caller: classpath:InspireTest/ngr/datasetrecords/def/checkxlinkurl.template.feature
arg: {"link":"o"}
checkxlinkurl.template.feature:14 - 
org.apache.http.client.ClientProtocolException
-------
feature call (loop) failed at index: 5
caller: classpath:InspireTest/ngr/datasetrecords/def/checkxlinkurl.template.feature
arg: {"link":"g"}
checkxlinkurl.template.feature:14 - 
org.apache.http.client.ClientProtocolException
-------
feature call (loop) failed at index: 6
caller: classpath:InspireTest/ngr/datasetrecords/def/checkxlinkurl.template.feature
arg: {"link":"c"}
checkxlinkurl.template.feature:14 - 
org.apache.http.client.ClientProtocolException
-------
feature call (loop) failed at index: 7
caller: classpath:InspireTest/ngr/datasetrecords/def/checkxlinkurl.template.feature
arg: {"link":":"}
checkxlinkurl.template.feature:14 - java.net.URISyntaxException: Expected scheme name at index 0: :
-------
feature call (loop) failed at index: 8
caller: classpath:InspireTest/ngr/datasetrecords/def/checkxlinkurl.template.feature
arg: {"link":"d"}
checkxlinkurl.template.feature:14 - 
org.apache.http.client.ClientProtocolException
-------
feature call (loop) failed at index: 9
caller: classpath:InspireTest/ngr/datasetrecords/def/checkxlinkurl.template.feature
arg: {"link":"e"}
checkxlinkurl.template.feature:14 - 
org.apache.http.client.ClientProtocolException
-------
feature call (loop) failed at index: 10
caller: classpath:InspireTest/ngr/datasetrecords/def/checkxlinkurl.template.feature
arg: {"link":"f"}
checkxlinkurl.template.feature:14 - 
org.apache.http.client.ClientProtocolException
-------
feature call (loop) failed at index: 11
caller: classpath:InspireTest/ngr/datasetrecords/def/checkxlinkurl.template.feature
arg: {"link":":"}
checkxlinkurl.template.feature:14 - java.net.URISyntaxException: Expected scheme name at index 0: :
-------
feature call (loop) failed at index: 12
caller: classpath:InspireTest/ngr/datasetrecords/def/checkxlinkurl.template.feature
arg: {"link":"c"}
checkxlinkurl.template.feature:14 - 
org.apache.http.client.ClientProtocolException
-------
feature call (loop) failed at index: 13
caller: classpath:InspireTest/ngr/datasetrecords/def/checkxlinkurl.template.feature
arg: {"link":"r"}
checkxlinkurl.template.feature:14 - 
org.apache.http.client.ClientProtocolException
-------
feature call (loop) failed at index: 14
caller: classpath:InspireTest/ngr/datasetrecords/def/checkxlinkurl.template.feature
arg: {"link":"s"}
checkxlinkurl.template.feature:14 - 
org.apache.http.client.ClientProtocolException
-------
feature call (loop) failed at index: 15
caller: classpath:InspireTest/ngr/datasetrecords/def/checkxlinkurl.template.feature
arg: {"link":":"}
checkxlinkurl.template.feature:14 - java.net.URISyntaxException: Expected scheme name at index 0: :
-------
feature call (loop) failed at index: 16
caller: classpath:InspireTest/ngr/datasetrecords/def/checkxlinkurl.template.feature
arg: {"link":"E"}
checkxlinkurl.template.feature:14 - 
org.apache.http.client.ClientProtocolException
-------
feature call (loop) failed at index: 17
caller: classpath:InspireTest/ngr/datasetrecords/def/checkxlinkurl.template.feature
arg: {"link":"P"}
checkxlinkurl.template.feature:14 - 
org.apache.http.client.ClientProtocolException
-------
feature call (loop) failed at index: 18
caller: classpath:InspireTest/ngr/datasetrecords/def/checkxlinkurl.template.feature
arg: {"link":"S"}
checkxlinkurl.template.feature:14 - 
org.apache.http.client.ClientProtocolException
-------
feature call (loop) failed at index: 19
caller: classpath:InspireTest/ngr/datasetrecords/def/checkxlinkurl.template.feature
arg: {"link":"G"}
checkxlinkurl.template.feature:14 - 
org.apache.http.client.ClientProtocolException
-------
feature call (loop) failed at index: 20
caller: classpath:InspireTest/ngr/datasetrecords/def/checkxlinkurl.template.feature
arg: {"link":":"}
checkxlinkurl.template.feature:14 - java.net.URISyntaxException: Expected scheme name at index 0: :
-------
feature call (loop) failed at index: 21
caller: classpath:InspireTest/ngr/datasetrecords/def/checkxlinkurl.template.feature
arg: {"link":":"}
checkxlinkurl.template.feature:14 - java.net.URISyntaxException: Expected scheme name at index 0: :
-------
feature call (loop) failed at index: 22
caller: classpath:InspireTest/ngr/datasetrecords/def/checkxlinkurl.template.feature
arg: {"link":"5"}
checkxlinkurl.template.feature:14 - 
org.apache.http.client.ClientProtocolException
-------
feature call (loop) failed at index: 23
caller: classpath:InspireTest/ngr/datasetrecords/def/checkxlinkurl.template.feature
arg: {"link":"6"}
checkxlinkurl.template.feature:14 - 
org.apache.http.client.ClientProtocolException
-------
feature call (loop) failed at index: 24
caller: classpath:InspireTest/ngr/datasetrecords/def/checkxlinkurl.template.feature
arg: {"link":"2"}
checkxlinkurl.template.feature:14 - 
org.apache.http.client.ClientProtocolException
-------
feature call (loop) failed at index: 25
caller: classpath:InspireTest/ngr/datasetrecords/def/checkxlinkurl.template.feature
arg: {"link":"1"}
checkxlinkurl.template.feature:14 - 
org.apache.http.client.ClientProtocolException
[1.142:16] ngr-check-dataset-record.feature:80 - feature call (loop) failed: classpath:InspireTest/ngr/datasetrecords/def/checkxlinkurl.template.feature
caller: classpath:InspireTest/ngr/datasetrecords/ngr-check-dataset-record.feature
items: [{link=}]
errors:
-------
feature call (loop) failed at index: 0
caller: classpath:InspireTest/ngr/datasetrecords/def/checkxlinkurl.template.feature
arg: {"link":""}
checkxlinkurl.template.feature:14 - 
org.apache.http.client.ClientProtocolException
[1.143:16] ngr-check-dataset-record.feature:80 - feature call (loop) failed: classpath:InspireTest/ngr/datasetrecords/def/checkxlinkurl.template.feature
caller: classpath:InspireTest/ngr/datasetrecords/ngr-check-dataset-record.feature
items: [{link=https://www.nationaalgeoregister.nl/geonetwork/srv/api/recordsc3c004ad-5387-4b00-a225-9afbcaa5d31b}]
errors:
-------
feature call (loop) failed at index: 0
caller: classpath:InspireTest/ngr/datasetrecords/def/checkxlinkurl.template.feature
arg: {"link":"https://www.nationaalgeoregister.nl/geonetwork/srv/api/recordsc3c004ad-5387-4b00-a225-9afbcaa5d31b"}
checkxlinkurl.template.feature:15 - status code was: 500, expected: 200, response time: 298, url: https://www.nationaalgeoregister.nl/geonetwork/srv/api/recordsc3c004ad-5387-4b00-a225-9afbcaa5d31b, response: 
[1.144:16] ngr-check-dataset-record.feature:80 - feature call (loop) failed: classpath:InspireTest/ngr/datasetrecords/def/checkxlinkurl.template.feature
caller: classpath:InspireTest/ngr/datasetrecords/ngr-check-dataset-record.feature
items: [{link=https://data.rivm.nl/inspire/id#fd9c4f87-026e-4681-8d94-9702f3c83078}]
errors:
-------
feature call (loop) failed at index: 0
caller: classpath:InspireTest/ngr/datasetrecords/def/checkxlinkurl.template.feature
arg: {"link":"https://data.rivm.nl/inspire/id#fd9c4f87-026e-4681-8d94-9702f3c83078"}
checkxlinkurl.template.feature:14 - 
javax.net.ssl.SSLException: Connection reset
[1.146:16] ngr-check-dataset-record.feature:80 - feature call (loop) failed: classpath:InspireTest/ngr/datasetrecords/def/checkxlinkurl.template.feature
caller: classpath:InspireTest/ngr/datasetrecords/ngr-check-dataset-record.feature
items: [{link=https://www.nationaalgeoregister.nl/geonetwork/srv/api/records1b2abd21-3084-4db7-ab49-46866b4aac2b}, {link=https://creativecommons.org/publicdomain/zero/*/deed.nl}]
errors:
-------
feature call (loop) failed at index: 0
caller: classpath:InspireTest/ngr/datasetrecords/def/checkxlinkurl.template.feature
arg: {"link":"https://www.nationaalgeoregister.nl/geonetwork/srv/api/records1b2abd21-3084-4db7-ab49-46866b4aac2b"}
checkxlinkurl.template.feature:15 - status code was: 500, expected: 200, response time: 332, url: https://www.nationaalgeoregister.nl/geonetwork/srv/api/records1b2abd21-3084-4db7-ab49-46866b4aac2b, response: 
-------
feature call (loop) failed at index: 1
caller: classpath:InspireTest/ngr/datasetrecords/def/checkxlinkurl.template.feature
arg: {"link":"https://creativecommons.org/publicdomain/zero/*/deed.nl"}
checkxlinkurl.template.feature:15 - status code was: 404, expected: 200, response time: 28, url: https://creativecommons.org/publicdomain/zero/*/deed.nl, response: 
[1.147:16] ngr-check-dataset-record.feature:80 - feature call (loop) failed: classpath:InspireTest/ngr/datasetrecords/def/checkxlinkurl.template.feature
caller: classpath:InspireTest/ngr/datasetrecords/ngr-check-dataset-record.feature
items: [{link=http://nationaalgeoregister.nl/geonetwork/srv/dut/csw?SERVICE=CSW&version=2.0.2&REQUEST=GetRecordById&elementSetName=full&OutputSchema=http://www.isotc211.org/2005/gmd&ID=f5f68d51-2ca4-4897-8227-d3938b2b0a7e}, {link=https://creativecommons.org/publicdomain/mark/*/deed.nl}, {link=}]
errors:
-------
feature call (loop) failed at index: 1
caller: classpath:InspireTest/ngr/datasetrecords/def/checkxlinkurl.template.feature
arg: {"link":"https://creativecommons.org/publicdomain/mark/*/deed.nl"}
checkxlinkurl.template.feature:15 - status code was: 404, expected: 200, response time: 24, url: https://creativecommons.org/publicdomain/mark/*/deed.nl, response: 
-------
feature call (loop) failed at index: 2
caller: classpath:InspireTest/ngr/datasetrecords/def/checkxlinkurl.template.feature
arg: {"link":""}
checkxlinkurl.template.feature:14 - 
org.apache.http.client.ClientProtocolException
[1.148:16] ngr-check-dataset-record.feature:80 - feature call (loop) failed: classpath:InspireTest/ngr/datasetrecords/def/checkxlinkurl.template.feature
caller: classpath:InspireTest/ngr/datasetrecords/ngr-check-dataset-record.feature
items: [{link=https://www.nationaalgeoregister.nl/geonetwork/srv/api/records49807edc-0007-41aa-8809-d381f6713de4}, {link=https://creativecommons.org/publicdomain/zero/*/deed.nl}]
errors:
-------
feature call (loop) failed at index: 0
caller: classpath:InspireTest/ngr/datasetrecords/def/checkxlinkurl.template.feature
arg: {"link":"https://www.nationaalgeoregister.nl/geonetwork/srv/api/records49807edc-0007-41aa-8809-d381f6713de4"}
checkxlinkurl.template.feature:15 - status code was: 500, expected: 200, response time: 313, url: https://www.nationaalgeoregister.nl/geonetwork/srv/api/records49807edc-0007-41aa-8809-d381f6713de4, response: 
-------
feature call (loop) failed at index: 1
caller: classpath:InspireTest/ngr/datasetrecords/def/checkxlinkurl.template.feature
arg: {"link":"https://creativecommons.org/publicdomain/zero/*/deed.nl"}
checkxlinkurl.template.feature:15 - status code was: 404, expected: 200, response time: 30, url: https://creativecommons.org/publicdomain/zero/*/deed.nl, response: 
[1.149:16] ngr-check-dataset-record.feature:80 - feature call (loop) failed: classpath:InspireTest/ngr/datasetrecords/def/checkxlinkurl.template.feature
caller: classpath:InspireTest/ngr/datasetrecords/ngr-check-dataset-record.feature
items: [{link=https://www.nationaalgeoregister.nl/geonetwork/srv/api/records6e4a2001-fef7-471c-8286-4f859bc1131e}, {link=https://creativecommons.org/publicdomain/zero/*/deed.nl}]
errors:
-------
feature call (loop) failed at index: 0
caller: classpath:InspireTest/ngr/datasetrecords/def/checkxlinkurl.template.feature
arg: {"link":"https://www.nationaalgeoregister.nl/geonetwork/srv/api/records6e4a2001-fef7-471c-8286-4f859bc1131e"}
checkxlinkurl.template.feature:15 - status code was: 500, expected: 200, response time: 303, url: https://www.nationaalgeoregister.nl/geonetwork/srv/api/records6e4a2001-fef7-471c-8286-4f859bc1131e, response: 
-------
feature call (loop) failed at index: 1
caller: classpath:InspireTest/ngr/datasetrecords/def/checkxlinkurl.template.feature
arg: {"link":"https://creativecommons.org/publicdomain/zero/*/deed.nl"}
checkxlinkurl.template.feature:15 - status code was: 404, expected: 200, response time: 36, url: https://creativecommons.org/publicdomain/zero/*/deed.nl, response: 
[1.150:16] ngr-check-dataset-record.feature:80 - feature call (loop) failed: classpath:InspireTest/ngr/datasetrecords/def/checkxlinkurl.template.feature
caller: classpath:InspireTest/ngr/datasetrecords/ngr-check-dataset-record.feature
items: [{link=http://www.opengis.net/def/crs/EPSG/0/http://www.opengis.net/def/crs/EPSG/0/4258}, {link=http://kadaster/3b7bb05b-2d2e-4329-9a72-0eac19e315de}]
errors:
-------
feature call (loop) failed at index: 1
caller: classpath:InspireTest/ngr/datasetrecords/def/checkxlinkurl.template.feature
arg: {"link":"http://kadaster/3b7bb05b-2d2e-4329-9a72-0eac19e315de"}
checkxlinkurl.template.feature:14 - 
java.net.UnknownHostException: kadaster: Temporary failure in name resolution
[1.151:16] ngr-check-dataset-record.feature:80 - feature call (loop) failed: classpath:InspireTest/ngr/datasetrecords/def/checkxlinkurl.template.feature
caller: classpath:InspireTest/ngr/datasetrecords/ngr-check-dataset-record.feature
items: [{link=http://services.rce.geovoorziening.nl/www/download/nl.xml}, {link=}, {link=}]
errors:
-------
feature call (loop) failed at index: 1
caller: classpath:InspireTest/ngr/datasetrecords/def/checkxlinkurl.template.feature
arg: {"link":""}
checkxlinkurl.template.feature:14 - 
org.apache.http.client.ClientProtocolException
-------
feature call (loop) failed at index: 2
caller: classpath:InspireTest/ngr/datasetrecords/def/checkxlinkurl.template.feature
arg: {"link":""}
checkxlinkurl.template.feature:14 - 
org.apache.http.client.ClientProtocolException
[1.153:16] ngr-check-dataset-record.feature:80 - feature call (loop) failed: classpath:InspireTest/ngr/datasetrecords/def/checkxlinkurl.template.feature
caller: classpath:InspireTest/ngr/datasetrecords/ngr-check-dataset-record.feature
items: [{link=https://www.nationaalgeoregister.nl/geonetwork/srv/dut/catalog.search#/metadata/7939fd42-cf88-42c5-ab3b-232cf232a3ac}, {link=http://rdfdata.eionet.europa.eu/inspirethemes/themes/10}, {link=urn:ogc:def:crs:EPSG::5709}]
errors:
-------
feature call (loop) failed at index: 1
caller: classpath:InspireTest/ngr/datasetrecords/def/checkxlinkurl.template.feature
arg: {"link":"http://rdfdata.eionet.europa.eu/inspirethemes/themes/10"}
checkxlinkurl.template.feature:15 - status code was: 404, expected: 200, response time: 192, url: http://rdfdata.eionet.europa.eu/inspirethemes/themes/10, response: 
-------
feature call (loop) failed at index: 2
caller: classpath:InspireTest/ngr/datasetrecords/def/checkxlinkurl.template.feature
arg: {"link":"urn:ogc:def:crs:EPSG::5709"}
checkxlinkurl.template.feature:14 - 
org.apache.http.client.ClientProtocolException: URI does not specify a valid host name: urn:ogc:def:crs:EPSG::5709
[1.154:16] ngr-check-dataset-record.feature:48 - xpath does not exist: /GetRecordByIdResponse//@href on response
[1.155:16] ngr-check-dataset-record.feature:80 - feature call (loop) failed: classpath:InspireTest/ngr/datasetrecords/def/checkxlinkurl.template.feature
caller: classpath:InspireTest/ngr/datasetrecords/ngr-check-dataset-record.feature
items: [{link=https://www.nationaalgeoregister.nl/geonetwork/srv/dut/catalog.search#/metadata/cf69ec50-9849-4afd-853c-ee56211d336d}, {link=http://rdfdata.eionet.europa.eu/inspirethemes/themes/20}, {link=http://rdfdata.eionet.europa.eu/inspirethemes/themes/28}, {link=urn:ogc:def:crs:EPSG::5709}]
errors:
-------
feature call (loop) failed at index: 1
caller: classpath:InspireTest/ngr/datasetrecords/def/checkxlinkurl.template.feature
arg: {"link":"http://rdfdata.eionet.europa.eu/inspirethemes/themes/20"}
checkxlinkurl.template.feature:15 - status code was: 404, expected: 200, response time: 191, url: http://rdfdata.eionet.europa.eu/inspirethemes/themes/20, response: 
-------
feature call (loop) failed at index: 2
caller: classpath:InspireTest/ngr/datasetrecords/def/checkxlinkurl.template.feature
arg: {"link":"http://rdfdata.eionet.europa.eu/inspirethemes/themes/28"}
checkxlinkurl.template.feature:15 - status code was: 404, expected: 200, response time: 190, url: http://rdfdata.eionet.europa.eu/inspirethemes/themes/28, response: 
-------
feature call (loop) failed at index: 3
caller: classpath:InspireTest/ngr/datasetrecords/def/checkxlinkurl.template.feature
arg: {"link":"urn:ogc:def:crs:EPSG::5709"}
checkxlinkurl.template.feature:14 - 
org.apache.http.client.ClientProtocolException: URI does not specify a valid host name: urn:ogc:def:crs:EPSG::5709
[1.156:16] ngr-check-dataset-record.feature:80 - feature call (loop) failed: classpath:InspireTest/ngr/datasetrecords/def/checkxlinkurl.template.feature
caller: classpath:InspireTest/ngr/datasetrecords/ngr-check-dataset-record.feature
items: [{link=https://geodata.nationaalgeoregister.nl/cbsgebiedsindelingen/atom/cbsgebiedsindelingen.xml}, {link=https://www.iana.org/assignments/media-types/application/geopackage+sqlite3}, {link=}]
errors:
-------
feature call (loop) failed at index: 2
caller: classpath:InspireTest/ngr/datasetrecords/def/checkxlinkurl.template.feature
arg: {"link":""}
checkxlinkurl.template.feature:14 - 
org.apache.http.client.ClientProtocolException
[1.157:16] ngr-check-dataset-record.feature:80 - feature call (loop) failed: classpath:InspireTest/ngr/datasetrecords/def/checkxlinkurl.template.feature
caller: classpath:InspireTest/ngr/datasetrecords/ngr-check-dataset-record.feature
items: [{link=https://nationaalgeoregister.nl/geonetwork/srv/resources49e49382-674d-4ce8-9f4a-ba4dd2265eef}, {link=http://rdfdata.eionet.europa.eu/inspirethemes/themes/33}, {link=http://geonetwork-opensource.org/inspire-theme#}, {link=https://www.nationaalgeoregister.nl/geonetwork/srv/eng/thesaurus.download?ref=external.theme.inspire-theme}]
errors:
-------
feature call (loop) failed at index: 0
caller: classpath:InspireTest/ngr/datasetrecords/def/checkxlinkurl.template.feature
arg: {"link":"https://nationaalgeoregister.nl/geonetwork/srv/resources49e49382-674d-4ce8-9f4a-ba4dd2265eef"}
checkxlinkurl.template.feature:15 - status code was: 404, expected: 200, response time: 271, url: https://nationaalgeoregister.nl/geonetwork/srv/resources49e49382-674d-4ce8-9f4a-ba4dd2265eef, response: 
-------
feature call (loop) failed at index: 1
caller: classpath:InspireTest/ngr/datasetrecords/def/checkxlinkurl.template.feature
arg: {"link":"http://rdfdata.eionet.europa.eu/inspirethemes/themes/33"}
checkxlinkurl.template.feature:15 - status code was: 404, expected: 200, response time: 191, url: http://rdfdata.eionet.europa.eu/inspirethemes/themes/33, response: 
-------
feature call (loop) failed at index: 2
caller: classpath:InspireTest/ngr/datasetrecords/def/checkxlinkurl.template.feature
arg: {"link":"http://geonetwork-opensource.org/inspire-theme#"}
checkxlinkurl.template.feature:15 - status code was: 404, expected: 200, response time: 380, url: http://geonetwork-opensource.org/inspire-theme#, response: 
-------
feature call (loop) failed at index: 3
caller: classpath:InspireTest/ngr/datasetrecords/def/checkxlinkurl.template.feature
arg: {"link":"https://www.nationaalgeoregister.nl/geonetwork/srv/eng/thesaurus.download?ref=external.theme.inspire-theme"}
checkxlinkurl.template.feature:15 - status code was: 500, expected: 200, response time: 296, url: https://www.nationaalgeoregister.nl/geonetwork/srv/eng/thesaurus.download?ref=external.theme.inspire-theme, response: 
[1.158:16] ngr-check-dataset-record.feature:80 - feature call (loop) failed: classpath:InspireTest/ngr/datasetrecords/def/checkxlinkurl.template.feature
caller: classpath:InspireTest/ngr/datasetrecords/ngr-check-dataset-record.feature
items: [{link=http://inspire.rdw.nl/www/download/Licentie-Geogedeeld-RDW.pdf}, {link=}]
errors:
-------
feature call (loop) failed at index: 1
caller: classpath:InspireTest/ngr/datasetrecords/def/checkxlinkurl.template.feature
arg: {"link":""}
checkxlinkurl.template.feature:14 - 
org.apache.http.client.ClientProtocolException
[1.159:16] ngr-check-dataset-record.feature:80 - feature call (loop) failed: classpath:InspireTest/ngr/datasetrecords/def/checkxlinkurl.template.feature
caller: classpath:InspireTest/ngr/datasetrecords/ngr-check-dataset-record.feature
items: [{link=http://kadaster/2482250f-3b00-4439-9f93-f3118229b024}, {link=}, {link=}, {link=}]
errors:
-------
feature call (loop) failed at index: 0
caller: classpath:InspireTest/ngr/datasetrecords/def/checkxlinkurl.template.feature
arg: {"link":"http://kadaster/2482250f-3b00-4439-9f93-f3118229b024"}
checkxlinkurl.template.feature:14 - 
java.net.UnknownHostException: kadaster
-------
feature call (loop) failed at index: 1
caller: classpath:InspireTest/ngr/datasetrecords/def/checkxlinkurl.template.feature
arg: {"link":""}
checkxlinkurl.template.feature:14 - 
org.apache.http.client.ClientProtocolException
-------
feature call (loop) failed at index: 2
caller: classpath:InspireTest/ngr/datasetrecords/def/checkxlinkurl.template.feature
arg: {"link":""}
checkxlinkurl.template.feature:14 - 
org.apache.http.client.ClientProtocolException
-------
feature call (loop) failed at index: 3
caller: classpath:InspireTest/ngr/datasetrecords/def/checkxlinkurl.template.feature
arg: {"link":""}
checkxlinkurl.template.feature:14 - 
org.apache.http.client.ClientProtocolException
[1.160:16] ngr-check-dataset-record.feature:80 - feature call (loop) failed: classpath:InspireTest/ngr/datasetrecords/def/checkxlinkurl.template.feature
caller: classpath:InspireTest/ngr/datasetrecords/ngr-check-dataset-record.feature
items: [{link=https://data.rivm.nl/inspire/id#a3b9f437-f571-4a00-b3c3-58e4354c244f}]
errors:
-------
feature call (loop) failed at index: 0
caller: classpath:InspireTest/ngr/datasetrecords/def/checkxlinkurl.template.feature
arg: {"link":"https://data.rivm.nl/inspire/id#a3b9f437-f571-4a00-b3c3-58e4354c244f"}
checkxlinkurl.template.feature:14 - 
javax.net.ssl.SSLException: Connection reset
[1.161:16] ngr-check-dataset-record.feature:80 - feature call (loop) failed: classpath:InspireTest/ngr/datasetrecords/def/checkxlinkurl.template.feature
caller: classpath:InspireTest/ngr/datasetrecords/ngr-check-dataset-record.feature
items: [{link=http://www.opengis.net/def/crs/EPSG/0/http://www.opengis.net/def/crs/EPSG/0/3034}, {link=http://nationaalgeoregister.nl/geonetwork/srv/dut/csw?SERVICE=CSW&version=2.0.2&REQUEST=GetRecordById&elementSetName=full&OutputSchema=http://www.isotc211.org/2005/gmd&ID=b6ee58a1-b097-4c6d-8600-eb81efc1468c}, {link=https://creativecommons.org/publicdomain/mark/*/deed.nl}, {link=}]
errors:
-------
feature call (loop) failed at index: 2
caller: classpath:InspireTest/ngr/datasetrecords/def/checkxlinkurl.template.feature
arg: {"link":"https://creativecommons.org/publicdomain/mark/*/deed.nl"}
checkxlinkurl.template.feature:15 - status code was: 404, expected: 200, response time: 31, url: https://creativecommons.org/publicdomain/mark/*/deed.nl, response: 
-------
feature call (loop) failed at index: 3
caller: classpath:InspireTest/ngr/datasetrecords/def/checkxlinkurl.template.feature
arg: {"link":""}
checkxlinkurl.template.feature:14 - 
org.apache.http.client.ClientProtocolException
[1.162:16] ngr-check-dataset-record.feature:80 - feature call (loop) failed: classpath:InspireTest/ngr/datasetrecords/def/checkxlinkurl.template.feature
caller: classpath:InspireTest/ngr/datasetrecords/ngr-check-dataset-record.feature
items: [{link=https://ngr.acceptatie.nationaalgeoregister.nl/geonetwork/srv/resources9d973c4a-ef03-4785-b7f6-942e86b385f7}, {link=www.hydro.nl}, {link=https://www.nationaalgeoregister.nl/geonetwork/srv/eng/thesaurus.download?ref=external.theme.inspire-theme}]
errors:
-------
feature call (loop) failed at index: 0
caller: classpath:InspireTest/ngr/datasetrecords/def/checkxlinkurl.template.feature
arg: {"link":"https://ngr.acceptatie.nationaalgeoregister.nl/geonetwork/srv/resources9d973c4a-ef03-4785-b7f6-942e86b385f7"}
checkxlinkurl.template.feature:15 - status code was: 404, expected: 200, response time: 273, url: https://ngr.acceptatie.nationaalgeoregister.nl/geonetwork/srv/resources9d973c4a-ef03-4785-b7f6-942e86b385f7, response: 
-------
feature call (loop) failed at index: 1
caller: classpath:InspireTest/ngr/datasetrecords/def/checkxlinkurl.template.feature
arg: {"link":"www.hydro.nl"}
checkxlinkurl.template.feature:14 - 
org.apache.http.client.ClientProtocolException
-------
feature call (loop) failed at index: 2
caller: classpath:InspireTest/ngr/datasetrecords/def/checkxlinkurl.template.feature
arg: {"link":"https://www.nationaalgeoregister.nl/geonetwork/srv/eng/thesaurus.download?ref=external.theme.inspire-theme"}
checkxlinkurl.template.feature:15 - status code was: 500, expected: 200, response time: 305, url: https://www.nationaalgeoregister.nl/geonetwork/srv/eng/thesaurus.download?ref=external.theme.inspire-theme, response: 
[1.163:16] ngr-check-dataset-record.feature:80 - feature call (loop) failed: classpath:InspireTest/ngr/datasetrecords/def/checkxlinkurl.template.feature
caller: classpath:InspireTest/ngr/datasetrecords/ngr-check-dataset-record.feature
items: [{link=http://kadaster/e2318c58-b1e6-4621-9c77-33b8a1fd0e76}]
errors:
-------
feature call (loop) failed at index: 0
caller: classpath:InspireTest/ngr/datasetrecords/def/checkxlinkurl.template.feature
arg: {"link":"http://kadaster/e2318c58-b1e6-4621-9c77-33b8a1fd0e76"}
checkxlinkurl.template.feature:14 - 
java.net.UnknownHostException: kadaster
[1.164:16] ngr-check-dataset-record.feature:80 - feature call (loop) failed: classpath:InspireTest/ngr/datasetrecords/def/checkxlinkurl.template.feature
caller: classpath:InspireTest/ngr/datasetrecords/ngr-check-dataset-record.feature
items: [{link=https://www.nationaalgeoregister.nl/geonetwork/srv/api/records/002d9127-c16d-4b8d-9f5e-102a8c8e36c4}]
errors:
-------
feature call (loop) failed at index: 0
caller: classpath:InspireTest/ngr/datasetrecords/def/checkxlinkurl.template.feature
arg: {"link":"https://www.nationaalgeoregister.nl/geonetwork/srv/api/records/002d9127-c16d-4b8d-9f5e-102a8c8e36c4"}
checkxlinkurl.template.feature:15 - status code was: 400, expected: 200, response time: 269, url: https://www.nationaalgeoregister.nl/geonetwork/srv/api/records/002d9127-c16d-4b8d-9f5e-102a8c8e36c4, response: 
[1.165:16] ngr-check-dataset-record.feature:80 - feature call (loop) failed: classpath:InspireTest/ngr/datasetrecords/def/checkxlinkurl.template.feature
caller: classpath:InspireTest/ngr/datasetrecords/ngr-check-dataset-record.feature
items: [{link=https://www.nationaalgeoregister.nl/geonetwork/srv/dut/catalog.search#/metadata/68ebd5c9-0ea1-4f22-9907-ec4c063cd3e2}, {link=http://rdfdata.eionet.europa.eu/inspirethemes/themes/20}, {link=urn:ogc:def:crs:EPSG::5709}]
errors:
-------
feature call (loop) failed at index: 1
caller: classpath:InspireTest/ngr/datasetrecords/def/checkxlinkurl.template.feature
arg: {"link":"http://rdfdata.eionet.europa.eu/inspirethemes/themes/20"}
checkxlinkurl.template.feature:15 - status code was: 404, expected: 200, response time: 192, url: http://rdfdata.eionet.europa.eu/inspirethemes/themes/20, response: 
-------
feature call (loop) failed at index: 2
caller: classpath:InspireTest/ngr/datasetrecords/def/checkxlinkurl.template.feature
arg: {"link":"urn:ogc:def:crs:EPSG::5709"}
checkxlinkurl.template.feature:14 - 
org.apache.http.client.ClientProtocolException: URI does not specify a valid host name: urn:ogc:def:crs:EPSG::5709
[1.166:16] ngr-check-dataset-record.feature:80 - feature call (loop) failed: classpath:InspireTest/ngr/datasetrecords/def/checkxlinkurl.template.feature
caller: classpath:InspireTest/ngr/datasetrecords/ngr-check-dataset-record.feature
items: [{link=http://www.opengis.net/def/crs/EPSG/0/https://www.opengis.net/def/crs/EPSG/0/4258}, {link=https://www.nationaalgeoregister.nl:443/geonetwork/srv/api/records/a5241416-8401-4623-be61-57ef50447a41}]
errors:
-------
feature call (loop) failed at index: 1
caller: classpath:InspireTest/ngr/datasetrecords/def/checkxlinkurl.template.feature
arg: {"link":"https://www.nationaalgeoregister.nl:443/geonetwork/srv/api/records/a5241416-8401-4623-be61-57ef50447a41"}
checkxlinkurl.template.feature:15 - status code was: 400, expected: 200, response time: 312, url: https://www.nationaalgeoregister.nl:443/geonetwork/srv/api/records/a5241416-8401-4623-be61-57ef50447a41, response: 
[1.167:16] ngr-check-dataset-record.feature:80 - feature call (loop) failed: classpath:InspireTest/ngr/datasetrecords/def/checkxlinkurl.template.feature
caller: classpath:InspireTest/ngr/datasetrecords/ngr-check-dataset-record.feature
items: [{link=https://monumentenregister.cultureelerfgoed.nl/sites/default/files/MRS/mrs-inspire.zip}]
errors:
-------
feature call (loop) failed at index: 0
caller: classpath:InspireTest/ngr/datasetrecords/def/checkxlinkurl.template.feature
arg: {"link":"https://monumentenregister.cultureelerfgoed.nl/sites/default/files/MRS/mrs-inspire.zip"}
checkxlinkurl.template.feature:15 - status code was: 404, expected: 200, response time: 706, url: https://monumentenregister.cultureelerfgoed.nl/sites/default/files/MRS/mrs-inspire.zip, response: 
[1.168:16] ngr-check-dataset-record.feature:80 - feature call (loop) failed: classpath:InspireTest/ngr/datasetrecords/def/checkxlinkurl.template.feature
caller: classpath:InspireTest/ngr/datasetrecords/ngr-check-dataset-record.feature
items: [{link=http://www.opengis.net/def/crs/EPSG/0/https://www.opengis.net/def/crs/EPSG/0/4258}, {link=https://www.nationaalgeoregister.nl/geonetwork/srv/api/recordsf44dac86-2228-412f-8355-e56446ca9933}, {link=www.hydro.nl}]
errors:
-------
feature call (loop) failed at index: 1
caller: classpath:InspireTest/ngr/datasetrecords/def/checkxlinkurl.template.feature
arg: {"link":"https://www.nationaalgeoregister.nl/geonetwork/srv/api/recordsf44dac86-2228-412f-8355-e56446ca9933"}
checkxlinkurl.template.feature:15 - status code was: 500, expected: 200, response time: 438, url: https://www.nationaalgeoregister.nl/geonetwork/srv/api/recordsf44dac86-2228-412f-8355-e56446ca9933, response: 
-------
feature call (loop) failed at index: 2
caller: classpath:InspireTest/ngr/datasetrecords/def/checkxlinkurl.template.feature
arg: {"link":"www.hydro.nl"}
checkxlinkurl.template.feature:14 - 
org.apache.http.client.ClientProtocolException
[1.170:16] ngr-check-dataset-record.feature:80 - feature call (loop) failed: classpath:InspireTest/ngr/datasetrecords/def/checkxlinkurl.template.feature
caller: classpath:InspireTest/ngr/datasetrecords/ngr-check-dataset-record.feature
items: [{link=http://www.opengis.net/def/crs/EPSG/0/http://www.opengis.net/def/crs/EPSG/0/3034}, {link=http://nationaalgeoregister.nl/geonetwork/srv/dut/csw?SERVICE=CSW&version=2.0.2&REQUEST=GetRecordById&elementSetName=full&OutputSchema=http://www.isotc211.org/2005/gmd&ID=58e7dc38-a498-4852-b4ef-908f5baa9056}, {link=https://creativecommons.org/publicdomain/mark/*/deed.nl}, {link=}]
errors:
-------
feature call (loop) failed at index: 2
caller: classpath:InspireTest/ngr/datasetrecords/def/checkxlinkurl.template.feature
arg: {"link":"https://creativecommons.org/publicdomain/mark/*/deed.nl"}
checkxlinkurl.template.feature:15 - status code was: 404, expected: 200, response time: 39, url: https://creativecommons.org/publicdomain/mark/*/deed.nl, response: 
-------
feature call (loop) failed at index: 3
caller: classpath:InspireTest/ngr/datasetrecords/def/checkxlinkurl.template.feature
arg: {"link":""}
checkxlinkurl.template.feature:14 - 
org.apache.http.client.ClientProtocolException
[1.171:16] ngr-check-dataset-record.feature:80 - feature call (loop) failed: classpath:InspireTest/ngr/datasetrecords/def/checkxlinkurl.template.feature
caller: classpath:InspireTest/ngr/datasetrecords/ngr-check-dataset-record.feature
items: [{link=http://www.opengis.net/def/crs/EPSG/0/ETRS89}, {link=https://www.nationaalgeoregister.nl/geonetwork/srv/api/records07575774-57a1-4419-bab4-6c88fdeb02b2}]
errors:
-------
feature call (loop) failed at index: 1
caller: classpath:InspireTest/ngr/datasetrecords/def/checkxlinkurl.template.feature
arg: {"link":"https://www.nationaalgeoregister.nl/geonetwork/srv/api/records07575774-57a1-4419-bab4-6c88fdeb02b2"}
checkxlinkurl.template.feature:15 - status code was: 500, expected: 200, response time: 296, url: https://www.nationaalgeoregister.nl/geonetwork/srv/api/records07575774-57a1-4419-bab4-6c88fdeb02b2, response: 
[1.172:16] ngr-check-dataset-record.feature:80 - feature call (loop) failed: classpath:InspireTest/ngr/datasetrecords/def/checkxlinkurl.template.feature
caller: classpath:InspireTest/ngr/datasetrecords/ngr-check-dataset-record.feature
items: [{link=http://geodata.nationaalgeoregister.nl/cbsprovincies/extract/cbsprovincies.zip}, {link=}]
errors:
-------
feature call (loop) failed at index: 1
caller: classpath:InspireTest/ngr/datasetrecords/def/checkxlinkurl.template.feature
arg: {"link":""}
checkxlinkurl.template.feature:14 - 
org.apache.http.client.ClientProtocolException
[1.173:16] ngr-check-dataset-record.feature:80 - feature call (loop) failed: classpath:InspireTest/ngr/datasetrecords/def/checkxlinkurl.template.feature
caller: classpath:InspireTest/ngr/datasetrecords/ngr-check-dataset-record.feature
items: [{link=http://nationaalgeoregister.nl/geonetwork/srv/dut/csw?SERVICE=CSW&version=2.0.2&REQUEST=GetRecordById&elementSetName=full&OutputSchema=http://www.isotc211.org/2005/gmd&ID=df5ee213-e1bd-433b-80f7-4ea20f493ca8}, {link=https://creativecommons.org/publicdomain/mark/*/deed.nl}, {link=}]
errors:
-------
feature call (loop) failed at index: 1
caller: classpath:InspireTest/ngr/datasetrecords/def/checkxlinkurl.template.feature
arg: {"link":"https://creativecommons.org/publicdomain/mark/*/deed.nl"}
checkxlinkurl.template.feature:15 - status code was: 404, expected: 200, response time: 29, url: https://creativecommons.org/publicdomain/mark/*/deed.nl, response: 
-------
feature call (loop) failed at index: 2
caller: classpath:InspireTest/ngr/datasetrecords/def/checkxlinkurl.template.feature
arg: {"link":""}
checkxlinkurl.template.feature:14 - 
org.apache.http.client.ClientProtocolException
[1.174:16] ngr-check-dataset-record.feature:80 - feature call (loop) failed: classpath:InspireTest/ngr/datasetrecords/def/checkxlinkurl.template.feature
caller: classpath:InspireTest/ngr/datasetrecords/ngr-check-dataset-record.feature
items: [{link=https://data.rivm.nl/inspire/id#c6d62f69-7be0-4c19-a4af-d146c6a3c166}]
errors:
-------
feature call (loop) failed at index: 0
caller: classpath:InspireTest/ngr/datasetrecords/def/checkxlinkurl.template.feature
arg: {"link":"https://data.rivm.nl/inspire/id#c6d62f69-7be0-4c19-a4af-d146c6a3c166"}
checkxlinkurl.template.feature:14 - 
javax.net.ssl.SSLException: Connection reset
[1.175:16] ngr-check-dataset-record.feature:80 - feature call (loop) failed: classpath:InspireTest/ngr/datasetrecords/def/checkxlinkurl.template.feature
caller: classpath:InspireTest/ngr/datasetrecords/ngr-check-dataset-record.feature
items: [{link=http://www.opengis.net/def/crs/EPSG/0/http://www.opengis.net/def/crs/EPSG/0/3034}, {link=http://nationaalgeoregister.nl/geonetwork/srv/dut/csw?SERVICE=CSW&version=2.0.2&REQUEST=GetRecordById&elementSetName=full&OutputSchema=http://www.isotc211.org/2005/gmd&ID=88f76a94-ee4d-4e0c-9fde-91b692403e39}, {link=https://creativecommons.org/publicdomain/mark/*/deed.nl}, {link=}]
errors:
-------
feature call (loop) failed at index: 2
caller: classpath:InspireTest/ngr/datasetrecords/def/checkxlinkurl.template.feature
arg: {"link":"https://creativecommons.org/publicdomain/mark/*/deed.nl"}
checkxlinkurl.template.feature:15 - status code was: 404, expected: 200, response time: 29, url: https://creativecommons.org/publicdomain/mark/*/deed.nl, response: 
-------
feature call (loop) failed at index: 3
caller: classpath:InspireTest/ngr/datasetrecords/def/checkxlinkurl.template.feature
arg: {"link":""}
checkxlinkurl.template.feature:14 - 
org.apache.http.client.ClientProtocolException
[1.176:16] ngr-check-dataset-record.feature:80 - feature call (loop) failed: classpath:InspireTest/ngr/datasetrecords/def/checkxlinkurl.template.feature
caller: classpath:InspireTest/ngr/datasetrecords/ngr-check-dataset-record.feature
items: [{link=https://www.nationaalgeoregister.nl/geonetwork/srv/dut/catalog.search#/metadata/wt-83730-e750-485a-9c0c-39bf9be72cf8}, {link=http://rdfdata.eionet.europa.eu/inspirethemes/themes/18}, {link=https://ngr.geocat.live/geonetwork/srv/eng/thesaurus.download?ref=external.theme.httpinspireeceuropaeumetadatacodelistPrioritydataset-Prioritydataset}]
errors:
-------
feature call (loop) failed at index: 1
caller: classpath:InspireTest/ngr/datasetrecords/def/checkxlinkurl.template.feature
arg: {"link":"http://rdfdata.eionet.europa.eu/inspirethemes/themes/18"}
checkxlinkurl.template.feature:15 - status code was: 404, expected: 200, response time: 763, url: http://rdfdata.eionet.europa.eu/inspirethemes/themes/18, response: 
-------
feature call (loop) failed at index: 2
caller: classpath:InspireTest/ngr/datasetrecords/def/checkxlinkurl.template.feature
arg: {"link":"https://ngr.geocat.live/geonetwork/srv/eng/thesaurus.download?ref=external.theme.httpinspireeceuropaeumetadatacodelistPrioritydataset-Prioritydataset"}
checkxlinkurl.template.feature:15 - status code was: 500, expected: 200, response time: 434, url: https://ngr.geocat.live/geonetwork/srv/eng/thesaurus.download?ref=external.theme.httpinspireeceuropaeumetadatacodelistPrioritydataset-Prioritydataset, response: 
[1.177:16] ngr-check-dataset-record.feature:80 - feature call (loop) failed: classpath:InspireTest/ngr/datasetrecords/def/checkxlinkurl.template.feature
caller: classpath:InspireTest/ngr/datasetrecords/ngr-check-dataset-record.feature
items: [{link=https://www.nationaalgeoregister.nl/geonetwork/srv/dut/catalog.search#/metadata/adn73c4a-ef03-4785-b7f6-942e86b385f7}, {link=http://rdfdata.eionet.europa.eu/inspirethemes/themes/10}, {link=urn:ogc:def:crs:EPSG::5709}]
errors:
-------
feature call (loop) failed at index: 1
caller: classpath:InspireTest/ngr/datasetrecords/def/checkxlinkurl.template.feature
arg: {"link":"http://rdfdata.eionet.europa.eu/inspirethemes/themes/10"}
checkxlinkurl.template.feature:15 - status code was: 404, expected: 200, response time: 681, url: http://rdfdata.eionet.europa.eu/inspirethemes/themes/10, response: 
-------
feature call (loop) failed at index: 2
caller: classpath:InspireTest/ngr/datasetrecords/def/checkxlinkurl.template.feature
arg: {"link":"urn:ogc:def:crs:EPSG::5709"}
checkxlinkurl.template.feature:14 - 
org.apache.http.client.ClientProtocolException: URI does not specify a valid host name: urn:ogc:def:crs:EPSG::5709
[1.178:16] ngr-check-dataset-record.feature:80 - feature call (loop) failed: classpath:InspireTest/ngr/datasetrecords/def/checkxlinkurl.template.feature
caller: classpath:InspireTest/ngr/datasetrecords/ngr-check-dataset-record.feature
items: [{link=https://www.nationaalgeoregister.nl/geonetwork/srv/dut/catalog.search#/metadata/ror-9d8e-4758-83fx-28b057f185g1}, {link=http://rdfdata.eionet.europa.eu/inspirethemes/themes/25}, {link=https://ngr.geocat.live/geonetwork/srv/eng/thesaurus.download?ref=external.theme.httpinspireeceuropaeumetadatacodelistPrioritydataset-Prioritydataset}, {link=urn:ogc:def:crs:EPSG::5709}]
errors:
-------
feature call (loop) failed at index: 1
caller: classpath:InspireTest/ngr/datasetrecords/def/checkxlinkurl.template.feature
arg: {"link":"http://rdfdata.eionet.europa.eu/inspirethemes/themes/25"}
checkxlinkurl.template.feature:15 - status code was: 404, expected: 200, response time: 475, url: http://rdfdata.eionet.europa.eu/inspirethemes/themes/25, response: 
-------
feature call (loop) failed at index: 2
caller: classpath:InspireTest/ngr/datasetrecords/def/checkxlinkurl.template.feature
arg: {"link":"https://ngr.geocat.live/geonetwork/srv/eng/thesaurus.download?ref=external.theme.httpinspireeceuropaeumetadatacodelistPrioritydataset-Prioritydataset"}
checkxlinkurl.template.feature:15 - status code was: 500, expected: 200, response time: 422, url: https://ngr.geocat.live/geonetwork/srv/eng/thesaurus.download?ref=external.theme.httpinspireeceuropaeumetadatacodelistPrioritydataset-Prioritydataset, response: 
-------
feature call (loop) failed at index: 3
caller: classpath:InspireTest/ngr/datasetrecords/def/checkxlinkurl.template.feature
arg: {"link":"urn:ogc:def:crs:EPSG::5709"}
checkxlinkurl.template.feature:14 - 
org.apache.http.client.ClientProtocolException: URI does not specify a valid host name: urn:ogc:def:crs:EPSG::5709
[1.179:16] ngr-check-dataset-record.feature:80 - feature call (loop) failed: classpath:InspireTest/ngr/datasetrecords/def/checkxlinkurl.template.feature
caller: classpath:InspireTest/ngr/datasetrecords/ngr-check-dataset-record.feature
items: [{link=http://kadaster/2482250f-3b00-4439-9f93-f3118229b015}, {link=}, {link=}, {link=}]
errors:
-------
feature call (loop) failed at index: 0
caller: classpath:InspireTest/ngr/datasetrecords/def/checkxlinkurl.template.feature
arg: {"link":"http://kadaster/2482250f-3b00-4439-9f93-f3118229b015"}
checkxlinkurl.template.feature:14 - 
java.net.UnknownHostException: kadaster
-------
feature call (loop) failed at index: 1
caller: classpath:InspireTest/ngr/datasetrecords/def/checkxlinkurl.template.feature
arg: {"link":""}
checkxlinkurl.template.feature:14 - 
org.apache.http.client.ClientProtocolException
-------
feature call (loop) failed at index: 2
caller: classpath:InspireTest/ngr/datasetrecords/def/checkxlinkurl.template.feature
arg: {"link":""}
checkxlinkurl.template.feature:14 - 
org.apache.http.client.ClientProtocolException
-------
feature call (loop) failed at index: 3
caller: classpath:InspireTest/ngr/datasetrecords/def/checkxlinkurl.template.feature
arg: {"link":""}
checkxlinkurl.template.feature:14 - 
org.apache.http.client.ClientProtocolException
[1.180:16] ngr-check-dataset-record.feature:80 - feature call (loop) failed: classpath:InspireTest/ngr/datasetrecords/def/checkxlinkurl.template.feature
caller: classpath:InspireTest/ngr/datasetrecords/ngr-check-dataset-record.feature
items: [{link=http://www.opengis.net/def/crs/EPSG/0/NAP}, {link=https://ngr.acceptatie.nationaalgeoregister.nl/geonetwork/srv/resourcesd72ddff0-2724-11e2-81c1-0800200c9a66}]
errors:
-------
feature call (loop) failed at index: 1
caller: classpath:InspireTest/ngr/datasetrecords/def/checkxlinkurl.template.feature
arg: {"link":"https://ngr.acceptatie.nationaalgeoregister.nl/geonetwork/srv/resourcesd72ddff0-2724-11e2-81c1-0800200c9a66"}
checkxlinkurl.template.feature:15 - status code was: 404, expected: 200, response time: 267, url: https://ngr.acceptatie.nationaalgeoregister.nl/geonetwork/srv/resourcesd72ddff0-2724-11e2-81c1-0800200c9a66, response: 
[1.181:16] ngr-check-dataset-record.feature:80 - feature call (loop) failed: classpath:InspireTest/ngr/datasetrecords/def/checkxlinkurl.template.feature
caller: classpath:InspireTest/ngr/datasetrecords/ngr-check-dataset-record.feature
items: [{link=http://www.opengis.net/def/crs/EPSG/0/http://www.opengis.net/def/crs/EPSG/0/4258}, {link=https://www.nationaalgeoregister.nl/geonetwork/srv/dut/catalog.search#/metadata/3387ef8a-9237-453a-aa4e-585d1e193550}, {link=https://creativecommons.org/publicdomain/mark/*/deed.nl}]
errors:
-------
feature call (loop) failed at index: 2
caller: classpath:InspireTest/ngr/datasetrecords/def/checkxlinkurl.template.feature
arg: {"link":"https://creativecommons.org/publicdomain/mark/*/deed.nl"}
checkxlinkurl.template.feature:15 - status code was: 404, expected: 200, response time: 23, url: https://creativecommons.org/publicdomain/mark/*/deed.nl, response: 
[1.182:16] ngr-check-dataset-record.feature:80 - feature call (loop) failed: classpath:InspireTest/ngr/datasetrecords/def/checkxlinkurl.template.feature
caller: classpath:InspireTest/ngr/datasetrecords/ngr-check-dataset-record.feature
items: [{link=http://www.opengis.net/def/crs/EPSG/0/NAP}, {link=https://ngr.acceptatie.nationaalgeoregister.nl/geonetwork/srv/resourcesddf87610-2724-11e2-81c1-0800200c9a66}]
errors:
-------
feature call (loop) failed at index: 1
caller: classpath:InspireTest/ngr/datasetrecords/def/checkxlinkurl.template.feature
arg: {"link":"https://ngr.acceptatie.nationaalgeoregister.nl/geonetwork/srv/resourcesddf87610-2724-11e2-81c1-0800200c9a66"}
checkxlinkurl.template.feature:15 - status code was: 404, expected: 200, response time: 268, url: https://ngr.acceptatie.nationaalgeoregister.nl/geonetwork/srv/resourcesddf87610-2724-11e2-81c1-0800200c9a66, response: 
[1.183:16] ngr-check-dataset-record.feature:80 - feature call (loop) failed: classpath:InspireTest/ngr/datasetrecords/def/checkxlinkurl.template.feature
caller: classpath:InspireTest/ngr/datasetrecords/ngr-check-dataset-record.feature
items: [{link=https://ngr.acceptatie.nationaalgeoregister.nl/geonetwork/srv/resources03671a9e-6aaf-464d-be99-9aad25cef9e3}, {link=http://standaarden.overheid.nl/owms/terms/Ministerie_van_Landbouw,_Natuur_en_Voedselkwaliteit}]
errors:
-------
feature call (loop) failed at index: 0
caller: classpath:InspireTest/ngr/datasetrecords/def/checkxlinkurl.template.feature
arg: {"link":"https://ngr.acceptatie.nationaalgeoregister.nl/geonetwork/srv/resources03671a9e-6aaf-464d-be99-9aad25cef9e3"}
checkxlinkurl.template.feature:15 - status code was: 404, expected: 200, response time: 291, url: https://ngr.acceptatie.nationaalgeoregister.nl/geonetwork/srv/resources03671a9e-6aaf-464d-be99-9aad25cef9e3, response: 
[1.184:16] ngr-check-dataset-record.feature:80 - feature call (loop) failed: classpath:InspireTest/ngr/datasetrecords/def/checkxlinkurl.template.feature
caller: classpath:InspireTest/ngr/datasetrecords/ngr-check-dataset-record.feature
items: [{link=http://www.opengis.net/def/crs/EPSG/0/http://www.opengis.net/def/crs/EPSG/0/3034}, {link=http://nationaalgeoregister.nl/geonetwork/srv/dut/csw?SERVICE=CSW&version=2.0.2&REQUEST=GetRecordById&elementSetName=full&OutputSchema=http://www.isotc211.org/2005/gmd&ID=60a2a7c2-d5b3-4ad5-b562-c448695357fb}, {link=https://creativecommons.org/publicdomain/mark/*/deed.nl}, {link=}]
errors:
-------
feature call (loop) failed at index: 2
caller: classpath:InspireTest/ngr/datasetrecords/def/checkxlinkurl.template.feature
arg: {"link":"https://creativecommons.org/publicdomain/mark/*/deed.nl"}
checkxlinkurl.template.feature:15 - status code was: 404, expected: 200, response time: 41, url: https://creativecommons.org/publicdomain/mark/*/deed.nl, response: 
-------
feature call (loop) failed at index: 3
caller: classpath:InspireTest/ngr/datasetrecords/def/checkxlinkurl.template.feature
arg: {"link":""}
checkxlinkurl.template.feature:14 - 
org.apache.http.client.ClientProtocolException
[1.185:16] ngr-check-dataset-record.feature:80 - feature call (loop) failed: classpath:InspireTest/ngr/datasetrecords/def/checkxlinkurl.template.feature
caller: classpath:InspireTest/ngr/datasetrecords/ngr-check-dataset-record.feature
items: [{link=https://www.nationaalgeoregister.nl/geonetwork/srv/dut/catalog.search#/metadata/uwwtd-9d8e-4758-83fa-28b057f185e2}, {link=http://rdfdata.eionet.europa.eu/inspirethemes/themes/24}, {link=https://ngr.geocat.live/geonetwork/srv/eng/thesaurus.download?ref=external.theme.httpinspireeceuropaeumetadatacodelistPrioritydataset-Prioritydataset}, {link=urn:ogc:def:crs:EPSG::5709}]
errors:
-------
feature call (loop) failed at index: 1
caller: classpath:InspireTest/ngr/datasetrecords/def/checkxlinkurl.template.feature
arg: {"link":"http://rdfdata.eionet.europa.eu/inspirethemes/themes/24"}
checkxlinkurl.template.feature:15 - status code was: 404, expected: 200, response time: 190, url: http://rdfdata.eionet.europa.eu/inspirethemes/themes/24, response: 
-------
feature call (loop) failed at index: 2
caller: classpath:InspireTest/ngr/datasetrecords/def/checkxlinkurl.template.feature
arg: {"link":"https://ngr.geocat.live/geonetwork/srv/eng/thesaurus.download?ref=external.theme.httpinspireeceuropaeumetadatacodelistPrioritydataset-Prioritydataset"}
checkxlinkurl.template.feature:15 - status code was: 500, expected: 200, response time: 295, url: https://ngr.geocat.live/geonetwork/srv/eng/thesaurus.download?ref=external.theme.httpinspireeceuropaeumetadatacodelistPrioritydataset-Prioritydataset, response: 
-------
feature call (loop) failed at index: 3
caller: classpath:InspireTest/ngr/datasetrecords/def/checkxlinkurl.template.feature
arg: {"link":"urn:ogc:def:crs:EPSG::5709"}
checkxlinkurl.template.feature:14 - 
org.apache.http.client.ClientProtocolException: URI does not specify a valid host name: urn:ogc:def:crs:EPSG::5709
[1.186:16] ngr-check-dataset-record.feature:80 - feature call (loop) failed: classpath:InspireTest/ngr/datasetrecords/def/checkxlinkurl.template.feature
caller: classpath:InspireTest/ngr/datasetrecords/ngr-check-dataset-record.feature
items: [{link=https://ngr.acceptatie.nationaalgeoregister.nl/geonetwork/srv/resourcesc7a15080-2724-11e2-81c1-0800200c9a66}, {link=http://rdfdata.eionet.europa.eu/inspirethemes/themes/13}, {link=http://rdfdata.eionet.europa.eu/inspirethemes/themes/#}, {link=https://www.nationaalgeoregister.nl/geonetwork/srv/eng/thesaurus.download?ref=external.theme.inspire-theme}]
errors:
-------
feature call (loop) failed at index: 0
caller: classpath:InspireTest/ngr/datasetrecords/def/checkxlinkurl.template.feature
arg: {"link":"https://ngr.acceptatie.nationaalgeoregister.nl/geonetwork/srv/resourcesc7a15080-2724-11e2-81c1-0800200c9a66"}
checkxlinkurl.template.feature:15 - status code was: 404, expected: 200, response time: 266, url: https://ngr.acceptatie.nationaalgeoregister.nl/geonetwork/srv/resourcesc7a15080-2724-11e2-81c1-0800200c9a66, response: 
-------
feature call (loop) failed at index: 1
caller: classpath:InspireTest/ngr/datasetrecords/def/checkxlinkurl.template.feature
arg: {"link":"http://rdfdata.eionet.europa.eu/inspirethemes/themes/13"}
checkxlinkurl.template.feature:15 - status code was: 404, expected: 200, response time: 190, url: http://rdfdata.eionet.europa.eu/inspirethemes/themes/13, response: 
-------
feature call (loop) failed at index: 2
caller: classpath:InspireTest/ngr/datasetrecords/def/checkxlinkurl.template.feature
arg: {"link":"http://rdfdata.eionet.europa.eu/inspirethemes/themes/#"}
checkxlinkurl.template.feature:15 - status code was: 404, expected: 200, response time: 192, url: http://rdfdata.eionet.europa.eu/inspirethemes/themes/#, response: 
-------
feature call (loop) failed at index: 3
caller: classpath:InspireTest/ngr/datasetrecords/def/checkxlinkurl.template.feature
arg: {"link":"https://www.nationaalgeoregister.nl/geonetwork/srv/eng/thesaurus.download?ref=external.theme.inspire-theme"}
checkxlinkurl.template.feature:15 - status code was: 500, expected: 200, response time: 300, url: https://www.nationaalgeoregister.nl/geonetwork/srv/eng/thesaurus.download?ref=external.theme.inspire-theme, response: 
[1.187:16] ngr-check-dataset-record.feature:80 - feature call (loop) failed: classpath:InspireTest/ngr/datasetrecords/def/checkxlinkurl.template.feature
caller: classpath:InspireTest/ngr/datasetrecords/ngr-check-dataset-record.feature
items: [{link=http://kadaster/3bf3f7f3-8ac9-4203-bb95-2c932d5f0f3e}]
errors:
-------
feature call (loop) failed at index: 0
caller: classpath:InspireTest/ngr/datasetrecords/def/checkxlinkurl.template.feature
arg: {"link":"http://kadaster/3bf3f7f3-8ac9-4203-bb95-2c932d5f0f3e"}
checkxlinkurl.template.feature:14 - 
java.net.UnknownHostException: kadaster
[1.188:16] ngr-check-dataset-record.feature:80 - feature call (loop) failed: classpath:InspireTest/ngr/datasetrecords/def/checkxlinkurl.template.feature
caller: classpath:InspireTest/ngr/datasetrecords/ngr-check-dataset-record.feature
items: [{link=https://nationaalgeoregister.nl/geonetwork/srv/resources7d4d5090-8b18-4c30-a07a-9d738039112f}, {link=http://rdfdata.eionet.europa.eu/inspirethemes/themes/13}, {link=http://geonetwork-opensource.org/inspire-theme#}, {link=https://www.nationaalgeoregister.nl/geonetwork/srv/eng/thesaurus.download?ref=external.theme.inspire-theme}]
errors:
-------
feature call (loop) failed at index: 0
caller: classpath:InspireTest/ngr/datasetrecords/def/checkxlinkurl.template.feature
arg: {"link":"https://nationaalgeoregister.nl/geonetwork/srv/resources7d4d5090-8b18-4c30-a07a-9d738039112f"}
checkxlinkurl.template.feature:15 - status code was: 404, expected: 200, response time: 268, url: https://nationaalgeoregister.nl/geonetwork/srv/resources7d4d5090-8b18-4c30-a07a-9d738039112f, response: 
-------
feature call (loop) failed at index: 1
caller: classpath:InspireTest/ngr/datasetrecords/def/checkxlinkurl.template.feature
arg: {"link":"http://rdfdata.eionet.europa.eu/inspirethemes/themes/13"}
checkxlinkurl.template.feature:15 - status code was: 404, expected: 200, response time: 191, url: http://rdfdata.eionet.europa.eu/inspirethemes/themes/13, response: 
-------
feature call (loop) failed at index: 2
caller: classpath:InspireTest/ngr/datasetrecords/def/checkxlinkurl.template.feature
arg: {"link":"http://geonetwork-opensource.org/inspire-theme#"}
checkxlinkurl.template.feature:15 - status code was: 404, expected: 200, response time: 379, url: http://geonetwork-opensource.org/inspire-theme#, response: 
-------
feature call (loop) failed at index: 3
caller: classpath:InspireTest/ngr/datasetrecords/def/checkxlinkurl.template.feature
arg: {"link":"https://www.nationaalgeoregister.nl/geonetwork/srv/eng/thesaurus.download?ref=external.theme.inspire-theme"}
checkxlinkurl.template.feature:15 - status code was: 500, expected: 200, response time: 297, url: https://www.nationaalgeoregister.nl/geonetwork/srv/eng/thesaurus.download?ref=external.theme.inspire-theme, response: 
[1.189:16] ngr-check-dataset-record.feature:80 - feature call (loop) failed: classpath:InspireTest/ngr/datasetrecords/def/checkxlinkurl.template.feature
caller: classpath:InspireTest/ngr/datasetrecords/ngr-check-dataset-record.feature
items: [{link=https://ngr.acceptatie.nationaalgeoregister.nl/geonetwork/srv/resources34e95842-4e4e-46de-9198-79e8cd4d30dc}]
errors:
-------
feature call (loop) failed at index: 0
caller: classpath:InspireTest/ngr/datasetrecords/def/checkxlinkurl.template.feature
arg: {"link":"https://ngr.acceptatie.nationaalgeoregister.nl/geonetwork/srv/resources34e95842-4e4e-46de-9198-79e8cd4d30dc"}
checkxlinkurl.template.feature:15 - status code was: 404, expected: 200, response time: 266, url: https://ngr.acceptatie.nationaalgeoregister.nl/geonetwork/srv/resources34e95842-4e4e-46de-9198-79e8cd4d30dc, response: 
[1.190:16] ngr-check-dataset-record.feature:80 - feature call (loop) failed: classpath:InspireTest/ngr/datasetrecords/def/checkxlinkurl.template.feature
caller: classpath:InspireTest/ngr/datasetrecords/ngr-check-dataset-record.feature
items: [{link=http://www.opengis.net/def/crs/EPSG/0/http://www.opengis.net/def/crs/EPSG/0/4258}, {link=http://kadaster/df1a98c0-58ba-48ff-8825-b4fb6322c586}]
errors:
-------
feature call (loop) failed at index: 1
caller: classpath:InspireTest/ngr/datasetrecords/def/checkxlinkurl.template.feature
arg: {"link":"http://kadaster/df1a98c0-58ba-48ff-8825-b4fb6322c586"}
checkxlinkurl.template.feature:14 - 
java.net.UnknownHostException: kadaster
[1.192:16] ngr-check-dataset-record.feature:80 - feature call (loop) failed: classpath:InspireTest/ngr/datasetrecords/def/checkxlinkurl.template.feature
caller: classpath:InspireTest/ngr/datasetrecords/ngr-check-dataset-record.feature
items: [{link=}]
errors:
-------
feature call (loop) failed at index: 0
caller: classpath:InspireTest/ngr/datasetrecords/def/checkxlinkurl.template.feature
arg: {"link":""}
checkxlinkurl.template.feature:14 - 
org.apache.http.client.ClientProtocolException
[1.193:16] ngr-check-dataset-record.feature:80 - feature call (loop) failed: classpath:InspireTest/ngr/datasetrecords/def/checkxlinkurl.template.feature
caller: classpath:InspireTest/ngr/datasetrecords/ngr-check-dataset-record.feature
items: [{link=https://data.rivm.nl/inspire/id#b5ccab29-e2cc-4178-9f81-40c50e909754}]
errors:
-------
feature call (loop) failed at index: 0
caller: classpath:InspireTest/ngr/datasetrecords/def/checkxlinkurl.template.feature
arg: {"link":"https://data.rivm.nl/inspire/id#b5ccab29-e2cc-4178-9f81-40c50e909754"}
checkxlinkurl.template.feature:14 - 
javax.net.ssl.SSLException: Connection reset
[1.194:16] ngr-check-dataset-record.feature:80 - feature call (loop) failed: classpath:InspireTest/ngr/datasetrecords/def/checkxlinkurl.template.feature
caller: classpath:InspireTest/ngr/datasetrecords/ngr-check-dataset-record.feature
items: [{link=http://kadaster/06b6c650-cdb1-11dd-ad8b-0800200c9a81}]
errors:
-------
feature call (loop) failed at index: 0
caller: classpath:InspireTest/ngr/datasetrecords/def/checkxlinkurl.template.feature
arg: {"link":"http://kadaster/06b6c650-cdb1-11dd-ad8b-0800200c9a81"}
checkxlinkurl.template.feature:14 - 
java.net.UnknownHostException: kadaster
[1.195:16] ngr-check-dataset-record.feature:80 - feature call (loop) failed: classpath:InspireTest/ngr/datasetrecords/def/checkxlinkurl.template.feature
caller: classpath:InspireTest/ngr/datasetrecords/ngr-check-dataset-record.feature
items: [{link=http://kadaster/2482250f-3b00-4439-9f93-f3118229b021}, {link=}, {link=}, {link=}]
errors:
-------
feature call (loop) failed at index: 0
caller: classpath:InspireTest/ngr/datasetrecords/def/checkxlinkurl.template.feature
arg: {"link":"http://kadaster/2482250f-3b00-4439-9f93-f3118229b021"}
checkxlinkurl.template.feature:14 - 
java.net.UnknownHostException: kadaster
-------
feature call (loop) failed at index: 1
caller: classpath:InspireTest/ngr/datasetrecords/def/checkxlinkurl.template.feature
arg: {"link":""}
checkxlinkurl.template.feature:14 - 
org.apache.http.client.ClientProtocolException
-------
feature call (loop) failed at index: 2
caller: classpath:InspireTest/ngr/datasetrecords/def/checkxlinkurl.template.feature
arg: {"link":""}
checkxlinkurl.template.feature:14 - 
org.apache.http.client.ClientProtocolException
-------
feature call (loop) failed at index: 3
caller: classpath:InspireTest/ngr/datasetrecords/def/checkxlinkurl.template.feature
arg: {"link":""}
checkxlinkurl.template.feature:14 - 
org.apache.http.client.ClientProtocolException
[1.196:16] ngr-check-dataset-record.feature:80 - feature call (loop) failed: classpath:InspireTest/ngr/datasetrecords/def/checkxlinkurl.template.feature
caller: classpath:InspireTest/ngr/datasetrecords/ngr-check-dataset-record.feature
items: [{link=https://www.nationaalgeoregister.nl/geonetwork/srv/dut/catalog.search#/metadata/50eef6be-619d-4e16-9b92-48971109b636}, {link=http://rdfdata.eionet.europa.eu/inspirethemes/themes/18}, {link=http://inspire.ec.europa.eu/metadata-codelist/PriorityDataset/MajorRoadsNoiseExposureDelineationNight-dir-2002-49}, {link=https://ngr.geocat.live/geonetwork/srv/eng/thesaurus.download?ref=external.theme.httpinspireeceuropaeumetadatacodelistPrioritydataset-Prioritydataset}, {link=urn:ogc:def:crs:EPSG::5709}]
errors:
-------
feature call (loop) failed at index: 1
caller: classpath:InspireTest/ngr/datasetrecords/def/checkxlinkurl.template.feature
arg: {"link":"http://rdfdata.eionet.europa.eu/inspirethemes/themes/18"}
checkxlinkurl.template.feature:15 - status code was: 404, expected: 200, response time: 191, url: http://rdfdata.eionet.europa.eu/inspirethemes/themes/18, response: 
-------
feature call (loop) failed at index: 3
caller: classpath:InspireTest/ngr/datasetrecords/def/checkxlinkurl.template.feature
arg: {"link":"https://ngr.geocat.live/geonetwork/srv/eng/thesaurus.download?ref=external.theme.httpinspireeceuropaeumetadatacodelistPrioritydataset-Prioritydataset"}
checkxlinkurl.template.feature:15 - status code was: 500, expected: 200, response time: 401, url: https://ngr.geocat.live/geonetwork/srv/eng/thesaurus.download?ref=external.theme.httpinspireeceuropaeumetadatacodelistPrioritydataset-Prioritydataset, response: 
-------
feature call (loop) failed at index: 4
caller: classpath:InspireTest/ngr/datasetrecords/def/checkxlinkurl.template.feature
arg: {"link":"urn:ogc:def:crs:EPSG::5709"}
checkxlinkurl.template.feature:14 - 
org.apache.http.client.ClientProtocolException: URI does not specify a valid host name: urn:ogc:def:crs:EPSG::5709
[1.197:16] ngr-check-dataset-record.feature:80 - feature call (loop) failed: classpath:InspireTest/ngr/datasetrecords/def/checkxlinkurl.template.feature
caller: classpath:InspireTest/ngr/datasetrecords/ngr-check-dataset-record.feature
items: [{link=http://standaarden.overheid.nl/owms/terms/Ministerie_van_Landbouw,_Natuur_en_Voedselkwaliteit}, {link=http://nationaalgeoregister.nl/geonetwork/srv/dut/catalog.search#/metadata/280ed37a-b8d2-4ac5-8567-04d84fad3a41}, {link=https://creativecommons.org/publicdomain/mark/*/deed.nl}, {link=https://data.overheid.nl/organisatie/PDOK}]
errors:
-------
feature call (loop) failed at index: 2
caller: classpath:InspireTest/ngr/datasetrecords/def/checkxlinkurl.template.feature
arg: {"link":"https://creativecommons.org/publicdomain/mark/*/deed.nl"}
checkxlinkurl.template.feature:15 - status code was: 404, expected: 200, response time: 23, url: https://creativecommons.org/publicdomain/mark/*/deed.nl, response: 
-------
feature call (loop) failed at index: 3
caller: classpath:InspireTest/ngr/datasetrecords/def/checkxlinkurl.template.feature
arg: {"link":"https://data.overheid.nl/organisatie/PDOK"}
checkxlinkurl.template.feature:15 - status code was: 404, expected: 200, response time: 479, url: https://data.overheid.nl/organisatie/PDOK, response: 
InspireTest.ngr.datasetrecords.check-known-dataset-record: [1:14] -unknown-:9 - javascript evaluation failed: "datasetIdentifierCode","title","organisationName","email",
"datasetIdentifierCode","title","organisationName","email",
247a1d15-0a67-40ce-85be-1403c08f15a8","Nationale Parken (INSPIRE Geharmoniseerd)","no organisationName found in dataset record","[geodatabeheer.giscc@rvo.nl, geodatabeheer.giscc@rvo.nl, info@minlnv.nl, , , ]",
f99e915a-75e5-4c36-97f2-61eff692d85b","Grondwateronderzoek onder INSPIRE","[TNO Geologische Dienst Nederland, TNO Geologische Dienst Nederland, TNO Geologische Dienst Nederland]","[info@dinoloket.nl, info@dinoloket.nl, info@dinoloket.nl]",
fcefa13c-44e2-4953-b6d6-1ddceebc57fc","Vogelrichtlijn verspreiding van soorten","[Ministerie van Economische Zaken - GIS Competence Center, Wageningen Environmental Research (Alterra), PDOK, Sovon Vogelonderzoek Nederland]","[geodatabeheer.giscc@rvo.nl, GeoDesk.CGI@wur.nl, geodatabeheer.giscc@rvo.nl, beheerPDOK@kadaster.nl, ]",
3a72b9a4-cda9-11ea-87d0-0242ac130003","Grondwater Monitoring Net","[TNO Geologische Dienst Nederland, TNO Geologische Dienst Nederland, TNO Geologische Dienst Nederland]","[info@bro.nl, Info@bro.nl, info@dinoloket.nl]",
977e0e94-7aa9-4784-b2da-eaec44adb61b","Habitatrichtlijn verspreiding van habitattypen","[Ministerie van Economische Zaken - GIS Competence Center, Wageningen Environmental Research (Alterra), PDOK, Alterra]","[geodatabeheer.giscc@rvo.nl, GeoDesk.CGI@wur.nl, geodatabeheer.giscc@rvo.nl, beheerPDOK@kadaster.nl, ]",
3703b249-a0eb-484e-ba7a-10e31a55bcec","Invasieve Exoten (INSPIRE Geharmoniseerd)","Ministerie van Landbouw, Natuur en Voedselkwaliteit","[geodatabeheer.giscc@rvo.nl, Geodatabeheer.GISCC@rvo.nl]",
af0c582f-9e6b-46e6-865a-fc3a2d5289b9","Bodemgebruik","[Kadaster, Kadaster, Kadaster]","[PPB-GVA@kadaster.nl, kcc@kadaster.nl, kcc@kadaster.nl]",
9d9f1738-aced-47c9-aaa0-c62474a2dcfb","Zeegebieden","[Kadaster, Kadaster, Kadaster]","[PPB-GVA@kadaster.nl, kcc@kadaster.nl, kcc@kadaster.nl]",
3a7dd0a6-d130-4c4c-b0ba-24365cf036e2","Vervoersnetwerken - Spoorwegen (INSPIRE geharmoniseerd)","[Kadaster, Kadaster]","[PPB-GVA@kadaster.nl, kcc@kadaster.nl]",
b3f66964-a8c1-456f-9799-9cafca2cb7b1","Monitoring stations (Nitraatrichtlijn) ondiepe filters","no organisationName found in dataset record","[geodata@rivm.nl, , geodata@rivm.nl]",
a7fb2234-f7b4-4a03-b282-f10947f42fb1","Kaart van de bodemopbouw in Nederland 1:50.000 onder INSPIRE","[TNO Geologische Dienst Nederland, Alterra, Wageningen UR, TNO Geologische Dienst Nederland]","[info@dinoloket.nl, geodesk.cgi@wur.nl, info@dinoloket.nl]",
81ff84ec-42a4-4481-840b-12713bbb5d38","Geografische Namen","[Kadaster, Kadaster, Kadaster]","[PPB-GVA@kadaster.nl, kcc@kadaster.nl, kcc@kadaster.nl]",
c7662717-9e43-4367-a344-723d73abbb3e","-Gegevens boormonsterprofiel onder PDOK","[TNO Geologische Dienst Nederland, TNO Geologische Dienst Nederland]","[info@dinoloket, info@dinoloket.nl]",
28c4780a-1a44-4376-b283-14a50a481729","Habitatrichtlijn verspreiding van soorten","[Wageningen Environmental Research (Alterra), PDOK, CBS, Natuurloket, PGO's]","[geodatabeheer.giscc@rvo.nl, GeoDesk.CGI@wur.nl, geodatabeheer.giscc@rvo.nl, beheerPDOK@kadaster.nl, , , ]",
8b0b02a0-1e1b-4cda-bcfe-6fa0f738e38f","Emissies naar het riool in 2011 vanuit de industrie","no organisationName found in dataset record","[emissieregistratie@rivm.nl, , emissieregistratie@rivm.nl]",
29d5310f-dd0d-45ba-abad-b4ffc6b8785f","TOP10NL","[Kadaster, Kadaster, Kadaster, Kadaster, Kadaster, Kadaster, Kadaster, Kadaster, Kadaster]","[PPB-GVA@kadaster.nl, kcc@kadaster.nl, kcc@kadaster.nl, , , , , , ]",
791adbe3-772f-42cb-a3be-5a617bcecef0","Zeegebieden (INSPIRE geharmoniseerd)","[Kadaster, Kadaster]","[PPB-GVA@kadaster.nl, kcc@kadaster.nl]",
db8d613f-5edc-4467-9cc0-e2dcfb9d64a8","Statistical Units Grid","[Statistics Netherlands, Statistics Netherlands, Statistics Netherlandds, Statistics Netherlands]","[infoservice@cbs.nl, infoservice@cbs.nl, infoservice@cbs.nl, , ]",
2cc2c30c-91b8-412a-a060-e84d25272581","Zones en agglomeraties (Richtlijn Luchtkwaliteit) 2013","no organisationName found in dataset record","[geodata@rivm.nl, , geodata@rivm.nl]",
83dab947-387b-49df-8ad2-32bb10d46d38","Geluidkaart Schiphol 2016 (Lden)","[Ministerie van IenW, Ministerie van IenW]","[sylvia.koolmees@minienw.nl, sylvia.koolmees@minienw.nl]",
5951efa2-1ff3-4763-a966-a2f5497679ee","Vervoersnetwerken - Waterwegen (INSPIRE geharmoniseerd)","[Kadaster, Kadaster]","[PPB-GVA@kadaster.nl, kcc@kadaster.nl]",
f2f86edf-ac3a-48e8-9292-0544da2d7645","Emissies naar het riool in 2015 vanuit de industrie","no organisationName found in dataset record","[emissieregistratie@rivm.nl, , emissieregistratie@rivm.nl]",
5a1adb58-0bbe-425d-b0fe-577a6c0a4228","Actueel Hoogtebestand Nederland 1 (AHN1)","[Rijkswaterstaat, stuurgroep AHN, , Rijkswaterstaat, Rijkswaterstaat]","[servicedesk-data@rijkswaterstaat.nl, servicedesk-data@rijkswaterstaat.nl, , servicedesk-data@rijkswaterstaat.nl, servicedesk-data@rijkswaterstaat.nl]",
8de2f5eb-b09f-4f6d-8397-8878a1b86238","Geluidbelasting rijkswegen in Nederland 2011 (24-uurs gemiddelde)","[Rijkswaterstaat, Rijkswaterstaat, , Rijkswaterstaat, Rijkswaterstaat]","[servicedesk-data@rijkswaterstaat.nl, servicedesk-data@rijkswaterstaat.nl, , servicedesk-data@rijkswaterstaat.nl, servicedesk-data@rijkswaterstaat.nl]",
tbjk534p-wubf-crbp-cj25-d4161160gfim","Kaderrichtlijn Mariene Strategie - Bevroren monitoringsdata","[Rijkswaterstaat, Rijkswaterstaat, , Rijkswaterstaat, Rijkswaterstaat]","[servicedesk-data@rijkswaterstaat.nl, servicedesk-data@rijkswaterstaat.nl, , servicedesk-data@rijkswaterstaat.nl, servicedesk-data@rijkswaterstaat.nl]",
eu-cb527d-f6db-4835-b0cd-deb245241254","Vervoersnetwerken - Wegen (INSPIRE geharmoniseerd) - RWS","[Rijkswaterstaat, Rijkswaterstaat, , Beheer PDOK, Rijkswaterstaat]","[servicedesk-data@rijkswaterstaat.nl, beheerPDOK@kadaster.nl, , beheerPDOK@kadaster.nl, servicedesk-data@rijkswaterstaat.nl]",
be1b1514-8d1f-48e1-9624-fee9b784138b","Vaarwegmarkeringen Nederland","[Rijkswaterstaat, Rijkswaterstaat, , Rijkswaterstaat, Rijkswaterstaat]","[servicedesk-data@rijkswaterstaat.nl, servicedesk-data@rijkswaterstaat.nl, , servicedesk-data@rijkswaterstaat.nl, servicedesk-data@rijkswaterstaat.nl]",
cbeaebc3-815a-48af-a978-0e16892865fc","Vogelrichtlijn verspreidingsgebied van soorten","[Ministerie van Economische Zaken - GIS Competence Center, Wageningen Environmental Research (Alterra), PDOK, Sovon Vogelonderzoek Nederland]","[geodatabeheer.giscc@rvo.nl, GeoDesk.CGI@wur.nl, geodatabeheer.giscc@rvo.nl, beheerPDOK@kadaster.nl, ]",
9dd9bf30-36e6-45ae-b368-bdef2720bdde","Bodemkundig boormonsterprofiel onder INSPIRE","[TNO Geologische Dienst Nederland, Alterra, Wageningen UR, TNO Geologische Dienst Nederland]","[info@dinoloket.nl, geodesk.cgi@wur.nl, info@dinoloket.nl]",
edf79e6a-d73d-4def-8d22-0f495cc76a73","Bronbestanden waterkwaliteit","[Informatiehuis Water, Informatiehuis Water]","[servicedesk@ihw.nl, servicedesk@ihw.nl]",
3e57ce43-7707-43ed-a4b9-72b3a6d812f8","Geluidkaart hoofdspoornet 2011 (Lnight)","[Ministerie van IenW, Ministerie van IenW]","[sylvia.koolmees@minienw.nl, sylvia.koolmees@minienw.nl]",
c2225e5d-b46f-4e38-8445-ab10fd40c0dc","Blokindeling Nederlands Continentaal Plat","[Ministerie van Defensie, Koninklijke Marine, Dienst der Hydrografie, Ministerie van Defensie, Koninklijke Marine, Dienst der Hydrografie, Ministerie van Defensie, Koninklijke Marine, Dienst der Hydrografie]","[data@hydro.nl, data@hydro.nl, data@hydro.nl]",
eu-f297898-2640-44c2-bbe9-c0480da83794","Hydrografie - Netwerk (INSPIRE geharmoniseerd) - WT","[Rijkswaterstaat, Rijkswaterstaat, , Rijkswaterstaat, Wetransform]","[servicedesk-data@rijkswaterstaat.nl, servicedesk-data@rijkswaterstaat.nl, , servicedesk-data@rijkswaterstaat.nl, info@wetransform.to]",
3d59fd06-9aec-4744-91e7-65e119f74569","Mossel- en oesterhabitats","[Ministerie van Economische Zaken - GIS Competence Center, Wageningen Marine Research, PDOK]","[geodatabeheer.giscc@rvo.nl, geodatabeheer.giscc@rvo.nl, info@wur.nl, BeheerPDOK@kadaster.nl]",
c5c4a6d6-b850-473c-8ab5-af9c2c550809","Administratieve Eenheden","[Kadaster, Kadaster en Openbare Registers, Kadaster en de Openbare Registers]","[PPB-GVA@kadaster.nl, kcc@kadaster.nl, kcc@kadaster.nl]",
be6551de-a709-4c6d-a5e2-f63f0cf038ba","Amplitude van het getij op de Noordzee","[Ministerie van Defensie, Koninklijke Marine, Dienst der Hydrografie, Ministerie van Defensie, Koninklijke Marine, Dienst der Hydrografie, Ministerie van Defensie, Koninklijke Marine, Dienst der Hydrografie]","[data@hydro.nl, data@hydro.nl, data@hydro.nl, ]",
6050578f-0010-4bfa-b013-c8617b80ba62","Grondwatersamenstellinggegevens KRW meetronde 2012 onder INSPIRE","[TNO Geologische Dienst Nederland, TNO Geologische Dienst Nederland, TNO Geologische Dienst Nederland]","[info@dinoloket.nl, info@dinoloket.nl, info@dinoloket.nl]",
a29917b9-3426-4041-a11b-69bcb2256904","Kadastrale kaart v4","[Kadaster, Kadaster en Openbare Registers, Dienst voor het Kadaster en de Openbare Registers]","[PPB-GVA@kadaster.nl, kcc@kadaster.nl, kcc@kadaster.nl, , ]",
a5f961e9-ebdd-41e2-b8e8-ab33ed340a83","Adressen (INSPIRE geharmoniseerd)","[Kadaster, Kadaster]","[PPB-GVA@kadaster.nl, kcc@kadaster.nl]",
08b27bf0-e34a-4b30-9eac-5edadfb6a288","Afgevoerde hoeveelheid afval in 2015 vanuit de industrie","no organisationName found in dataset record","[emissieregistratie@rivm.nl, , emissieregistratie@rivm.nl]",
14657c9b-91e4-4355-8563-2911ad0e78e4","Vervoersnetwerken - Gemeenschappelijke elementen (INSPIRE geharmoniseerd)","[Kadaster, Kadaster]","[PPB-GVA@kadaster.nl, kcc@kadaster.nl]",
58d39928-f502-48c9-a8c1-03244dc181bf","Geluidkaart Schiphol 2016 (Lnight)","[Ministerie van IenW, Ministerie van IenW]","[sylvia.koolmees@minienw.nl, sylvia.koolmees@minienw.nl]",
25294679-adb9-4c39-a93b-6954ff9414ac","Waterstanden en afvoeren verwacht - Rijkswaterstaat","[Rijkswaterstaat, Rijkswaterstaat, , Rijkswaterstaat, Rijkswaterstaat]","[servicedesk-data@rijkswaterstaat.nl, servicedesk-data@rijkswaterstaat.nl, , servicedesk-data@rijkswaterstaat.nl, servicedesk-data@rijkswaterstaat.nl]",
d6b85d84-cdb9-4a6e-b799-cf8826e22a94","Ligging industrie en CO2 emissies","Ministerie van Economische Zaken - GIS Competence Center","[geodatabeheer.giscc@rvo.nl, geodatabeheer.giscc@rvo.nl]",
b4ae622c-6201-49d8-bd2e-f7fce9206a1e","Gebouwen (INSPIRE geharmoniseerd)","[Kadaster, Kadaster]","[PPB-GVA@kadaster.nl, kcc@kadaster.nl]",
e80ad426-1392-4349-9f80-14dae5f1bf57","Kadastrale Percelen (INSPIRE geharmoniseerd)","[Kadaster, Kadaster]","[PPB-GVA@kadaster.nl, kcc@kadaster.nl, , ]",
74aca3eb-c38b-4214-9537-e0abc69e11b5","Luchtfoto 2017 25cm RGB open data","[Kadaster, Het Waterschapshuis, Kadaster, Eurosense, Eurosense, Eurosense, Kadaster, Kadaster]","[PPB-GVA@kadaster.nl, info@hetwaterschapshuis.nl, kcc@kadaster.nl, , , , , , ]",
ed960299-a147-4c1a-bc57-41ff83a2264f","Bodemkaart50000_versie2014","[Wageningen Environmental Research, Wageningen Environmental Research (Alterra), Wageningen Environmental Research, Wageningen Environmental Research (Alterra), ALTERRA en voorafgaande instituten, ALTERRA en voorafgaande instituten, Alterra, Alterra, Alterra Wageningen UR, Alterra]","[fokke.brouwer@wur.nl, GeoDesk@wur.nl, fokke.brouwer@wur.nl, GeoDesk@wur.nl]",
d9baa847-4652-4588-abe1-0b050f40f27f","Ziekenhuizen in Nederland (september 2013)","no organisationName found in dataset record","[atlas@rivm.nl, , geodata@rivm.nl]",
12bb57cd-73e0-41ba-a1e9-6d986b9109d3","Human Health NL NUTS2","[Statistics Netherlands, Statistics Netherlands, Statistics Netherlandds, Statistics Netherlands]","[infoservice@cbs.nl, infoservice@cbs.nl, infoservice@cbs.nl, , ]",
76541ebb-a554-4540-a017-399d4bb4a860","Population Distribution NL","[Statistics Netherlands, Statistics Netherlands, Statistics Netherlandds, Statistics Netherlands]","[infoservice@cbs.nl, infoservice@cbs.nl, infoservice@cbs.nl, , ]",
fe0e1e5f-512f-4bb1-bbf8-4028d3dfa24f","Schelpdierpercelen","[Ministerie van Economische Zaken - GIS Competence Center, PDOK]","[geodatabeheer.giscc@rvo.nl, geodatabeheer.giscc@rvo.nl, BeheerPDOK@kadaster.nl]",
d24ccb35-e9d2-41bf-b231-43083fc0c76d","LCP emissies (Richtlijn Industriële emissies) 2016","no organisationName found in dataset record","[emissieregistratie@rivm.nl, , emissieregistratie@rivm.nl]",
36a7e8cb-8300-4602-93d2-135943365a6f","Monitoring stations (Nitraatrichtlijn) diepe filters","no organisationName found in dataset record","[geodata@rivm.nl, , geodata@rivm.nl]",
adn73c4a-ef03-4785-b7f6-942e86b385f5","Bathymetrie Nederland - kust","[Rijkswaterstaat, Rijkswaterstaat, , Rijkswaterstaat, Rijkswaterstaat]","[servicedesk-data@rijkswaterstaat.nl, servicedesk-data@rijkswaterstaat.nl, , servicedesk-data@rijkswaterstaat.nl, servicedesk-data@rijkswaterstaat.nl]",
f273941e-9c3b-43bc-b886-2d50d0bf9348","Habitatrichtlijn verspreidingsgebied van soorten","[Ministerie van Economische Zaken - GIS Competence Center, Wageningen Environmental Research (Alterra), PDOK, CBS, Natuurloket, pgo's]","[geodatabeheer.giscc@rvo.nl, GeoDesk.CGI@wur.nl, geodatabeheer.giscc@rvo.nl, beheerPDOK@kadaster.nl, , , ]",
9986a7ef-e5e2-4a7a-9018-2e1f9631ba8c","Zwemwater (provinciaal en Rijkswateren) uit {Zwemwaterregister}","[Interprovinciaal Overleg, Interprovinciaal Overleg, Interprovinciaal Overleg]","[inspire@gbo-provincies.nl, inspire@gbo-provincies.nl, inspire@gbo-provincies.nl]",
34e6165f-1269-48d1-b255-0f05d163d692","Geluidszones rondom bedrijventerreinen zowel provinciaal als gemeentelijk","[Interprovinciaal Overleg, Interprovinciaal Overleg, Interprovinciaal Overleg]","[inspire@gbo-provincies.nl, inspire@gbo-provincies.nl, inspire@gbo-provincies.nl]",
41023936-009d-48ec-a90d-c966895463c1","Geluidszones rondom vliegvelden","[Interprovinciaal Overleg, Interprovinciaal Overleg, Interprovinciaal Overleg]","[inspire@gbo-provincies.nl, inspire@gbo-provincies.nl, inspire@gbo-provincies.nl]",
ffefc3dc-dc8f-4589-ae22-a60bebcdf5cb","Wijk- en Buurtkaart 2018 versie 2","[Centraal Bureau voor de Statistiek, Centraal Bureau voor de Statistiek, Centraal Bureau voor de Statistiek, Kadaster]","[infoservice@cbs.nl, infoservice@cbs.nl, infoservice@cbs.nl, , ]",
eu-2c7040b-c448-451b-bf15-f2416ecaadd1","Vervoersnetwerken - Waterwegen (INSPIRE geharmoniseerd) - WT","[Rijkswaterstaat, Rijkswaterstaat, , Rijkswaterstaat, Wetransform]","[servicedesk-data@rijkswaterstaat.nl, servicedesk-data@rijkswaterstaat.nl, , servicedesk-data@rijkswaterstaat.nl, info@wetransform.to]",
6318009c-7b11-4ab9-9929-735584dfb692","Land Use 2015","[Statistics Netherlands, Statistics Netherlands, PDOK]","[infoservice@cbs.nl, infoservice@cbs.nl, , , ]",
2daad588-11ef-47de-9832-6fe2c3b93e6d","Overstromingsrisicokaarten","[Interprovinciaal Overleg, Interprovinciaal Overleg, Interprovinciaal Overleg]","[inspire@gbo-provincies.nl, inspire@gbo-provincies.nl, inspire@gbo-provincies.nl]",
bc2c53f6-c908-4d7c-a6c0-78d9a2855640","Overstromingsgevaarkaarten","[Interprovinciaal Overleg, Interprovinciaal Overleg, Interprovinciaal Overleg]","[inspire@gbo-provincies.nl, inspire@gbo-provincies.nl, inspire@gbo-provincies.nl]",
wt-f5eb-b09f-4f6d-8397-8878a1b86238","Menselijke gezondheid en veiligheid - geluidbelasting rijkswegen 2011 (INSPIRE geharmoniseerd)","[Rijkswaterstaat, Rijkswaterstaat, , Rijkswaterstaat, Wetransform]","[servicedesk-data@rijkswaterstaat.nl, servicedesk-data@rijkswaterstaat.nl, , servicedesk-data@rijkswaterstaat.nl, info@wetransform.to]",
wt-3730-e750-485a-9c0c-39bf9be72cf9","Menselijke gezondheid en veiligheid -  geluidbelasting rijkswegen 2006 (INSPIRE geharmoniseerd)","[Rijkswaterstaat, Rijkswaterstaat, , Rijkswaterstaat, Wetransform]","[servicedesk-data@rijkswaterstaat.nl, servicedesk-data@rijkswaterstaat.nl, , servicedesk-data@rijkswaterstaat.nl, info@wetransform.to]",
998ba1dc-f6a6-49a3-a021-51f30d9b1d0e","Wet Ammoniak en Veehouderij gebieden","[Interprovinciaal Overleg, Interprovinciaal Overleg, Interprovinciaal Overleg]","[inspire@gbo-provincies.nl, inspire@gbo-provincies.nl, inspire@gbo-provincies.nl]",
c7d8d77b-8c47-4309-8c58-9b12b086407f","Natuurnetwerk Nederland","[Interprovinciaal Overleg, Interprovinciaal Overleg, Interprovinciaal Overleg]","[inspire@gbo-provincies.nl, inspire@gbo-provincies.nl, inspire@gbo-provincies.nl]",
krw2006-68b5-4ff3-94a4-9c24109ffd5e","Kaderrichtlijn Water - Oppervlaktewaterlichamen Nederland EU2009 vlakken","[Rijkswaterstaat, Rijkswaterstaat, , Rijkswaterstaat, Rijkswaterstaat]","[servicedesk-data@rijkswaterstaat.nl, servicedesk-data@rijkswaterstaat.nl, , servicedesk-data@rijkswaterstaat.nl, servicedesk-data@rijkswaterstaat.nl]",
710c381c-ab2d-45d5-a45d-af2eba811e5f","Nationaal Hydrologisch Instrumentarium (NHI) - netwerkschematisatie","[Rijkswaterstaat, Rijkswaterstaat, , Rijkswaterstaat, Rijkswaterstaat]","[servicedesk-data@rijkswaterstaat.nl, servicedesk-data@rijkswaterstaat.nl, , servicedesk-data@rijkswaterstaat.nl, servicedesk-data@rijkswaterstaat.nl]",
cc408b2d-09a6-4b2b-9aa3-b46bfe2f00a5","Stiltegebieden","[Interprovinciaal Overleg, Interprovinciaal Overleg, Interprovinciaal Overleg]","[inspire@gbo-provincies.nl, inspire@gbo-provincies.nl, inspire@gbo-provincies.nl]",
f0821bfe-5a0a-11e9-8647-d663bd873d93","NB-wetgebieden buiten Natura 2000","[Interprovinciaal Overleg, Interprovinciaal Overleg, Interprovinciaal Overleg]","[inspire@gbo-provincies.nl, inspire@gbo-provincies.nl, inspire@gbo-provincies.nl]",
110f9ec6-4464-462e-9765-83d90cefbeab","Kaderrichtlijn Water - Stroomgebieddistricten Nederland EU2015","[Informatiehuis Water, Informatiehuis Water, , Rijkswaterstaat, Rijkswaterstaat]","[servicedesk@ihw.nl, servicedesk-data@rijkswaterstaat.nl, , servicedesk-data@rijkswaterstaat.nl, servicedesk-data@rijkswaterstaat.nl]",
2e31680f-68b5-4ff3-94a4-9c24109ffd5e","Kaderrichtlijn Water - Oppervlaktewaterlichamen Nederland 2019 vlakken","[Rijkswaterstaat, Rijkswaterstaat, , Rijkswaterstaat, Rijkswaterstaat]","[servicedesk-data@rijkswaterstaat.nl, servicedesk-data@rijkswaterstaat.nl, , servicedesk-data@rijkswaterstaat.nl, servicedesk-data@rijkswaterstaat.nl]",
622a632a-c57b-44a2-83a4-e51223d5f15g","Kaderrichtlijn Water - Oppervlaktewaterlichamen Nederland 2019 lijnen","[Rijkswaterstaat, Rijkswaterstaat, , Rijkswaterstaat, Rijkswaterstaat]","[servicedesk-data@rijkswaterstaat.nl, servicedesk-data@rijkswaterstaat.nl, , servicedesk-data@rijkswaterstaat.nl, servicedesk-data@rijkswaterstaat.nl]",
krw-f7bb2351-9788-42ea-a58b-a5ee1842304e","Kaderrichtlijn Water - Stroomgebieddistricten Nederland 2019 vlakken","[Rijkswaterstaat, Rijkswaterstaat, , Rijkswaterstaat, Rijkswaterstaat]","[servicedesk-data@rijkswaterstaat.nl, servicedesk-data@rijkswaterstaat.nl, , servicedesk-data@rijkswaterstaat.nl, servicedesk-data@rijkswaterstaat.nl]",
a1960e70-22f4-4fd9-91a8-b605c6ceda3e","Kaderrichtlijn Water - Oppervlaktewaterlichamen Nederland EU2015 riviernetwerk","[Informatiehuis Water, Informatiehuis Water, , Rijkswaterstaat, Rijkswaterstaat]","[servicedesk@ihw.nl, servicedesk@ihw.nl, , servicedesk-data@rijkswaterstaat.nl, servicedesk-data@rijkswaterstaat.nl]",
110f9ec6-4464-462e-9765-83d90cefbeag","Kaderrichtlijn Water - Oppervlaktewaterlichamen Nederland EU2015 lijnen","[Informatiehuis Water, Informatiehuis Water, , Rijkswaterstaat, Informatiehuis Water]","[servicedesk@ihw.nl, servicedesk@ihw.nl, , servicedesk-data@rijkswaterstaat.nl, servicedesk@ihw.nl]",
krw2006-c57b-44a2-83a4-e51223d5f15g","Kaderrichtlijn Water - Oppervlaktewaterlichamen Nederland EU2009 lijnen","[Rijkswaterstaat, Rijkswaterstaat, , Rijkswaterstaat, Rijkswaterstaat]","[servicedesk-data@rijkswaterstaat.nl, servicedesk-data@rijkswaterstaat.nl, , servicedesk-data@rijkswaterstaat.nl, servicedesk-data@rijkswaterstaat.nl]",
110f9ec6-4464-462e-9765-83d90cefbeac","Kaderrichtlijn Water - Deelstroomgebieden Nederland EU2015","[Informatiehuis Water, Informatiehuis Water, , Rijkswaterstaat, Rijkswaterstaat]","[servicedesk@ihw.nl, servicedesk@ihw.nl, , servicedesk-data@rijkswaterstaat.nl, servicedesk-data@rijkswaterstaat.nl]",
891ddc2d-8949-4a45-be96-c65b87c41f13","Kaderrichtlijn Water - Monitoringlocaties Nederland EU2015","[Informatiehuis Water, Informatiehuis Water, , Rijkswaterstaat, Rijkswaterstaat]","[servicedesk@ihw.nl, servicedesk-data@rijkswaterstaat.nl, , servicedesk-data@rijkswaterstaat.nl, servicedesk-data@rijkswaterstaat.nl]",
26103042-50a1-4ee5-9c5b-857a2f8b7680","Wijk- en Buurtkaart 2017 versie 3","[Centraal Bureau voor de Statistiek, Centraal Bureau voor de Statistiek, Centraal Bureau voor de Statistiek, Kadaster]","[infoservice@cbs.nl, infoservice@cbs.nl, infoservice@cbs.nl, , ]",
a9b7026e-0a81-4813-93bd-ba49e6f28502","NWB - Wegen","[Rijkswaterstaat, Rijkswaterstaat, , Rijkswaterstaat, Rijkswaterstaat]","[servicedesk-data@rijkswaterstaat.nl, servicedesk-data@rijkswaterstaat.nl, , servicedesk-data@rijkswaterstaat.nl, servicedesk-data@rws.n]",
f605a24f-60cd-4c40-94c8-2186aba3ddd0","CBS Vierkantstatistieken 500m","[Centraal Bureau voor de Statistiek, Centraal Bureau voor de Statistiek, Centraal Bureau voor de Statistiek, Centraal Bureau voor de Statistiek]","[infoservice@cbs.nl, infoservice@cbs.nl, infoservice@cbs.nl, ]",
6cde2ce7-3ecd-4785-b7b8-d62c3381efe9","Wijk- en Buurtkaart 2016 versie 3","[Centraal Bureau voor de Statistiek, Centraal Bureau voor de Statistiek, Centraal Bureau voor de Statistiek, Kadaster]","[infoservice@cbs.nl, infoservice@cbs.nl, infoservice@cbs.nl, , ]",
4cda487b-c467-490c-a843-6563fec016be","Aansluitende zone volgens UNCLOS - Noordzee","[Ministerie van Defensie, Koninklijke Marine, Dienst der Hydrografie, Ministerie van Defensie, Koninklijke Marine, Dienst der Hydrografie, Ministerie van Defensie, Koninklijke Marine, Dienst der Hydrografie]","[data@hydro.nl, data@hydro.nl, data@hydro.nl, , ]",
ror-9d8e-4758-83fx-28b057f185e1","Richtlijn Overstromingsrisico - gebieden met Potentieel Significant Overstromingsrisico EU2018 vlakken","[Rijkswaterstaat, Rijkswaterstaat, , Rijkswaterstaat, Rijkswaterstaat]","[servicedesk-data@rijkswaterstaat.nl, servicedesk-data@rijkswaterstaat.nl, , servicedesk-data@rijkswaterstaat.nl, servicedesk-data@rijkswaterstaat.nl]",
ror-9d8e-4758-83fx-28b057f185f1","Richtlijn Overstromingsrisico - historische overstromingen EU2018","[Rijkswaterstaat, Rijkswaterstaat, , Rijkswaterstaat, Rijkswaterstaat]","[servicedesk-data@rijkswaterstaat.nl, servicedesk-data@rijkswaterstaat.nl, , servicedesk-data@rijkswaterstaat.nl, servicedesk-data@rijkswaterstaat.nl]",
uwwtd-9d8e-4758-83fa-28b057f185e3","Richtlijn Stedelijk Afvalwater - rioolwaterzuiveringsinstallaties Nederland EU2015","[Rijkswaterstaat, Rijkswaterstaat, , Rijkswaterstaat, Rijkswaterstaat]","[servicedesk-data@rijkswaterstaat.nl, servicedesk-data@rijkswaterstaat.nl, , servicedesk-data@rijkswaterstaat.nl, servicedesk-data@rijkswaterstaat.nl]",
uwwtd-9d8e-4758-83fa-28b057f185e1","Richtlijn Stedelijk Afvalwater - agglomeraties Nederland EU2015","[Rijkswaterstaat, Rijkswaterstaat, , Rijkswaterstaat, Rijkswaterstaat]","[servicedesk-data@rijkswaterstaat.nl, servicedesk-data@rijkswaterstaat.nl, , servicedesk-data@rijkswaterstaat.nl, servicedesk-data@rijkswaterstaat.nl]",
76091be7-358a-4a44-8182-b4139c96c6a4","Adressen","[Kadaster, Kadaster, Kadaster]","[PPB-GVA@kadaster.nl, kcc@kadaster.nl, kcc@kadaster.nl]",
0558a41c-b09a-47fa-b8db-9de6bfe4f494","Gebouwen","[Kadaster, Kadaster, Kadaster]","[PPB-GVA@kadaster.nl, kcc@kadaster.nl, kcc@kadaster.nl]",
1c3afc74-cc34-44b7-938a-963e2350795a","Hydrografie - Physical Waters (INSPIRE geharmoniseerd)","[Kadaster, Kadaster]","[PPB-GVA@kadaster.nl, kcc@kadaster.nl]",
c935f2ab-9b65-4dc4-94a0-73aeb840a941","Overheidsdiensten","[Kamer van Koophandel, Kamer van Koophandel]","[erik.simonse@kvk.nl, erik.simonse@kvk.nl]",
4783ea4f-6b8c-4600-8af0-516f3556cfe9","Kaderrichtlijn Water - Register Beschermd Gebied - Schelpdierwater 2008","[Rijkswaterstaat, Rijkswaterstaat, , Rijkswaterstaat, Rijkswaterstaat]","[servicedesk-data@rijkswaterstaat.nl, servicedesk-data@rijkswaterstaat.nl, , servicedesk-data@rijkswaterstaat.nl, servicedesk-data@rijkswaterstaat.nl]",
7c24ea89-074e-4c4f-91e3-d38e813e9cb6","Luchtfoto 2017 25cm CIR open data","[Kadaster, Het Waterschapshuis, Kadaster, Eurosense, Eurosense, Eurosense, Kadaster, Kadaster]","[PPB-GVA@kadaster.nl, info@hetwaterschapshuis.nl, kcc@kadaster.nl, , , , , , ]",
80630ee7-3a15-4ea0-bdc0-a8aebfa2f204","Oppervlaktegeologie, Geologische kaart onder INSPIRE","[TNO Geologische Dienst Nederland, TNO Geologische Dienst Nederland, TNO Geologische Dienst Nederland]","[info@dinoloket.nl, info@dinoloket.nl, info@dinoloket.nl]",
2d3dd6d2-2d2b-4b5f-9e30-86e19ed77a56","Bestand Bodemgebruik 2015","[Centraal Bureau voor de Statistiek, Centraal Bureau voor de Statistiek, PDOK]","[infoservice@cbs.nl, infoservice@cbs.nl, , , ]",
1249746f-c2a6-4639-98f2-251676b3528e","Maritieme grenzen - basislijn Noordzee","[Ministerie van Defensie, Koninklijke Marine, Dienst der Hydrografie, Ministerie van Defensie, Koninklijke Marine, Dienst der Hydrografie, Ministerie van Defensie, Koninklijke Marine, Dienst der Hydrografie]","[data@hydro.nl, data@hydro.nl, data@hydro.nl]",
f1d27179-36eb-4376-8048-f51d2eb23a09","Nederlands deel PSSA Waddenzee","[Ministerie van Defensie, Koninklijke Marine, Dienst der Hydrografie, Ministerie van Defensie, Koninklijke Marine, Dienst der Hydrografie, Ministerie van Defensie, Koninklijke Marine, Dienst der Hydrografie]","[data@hydro.nl, data@hydro.nl, data@hydro.nl, , ]",
5b274449-b6c2-4672-a32f-e0bd40975a53","Luchtfoto 2018 25cm RGB open data","[Kadaster, Het Waterschapshuis, Kadaster, Eurosense, Eurosense, Eurosense, Kadaster, Kadaster]","[PPB-GVA@kadaster.nl, info@hetwaterschapshuis.nl, kcc@kadaster.nl, , , , , , ]",
krw-782cab20-8328-45f1-a9b2-c27d07c14066","Kaderrichtlijn Water - Deelstroomgebieden Nederland 2019 vlakken","[Rijkswaterstaat, Rijkswaterstaat, , Rijkswaterstaat, Rijkswaterstaat]","[servicedesk-data@rijkswaterstaat.nl, servicedesk-data@rijkswaterstaat.nl, , servicedesk-data@rijkswaterstaat.nl, servicedesk-data@rijkswaterstaat.nl]",
e536d943-ecff-4d7a-9500-cc31a263a6af","Publiekrechtelijke beperkingen","[Kadaster, Kadaster]","[PPB-GVA@kadaster.nl, kcc@kadaster.nl]",
4617f0e0-6af4-4ac0-9044-31df9d03071c","Gebieden in de territoriale zee","[Ministerie van Defensie, Koninklijke Marine, Dienst der Hydrografie, Ministerie van Defensie, Koninklijke Marine, Dienst der Hydrografie, Ministerie van Defensie, Koninklijke Marine, Dienst der Hydrografie]","[data@hydro.nl, data@hydro.nl, data@hydro.nl, , ]",
0f128799-cf18-4b37-a721-e62b068191f5","Gebiedsbeheer, gebieden waar beperkingen gelden, gereguleerde gebieden en rapportage-eenheden - Provincies (INSPIRE geharmoniseerd)","[Interprovinciaal Overleg, Interprovinciaal Overleg, Interprovinciaal Overleg]","[inspire@gbo-provincies.nl, inspire@gbo-provincies.nl, inspire@gbo-provincies.nl]",
ca94a0cb-7561-4a10-a7d6-b840e56c33ff","Provinciale monumenten","[Interprovinciaal Overleg, Interprovinciaal Overleg, Interprovinciaal Overleg]","[inspire@gbo-provincies.nl, inspire@gbo-provincies.nl, inspire@gbo-provincies.nl]",
380aa01e-dce7-11e3-9f07-901b0e19e163","Netwerk van KNMI waarneemstations","[Koninklijk Nederlands Meteorologisch Instituut (KNMI), Koninklijk Nederlands Meteorologisch Instituut (KNMI), Koninklijk Nederlands Meteorologisch Instituut (KNMI)]","[datacentrum@knmi.nl, datacentrum@knmi.nl, datacentrum@knmi.nl]",
f002bfc5-7d87-46b6-819e-8415422b65c9","Aardkundige waarden","[Interprovinciaal Overleg, Interprovinciaal Overleg, Interprovinciaal Overleg]","[inspire@gbo-provincies.nl, inspire@gbo-provincies.nl, inspire@gbo-provincies.nl]",
e3b0da1e-0664-4025-b3f5-a54d74a26450","zoutvelden en zoutproductieputten onder INSPIRE","[TNO Geologische Dienst Nederland, TNO Geologische Dienst Nederland, TNO Geologische Dienst Nederland]","[info@dinoloket.nl, info@dinoloket.nl, info@dinoloket.nl]",
dc5b522e-3e14-4738-9e8e-2401e1b19ef2","Potentieel koude en warmte uit open en gesloten WKO systemen (GJ/ha.jaar)","[Ministerie van Economische Zaken - GIS Competence Center, Ministerie van Economische Zaken - GIS Competence Center]","[geodatabeheer.giscc@rvo.nl, geodatabeheer.giscc@rvo.nl, geodatabeheer.giscc@rvo.nl]",
88a3c1ae-902e-4efa-8663-ddd836101929","Werelderfgoed","[Rijksdienst voor het Cultureel Erfgoed, Rijksdienst voor het Cultureel Erfgoed, Rijksdienst voor het Cultureel Erfgoed]","[info@cultureelerfgoed.nl, info@cultureelerfgoed.nl, info@cultureelerfgoed.nl]",
4b282988-cb91-4bbc-b147-f653014917cb","Hydrografie","[Kadaster, Kadaster, Kadaster]","[PPB-GVA@kadaster.nl, kcc@kadaster.nl, kcc@kadaster.nl]",
50a2c5e6-c8e7-425d-854e-26f578196bc9","Afgevoerde hoeveelheid afval in 2011 vanuit de industrie","no organisationName found in dataset record","[emissieregistratie@rivm.nl, , emissieregistratie@rivm.nl]",
64ff8561-5c56-4cc1-ae0e-94366fb70b7e","Luchtfoto 2019 25cm RGB open data","[Kadaster, Het Waterschapshuis, Kadaster, Geocart, Geocart, Geocart, Kadaster, Kadaster]","[PPB-GVA@kadaster.nl, info@hetwaterschapshuis.nl, kcc@kadaster.nl, , , , , , ]",
df15af6e-0d21-4437-a69f-802be3479bba","Luchtfoto 2016 25cm RGB open data","[Kadaster, Het Waterschapshuis, Kadaster, Eurosense, Eurosense, Eurosense, Kadaster, Kadaster]","[PPB-GVA@kadaster.nl, info@hetwaterschapshuis.nl, kcc@kadaster.nl, , , , , , ]",
10d1153e-778f-4995-9b6c-7c69b196cccb","Statistical Units Vector","[Statistics Netherlands, Statistics Netherlands, Statistics Netherlandds, Statistics Netherlands]","[infoservice@cbs.nl, infoservice@cbs.nl, infoservice@cbs.nl, , ]",
3eebf700-5abf-42e4-826c-03cfb497e366","Vervoersnetwerken","[Kadaster, Kadaster, Kadaster]","[PPB-GVA@kadaster.nl, kcc@kadaster.nl, kcc@kadaster.nl]",
11a292bd-9022-4a9f-b1bf-02f5c89ad74a","Totale potentie aardwarmte uit aquifers, INSPIRE","[TNO Geologische Dienst Nederland, TNO Geologische Dienst Nederland, TNO Geologische Dienst Nederland]","[info@dinoloket.nl, info@dinoloket.nl, info@dinoloket.nl]",
6c06740d-058f-4a12-bb3f-bf68efd03d09","Vervoersnetwerken - Kabelbanen (INSPIRE geharmoniseerd)","[Kadaster, Kadaster]","[PPB-GVA@kadaster.nl, kcc@kadaster.nl]",
7dd1fd45-ace5-41e0-93a6-64e3be231717","Administratieve Eenheden (INSPIRE geharmoniseerd)","[Kadaster, Kadaster]","[PPB-GVA@kadaster.nl, kcc@kadaster.nl]",
844404a2-9cd0-452e-b29a-74588777485a","Geluidkaart hoofdspoornet 2011 (Lden)","[Ministerie van IenW, Ministerie van IenW]","[sylvia.koolmees@minienw.nl, sylvia.koolmees@minienw.nl]",
8a4f5c3b-aced-48fd-afb5-f1f1d0ef21d6","Omgevingsdosisequivalenttempo Nationaal Meetnet Radioactiviteit 2011","no organisationName found in dataset record","[geodata@rivm.nl, , geodata@rivm.nl]",
ad6caa40-89ab-47e3-85ab-3f8e32024a71","Emissies naar lucht en water in 2011 vanuit de industrie","no organisationName found in dataset record","[emissieregistratie@rivm.nl, , emissieregistratie@rivm.nl]",
110f9ec6-4464-462e-9765-83d90cefbead","Kaderrichtlijn Water - Oppervlaktewaterlichamen Nederland EU2015 vlakken","[Informatiehuis Water, Informatiehuis Water, , Rijkswaterstaat, Informatiehuis Water]","[servicedesk@ihw.nl, servicedesk-data@rijkswaterstaat.nl, , servicedesk-data@rijkswaterstaat.nl, servicedesk@ihw.nl]",
af135cd8-d429-4fc7-b9e3-09e15217520d","Gemeten fijnere fractie van Fijn stof concentraties in buitenlucht.","no organisationName found in dataset record","[geodata@rivm.nl, geodata@rivm.nl]",
a04afee4-47d5-45b7-b7a0-a6f86106af11","Mosselzaadinvanginstallaties","no organisationName found in dataset record","[geodatabeheer.giscc@rvo.nl, VR@minez.nl, geodatabeheer.giscc@rvo.nl, beheer@pdok.nl]",
d3c9efd6-fca7-49d6-92bb-5f507abece90","Gemeten Ammoniak concentraties in buitenlucht.","no organisationName found in dataset record","[geodata@rivm.nl, geodata@rivm.nl]",
b3ec8793-7747-4da0-b6c3-aa384446a586","Gemeten Fijn stof concentraties in buitenlucht.","no organisationName found in dataset record","[geodata@rivm.nl, geodata@rivm.nl]",
500d396f-5ec6-4e4b-a151-5fb3cddd8082","Gemeten Zwaveldioxide concentraties in buitenlucht.","no organisationName found in dataset record","[geodata@rivm.nl, geodata@rivm.nl]",
733559a5-201d-40e5-ad43-d1c7bae84d9f","Gemeten Stikstofdioxide concentraties in buitenlucht.","RIVM","[geodata@rivm.nl, geodata@rivm.nl]",
e8b84fae-00b3-49c1-80c1-df8f69f64e8c","EEZ volgens UNCLOS - Noordzee","[Ministerie van Defensie, Koninklijke Marine, Dienst der Hydrografie, Ministerie van Defensie, Koninklijke Marine, Dienst der Hydrografie, Ministerie van Defensie, Koninklijke Marine, Dienst der Hydrografie]","[data@hydro.nl, data@hydro.nl, data@hydro.nl, , ]",
bb11be63-bd38-4632-bf54-df44c423a529","Territoriale Zee volgens UNCLOS - Noordzee","[Ministerie van Defensie, Koninklijke Marine, Dienst der Hydrografie, Ministerie van Defensie, Koninklijke Marine, Dienst der Hydrografie, Ministerie van Defensie, Koninklijke Marine, Dienst der Hydrografie]","[data@hydro.nl, data@hydro.nl, data@hydro.nl, , ]",
krm-a905-9d8e-4758-83fa-28b057f185e3","Kaderrichtlijn Mariene Strategie - Rapportage eenheden Nederland EU2018","[Rijkswaterstaat, Rijkswaterstaat, , Rijkswaterstaat, Rijkswaterstaat]","[servicedesk-data@rijkswaterstaat.nl, servicedesk-data@rijkswaterstaat.nl, , servicedesk-data@rijkswaterstaat.nl, servicedesk-data@rijkswaterstaat.nl]",
krm-a905-9d8e-4758-83fa-28b057f185e4","Kaderrichtlijn Mariene Strategie - Mariene wateren Nederland EU2018","[Rijkswaterstaat, Rijkswaterstaat, , Rijkswaterstaat, Rijkswaterstaat]","[servicedesk-data@rijkswaterstaat.nl, servicedesk-data@rijkswaterstaat.nl, , servicedesk-data@rijkswaterstaat.nl, servicedesk-data@rijkswaterstaat.nl]",
24de356e-ec4d-4a18-9903-6401d222b77c","Vergunningen Mijnbouwwet onder INSPIRE","[TNO Geologische Dienst Nederland, TNO Geologische Dienst Nederland, TNO Geologische Dienst Nederland]","[info@dinoloket.nl, info@dinoloket.nl, info@dinoloket.nl]",
e1e99000-ec47-4e9f-84a5-adad24fef0dc","Natuurlijke alfa activiteitsconcentratie in lucht Nationaal Meetnet Radioactiviteit 2011","no organisationName found in dataset record","[geodata@rivm.nl, , geodata@rivm.nl]",
49ab8bee-b467-486a-96ca-b950443c453a","Beschermde gebieden - Provincies (INSPIRE geharmoniseerd)","[Interprovinciaal Overleg, Interprovinciaal Overleg, Interprovinciaal Overleg]","[inspire@gbo-provincies.nl, inspire@gbo-provincies.nl, inspire@gbo-provincies.nl]",
19165027-a13a-4c19-9013-ec1fd191019d","Wetlands (RAMSAR) (INSPIRE Geharmoniseerd)","[, ]","[geodatabeheer.giscc@rvo.nl, geodatabeheer.giscc@rvo.nl, geodatabeheer.giscc@rvo.nl, GeoDesk.CGI@wur.nl, beheer@pdok.nl, , ]",
f91c6ad6-62a5-46d0-8a5b-8a62e7a4b833","Gemeten Stikstofmonoxide concentraties in buitenlucht.","no organisationName found in dataset record","[geodata@rivm.nl, geodata@rivm.nl]",
32a21114-8694-40ce-ab76-9dcd885c7861","Kwaliteit van drinkwater in Nederland (2012)","[RIVM, ]","[geodata@rivm.nl, , geodata@rivm.nl]",
73ec579e-c906-433a-b0b6-d3aa33421558","Luchtvaartinformatie","[Luchtverkeersleiding Nederland (LVNL), Luchtverkeersleiding Nederland (LVNL)]","[AIS@LVNL.NL, AIS@LVNL.nl]",
c3c004ad-5387-4b00-a225-9afbcaa5d31b","Geluidkaart hoofdspoornet 2016 (Lden)","[Ministerie van IenW, Ministerie van IenW]","[sylvia.koolmees@minienw.nl, sylvia.koolmees@minienw.nl]",
5c37d29a-006d-4136-8989-adfc35a1d4a7","Wijk- en Buurtkaart 2019 versie 1","[Centraal Bureau voor de Statistiek, Centraal Bureau voor de Statistiek, Centraal Bureau voor de Statistiek, Kadaster]","[infoservice@cbs.nl, infoservice@cbs.nl, infoservice@cbs.nl, , ]",
d8f370e8-123c-4ab3-9410-04f728327ac6","Gemeten Ozon concentraties in buitenlucht.","no organisationName found in dataset record","[geodata@rivm.nl, geodata@rivm.nl]",
4e2ef670-cddd-11dd-ad8b-0800200c9a66","Stads- en Dorpsgezichten","[Rijksdienst voor het Cultureel Erfgoed, Rijksdienst voor het Cultureel Erfgoed, Rijksdienst voor het Cultureel Erfgoed]","[info@cultureelerfgoed.nl, info@cultureelerfgoed.nl, info@cultureelerfgoed.nl]",
64c987ec-dce6-11e3-8563-901b0e19e163","Actuele synoptische weerwaarnemingen KNMI Nederland per 10 minuten (24 uur)","[Koninklijk Nederlands Meteorologisch Instituut (KNMI), Koninklijk Nederlands Meteorologisch Instituut (KNMI), Koninklijk Nederlands Meteorologisch Instituut (KNMI)]","[datacentrum@knmi.nl, datacentrum@knmi.nl, datacentrum@knmi.nl]",
f5f68d51-2ca4-4897-8227-d3938b2b0a7e","Afvalinrichtingen inclusief nucleaire inrichtingen","[Interprovinciaal Overleg, Interprovinciaal Overleg, Interprovinciaal Overleg]","[inspire@gbo-provincies.nl, inspire@gbo-provincies.nl, inspire@gbo-provincies.nl]",
daa63e4c-dce6-11e3-991e-901b0e19e163","Gecontroleerde klimatologische daggegevens KNMI Nederland","[Koninklijk Nederlands Meteorologisch Instituut (KNMI), Koninklijk Nederlands Meteorologisch Instituut (KNMI), Koninklijk Nederlands Meteorologisch Instituut (KNMI)]","[datacentrum@knmi.nl, datacentrum@knmi.nl, datacentrum@knmi.nl]",
b59f06c0-dce5-11e3-9c10-901b0e19e163","Aardbevingen Nederland (KNMI)","[Koninklijk Nederlands Meteorologisch Instituut (KNMI), Koninklijk Nederlands Meteorologisch Instituut (KNMI), Koninklijk Nederlands Meteorologisch Instituut (KNMI)]","[datacentrum@knmi.nl, datacentrum@knmi.nl, datacentrum@knmi.nl]",
31de946d-85d4-4c93-bb97-e25f4ef1401a","Vervoersnetwerken - Luchttransport (INSPIRE geharmoniseerd)","[Kadaster, Kadaster]","[PPB-GVA@kadaster.nl, kcc@kadaster.nl]",
6f84efeb-fc1d-4565-a721-80735ea57dbd","Rijksmonumenten (verouderd)","[Rijksdienst voor het Cultureel Erfgoed, Rijksdienst voor het Cultureel Erfgoed]","[info@cultureelerfgoed.nl, info@cultureelerfgoed.nl]",
d845cef6-0e23-4212-a951-b69763e39ef0","Windsnelheden op 100m hoogte (m/s)","no organisationName found in dataset record","[geodatabeheer.giscc@rvo.nl, geodatabeheer.giscc@rvo.nl, ]",
fe45c540-e37d-11e4-b571-0800200c9a66","Zwemwaterlocaties en zwemwaterkwaliteit - monsterpunten","[Interprovinciaal Overleg, Interprovinciaal Overleg, Interprovinciaal Overleg, Interprovinciaal Overleg, Interprovinciaal Overleg]","[inspire@gbo-provincies.nl, inspire@gbo-provincies.nl, inspire@gbo-provincies.nl]",
7939fd42-cf88-42c5-ab3b-232cf232a3ac","Actueel Hoogtebestand Nederland 2 (AHN2)","[Rijkswaterstaat, stuurgroep AHN, , Rijkswaterstaat, Rijkswaterstaat]","[servicedesk-data@rijkswaterstaat.nl, servicedesk-data@rijkswaterstaat.nl, , servicedesk-data@rijkswaterstaat.nl, servicedesk-data@rijkswaterstaat.nl]",
cf69ec50-9849-4afd-853c-ee56211d336d","Waterstanden en afvoeren actueel - Rijkswaterstaat","[Rijkswaterstaat, Rijkswaterstaat, , Rijkswaterstaat, Rijkswaterstaat]","[servicedesk-data@rijkswaterstaat.nl, servicedesk-data@rijkswaterstaat.nl, , servicedesk-data@rijkswaterstaat.nl, servicedesk-data@rijkswaterstaat.nl]",
effe1ab0-073d-437c-af13-df5c5e07d6cd","CBS gebiedsindelingen","[Centraal Bureau voor de Statistiek, Centraal Bureau voor de Statistiek, Centraal Bureau voor de Statistiek, Kadaster]","[infoservice@cbs.nl, infoservice@cbs.nl, infoservice@cbs.nl, , ]",
b61a773c-ecad-4e60-93e9-0a4caac0b52f","Olie- en gasvelden onder INSPIRE","[TNO Geologische Dienst Nederland, TNO Geologische Dienst Nederland, TNO Geologische Dienst Nederland]","[info@dinoloket.nl, info@dinoloket.nl, info@dinoloket.nl]",
fe2f9091-1962-4073-9e3b-3e4aeed488a5","Beperkingen voor voertuigen (INSPIRE geharmoniseerde data)","[RDW, RDW, RDW]","[ontheffingen@rdw.nl, ontheffingen@rdw.nl, , ]",
9ed6b8ed-254a-4745-a09a-3b57137d1b69","Luchtfoto 2019 25cm CIR open data","[Kadaster, Het Waterschapshuis, Kadaster, Geocart, Geocart, Geocart, Kadaster, Kadaster]","[PPB-GVA@kadaster.nl, info@hetwaterschapshuis.nl, kcc@kadaster.nl, , , , , , ]",
5800f3b0-2ea2-4231-8165-216a7b26867f","Gemeten Koolstofmonoxide concentraties in buitenlucht.","RIVM","[geodata@rivm.nl, geodata@rivm.nl]",
b6ee58a1-b097-4c6d-8600-eb81efc1468c","Productie/industrie-inrichtingen (o.b.v. SBI-codes) uit {Risico Register Gevaarlijke stoffen (RRGS)}","[Interprovinciaal Overleg, Interprovinciaal Overleg, Interprovinciaal Overleg]","[inspire@gbo-provincies.nl, inspire@gbo-provincies.nl, inspire@gbo-provincies.nl]",
17716ed7-ce0d-4bfd-8868-a398e5578a36","Ruimtelijke plannen Wro: Ruimtelijkeplannen.nl","[Kadaster, Kadaster]","[PPB-GVA@kadaster.nl, ruimtelijkeplannen@kadaster.nl]",
a322184d-6285-4856-bb78-f450b30ffc0e","Bathymetrie Nederlands deel van de Noordzee dieper dan 10 m LAT","[Ministerie van Defensie, Koninklijke Marine, Dienst der Hydrografie, Ministerie van Defensie, Koninklijke Marine, Dienst der Hydrografie]","[data@hydro.nl, data@hydro.nl, data@hydro.nl, , ]",
002d9127-c16d-4b8d-9f5e-102a8c8e36c4","Geluidkaart hoofdspoornet 2016 (Lnight)","[Ministerie van IenW, Ministerie van IenW]","[sylvia.koolmees@minienw.nl, sylvia.koolmees@minienw.nl]",
68ebd5c9-0ea1-4f22-9907-ec4c063cd3e2","Landelijk zoet en zoutwatermeetnet - Rijkswaterstaat","[Rijkswaterstaat, Rijkswaterstaat, , Rijkswaterstaat, Rijkswaterstaat]","[servicedesk-data@rijkswaterstaat.nl, servicedesk-data@rijkswaterstaat.nl, , servicedesk-data@rijkswaterstaat.nl, servicedesk-data@rijkswaterstaat.nl]",
a5241416-8401-4623-be61-57ef50447a41","Maritieme grenzen - Noordzee","[Ministerie van Defensie, Koninklijke Marine, Dienst der Hydrografie, Ministerie van Defensie, Koninklijke Marine, Dienst der Hydrografie, Ministerie van Defensie, Koninklijke Marine, Dienst der Hydrografie]","[data@hydro.nl, data@hydro.nl, data@hydro.nl, , ]",
493ab81b-75f8-4205-b030-6b2fd9eb4295","INSPIRE geharmoniseerde Beschermde Gebieden - Cultuur Historie","[Rijksdienst voor het Cultureel Erfgoed, Rijksdienst voor het Cultureel Erfgoed, Rijksdienst voor het Cultureel Erfgoed]","[info@cultureelerfgoed.nl, info@cultureelerfgoed.nl, info@cultureelerfgoed.nl]",
f44dac86-2228-412f-8355-e56446ca9933","Gebieden in de Eemsmonding en de Dollard","[Ministerie van Defensie, Koninklijke Marine, Dienst der Hydrografie, Ministerie van Defensie, Koninklijke Marine, Dienst der Hydrografie]","[data@hydro.nl, data@hydro.nl, data@hydro.nl]",
1462bbce-ccd3-4362-83d8-4535ca8f44eb","CBS Vierkantstatistieken 100m","[Centraal Bureau voor de Statistiek, Centraal Bureau voor de Statistiek, Centraal Bureau voor de Statistiek, Centraal Bureau voor de Statistiek]","[infoservice@cbs.nl, infoservice@cbs.nl, infoservice@cbs.nl, ]",
58e7dc38-a498-4852-b4ef-908f5baa9056","Begrenzingen van vergunde ontgrondingsgebieden voor zand- en grindwinning","[Interprovinciaal Overleg, Interprovinciaal Overleg, Interprovinciaal Overleg]","[inspire@gbo-provincies.nl, inspire@gbo-provincies.nl, inspire@gbo-provincies.nl]",
07575774-57a1-4419-bab4-6c88fdeb02b2","Hydrografie waterschappen INSPIRE","[Het Waterschapshuis, Het Waterschapshuis, Het Waterschapshuis, Het Waterschapshuis]","[datastromen@hetwaterschapshuis.nl, datastromen@hetwaterschapshuis.nl, , datastromen@hetwaterschapshuis.nl]",
71c2b7d2-a1a8-4836-b8d4-7247d331b04d","CBS Provincies 2012","[Centraal Bureau voor de Statistiek, Centraal Bureau voor de Statistiek, Centraal Bureau voor de Statistiek, Kadaster]","[infoservice@cbs.nl, infoservice@cbs.nl, infoservice@cbs.nl, , ]",
df5ee213-e1bd-433b-80f7-4ea20f493ca8","Zwemwaterkwaliteit (provinciaal en Rijkswateren) uit {Zwemwaterregister}","[Interprovinciaal Overleg, Interprovinciaal Overleg, Interprovinciaal Overleg]","[inspire@gbo-provincies.nl, inspire@gbo-provincies.nl, inspire@gbo-provincies.nl]",
f8d840bc-18df-4449-b797-b9adcb81d3ec","Emissies naar lucht en water in 2015 vanuit de industrie","no organisationName found in dataset record","[emissieregistratie@rivm.nl, , emissieregistratie@rivm.nl]",
88f76a94-ee4d-4e0c-9fde-91b692403e39","Natuurbranden","[Interprovinciaal Overleg, Interprovinciaal Overleg, Interprovinciaal Overleg]","[inspire@gbo-provincies.nl, inspire@gbo-provincies.nl, inspire@gbo-provincies.nl]",
wt-83730-e750-485a-9c0c-39bf9be72cf8","Menselijke gezondheid en veiligheid - geluidbelasting rijkswegen 2016 (INSPIRE geharmoniseerd)","[Rijkswaterstaat, Rijkswaterstaat, , Rijkswaterstaat, Wetransform]","[servicedesk-data@rijkswaterstaat.nl, servicedesk-data@rijkswaterstaat.nl, , servicedesk-data@rijkswaterstaat.nl, info@wetransform.to]",
adn73c4a-ef03-4785-b7f6-942e86b385f7","Bathymetrie Nederland - binnenwateren","[Rijkswaterstaat, Rijkswaterstaat, , Rijkswaterstaat, Rijkswaterstaat]","[servicedesk-data@rijkswaterstaat.nl, servicedesk-data@rijkswaterstaat.nl, , servicedesk-data@rijkswaterstaat.nl, servicedesk-data@rijkswaterstaat.nl]",
ror-9d8e-4758-83fx-28b057f185g1","Richtlijn Overstromingsrisico - gebieden met Potentieel Significant Overstromingsrisico EU2018 lijnen","[Rijkswaterstaat, Rijkswaterstaat, , Rijkswaterstaat, Rijkswaterstaat]","[servicedesk-data@rijkswaterstaat.nl, servicedesk-data@rijkswaterstaat.nl, , servicedesk-data@rijkswaterstaat.nl, servicedesk-data@rijkswaterstaat.nl]",
1be28290-55fa-4486-b9d3-b9d147117863","Luchtfoto 2016 25cm CIR open data","[Kadaster, Het Waterschapshuis, Kadaster, Eurosense, Eurosense, Eurosense, Kadaster, Kadaster]","[PPB-GVA@kadaster.nl, info@hetwaterschapshuis.nl, kcc@kadaster.nl, , , , , , ]",
E7D9F0D6-2B8D-6699-F26E-4A781228F2DD","BRO REGIS II Hydrogeologisch model (HGM)","[TNO Geologische Dienst Nederland, TNO Geologische Dienst Nederland, TNO Geologische Dienst Nederland]","[info@bro.nl, info@bro.nl, info@dinoloket.nl]",
3387ef8a-9237-453a-aa4e-585d1e193550","Nationaal Beschermde Gebieden (CDDA) (INSPIRE geharmoniseerd)","[Ministerie van Economische Zaken - GIS Competence Center, Ministerie van Landbouw, Natuur en Voedselkwaliteit, Ministerie van Economische Zaken - GIS Competence Center]","[geodatabeheer.giscc@rvo.nl, geodatabeheer.giscc@rvo.nl, geodatabeheer.giscc@rvo.nl]",
7D35598D-DFBF-C64D-0F1A-92A80A45EB14","BRO GeoTOP (GTM)","[TNO Geologische Dienst Nederland, TNO Geologische Dienst Nederland, TNO Geologische Dienst Nederland]","[info@bro.nl, info@bro.nl, info@dinoloket.nl]",
03671a9e-6aaf-464d-be99-9aad25cef9e3","Habitatrichtlijn verspreidingsgebied van habitattypen","[Ministerie van Economische Zaken - GIS Competence Center, , Wageningen Environmental Research (Alterra), PDOK, Alterra]","[geodatabeheer.giscc@rvo.nl, , GeoDesk.CGI@wur.nl, geodatabeheer.giscc@rvo.nl, beheerPDOK@kadaster.nl, ]",
60a2a7c2-d5b3-4ad5-b562-c448695357fb","Nationale Landschappen","[Interprovinciaal Overleg, Interprovinciaal Overleg, Interprovinciaal Overleg]","[inspire@gbo-provincies.nl, inspire@gbo-provincies.nl, inspire@gbo-provincies.nl]",
uwwtd-9d8e-4758-83fa-28b057f185e2","Richtlijn Stedelijk Afvalwater - lozingspunten Nederland EU2015","[Rijkswaterstaat, Rijkswaterstaat, , Rijkswaterstaat, Rijkswaterstaat]","[servicedesk-data@rijkswaterstaat.nl, servicedesk-data@rijkswaterstaat.nl, , servicedesk-data@rijkswaterstaat.nl, servicedesk-data@rijkswaterstaat.nl]",
F646DFB9-5BF6-EAB9-042B-CAB6FF2DC275","BRO Digital Geological Model (DGM)","[TNO Geologische Dienst Nederland, TNO Geologische Dienst Nederland, TNO Geologische Dienst Nederland]","[info@bro.nl, info@bro.nl, info@dinoloket.nl]",
1a40eb6f-4f33-4e15-a0b1-2d350ad2636e","Geografische Namen (INSPIRE geharmoniseerd)","[Kadaster, Kadaster]","[PPB-GVA@kadaster.nl, kcc@kadaster.nl]",
6c1cf452-8c62-4046-99ab-640a5e184f9c","Geologisch booronderzoek onder INSPIRE","[TNO Geologische Dienst Nederland, TNO Geologische Dienst Nederland, TNO Geologische Dienst Nederland]","[info@dinoloket.nl, info@dinoloket.nl, info@dinoloket.nl]",
34e95842-4e4e-46de-9198-79e8cd4d30dc","Geografische Namen (Nat) - Nederland","[Ministerie van Defensie, Koninklijke Marine, Dienst der Hydrografie, Ministerie van Defensie, Koninklijke Marine, Dienst der Hydrografie, Ministerie van Defensie, Koninklijke Marine, Dienst der Hydrografie]","[data@hydro.nl, data@hydro.nl, data@hydro.nl, , ]",
8f45b8ef-0ce8-463a-9059-5efdcecb785c","Vervoersnetwerken - Wegen (INSPIRE geharmoniseerd)","[Kadaster, Kadaster]","[PPB-GVA@kadaster.nl, kcc@kadaster.nl]",
0d6ccccc-7cfb-4eaa-8dc5-8b433d19b121","Landbouwbedrijven","no organisationName found in dataset record","[geodatabeheer.giscc@rvo.nl, gegevensvragenASB@rvo.nl, gegevensvragenASB@rvo.nl]",
afc450bd-65b3-4e59-b0fb-619869bf6ada","Landelijk grondwaterregister - Faciliteiten voor productie en industrie","[Interprovinciaal Overleg, Interprovinciaal Overleg, Interprovinciaal Overleg, Interprovinciaal Overleg, Interprovinciaal Overleg]","[inspire@gbo-provincies.nl, inspire@gbo-provincies.nl, inspire@gbo-provincies.nl, , ]",
588a4cb1-b442-4ac1-87e4-40401e353166","Jaarcijfers Landelijk Meetnet Luchtkwaliteit 2012","no organisationName found in dataset record","[geodata@rivm.nl, , geodata@rivm.nl]",
29c17585-e702-463f-a5dc-99d34b17d333","RDinfo","[Kadaster, Dienst van Het Kadaster en Openbare Registers, Dienst voor het Kadaster en de Openbare Registers]","[PPB-GVA@kadaster.nl, kcc@kadaster.nl, rd@kadaster.nl]",
7f5d7945-8fa8-4d36-be4c-2fdb3c7d613b","Luchtfoto 2018 25cm CIR open data","[Kadaster, Het Waterschapshuis, Kadaster, Eurosense, Eurosense, Eurosense, Kadaster, Kadaster]","[PPB-GVA@kadaster.nl, info@hetwaterschapshuis.nl, kcc@kadaster.nl, , , , , , ]",
50eef6be-619d-4e16-9b92-48971109b636","Geluidbelasting rijkswegen in Nederland 2011 (nacht gemiddelde)","[Rijkswaterstaat, Rijkswaterstaat, , Rijkswaterstaat, Rijkswaterstaat]","[servicedesk-data@rijkswaterstaat.nl, servicedesk-data@rijkswaterstaat.nl, , servicedesk-data@rijkswaterstaat.nl, servicedesk-data@rijkswaterstaat.nl]",
280ed37a-b8d2-4ac5-8567-04d84fad3a41","Natura 2000 (INSPIRE geharmoniseerd)","Ministerie van Landbouw, Natuur en Voedselkwaliteit","[geodatabeheer.giscc@rvo.nl, geodatabeheer.giscc@rvo.nl, beheer@pdok.nl]",, <eval>:3:3 Missing space after numeric literal
247a1d15-0a67-40ce-85be-1403c08f15a8","Nationale Parken (INSPIRE Geharmoniseerd)","no organisationName found in dataset record","[geodatabeheer.giscc@rvo.nl, geodatabeheer.giscc@rvo.nl, info@minlnv.nl, , , ]",
   ^ in <eval> at line number 3 at column number 3

]]></system-out>
    <system-err><![CDATA[Warning: Nashorn engine is planned to be removed from a future JDK release
ERROR StatusLogger No log4j2 configuration file found. Using default configuration: logging only errors to the console. Set system property 'org.apache.logging.log4j.simplelog.StatusLogger.level' to TRACE to show Log4j2 internal initialization logging.
]]></system-err>
  </testcase>
</testsuite>