<?xml version="1.0" encoding="UTF-8"?>
<testsuite xmlns:xsi="http://www.w3.org/2001/XMLSchema-instance" xsi:noNamespaceSchemaLocation="https://maven.apache.org/surefire/maven-surefire-plugin/xsd/surefire-test-report-3.0.xsd" version="3.0" name="InspireTest.TestAll" time="27.325" tests="1" errors="0" skipped="0" failures="1">
  <properties>
    <property name="java.specification.version" value="13"/>
    <property name="sun.jnu.encoding" value="UTF-8"/>
    <property name="java.class.path" value="/home/runner/work/nl-ngr-validation/nl-ngr-validation/target/test-classes:/home/runner/work/nl-ngr-validation/nl-ngr-validation/target/classes:/home/runner/.m2/repository/com/intuit/karate/karate-apache/0.9.6/karate-apache-0.9.6.jar:/home/runner/.m2/repository/com/intuit/karate/karate-core/0.9.6/karate-core-0.9.6.jar:/home/runner/.m2/repository/com/jayway/jsonpath/json-path/2.4.0/json-path-2.4.0.jar:/home/runner/.m2/repository/net/minidev/json-smart/2.3/json-smart-2.3.jar:/home/runner/.m2/repository/net/minidev/accessors-smart/1.2/accessors-smart-1.2.jar:/home/runner/.m2/repository/info/cukes/cucumber-java/1.2.5/cucumber-java-1.2.5.jar:/home/runner/.m2/repository/info/cukes/cucumber-core/1.2.5/cucumber-core-1.2.5.jar:/home/runner/.m2/repository/org/yaml/snakeyaml/1.24/snakeyaml-1.24.jar:/home/runner/.m2/repository/de/siegmar/fastcsv/1.0.3/fastcsv-1.0.3.jar:/home/runner/.m2/repository/info/picocli/picocli/4.0.3/picocli-4.0.3.jar:/home/runner/.m2/repository/org/apache/httpcomponents/httpclient/4.5.12/httpclient-4.5.12.jar:/home/runner/.m2/repository/org/apache/httpcomponents/httpcore/4.4.13/httpcore-4.4.13.jar:/home/runner/.m2/repository/commons-codec/commons-codec/1.11/commons-codec-1.11.jar:/home/runner/.m2/repository/org/apache/httpcomponents/httpmime/4.5.12/httpmime-4.5.12.jar:/home/runner/.m2/repository/org/slf4j/jcl-over-slf4j/1.7.25/jcl-over-slf4j-1.7.25.jar:/home/runner/.m2/repository/org/slf4j/slf4j-api/1.7.25/slf4j-api-1.7.25.jar:/home/runner/.m2/repository/ch/qos/logback/logback-classic/1.2.3/logback-classic-1.2.3.jar:/home/runner/.m2/repository/ch/qos/logback/logback-core/1.2.3/logback-core-1.2.3.jar:/home/runner/.m2/repository/com/intuit/karate/karate-junit5/0.9.6/karate-junit5-0.9.6.jar:/home/runner/.m2/repository/org/junit/jupiter/junit-jupiter-api/5.6.2/junit-jupiter-api-5.6.2.jar:/home/runner/.m2/repository/org/apiguardian/apiguardian-api/1.1.0/apiguardian-api-1.1.0.jar:/home/runner/.m2/repository/org/opentest4j/opentest4j/1.2.0/opentest4j-1.2.0.jar:/home/runner/.m2/repository/org/junit/platform/junit-platform-commons/1.6.2/junit-platform-commons-1.6.2.jar:/home/runner/.m2/repository/org/junit/jupiter/junit-jupiter-engine/5.6.2/junit-jupiter-engine-5.6.2.jar:/home/runner/.m2/repository/org/junit/platform/junit-platform-engine/1.6.2/junit-platform-engine-1.6.2.jar:/home/runner/.m2/repository/net/masterthought/cucumber-reporting/3.13.0/cucumber-reporting-3.13.0.jar:/home/runner/.m2/repository/org/apache/logging/log4j/log4j-api/2.8.2/log4j-api-2.8.2.jar:/home/runner/.m2/repository/org/apache/logging/log4j/log4j-core/2.8.2/log4j-core-2.8.2.jar:/home/runner/.m2/repository/com/fasterxml/jackson/core/jackson-databind/2.8.6/jackson-databind-2.8.6.jar:/home/runner/.m2/repository/com/fasterxml/jackson/core/jackson-annotations/2.8.0/jackson-annotations-2.8.0.jar:/home/runner/.m2/repository/com/fasterxml/jackson/core/jackson-core/2.8.6/jackson-core-2.8.6.jar:/home/runner/.m2/repository/org/apache/velocity/velocity/1.7/velocity-1.7.jar:/home/runner/.m2/repository/commons-collections/commons-collections/3.2.1/commons-collections-3.2.1.jar:/home/runner/.m2/repository/commons-lang/commons-lang/2.4/commons-lang-2.4.jar:/home/runner/.m2/repository/velocity-tools/velocity-tools/1.4/velocity-tools-1.4.jar:/home/runner/.m2/repository/joda-time/joda-time/2.9.9/joda-time-2.9.9.jar:/home/runner/.m2/repository/org/apache/commons/commons-lang3/3.6/commons-lang3-3.6.jar:/home/runner/.m2/repository/commons-io/commons-io/2.5/commons-io-2.5.jar:/home/runner/.m2/repository/net/lingala/zip4j/zip4j/1.3.2/zip4j-1.3.2.jar:/home/runner/.m2/repository/org/codehaus/plexus/plexus-utils/3.0.24/plexus-utils-3.0.24.jar:/home/runner/.m2/repository/org/jsoup/jsoup/1.10.3/jsoup-1.10.3.jar:/home/runner/.m2/repository/com/googlecode/owasp-java-html-sanitizer/owasp-java-html-sanitizer/20170515.1/owasp-java-html-sanitizer-20170515.1.jar:/home/runner/.m2/repository/com/google/guava/guava/20.0/guava-20.0.jar:/home/runner/.m2/repository/commons-configuration/commons-configuration/1.6/commons-configuration-1.6.jar:/home/runner/.m2/repository/commons-logging/commons-logging/1.1.1/commons-logging-1.1.1.jar:/home/runner/.m2/repository/commons-digester/commons-digester/1.8/commons-digester-1.8.jar:/home/runner/.m2/repository/commons-beanutils/commons-beanutils/1.7.0/commons-beanutils-1.7.0.jar:/home/runner/.m2/repository/commons-beanutils/commons-beanutils-core/1.8.0/commons-beanutils-core-1.8.0.jar:/home/runner/.m2/repository/org/apache/maven/plugins/maven-surefire-plugin/3.0.0-M4/maven-surefire-plugin-3.0.0-M4.jar:/home/runner/.m2/repository/org/apache/maven/surefire/maven-surefire-common/3.0.0-M4/maven-surefire-common-3.0.0-M4.jar:/home/runner/.m2/repository/org/apache/maven/surefire/surefire-api/3.0.0-M4/surefire-api-3.0.0-M4.jar:/home/runner/.m2/repository/org/apache/maven/surefire/surefire-logger-api/3.0.0-M4/surefire-logger-api-3.0.0-M4.jar:/home/runner/.m2/repository/org/apache/maven/surefire/surefire-extensions-api/3.0.0-M4/surefire-extensions-api-3.0.0-M4.jar:/home/runner/.m2/repository/org/apache/maven/surefire/surefire-booter/3.0.0-M4/surefire-booter-3.0.0-M4.jar:/home/runner/.m2/repository/org/apache/maven/maven-toolchain/3.0-alpha-2/maven-toolchain-3.0-alpha-2.jar:/home/runner/.m2/repository/org/apache/maven/shared/maven-artifact-transfer/0.11.0/maven-artifact-transfer-0.11.0.jar:/home/runner/.m2/repository/org/apache/maven/shared/maven-common-artifact-filters/3.0.1/maven-common-artifact-filters-3.0.1.jar:/home/runner/.m2/repository/org/apache/maven/maven-model/3.0/maven-model-3.0.jar:/home/runner/.m2/repository/org/apache/maven/maven-plugin-api/3.0/maven-plugin-api-3.0.jar:/home/runner/.m2/repository/org/sonatype/sisu/sisu-inject-plexus/1.4.2/sisu-inject-plexus-1.4.2.jar:/home/runner/.m2/repository/org/codehaus/plexus/plexus-classworlds/2.2.3/plexus-classworlds-2.2.3.jar:/home/runner/.m2/repository/org/sonatype/sisu/sisu-inject-bean/1.4.2/sisu-inject-bean-1.4.2.jar:/home/runner/.m2/repository/org/sonatype/sisu/sisu-guice/2.1.7/sisu-guice-2.1.7-noaop.jar:/home/runner/.m2/repository/org/apache/maven/shared/maven-shared-utils/3.1.0/maven-shared-utils-3.1.0.jar:/home/runner/.m2/repository/org/codehaus/plexus/plexus-java/1.0.3/plexus-java-1.0.3.jar:/home/runner/.m2/repository/org/ow2/asm/asm/7.0/asm-7.0.jar:/home/runner/.m2/repository/com/thoughtworks/qdox/qdox/2.0-M9/qdox-2.0-M9.jar:/home/runner/.m2/repository/org/junit/jupiter/junit-jupiter/5.6.2/junit-jupiter-5.6.2.jar:/home/runner/.m2/repository/org/junit/jupiter/junit-jupiter-params/5.6.2/junit-jupiter-params-5.6.2.jar:"/>
    <property name="java.vm.vendor" value="Azul Systems, Inc."/>
    <property name="sun.arch.data.model" value="64"/>
    <property name="java.vendor.url" value="http://www.azulsystems.com/"/>
    <property name="user.timezone" value="Etc/UTC"/>
    <property name="os.name" value="Linux"/>
    <property name="java.vm.specification.version" value="13"/>
    <property name="sun.java.launcher" value="SUN_STANDARD"/>
    <property name="sun.boot.library.path" value="/opt/hostedtoolcache/jdk/13.0.4/x64/lib"/>
    <property name="sun.java.command" value="/home/runner/work/nl-ngr-validation/nl-ngr-validation/target/surefire/surefirebooter17851622886292411977.jar /home/runner/work/nl-ngr-validation/nl-ngr-validation/target/surefire 2020-09-28T12-56-28_616-jvmRun1 surefire12867611719616473028tmp surefire_013367520088979017411tmp"/>
    <property name="jdk.debug" value="release"/>
    <property name="surefire.test.class.path" value="/home/runner/work/nl-ngr-validation/nl-ngr-validation/target/test-classes:/home/runner/work/nl-ngr-validation/nl-ngr-validation/target/classes:/home/runner/.m2/repository/com/intuit/karate/karate-apache/0.9.6/karate-apache-0.9.6.jar:/home/runner/.m2/repository/com/intuit/karate/karate-core/0.9.6/karate-core-0.9.6.jar:/home/runner/.m2/repository/com/jayway/jsonpath/json-path/2.4.0/json-path-2.4.0.jar:/home/runner/.m2/repository/net/minidev/json-smart/2.3/json-smart-2.3.jar:/home/runner/.m2/repository/net/minidev/accessors-smart/1.2/accessors-smart-1.2.jar:/home/runner/.m2/repository/info/cukes/cucumber-java/1.2.5/cucumber-java-1.2.5.jar:/home/runner/.m2/repository/info/cukes/cucumber-core/1.2.5/cucumber-core-1.2.5.jar:/home/runner/.m2/repository/org/yaml/snakeyaml/1.24/snakeyaml-1.24.jar:/home/runner/.m2/repository/de/siegmar/fastcsv/1.0.3/fastcsv-1.0.3.jar:/home/runner/.m2/repository/info/picocli/picocli/4.0.3/picocli-4.0.3.jar:/home/runner/.m2/repository/org/apache/httpcomponents/httpclient/4.5.12/httpclient-4.5.12.jar:/home/runner/.m2/repository/org/apache/httpcomponents/httpcore/4.4.13/httpcore-4.4.13.jar:/home/runner/.m2/repository/commons-codec/commons-codec/1.11/commons-codec-1.11.jar:/home/runner/.m2/repository/org/apache/httpcomponents/httpmime/4.5.12/httpmime-4.5.12.jar:/home/runner/.m2/repository/org/slf4j/jcl-over-slf4j/1.7.25/jcl-over-slf4j-1.7.25.jar:/home/runner/.m2/repository/org/slf4j/slf4j-api/1.7.25/slf4j-api-1.7.25.jar:/home/runner/.m2/repository/ch/qos/logback/logback-classic/1.2.3/logback-classic-1.2.3.jar:/home/runner/.m2/repository/ch/qos/logback/logback-core/1.2.3/logback-core-1.2.3.jar:/home/runner/.m2/repository/com/intuit/karate/karate-junit5/0.9.6/karate-junit5-0.9.6.jar:/home/runner/.m2/repository/org/junit/jupiter/junit-jupiter-api/5.6.2/junit-jupiter-api-5.6.2.jar:/home/runner/.m2/repository/org/apiguardian/apiguardian-api/1.1.0/apiguardian-api-1.1.0.jar:/home/runner/.m2/repository/org/opentest4j/opentest4j/1.2.0/opentest4j-1.2.0.jar:/home/runner/.m2/repository/org/junit/platform/junit-platform-commons/1.6.2/junit-platform-commons-1.6.2.jar:/home/runner/.m2/repository/org/junit/jupiter/junit-jupiter-engine/5.6.2/junit-jupiter-engine-5.6.2.jar:/home/runner/.m2/repository/org/junit/platform/junit-platform-engine/1.6.2/junit-platform-engine-1.6.2.jar:/home/runner/.m2/repository/net/masterthought/cucumber-reporting/3.13.0/cucumber-reporting-3.13.0.jar:/home/runner/.m2/repository/org/apache/logging/log4j/log4j-api/2.8.2/log4j-api-2.8.2.jar:/home/runner/.m2/repository/org/apache/logging/log4j/log4j-core/2.8.2/log4j-core-2.8.2.jar:/home/runner/.m2/repository/com/fasterxml/jackson/core/jackson-databind/2.8.6/jackson-databind-2.8.6.jar:/home/runner/.m2/repository/com/fasterxml/jackson/core/jackson-annotations/2.8.0/jackson-annotations-2.8.0.jar:/home/runner/.m2/repository/com/fasterxml/jackson/core/jackson-core/2.8.6/jackson-core-2.8.6.jar:/home/runner/.m2/repository/org/apache/velocity/velocity/1.7/velocity-1.7.jar:/home/runner/.m2/repository/commons-collections/commons-collections/3.2.1/commons-collections-3.2.1.jar:/home/runner/.m2/repository/commons-lang/commons-lang/2.4/commons-lang-2.4.jar:/home/runner/.m2/repository/velocity-tools/velocity-tools/1.4/velocity-tools-1.4.jar:/home/runner/.m2/repository/joda-time/joda-time/2.9.9/joda-time-2.9.9.jar:/home/runner/.m2/repository/org/apache/commons/commons-lang3/3.6/commons-lang3-3.6.jar:/home/runner/.m2/repository/commons-io/commons-io/2.5/commons-io-2.5.jar:/home/runner/.m2/repository/net/lingala/zip4j/zip4j/1.3.2/zip4j-1.3.2.jar:/home/runner/.m2/repository/org/codehaus/plexus/plexus-utils/3.0.24/plexus-utils-3.0.24.jar:/home/runner/.m2/repository/org/jsoup/jsoup/1.10.3/jsoup-1.10.3.jar:/home/runner/.m2/repository/com/googlecode/owasp-java-html-sanitizer/owasp-java-html-sanitizer/20170515.1/owasp-java-html-sanitizer-20170515.1.jar:/home/runner/.m2/repository/com/google/guava/guava/20.0/guava-20.0.jar:/home/runner/.m2/repository/commons-configuration/commons-configuration/1.6/commons-configuration-1.6.jar:/home/runner/.m2/repository/commons-logging/commons-logging/1.1.1/commons-logging-1.1.1.jar:/home/runner/.m2/repository/commons-digester/commons-digester/1.8/commons-digester-1.8.jar:/home/runner/.m2/repository/commons-beanutils/commons-beanutils/1.7.0/commons-beanutils-1.7.0.jar:/home/runner/.m2/repository/commons-beanutils/commons-beanutils-core/1.8.0/commons-beanutils-core-1.8.0.jar:/home/runner/.m2/repository/org/apache/maven/plugins/maven-surefire-plugin/3.0.0-M4/maven-surefire-plugin-3.0.0-M4.jar:/home/runner/.m2/repository/org/apache/maven/surefire/maven-surefire-common/3.0.0-M4/maven-surefire-common-3.0.0-M4.jar:/home/runner/.m2/repository/org/apache/maven/surefire/surefire-api/3.0.0-M4/surefire-api-3.0.0-M4.jar:/home/runner/.m2/repository/org/apache/maven/surefire/surefire-logger-api/3.0.0-M4/surefire-logger-api-3.0.0-M4.jar:/home/runner/.m2/repository/org/apache/maven/surefire/surefire-extensions-api/3.0.0-M4/surefire-extensions-api-3.0.0-M4.jar:/home/runner/.m2/repository/org/apache/maven/surefire/surefire-booter/3.0.0-M4/surefire-booter-3.0.0-M4.jar:/home/runner/.m2/repository/org/apache/maven/maven-toolchain/3.0-alpha-2/maven-toolchain-3.0-alpha-2.jar:/home/runner/.m2/repository/org/apache/maven/shared/maven-artifact-transfer/0.11.0/maven-artifact-transfer-0.11.0.jar:/home/runner/.m2/repository/org/apache/maven/shared/maven-common-artifact-filters/3.0.1/maven-common-artifact-filters-3.0.1.jar:/home/runner/.m2/repository/org/apache/maven/maven-model/3.0/maven-model-3.0.jar:/home/runner/.m2/repository/org/apache/maven/maven-plugin-api/3.0/maven-plugin-api-3.0.jar:/home/runner/.m2/repository/org/sonatype/sisu/sisu-inject-plexus/1.4.2/sisu-inject-plexus-1.4.2.jar:/home/runner/.m2/repository/org/codehaus/plexus/plexus-classworlds/2.2.3/plexus-classworlds-2.2.3.jar:/home/runner/.m2/repository/org/sonatype/sisu/sisu-inject-bean/1.4.2/sisu-inject-bean-1.4.2.jar:/home/runner/.m2/repository/org/sonatype/sisu/sisu-guice/2.1.7/sisu-guice-2.1.7-noaop.jar:/home/runner/.m2/repository/org/apache/maven/shared/maven-shared-utils/3.1.0/maven-shared-utils-3.1.0.jar:/home/runner/.m2/repository/org/codehaus/plexus/plexus-java/1.0.3/plexus-java-1.0.3.jar:/home/runner/.m2/repository/org/ow2/asm/asm/7.0/asm-7.0.jar:/home/runner/.m2/repository/com/thoughtworks/qdox/qdox/2.0-M9/qdox-2.0-M9.jar:/home/runner/.m2/repository/org/junit/jupiter/junit-jupiter/5.6.2/junit-jupiter-5.6.2.jar:/home/runner/.m2/repository/org/junit/jupiter/junit-jupiter-params/5.6.2/junit-jupiter-params-5.6.2.jar:"/>
    <property name="sun.cpu.endian" value="little"/>
    <property name="user.home" value="/home/runner"/>
    <property name="user.language" value="en"/>
    <property name="java.specification.vendor" value="Oracle Corporation"/>
    <property name="java.version.date" value="2020-07-14"/>
    <property name="java.home" value="/opt/hostedtoolcache/jdk/13.0.4/x64"/>
    <property name="file.separator" value="/"/>
    <property name="basedir" value="/home/runner/work/nl-ngr-validation/nl-ngr-validation"/>
    <property name="java.vm.compressedOopsMode" value="32-bit"/>
    <property name="line.separator" value="&#10;"/>
    <property name="java.vm.specification.vendor" value="Oracle Corporation"/>
    <property name="jdk.vendor.version" value="Zulu13.33+25-CA"/>
    <property name="java.specification.name" value="Java Platform API Specification"/>
    <property name="karate.options" value="--tags @step2"/>
    <property name="surefire.real.class.path" value="/home/runner/work/nl-ngr-validation/nl-ngr-validation/target/surefire/surefirebooter17851622886292411977.jar"/>
    <property name="sun.management.compiler" value="HotSpot 64-Bit Tiered Compilers"/>
    <property name="java.runtime.version" value="13.0.4+8-MTS"/>
    <property name="user.name" value="runner"/>
    <property name="path.separator" value=":"/>
    <property name="os.version" value="5.4.0-1025-azure"/>
    <property name="java.runtime.name" value="OpenJDK Runtime Environment"/>
    <property name="file.encoding" value="UTF-8"/>
    <property name="java.vm.name" value="OpenJDK 64-Bit Server VM"/>
    <property name="java.vendor.version" value="Zulu13.33+25-CA"/>
    <property name="localRepository" value="/home/runner/.m2/repository"/>
    <property name="java.vendor.url.bug" value="http://www.azulsystems.com/support/"/>
    <property name="java.io.tmpdir" value="/tmp"/>
    <property name="java.version" value="13.0.4"/>
    <property name="user.dir" value="/home/runner/work/nl-ngr-validation/nl-ngr-validation"/>
    <property name="os.arch" value="amd64"/>
    <property name="java.vm.specification.name" value="Java Virtual Machine Specification"/>
    <property name="java.library.path" value="/usr/java/packages/lib:/usr/lib64:/lib64:/lib:/usr/lib"/>
    <property name="java.vm.info" value="mixed mode, sharing"/>
    <property name="java.vendor" value="Azul Systems, Inc."/>
    <property name="java.vm.version" value="13.0.4+8-MTS"/>
    <property name="sun.io.unicode.encoding" value="UnicodeLittle"/>
    <property name="java.class.version" value="57.0"/>
  </properties>
  <testcase name="testParallel" classname="InspireTest.TestAll" time="27.283">
    <failure type="org.opentest4j.AssertionFailedError"><![CDATA[org.opentest4j.AssertionFailedError: 
failed features:
InspireTest.ngr.T04_extra.check-known-links: [1:5] check-known-links.feature:5 - could not find or read file: classpath:InspireTest/ngr/def/knownlink.csv
InspireTest.ngr.T03_services.check-known-service-record: [1.1:24] check-known-service-record.feature:72 - feature call (loop) failed: classpath:InspireTest/def/checkxlinkurl.template.feature
caller: classpath:InspireTest/ngr/T03_services/check-known-service-record.feature
items: [{link=http://rdfdata.eionet.europa.eu/inspirethemes/themes/7}, {link=http://geonetwork-opensource.org/inspire-theme#}, {link=http://inspire.ec.europa.eu/metadata-codelist/SpatialDataServiceCategory/infoFeatureAccessService}, {link=http://inspire.ec.europa.eu/metadata-codelist/SpatialDataServiceCategory}, {link=https://www.nationaalgeoregister.nl/geonetwork/srv/eng/thesaurus.download?ref=external.theme.httpinspireeceuropaeumetadatacodelistSpatialDataServiceCategory-SpatialDataServiceCategory}, {link=}, {link=}, {link=}, {link=}, {link=}, {link=}, {link=}, {link=}, {link=}, {link=}, {link=}, {link=}, {link=}, {link=}, {link=}, {link=}, {link=}, {link=}, {link=}, {link=}, {link=}, {link=}, {link=}, {link=}, {link=}, {link=}, {link=}, {link=}, {link=}, {link=}, {link=}, {link=}, {link=}, {link=}, {link=}, {link=}, {link=http://nationaalgeoregister.nl/geonetwork/srv/dut/csw?service=CSW&version=2.0.2&request=GetRecordById&outputschema=http://www.isotc211.org/2005/gmd&elementsetname=full&id=3a7dd0a6-d130-4c4c-b0ba-24365cf036e2#MD_DataIdentification}]
errors:
-------
feature call (loop) failed at index: 0
caller: classpath:InspireTest/def/checkxlinkurl.template.feature
arg: {"link":"http://rdfdata.eionet.europa.eu/inspirethemes/themes/7"}
checkxlinkurl.template.feature:28 - path: $, actual: 404, expected: 200, reason: not equal (Integer)
-------
feature call (loop) failed at index: 1
caller: classpath:InspireTest/def/checkxlinkurl.template.feature
arg: {"link":"http://geonetwork-opensource.org/inspire-theme#"}
checkxlinkurl.template.feature:28 - path: $, actual: 404, expected: 200, reason: not equal (Integer)
-------
feature call (loop) failed at index: 2
caller: classpath:InspireTest/def/checkxlinkurl.template.feature
arg: {"link":"http://inspire.ec.europa.eu/metadata-codelist/SpatialDataServiceCategory/infoFeatureAccessService"}
checkxlinkurl.template.feature:21 - 
java.net.SocketTimeoutException: Read timed out
-------
feature call (loop) failed at index: 3
caller: classpath:InspireTest/def/checkxlinkurl.template.feature
arg: {"link":"http://inspire.ec.europa.eu/metadata-codelist/SpatialDataServiceCategory"}
checkxlinkurl.template.feature:21 - 
java.net.SocketTimeoutException: Read timed out
-------
feature call (loop) failed at index: 5
caller: classpath:InspireTest/def/checkxlinkurl.template.feature
arg: {"link":""}
checkxlinkurl.template.feature:21 - 
org.apache.http.client.ClientProtocolException
-------
feature call (loop) failed at index: 6
caller: classpath:InspireTest/def/checkxlinkurl.template.feature
arg: {"link":""}
checkxlinkurl.template.feature:21 - 
org.apache.http.client.ClientProtocolException
-------
feature call (loop) failed at index: 7
caller: classpath:InspireTest/def/checkxlinkurl.template.feature
arg: {"link":""}
checkxlinkurl.template.feature:21 - 
org.apache.http.client.ClientProtocolException
-------
feature call (loop) failed at index: 8
caller: classpath:InspireTest/def/checkxlinkurl.template.feature
arg: {"link":""}
checkxlinkurl.template.feature:21 - 
org.apache.http.client.ClientProtocolException
-------
feature call (loop) failed at index: 9
caller: classpath:InspireTest/def/checkxlinkurl.template.feature
arg: {"link":""}
checkxlinkurl.template.feature:21 - 
org.apache.http.client.ClientProtocolException
-------
feature call (loop) failed at index: 10
caller: classpath:InspireTest/def/checkxlinkurl.template.feature
arg: {"link":""}
checkxlinkurl.template.feature:21 - 
org.apache.http.client.ClientProtocolException
-------
feature call (loop) failed at index: 11
caller: classpath:InspireTest/def/checkxlinkurl.template.feature
arg: {"link":""}
checkxlinkurl.template.feature:21 - 
org.apache.http.client.ClientProtocolException
-------
feature call (loop) failed at index: 12
caller: classpath:InspireTest/def/checkxlinkurl.template.feature
arg: {"link":""}
checkxlinkurl.template.feature:21 - 
org.apache.http.client.ClientProtocolException
-------
feature call (loop) failed at index: 13
caller: classpath:InspireTest/def/checkxlinkurl.template.feature
arg: {"link":""}
checkxlinkurl.template.feature:21 - 
org.apache.http.client.ClientProtocolException
-------
feature call (loop) failed at index: 14
caller: classpath:InspireTest/def/checkxlinkurl.template.feature
arg: {"link":""}
checkxlinkurl.template.feature:21 - 
org.apache.http.client.ClientProtocolException
-------
feature call (loop) failed at index: 15
caller: classpath:InspireTest/def/checkxlinkurl.template.feature
arg: {"link":""}
checkxlinkurl.template.feature:21 - 
org.apache.http.client.ClientProtocolException
-------
feature call (loop) failed at index: 16
caller: classpath:InspireTest/def/checkxlinkurl.template.feature
arg: {"link":""}
checkxlinkurl.template.feature:21 - 
org.apache.http.client.ClientProtocolException
-------
feature call (loop) failed at index: 17
caller: classpath:InspireTest/def/checkxlinkurl.template.feature
arg: {"link":""}
checkxlinkurl.template.feature:21 - 
org.apache.http.client.ClientProtocolException
-------
feature call (loop) failed at index: 18
caller: classpath:InspireTest/def/checkxlinkurl.template.feature
arg: {"link":""}
checkxlinkurl.template.feature:21 - 
org.apache.http.client.ClientProtocolException
-------
feature call (loop) failed at index: 19
caller: classpath:InspireTest/def/checkxlinkurl.template.feature
arg: {"link":""}
checkxlinkurl.template.feature:21 - 
org.apache.http.client.ClientProtocolException
-------
feature call (loop) failed at index: 20
caller: classpath:InspireTest/def/checkxlinkurl.template.feature
arg: {"link":""}
checkxlinkurl.template.feature:21 - 
org.apache.http.client.ClientProtocolException
-------
feature call (loop) failed at index: 21
caller: classpath:InspireTest/def/checkxlinkurl.template.feature
arg: {"link":""}
checkxlinkurl.template.feature:21 - 
org.apache.http.client.ClientProtocolException
-------
feature call (loop) failed at index: 22
caller: classpath:InspireTest/def/checkxlinkurl.template.feature
arg: {"link":""}
checkxlinkurl.template.feature:21 - 
org.apache.http.client.ClientProtocolException
-------
feature call (loop) failed at index: 23
caller: classpath:InspireTest/def/checkxlinkurl.template.feature
arg: {"link":""}
checkxlinkurl.template.feature:21 - 
org.apache.http.client.ClientProtocolException
-------
feature call (loop) failed at index: 24
caller: classpath:InspireTest/def/checkxlinkurl.template.feature
arg: {"link":""}
checkxlinkurl.template.feature:21 - 
org.apache.http.client.ClientProtocolException
-------
feature call (loop) failed at index: 25
caller: classpath:InspireTest/def/checkxlinkurl.template.feature
arg: {"link":""}
checkxlinkurl.template.feature:21 - 
org.apache.http.client.ClientProtocolException
-------
feature call (loop) failed at index: 26
caller: classpath:InspireTest/def/checkxlinkurl.template.feature
arg: {"link":""}
checkxlinkurl.template.feature:21 - 
org.apache.http.client.ClientProtocolException
-------
feature call (loop) failed at index: 27
caller: classpath:InspireTest/def/checkxlinkurl.template.feature
arg: {"link":""}
checkxlinkurl.template.feature:21 - 
org.apache.http.client.ClientProtocolException
-------
feature call (loop) failed at index: 28
caller: classpath:InspireTest/def/checkxlinkurl.template.feature
arg: {"link":""}
checkxlinkurl.template.feature:21 - 
org.apache.http.client.ClientProtocolException
-------
feature call (loop) failed at index: 29
caller: classpath:InspireTest/def/checkxlinkurl.template.feature
arg: {"link":""}
checkxlinkurl.template.feature:21 - 
org.apache.http.client.ClientProtocolException
-------
feature call (loop) failed at index: 30
caller: classpath:InspireTest/def/checkxlinkurl.template.feature
arg: {"link":""}
checkxlinkurl.template.feature:21 - 
org.apache.http.client.ClientProtocolException
-------
feature call (loop) failed at index: 31
caller: classpath:InspireTest/def/checkxlinkurl.template.feature
arg: {"link":""}
checkxlinkurl.template.feature:21 - 
org.apache.http.client.ClientProtocolException
-------
feature call (loop) failed at index: 32
caller: classpath:InspireTest/def/checkxlinkurl.template.feature
arg: {"link":""}
checkxlinkurl.template.feature:21 - 
org.apache.http.client.ClientProtocolException
-------
feature call (loop) failed at index: 33
caller: classpath:InspireTest/def/checkxlinkurl.template.feature
arg: {"link":""}
checkxlinkurl.template.feature:21 - 
org.apache.http.client.ClientProtocolException
-------
feature call (loop) failed at index: 34
caller: classpath:InspireTest/def/checkxlinkurl.template.feature
arg: {"link":""}
checkxlinkurl.template.feature:21 - 
org.apache.http.client.ClientProtocolException
-------
feature call (loop) failed at index: 35
caller: classpath:InspireTest/def/checkxlinkurl.template.feature
arg: {"link":""}
checkxlinkurl.template.feature:21 - 
org.apache.http.client.ClientProtocolException
-------
feature call (loop) failed at index: 36
caller: classpath:InspireTest/def/checkxlinkurl.template.feature
arg: {"link":""}
checkxlinkurl.template.feature:21 - 
org.apache.http.client.ClientProtocolException
-------
feature call (loop) failed at index: 37
caller: classpath:InspireTest/def/checkxlinkurl.template.feature
arg: {"link":""}
checkxlinkurl.template.feature:21 - 
org.apache.http.client.ClientProtocolException
-------
feature call (loop) failed at index: 38
caller: classpath:InspireTest/def/checkxlinkurl.template.feature
arg: {"link":""}
checkxlinkurl.template.feature:21 - 
org.apache.http.client.ClientProtocolException
-------
feature call (loop) failed at index: 39
caller: classpath:InspireTest/def/checkxlinkurl.template.feature
arg: {"link":""}
checkxlinkurl.template.feature:21 - 
org.apache.http.client.ClientProtocolException
-------
feature call (loop) failed at index: 40
caller: classpath:InspireTest/def/checkxlinkurl.template.feature
arg: {"link":""}
checkxlinkurl.template.feature:21 - 
org.apache.http.client.ClientProtocolException
[1.2:24] check-known-service-record.feature:72 - feature call (loop) failed: classpath:InspireTest/def/checkxlinkurl.template.feature
caller: classpath:InspireTest/ngr/T03_services/check-known-service-record.feature
items: [{link=http://rdfdata.eionet.europa.eu/inspirethemes/themes/17}, {link=http://geonetwork-opensource.org/inspire-theme#}, {link=http://inspire.ec.europa.eu/metadata-codelist/SpatialDataServiceCategory/infoMapAccessService}, {link=http://inspire.ec.europa.eu/metadata-codelist/SpatialDataServiceCategory#}, {link=https://www.nationaalgeoregister.nl/geonetwork/srv/eng/thesaurus.download?ref=external.theme.httpinspireeceuropaeumetadatacodelistSpatialDataServiceCategory-SpatialDataServiceCategory}, {link=}, {link=}, {link=}, {link=https://nationaalgeoregister.nl/geonetwork/srv/en/csw?service=CSW&version=2.0.2&request=GetRecordById&outputschema=http://www.isotc211.org/2005/gmd&elementsetname=full&id=6318009c-7b11-4ab9-9929-735584dfb692#MD_DataIdentification}]
errors:
-------
feature call (loop) failed at index: 0
caller: classpath:InspireTest/def/checkxlinkurl.template.feature
arg: {"link":"http://rdfdata.eionet.europa.eu/inspirethemes/themes/17"}
checkxlinkurl.template.feature:28 - path: $, actual: 404, expected: 200, reason: not equal (Integer)
-------
feature call (loop) failed at index: 1
caller: classpath:InspireTest/def/checkxlinkurl.template.feature
arg: {"link":"http://geonetwork-opensource.org/inspire-theme#"}
checkxlinkurl.template.feature:28 - path: $, actual: 404, expected: 200, reason: not equal (Integer)
-------
feature call (loop) failed at index: 2
caller: classpath:InspireTest/def/checkxlinkurl.template.feature
arg: {"link":"http://inspire.ec.europa.eu/metadata-codelist/SpatialDataServiceCategory/infoMapAccessService"}
checkxlinkurl.template.feature:21 - 
java.net.SocketTimeoutException: Read timed out
-------
feature call (loop) failed at index: 3
caller: classpath:InspireTest/def/checkxlinkurl.template.feature
arg: {"link":"http://inspire.ec.europa.eu/metadata-codelist/SpatialDataServiceCategory#"}
checkxlinkurl.template.feature:21 - 
java.net.SocketTimeoutException: Read timed out
-------
feature call (loop) failed at index: 5
caller: classpath:InspireTest/def/checkxlinkurl.template.feature
arg: {"link":""}
checkxlinkurl.template.feature:21 - 
org.apache.http.client.ClientProtocolException
-------
feature call (loop) failed at index: 6
caller: classpath:InspireTest/def/checkxlinkurl.template.feature
arg: {"link":""}
checkxlinkurl.template.feature:21 - 
org.apache.http.client.ClientProtocolException
-------
feature call (loop) failed at index: 7
caller: classpath:InspireTest/def/checkxlinkurl.template.feature
arg: {"link":""}
checkxlinkurl.template.feature:21 - 
org.apache.http.client.ClientProtocolException
[1.3:24] check-known-service-record.feature:72 - feature call (loop) failed: classpath:InspireTest/def/checkxlinkurl.template.feature
caller: classpath:InspireTest/ngr/T03_services/check-known-service-record.feature
items: [{link=http://inspire.ec.europa.eu/metadata-codelist/SpatialDataServiceCategory/infoMapAccessService}, {link=http://inspire.ec.europa.eu/metadata-codelist/SpatialDataServiceCategory}, {link=https://www.nationaalgeoregister.nl:443/geonetwork/srv/eng/thesaurus.download?ref=external.theme.httpinspireeceuropaeumetadatacodelistSpatialDataServiceCategory-SpatialDataServiceCategory}, {link=}, {link=}, {link=}, {link=http://www.nationaalgeoregister.nl/geonetwork/srv/en/csw?service=CSW&request=GetRecordById&version=2.0.2&outputSchema=http://www.isotc211.org/2005/gmd&elementSetName=full&id=b3f66964-a8c1-456f-9799-9cafca2cb7b1#MD_DataIdentification}]
errors:
-------
feature call (loop) failed at index: 0
caller: classpath:InspireTest/def/checkxlinkurl.template.feature
arg: {"link":"http://inspire.ec.europa.eu/metadata-codelist/SpatialDataServiceCategory/infoMapAccessService"}
checkxlinkurl.template.feature:21 - 
java.net.SocketTimeoutException: Read timed out
-------
feature call (loop) failed at index: 1
caller: classpath:InspireTest/def/checkxlinkurl.template.feature
arg: {"link":"http://inspire.ec.europa.eu/metadata-codelist/SpatialDataServiceCategory"}
checkxlinkurl.template.feature:21 - 
java.net.SocketTimeoutException: Read timed out
-------
feature call (loop) failed at index: 3
caller: classpath:InspireTest/def/checkxlinkurl.template.feature
arg: {"link":""}
checkxlinkurl.template.feature:21 - 
org.apache.http.client.ClientProtocolException
-------
feature call (loop) failed at index: 4
caller: classpath:InspireTest/def/checkxlinkurl.template.feature
arg: {"link":""}
checkxlinkurl.template.feature:21 - 
org.apache.http.client.ClientProtocolException
-------
feature call (loop) failed at index: 5
caller: classpath:InspireTest/def/checkxlinkurl.template.feature
arg: {"link":""}
checkxlinkurl.template.feature:21 - 
org.apache.http.client.ClientProtocolException
[1.4:24] check-known-service-record.feature:72 - feature call (loop) failed: classpath:InspireTest/def/checkxlinkurl.template.feature
caller: classpath:InspireTest/ngr/T03_services/check-known-service-record.feature
items: [{link=http://rdfdata.eionet.europa.eu/inspirethemes/themes/31}, {link=http://geonetwork-opensource.org/inspire-theme#}, {link=}, {link=}, {link=}, {link=}, {link=}, {link=}, {link=}, {link=}, {link=}, {link=}, {link=}, {link=}, {link=}, {link=}, {link=}, {link=}, {link=}, {link=}, {link=}, {link=}, {link=}, {link=}, {link=}, {link=}, {link=}, {link=}, {link=}, {link=}, {link=}, {link=}, {link=}, {link=}, {link=}, {link=}, {link=}, {link=}, {link=}, {link=}, {link=}, {link=}, {link=}, {link=}, {link=}, {link=}, {link=}, {link=}, {link=}, {link=}, {link=}, {link=}, {link=}, {link=}, {link=}, {link=}, {link=}, {link=}, {link=}, {link=}, {link=}, {link=}, {link=}, {link=}, {link=}, {link=}, {link=}, {link=}, {link=}, {link=}, {link=}, {link=}, {link=}, {link=}, {link=}, {link=}, {link=}, {link=}, {link=}, {link=}, {link=}, {link=}, {link=}, {link=}, {link=}, {link=}, {link=}, {link=}, {link=}, {link=}, {link=}, {link=}, {link=}, {link=}, {link=}, {link=}, {link=}, {link=}, {link=}, {link=}, {link=}, {link=}, {link=}, {link=}, {link=}, {link=}, {link=}, {link=}, {link=}, {link=}, {link=}, {link=}, {link=}, {link=}, {link=}, {link=}, {link=}, {link=}, {link=}, {link=}, {link=}, {link=}, {link=}, {link=}, {link=}, {link=}, {link=}, {link=}, {link=}, {link=}, {link=}, {link=}, {link=}, {link=}, {link=}, {link=}, {link=}, {link=}, {link=}, {link=}, {link=}, {link=}, {link=}, {link=}, {link=}, {link=}, {link=}, {link=}, {link=}, {link=}, {link=}, {link=}, {link=}, {link=}, {link=}, {link=}, {link=}, {link=}, {link=}, {link=}, {link=}, {link=}, {link=}, {link=}, {link=}, {link=}, {link=}, {link=}, {link=}, {link=}, {link=}, {link=}, {link=}, {link=}, {link=}, {link=}, {link=}, {link=}, {link=}, {link=}, {link=}, {link=}, {link=}, {link=}, {link=}, {link=}, {link=}, {link=}, {link=}, {link=}, {link=}, {link=}, {link=}, {link=}, {link=}, {link=}, {link=}, {link=}, {link=}, {link=}, {link=}, {link=}, {link=}, {link=}, {link=}, {link=}, {link=}, {link=}, {link=}, {link=}, {link=http://nationaalgeoregister.nl/geonetwork/srv/en/csw?service=CSW&version=2.0.2&request=GetRecordById&outputschema=http://www.isotc211.org/2005/gmd&elementsetname=full&id=977e0e94-7aa9-4784-b2da-eaec44adb61b#MD_DataIdentification}]
errors:
-------
feature call (loop) failed at index: 0
caller: classpath:InspireTest/def/checkxlinkurl.template.feature
arg: {"link":"http://rdfdata.eionet.europa.eu/inspirethemes/themes/31"}
checkxlinkurl.template.feature:28 - path: $, actual: 404, expected: 200, reason: not equal (Integer)
-------
feature call (loop) failed at index: 1
caller: classpath:InspireTest/def/checkxlinkurl.template.feature
arg: {"link":"http://geonetwork-opensource.org/inspire-theme#"}
checkxlinkurl.template.feature:28 - path: $, actual: 404, expected: 200, reason: not equal (Integer)
-------
feature call (loop) failed at index: 2
caller: classpath:InspireTest/def/checkxlinkurl.template.feature
arg: {"link":""}
checkxlinkurl.template.feature:21 - 
org.apache.http.client.ClientProtocolException
-------
feature call (loop) failed at index: 3
caller: classpath:InspireTest/def/checkxlinkurl.template.feature
arg: {"link":""}
checkxlinkurl.template.feature:21 - 
org.apache.http.client.ClientProtocolException
-------
feature call (loop) failed at index: 4
caller: classpath:InspireTest/def/checkxlinkurl.template.feature
arg: {"link":""}
checkxlinkurl.template.feature:21 - 
org.apache.http.client.ClientProtocolException
-------
feature call (loop) failed at index: 5
caller: classpath:InspireTest/def/checkxlinkurl.template.feature
arg: {"link":""}
checkxlinkurl.template.feature:21 - 
org.apache.http.client.ClientProtocolException
-------
feature call (loop) failed at index: 6
caller: classpath:InspireTest/def/checkxlinkurl.template.feature
arg: {"link":""}
checkxlinkurl.template.feature:21 - 
org.apache.http.client.ClientProtocolException
-------
feature call (loop) failed at index: 7
caller: classpath:InspireTest/def/checkxlinkurl.template.feature
arg: {"link":""}
checkxlinkurl.template.feature:21 - 
org.apache.http.client.ClientProtocolException
-------
feature call (loop) failed at index: 8
caller: classpath:InspireTest/def/checkxlinkurl.template.feature
arg: {"link":""}
checkxlinkurl.template.feature:21 - 
org.apache.http.client.ClientProtocolException
-------
feature call (loop) failed at index: 9
caller: classpath:InspireTest/def/checkxlinkurl.template.feature
arg: {"link":""}
checkxlinkurl.template.feature:21 - 
org.apache.http.client.ClientProtocolException
-------
feature call (loop) failed at index: 10
caller: classpath:InspireTest/def/checkxlinkurl.template.feature
arg: {"link":""}
checkxlinkurl.template.feature:21 - 
org.apache.http.client.ClientProtocolException
-------
feature call (loop) failed at index: 11
caller: classpath:InspireTest/def/checkxlinkurl.template.feature
arg: {"link":""}
checkxlinkurl.template.feature:21 - 
org.apache.http.client.ClientProtocolException
-------
feature call (loop) failed at index: 12
caller: classpath:InspireTest/def/checkxlinkurl.template.feature
arg: {"link":""}
checkxlinkurl.template.feature:21 - 
org.apache.http.client.ClientProtocolException
-------
feature call (loop) failed at index: 13
caller: classpath:InspireTest/def/checkxlinkurl.template.feature
arg: {"link":""}
checkxlinkurl.template.feature:21 - 
org.apache.http.client.ClientProtocolException
-------
feature call (loop) failed at index: 14
caller: classpath:InspireTest/def/checkxlinkurl.template.feature
arg: {"link":""}
checkxlinkurl.template.feature:21 - 
org.apache.http.client.ClientProtocolException
-------
feature call (loop) failed at index: 15
caller: classpath:InspireTest/def/checkxlinkurl.template.feature
arg: {"link":""}
checkxlinkurl.template.feature:21 - 
org.apache.http.client.ClientProtocolException
-------
feature call (loop) failed at index: 16
caller: classpath:InspireTest/def/checkxlinkurl.template.feature
arg: {"link":""}
checkxlinkurl.template.feature:21 - 
org.apache.http.client.ClientProtocolException
-------
feature call (loop) failed at index: 17
caller: classpath:InspireTest/def/checkxlinkurl.template.feature
arg: {"link":""}
checkxlinkurl.template.feature:21 - 
org.apache.http.client.ClientProtocolException
-------
feature call (loop) failed at index: 18
caller: classpath:InspireTest/def/checkxlinkurl.template.feature
arg: {"link":""}
checkxlinkurl.template.feature:21 - 
org.apache.http.client.ClientProtocolException
-------
feature call (loop) failed at index: 19
caller: classpath:InspireTest/def/checkxlinkurl.template.feature
arg: {"link":""}
checkxlinkurl.template.feature:21 - 
org.apache.http.client.ClientProtocolException
-------
feature call (loop) failed at index: 20
caller: classpath:InspireTest/def/checkxlinkurl.template.feature
arg: {"link":""}
checkxlinkurl.template.feature:21 - 
org.apache.http.client.ClientProtocolException
-------
feature call (loop) failed at index: 21
caller: classpath:InspireTest/def/checkxlinkurl.template.feature
arg: {"link":""}
checkxlinkurl.template.feature:21 - 
org.apache.http.client.ClientProtocolException
-------
feature call (loop) failed at index: 22
caller: classpath:InspireTest/def/checkxlinkurl.template.feature
arg: {"link":""}
checkxlinkurl.template.feature:21 - 
org.apache.http.client.ClientProtocolException
-------
feature call (loop) failed at index: 23
caller: classpath:InspireTest/def/checkxlinkurl.template.feature
arg: {"link":""}
checkxlinkurl.template.feature:21 - 
org.apache.http.client.ClientProtocolException
-------
feature call (loop) failed at index: 24
caller: classpath:InspireTest/def/checkxlinkurl.template.feature
arg: {"link":""}
checkxlinkurl.template.feature:21 - 
org.apache.http.client.ClientProtocolException
-------
feature call (loop) failed at index: 25
caller: classpath:InspireTest/def/checkxlinkurl.template.feature
arg: {"link":""}
checkxlinkurl.template.feature:21 - 
org.apache.http.client.ClientProtocolException
-------
feature call (loop) failed at index: 26
caller: classpath:InspireTest/def/checkxlinkurl.template.feature
arg: {"link":""}
checkxlinkurl.template.feature:21 - 
org.apache.http.client.ClientProtocolException
-------
feature call (loop) failed at index: 27
caller: classpath:InspireTest/def/checkxlinkurl.template.feature
arg: {"link":""}
checkxlinkurl.template.feature:21 - 
org.apache.http.client.ClientProtocolException
-------
feature call (loop) failed at index: 28
caller: classpath:InspireTest/def/checkxlinkurl.template.feature
arg: {"link":""}
checkxlinkurl.template.feature:21 - 
org.apache.http.client.ClientProtocolException
-------
feature call (loop) failed at index: 29
caller: classpath:InspireTest/def/checkxlinkurl.template.feature
arg: {"link":""}
checkxlinkurl.template.feature:21 - 
org.apache.http.client.ClientProtocolException
-------
feature call (loop) failed at index: 30
caller: classpath:InspireTest/def/checkxlinkurl.template.feature
arg: {"link":""}
checkxlinkurl.template.feature:21 - 
org.apache.http.client.ClientProtocolException
-------
feature call (loop) failed at index: 31
caller: classpath:InspireTest/def/checkxlinkurl.template.feature
arg: {"link":""}
checkxlinkurl.template.feature:21 - 
org.apache.http.client.ClientProtocolException
-------
feature call (loop) failed at index: 32
caller: classpath:InspireTest/def/checkxlinkurl.template.feature
arg: {"link":""}
checkxlinkurl.template.feature:21 - 
org.apache.http.client.ClientProtocolException
-------
feature call (loop) failed at index: 33
caller: classpath:InspireTest/def/checkxlinkurl.template.feature
arg: {"link":""}
checkxlinkurl.template.feature:21 - 
org.apache.http.client.ClientProtocolException
-------
feature call (loop) failed at index: 34
caller: classpath:InspireTest/def/checkxlinkurl.template.feature
arg: {"link":""}
checkxlinkurl.template.feature:21 - 
org.apache.http.client.ClientProtocolException
-------
feature call (loop) failed at index: 35
caller: classpath:InspireTest/def/checkxlinkurl.template.feature
arg: {"link":""}
checkxlinkurl.template.feature:21 - 
org.apache.http.client.ClientProtocolException
-------
feature call (loop) failed at index: 36
caller: classpath:InspireTest/def/checkxlinkurl.template.feature
arg: {"link":""}
checkxlinkurl.template.feature:21 - 
org.apache.http.client.ClientProtocolException
-------
feature call (loop) failed at index: 37
caller: classpath:InspireTest/def/checkxlinkurl.template.feature
arg: {"link":""}
checkxlinkurl.template.feature:21 - 
org.apache.http.client.ClientProtocolException
-------
feature call (loop) failed at index: 38
caller: classpath:InspireTest/def/checkxlinkurl.template.feature
arg: {"link":""}
checkxlinkurl.template.feature:21 - 
org.apache.http.client.ClientProtocolException
-------
feature call (loop) failed at index: 39
caller: classpath:InspireTest/def/checkxlinkurl.template.feature
arg: {"link":""}
checkxlinkurl.template.feature:21 - 
org.apache.http.client.ClientProtocolException
-------
feature call (loop) failed at index: 40
caller: classpath:InspireTest/def/checkxlinkurl.template.feature
arg: {"link":""}
checkxlinkurl.template.feature:21 - 
org.apache.http.client.ClientProtocolException
-------
feature call (loop) failed at index: 41
caller: classpath:InspireTest/def/checkxlinkurl.template.feature
arg: {"link":""}
checkxlinkurl.template.feature:21 - 
org.apache.http.client.ClientProtocolException
-------
feature call (loop) failed at index: 42
caller: classpath:InspireTest/def/checkxlinkurl.template.feature
arg: {"link":""}
checkxlinkurl.template.feature:21 - 
org.apache.http.client.ClientProtocolException
-------
feature call (loop) failed at index: 43
caller: classpath:InspireTest/def/checkxlinkurl.template.feature
arg: {"link":""}
checkxlinkurl.template.feature:21 - 
org.apache.http.client.ClientProtocolException
-------
feature call (loop) failed at index: 44
caller: classpath:InspireTest/def/checkxlinkurl.template.feature
arg: {"link":""}
checkxlinkurl.template.feature:21 - 
org.apache.http.client.ClientProtocolException
-------
feature call (loop) failed at index: 45
caller: classpath:InspireTest/def/checkxlinkurl.template.feature
arg: {"link":""}
checkxlinkurl.template.feature:21 - 
org.apache.http.client.ClientProtocolException
-------
feature call (loop) failed at index: 46
caller: classpath:InspireTest/def/checkxlinkurl.template.feature
arg: {"link":""}
checkxlinkurl.template.feature:21 - 
org.apache.http.client.ClientProtocolException
-------
feature call (loop) failed at index: 47
caller: classpath:InspireTest/def/checkxlinkurl.template.feature
arg: {"link":""}
checkxlinkurl.template.feature:21 - 
org.apache.http.client.ClientProtocolException
-------
feature call (loop) failed at index: 48
caller: classpath:InspireTest/def/checkxlinkurl.template.feature
arg: {"link":""}
checkxlinkurl.template.feature:21 - 
org.apache.http.client.ClientProtocolException
-------
feature call (loop) failed at index: 49
caller: classpath:InspireTest/def/checkxlinkurl.template.feature
arg: {"link":""}
checkxlinkurl.template.feature:21 - 
org.apache.http.client.ClientProtocolException
-------
feature call (loop) failed at index: 50
caller: classpath:InspireTest/def/checkxlinkurl.template.feature
arg: {"link":""}
checkxlinkurl.template.feature:21 - 
org.apache.http.client.ClientProtocolException
-------
feature call (loop) failed at index: 51
caller: classpath:InspireTest/def/checkxlinkurl.template.feature
arg: {"link":""}
checkxlinkurl.template.feature:21 - 
org.apache.http.client.ClientProtocolException
-------
feature call (loop) failed at index: 52
caller: classpath:InspireTest/def/checkxlinkurl.template.feature
arg: {"link":""}
checkxlinkurl.template.feature:21 - 
org.apache.http.client.ClientProtocolException
-------
feature call (loop) failed at index: 53
caller: classpath:InspireTest/def/checkxlinkurl.template.feature
arg: {"link":""}
checkxlinkurl.template.feature:21 - 
org.apache.http.client.ClientProtocolException
-------
feature call (loop) failed at index: 54
caller: classpath:InspireTest/def/checkxlinkurl.template.feature
arg: {"link":""}
checkxlinkurl.template.feature:21 - 
org.apache.http.client.ClientProtocolException
-------
feature call (loop) failed at index: 55
caller: classpath:InspireTest/def/checkxlinkurl.template.feature
arg: {"link":""}
checkxlinkurl.template.feature:21 - 
org.apache.http.client.ClientProtocolException
-------
feature call (loop) failed at index: 56
caller: classpath:InspireTest/def/checkxlinkurl.template.feature
arg: {"link":""}
checkxlinkurl.template.feature:21 - 
org.apache.http.client.ClientProtocolException
-------
feature call (loop) failed at index: 57
caller: classpath:InspireTest/def/checkxlinkurl.template.feature
arg: {"link":""}
checkxlinkurl.template.feature:21 - 
org.apache.http.client.ClientProtocolException
-------
feature call (loop) failed at index: 58
caller: classpath:InspireTest/def/checkxlinkurl.template.feature
arg: {"link":""}
checkxlinkurl.template.feature:21 - 
org.apache.http.client.ClientProtocolException
-------
feature call (loop) failed at index: 59
caller: classpath:InspireTest/def/checkxlinkurl.template.feature
arg: {"link":""}
checkxlinkurl.template.feature:21 - 
org.apache.http.client.ClientProtocolException
-------
feature call (loop) failed at index: 60
caller: classpath:InspireTest/def/checkxlinkurl.template.feature
arg: {"link":""}
checkxlinkurl.template.feature:21 - 
org.apache.http.client.ClientProtocolException
-------
feature call (loop) failed at index: 61
caller: classpath:InspireTest/def/checkxlinkurl.template.feature
arg: {"link":""}
checkxlinkurl.template.feature:21 - 
org.apache.http.client.ClientProtocolException
-------
feature call (loop) failed at index: 62
caller: classpath:InspireTest/def/checkxlinkurl.template.feature
arg: {"link":""}
checkxlinkurl.template.feature:21 - 
org.apache.http.client.ClientProtocolException
-------
feature call (loop) failed at index: 63
caller: classpath:InspireTest/def/checkxlinkurl.template.feature
arg: {"link":""}
checkxlinkurl.template.feature:21 - 
org.apache.http.client.ClientProtocolException
-------
feature call (loop) failed at index: 64
caller: classpath:InspireTest/def/checkxlinkurl.template.feature
arg: {"link":""}
checkxlinkurl.template.feature:21 - 
org.apache.http.client.ClientProtocolException
-------
feature call (loop) failed at index: 65
caller: classpath:InspireTest/def/checkxlinkurl.template.feature
arg: {"link":""}
checkxlinkurl.template.feature:21 - 
org.apache.http.client.ClientProtocolException
-------
feature call (loop) failed at index: 66
caller: classpath:InspireTest/def/checkxlinkurl.template.feature
arg: {"link":""}
checkxlinkurl.template.feature:21 - 
org.apache.http.client.ClientProtocolException
-------
feature call (loop) failed at index: 67
caller: classpath:InspireTest/def/checkxlinkurl.template.feature
arg: {"link":""}
checkxlinkurl.template.feature:21 - 
org.apache.http.client.ClientProtocolException
-------
feature call (loop) failed at index: 68
caller: classpath:InspireTest/def/checkxlinkurl.template.feature
arg: {"link":""}
checkxlinkurl.template.feature:21 - 
org.apache.http.client.ClientProtocolException
-------
feature call (loop) failed at index: 69
caller: classpath:InspireTest/def/checkxlinkurl.template.feature
arg: {"link":""}
checkxlinkurl.template.feature:21 - 
org.apache.http.client.ClientProtocolException
-------
feature call (loop) failed at index: 70
caller: classpath:InspireTest/def/checkxlinkurl.template.feature
arg: {"link":""}
checkxlinkurl.template.feature:21 - 
org.apache.http.client.ClientProtocolException
-------
feature call (loop) failed at index: 71
caller: classpath:InspireTest/def/checkxlinkurl.template.feature
arg: {"link":""}
checkxlinkurl.template.feature:21 - 
org.apache.http.client.ClientProtocolException
-------
feature call (loop) failed at index: 72
caller: classpath:InspireTest/def/checkxlinkurl.template.feature
arg: {"link":""}
checkxlinkurl.template.feature:21 - 
org.apache.http.client.ClientProtocolException
-------
feature call (loop) failed at index: 73
caller: classpath:InspireTest/def/checkxlinkurl.template.feature
arg: {"link":""}
checkxlinkurl.template.feature:21 - 
org.apache.http.client.ClientProtocolException
-------
feature call (loop) failed at index: 74
caller: classpath:InspireTest/def/checkxlinkurl.template.feature
arg: {"link":""}
checkxlinkurl.template.feature:21 - 
org.apache.http.client.ClientProtocolException
-------
feature call (loop) failed at index: 75
caller: classpath:InspireTest/def/checkxlinkurl.template.feature
arg: {"link":""}
checkxlinkurl.template.feature:21 - 
org.apache.http.client.ClientProtocolException
-------
feature call (loop) failed at index: 76
caller: classpath:InspireTest/def/checkxlinkurl.template.feature
arg: {"link":""}
checkxlinkurl.template.feature:21 - 
org.apache.http.client.ClientProtocolException
-------
feature call (loop) failed at index: 77
caller: classpath:InspireTest/def/checkxlinkurl.template.feature
arg: {"link":""}
checkxlinkurl.template.feature:21 - 
org.apache.http.client.ClientProtocolException
-------
feature call (loop) failed at index: 78
caller: classpath:InspireTest/def/checkxlinkurl.template.feature
arg: {"link":""}
checkxlinkurl.template.feature:21 - 
org.apache.http.client.ClientProtocolException
-------
feature call (loop) failed at index: 79
caller: classpath:InspireTest/def/checkxlinkurl.template.feature
arg: {"link":""}
checkxlinkurl.template.feature:21 - 
org.apache.http.client.ClientProtocolException
-------
feature call (loop) failed at index: 80
caller: classpath:InspireTest/def/checkxlinkurl.template.feature
arg: {"link":""}
checkxlinkurl.template.feature:21 - 
org.apache.http.client.ClientProtocolException
-------
feature call (loop) failed at index: 81
caller: classpath:InspireTest/def/checkxlinkurl.template.feature
arg: {"link":""}
checkxlinkurl.template.feature:21 - 
org.apache.http.client.ClientProtocolException
-------
feature call (loop) failed at index: 82
caller: classpath:InspireTest/def/checkxlinkurl.template.feature
arg: {"link":""}
checkxlinkurl.template.feature:21 - 
org.apache.http.client.ClientProtocolException
-------
feature call (loop) failed at index: 83
caller: classpath:InspireTest/def/checkxlinkurl.template.feature
arg: {"link":""}
checkxlinkurl.template.feature:21 - 
org.apache.http.client.ClientProtocolException
-------
feature call (loop) failed at index: 84
caller: classpath:InspireTest/def/checkxlinkurl.template.feature
arg: {"link":""}
checkxlinkurl.template.feature:21 - 
org.apache.http.client.ClientProtocolException
-------
feature call (loop) failed at index: 85
caller: classpath:InspireTest/def/checkxlinkurl.template.feature
arg: {"link":""}
checkxlinkurl.template.feature:21 - 
org.apache.http.client.ClientProtocolException
-------
feature call (loop) failed at index: 86
caller: classpath:InspireTest/def/checkxlinkurl.template.feature
arg: {"link":""}
checkxlinkurl.template.feature:21 - 
org.apache.http.client.ClientProtocolException
-------
feature call (loop) failed at index: 87
caller: classpath:InspireTest/def/checkxlinkurl.template.feature
arg: {"link":""}
checkxlinkurl.template.feature:21 - 
org.apache.http.client.ClientProtocolException
-------
feature call (loop) failed at index: 88
caller: classpath:InspireTest/def/checkxlinkurl.template.feature
arg: {"link":""}
checkxlinkurl.template.feature:21 - 
org.apache.http.client.ClientProtocolException
-------
feature call (loop) failed at index: 89
caller: classpath:InspireTest/def/checkxlinkurl.template.feature
arg: {"link":""}
checkxlinkurl.template.feature:21 - 
org.apache.http.client.ClientProtocolException
-------
feature call (loop) failed at index: 90
caller: classpath:InspireTest/def/checkxlinkurl.template.feature
arg: {"link":""}
checkxlinkurl.template.feature:21 - 
org.apache.http.client.ClientProtocolException
-------
feature call (loop) failed at index: 91
caller: classpath:InspireTest/def/checkxlinkurl.template.feature
arg: {"link":""}
checkxlinkurl.template.feature:21 - 
org.apache.http.client.ClientProtocolException
-------
feature call (loop) failed at index: 92
caller: classpath:InspireTest/def/checkxlinkurl.template.feature
arg: {"link":""}
checkxlinkurl.template.feature:21 - 
org.apache.http.client.ClientProtocolException
-------
feature call (loop) failed at index: 93
caller: classpath:InspireTest/def/checkxlinkurl.template.feature
arg: {"link":""}
checkxlinkurl.template.feature:21 - 
org.apache.http.client.ClientProtocolException
-------
feature call (loop) failed at index: 94
caller: classpath:InspireTest/def/checkxlinkurl.template.feature
arg: {"link":""}
checkxlinkurl.template.feature:21 - 
org.apache.http.client.ClientProtocolException
-------
feature call (loop) failed at index: 95
caller: classpath:InspireTest/def/checkxlinkurl.template.feature
arg: {"link":""}
checkxlinkurl.template.feature:21 - 
org.apache.http.client.ClientProtocolException
-------
feature call (loop) failed at index: 96
caller: classpath:InspireTest/def/checkxlinkurl.template.feature
arg: {"link":""}
checkxlinkurl.template.feature:21 - 
org.apache.http.client.ClientProtocolException
-------
feature call (loop) failed at index: 97
caller: classpath:InspireTest/def/checkxlinkurl.template.feature
arg: {"link":""}
checkxlinkurl.template.feature:21 - 
org.apache.http.client.ClientProtocolException
-------
feature call (loop) failed at index: 98
caller: classpath:InspireTest/def/checkxlinkurl.template.feature
arg: {"link":""}
checkxlinkurl.template.feature:21 - 
org.apache.http.client.ClientProtocolException
-------
feature call (loop) failed at index: 99
caller: classpath:InspireTest/def/checkxlinkurl.template.feature
arg: {"link":""}
checkxlinkurl.template.feature:21 - 
org.apache.http.client.ClientProtocolException
-------
feature call (loop) failed at index: 100
caller: classpath:InspireTest/def/checkxlinkurl.template.feature
arg: {"link":""}
checkxlinkurl.template.feature:21 - 
org.apache.http.client.ClientProtocolException
-------
feature call (loop) failed at index: 101
caller: classpath:InspireTest/def/checkxlinkurl.template.feature
arg: {"link":""}
checkxlinkurl.template.feature:21 - 
org.apache.http.client.ClientProtocolException
-------
feature call (loop) failed at index: 102
caller: classpath:InspireTest/def/checkxlinkurl.template.feature
arg: {"link":""}
checkxlinkurl.template.feature:21 - 
org.apache.http.client.ClientProtocolException
-------
feature call (loop) failed at index: 103
caller: classpath:InspireTest/def/checkxlinkurl.template.feature
arg: {"link":""}
checkxlinkurl.template.feature:21 - 
org.apache.http.client.ClientProtocolException
-------
feature call (loop) failed at index: 104
caller: classpath:InspireTest/def/checkxlinkurl.template.feature
arg: {"link":""}
checkxlinkurl.template.feature:21 - 
org.apache.http.client.ClientProtocolException
-------
feature call (loop) failed at index: 105
caller: classpath:InspireTest/def/checkxlinkurl.template.feature
arg: {"link":""}
checkxlinkurl.template.feature:21 - 
org.apache.http.client.ClientProtocolException
-------
feature call (loop) failed at index: 106
caller: classpath:InspireTest/def/checkxlinkurl.template.feature
arg: {"link":""}
checkxlinkurl.template.feature:21 - 
org.apache.http.client.ClientProtocolException
-------
feature call (loop) failed at index: 107
caller: classpath:InspireTest/def/checkxlinkurl.template.feature
arg: {"link":""}
checkxlinkurl.template.feature:21 - 
org.apache.http.client.ClientProtocolException
-------
feature call (loop) failed at index: 108
caller: classpath:InspireTest/def/checkxlinkurl.template.feature
arg: {"link":""}
checkxlinkurl.template.feature:21 - 
org.apache.http.client.ClientProtocolException
-------
feature call (loop) failed at index: 109
caller: classpath:InspireTest/def/checkxlinkurl.template.feature
arg: {"link":""}
checkxlinkurl.template.feature:21 - 
org.apache.http.client.ClientProtocolException
-------
feature call (loop) failed at index: 110
caller: classpath:InspireTest/def/checkxlinkurl.template.feature
arg: {"link":""}
checkxlinkurl.template.feature:21 - 
org.apache.http.client.ClientProtocolException
-------
feature call (loop) failed at index: 111
caller: classpath:InspireTest/def/checkxlinkurl.template.feature
arg: {"link":""}
checkxlinkurl.template.feature:21 - 
org.apache.http.client.ClientProtocolException
-------
feature call (loop) failed at index: 112
caller: classpath:InspireTest/def/checkxlinkurl.template.feature
arg: {"link":""}
checkxlinkurl.template.feature:21 - 
org.apache.http.client.ClientProtocolException
-------
feature call (loop) failed at index: 113
caller: classpath:InspireTest/def/checkxlinkurl.template.feature
arg: {"link":""}
checkxlinkurl.template.feature:21 - 
org.apache.http.client.ClientProtocolException
-------
feature call (loop) failed at index: 114
caller: classpath:InspireTest/def/checkxlinkurl.template.feature
arg: {"link":""}
checkxlinkurl.template.feature:21 - 
org.apache.http.client.ClientProtocolException
-------
feature call (loop) failed at index: 115
caller: classpath:InspireTest/def/checkxlinkurl.template.feature
arg: {"link":""}
checkxlinkurl.template.feature:21 - 
org.apache.http.client.ClientProtocolException
-------
feature call (loop) failed at index: 116
caller: classpath:InspireTest/def/checkxlinkurl.template.feature
arg: {"link":""}
checkxlinkurl.template.feature:21 - 
org.apache.http.client.ClientProtocolException
-------
feature call (loop) failed at index: 117
caller: classpath:InspireTest/def/checkxlinkurl.template.feature
arg: {"link":""}
checkxlinkurl.template.feature:21 - 
org.apache.http.client.ClientProtocolException
-------
feature call (loop) failed at index: 118
caller: classpath:InspireTest/def/checkxlinkurl.template.feature
arg: {"link":""}
checkxlinkurl.template.feature:21 - 
org.apache.http.client.ClientProtocolException
-------
feature call (loop) failed at index: 119
caller: classpath:InspireTest/def/checkxlinkurl.template.feature
arg: {"link":""}
checkxlinkurl.template.feature:21 - 
org.apache.http.client.ClientProtocolException
-------
feature call (loop) failed at index: 120
caller: classpath:InspireTest/def/checkxlinkurl.template.feature
arg: {"link":""}
checkxlinkurl.template.feature:21 - 
org.apache.http.client.ClientProtocolException
-------
feature call (loop) failed at index: 121
caller: classpath:InspireTest/def/checkxlinkurl.template.feature
arg: {"link":""}
checkxlinkurl.template.feature:21 - 
org.apache.http.client.ClientProtocolException
-------
feature call (loop) failed at index: 122
caller: classpath:InspireTest/def/checkxlinkurl.template.feature
arg: {"link":""}
checkxlinkurl.template.feature:21 - 
org.apache.http.client.ClientProtocolException
-------
feature call (loop) failed at index: 123
caller: classpath:InspireTest/def/checkxlinkurl.template.feature
arg: {"link":""}
checkxlinkurl.template.feature:21 - 
org.apache.http.client.ClientProtocolException
-------
feature call (loop) failed at index: 124
caller: classpath:InspireTest/def/checkxlinkurl.template.feature
arg: {"link":""}
checkxlinkurl.template.feature:21 - 
org.apache.http.client.ClientProtocolException
-------
feature call (loop) failed at index: 125
caller: classpath:InspireTest/def/checkxlinkurl.template.feature
arg: {"link":""}
checkxlinkurl.template.feature:21 - 
org.apache.http.client.ClientProtocolException
-------
feature call (loop) failed at index: 126
caller: classpath:InspireTest/def/checkxlinkurl.template.feature
arg: {"link":""}
checkxlinkurl.template.feature:21 - 
org.apache.http.client.ClientProtocolException
-------
feature call (loop) failed at index: 127
caller: classpath:InspireTest/def/checkxlinkurl.template.feature
arg: {"link":""}
checkxlinkurl.template.feature:21 - 
org.apache.http.client.ClientProtocolException
-------
feature call (loop) failed at index: 128
caller: classpath:InspireTest/def/checkxlinkurl.template.feature
arg: {"link":""}
checkxlinkurl.template.feature:21 - 
org.apache.http.client.ClientProtocolException
-------
feature call (loop) failed at index: 129
caller: classpath:InspireTest/def/checkxlinkurl.template.feature
arg: {"link":""}
checkxlinkurl.template.feature:21 - 
org.apache.http.client.ClientProtocolException
-------
feature call (loop) failed at index: 130
caller: classpath:InspireTest/def/checkxlinkurl.template.feature
arg: {"link":""}
checkxlinkurl.template.feature:21 - 
org.apache.http.client.ClientProtocolException
-------
feature call (loop) failed at index: 131
caller: classpath:InspireTest/def/checkxlinkurl.template.feature
arg: {"link":""}
checkxlinkurl.template.feature:21 - 
org.apache.http.client.ClientProtocolException
-------
feature call (loop) failed at index: 132
caller: classpath:InspireTest/def/checkxlinkurl.template.feature
arg: {"link":""}
checkxlinkurl.template.feature:21 - 
org.apache.http.client.ClientProtocolException
-------
feature call (loop) failed at index: 133
caller: classpath:InspireTest/def/checkxlinkurl.template.feature
arg: {"link":""}
checkxlinkurl.template.feature:21 - 
org.apache.http.client.ClientProtocolException
-------
feature call (loop) failed at index: 134
caller: classpath:InspireTest/def/checkxlinkurl.template.feature
arg: {"link":""}
checkxlinkurl.template.feature:21 - 
org.apache.http.client.ClientProtocolException
-------
feature call (loop) failed at index: 135
caller: classpath:InspireTest/def/checkxlinkurl.template.feature
arg: {"link":""}
checkxlinkurl.template.feature:21 - 
org.apache.http.client.ClientProtocolException
-------
feature call (loop) failed at index: 136
caller: classpath:InspireTest/def/checkxlinkurl.template.feature
arg: {"link":""}
checkxlinkurl.template.feature:21 - 
org.apache.http.client.ClientProtocolException
-------
feature call (loop) failed at index: 137
caller: classpath:InspireTest/def/checkxlinkurl.template.feature
arg: {"link":""}
checkxlinkurl.template.feature:21 - 
org.apache.http.client.ClientProtocolException
-------
feature call (loop) failed at index: 138
caller: classpath:InspireTest/def/checkxlinkurl.template.feature
arg: {"link":""}
checkxlinkurl.template.feature:21 - 
org.apache.http.client.ClientProtocolException
-------
feature call (loop) failed at index: 139
caller: classpath:InspireTest/def/checkxlinkurl.template.feature
arg: {"link":""}
checkxlinkurl.template.feature:21 - 
org.apache.http.client.ClientProtocolException
-------
feature call (loop) failed at index: 140
caller: classpath:InspireTest/def/checkxlinkurl.template.feature
arg: {"link":""}
checkxlinkurl.template.feature:21 - 
org.apache.http.client.ClientProtocolException
-------
feature call (loop) failed at index: 141
caller: classpath:InspireTest/def/checkxlinkurl.template.feature
arg: {"link":""}
checkxlinkurl.template.feature:21 - 
org.apache.http.client.ClientProtocolException
-------
feature call (loop) failed at index: 142
caller: classpath:InspireTest/def/checkxlinkurl.template.feature
arg: {"link":""}
checkxlinkurl.template.feature:21 - 
org.apache.http.client.ClientProtocolException
-------
feature call (loop) failed at index: 143
caller: classpath:InspireTest/def/checkxlinkurl.template.feature
arg: {"link":""}
checkxlinkurl.template.feature:21 - 
org.apache.http.client.ClientProtocolException
-------
feature call (loop) failed at index: 144
caller: classpath:InspireTest/def/checkxlinkurl.template.feature
arg: {"link":""}
checkxlinkurl.template.feature:21 - 
org.apache.http.client.ClientProtocolException
-------
feature call (loop) failed at index: 145
caller: classpath:InspireTest/def/checkxlinkurl.template.feature
arg: {"link":""}
checkxlinkurl.template.feature:21 - 
org.apache.http.client.ClientProtocolException
-------
feature call (loop) failed at index: 146
caller: classpath:InspireTest/def/checkxlinkurl.template.feature
arg: {"link":""}
checkxlinkurl.template.feature:21 - 
org.apache.http.client.ClientProtocolException
-------
feature call (loop) failed at index: 147
caller: classpath:InspireTest/def/checkxlinkurl.template.feature
arg: {"link":""}
checkxlinkurl.template.feature:21 - 
org.apache.http.client.ClientProtocolException
-------
feature call (loop) failed at index: 148
caller: classpath:InspireTest/def/checkxlinkurl.template.feature
arg: {"link":""}
checkxlinkurl.template.feature:21 - 
org.apache.http.client.ClientProtocolException
-------
feature call (loop) failed at index: 149
caller: classpath:InspireTest/def/checkxlinkurl.template.feature
arg: {"link":""}
checkxlinkurl.template.feature:21 - 
org.apache.http.client.ClientProtocolException
-------
feature call (loop) failed at index: 150
caller: classpath:InspireTest/def/checkxlinkurl.template.feature
arg: {"link":""}
checkxlinkurl.template.feature:21 - 
org.apache.http.client.ClientProtocolException
-------
feature call (loop) failed at index: 151
caller: classpath:InspireTest/def/checkxlinkurl.template.feature
arg: {"link":""}
checkxlinkurl.template.feature:21 - 
org.apache.http.client.ClientProtocolException
-------
feature call (loop) failed at index: 152
caller: classpath:InspireTest/def/checkxlinkurl.template.feature
arg: {"link":""}
checkxlinkurl.template.feature:21 - 
org.apache.http.client.ClientProtocolException
-------
feature call (loop) failed at index: 153
caller: classpath:InspireTest/def/checkxlinkurl.template.feature
arg: {"link":""}
checkxlinkurl.template.feature:21 - 
org.apache.http.client.ClientProtocolException
-------
feature call (loop) failed at index: 154
caller: classpath:InspireTest/def/checkxlinkurl.template.feature
arg: {"link":""}
checkxlinkurl.template.feature:21 - 
org.apache.http.client.ClientProtocolException
-------
feature call (loop) failed at index: 155
caller: classpath:InspireTest/def/checkxlinkurl.template.feature
arg: {"link":""}
checkxlinkurl.template.feature:21 - 
org.apache.http.client.ClientProtocolException
-------
feature call (loop) failed at index: 156
caller: classpath:InspireTest/def/checkxlinkurl.template.feature
arg: {"link":""}
checkxlinkurl.template.feature:21 - 
org.apache.http.client.ClientProtocolException
-------
feature call (loop) failed at index: 157
caller: classpath:InspireTest/def/checkxlinkurl.template.feature
arg: {"link":""}
checkxlinkurl.template.feature:21 - 
org.apache.http.client.ClientProtocolException
-------
feature call (loop) failed at index: 158
caller: classpath:InspireTest/def/checkxlinkurl.template.feature
arg: {"link":""}
checkxlinkurl.template.feature:21 - 
org.apache.http.client.ClientProtocolException
-------
feature call (loop) failed at index: 159
caller: classpath:InspireTest/def/checkxlinkurl.template.feature
arg: {"link":""}
checkxlinkurl.template.feature:21 - 
org.apache.http.client.ClientProtocolException
-------
feature call (loop) failed at index: 160
caller: classpath:InspireTest/def/checkxlinkurl.template.feature
arg: {"link":""}
checkxlinkurl.template.feature:21 - 
org.apache.http.client.ClientProtocolException
-------
feature call (loop) failed at index: 161
caller: classpath:InspireTest/def/checkxlinkurl.template.feature
arg: {"link":""}
checkxlinkurl.template.feature:21 - 
org.apache.http.client.ClientProtocolException
-------
feature call (loop) failed at index: 162
caller: classpath:InspireTest/def/checkxlinkurl.template.feature
arg: {"link":""}
checkxlinkurl.template.feature:21 - 
org.apache.http.client.ClientProtocolException
-------
feature call (loop) failed at index: 163
caller: classpath:InspireTest/def/checkxlinkurl.template.feature
arg: {"link":""}
checkxlinkurl.template.feature:21 - 
org.apache.http.client.ClientProtocolException
-------
feature call (loop) failed at index: 164
caller: classpath:InspireTest/def/checkxlinkurl.template.feature
arg: {"link":""}
checkxlinkurl.template.feature:21 - 
org.apache.http.client.ClientProtocolException
-------
feature call (loop) failed at index: 165
caller: classpath:InspireTest/def/checkxlinkurl.template.feature
arg: {"link":""}
checkxlinkurl.template.feature:21 - 
org.apache.http.client.ClientProtocolException
-------
feature call (loop) failed at index: 166
caller: classpath:InspireTest/def/checkxlinkurl.template.feature
arg: {"link":""}
checkxlinkurl.template.feature:21 - 
org.apache.http.client.ClientProtocolException
-------
feature call (loop) failed at index: 167
caller: classpath:InspireTest/def/checkxlinkurl.template.feature
arg: {"link":""}
checkxlinkurl.template.feature:21 - 
org.apache.http.client.ClientProtocolException
-------
feature call (loop) failed at index: 168
caller: classpath:InspireTest/def/checkxlinkurl.template.feature
arg: {"link":""}
checkxlinkurl.template.feature:21 - 
org.apache.http.client.ClientProtocolException
-------
feature call (loop) failed at index: 169
caller: classpath:InspireTest/def/checkxlinkurl.template.feature
arg: {"link":""}
checkxlinkurl.template.feature:21 - 
org.apache.http.client.ClientProtocolException
-------
feature call (loop) failed at index: 170
caller: classpath:InspireTest/def/checkxlinkurl.template.feature
arg: {"link":""}
checkxlinkurl.template.feature:21 - 
org.apache.http.client.ClientProtocolException
-------
feature call (loop) failed at index: 171
caller: classpath:InspireTest/def/checkxlinkurl.template.feature
arg: {"link":""}
checkxlinkurl.template.feature:21 - 
org.apache.http.client.ClientProtocolException
-------
feature call (loop) failed at index: 172
caller: classpath:InspireTest/def/checkxlinkurl.template.feature
arg: {"link":""}
checkxlinkurl.template.feature:21 - 
org.apache.http.client.ClientProtocolException
-------
feature call (loop) failed at index: 173
caller: classpath:InspireTest/def/checkxlinkurl.template.feature
arg: {"link":""}
checkxlinkurl.template.feature:21 - 
org.apache.http.client.ClientProtocolException
-------
feature call (loop) failed at index: 174
caller: classpath:InspireTest/def/checkxlinkurl.template.feature
arg: {"link":""}
checkxlinkurl.template.feature:21 - 
org.apache.http.client.ClientProtocolException
-------
feature call (loop) failed at index: 175
caller: classpath:InspireTest/def/checkxlinkurl.template.feature
arg: {"link":""}
checkxlinkurl.template.feature:21 - 
org.apache.http.client.ClientProtocolException
-------
feature call (loop) failed at index: 176
caller: classpath:InspireTest/def/checkxlinkurl.template.feature
arg: {"link":""}
checkxlinkurl.template.feature:21 - 
org.apache.http.client.ClientProtocolException
-------
feature call (loop) failed at index: 177
caller: classpath:InspireTest/def/checkxlinkurl.template.feature
arg: {"link":""}
checkxlinkurl.template.feature:21 - 
org.apache.http.client.ClientProtocolException
-------
feature call (loop) failed at index: 178
caller: classpath:InspireTest/def/checkxlinkurl.template.feature
arg: {"link":""}
checkxlinkurl.template.feature:21 - 
org.apache.http.client.ClientProtocolException
-------
feature call (loop) failed at index: 179
caller: classpath:InspireTest/def/checkxlinkurl.template.feature
arg: {"link":""}
checkxlinkurl.template.feature:21 - 
org.apache.http.client.ClientProtocolException
-------
feature call (loop) failed at index: 180
caller: classpath:InspireTest/def/checkxlinkurl.template.feature
arg: {"link":""}
checkxlinkurl.template.feature:21 - 
org.apache.http.client.ClientProtocolException
-------
feature call (loop) failed at index: 181
caller: classpath:InspireTest/def/checkxlinkurl.template.feature
arg: {"link":""}
checkxlinkurl.template.feature:21 - 
org.apache.http.client.ClientProtocolException
-------
feature call (loop) failed at index: 182
caller: classpath:InspireTest/def/checkxlinkurl.template.feature
arg: {"link":""}
checkxlinkurl.template.feature:21 - 
org.apache.http.client.ClientProtocolException
-------
feature call (loop) failed at index: 183
caller: classpath:InspireTest/def/checkxlinkurl.template.feature
arg: {"link":""}
checkxlinkurl.template.feature:21 - 
org.apache.http.client.ClientProtocolException
-------
feature call (loop) failed at index: 184
caller: classpath:InspireTest/def/checkxlinkurl.template.feature
arg: {"link":""}
checkxlinkurl.template.feature:21 - 
org.apache.http.client.ClientProtocolException
-------
feature call (loop) failed at index: 185
caller: classpath:InspireTest/def/checkxlinkurl.template.feature
arg: {"link":""}
checkxlinkurl.template.feature:21 - 
org.apache.http.client.ClientProtocolException
-------
feature call (loop) failed at index: 186
caller: classpath:InspireTest/def/checkxlinkurl.template.feature
arg: {"link":""}
checkxlinkurl.template.feature:21 - 
org.apache.http.client.ClientProtocolException
-------
feature call (loop) failed at index: 187
caller: classpath:InspireTest/def/checkxlinkurl.template.feature
arg: {"link":""}
checkxlinkurl.template.feature:21 - 
org.apache.http.client.ClientProtocolException
-------
feature call (loop) failed at index: 188
caller: classpath:InspireTest/def/checkxlinkurl.template.feature
arg: {"link":""}
checkxlinkurl.template.feature:21 - 
org.apache.http.client.ClientProtocolException
-------
feature call (loop) failed at index: 189
caller: classpath:InspireTest/def/checkxlinkurl.template.feature
arg: {"link":""}
checkxlinkurl.template.feature:21 - 
org.apache.http.client.ClientProtocolException
-------
feature call (loop) failed at index: 190
caller: classpath:InspireTest/def/checkxlinkurl.template.feature
arg: {"link":""}
checkxlinkurl.template.feature:21 - 
org.apache.http.client.ClientProtocolException
-------
feature call (loop) failed at index: 191
caller: classpath:InspireTest/def/checkxlinkurl.template.feature
arg: {"link":""}
checkxlinkurl.template.feature:21 - 
org.apache.http.client.ClientProtocolException
-------
feature call (loop) failed at index: 192
caller: classpath:InspireTest/def/checkxlinkurl.template.feature
arg: {"link":""}
checkxlinkurl.template.feature:21 - 
org.apache.http.client.ClientProtocolException
-------
feature call (loop) failed at index: 193
caller: classpath:InspireTest/def/checkxlinkurl.template.feature
arg: {"link":""}
checkxlinkurl.template.feature:21 - 
org.apache.http.client.ClientProtocolException
-------
feature call (loop) failed at index: 194
caller: classpath:InspireTest/def/checkxlinkurl.template.feature
arg: {"link":""}
checkxlinkurl.template.feature:21 - 
org.apache.http.client.ClientProtocolException
-------
feature call (loop) failed at index: 195
caller: classpath:InspireTest/def/checkxlinkurl.template.feature
arg: {"link":""}
checkxlinkurl.template.feature:21 - 
org.apache.http.client.ClientProtocolException
-------
feature call (loop) failed at index: 196
caller: classpath:InspireTest/def/checkxlinkurl.template.feature
arg: {"link":""}
checkxlinkurl.template.feature:21 - 
org.apache.http.client.ClientProtocolException
-------
feature call (loop) failed at index: 197
caller: classpath:InspireTest/def/checkxlinkurl.template.feature
arg: {"link":""}
checkxlinkurl.template.feature:21 - 
org.apache.http.client.ClientProtocolException
-------
feature call (loop) failed at index: 198
caller: classpath:InspireTest/def/checkxlinkurl.template.feature
arg: {"link":""}
checkxlinkurl.template.feature:21 - 
org.apache.http.client.ClientProtocolException
-------
feature call (loop) failed at index: 199
caller: classpath:InspireTest/def/checkxlinkurl.template.feature
arg: {"link":""}
checkxlinkurl.template.feature:21 - 
org.apache.http.client.ClientProtocolException
-------
feature call (loop) failed at index: 200
caller: classpath:InspireTest/def/checkxlinkurl.template.feature
arg: {"link":""}
checkxlinkurl.template.feature:21 - 
org.apache.http.client.ClientProtocolException
-------
feature call (loop) failed at index: 201
caller: classpath:InspireTest/def/checkxlinkurl.template.feature
arg: {"link":""}
checkxlinkurl.template.feature:21 - 
org.apache.http.client.ClientProtocolException
-------
feature call (loop) failed at index: 202
caller: classpath:InspireTest/def/checkxlinkurl.template.feature
arg: {"link":""}
checkxlinkurl.template.feature:21 - 
org.apache.http.client.ClientProtocolException
-------
feature call (loop) failed at index: 203
caller: classpath:InspireTest/def/checkxlinkurl.template.feature
arg: {"link":""}
checkxlinkurl.template.feature:21 - 
org.apache.http.client.ClientProtocolException
-------
feature call (loop) failed at index: 204
caller: classpath:InspireTest/def/checkxlinkurl.template.feature
arg: {"link":""}
checkxlinkurl.template.feature:21 - 
org.apache.http.client.ClientProtocolException
-------
feature call (loop) failed at index: 205
caller: classpath:InspireTest/def/checkxlinkurl.template.feature
arg: {"link":""}
checkxlinkurl.template.feature:21 - 
org.apache.http.client.ClientProtocolException
-------
feature call (loop) failed at index: 206
caller: classpath:InspireTest/def/checkxlinkurl.template.feature
arg: {"link":""}
checkxlinkurl.template.feature:21 - 
org.apache.http.client.ClientProtocolException
-------
feature call (loop) failed at index: 207
caller: classpath:InspireTest/def/checkxlinkurl.template.feature
arg: {"link":""}
checkxlinkurl.template.feature:21 - 
org.apache.http.client.ClientProtocolException
-------
feature call (loop) failed at index: 208
caller: classpath:InspireTest/def/checkxlinkurl.template.feature
arg: {"link":""}
checkxlinkurl.template.feature:21 - 
org.apache.http.client.ClientProtocolException
-------
feature call (loop) failed at index: 209
caller: classpath:InspireTest/def/checkxlinkurl.template.feature
arg: {"link":""}
checkxlinkurl.template.feature:21 - 
org.apache.http.client.ClientProtocolException
[1.5:24] check-known-service-record.feature:72 - feature call (loop) failed: classpath:InspireTest/def/checkxlinkurl.template.feature
caller: classpath:InspireTest/ngr/T03_services/check-known-service-record.feature
items: [{link=http://rdfdata.eionet.europa.eu/inspirethemes/themes/7}, {link=http://geonetwork-opensource.org/inspire-theme#}, {link=http://inspire.ec.europa.eu/metadata-codelist/SpatialDataServiceCategory/infoFeatureAccessService}, {link=http://inspire.ec.europa.eu/metadata-codelist/SpatialDataServiceCategory#}, {link=https://www.nationaalgeoregister.nl/geonetwork/srv/eng/thesaurus.download?ref=external.theme.httpinspireeceuropaeumetadatacodelistSpatialDataServiceCategory-SpatialDataServiceCategory}, {link=}, {link=}, {link=}, {link=}, {link=}, {link=}, {link=}, {link=}, {link=}, {link=}, {link=}, {link=}, {link=}, {link=}, {link=}, {link=}, {link=http://nationaalgeoregister.nl/geonetwork/srv/dut/csw?service=CSW&version=2.0.2&request=GetRecordById&outputschema=http://www.isotc211.org/2005/gmd&elementsetname=full&id=5951efa2-1ff3-4763-a966-a2f5497679ee#MD_DataIdentification}]
errors:
-------
feature call (loop) failed at index: 0
caller: classpath:InspireTest/def/checkxlinkurl.template.feature
arg: {"link":"http://rdfdata.eionet.europa.eu/inspirethemes/themes/7"}
checkxlinkurl.template.feature:28 - path: $, actual: 404, expected: 200, reason: not equal (Integer)
-------
feature call (loop) failed at index: 1
caller: classpath:InspireTest/def/checkxlinkurl.template.feature
arg: {"link":"http://geonetwork-opensource.org/inspire-theme#"}
checkxlinkurl.template.feature:28 - path: $, actual: 404, expected: 200, reason: not equal (Integer)
-------
feature call (loop) failed at index: 2
caller: classpath:InspireTest/def/checkxlinkurl.template.feature
arg: {"link":"http://inspire.ec.europa.eu/metadata-codelist/SpatialDataServiceCategory/infoFeatureAccessService"}
checkxlinkurl.template.feature:21 - 
java.net.SocketTimeoutException: Read timed out
-------
feature call (loop) failed at index: 3
caller: classpath:InspireTest/def/checkxlinkurl.template.feature
arg: {"link":"http://inspire.ec.europa.eu/metadata-codelist/SpatialDataServiceCategory#"}
checkxlinkurl.template.feature:21 - 
java.net.SocketTimeoutException: Read timed out
-------
feature call (loop) failed at index: 5
caller: classpath:InspireTest/def/checkxlinkurl.template.feature
arg: {"link":""}
checkxlinkurl.template.feature:21 - 
org.apache.http.client.ClientProtocolException
-------
feature call (loop) failed at index: 6
caller: classpath:InspireTest/def/checkxlinkurl.template.feature
arg: {"link":""}
checkxlinkurl.template.feature:21 - 
org.apache.http.client.ClientProtocolException
-------
feature call (loop) failed at index: 7
caller: classpath:InspireTest/def/checkxlinkurl.template.feature
arg: {"link":""}
checkxlinkurl.template.feature:21 - 
org.apache.http.client.ClientProtocolException
-------
feature call (loop) failed at index: 8
caller: classpath:InspireTest/def/checkxlinkurl.template.feature
arg: {"link":""}
checkxlinkurl.template.feature:21 - 
org.apache.http.client.ClientProtocolException
-------
feature call (loop) failed at index: 9
caller: classpath:InspireTest/def/checkxlinkurl.template.feature
arg: {"link":""}
checkxlinkurl.template.feature:21 - 
org.apache.http.client.ClientProtocolException
-------
feature call (loop) failed at index: 10
caller: classpath:InspireTest/def/checkxlinkurl.template.feature
arg: {"link":""}
checkxlinkurl.template.feature:21 - 
org.apache.http.client.ClientProtocolException
-------
feature call (loop) failed at index: 11
caller: classpath:InspireTest/def/checkxlinkurl.template.feature
arg: {"link":""}
checkxlinkurl.template.feature:21 - 
org.apache.http.client.ClientProtocolException
-------
feature call (loop) failed at index: 12
caller: classpath:InspireTest/def/checkxlinkurl.template.feature
arg: {"link":""}
checkxlinkurl.template.feature:21 - 
org.apache.http.client.ClientProtocolException
-------
feature call (loop) failed at index: 13
caller: classpath:InspireTest/def/checkxlinkurl.template.feature
arg: {"link":""}
checkxlinkurl.template.feature:21 - 
org.apache.http.client.ClientProtocolException
-------
feature call (loop) failed at index: 14
caller: classpath:InspireTest/def/checkxlinkurl.template.feature
arg: {"link":""}
checkxlinkurl.template.feature:21 - 
org.apache.http.client.ClientProtocolException
-------
feature call (loop) failed at index: 15
caller: classpath:InspireTest/def/checkxlinkurl.template.feature
arg: {"link":""}
checkxlinkurl.template.feature:21 - 
org.apache.http.client.ClientProtocolException
-------
feature call (loop) failed at index: 16
caller: classpath:InspireTest/def/checkxlinkurl.template.feature
arg: {"link":""}
checkxlinkurl.template.feature:21 - 
org.apache.http.client.ClientProtocolException
-------
feature call (loop) failed at index: 17
caller: classpath:InspireTest/def/checkxlinkurl.template.feature
arg: {"link":""}
checkxlinkurl.template.feature:21 - 
org.apache.http.client.ClientProtocolException
-------
feature call (loop) failed at index: 18
caller: classpath:InspireTest/def/checkxlinkurl.template.feature
arg: {"link":""}
checkxlinkurl.template.feature:21 - 
org.apache.http.client.ClientProtocolException
-------
feature call (loop) failed at index: 19
caller: classpath:InspireTest/def/checkxlinkurl.template.feature
arg: {"link":""}
checkxlinkurl.template.feature:21 - 
org.apache.http.client.ClientProtocolException
-------
feature call (loop) failed at index: 20
caller: classpath:InspireTest/def/checkxlinkurl.template.feature
arg: {"link":""}
checkxlinkurl.template.feature:21 - 
org.apache.http.client.ClientProtocolException
[1.6:24] check-known-service-record.feature:72 - feature call (loop) failed: classpath:InspireTest/def/checkxlinkurl.template.feature
caller: classpath:InspireTest/ngr/T03_services/check-known-service-record.feature
items: [{link=http://inspire.ec.europa.eu/metadata-codelist/SpatialDataServiceCategory/infoMapAccessService}, {link=http://inspire.ec.europa.eu/metadata-codelist/SpatialDataServiceCategory}, {link=https://www.nationaalgeoregister.nl:443/geonetwork/srv/eng/thesaurus.download?ref=external.theme.httpinspireeceuropaeumetadatacodelistSpatialDataServiceCategory-SpatialDataServiceCategory}, {link=}, {link=}, {link=}, {link=}, {link=}, {link=}, {link=http://nationaalgeoregister.nl/geonetwork/srv/en/csw?service=CSW&version=2.0.2&request=GetRecordById&outputschema=http://www.isotc211.org/2005/gmd&elementsetname=full&id=110f9ec6-4464-462e-9765-83d90cefbeag#MD_DataIdentification}, {link=http://nationaalgeoregister.nl/geonetwork/srv/en/csw?service=CSW&version=2.0.2&request=GetRecordById&outputschema=http://www.isotc211.org/2005/gmd&elementsetname=full&id=110f9ec6-4464-462e-9765-83d90cefbead#MD_DataIdentification}]
errors:
-------
feature call (loop) failed at index: 0
caller: classpath:InspireTest/def/checkxlinkurl.template.feature
arg: {"link":"http://inspire.ec.europa.eu/metadata-codelist/SpatialDataServiceCategory/infoMapAccessService"}
checkxlinkurl.template.feature:21 - 
java.net.SocketTimeoutException: Read timed out
-------
feature call (loop) failed at index: 1
caller: classpath:InspireTest/def/checkxlinkurl.template.feature
arg: {"link":"http://inspire.ec.europa.eu/metadata-codelist/SpatialDataServiceCategory"}
checkxlinkurl.template.feature:21 - 
java.net.SocketTimeoutException: Read timed out
-------
feature call (loop) failed at index: 3
caller: classpath:InspireTest/def/checkxlinkurl.template.feature
arg: {"link":""}
checkxlinkurl.template.feature:21 - 
org.apache.http.client.ClientProtocolException
-------
feature call (loop) failed at index: 4
caller: classpath:InspireTest/def/checkxlinkurl.template.feature
arg: {"link":""}
checkxlinkurl.template.feature:21 - 
org.apache.http.client.ClientProtocolException
-------
feature call (loop) failed at index: 5
caller: classpath:InspireTest/def/checkxlinkurl.template.feature
arg: {"link":""}
checkxlinkurl.template.feature:21 - 
org.apache.http.client.ClientProtocolException
-------
feature call (loop) failed at index: 6
caller: classpath:InspireTest/def/checkxlinkurl.template.feature
arg: {"link":""}
checkxlinkurl.template.feature:21 - 
org.apache.http.client.ClientProtocolException
-------
feature call (loop) failed at index: 7
caller: classpath:InspireTest/def/checkxlinkurl.template.feature
arg: {"link":""}
checkxlinkurl.template.feature:21 - 
org.apache.http.client.ClientProtocolException
-------
feature call (loop) failed at index: 8
caller: classpath:InspireTest/def/checkxlinkurl.template.feature
arg: {"link":""}
checkxlinkurl.template.feature:21 - 
org.apache.http.client.ClientProtocolException
[1.7:24] check-known-service-record.feature:72 - feature call (loop) failed: classpath:InspireTest/def/checkxlinkurl.template.feature
caller: classpath:InspireTest/ngr/T03_services/check-known-service-record.feature
items: [{link=http://rdfdata.eionet.europa.eu/inspirethemes/themes/33}, {link=http://geonetwork-opensource.org/inspire-theme#}, {link=http://inspire.ec.europa.eu/metadata-codelist/SpatialDataServiceCategory/infoMapAccessService}, {link=http://inspire.ec.europa.eu/metadata-codelist/SpatialDataServiceCategory#}, {link=https://www.nationaalgeoregister.nl/geonetwork/srv/eng/thesaurus.download?ref=external.theme.httpinspireeceuropaeumetadatacodelistSpatialDataServiceCategory-SpatialDataServiceCategory}, {link=}, {link=}, {link=}, {link=}, {link=}, {link=}, {link=}, {link=}, {link=}, {link=}, {link=}, {link=}, {link=}, {link=}, {link=}, {link=}, {link=}, {link=}, {link=}, {link=}, {link=}, {link=http://nationaalgeoregister.nl/geonetwork/srv/dut/csw?service=CSW&version=2.0.2&request=GetRecordById&outputschema=http://www.isotc211.org/2005/gmd&elementsetname=full&id=11d83e36-fd0d-46bc-838c-0567c5dfdb19#MD_DataIdentification}, {link=http://nationaalgeoregister.nl/geonetwork/srv/dut/csw?service=CSW&version=2.0.2&request=GetRecordById&outputschema=http://www.isotc211.org/2005/gmd&elementsetname=full&id=34dacd72-d2fb-4e28-844d-73d3b9c3fef2#MD_DataIdentification}, {link=http://nationaalgeoregister.nl/geonetwork/srv/dut/csw?service=CSW&version=2.0.2&request=GetRecordById&outputschema=http://www.isotc211.org/2005/gmd&elementsetname=full&id=419b85e5-04ee-4cc9-b910-bc58594a943a#MD_DataIdentification}, {link=http://nationaalgeoregister.nl/geonetwork/srv/dut/csw?service=CSW&version=2.0.2&request=GetRecordById&outputschema=http://www.isotc211.org/2005/gmd&elementsetname=full&id=119f7512-a71e-4d1a-82e7-7a2b63f9338b#MD_DataIdentification}, {link=http://nationaalgeoregister.nl/geonetwork/srv/dut/csw?service=CSW&version=2.0.2&request=GetRecordById&outputschema=http://www.isotc211.org/2005/gmd&elementsetname=full&id=6ea55ec4-f312-40ef-9935-68806e61b496#MD_DataIdentification}, {link=http://nationaalgeoregister.nl/geonetwork/srv/dut/csw?service=CSW&version=2.0.2&request=GetRecordById&outputschema=http://www.isotc211.org/2005/gmd&elementsetname=full&id=af784610-df36-4d40-bac0-23d8e728999f#MD_DataIdentification}, {link=http://nationaalgeoregister.nl/geonetwork/srv/dut/csw?service=CSW&version=2.0.2&request=GetRecordById&outputschema=http://www.isotc211.org/2005/gmd&elementsetname=full&id=24eb504e-f5f3-4ecf-b760-cc5630e82a57#MD_DataIdentification}]
errors:
-------
feature call (loop) failed at index: 0
caller: classpath:InspireTest/def/checkxlinkurl.template.feature
arg: {"link":"http://rdfdata.eionet.europa.eu/inspirethemes/themes/33"}
checkxlinkurl.template.feature:28 - path: $, actual: 404, expected: 200, reason: not equal (Integer)
-------
feature call (loop) failed at index: 1
caller: classpath:InspireTest/def/checkxlinkurl.template.feature
arg: {"link":"http://geonetwork-opensource.org/inspire-theme#"}
checkxlinkurl.template.feature:28 - path: $, actual: 404, expected: 200, reason: not equal (Integer)
-------
feature call (loop) failed at index: 2
caller: classpath:InspireTest/def/checkxlinkurl.template.feature
arg: {"link":"http://inspire.ec.europa.eu/metadata-codelist/SpatialDataServiceCategory/infoMapAccessService"}
checkxlinkurl.template.feature:21 - 
java.net.SocketTimeoutException: Read timed out
-------
feature call (loop) failed at index: 3
caller: classpath:InspireTest/def/checkxlinkurl.template.feature
arg: {"link":"http://inspire.ec.europa.eu/metadata-codelist/SpatialDataServiceCategory#"}
checkxlinkurl.template.feature:21 - 
java.net.SocketTimeoutException: Read timed out
-------
feature call (loop) failed at index: 5
caller: classpath:InspireTest/def/checkxlinkurl.template.feature
arg: {"link":""}
checkxlinkurl.template.feature:21 - 
org.apache.http.client.ClientProtocolException
-------
feature call (loop) failed at index: 6
caller: classpath:InspireTest/def/checkxlinkurl.template.feature
arg: {"link":""}
checkxlinkurl.template.feature:21 - 
org.apache.http.client.ClientProtocolException
-------
feature call (loop) failed at index: 7
caller: classpath:InspireTest/def/checkxlinkurl.template.feature
arg: {"link":""}
checkxlinkurl.template.feature:21 - 
org.apache.http.client.ClientProtocolException
-------
feature call (loop) failed at index: 8
caller: classpath:InspireTest/def/checkxlinkurl.template.feature
arg: {"link":""}
checkxlinkurl.template.feature:21 - 
org.apache.http.client.ClientProtocolException
-------
feature call (loop) failed at index: 9
caller: classpath:InspireTest/def/checkxlinkurl.template.feature
arg: {"link":""}
checkxlinkurl.template.feature:21 - 
org.apache.http.client.ClientProtocolException
-------
feature call (loop) failed at index: 10
caller: classpath:InspireTest/def/checkxlinkurl.template.feature
arg: {"link":""}
checkxlinkurl.template.feature:21 - 
org.apache.http.client.ClientProtocolException
-------
feature call (loop) failed at index: 11
caller: classpath:InspireTest/def/checkxlinkurl.template.feature
arg: {"link":""}
checkxlinkurl.template.feature:21 - 
org.apache.http.client.ClientProtocolException
-------
feature call (loop) failed at index: 12
caller: classpath:InspireTest/def/checkxlinkurl.template.feature
arg: {"link":""}
checkxlinkurl.template.feature:21 - 
org.apache.http.client.ClientProtocolException
-------
feature call (loop) failed at index: 13
caller: classpath:InspireTest/def/checkxlinkurl.template.feature
arg: {"link":""}
checkxlinkurl.template.feature:21 - 
org.apache.http.client.ClientProtocolException
-------
feature call (loop) failed at index: 14
caller: classpath:InspireTest/def/checkxlinkurl.template.feature
arg: {"link":""}
checkxlinkurl.template.feature:21 - 
org.apache.http.client.ClientProtocolException
-------
feature call (loop) failed at index: 15
caller: classpath:InspireTest/def/checkxlinkurl.template.feature
arg: {"link":""}
checkxlinkurl.template.feature:21 - 
org.apache.http.client.ClientProtocolException
-------
feature call (loop) failed at index: 16
caller: classpath:InspireTest/def/checkxlinkurl.template.feature
arg: {"link":""}
checkxlinkurl.template.feature:21 - 
org.apache.http.client.ClientProtocolException
-------
feature call (loop) failed at index: 17
caller: classpath:InspireTest/def/checkxlinkurl.template.feature
arg: {"link":""}
checkxlinkurl.template.feature:21 - 
org.apache.http.client.ClientProtocolException
-------
feature call (loop) failed at index: 18
caller: classpath:InspireTest/def/checkxlinkurl.template.feature
arg: {"link":""}
checkxlinkurl.template.feature:21 - 
org.apache.http.client.ClientProtocolException
-------
feature call (loop) failed at index: 19
caller: classpath:InspireTest/def/checkxlinkurl.template.feature
arg: {"link":""}
checkxlinkurl.template.feature:21 - 
org.apache.http.client.ClientProtocolException
-------
feature call (loop) failed at index: 20
caller: classpath:InspireTest/def/checkxlinkurl.template.feature
arg: {"link":""}
checkxlinkurl.template.feature:21 - 
org.apache.http.client.ClientProtocolException
-------
feature call (loop) failed at index: 21
caller: classpath:InspireTest/def/checkxlinkurl.template.feature
arg: {"link":""}
checkxlinkurl.template.feature:21 - 
org.apache.http.client.ClientProtocolException
-------
feature call (loop) failed at index: 22
caller: classpath:InspireTest/def/checkxlinkurl.template.feature
arg: {"link":""}
checkxlinkurl.template.feature:21 - 
org.apache.http.client.ClientProtocolException
-------
feature call (loop) failed at index: 23
caller: classpath:InspireTest/def/checkxlinkurl.template.feature
arg: {"link":""}
checkxlinkurl.template.feature:21 - 
org.apache.http.client.ClientProtocolException
-------
feature call (loop) failed at index: 24
caller: classpath:InspireTest/def/checkxlinkurl.template.feature
arg: {"link":""}
checkxlinkurl.template.feature:21 - 
org.apache.http.client.ClientProtocolException
-------
feature call (loop) failed at index: 25
caller: classpath:InspireTest/def/checkxlinkurl.template.feature
arg: {"link":""}
checkxlinkurl.template.feature:21 - 
org.apache.http.client.ClientProtocolException
[1.8:24] check-known-service-record.feature:72 - feature call (loop) failed: classpath:InspireTest/def/checkxlinkurl.template.feature
caller: classpath:InspireTest/ngr/T03_services/check-known-service-record.feature
items: [{link=http://inspire.ec.europa.eu/metadata-codelist/SpatialDataServiceCategory/infoMapAccessService}, {link=http://inspire.ec.europa.eu/metadata-codelist/SpatialDataServiceCategory}, {link=https://www.nationaalgeoregister.nl:443/geonetwork/srv/eng/thesaurus.download?ref=external.theme.httpinspireeceuropaeumetadatacodelistSpatialDataServiceCategory-SpatialDataServiceCategory}, {link=https://www.nationaalgeoregister.nl:443/geonetwork/srv/dut/csw?service=CSW&request=GetRecordById&version=2.0.2&outputSchema=http://www.isotc211.org/2005/gmd&elementSetName=full&id=493ab81b-75f8-4205-b030-6b2fd9eb4295#MD_DataIdentification}]
errors:
-------
feature call (loop) failed at index: 1
caller: classpath:InspireTest/def/checkxlinkurl.template.feature
arg: {"link":"http://inspire.ec.europa.eu/metadata-codelist/SpatialDataServiceCategory"}
checkxlinkurl.template.feature:21 - 
java.net.SocketTimeoutException: Read timed out
[1.9:24] check-known-service-record.feature:72 - feature call (loop) failed: classpath:InspireTest/def/checkxlinkurl.template.feature
caller: classpath:InspireTest/ngr/T03_services/check-known-service-record.feature
items: [{link=}, {link=}, {link=}, {link=http://nationaalgeoregister.nl/geonetwork/srv/dut/csw?service=CSW&version=2.0.2&request=GetRecordById&outputschema=http://www.isotc211.org/2005/gmd&elementsetname=full&id=3d59fd06-9aec-4744-91e7-65e119f74569#MD_DataIdentification}]
errors:
-------
feature call (loop) failed at index: 0
caller: classpath:InspireTest/def/checkxlinkurl.template.feature
arg: {"link":""}
checkxlinkurl.template.feature:21 - 
org.apache.http.client.ClientProtocolException
-------
feature call (loop) failed at index: 1
caller: classpath:InspireTest/def/checkxlinkurl.template.feature
arg: {"link":""}
checkxlinkurl.template.feature:21 - 
org.apache.http.client.ClientProtocolException
-------
feature call (loop) failed at index: 2
caller: classpath:InspireTest/def/checkxlinkurl.template.feature
arg: {"link":""}
checkxlinkurl.template.feature:21 - 
org.apache.http.client.ClientProtocolException
[1.11:24] check-known-service-record.feature:72 - feature call (loop) failed: classpath:InspireTest/def/checkxlinkurl.template.feature
caller: classpath:InspireTest/ngr/T03_services/check-known-service-record.feature
items: [{link=http://inspire.ec.europa.eu/metadata-codelist/SpatialDataServiceCategory/infoMapAccessService}, {link=http://inspire.ec.europa.eu/metadata-codelist/SpatialDataServiceCategory}, {link=https://www.nationaalgeoregister.nl:443/geonetwork/srv/eng/thesaurus.download?ref=external.theme.httpinspireeceuropaeumetadatacodelistSpatialDataServiceCategory-SpatialDataServiceCategory}, {link=}, {link=}, {link=}, {link=http://www.nationaalgeoregister.nl/geonetwork/srv/en/csw?service=CSW&request=GetRecordById&version=2.0.2&outputSchema=http://www.isotc211.org/2005/gmd&elementSetName=full&id=f2f86edf-ac3a-48e8-9292-0544da2d7645#MD_DataIdentification}]
errors:
-------
feature call (loop) failed at index: 0
caller: classpath:InspireTest/def/checkxlinkurl.template.feature
arg: {"link":"http://inspire.ec.europa.eu/metadata-codelist/SpatialDataServiceCategory/infoMapAccessService"}
checkxlinkurl.template.feature:21 - 
java.net.SocketTimeoutException: Read timed out
-------
feature call (loop) failed at index: 1
caller: classpath:InspireTest/def/checkxlinkurl.template.feature
arg: {"link":"http://inspire.ec.europa.eu/metadata-codelist/SpatialDataServiceCategory"}
checkxlinkurl.template.feature:21 - 
java.net.SocketTimeoutException: Read timed out
-------
feature call (loop) failed at index: 3
caller: classpath:InspireTest/def/checkxlinkurl.template.feature
arg: {"link":""}
checkxlinkurl.template.feature:21 - 
org.apache.http.client.ClientProtocolException
-------
feature call (loop) failed at index: 4
caller: classpath:InspireTest/def/checkxlinkurl.template.feature
arg: {"link":""}
checkxlinkurl.template.feature:21 - 
org.apache.http.client.ClientProtocolException
-------
feature call (loop) failed at index: 5
caller: classpath:InspireTest/def/checkxlinkurl.template.feature
arg: {"link":""}
checkxlinkurl.template.feature:21 - 
org.apache.http.client.ClientProtocolException
[1.12:24] check-known-service-record.feature:72 - feature call (loop) failed: classpath:InspireTest/def/checkxlinkurl.template.feature
caller: classpath:InspireTest/ngr/T03_services/check-known-service-record.feature
items: [{link=http://inspire.ec.europa.eu/metadata-codelist/SpatialDataServiceCategory/infoFeatureAccessService}, {link=http://inspire.ec.europa.eu/metadata-codelist/SpatialDataServiceCategory}, {link=https://www.nationaalgeoregister.nl:443/geonetwork/srv/eng/thesaurus.download?ref=external.theme.httpinspireeceuropaeumetadatacodelistSpatialDataServiceCategory-SpatialDataServiceCategory}, {link=}, {link=}, {link=}, {link=}, {link=}, {link=}, {link=}, {link=}, {link=https://nationaalgeoregister.nl/geonetwork/srv/en/csw?service=CSW&version=2.0.2&request=GetRecordById&outputschema=http://www.isotc211.org/2005/gmd&elementsetname=full&id=29c17585-e702-463f-a5dc-99d34b17d333#MD_DataIdentification}]
errors:
-------
feature call (loop) failed at index: 1
caller: classpath:InspireTest/def/checkxlinkurl.template.feature
arg: {"link":"http://inspire.ec.europa.eu/metadata-codelist/SpatialDataServiceCategory"}
checkxlinkurl.template.feature:21 - 
java.net.SocketTimeoutException: Read timed out
-------
feature call (loop) failed at index: 3
caller: classpath:InspireTest/def/checkxlinkurl.template.feature
arg: {"link":""}
checkxlinkurl.template.feature:21 - 
org.apache.http.client.ClientProtocolException
-------
feature call (loop) failed at index: 4
caller: classpath:InspireTest/def/checkxlinkurl.template.feature
arg: {"link":""}
checkxlinkurl.template.feature:21 - 
org.apache.http.client.ClientProtocolException
-------
feature call (loop) failed at index: 5
caller: classpath:InspireTest/def/checkxlinkurl.template.feature
arg: {"link":""}
checkxlinkurl.template.feature:21 - 
org.apache.http.client.ClientProtocolException
-------
feature call (loop) failed at index: 6
caller: classpath:InspireTest/def/checkxlinkurl.template.feature
arg: {"link":""}
checkxlinkurl.template.feature:21 - 
org.apache.http.client.ClientProtocolException
-------
feature call (loop) failed at index: 7
caller: classpath:InspireTest/def/checkxlinkurl.template.feature
arg: {"link":""}
checkxlinkurl.template.feature:21 - 
org.apache.http.client.ClientProtocolException
-------
feature call (loop) failed at index: 8
caller: classpath:InspireTest/def/checkxlinkurl.template.feature
arg: {"link":""}
checkxlinkurl.template.feature:21 - 
org.apache.http.client.ClientProtocolException
-------
feature call (loop) failed at index: 9
caller: classpath:InspireTest/def/checkxlinkurl.template.feature
arg: {"link":""}
checkxlinkurl.template.feature:21 - 
org.apache.http.client.ClientProtocolException
-------
feature call (loop) failed at index: 10
caller: classpath:InspireTest/def/checkxlinkurl.template.feature
arg: {"link":""}
checkxlinkurl.template.feature:21 - 
org.apache.http.client.ClientProtocolException
[1.14:24] check-known-service-record.feature:72 - feature call (loop) failed: classpath:InspireTest/def/checkxlinkurl.template.feature
caller: classpath:InspireTest/ngr/T03_services/check-known-service-record.feature
items: [{link=http://inspire.ec.europa.eu/metadata-codelist/SpatialDataServiceCategory/infoFeatureAccessService}, {link=http://inspire.ec.europa.eu/metadata-codelist/SpatialDataServiceCategory}, {link=https://www.nationaalgeoregister.nl:443/geonetwork/srv/eng/thesaurus.download?ref=external.theme.httpinspireeceuropaeumetadatacodelistSpatialDataServiceCategory-SpatialDataServiceCategory}, {link=}, {link=}, {link=}, {link=}, {link=}, {link=}, {link=}, {link=}, {link=http://nationaalgeoregister.nl/geonetwork/srv/dut/csw?service=CSW&version=2.0.2&request=GetRecordById&outputschema=http://www.isotc211.org/2005/gmd&elementsetname=full&id=be1b1514-8d1f-48e1-9624-fee9b784138b#MD_DataIdentification}, {link=http://nationaalgeoregister.nl/geonetwork/srv/dut/csw?service=CSW&version=2.0.2&request=GetRecordById&outputschema=http://www.isotc211.org/2005/gmd&elementsetname=full&id=db60a314-5583-437d-a2ff-1e59cc57704e#MD_DataIdentification}]
errors:
-------
feature call (loop) failed at index: 0
caller: classpath:InspireTest/def/checkxlinkurl.template.feature
arg: {"link":"http://inspire.ec.europa.eu/metadata-codelist/SpatialDataServiceCategory/infoFeatureAccessService"}
checkxlinkurl.template.feature:21 - 
java.net.SocketTimeoutException: Read timed out
-------
feature call (loop) failed at index: 3
caller: classpath:InspireTest/def/checkxlinkurl.template.feature
arg: {"link":""}
checkxlinkurl.template.feature:21 - 
org.apache.http.client.ClientProtocolException
-------
feature call (loop) failed at index: 4
caller: classpath:InspireTest/def/checkxlinkurl.template.feature
arg: {"link":""}
checkxlinkurl.template.feature:21 - 
org.apache.http.client.ClientProtocolException
-------
feature call (loop) failed at index: 5
caller: classpath:InspireTest/def/checkxlinkurl.template.feature
arg: {"link":""}
checkxlinkurl.template.feature:21 - 
org.apache.http.client.ClientProtocolException
-------
feature call (loop) failed at index: 6
caller: classpath:InspireTest/def/checkxlinkurl.template.feature
arg: {"link":""}
checkxlinkurl.template.feature:21 - 
org.apache.http.client.ClientProtocolException
-------
feature call (loop) failed at index: 7
caller: classpath:InspireTest/def/checkxlinkurl.template.feature
arg: {"link":""}
checkxlinkurl.template.feature:21 - 
org.apache.http.client.ClientProtocolException
-------
feature call (loop) failed at index: 8
caller: classpath:InspireTest/def/checkxlinkurl.template.feature
arg: {"link":""}
checkxlinkurl.template.feature:21 - 
org.apache.http.client.ClientProtocolException
-------
feature call (loop) failed at index: 9
caller: classpath:InspireTest/def/checkxlinkurl.template.feature
arg: {"link":""}
checkxlinkurl.template.feature:21 - 
org.apache.http.client.ClientProtocolException
-------
feature call (loop) failed at index: 10
caller: classpath:InspireTest/def/checkxlinkurl.template.feature
arg: {"link":""}
checkxlinkurl.template.feature:21 - 
org.apache.http.client.ClientProtocolException
[1.15:24] check-known-service-record.feature:72 - feature call (loop) failed: classpath:InspireTest/def/checkxlinkurl.template.feature
caller: classpath:InspireTest/ngr/T03_services/check-known-service-record.feature
items: [{link=http://rdfdata.eionet.europa.eu/inspirethemes/themes/33}, {link=http://geonetwork-opensource.org/inspire-theme#}, {link=http://inspire.ec.europa.eu/metadata-codelist/SpatialDataServiceCategory/infoFeatureAccessService}, {link=http://inspire.ec.europa.eu/metadata-codelist/SpatialDataServiceCategory#}, {link=https://www.nationaalgeoregister.nl/geonetwork/srv/eng/thesaurus.download?ref=external.theme.httpinspireeceuropaeumetadatacodelistSpatialDataServiceCategory-SpatialDataServiceCategory}, {link=}, {link=}, {link=}, {link=}, {link=http://nationaalgeoregister.nl/geonetwork/srv/dut/csw?service=CSW&version=2.0.2&request=GetRecordById&outputschema=http://www.isotc211.org/2005/gmd&elementsetname=full&id=d845cef6-0e23-4212-a951-b69763e39ef0#MD_DataIdentification}]
errors:
-------
feature call (loop) failed at index: 0
caller: classpath:InspireTest/def/checkxlinkurl.template.feature
arg: {"link":"http://rdfdata.eionet.europa.eu/inspirethemes/themes/33"}
checkxlinkurl.template.feature:28 - path: $, actual: 404, expected: 200, reason: not equal (Integer)
-------
feature call (loop) failed at index: 1
caller: classpath:InspireTest/def/checkxlinkurl.template.feature
arg: {"link":"http://geonetwork-opensource.org/inspire-theme#"}
checkxlinkurl.template.feature:28 - path: $, actual: 404, expected: 200, reason: not equal (Integer)
-------
feature call (loop) failed at index: 2
caller: classpath:InspireTest/def/checkxlinkurl.template.feature
arg: {"link":"http://inspire.ec.europa.eu/metadata-codelist/SpatialDataServiceCategory/infoFeatureAccessService"}
checkxlinkurl.template.feature:21 - 
java.net.SocketTimeoutException: Read timed out
-------
feature call (loop) failed at index: 3
caller: classpath:InspireTest/def/checkxlinkurl.template.feature
arg: {"link":"http://inspire.ec.europa.eu/metadata-codelist/SpatialDataServiceCategory#"}
checkxlinkurl.template.feature:21 - 
java.net.SocketTimeoutException: Read timed out
-------
feature call (loop) failed at index: 5
caller: classpath:InspireTest/def/checkxlinkurl.template.feature
arg: {"link":""}
checkxlinkurl.template.feature:21 - 
org.apache.http.client.ClientProtocolException
-------
feature call (loop) failed at index: 6
caller: classpath:InspireTest/def/checkxlinkurl.template.feature
arg: {"link":""}
checkxlinkurl.template.feature:21 - 
org.apache.http.client.ClientProtocolException
-------
feature call (loop) failed at index: 7
caller: classpath:InspireTest/def/checkxlinkurl.template.feature
arg: {"link":""}
checkxlinkurl.template.feature:21 - 
org.apache.http.client.ClientProtocolException
-------
feature call (loop) failed at index: 8
caller: classpath:InspireTest/def/checkxlinkurl.template.feature
arg: {"link":""}
checkxlinkurl.template.feature:21 - 
org.apache.http.client.ClientProtocolException
[1.17:24] check-known-service-record.feature:72 - feature call (loop) failed: classpath:InspireTest/def/checkxlinkurl.template.feature
caller: classpath:InspireTest/ngr/T03_services/check-known-service-record.feature
items: [{link=http://rdfdata.eionet.europa.eu/inspirethemes/themes/31}, {link=http://geonetwork-opensource.org/inspire-theme#}, {link=}, {link=}, {link=}, {link=}, {link=}, {link=}, {link=}, {link=}, {link=}, {link=}, {link=}, {link=}, {link=}, {link=}, {link=}, {link=}, {link=}, {link=}, {link=}, {link=}, {link=}, {link=}, {link=}, {link=}, {link=}, {link=}, {link=}, {link=}, {link=}, {link=}, {link=}, {link=}, {link=}, {link=}, {link=}, {link=}, {link=}, {link=}, {link=}, {link=}, {link=}, {link=}, {link=}, {link=}, {link=}, {link=}, {link=}, {link=}, {link=}, {link=}, {link=}, {link=}, {link=}, {link=}, {link=}, {link=}, {link=}, {link=}, {link=}, {link=}, {link=}, {link=}, {link=}, {link=}, {link=}, {link=}, {link=}, {link=}, {link=}, {link=}, {link=}, {link=}, {link=}, {link=}, {link=}, {link=}, {link=}, {link=}, {link=}, {link=}, {link=}, {link=}, {link=}, {link=}, {link=}, {link=}, {link=}, {link=}, {link=}, {link=}, {link=}, {link=}, {link=}, {link=}, {link=}, {link=}, {link=}, {link=}, {link=}, {link=}, {link=}, {link=}, {link=}, {link=}, {link=}, {link=}, {link=}, {link=}, {link=}, {link=}, {link=}, {link=}, {link=}, {link=}, {link=}, {link=}, {link=}, {link=}, {link=}, {link=}, {link=}, {link=}, {link=}, {link=}, {link=}, {link=}, {link=}, {link=}, {link=}, {link=}, {link=}, {link=}, {link=}, {link=}, {link=}, {link=}, {link=}, {link=}, {link=}, {link=}, {link=}, {link=}, {link=}, {link=}, {link=}, {link=}, {link=}, {link=}, {link=}, {link=}, {link=}, {link=}, {link=}, {link=}, {link=}, {link=}, {link=http://nationaalgeoregister.nl/geonetwork/srv/en/csw?service=CSW&version=2.0.2&request=GetRecordById&outputschema=http://www.isotc211.org/2005/gmd&elementsetname=full&id=977e0e94-7aa9-4784-b2da-eaec44adb61b#MD_DataIdentification}]
errors:
-------
feature call (loop) failed at index: 0
caller: classpath:InspireTest/def/checkxlinkurl.template.feature
arg: {"link":"http://rdfdata.eionet.europa.eu/inspirethemes/themes/31"}
checkxlinkurl.template.feature:28 - path: $, actual: 404, expected: 200, reason: not equal (Integer)
-------
feature call (loop) failed at index: 1
caller: classpath:InspireTest/def/checkxlinkurl.template.feature
arg: {"link":"http://geonetwork-opensource.org/inspire-theme#"}
checkxlinkurl.template.feature:28 - path: $, actual: 404, expected: 200, reason: not equal (Integer)
-------
feature call (loop) failed at index: 2
caller: classpath:InspireTest/def/checkxlinkurl.template.feature
arg: {"link":""}
checkxlinkurl.template.feature:21 - 
org.apache.http.client.ClientProtocolException
-------
feature call (loop) failed at index: 3
caller: classpath:InspireTest/def/checkxlinkurl.template.feature
arg: {"link":""}
checkxlinkurl.template.feature:21 - 
org.apache.http.client.ClientProtocolException
-------
feature call (loop) failed at index: 4
caller: classpath:InspireTest/def/checkxlinkurl.template.feature
arg: {"link":""}
checkxlinkurl.template.feature:21 - 
org.apache.http.client.ClientProtocolException
-------
feature call (loop) failed at index: 5
caller: classpath:InspireTest/def/checkxlinkurl.template.feature
arg: {"link":""}
checkxlinkurl.template.feature:21 - 
org.apache.http.client.ClientProtocolException
-------
feature call (loop) failed at index: 6
caller: classpath:InspireTest/def/checkxlinkurl.template.feature
arg: {"link":""}
checkxlinkurl.template.feature:21 - 
org.apache.http.client.ClientProtocolException
-------
feature call (loop) failed at index: 7
caller: classpath:InspireTest/def/checkxlinkurl.template.feature
arg: {"link":""}
checkxlinkurl.template.feature:21 - 
org.apache.http.client.ClientProtocolException
-------
feature call (loop) failed at index: 8
caller: classpath:InspireTest/def/checkxlinkurl.template.feature
arg: {"link":""}
checkxlinkurl.template.feature:21 - 
org.apache.http.client.ClientProtocolException
-------
feature call (loop) failed at index: 9
caller: classpath:InspireTest/def/checkxlinkurl.template.feature
arg: {"link":""}
checkxlinkurl.template.feature:21 - 
org.apache.http.client.ClientProtocolException
-------
feature call (loop) failed at index: 10
caller: classpath:InspireTest/def/checkxlinkurl.template.feature
arg: {"link":""}
checkxlinkurl.template.feature:21 - 
org.apache.http.client.ClientProtocolException
-------
feature call (loop) failed at index: 11
caller: classpath:InspireTest/def/checkxlinkurl.template.feature
arg: {"link":""}
checkxlinkurl.template.feature:21 - 
org.apache.http.client.ClientProtocolException
-------
feature call (loop) failed at index: 12
caller: classpath:InspireTest/def/checkxlinkurl.template.feature
arg: {"link":""}
checkxlinkurl.template.feature:21 - 
org.apache.http.client.ClientProtocolException
-------
feature call (loop) failed at index: 13
caller: classpath:InspireTest/def/checkxlinkurl.template.feature
arg: {"link":""}
checkxlinkurl.template.feature:21 - 
org.apache.http.client.ClientProtocolException
-------
feature call (loop) failed at index: 14
caller: classpath:InspireTest/def/checkxlinkurl.template.feature
arg: {"link":""}
checkxlinkurl.template.feature:21 - 
org.apache.http.client.ClientProtocolException
-------
feature call (loop) failed at index: 15
caller: classpath:InspireTest/def/checkxlinkurl.template.feature
arg: {"link":""}
checkxlinkurl.template.feature:21 - 
org.apache.http.client.ClientProtocolException
-------
feature call (loop) failed at index: 16
caller: classpath:InspireTest/def/checkxlinkurl.template.feature
arg: {"link":""}
checkxlinkurl.template.feature:21 - 
org.apache.http.client.ClientProtocolException
-------
feature call (loop) failed at index: 17
caller: classpath:InspireTest/def/checkxlinkurl.template.feature
arg: {"link":""}
checkxlinkurl.template.feature:21 - 
org.apache.http.client.ClientProtocolException
-------
feature call (loop) failed at index: 18
caller: classpath:InspireTest/def/checkxlinkurl.template.feature
arg: {"link":""}
checkxlinkurl.template.feature:21 - 
org.apache.http.client.ClientProtocolException
-------
feature call (loop) failed at index: 19
caller: classpath:InspireTest/def/checkxlinkurl.template.feature
arg: {"link":""}
checkxlinkurl.template.feature:21 - 
org.apache.http.client.ClientProtocolException
-------
feature call (loop) failed at index: 20
caller: classpath:InspireTest/def/checkxlinkurl.template.feature
arg: {"link":""}
checkxlinkurl.template.feature:21 - 
org.apache.http.client.ClientProtocolException
-------
feature call (loop) failed at index: 21
caller: classpath:InspireTest/def/checkxlinkurl.template.feature
arg: {"link":""}
checkxlinkurl.template.feature:21 - 
org.apache.http.client.ClientProtocolException
-------
feature call (loop) failed at index: 22
caller: classpath:InspireTest/def/checkxlinkurl.template.feature
arg: {"link":""}
checkxlinkurl.template.feature:21 - 
org.apache.http.client.ClientProtocolException
-------
feature call (loop) failed at index: 23
caller: classpath:InspireTest/def/checkxlinkurl.template.feature
arg: {"link":""}
checkxlinkurl.template.feature:21 - 
org.apache.http.client.ClientProtocolException
-------
feature call (loop) failed at index: 24
caller: classpath:InspireTest/def/checkxlinkurl.template.feature
arg: {"link":""}
checkxlinkurl.template.feature:21 - 
org.apache.http.client.ClientProtocolException
-------
feature call (loop) failed at index: 25
caller: classpath:InspireTest/def/checkxlinkurl.template.feature
arg: {"link":""}
checkxlinkurl.template.feature:21 - 
org.apache.http.client.ClientProtocolException
-------
feature call (loop) failed at index: 26
caller: classpath:InspireTest/def/checkxlinkurl.template.feature
arg: {"link":""}
checkxlinkurl.template.feature:21 - 
org.apache.http.client.ClientProtocolException
-------
feature call (loop) failed at index: 27
caller: classpath:InspireTest/def/checkxlinkurl.template.feature
arg: {"link":""}
checkxlinkurl.template.feature:21 - 
org.apache.http.client.ClientProtocolException
-------
feature call (loop) failed at index: 28
caller: classpath:InspireTest/def/checkxlinkurl.template.feature
arg: {"link":""}
checkxlinkurl.template.feature:21 - 
org.apache.http.client.ClientProtocolException
-------
feature call (loop) failed at index: 29
caller: classpath:InspireTest/def/checkxlinkurl.template.feature
arg: {"link":""}
checkxlinkurl.template.feature:21 - 
org.apache.http.client.ClientProtocolException
-------
feature call (loop) failed at index: 30
caller: classpath:InspireTest/def/checkxlinkurl.template.feature
arg: {"link":""}
checkxlinkurl.template.feature:21 - 
org.apache.http.client.ClientProtocolException
-------
feature call (loop) failed at index: 31
caller: classpath:InspireTest/def/checkxlinkurl.template.feature
arg: {"link":""}
checkxlinkurl.template.feature:21 - 
org.apache.http.client.ClientProtocolException
-------
feature call (loop) failed at index: 32
caller: classpath:InspireTest/def/checkxlinkurl.template.feature
arg: {"link":""}
checkxlinkurl.template.feature:21 - 
org.apache.http.client.ClientProtocolException
-------
feature call (loop) failed at index: 33
caller: classpath:InspireTest/def/checkxlinkurl.template.feature
arg: {"link":""}
checkxlinkurl.template.feature:21 - 
org.apache.http.client.ClientProtocolException
-------
feature call (loop) failed at index: 34
caller: classpath:InspireTest/def/checkxlinkurl.template.feature
arg: {"link":""}
checkxlinkurl.template.feature:21 - 
org.apache.http.client.ClientProtocolException
-------
feature call (loop) failed at index: 35
caller: classpath:InspireTest/def/checkxlinkurl.template.feature
arg: {"link":""}
checkxlinkurl.template.feature:21 - 
org.apache.http.client.ClientProtocolException
-------
feature call (loop) failed at index: 36
caller: classpath:InspireTest/def/checkxlinkurl.template.feature
arg: {"link":""}
checkxlinkurl.template.feature:21 - 
org.apache.http.client.ClientProtocolException
-------
feature call (loop) failed at index: 37
caller: classpath:InspireTest/def/checkxlinkurl.template.feature
arg: {"link":""}
checkxlinkurl.template.feature:21 - 
org.apache.http.client.ClientProtocolException
-------
feature call (loop) failed at index: 38
caller: classpath:InspireTest/def/checkxlinkurl.template.feature
arg: {"link":""}
checkxlinkurl.template.feature:21 - 
org.apache.http.client.ClientProtocolException
-------
feature call (loop) failed at index: 39
caller: classpath:InspireTest/def/checkxlinkurl.template.feature
arg: {"link":""}
checkxlinkurl.template.feature:21 - 
org.apache.http.client.ClientProtocolException
-------
feature call (loop) failed at index: 40
caller: classpath:InspireTest/def/checkxlinkurl.template.feature
arg: {"link":""}
checkxlinkurl.template.feature:21 - 
org.apache.http.client.ClientProtocolException
-------
feature call (loop) failed at index: 41
caller: classpath:InspireTest/def/checkxlinkurl.template.feature
arg: {"link":""}
checkxlinkurl.template.feature:21 - 
org.apache.http.client.ClientProtocolException
-------
feature call (loop) failed at index: 42
caller: classpath:InspireTest/def/checkxlinkurl.template.feature
arg: {"link":""}
checkxlinkurl.template.feature:21 - 
org.apache.http.client.ClientProtocolException
-------
feature call (loop) failed at index: 43
caller: classpath:InspireTest/def/checkxlinkurl.template.feature
arg: {"link":""}
checkxlinkurl.template.feature:21 - 
org.apache.http.client.ClientProtocolException
-------
feature call (loop) failed at index: 44
caller: classpath:InspireTest/def/checkxlinkurl.template.feature
arg: {"link":""}
checkxlinkurl.template.feature:21 - 
org.apache.http.client.ClientProtocolException
-------
feature call (loop) failed at index: 45
caller: classpath:InspireTest/def/checkxlinkurl.template.feature
arg: {"link":""}
checkxlinkurl.template.feature:21 - 
org.apache.http.client.ClientProtocolException
-------
feature call (loop) failed at index: 46
caller: classpath:InspireTest/def/checkxlinkurl.template.feature
arg: {"link":""}
checkxlinkurl.template.feature:21 - 
org.apache.http.client.ClientProtocolException
-------
feature call (loop) failed at index: 47
caller: classpath:InspireTest/def/checkxlinkurl.template.feature
arg: {"link":""}
checkxlinkurl.template.feature:21 - 
org.apache.http.client.ClientProtocolException
-------
feature call (loop) failed at index: 48
caller: classpath:InspireTest/def/checkxlinkurl.template.feature
arg: {"link":""}
checkxlinkurl.template.feature:21 - 
org.apache.http.client.ClientProtocolException
-------
feature call (loop) failed at index: 49
caller: classpath:InspireTest/def/checkxlinkurl.template.feature
arg: {"link":""}
checkxlinkurl.template.feature:21 - 
org.apache.http.client.ClientProtocolException
-------
feature call (loop) failed at index: 50
caller: classpath:InspireTest/def/checkxlinkurl.template.feature
arg: {"link":""}
checkxlinkurl.template.feature:21 - 
org.apache.http.client.ClientProtocolException
-------
feature call (loop) failed at index: 51
caller: classpath:InspireTest/def/checkxlinkurl.template.feature
arg: {"link":""}
checkxlinkurl.template.feature:21 - 
org.apache.http.client.ClientProtocolException
-------
feature call (loop) failed at index: 52
caller: classpath:InspireTest/def/checkxlinkurl.template.feature
arg: {"link":""}
checkxlinkurl.template.feature:21 - 
org.apache.http.client.ClientProtocolException
-------
feature call (loop) failed at index: 53
caller: classpath:InspireTest/def/checkxlinkurl.template.feature
arg: {"link":""}
checkxlinkurl.template.feature:21 - 
org.apache.http.client.ClientProtocolException
-------
feature call (loop) failed at index: 54
caller: classpath:InspireTest/def/checkxlinkurl.template.feature
arg: {"link":""}
checkxlinkurl.template.feature:21 - 
org.apache.http.client.ClientProtocolException
-------
feature call (loop) failed at index: 55
caller: classpath:InspireTest/def/checkxlinkurl.template.feature
arg: {"link":""}
checkxlinkurl.template.feature:21 - 
org.apache.http.client.ClientProtocolException
-------
feature call (loop) failed at index: 56
caller: classpath:InspireTest/def/checkxlinkurl.template.feature
arg: {"link":""}
checkxlinkurl.template.feature:21 - 
org.apache.http.client.ClientProtocolException
-------
feature call (loop) failed at index: 57
caller: classpath:InspireTest/def/checkxlinkurl.template.feature
arg: {"link":""}
checkxlinkurl.template.feature:21 - 
org.apache.http.client.ClientProtocolException
-------
feature call (loop) failed at index: 58
caller: classpath:InspireTest/def/checkxlinkurl.template.feature
arg: {"link":""}
checkxlinkurl.template.feature:21 - 
org.apache.http.client.ClientProtocolException
-------
feature call (loop) failed at index: 59
caller: classpath:InspireTest/def/checkxlinkurl.template.feature
arg: {"link":""}
checkxlinkurl.template.feature:21 - 
org.apache.http.client.ClientProtocolException
-------
feature call (loop) failed at index: 60
caller: classpath:InspireTest/def/checkxlinkurl.template.feature
arg: {"link":""}
checkxlinkurl.template.feature:21 - 
org.apache.http.client.ClientProtocolException
-------
feature call (loop) failed at index: 61
caller: classpath:InspireTest/def/checkxlinkurl.template.feature
arg: {"link":""}
checkxlinkurl.template.feature:21 - 
org.apache.http.client.ClientProtocolException
-------
feature call (loop) failed at index: 62
caller: classpath:InspireTest/def/checkxlinkurl.template.feature
arg: {"link":""}
checkxlinkurl.template.feature:21 - 
org.apache.http.client.ClientProtocolException
-------
feature call (loop) failed at index: 63
caller: classpath:InspireTest/def/checkxlinkurl.template.feature
arg: {"link":""}
checkxlinkurl.template.feature:21 - 
org.apache.http.client.ClientProtocolException
-------
feature call (loop) failed at index: 64
caller: classpath:InspireTest/def/checkxlinkurl.template.feature
arg: {"link":""}
checkxlinkurl.template.feature:21 - 
org.apache.http.client.ClientProtocolException
-------
feature call (loop) failed at index: 65
caller: classpath:InspireTest/def/checkxlinkurl.template.feature
arg: {"link":""}
checkxlinkurl.template.feature:21 - 
org.apache.http.client.ClientProtocolException
-------
feature call (loop) failed at index: 66
caller: classpath:InspireTest/def/checkxlinkurl.template.feature
arg: {"link":""}
checkxlinkurl.template.feature:21 - 
org.apache.http.client.ClientProtocolException
-------
feature call (loop) failed at index: 67
caller: classpath:InspireTest/def/checkxlinkurl.template.feature
arg: {"link":""}
checkxlinkurl.template.feature:21 - 
org.apache.http.client.ClientProtocolException
-------
feature call (loop) failed at index: 68
caller: classpath:InspireTest/def/checkxlinkurl.template.feature
arg: {"link":""}
checkxlinkurl.template.feature:21 - 
org.apache.http.client.ClientProtocolException
-------
feature call (loop) failed at index: 69
caller: classpath:InspireTest/def/checkxlinkurl.template.feature
arg: {"link":""}
checkxlinkurl.template.feature:21 - 
org.apache.http.client.ClientProtocolException
-------
feature call (loop) failed at index: 70
caller: classpath:InspireTest/def/checkxlinkurl.template.feature
arg: {"link":""}
checkxlinkurl.template.feature:21 - 
org.apache.http.client.ClientProtocolException
-------
feature call (loop) failed at index: 71
caller: classpath:InspireTest/def/checkxlinkurl.template.feature
arg: {"link":""}
checkxlinkurl.template.feature:21 - 
org.apache.http.client.ClientProtocolException
-------
feature call (loop) failed at index: 72
caller: classpath:InspireTest/def/checkxlinkurl.template.feature
arg: {"link":""}
checkxlinkurl.template.feature:21 - 
org.apache.http.client.ClientProtocolException
-------
feature call (loop) failed at index: 73
caller: classpath:InspireTest/def/checkxlinkurl.template.feature
arg: {"link":""}
checkxlinkurl.template.feature:21 - 
org.apache.http.client.ClientProtocolException
-------
feature call (loop) failed at index: 74
caller: classpath:InspireTest/def/checkxlinkurl.template.feature
arg: {"link":""}
checkxlinkurl.template.feature:21 - 
org.apache.http.client.ClientProtocolException
-------
feature call (loop) failed at index: 75
caller: classpath:InspireTest/def/checkxlinkurl.template.feature
arg: {"link":""}
checkxlinkurl.template.feature:21 - 
org.apache.http.client.ClientProtocolException
-------
feature call (loop) failed at index: 76
caller: classpath:InspireTest/def/checkxlinkurl.template.feature
arg: {"link":""}
checkxlinkurl.template.feature:21 - 
org.apache.http.client.ClientProtocolException
-------
feature call (loop) failed at index: 77
caller: classpath:InspireTest/def/checkxlinkurl.template.feature
arg: {"link":""}
checkxlinkurl.template.feature:21 - 
org.apache.http.client.ClientProtocolException
-------
feature call (loop) failed at index: 78
caller: classpath:InspireTest/def/checkxlinkurl.template.feature
arg: {"link":""}
checkxlinkurl.template.feature:21 - 
org.apache.http.client.ClientProtocolException
-------
feature call (loop) failed at index: 79
caller: classpath:InspireTest/def/checkxlinkurl.template.feature
arg: {"link":""}
checkxlinkurl.template.feature:21 - 
org.apache.http.client.ClientProtocolException
-------
feature call (loop) failed at index: 80
caller: classpath:InspireTest/def/checkxlinkurl.template.feature
arg: {"link":""}
checkxlinkurl.template.feature:21 - 
org.apache.http.client.ClientProtocolException
-------
feature call (loop) failed at index: 81
caller: classpath:InspireTest/def/checkxlinkurl.template.feature
arg: {"link":""}
checkxlinkurl.template.feature:21 - 
org.apache.http.client.ClientProtocolException
-------
feature call (loop) failed at index: 82
caller: classpath:InspireTest/def/checkxlinkurl.template.feature
arg: {"link":""}
checkxlinkurl.template.feature:21 - 
org.apache.http.client.ClientProtocolException
-------
feature call (loop) failed at index: 83
caller: classpath:InspireTest/def/checkxlinkurl.template.feature
arg: {"link":""}
checkxlinkurl.template.feature:21 - 
org.apache.http.client.ClientProtocolException
-------
feature call (loop) failed at index: 84
caller: classpath:InspireTest/def/checkxlinkurl.template.feature
arg: {"link":""}
checkxlinkurl.template.feature:21 - 
org.apache.http.client.ClientProtocolException
-------
feature call (loop) failed at index: 85
caller: classpath:InspireTest/def/checkxlinkurl.template.feature
arg: {"link":""}
checkxlinkurl.template.feature:21 - 
org.apache.http.client.ClientProtocolException
-------
feature call (loop) failed at index: 86
caller: classpath:InspireTest/def/checkxlinkurl.template.feature
arg: {"link":""}
checkxlinkurl.template.feature:21 - 
org.apache.http.client.ClientProtocolException
-------
feature call (loop) failed at index: 87
caller: classpath:InspireTest/def/checkxlinkurl.template.feature
arg: {"link":""}
checkxlinkurl.template.feature:21 - 
org.apache.http.client.ClientProtocolException
-------
feature call (loop) failed at index: 88
caller: classpath:InspireTest/def/checkxlinkurl.template.feature
arg: {"link":""}
checkxlinkurl.template.feature:21 - 
org.apache.http.client.ClientProtocolException
-------
feature call (loop) failed at index: 89
caller: classpath:InspireTest/def/checkxlinkurl.template.feature
arg: {"link":""}
checkxlinkurl.template.feature:21 - 
org.apache.http.client.ClientProtocolException
-------
feature call (loop) failed at index: 90
caller: classpath:InspireTest/def/checkxlinkurl.template.feature
arg: {"link":""}
checkxlinkurl.template.feature:21 - 
org.apache.http.client.ClientProtocolException
-------
feature call (loop) failed at index: 91
caller: classpath:InspireTest/def/checkxlinkurl.template.feature
arg: {"link":""}
checkxlinkurl.template.feature:21 - 
org.apache.http.client.ClientProtocolException
-------
feature call (loop) failed at index: 92
caller: classpath:InspireTest/def/checkxlinkurl.template.feature
arg: {"link":""}
checkxlinkurl.template.feature:21 - 
org.apache.http.client.ClientProtocolException
-------
feature call (loop) failed at index: 93
caller: classpath:InspireTest/def/checkxlinkurl.template.feature
arg: {"link":""}
checkxlinkurl.template.feature:21 - 
org.apache.http.client.ClientProtocolException
-------
feature call (loop) failed at index: 94
caller: classpath:InspireTest/def/checkxlinkurl.template.feature
arg: {"link":""}
checkxlinkurl.template.feature:21 - 
org.apache.http.client.ClientProtocolException
-------
feature call (loop) failed at index: 95
caller: classpath:InspireTest/def/checkxlinkurl.template.feature
arg: {"link":""}
checkxlinkurl.template.feature:21 - 
org.apache.http.client.ClientProtocolException
-------
feature call (loop) failed at index: 96
caller: classpath:InspireTest/def/checkxlinkurl.template.feature
arg: {"link":""}
checkxlinkurl.template.feature:21 - 
org.apache.http.client.ClientProtocolException
-------
feature call (loop) failed at index: 97
caller: classpath:InspireTest/def/checkxlinkurl.template.feature
arg: {"link":""}
checkxlinkurl.template.feature:21 - 
org.apache.http.client.ClientProtocolException
-------
feature call (loop) failed at index: 98
caller: classpath:InspireTest/def/checkxlinkurl.template.feature
arg: {"link":""}
checkxlinkurl.template.feature:21 - 
org.apache.http.client.ClientProtocolException
-------
feature call (loop) failed at index: 99
caller: classpath:InspireTest/def/checkxlinkurl.template.feature
arg: {"link":""}
checkxlinkurl.template.feature:21 - 
org.apache.http.client.ClientProtocolException
-------
feature call (loop) failed at index: 100
caller: classpath:InspireTest/def/checkxlinkurl.template.feature
arg: {"link":""}
checkxlinkurl.template.feature:21 - 
org.apache.http.client.ClientProtocolException
-------
feature call (loop) failed at index: 101
caller: classpath:InspireTest/def/checkxlinkurl.template.feature
arg: {"link":""}
checkxlinkurl.template.feature:21 - 
org.apache.http.client.ClientProtocolException
-------
feature call (loop) failed at index: 102
caller: classpath:InspireTest/def/checkxlinkurl.template.feature
arg: {"link":""}
checkxlinkurl.template.feature:21 - 
org.apache.http.client.ClientProtocolException
-------
feature call (loop) failed at index: 103
caller: classpath:InspireTest/def/checkxlinkurl.template.feature
arg: {"link":""}
checkxlinkurl.template.feature:21 - 
org.apache.http.client.ClientProtocolException
-------
feature call (loop) failed at index: 104
caller: classpath:InspireTest/def/checkxlinkurl.template.feature
arg: {"link":""}
checkxlinkurl.template.feature:21 - 
org.apache.http.client.ClientProtocolException
-------
feature call (loop) failed at index: 105
caller: classpath:InspireTest/def/checkxlinkurl.template.feature
arg: {"link":""}
checkxlinkurl.template.feature:21 - 
org.apache.http.client.ClientProtocolException
-------
feature call (loop) failed at index: 106
caller: classpath:InspireTest/def/checkxlinkurl.template.feature
arg: {"link":""}
checkxlinkurl.template.feature:21 - 
org.apache.http.client.ClientProtocolException
-------
feature call (loop) failed at index: 107
caller: classpath:InspireTest/def/checkxlinkurl.template.feature
arg: {"link":""}
checkxlinkurl.template.feature:21 - 
org.apache.http.client.ClientProtocolException
-------
feature call (loop) failed at index: 108
caller: classpath:InspireTest/def/checkxlinkurl.template.feature
arg: {"link":""}
checkxlinkurl.template.feature:21 - 
org.apache.http.client.ClientProtocolException
-------
feature call (loop) failed at index: 109
caller: classpath:InspireTest/def/checkxlinkurl.template.feature
arg: {"link":""}
checkxlinkurl.template.feature:21 - 
org.apache.http.client.ClientProtocolException
-------
feature call (loop) failed at index: 110
caller: classpath:InspireTest/def/checkxlinkurl.template.feature
arg: {"link":""}
checkxlinkurl.template.feature:21 - 
org.apache.http.client.ClientProtocolException
-------
feature call (loop) failed at index: 111
caller: classpath:InspireTest/def/checkxlinkurl.template.feature
arg: {"link":""}
checkxlinkurl.template.feature:21 - 
org.apache.http.client.ClientProtocolException
-------
feature call (loop) failed at index: 112
caller: classpath:InspireTest/def/checkxlinkurl.template.feature
arg: {"link":""}
checkxlinkurl.template.feature:21 - 
org.apache.http.client.ClientProtocolException
-------
feature call (loop) failed at index: 113
caller: classpath:InspireTest/def/checkxlinkurl.template.feature
arg: {"link":""}
checkxlinkurl.template.feature:21 - 
org.apache.http.client.ClientProtocolException
-------
feature call (loop) failed at index: 114
caller: classpath:InspireTest/def/checkxlinkurl.template.feature
arg: {"link":""}
checkxlinkurl.template.feature:21 - 
org.apache.http.client.ClientProtocolException
-------
feature call (loop) failed at index: 115
caller: classpath:InspireTest/def/checkxlinkurl.template.feature
arg: {"link":""}
checkxlinkurl.template.feature:21 - 
org.apache.http.client.ClientProtocolException
-------
feature call (loop) failed at index: 116
caller: classpath:InspireTest/def/checkxlinkurl.template.feature
arg: {"link":""}
checkxlinkurl.template.feature:21 - 
org.apache.http.client.ClientProtocolException
-------
feature call (loop) failed at index: 117
caller: classpath:InspireTest/def/checkxlinkurl.template.feature
arg: {"link":""}
checkxlinkurl.template.feature:21 - 
org.apache.http.client.ClientProtocolException
-------
feature call (loop) failed at index: 118
caller: classpath:InspireTest/def/checkxlinkurl.template.feature
arg: {"link":""}
checkxlinkurl.template.feature:21 - 
org.apache.http.client.ClientProtocolException
-------
feature call (loop) failed at index: 119
caller: classpath:InspireTest/def/checkxlinkurl.template.feature
arg: {"link":""}
checkxlinkurl.template.feature:21 - 
org.apache.http.client.ClientProtocolException
-------
feature call (loop) failed at index: 120
caller: classpath:InspireTest/def/checkxlinkurl.template.feature
arg: {"link":""}
checkxlinkurl.template.feature:21 - 
org.apache.http.client.ClientProtocolException
-------
feature call (loop) failed at index: 121
caller: classpath:InspireTest/def/checkxlinkurl.template.feature
arg: {"link":""}
checkxlinkurl.template.feature:21 - 
org.apache.http.client.ClientProtocolException
-------
feature call (loop) failed at index: 122
caller: classpath:InspireTest/def/checkxlinkurl.template.feature
arg: {"link":""}
checkxlinkurl.template.feature:21 - 
org.apache.http.client.ClientProtocolException
-------
feature call (loop) failed at index: 123
caller: classpath:InspireTest/def/checkxlinkurl.template.feature
arg: {"link":""}
checkxlinkurl.template.feature:21 - 
org.apache.http.client.ClientProtocolException
-------
feature call (loop) failed at index: 124
caller: classpath:InspireTest/def/checkxlinkurl.template.feature
arg: {"link":""}
checkxlinkurl.template.feature:21 - 
org.apache.http.client.ClientProtocolException
-------
feature call (loop) failed at index: 125
caller: classpath:InspireTest/def/checkxlinkurl.template.feature
arg: {"link":""}
checkxlinkurl.template.feature:21 - 
org.apache.http.client.ClientProtocolException
-------
feature call (loop) failed at index: 126
caller: classpath:InspireTest/def/checkxlinkurl.template.feature
arg: {"link":""}
checkxlinkurl.template.feature:21 - 
org.apache.http.client.ClientProtocolException
-------
feature call (loop) failed at index: 127
caller: classpath:InspireTest/def/checkxlinkurl.template.feature
arg: {"link":""}
checkxlinkurl.template.feature:21 - 
org.apache.http.client.ClientProtocolException
-------
feature call (loop) failed at index: 128
caller: classpath:InspireTest/def/checkxlinkurl.template.feature
arg: {"link":""}
checkxlinkurl.template.feature:21 - 
org.apache.http.client.ClientProtocolException
-------
feature call (loop) failed at index: 129
caller: classpath:InspireTest/def/checkxlinkurl.template.feature
arg: {"link":""}
checkxlinkurl.template.feature:21 - 
org.apache.http.client.ClientProtocolException
-------
feature call (loop) failed at index: 130
caller: classpath:InspireTest/def/checkxlinkurl.template.feature
arg: {"link":""}
checkxlinkurl.template.feature:21 - 
org.apache.http.client.ClientProtocolException
-------
feature call (loop) failed at index: 131
caller: classpath:InspireTest/def/checkxlinkurl.template.feature
arg: {"link":""}
checkxlinkurl.template.feature:21 - 
org.apache.http.client.ClientProtocolException
-------
feature call (loop) failed at index: 132
caller: classpath:InspireTest/def/checkxlinkurl.template.feature
arg: {"link":""}
checkxlinkurl.template.feature:21 - 
org.apache.http.client.ClientProtocolException
-------
feature call (loop) failed at index: 133
caller: classpath:InspireTest/def/checkxlinkurl.template.feature
arg: {"link":""}
checkxlinkurl.template.feature:21 - 
org.apache.http.client.ClientProtocolException
-------
feature call (loop) failed at index: 134
caller: classpath:InspireTest/def/checkxlinkurl.template.feature
arg: {"link":""}
checkxlinkurl.template.feature:21 - 
org.apache.http.client.ClientProtocolException
-------
feature call (loop) failed at index: 135
caller: classpath:InspireTest/def/checkxlinkurl.template.feature
arg: {"link":""}
checkxlinkurl.template.feature:21 - 
org.apache.http.client.ClientProtocolException
-------
feature call (loop) failed at index: 136
caller: classpath:InspireTest/def/checkxlinkurl.template.feature
arg: {"link":""}
checkxlinkurl.template.feature:21 - 
org.apache.http.client.ClientProtocolException
-------
feature call (loop) failed at index: 137
caller: classpath:InspireTest/def/checkxlinkurl.template.feature
arg: {"link":""}
checkxlinkurl.template.feature:21 - 
org.apache.http.client.ClientProtocolException
-------
feature call (loop) failed at index: 138
caller: classpath:InspireTest/def/checkxlinkurl.template.feature
arg: {"link":""}
checkxlinkurl.template.feature:21 - 
org.apache.http.client.ClientProtocolException
-------
feature call (loop) failed at index: 139
caller: classpath:InspireTest/def/checkxlinkurl.template.feature
arg: {"link":""}
checkxlinkurl.template.feature:21 - 
org.apache.http.client.ClientProtocolException
-------
feature call (loop) failed at index: 140
caller: classpath:InspireTest/def/checkxlinkurl.template.feature
arg: {"link":""}
checkxlinkurl.template.feature:21 - 
org.apache.http.client.ClientProtocolException
-------
feature call (loop) failed at index: 141
caller: classpath:InspireTest/def/checkxlinkurl.template.feature
arg: {"link":""}
checkxlinkurl.template.feature:21 - 
org.apache.http.client.ClientProtocolException
-------
feature call (loop) failed at index: 142
caller: classpath:InspireTest/def/checkxlinkurl.template.feature
arg: {"link":""}
checkxlinkurl.template.feature:21 - 
org.apache.http.client.ClientProtocolException
-------
feature call (loop) failed at index: 143
caller: classpath:InspireTest/def/checkxlinkurl.template.feature
arg: {"link":""}
checkxlinkurl.template.feature:21 - 
org.apache.http.client.ClientProtocolException
-------
feature call (loop) failed at index: 144
caller: classpath:InspireTest/def/checkxlinkurl.template.feature
arg: {"link":""}
checkxlinkurl.template.feature:21 - 
org.apache.http.client.ClientProtocolException
-------
feature call (loop) failed at index: 145
caller: classpath:InspireTest/def/checkxlinkurl.template.feature
arg: {"link":""}
checkxlinkurl.template.feature:21 - 
org.apache.http.client.ClientProtocolException
-------
feature call (loop) failed at index: 146
caller: classpath:InspireTest/def/checkxlinkurl.template.feature
arg: {"link":""}
checkxlinkurl.template.feature:21 - 
org.apache.http.client.ClientProtocolException
-------
feature call (loop) failed at index: 147
caller: classpath:InspireTest/def/checkxlinkurl.template.feature
arg: {"link":""}
checkxlinkurl.template.feature:21 - 
org.apache.http.client.ClientProtocolException
-------
feature call (loop) failed at index: 148
caller: classpath:InspireTest/def/checkxlinkurl.template.feature
arg: {"link":""}
checkxlinkurl.template.feature:21 - 
org.apache.http.client.ClientProtocolException
-------
feature call (loop) failed at index: 149
caller: classpath:InspireTest/def/checkxlinkurl.template.feature
arg: {"link":""}
checkxlinkurl.template.feature:21 - 
org.apache.http.client.ClientProtocolException
-------
feature call (loop) failed at index: 150
caller: classpath:InspireTest/def/checkxlinkurl.template.feature
arg: {"link":""}
checkxlinkurl.template.feature:21 - 
org.apache.http.client.ClientProtocolException
-------
feature call (loop) failed at index: 151
caller: classpath:InspireTest/def/checkxlinkurl.template.feature
arg: {"link":""}
checkxlinkurl.template.feature:21 - 
org.apache.http.client.ClientProtocolException
-------
feature call (loop) failed at index: 152
caller: classpath:InspireTest/def/checkxlinkurl.template.feature
arg: {"link":""}
checkxlinkurl.template.feature:21 - 
org.apache.http.client.ClientProtocolException
-------
feature call (loop) failed at index: 153
caller: classpath:InspireTest/def/checkxlinkurl.template.feature
arg: {"link":""}
checkxlinkurl.template.feature:21 - 
org.apache.http.client.ClientProtocolException
-------
feature call (loop) failed at index: 154
caller: classpath:InspireTest/def/checkxlinkurl.template.feature
arg: {"link":""}
checkxlinkurl.template.feature:21 - 
org.apache.http.client.ClientProtocolException
-------
feature call (loop) failed at index: 155
caller: classpath:InspireTest/def/checkxlinkurl.template.feature
arg: {"link":""}
checkxlinkurl.template.feature:21 - 
org.apache.http.client.ClientProtocolException
-------
feature call (loop) failed at index: 156
caller: classpath:InspireTest/def/checkxlinkurl.template.feature
arg: {"link":""}
checkxlinkurl.template.feature:21 - 
org.apache.http.client.ClientProtocolException
-------
feature call (loop) failed at index: 157
caller: classpath:InspireTest/def/checkxlinkurl.template.feature
arg: {"link":""}
checkxlinkurl.template.feature:21 - 
org.apache.http.client.ClientProtocolException
[1.18:24] check-known-service-record.feature:72 - feature call (loop) failed: classpath:InspireTest/def/checkxlinkurl.template.feature
caller: classpath:InspireTest/ngr/T03_services/check-known-service-record.feature
items: [{link=http://rdfdata.eionet.europa.eu/inspirethemes/themes/10}, {link=http://geonetwork-opensource.org/inspire-theme#}, {link=http://inspire.ec.europa.eu/metadata-codelist/SpatialDataServiceCategory/infoMapAccessService}, {link=http://inspire.ec.europa.eu/metadata-codelist/SpatialDataServiceCategory#}, {link=https://www.nationaalgeoregister.nl/geonetwork/srv/eng/thesaurus.download?ref=external.theme.httpinspireeceuropaeumetadatacodelistSpatialDataServiceCategory-SpatialDataServiceCategory}, {link=}, {link=}, {link=}, {link=}, {link=}, {link=}, {link=}, {link=}, {link=}, {link=}, {link=}, {link=}, {link=http://nationaalgeoregister.nl/geonetwork/srv/dut/csw?service=CSW&version=2.0.2&request=GetRecordById&outputschema=http://www.isotc211.org/2005/gmd&elementsetname=full&id=5a1adb58-0bbe-425d-b0fe-577a6c0a4228#MD_DataIdentification}, {link=http://nationaalgeoregister.nl/geonetwork/srv/dut/csw?service=CSW&version=2.0.2&request=GetRecordById&outputschema=http://www.isotc211.org/2005/gmd&elementsetname=full&id=b9dd8575-3c1c-41f4-add5-c4f5f2b67179#MD_DataIdentification}, {link=https://www.nationaalgeoregister.nl/geonetwork/srv/dut/csw?service=CSW&request=GetRecordById&version=2.0.2&outputSchema=http://www.isotc211.org/2005/gmd&elementSetName=full&id=00fd1fc4-c190-4fa6-a68f-606c64a16679#MD_DataIdentification}, {link=https://www.nationaalgeoregister.nl/geonetwork/srv/dut/csw?service=CSW&request=GetRecordById&version=2.0.2&outputSchema=http://www.isotc211.org/2005/gmd&elementSetName=full&id=00b0a2bf-57ce-44c9-b94c-f6c9a41f5c61#MD_DataIdentification}, {link=https://www.nationaalgeoregister.n/geonetwork/srv/dut/csw?service=CSW&request=GetRecordById&version=2.0.2&outputSchema=http://www.isotc211.org/2005/gmd&elementSetName=full&id=da237167-7f87-4310-ad64-614233de7a42#MD_DataIdentification}]
errors:
-------
feature call (loop) failed at index: 0
caller: classpath:InspireTest/def/checkxlinkurl.template.feature
arg: {"link":"http://rdfdata.eionet.europa.eu/inspirethemes/themes/10"}
checkxlinkurl.template.feature:28 - path: $, actual: 404, expected: 200, reason: not equal (Integer)
-------
feature call (loop) failed at index: 1
caller: classpath:InspireTest/def/checkxlinkurl.template.feature
arg: {"link":"http://geonetwork-opensource.org/inspire-theme#"}
checkxlinkurl.template.feature:28 - path: $, actual: 404, expected: 200, reason: not equal (Integer)
-------
feature call (loop) failed at index: 2
caller: classpath:InspireTest/def/checkxlinkurl.template.feature
arg: {"link":"http://inspire.ec.europa.eu/metadata-codelist/SpatialDataServiceCategory/infoMapAccessService"}
checkxlinkurl.template.feature:21 - 
java.net.SocketTimeoutException: Read timed out
-------
feature call (loop) failed at index: 3
caller: classpath:InspireTest/def/checkxlinkurl.template.feature
arg: {"link":"http://inspire.ec.europa.eu/metadata-codelist/SpatialDataServiceCategory#"}
checkxlinkurl.template.feature:21 - 
java.net.SocketTimeoutException: Read timed out
-------
feature call (loop) failed at index: 5
caller: classpath:InspireTest/def/checkxlinkurl.template.feature
arg: {"link":""}
checkxlinkurl.template.feature:21 - 
org.apache.http.client.ClientProtocolException
-------
feature call (loop) failed at index: 6
caller: classpath:InspireTest/def/checkxlinkurl.template.feature
arg: {"link":""}
checkxlinkurl.template.feature:21 - 
org.apache.http.client.ClientProtocolException
-------
feature call (loop) failed at index: 7
caller: classpath:InspireTest/def/checkxlinkurl.template.feature
arg: {"link":""}
checkxlinkurl.template.feature:21 - 
org.apache.http.client.ClientProtocolException
-------
feature call (loop) failed at index: 8
caller: classpath:InspireTest/def/checkxlinkurl.template.feature
arg: {"link":""}
checkxlinkurl.template.feature:21 - 
org.apache.http.client.ClientProtocolException
-------
feature call (loop) failed at index: 9
caller: classpath:InspireTest/def/checkxlinkurl.template.feature
arg: {"link":""}
checkxlinkurl.template.feature:21 - 
org.apache.http.client.ClientProtocolException
-------
feature call (loop) failed at index: 10
caller: classpath:InspireTest/def/checkxlinkurl.template.feature
arg: {"link":""}
checkxlinkurl.template.feature:21 - 
org.apache.http.client.ClientProtocolException
-------
feature call (loop) failed at index: 11
caller: classpath:InspireTest/def/checkxlinkurl.template.feature
arg: {"link":""}
checkxlinkurl.template.feature:21 - 
org.apache.http.client.ClientProtocolException
-------
feature call (loop) failed at index: 12
caller: classpath:InspireTest/def/checkxlinkurl.template.feature
arg: {"link":""}
checkxlinkurl.template.feature:21 - 
org.apache.http.client.ClientProtocolException
-------
feature call (loop) failed at index: 13
caller: classpath:InspireTest/def/checkxlinkurl.template.feature
arg: {"link":""}
checkxlinkurl.template.feature:21 - 
org.apache.http.client.ClientProtocolException
-------
feature call (loop) failed at index: 14
caller: classpath:InspireTest/def/checkxlinkurl.template.feature
arg: {"link":""}
checkxlinkurl.template.feature:21 - 
org.apache.http.client.ClientProtocolException
-------
feature call (loop) failed at index: 15
caller: classpath:InspireTest/def/checkxlinkurl.template.feature
arg: {"link":""}
checkxlinkurl.template.feature:21 - 
org.apache.http.client.ClientProtocolException
-------
feature call (loop) failed at index: 16
caller: classpath:InspireTest/def/checkxlinkurl.template.feature
arg: {"link":""}
checkxlinkurl.template.feature:21 - 
org.apache.http.client.ClientProtocolException
-------
feature call (loop) failed at index: 21
caller: classpath:InspireTest/def/checkxlinkurl.template.feature
arg: {"link":"https://www.nationaalgeoregister.n/geonetwork/srv/dut/csw?service=CSW&request=GetRecordById&version=2.0.2&outputSchema=http://www.isotc211.org/2005/gmd&elementSetName=full&id=da237167-7f87-4310-ad64-614233de7a42#MD_DataIdentification"}
checkxlinkurl.template.feature:21 - 
java.net.UnknownHostException: www.nationaalgeoregister.n: Name or service not known
[1.19:24] check-known-service-record.feature:72 - feature call (loop) failed: classpath:InspireTest/def/checkxlinkurl.template.feature
caller: classpath:InspireTest/ngr/T03_services/check-known-service-record.feature
items: [{link=https://www.pdok.nl}, {link=http://inspire.ec.europa.eu/metadata-codelist/SpatialDataServiceCategory/infoMapAccessService}, {link=http://inspire.ec.europa.eu/metadata-codelist/SpatialDataServiceCategory}, {link=https://www.nationaalgeoregister.nl:443/geonetwork/srv/eng/thesaurus.download?ref=external.theme.httpinspireeceuropaeumetadatacodelistSpatialDataServiceCategory-SpatialDataServiceCategory}, {link=}, {link=}, {link=}, {link=}, {link=}, {link=}, {link=}, {link=}, {link=}, {link=}, {link=}, {link=}, {link=}, {link=}, {link=}, {link=}, {link=}, {link=}, {link=}, {link=}, {link=}, {link=}, {link=}, {link=}, {link=}, {link=}, {link=}, {link=}, {link=}, {link=}, {link=}, {link=}, {link=}, {link=}, {link=}, {link=}, {link=}, {link=}, {link=}, {link=}, {link=}, {link=}, {link=}, {link=}, {link=}, {link=}, {link=}, {link=}, {link=}, {link=}, {link=}, {link=}, {link=}, {link=}, {link=}, {link=}, {link=}, {link=}, {link=}, {link=}, {link=}, {link=}, {link=}, {link=}, {link=}, {link=}, {link=}, {link=}, {link=}, {link=}, {link=}, {link=}, {link=}, {link=}, {link=}, {link=}, {link=}, {link=}, {link=}, {link=}, {link=}, {link=}, {link=}, {link=}, {link=}, {link=}, {link=}, {link=}, {link=}, {link=}, {link=}, {link=}, {link=}, {link=}, {link=}, {link=}, {link=}, {link=}, {link=}, {link=}, {link=}, {link=}, {link=}, {link=}, {link=}, {link=}, {link=}, {link=}, {link=}, {link=}, {link=}, {link=}, {link=}, {link=}, {link=}, {link=}, {link=}, {link=}, {link=}, {link=}, {link=}, {link=}, {link=}, {link=}, {link=}, {link=}, {link=}, {link=}, {link=}, {link=}, {link=}, {link=}, {link=}, {link=}, {link=}, {link=}, {link=}, {link=}, {link=}, {link=}, {link=}, {link=}, {link=}, {link=}, {link=}, {link=}, {link=}, {link=}, {link=}, {link=}, {link=}, {link=}, {link=}, {link=}, {link=}, {link=}, {link=http://nationaalgeoregister.nl/geonetwork/srv/dut/csw?service=CSW&version=2.0.2&request=GetRecordById&outputschema=http://www.isotc211.org/2005/gmd&elementsetname=full&id=977e0e94-7aa9-4784-b2da-eaec44adb61b#MD_DataIdentification}]
errors:
-------
feature call (loop) failed at index: 1
caller: classpath:InspireTest/def/checkxlinkurl.template.feature
arg: {"link":"http://inspire.ec.europa.eu/metadata-codelist/SpatialDataServiceCategory/infoMapAccessService"}
checkxlinkurl.template.feature:21 - 
java.net.SocketTimeoutException: Read timed out
-------
feature call (loop) failed at index: 2
caller: classpath:InspireTest/def/checkxlinkurl.template.feature
arg: {"link":"http://inspire.ec.europa.eu/metadata-codelist/SpatialDataServiceCategory"}
checkxlinkurl.template.feature:21 - 
java.net.SocketTimeoutException: Read timed out
-------
feature call (loop) failed at index: 4
caller: classpath:InspireTest/def/checkxlinkurl.template.feature
arg: {"link":""}
checkxlinkurl.template.feature:21 - 
org.apache.http.client.ClientProtocolException
-------
feature call (loop) failed at index: 5
caller: classpath:InspireTest/def/checkxlinkurl.template.feature
arg: {"link":""}
checkxlinkurl.template.feature:21 - 
org.apache.http.client.ClientProtocolException
-------
feature call (loop) failed at index: 6
caller: classpath:InspireTest/def/checkxlinkurl.template.feature
arg: {"link":""}
checkxlinkurl.template.feature:21 - 
org.apache.http.client.ClientProtocolException
-------
feature call (loop) failed at index: 7
caller: classpath:InspireTest/def/checkxlinkurl.template.feature
arg: {"link":""}
checkxlinkurl.template.feature:21 - 
org.apache.http.client.ClientProtocolException
-------
feature call (loop) failed at index: 8
caller: classpath:InspireTest/def/checkxlinkurl.template.feature
arg: {"link":""}
checkxlinkurl.template.feature:21 - 
org.apache.http.client.ClientProtocolException
-------
feature call (loop) failed at index: 9
caller: classpath:InspireTest/def/checkxlinkurl.template.feature
arg: {"link":""}
checkxlinkurl.template.feature:21 - 
org.apache.http.client.ClientProtocolException
-------
feature call (loop) failed at index: 10
caller: classpath:InspireTest/def/checkxlinkurl.template.feature
arg: {"link":""}
checkxlinkurl.template.feature:21 - 
org.apache.http.client.ClientProtocolException
-------
feature call (loop) failed at index: 11
caller: classpath:InspireTest/def/checkxlinkurl.template.feature
arg: {"link":""}
checkxlinkurl.template.feature:21 - 
org.apache.http.client.ClientProtocolException
-------
feature call (loop) failed at index: 12
caller: classpath:InspireTest/def/checkxlinkurl.template.feature
arg: {"link":""}
checkxlinkurl.template.feature:21 - 
org.apache.http.client.ClientProtocolException
-------
feature call (loop) failed at index: 13
caller: classpath:InspireTest/def/checkxlinkurl.template.feature
arg: {"link":""}
checkxlinkurl.template.feature:21 - 
org.apache.http.client.ClientProtocolException
-------
feature call (loop) failed at index: 14
caller: classpath:InspireTest/def/checkxlinkurl.template.feature
arg: {"link":""}
checkxlinkurl.template.feature:21 - 
org.apache.http.client.ClientProtocolException
-------
feature call (loop) failed at index: 15
caller: classpath:InspireTest/def/checkxlinkurl.template.feature
arg: {"link":""}
checkxlinkurl.template.feature:21 - 
org.apache.http.client.ClientProtocolException
-------
feature call (loop) failed at index: 16
caller: classpath:InspireTest/def/checkxlinkurl.template.feature
arg: {"link":""}
checkxlinkurl.template.feature:21 - 
org.apache.http.client.ClientProtocolException
-------
feature call (loop) failed at index: 17
caller: classpath:InspireTest/def/checkxlinkurl.template.feature
arg: {"link":""}
checkxlinkurl.template.feature:21 - 
org.apache.http.client.ClientProtocolException
-------
feature call (loop) failed at index: 18
caller: classpath:InspireTest/def/checkxlinkurl.template.feature
arg: {"link":""}
checkxlinkurl.template.feature:21 - 
org.apache.http.client.ClientProtocolException
-------
feature call (loop) failed at index: 19
caller: classpath:InspireTest/def/checkxlinkurl.template.feature
arg: {"link":""}
checkxlinkurl.template.feature:21 - 
org.apache.http.client.ClientProtocolException
-------
feature call (loop) failed at index: 20
caller: classpath:InspireTest/def/checkxlinkurl.template.feature
arg: {"link":""}
checkxlinkurl.template.feature:21 - 
org.apache.http.client.ClientProtocolException
-------
feature call (loop) failed at index: 21
caller: classpath:InspireTest/def/checkxlinkurl.template.feature
arg: {"link":""}
checkxlinkurl.template.feature:21 - 
org.apache.http.client.ClientProtocolException
-------
feature call (loop) failed at index: 22
caller: classpath:InspireTest/def/checkxlinkurl.template.feature
arg: {"link":""}
checkxlinkurl.template.feature:21 - 
org.apache.http.client.ClientProtocolException
-------
feature call (loop) failed at index: 23
caller: classpath:InspireTest/def/checkxlinkurl.template.feature
arg: {"link":""}
checkxlinkurl.template.feature:21 - 
org.apache.http.client.ClientProtocolException
-------
feature call (loop) failed at index: 24
caller: classpath:InspireTest/def/checkxlinkurl.template.feature
arg: {"link":""}
checkxlinkurl.template.feature:21 - 
org.apache.http.client.ClientProtocolException
-------
feature call (loop) failed at index: 25
caller: classpath:InspireTest/def/checkxlinkurl.template.feature
arg: {"link":""}
checkxlinkurl.template.feature:21 - 
org.apache.http.client.ClientProtocolException
-------
feature call (loop) failed at index: 26
caller: classpath:InspireTest/def/checkxlinkurl.template.feature
arg: {"link":""}
checkxlinkurl.template.feature:21 - 
org.apache.http.client.ClientProtocolException
-------
feature call (loop) failed at index: 27
caller: classpath:InspireTest/def/checkxlinkurl.template.feature
arg: {"link":""}
checkxlinkurl.template.feature:21 - 
org.apache.http.client.ClientProtocolException
-------
feature call (loop) failed at index: 28
caller: classpath:InspireTest/def/checkxlinkurl.template.feature
arg: {"link":""}
checkxlinkurl.template.feature:21 - 
org.apache.http.client.ClientProtocolException
-------
feature call (loop) failed at index: 29
caller: classpath:InspireTest/def/checkxlinkurl.template.feature
arg: {"link":""}
checkxlinkurl.template.feature:21 - 
org.apache.http.client.ClientProtocolException
-------
feature call (loop) failed at index: 30
caller: classpath:InspireTest/def/checkxlinkurl.template.feature
arg: {"link":""}
checkxlinkurl.template.feature:21 - 
org.apache.http.client.ClientProtocolException
-------
feature call (loop) failed at index: 31
caller: classpath:InspireTest/def/checkxlinkurl.template.feature
arg: {"link":""}
checkxlinkurl.template.feature:21 - 
org.apache.http.client.ClientProtocolException
-------
feature call (loop) failed at index: 32
caller: classpath:InspireTest/def/checkxlinkurl.template.feature
arg: {"link":""}
checkxlinkurl.template.feature:21 - 
org.apache.http.client.ClientProtocolException
-------
feature call (loop) failed at index: 33
caller: classpath:InspireTest/def/checkxlinkurl.template.feature
arg: {"link":""}
checkxlinkurl.template.feature:21 - 
org.apache.http.client.ClientProtocolException
-------
feature call (loop) failed at index: 34
caller: classpath:InspireTest/def/checkxlinkurl.template.feature
arg: {"link":""}
checkxlinkurl.template.feature:21 - 
org.apache.http.client.ClientProtocolException
-------
feature call (loop) failed at index: 35
caller: classpath:InspireTest/def/checkxlinkurl.template.feature
arg: {"link":""}
checkxlinkurl.template.feature:21 - 
org.apache.http.client.ClientProtocolException
-------
feature call (loop) failed at index: 36
caller: classpath:InspireTest/def/checkxlinkurl.template.feature
arg: {"link":""}
checkxlinkurl.template.feature:21 - 
org.apache.http.client.ClientProtocolException
-------
feature call (loop) failed at index: 37
caller: classpath:InspireTest/def/checkxlinkurl.template.feature
arg: {"link":""}
checkxlinkurl.template.feature:21 - 
org.apache.http.client.ClientProtocolException
-------
feature call (loop) failed at index: 38
caller: classpath:InspireTest/def/checkxlinkurl.template.feature
arg: {"link":""}
checkxlinkurl.template.feature:21 - 
org.apache.http.client.ClientProtocolException
-------
feature call (loop) failed at index: 39
caller: classpath:InspireTest/def/checkxlinkurl.template.feature
arg: {"link":""}
checkxlinkurl.template.feature:21 - 
org.apache.http.client.ClientProtocolException
-------
feature call (loop) failed at index: 40
caller: classpath:InspireTest/def/checkxlinkurl.template.feature
arg: {"link":""}
checkxlinkurl.template.feature:21 - 
org.apache.http.client.ClientProtocolException
-------
feature call (loop) failed at index: 41
caller: classpath:InspireTest/def/checkxlinkurl.template.feature
arg: {"link":""}
checkxlinkurl.template.feature:21 - 
org.apache.http.client.ClientProtocolException
-------
feature call (loop) failed at index: 42
caller: classpath:InspireTest/def/checkxlinkurl.template.feature
arg: {"link":""}
checkxlinkurl.template.feature:21 - 
org.apache.http.client.ClientProtocolException
-------
feature call (loop) failed at index: 43
caller: classpath:InspireTest/def/checkxlinkurl.template.feature
arg: {"link":""}
checkxlinkurl.template.feature:21 - 
org.apache.http.client.ClientProtocolException
-------
feature call (loop) failed at index: 44
caller: classpath:InspireTest/def/checkxlinkurl.template.feature
arg: {"link":""}
checkxlinkurl.template.feature:21 - 
org.apache.http.client.ClientProtocolException
-------
feature call (loop) failed at index: 45
caller: classpath:InspireTest/def/checkxlinkurl.template.feature
arg: {"link":""}
checkxlinkurl.template.feature:21 - 
org.apache.http.client.ClientProtocolException
-------
feature call (loop) failed at index: 46
caller: classpath:InspireTest/def/checkxlinkurl.template.feature
arg: {"link":""}
checkxlinkurl.template.feature:21 - 
org.apache.http.client.ClientProtocolException
-------
feature call (loop) failed at index: 47
caller: classpath:InspireTest/def/checkxlinkurl.template.feature
arg: {"link":""}
checkxlinkurl.template.feature:21 - 
org.apache.http.client.ClientProtocolException
-------
feature call (loop) failed at index: 48
caller: classpath:InspireTest/def/checkxlinkurl.template.feature
arg: {"link":""}
checkxlinkurl.template.feature:21 - 
org.apache.http.client.ClientProtocolException
-------
feature call (loop) failed at index: 49
caller: classpath:InspireTest/def/checkxlinkurl.template.feature
arg: {"link":""}
checkxlinkurl.template.feature:21 - 
org.apache.http.client.ClientProtocolException
-------
feature call (loop) failed at index: 50
caller: classpath:InspireTest/def/checkxlinkurl.template.feature
arg: {"link":""}
checkxlinkurl.template.feature:21 - 
org.apache.http.client.ClientProtocolException
-------
feature call (loop) failed at index: 51
caller: classpath:InspireTest/def/checkxlinkurl.template.feature
arg: {"link":""}
checkxlinkurl.template.feature:21 - 
org.apache.http.client.ClientProtocolException
-------
feature call (loop) failed at index: 52
caller: classpath:InspireTest/def/checkxlinkurl.template.feature
arg: {"link":""}
checkxlinkurl.template.feature:21 - 
org.apache.http.client.ClientProtocolException
-------
feature call (loop) failed at index: 53
caller: classpath:InspireTest/def/checkxlinkurl.template.feature
arg: {"link":""}
checkxlinkurl.template.feature:21 - 
org.apache.http.client.ClientProtocolException
-------
feature call (loop) failed at index: 54
caller: classpath:InspireTest/def/checkxlinkurl.template.feature
arg: {"link":""}
checkxlinkurl.template.feature:21 - 
org.apache.http.client.ClientProtocolException
-------
feature call (loop) failed at index: 55
caller: classpath:InspireTest/def/checkxlinkurl.template.feature
arg: {"link":""}
checkxlinkurl.template.feature:21 - 
org.apache.http.client.ClientProtocolException
-------
feature call (loop) failed at index: 56
caller: classpath:InspireTest/def/checkxlinkurl.template.feature
arg: {"link":""}
checkxlinkurl.template.feature:21 - 
org.apache.http.client.ClientProtocolException
-------
feature call (loop) failed at index: 57
caller: classpath:InspireTest/def/checkxlinkurl.template.feature
arg: {"link":""}
checkxlinkurl.template.feature:21 - 
org.apache.http.client.ClientProtocolException
-------
feature call (loop) failed at index: 58
caller: classpath:InspireTest/def/checkxlinkurl.template.feature
arg: {"link":""}
checkxlinkurl.template.feature:21 - 
org.apache.http.client.ClientProtocolException
-------
feature call (loop) failed at index: 59
caller: classpath:InspireTest/def/checkxlinkurl.template.feature
arg: {"link":""}
checkxlinkurl.template.feature:21 - 
org.apache.http.client.ClientProtocolException
-------
feature call (loop) failed at index: 60
caller: classpath:InspireTest/def/checkxlinkurl.template.feature
arg: {"link":""}
checkxlinkurl.template.feature:21 - 
org.apache.http.client.ClientProtocolException
-------
feature call (loop) failed at index: 61
caller: classpath:InspireTest/def/checkxlinkurl.template.feature
arg: {"link":""}
checkxlinkurl.template.feature:21 - 
org.apache.http.client.ClientProtocolException
-------
feature call (loop) failed at index: 62
caller: classpath:InspireTest/def/checkxlinkurl.template.feature
arg: {"link":""}
checkxlinkurl.template.feature:21 - 
org.apache.http.client.ClientProtocolException
-------
feature call (loop) failed at index: 63
caller: classpath:InspireTest/def/checkxlinkurl.template.feature
arg: {"link":""}
checkxlinkurl.template.feature:21 - 
org.apache.http.client.ClientProtocolException
-------
feature call (loop) failed at index: 64
caller: classpath:InspireTest/def/checkxlinkurl.template.feature
arg: {"link":""}
checkxlinkurl.template.feature:21 - 
org.apache.http.client.ClientProtocolException
-------
feature call (loop) failed at index: 65
caller: classpath:InspireTest/def/checkxlinkurl.template.feature
arg: {"link":""}
checkxlinkurl.template.feature:21 - 
org.apache.http.client.ClientProtocolException
-------
feature call (loop) failed at index: 66
caller: classpath:InspireTest/def/checkxlinkurl.template.feature
arg: {"link":""}
checkxlinkurl.template.feature:21 - 
org.apache.http.client.ClientProtocolException
-------
feature call (loop) failed at index: 67
caller: classpath:InspireTest/def/checkxlinkurl.template.feature
arg: {"link":""}
checkxlinkurl.template.feature:21 - 
org.apache.http.client.ClientProtocolException
-------
feature call (loop) failed at index: 68
caller: classpath:InspireTest/def/checkxlinkurl.template.feature
arg: {"link":""}
checkxlinkurl.template.feature:21 - 
org.apache.http.client.ClientProtocolException
-------
feature call (loop) failed at index: 69
caller: classpath:InspireTest/def/checkxlinkurl.template.feature
arg: {"link":""}
checkxlinkurl.template.feature:21 - 
org.apache.http.client.ClientProtocolException
-------
feature call (loop) failed at index: 70
caller: classpath:InspireTest/def/checkxlinkurl.template.feature
arg: {"link":""}
checkxlinkurl.template.feature:21 - 
org.apache.http.client.ClientProtocolException
-------
feature call (loop) failed at index: 71
caller: classpath:InspireTest/def/checkxlinkurl.template.feature
arg: {"link":""}
checkxlinkurl.template.feature:21 - 
org.apache.http.client.ClientProtocolException
-------
feature call (loop) failed at index: 72
caller: classpath:InspireTest/def/checkxlinkurl.template.feature
arg: {"link":""}
checkxlinkurl.template.feature:21 - 
org.apache.http.client.ClientProtocolException
-------
feature call (loop) failed at index: 73
caller: classpath:InspireTest/def/checkxlinkurl.template.feature
arg: {"link":""}
checkxlinkurl.template.feature:21 - 
org.apache.http.client.ClientProtocolException
-------
feature call (loop) failed at index: 74
caller: classpath:InspireTest/def/checkxlinkurl.template.feature
arg: {"link":""}
checkxlinkurl.template.feature:21 - 
org.apache.http.client.ClientProtocolException
-------
feature call (loop) failed at index: 75
caller: classpath:InspireTest/def/checkxlinkurl.template.feature
arg: {"link":""}
checkxlinkurl.template.feature:21 - 
org.apache.http.client.ClientProtocolException
-------
feature call (loop) failed at index: 76
caller: classpath:InspireTest/def/checkxlinkurl.template.feature
arg: {"link":""}
checkxlinkurl.template.feature:21 - 
org.apache.http.client.ClientProtocolException
-------
feature call (loop) failed at index: 77
caller: classpath:InspireTest/def/checkxlinkurl.template.feature
arg: {"link":""}
checkxlinkurl.template.feature:21 - 
org.apache.http.client.ClientProtocolException
-------
feature call (loop) failed at index: 78
caller: classpath:InspireTest/def/checkxlinkurl.template.feature
arg: {"link":""}
checkxlinkurl.template.feature:21 - 
org.apache.http.client.ClientProtocolException
-------
feature call (loop) failed at index: 79
caller: classpath:InspireTest/def/checkxlinkurl.template.feature
arg: {"link":""}
checkxlinkurl.template.feature:21 - 
org.apache.http.client.ClientProtocolException
-------
feature call (loop) failed at index: 80
caller: classpath:InspireTest/def/checkxlinkurl.template.feature
arg: {"link":""}
checkxlinkurl.template.feature:21 - 
org.apache.http.client.ClientProtocolException
-------
feature call (loop) failed at index: 81
caller: classpath:InspireTest/def/checkxlinkurl.template.feature
arg: {"link":""}
checkxlinkurl.template.feature:21 - 
org.apache.http.client.ClientProtocolException
-------
feature call (loop) failed at index: 82
caller: classpath:InspireTest/def/checkxlinkurl.template.feature
arg: {"link":""}
checkxlinkurl.template.feature:21 - 
org.apache.http.client.ClientProtocolException
-------
feature call (loop) failed at index: 83
caller: classpath:InspireTest/def/checkxlinkurl.template.feature
arg: {"link":""}
checkxlinkurl.template.feature:21 - 
org.apache.http.client.ClientProtocolException
-------
feature call (loop) failed at index: 84
caller: classpath:InspireTest/def/checkxlinkurl.template.feature
arg: {"link":""}
checkxlinkurl.template.feature:21 - 
org.apache.http.client.ClientProtocolException
-------
feature call (loop) failed at index: 85
caller: classpath:InspireTest/def/checkxlinkurl.template.feature
arg: {"link":""}
checkxlinkurl.template.feature:21 - 
org.apache.http.client.ClientProtocolException
-------
feature call (loop) failed at index: 86
caller: classpath:InspireTest/def/checkxlinkurl.template.feature
arg: {"link":""}
checkxlinkurl.template.feature:21 - 
org.apache.http.client.ClientProtocolException
-------
feature call (loop) failed at index: 87
caller: classpath:InspireTest/def/checkxlinkurl.template.feature
arg: {"link":""}
checkxlinkurl.template.feature:21 - 
org.apache.http.client.ClientProtocolException
-------
feature call (loop) failed at index: 88
caller: classpath:InspireTest/def/checkxlinkurl.template.feature
arg: {"link":""}
checkxlinkurl.template.feature:21 - 
org.apache.http.client.ClientProtocolException
-------
feature call (loop) failed at index: 89
caller: classpath:InspireTest/def/checkxlinkurl.template.feature
arg: {"link":""}
checkxlinkurl.template.feature:21 - 
org.apache.http.client.ClientProtocolException
-------
feature call (loop) failed at index: 90
caller: classpath:InspireTest/def/checkxlinkurl.template.feature
arg: {"link":""}
checkxlinkurl.template.feature:21 - 
org.apache.http.client.ClientProtocolException
-------
feature call (loop) failed at index: 91
caller: classpath:InspireTest/def/checkxlinkurl.template.feature
arg: {"link":""}
checkxlinkurl.template.feature:21 - 
org.apache.http.client.ClientProtocolException
-------
feature call (loop) failed at index: 92
caller: classpath:InspireTest/def/checkxlinkurl.template.feature
arg: {"link":""}
checkxlinkurl.template.feature:21 - 
org.apache.http.client.ClientProtocolException
-------
feature call (loop) failed at index: 93
caller: classpath:InspireTest/def/checkxlinkurl.template.feature
arg: {"link":""}
checkxlinkurl.template.feature:21 - 
org.apache.http.client.ClientProtocolException
-------
feature call (loop) failed at index: 94
caller: classpath:InspireTest/def/checkxlinkurl.template.feature
arg: {"link":""}
checkxlinkurl.template.feature:21 - 
org.apache.http.client.ClientProtocolException
-------
feature call (loop) failed at index: 95
caller: classpath:InspireTest/def/checkxlinkurl.template.feature
arg: {"link":""}
checkxlinkurl.template.feature:21 - 
org.apache.http.client.ClientProtocolException
-------
feature call (loop) failed at index: 96
caller: classpath:InspireTest/def/checkxlinkurl.template.feature
arg: {"link":""}
checkxlinkurl.template.feature:21 - 
org.apache.http.client.ClientProtocolException
-------
feature call (loop) failed at index: 97
caller: classpath:InspireTest/def/checkxlinkurl.template.feature
arg: {"link":""}
checkxlinkurl.template.feature:21 - 
org.apache.http.client.ClientProtocolException
-------
feature call (loop) failed at index: 98
caller: classpath:InspireTest/def/checkxlinkurl.template.feature
arg: {"link":""}
checkxlinkurl.template.feature:21 - 
org.apache.http.client.ClientProtocolException
-------
feature call (loop) failed at index: 99
caller: classpath:InspireTest/def/checkxlinkurl.template.feature
arg: {"link":""}
checkxlinkurl.template.feature:21 - 
org.apache.http.client.ClientProtocolException
-------
feature call (loop) failed at index: 100
caller: classpath:InspireTest/def/checkxlinkurl.template.feature
arg: {"link":""}
checkxlinkurl.template.feature:21 - 
org.apache.http.client.ClientProtocolException
-------
feature call (loop) failed at index: 101
caller: classpath:InspireTest/def/checkxlinkurl.template.feature
arg: {"link":""}
checkxlinkurl.template.feature:21 - 
org.apache.http.client.ClientProtocolException
-------
feature call (loop) failed at index: 102
caller: classpath:InspireTest/def/checkxlinkurl.template.feature
arg: {"link":""}
checkxlinkurl.template.feature:21 - 
org.apache.http.client.ClientProtocolException
-------
feature call (loop) failed at index: 103
caller: classpath:InspireTest/def/checkxlinkurl.template.feature
arg: {"link":""}
checkxlinkurl.template.feature:21 - 
org.apache.http.client.ClientProtocolException
-------
feature call (loop) failed at index: 104
caller: classpath:InspireTest/def/checkxlinkurl.template.feature
arg: {"link":""}
checkxlinkurl.template.feature:21 - 
org.apache.http.client.ClientProtocolException
-------
feature call (loop) failed at index: 105
caller: classpath:InspireTest/def/checkxlinkurl.template.feature
arg: {"link":""}
checkxlinkurl.template.feature:21 - 
org.apache.http.client.ClientProtocolException
-------
feature call (loop) failed at index: 106
caller: classpath:InspireTest/def/checkxlinkurl.template.feature
arg: {"link":""}
checkxlinkurl.template.feature:21 - 
org.apache.http.client.ClientProtocolException
-------
feature call (loop) failed at index: 107
caller: classpath:InspireTest/def/checkxlinkurl.template.feature
arg: {"link":""}
checkxlinkurl.template.feature:21 - 
org.apache.http.client.ClientProtocolException
-------
feature call (loop) failed at index: 108
caller: classpath:InspireTest/def/checkxlinkurl.template.feature
arg: {"link":""}
checkxlinkurl.template.feature:21 - 
org.apache.http.client.ClientProtocolException
-------
feature call (loop) failed at index: 109
caller: classpath:InspireTest/def/checkxlinkurl.template.feature
arg: {"link":""}
checkxlinkurl.template.feature:21 - 
org.apache.http.client.ClientProtocolException
-------
feature call (loop) failed at index: 110
caller: classpath:InspireTest/def/checkxlinkurl.template.feature
arg: {"link":""}
checkxlinkurl.template.feature:21 - 
org.apache.http.client.ClientProtocolException
-------
feature call (loop) failed at index: 111
caller: classpath:InspireTest/def/checkxlinkurl.template.feature
arg: {"link":""}
checkxlinkurl.template.feature:21 - 
org.apache.http.client.ClientProtocolException
-------
feature call (loop) failed at index: 112
caller: classpath:InspireTest/def/checkxlinkurl.template.feature
arg: {"link":""}
checkxlinkurl.template.feature:21 - 
org.apache.http.client.ClientProtocolException
-------
feature call (loop) failed at index: 113
caller: classpath:InspireTest/def/checkxlinkurl.template.feature
arg: {"link":""}
checkxlinkurl.template.feature:21 - 
org.apache.http.client.ClientProtocolException
-------
feature call (loop) failed at index: 114
caller: classpath:InspireTest/def/checkxlinkurl.template.feature
arg: {"link":""}
checkxlinkurl.template.feature:21 - 
org.apache.http.client.ClientProtocolException
-------
feature call (loop) failed at index: 115
caller: classpath:InspireTest/def/checkxlinkurl.template.feature
arg: {"link":""}
checkxlinkurl.template.feature:21 - 
org.apache.http.client.ClientProtocolException
-------
feature call (loop) failed at index: 116
caller: classpath:InspireTest/def/checkxlinkurl.template.feature
arg: {"link":""}
checkxlinkurl.template.feature:21 - 
org.apache.http.client.ClientProtocolException
-------
feature call (loop) failed at index: 117
caller: classpath:InspireTest/def/checkxlinkurl.template.feature
arg: {"link":""}
checkxlinkurl.template.feature:21 - 
org.apache.http.client.ClientProtocolException
-------
feature call (loop) failed at index: 118
caller: classpath:InspireTest/def/checkxlinkurl.template.feature
arg: {"link":""}
checkxlinkurl.template.feature:21 - 
org.apache.http.client.ClientProtocolException
-------
feature call (loop) failed at index: 119
caller: classpath:InspireTest/def/checkxlinkurl.template.feature
arg: {"link":""}
checkxlinkurl.template.feature:21 - 
org.apache.http.client.ClientProtocolException
-------
feature call (loop) failed at index: 120
caller: classpath:InspireTest/def/checkxlinkurl.template.feature
arg: {"link":""}
checkxlinkurl.template.feature:21 - 
org.apache.http.client.ClientProtocolException
-------
feature call (loop) failed at index: 121
caller: classpath:InspireTest/def/checkxlinkurl.template.feature
arg: {"link":""}
checkxlinkurl.template.feature:21 - 
org.apache.http.client.ClientProtocolException
-------
feature call (loop) failed at index: 122
caller: classpath:InspireTest/def/checkxlinkurl.template.feature
arg: {"link":""}
checkxlinkurl.template.feature:21 - 
org.apache.http.client.ClientProtocolException
-------
feature call (loop) failed at index: 123
caller: classpath:InspireTest/def/checkxlinkurl.template.feature
arg: {"link":""}
checkxlinkurl.template.feature:21 - 
org.apache.http.client.ClientProtocolException
-------
feature call (loop) failed at index: 124
caller: classpath:InspireTest/def/checkxlinkurl.template.feature
arg: {"link":""}
checkxlinkurl.template.feature:21 - 
org.apache.http.client.ClientProtocolException
-------
feature call (loop) failed at index: 125
caller: classpath:InspireTest/def/checkxlinkurl.template.feature
arg: {"link":""}
checkxlinkurl.template.feature:21 - 
org.apache.http.client.ClientProtocolException
-------
feature call (loop) failed at index: 126
caller: classpath:InspireTest/def/checkxlinkurl.template.feature
arg: {"link":""}
checkxlinkurl.template.feature:21 - 
org.apache.http.client.ClientProtocolException
-------
feature call (loop) failed at index: 127
caller: classpath:InspireTest/def/checkxlinkurl.template.feature
arg: {"link":""}
checkxlinkurl.template.feature:21 - 
org.apache.http.client.ClientProtocolException
-------
feature call (loop) failed at index: 128
caller: classpath:InspireTest/def/checkxlinkurl.template.feature
arg: {"link":""}
checkxlinkurl.template.feature:21 - 
org.apache.http.client.ClientProtocolException
-------
feature call (loop) failed at index: 129
caller: classpath:InspireTest/def/checkxlinkurl.template.feature
arg: {"link":""}
checkxlinkurl.template.feature:21 - 
org.apache.http.client.ClientProtocolException
-------
feature call (loop) failed at index: 130
caller: classpath:InspireTest/def/checkxlinkurl.template.feature
arg: {"link":""}
checkxlinkurl.template.feature:21 - 
org.apache.http.client.ClientProtocolException
-------
feature call (loop) failed at index: 131
caller: classpath:InspireTest/def/checkxlinkurl.template.feature
arg: {"link":""}
checkxlinkurl.template.feature:21 - 
org.apache.http.client.ClientProtocolException
-------
feature call (loop) failed at index: 132
caller: classpath:InspireTest/def/checkxlinkurl.template.feature
arg: {"link":""}
checkxlinkurl.template.feature:21 - 
org.apache.http.client.ClientProtocolException
-------
feature call (loop) failed at index: 133
caller: classpath:InspireTest/def/checkxlinkurl.template.feature
arg: {"link":""}
checkxlinkurl.template.feature:21 - 
org.apache.http.client.ClientProtocolException
-------
feature call (loop) failed at index: 134
caller: classpath:InspireTest/def/checkxlinkurl.template.feature
arg: {"link":""}
checkxlinkurl.template.feature:21 - 
org.apache.http.client.ClientProtocolException
-------
feature call (loop) failed at index: 135
caller: classpath:InspireTest/def/checkxlinkurl.template.feature
arg: {"link":""}
checkxlinkurl.template.feature:21 - 
org.apache.http.client.ClientProtocolException
-------
feature call (loop) failed at index: 136
caller: classpath:InspireTest/def/checkxlinkurl.template.feature
arg: {"link":""}
checkxlinkurl.template.feature:21 - 
org.apache.http.client.ClientProtocolException
-------
feature call (loop) failed at index: 137
caller: classpath:InspireTest/def/checkxlinkurl.template.feature
arg: {"link":""}
checkxlinkurl.template.feature:21 - 
org.apache.http.client.ClientProtocolException
-------
feature call (loop) failed at index: 138
caller: classpath:InspireTest/def/checkxlinkurl.template.feature
arg: {"link":""}
checkxlinkurl.template.feature:21 - 
org.apache.http.client.ClientProtocolException
-------
feature call (loop) failed at index: 139
caller: classpath:InspireTest/def/checkxlinkurl.template.feature
arg: {"link":""}
checkxlinkurl.template.feature:21 - 
org.apache.http.client.ClientProtocolException
-------
feature call (loop) failed at index: 140
caller: classpath:InspireTest/def/checkxlinkurl.template.feature
arg: {"link":""}
checkxlinkurl.template.feature:21 - 
org.apache.http.client.ClientProtocolException
-------
feature call (loop) failed at index: 141
caller: classpath:InspireTest/def/checkxlinkurl.template.feature
arg: {"link":""}
checkxlinkurl.template.feature:21 - 
org.apache.http.client.ClientProtocolException
-------
feature call (loop) failed at index: 142
caller: classpath:InspireTest/def/checkxlinkurl.template.feature
arg: {"link":""}
checkxlinkurl.template.feature:21 - 
org.apache.http.client.ClientProtocolException
-------
feature call (loop) failed at index: 143
caller: classpath:InspireTest/def/checkxlinkurl.template.feature
arg: {"link":""}
checkxlinkurl.template.feature:21 - 
org.apache.http.client.ClientProtocolException
-------
feature call (loop) failed at index: 144
caller: classpath:InspireTest/def/checkxlinkurl.template.feature
arg: {"link":""}
checkxlinkurl.template.feature:21 - 
org.apache.http.client.ClientProtocolException
-------
feature call (loop) failed at index: 145
caller: classpath:InspireTest/def/checkxlinkurl.template.feature
arg: {"link":""}
checkxlinkurl.template.feature:21 - 
org.apache.http.client.ClientProtocolException
-------
feature call (loop) failed at index: 146
caller: classpath:InspireTest/def/checkxlinkurl.template.feature
arg: {"link":""}
checkxlinkurl.template.feature:21 - 
org.apache.http.client.ClientProtocolException
-------
feature call (loop) failed at index: 147
caller: classpath:InspireTest/def/checkxlinkurl.template.feature
arg: {"link":""}
checkxlinkurl.template.feature:21 - 
org.apache.http.client.ClientProtocolException
-------
feature call (loop) failed at index: 148
caller: classpath:InspireTest/def/checkxlinkurl.template.feature
arg: {"link":""}
checkxlinkurl.template.feature:21 - 
org.apache.http.client.ClientProtocolException
-------
feature call (loop) failed at index: 149
caller: classpath:InspireTest/def/checkxlinkurl.template.feature
arg: {"link":""}
checkxlinkurl.template.feature:21 - 
org.apache.http.client.ClientProtocolException
-------
feature call (loop) failed at index: 150
caller: classpath:InspireTest/def/checkxlinkurl.template.feature
arg: {"link":""}
checkxlinkurl.template.feature:21 - 
org.apache.http.client.ClientProtocolException
-------
feature call (loop) failed at index: 151
caller: classpath:InspireTest/def/checkxlinkurl.template.feature
arg: {"link":""}
checkxlinkurl.template.feature:21 - 
org.apache.http.client.ClientProtocolException
-------
feature call (loop) failed at index: 152
caller: classpath:InspireTest/def/checkxlinkurl.template.feature
arg: {"link":""}
checkxlinkurl.template.feature:21 - 
org.apache.http.client.ClientProtocolException
-------
feature call (loop) failed at index: 153
caller: classpath:InspireTest/def/checkxlinkurl.template.feature
arg: {"link":""}
checkxlinkurl.template.feature:21 - 
org.apache.http.client.ClientProtocolException
-------
feature call (loop) failed at index: 154
caller: classpath:InspireTest/def/checkxlinkurl.template.feature
arg: {"link":""}
checkxlinkurl.template.feature:21 - 
org.apache.http.client.ClientProtocolException
-------
feature call (loop) failed at index: 155
caller: classpath:InspireTest/def/checkxlinkurl.template.feature
arg: {"link":""}
checkxlinkurl.template.feature:21 - 
org.apache.http.client.ClientProtocolException
-------
feature call (loop) failed at index: 156
caller: classpath:InspireTest/def/checkxlinkurl.template.feature
arg: {"link":""}
checkxlinkurl.template.feature:21 - 
org.apache.http.client.ClientProtocolException
-------
feature call (loop) failed at index: 157
caller: classpath:InspireTest/def/checkxlinkurl.template.feature
arg: {"link":""}
checkxlinkurl.template.feature:21 - 
org.apache.http.client.ClientProtocolException
-------
feature call (loop) failed at index: 158
caller: classpath:InspireTest/def/checkxlinkurl.template.feature
arg: {"link":""}
checkxlinkurl.template.feature:21 - 
org.apache.http.client.ClientProtocolException
-------
feature call (loop) failed at index: 159
caller: classpath:InspireTest/def/checkxlinkurl.template.feature
arg: {"link":""}
checkxlinkurl.template.feature:21 - 
org.apache.http.client.ClientProtocolException
[1.21:24] check-known-service-record.feature:72 - feature call (loop) failed: classpath:InspireTest/def/checkxlinkurl.template.feature
caller: classpath:InspireTest/ngr/T03_services/check-known-service-record.feature
items: [{link=}, {link=}, {link=}, {link=}, {link=}, {link=}, {link=}, {link=}, {link=}, {link=}, {link=}, {link=}, {link=}, {link=}, {link=}, {link=}, {link=}, {link=}, {link=}, {link=}, {link=}, {link=}, {link=}, {link=}, {link=}, {link=}, {link=}, {link=}, {link=}, {link=}, {link=}, {link=}, {link=}, {link=}, {link=}, {link=}, {link=}, {link=}, {link=}, {link=}, {link=}, {link=}, {link=}, {link=}, {link=}, {link=}, {link=}, {link=}, {link=}, {link=}, {link=}, {link=}, {link=}, {link=}, {link=}, {link=}, {link=}, {link=}, {link=}, {link=}, {link=}, {link=}, {link=}, {link=}, {link=}, {link=}, {link=}, {link=}, {link=}, {link=}, {link=}, {link=}, {link=}, {link=}, {link=}, {link=}, {link=}, {link=}, {link=}, {link=}, {link=}, {link=}, {link=}, {link=}, {link=}, {link=}, {link=}, {link=}, {link=}, {link=}, {link=}, {link=}, {link=}, {link=}, {link=}, {link=}, {link=}, {link=}, {link=}, {link=}, {link=}, {link=}, {link=}, {link=}, {link=}, {link=}, {link=}, {link=}, {link=}, {link=}, {link=}, {link=}, {link=}, {link=}, {link=}, {link=}, {link=}, {link=}, {link=}, {link=}, {link=}, {link=}, {link=}, {link=}, {link=}, {link=}, {link=}, {link=}, {link=}, {link=}, {link=}, {link=}, {link=}, {link=}, {link=}, {link=}, {link=}, {link=}, {link=}, {link=}, {link=}, {link=}, {link=}, {link=}, {link=}, {link=}, {link=}, {link=}, {link=}, {link=}, {link=}, {link=}, {link=}, {link=}, {link=}, {link=}, {link=}, {link=}, {link=}, {link=}, {link=}, {link=}, {link=}, {link=}, {link=}, {link=}, {link=}, {link=}, {link=}, {link=}, {link=}, {link=}, {link=}, {link=}, {link=}, {link=}, {link=}, {link=}, {link=}, {link=}, {link=}, {link=}, {link=}, {link=}, {link=}, {link=}, {link=}, {link=}, {link=}, {link=}, {link=}, {link=}, {link=}, {link=}, {link=}, {link=}, {link=}, {link=}, {link=}, {link=}, {link=}, {link=}, {link=}, {link=}, {link=}, {link=}, {link=}, {link=}, {link=http://nationaalgeoregister.nl/geonetwork/srv/en/csw?service=CSW&version=2.0.2&request=GetRecordById&outputschema=http://www.isotc211.org/2005/gmd&elementsetname=full&id=03671a9e-6aaf-464d-be99-9aad25cef9e3#MD_DataIdentification}]
errors:
-------
feature call (loop) failed at index: 0
caller: classpath:InspireTest/def/checkxlinkurl.template.feature
arg: {"link":""}
checkxlinkurl.template.feature:21 - 
org.apache.http.client.ClientProtocolException
-------
feature call (loop) failed at index: 1
caller: classpath:InspireTest/def/checkxlinkurl.template.feature
arg: {"link":""}
checkxlinkurl.template.feature:21 - 
org.apache.http.client.ClientProtocolException
-------
feature call (loop) failed at index: 2
caller: classpath:InspireTest/def/checkxlinkurl.template.feature
arg: {"link":""}
checkxlinkurl.template.feature:21 - 
org.apache.http.client.ClientProtocolException
-------
feature call (loop) failed at index: 3
caller: classpath:InspireTest/def/checkxlinkurl.template.feature
arg: {"link":""}
checkxlinkurl.template.feature:21 - 
org.apache.http.client.ClientProtocolException
-------
feature call (loop) failed at index: 4
caller: classpath:InspireTest/def/checkxlinkurl.template.feature
arg: {"link":""}
checkxlinkurl.template.feature:21 - 
org.apache.http.client.ClientProtocolException
-------
feature call (loop) failed at index: 5
caller: classpath:InspireTest/def/checkxlinkurl.template.feature
arg: {"link":""}
checkxlinkurl.template.feature:21 - 
org.apache.http.client.ClientProtocolException
-------
feature call (loop) failed at index: 6
caller: classpath:InspireTest/def/checkxlinkurl.template.feature
arg: {"link":""}
checkxlinkurl.template.feature:21 - 
org.apache.http.client.ClientProtocolException
-------
feature call (loop) failed at index: 7
caller: classpath:InspireTest/def/checkxlinkurl.template.feature
arg: {"link":""}
checkxlinkurl.template.feature:21 - 
org.apache.http.client.ClientProtocolException
-------
feature call (loop) failed at index: 8
caller: classpath:InspireTest/def/checkxlinkurl.template.feature
arg: {"link":""}
checkxlinkurl.template.feature:21 - 
org.apache.http.client.ClientProtocolException
-------
feature call (loop) failed at index: 9
caller: classpath:InspireTest/def/checkxlinkurl.template.feature
arg: {"link":""}
checkxlinkurl.template.feature:21 - 
org.apache.http.client.ClientProtocolException
-------
feature call (loop) failed at index: 10
caller: classpath:InspireTest/def/checkxlinkurl.template.feature
arg: {"link":""}
checkxlinkurl.template.feature:21 - 
org.apache.http.client.ClientProtocolException
-------
feature call (loop) failed at index: 11
caller: classpath:InspireTest/def/checkxlinkurl.template.feature
arg: {"link":""}
checkxlinkurl.template.feature:21 - 
org.apache.http.client.ClientProtocolException
-------
feature call (loop) failed at index: 12
caller: classpath:InspireTest/def/checkxlinkurl.template.feature
arg: {"link":""}
checkxlinkurl.template.feature:21 - 
org.apache.http.client.ClientProtocolException
-------
feature call (loop) failed at index: 13
caller: classpath:InspireTest/def/checkxlinkurl.template.feature
arg: {"link":""}
checkxlinkurl.template.feature:21 - 
org.apache.http.client.ClientProtocolException
-------
feature call (loop) failed at index: 14
caller: classpath:InspireTest/def/checkxlinkurl.template.feature
arg: {"link":""}
checkxlinkurl.template.feature:21 - 
org.apache.http.client.ClientProtocolException
-------
feature call (loop) failed at index: 15
caller: classpath:InspireTest/def/checkxlinkurl.template.feature
arg: {"link":""}
checkxlinkurl.template.feature:21 - 
org.apache.http.client.ClientProtocolException
-------
feature call (loop) failed at index: 16
caller: classpath:InspireTest/def/checkxlinkurl.template.feature
arg: {"link":""}
checkxlinkurl.template.feature:21 - 
org.apache.http.client.ClientProtocolException
-------
feature call (loop) failed at index: 17
caller: classpath:InspireTest/def/checkxlinkurl.template.feature
arg: {"link":""}
checkxlinkurl.template.feature:21 - 
org.apache.http.client.ClientProtocolException
-------
feature call (loop) failed at index: 18
caller: classpath:InspireTest/def/checkxlinkurl.template.feature
arg: {"link":""}
checkxlinkurl.template.feature:21 - 
org.apache.http.client.ClientProtocolException
-------
feature call (loop) failed at index: 19
caller: classpath:InspireTest/def/checkxlinkurl.template.feature
arg: {"link":""}
checkxlinkurl.template.feature:21 - 
org.apache.http.client.ClientProtocolException
-------
feature call (loop) failed at index: 20
caller: classpath:InspireTest/def/checkxlinkurl.template.feature
arg: {"link":""}
checkxlinkurl.template.feature:21 - 
org.apache.http.client.ClientProtocolException
-------
feature call (loop) failed at index: 21
caller: classpath:InspireTest/def/checkxlinkurl.template.feature
arg: {"link":""}
checkxlinkurl.template.feature:21 - 
org.apache.http.client.ClientProtocolException
-------
feature call (loop) failed at index: 22
caller: classpath:InspireTest/def/checkxlinkurl.template.feature
arg: {"link":""}
checkxlinkurl.template.feature:21 - 
org.apache.http.client.ClientProtocolException
-------
feature call (loop) failed at index: 23
caller: classpath:InspireTest/def/checkxlinkurl.template.feature
arg: {"link":""}
checkxlinkurl.template.feature:21 - 
org.apache.http.client.ClientProtocolException
-------
feature call (loop) failed at index: 24
caller: classpath:InspireTest/def/checkxlinkurl.template.feature
arg: {"link":""}
checkxlinkurl.template.feature:21 - 
org.apache.http.client.ClientProtocolException
-------
feature call (loop) failed at index: 25
caller: classpath:InspireTest/def/checkxlinkurl.template.feature
arg: {"link":""}
checkxlinkurl.template.feature:21 - 
org.apache.http.client.ClientProtocolException
-------
feature call (loop) failed at index: 26
caller: classpath:InspireTest/def/checkxlinkurl.template.feature
arg: {"link":""}
checkxlinkurl.template.feature:21 - 
org.apache.http.client.ClientProtocolException
-------
feature call (loop) failed at index: 27
caller: classpath:InspireTest/def/checkxlinkurl.template.feature
arg: {"link":""}
checkxlinkurl.template.feature:21 - 
org.apache.http.client.ClientProtocolException
-------
feature call (loop) failed at index: 28
caller: classpath:InspireTest/def/checkxlinkurl.template.feature
arg: {"link":""}
checkxlinkurl.template.feature:21 - 
org.apache.http.client.ClientProtocolException
-------
feature call (loop) failed at index: 29
caller: classpath:InspireTest/def/checkxlinkurl.template.feature
arg: {"link":""}
checkxlinkurl.template.feature:21 - 
org.apache.http.client.ClientProtocolException
-------
feature call (loop) failed at index: 30
caller: classpath:InspireTest/def/checkxlinkurl.template.feature
arg: {"link":""}
checkxlinkurl.template.feature:21 - 
org.apache.http.client.ClientProtocolException
-------
feature call (loop) failed at index: 31
caller: classpath:InspireTest/def/checkxlinkurl.template.feature
arg: {"link":""}
checkxlinkurl.template.feature:21 - 
org.apache.http.client.ClientProtocolException
-------
feature call (loop) failed at index: 32
caller: classpath:InspireTest/def/checkxlinkurl.template.feature
arg: {"link":""}
checkxlinkurl.template.feature:21 - 
org.apache.http.client.ClientProtocolException
-------
feature call (loop) failed at index: 33
caller: classpath:InspireTest/def/checkxlinkurl.template.feature
arg: {"link":""}
checkxlinkurl.template.feature:21 - 
org.apache.http.client.ClientProtocolException
-------
feature call (loop) failed at index: 34
caller: classpath:InspireTest/def/checkxlinkurl.template.feature
arg: {"link":""}
checkxlinkurl.template.feature:21 - 
org.apache.http.client.ClientProtocolException
-------
feature call (loop) failed at index: 35
caller: classpath:InspireTest/def/checkxlinkurl.template.feature
arg: {"link":""}
checkxlinkurl.template.feature:21 - 
org.apache.http.client.ClientProtocolException
-------
feature call (loop) failed at index: 36
caller: classpath:InspireTest/def/checkxlinkurl.template.feature
arg: {"link":""}
checkxlinkurl.template.feature:21 - 
org.apache.http.client.ClientProtocolException
-------
feature call (loop) failed at index: 37
caller: classpath:InspireTest/def/checkxlinkurl.template.feature
arg: {"link":""}
checkxlinkurl.template.feature:21 - 
org.apache.http.client.ClientProtocolException
-------
feature call (loop) failed at index: 38
caller: classpath:InspireTest/def/checkxlinkurl.template.feature
arg: {"link":""}
checkxlinkurl.template.feature:21 - 
org.apache.http.client.ClientProtocolException
-------
feature call (loop) failed at index: 39
caller: classpath:InspireTest/def/checkxlinkurl.template.feature
arg: {"link":""}
checkxlinkurl.template.feature:21 - 
org.apache.http.client.ClientProtocolException
-------
feature call (loop) failed at index: 40
caller: classpath:InspireTest/def/checkxlinkurl.template.feature
arg: {"link":""}
checkxlinkurl.template.feature:21 - 
org.apache.http.client.ClientProtocolException
-------
feature call (loop) failed at index: 41
caller: classpath:InspireTest/def/checkxlinkurl.template.feature
arg: {"link":""}
checkxlinkurl.template.feature:21 - 
org.apache.http.client.ClientProtocolException
-------
feature call (loop) failed at index: 42
caller: classpath:InspireTest/def/checkxlinkurl.template.feature
arg: {"link":""}
checkxlinkurl.template.feature:21 - 
org.apache.http.client.ClientProtocolException
-------
feature call (loop) failed at index: 43
caller: classpath:InspireTest/def/checkxlinkurl.template.feature
arg: {"link":""}
checkxlinkurl.template.feature:21 - 
org.apache.http.client.ClientProtocolException
-------
feature call (loop) failed at index: 44
caller: classpath:InspireTest/def/checkxlinkurl.template.feature
arg: {"link":""}
checkxlinkurl.template.feature:21 - 
org.apache.http.client.ClientProtocolException
-------
feature call (loop) failed at index: 45
caller: classpath:InspireTest/def/checkxlinkurl.template.feature
arg: {"link":""}
checkxlinkurl.template.feature:21 - 
org.apache.http.client.ClientProtocolException
-------
feature call (loop) failed at index: 46
caller: classpath:InspireTest/def/checkxlinkurl.template.feature
arg: {"link":""}
checkxlinkurl.template.feature:21 - 
org.apache.http.client.ClientProtocolException
-------
feature call (loop) failed at index: 47
caller: classpath:InspireTest/def/checkxlinkurl.template.feature
arg: {"link":""}
checkxlinkurl.template.feature:21 - 
org.apache.http.client.ClientProtocolException
-------
feature call (loop) failed at index: 48
caller: classpath:InspireTest/def/checkxlinkurl.template.feature
arg: {"link":""}
checkxlinkurl.template.feature:21 - 
org.apache.http.client.ClientProtocolException
-------
feature call (loop) failed at index: 49
caller: classpath:InspireTest/def/checkxlinkurl.template.feature
arg: {"link":""}
checkxlinkurl.template.feature:21 - 
org.apache.http.client.ClientProtocolException
-------
feature call (loop) failed at index: 50
caller: classpath:InspireTest/def/checkxlinkurl.template.feature
arg: {"link":""}
checkxlinkurl.template.feature:21 - 
org.apache.http.client.ClientProtocolException
-------
feature call (loop) failed at index: 51
caller: classpath:InspireTest/def/checkxlinkurl.template.feature
arg: {"link":""}
checkxlinkurl.template.feature:21 - 
org.apache.http.client.ClientProtocolException
-------
feature call (loop) failed at index: 52
caller: classpath:InspireTest/def/checkxlinkurl.template.feature
arg: {"link":""}
checkxlinkurl.template.feature:21 - 
org.apache.http.client.ClientProtocolException
-------
feature call (loop) failed at index: 53
caller: classpath:InspireTest/def/checkxlinkurl.template.feature
arg: {"link":""}
checkxlinkurl.template.feature:21 - 
org.apache.http.client.ClientProtocolException
-------
feature call (loop) failed at index: 54
caller: classpath:InspireTest/def/checkxlinkurl.template.feature
arg: {"link":""}
checkxlinkurl.template.feature:21 - 
org.apache.http.client.ClientProtocolException
-------
feature call (loop) failed at index: 55
caller: classpath:InspireTest/def/checkxlinkurl.template.feature
arg: {"link":""}
checkxlinkurl.template.feature:21 - 
org.apache.http.client.ClientProtocolException
-------
feature call (loop) failed at index: 56
caller: classpath:InspireTest/def/checkxlinkurl.template.feature
arg: {"link":""}
checkxlinkurl.template.feature:21 - 
org.apache.http.client.ClientProtocolException
-------
feature call (loop) failed at index: 57
caller: classpath:InspireTest/def/checkxlinkurl.template.feature
arg: {"link":""}
checkxlinkurl.template.feature:21 - 
org.apache.http.client.ClientProtocolException
-------
feature call (loop) failed at index: 58
caller: classpath:InspireTest/def/checkxlinkurl.template.feature
arg: {"link":""}
checkxlinkurl.template.feature:21 - 
org.apache.http.client.ClientProtocolException
-------
feature call (loop) failed at index: 59
caller: classpath:InspireTest/def/checkxlinkurl.template.feature
arg: {"link":""}
checkxlinkurl.template.feature:21 - 
org.apache.http.client.ClientProtocolException
-------
feature call (loop) failed at index: 60
caller: classpath:InspireTest/def/checkxlinkurl.template.feature
arg: {"link":""}
checkxlinkurl.template.feature:21 - 
org.apache.http.client.ClientProtocolException
-------
feature call (loop) failed at index: 61
caller: classpath:InspireTest/def/checkxlinkurl.template.feature
arg: {"link":""}
checkxlinkurl.template.feature:21 - 
org.apache.http.client.ClientProtocolException
-------
feature call (loop) failed at index: 62
caller: classpath:InspireTest/def/checkxlinkurl.template.feature
arg: {"link":""}
checkxlinkurl.template.feature:21 - 
org.apache.http.client.ClientProtocolException
-------
feature call (loop) failed at index: 63
caller: classpath:InspireTest/def/checkxlinkurl.template.feature
arg: {"link":""}
checkxlinkurl.template.feature:21 - 
org.apache.http.client.ClientProtocolException
-------
feature call (loop) failed at index: 64
caller: classpath:InspireTest/def/checkxlinkurl.template.feature
arg: {"link":""}
checkxlinkurl.template.feature:21 - 
org.apache.http.client.ClientProtocolException
-------
feature call (loop) failed at index: 65
caller: classpath:InspireTest/def/checkxlinkurl.template.feature
arg: {"link":""}
checkxlinkurl.template.feature:21 - 
org.apache.http.client.ClientProtocolException
-------
feature call (loop) failed at index: 66
caller: classpath:InspireTest/def/checkxlinkurl.template.feature
arg: {"link":""}
checkxlinkurl.template.feature:21 - 
org.apache.http.client.ClientProtocolException
-------
feature call (loop) failed at index: 67
caller: classpath:InspireTest/def/checkxlinkurl.template.feature
arg: {"link":""}
checkxlinkurl.template.feature:21 - 
org.apache.http.client.ClientProtocolException
-------
feature call (loop) failed at index: 68
caller: classpath:InspireTest/def/checkxlinkurl.template.feature
arg: {"link":""}
checkxlinkurl.template.feature:21 - 
org.apache.http.client.ClientProtocolException
-------
feature call (loop) failed at index: 69
caller: classpath:InspireTest/def/checkxlinkurl.template.feature
arg: {"link":""}
checkxlinkurl.template.feature:21 - 
org.apache.http.client.ClientProtocolException
-------
feature call (loop) failed at index: 70
caller: classpath:InspireTest/def/checkxlinkurl.template.feature
arg: {"link":""}
checkxlinkurl.template.feature:21 - 
org.apache.http.client.ClientProtocolException
-------
feature call (loop) failed at index: 71
caller: classpath:InspireTest/def/checkxlinkurl.template.feature
arg: {"link":""}
checkxlinkurl.template.feature:21 - 
org.apache.http.client.ClientProtocolException
-------
feature call (loop) failed at index: 72
caller: classpath:InspireTest/def/checkxlinkurl.template.feature
arg: {"link":""}
checkxlinkurl.template.feature:21 - 
org.apache.http.client.ClientProtocolException
-------
feature call (loop) failed at index: 73
caller: classpath:InspireTest/def/checkxlinkurl.template.feature
arg: {"link":""}
checkxlinkurl.template.feature:21 - 
org.apache.http.client.ClientProtocolException
-------
feature call (loop) failed at index: 74
caller: classpath:InspireTest/def/checkxlinkurl.template.feature
arg: {"link":""}
checkxlinkurl.template.feature:21 - 
org.apache.http.client.ClientProtocolException
-------
feature call (loop) failed at index: 75
caller: classpath:InspireTest/def/checkxlinkurl.template.feature
arg: {"link":""}
checkxlinkurl.template.feature:21 - 
org.apache.http.client.ClientProtocolException
-------
feature call (loop) failed at index: 76
caller: classpath:InspireTest/def/checkxlinkurl.template.feature
arg: {"link":""}
checkxlinkurl.template.feature:21 - 
org.apache.http.client.ClientProtocolException
-------
feature call (loop) failed at index: 77
caller: classpath:InspireTest/def/checkxlinkurl.template.feature
arg: {"link":""}
checkxlinkurl.template.feature:21 - 
org.apache.http.client.ClientProtocolException
-------
feature call (loop) failed at index: 78
caller: classpath:InspireTest/def/checkxlinkurl.template.feature
arg: {"link":""}
checkxlinkurl.template.feature:21 - 
org.apache.http.client.ClientProtocolException
-------
feature call (loop) failed at index: 79
caller: classpath:InspireTest/def/checkxlinkurl.template.feature
arg: {"link":""}
checkxlinkurl.template.feature:21 - 
org.apache.http.client.ClientProtocolException
-------
feature call (loop) failed at index: 80
caller: classpath:InspireTest/def/checkxlinkurl.template.feature
arg: {"link":""}
checkxlinkurl.template.feature:21 - 
org.apache.http.client.ClientProtocolException
-------
feature call (loop) failed at index: 81
caller: classpath:InspireTest/def/checkxlinkurl.template.feature
arg: {"link":""}
checkxlinkurl.template.feature:21 - 
org.apache.http.client.ClientProtocolException
-------
feature call (loop) failed at index: 82
caller: classpath:InspireTest/def/checkxlinkurl.template.feature
arg: {"link":""}
checkxlinkurl.template.feature:21 - 
org.apache.http.client.ClientProtocolException
-------
feature call (loop) failed at index: 83
caller: classpath:InspireTest/def/checkxlinkurl.template.feature
arg: {"link":""}
checkxlinkurl.template.feature:21 - 
org.apache.http.client.ClientProtocolException
-------
feature call (loop) failed at index: 84
caller: classpath:InspireTest/def/checkxlinkurl.template.feature
arg: {"link":""}
checkxlinkurl.template.feature:21 - 
org.apache.http.client.ClientProtocolException
-------
feature call (loop) failed at index: 85
caller: classpath:InspireTest/def/checkxlinkurl.template.feature
arg: {"link":""}
checkxlinkurl.template.feature:21 - 
org.apache.http.client.ClientProtocolException
-------
feature call (loop) failed at index: 86
caller: classpath:InspireTest/def/checkxlinkurl.template.feature
arg: {"link":""}
checkxlinkurl.template.feature:21 - 
org.apache.http.client.ClientProtocolException
-------
feature call (loop) failed at index: 87
caller: classpath:InspireTest/def/checkxlinkurl.template.feature
arg: {"link":""}
checkxlinkurl.template.feature:21 - 
org.apache.http.client.ClientProtocolException
-------
feature call (loop) failed at index: 88
caller: classpath:InspireTest/def/checkxlinkurl.template.feature
arg: {"link":""}
checkxlinkurl.template.feature:21 - 
org.apache.http.client.ClientProtocolException
-------
feature call (loop) failed at index: 89
caller: classpath:InspireTest/def/checkxlinkurl.template.feature
arg: {"link":""}
checkxlinkurl.template.feature:21 - 
org.apache.http.client.ClientProtocolException
-------
feature call (loop) failed at index: 90
caller: classpath:InspireTest/def/checkxlinkurl.template.feature
arg: {"link":""}
checkxlinkurl.template.feature:21 - 
org.apache.http.client.ClientProtocolException
-------
feature call (loop) failed at index: 91
caller: classpath:InspireTest/def/checkxlinkurl.template.feature
arg: {"link":""}
checkxlinkurl.template.feature:21 - 
org.apache.http.client.ClientProtocolException
-------
feature call (loop) failed at index: 92
caller: classpath:InspireTest/def/checkxlinkurl.template.feature
arg: {"link":""}
checkxlinkurl.template.feature:21 - 
org.apache.http.client.ClientProtocolException
-------
feature call (loop) failed at index: 93
caller: classpath:InspireTest/def/checkxlinkurl.template.feature
arg: {"link":""}
checkxlinkurl.template.feature:21 - 
org.apache.http.client.ClientProtocolException
-------
feature call (loop) failed at index: 94
caller: classpath:InspireTest/def/checkxlinkurl.template.feature
arg: {"link":""}
checkxlinkurl.template.feature:21 - 
org.apache.http.client.ClientProtocolException
-------
feature call (loop) failed at index: 95
caller: classpath:InspireTest/def/checkxlinkurl.template.feature
arg: {"link":""}
checkxlinkurl.template.feature:21 - 
org.apache.http.client.ClientProtocolException
-------
feature call (loop) failed at index: 96
caller: classpath:InspireTest/def/checkxlinkurl.template.feature
arg: {"link":""}
checkxlinkurl.template.feature:21 - 
org.apache.http.client.ClientProtocolException
-------
feature call (loop) failed at index: 97
caller: classpath:InspireTest/def/checkxlinkurl.template.feature
arg: {"link":""}
checkxlinkurl.template.feature:21 - 
org.apache.http.client.ClientProtocolException
-------
feature call (loop) failed at index: 98
caller: classpath:InspireTest/def/checkxlinkurl.template.feature
arg: {"link":""}
checkxlinkurl.template.feature:21 - 
org.apache.http.client.ClientProtocolException
-------
feature call (loop) failed at index: 99
caller: classpath:InspireTest/def/checkxlinkurl.template.feature
arg: {"link":""}
checkxlinkurl.template.feature:21 - 
org.apache.http.client.ClientProtocolException
-------
feature call (loop) failed at index: 100
caller: classpath:InspireTest/def/checkxlinkurl.template.feature
arg: {"link":""}
checkxlinkurl.template.feature:21 - 
org.apache.http.client.ClientProtocolException
-------
feature call (loop) failed at index: 101
caller: classpath:InspireTest/def/checkxlinkurl.template.feature
arg: {"link":""}
checkxlinkurl.template.feature:21 - 
org.apache.http.client.ClientProtocolException
-------
feature call (loop) failed at index: 102
caller: classpath:InspireTest/def/checkxlinkurl.template.feature
arg: {"link":""}
checkxlinkurl.template.feature:21 - 
org.apache.http.client.ClientProtocolException
-------
feature call (loop) failed at index: 103
caller: classpath:InspireTest/def/checkxlinkurl.template.feature
arg: {"link":""}
checkxlinkurl.template.feature:21 - 
org.apache.http.client.ClientProtocolException
-------
feature call (loop) failed at index: 104
caller: classpath:InspireTest/def/checkxlinkurl.template.feature
arg: {"link":""}
checkxlinkurl.template.feature:21 - 
org.apache.http.client.ClientProtocolException
-------
feature call (loop) failed at index: 105
caller: classpath:InspireTest/def/checkxlinkurl.template.feature
arg: {"link":""}
checkxlinkurl.template.feature:21 - 
org.apache.http.client.ClientProtocolException
-------
feature call (loop) failed at index: 106
caller: classpath:InspireTest/def/checkxlinkurl.template.feature
arg: {"link":""}
checkxlinkurl.template.feature:21 - 
org.apache.http.client.ClientProtocolException
-------
feature call (loop) failed at index: 107
caller: classpath:InspireTest/def/checkxlinkurl.template.feature
arg: {"link":""}
checkxlinkurl.template.feature:21 - 
org.apache.http.client.ClientProtocolException
-------
feature call (loop) failed at index: 108
caller: classpath:InspireTest/def/checkxlinkurl.template.feature
arg: {"link":""}
checkxlinkurl.template.feature:21 - 
org.apache.http.client.ClientProtocolException
-------
feature call (loop) failed at index: 109
caller: classpath:InspireTest/def/checkxlinkurl.template.feature
arg: {"link":""}
checkxlinkurl.template.feature:21 - 
org.apache.http.client.ClientProtocolException
-------
feature call (loop) failed at index: 110
caller: classpath:InspireTest/def/checkxlinkurl.template.feature
arg: {"link":""}
checkxlinkurl.template.feature:21 - 
org.apache.http.client.ClientProtocolException
-------
feature call (loop) failed at index: 111
caller: classpath:InspireTest/def/checkxlinkurl.template.feature
arg: {"link":""}
checkxlinkurl.template.feature:21 - 
org.apache.http.client.ClientProtocolException
-------
feature call (loop) failed at index: 112
caller: classpath:InspireTest/def/checkxlinkurl.template.feature
arg: {"link":""}
checkxlinkurl.template.feature:21 - 
org.apache.http.client.ClientProtocolException
-------
feature call (loop) failed at index: 113
caller: classpath:InspireTest/def/checkxlinkurl.template.feature
arg: {"link":""}
checkxlinkurl.template.feature:21 - 
org.apache.http.client.ClientProtocolException
-------
feature call (loop) failed at index: 114
caller: classpath:InspireTest/def/checkxlinkurl.template.feature
arg: {"link":""}
checkxlinkurl.template.feature:21 - 
org.apache.http.client.ClientProtocolException
-------
feature call (loop) failed at index: 115
caller: classpath:InspireTest/def/checkxlinkurl.template.feature
arg: {"link":""}
checkxlinkurl.template.feature:21 - 
org.apache.http.client.ClientProtocolException
-------
feature call (loop) failed at index: 116
caller: classpath:InspireTest/def/checkxlinkurl.template.feature
arg: {"link":""}
checkxlinkurl.template.feature:21 - 
org.apache.http.client.ClientProtocolException
-------
feature call (loop) failed at index: 117
caller: classpath:InspireTest/def/checkxlinkurl.template.feature
arg: {"link":""}
checkxlinkurl.template.feature:21 - 
org.apache.http.client.ClientProtocolException
-------
feature call (loop) failed at index: 118
caller: classpath:InspireTest/def/checkxlinkurl.template.feature
arg: {"link":""}
checkxlinkurl.template.feature:21 - 
org.apache.http.client.ClientProtocolException
-------
feature call (loop) failed at index: 119
caller: classpath:InspireTest/def/checkxlinkurl.template.feature
arg: {"link":""}
checkxlinkurl.template.feature:21 - 
org.apache.http.client.ClientProtocolException
-------
feature call (loop) failed at index: 120
caller: classpath:InspireTest/def/checkxlinkurl.template.feature
arg: {"link":""}
checkxlinkurl.template.feature:21 - 
org.apache.http.client.ClientProtocolException
-------
feature call (loop) failed at index: 121
caller: classpath:InspireTest/def/checkxlinkurl.template.feature
arg: {"link":""}
checkxlinkurl.template.feature:21 - 
org.apache.http.client.ClientProtocolException
-------
feature call (loop) failed at index: 122
caller: classpath:InspireTest/def/checkxlinkurl.template.feature
arg: {"link":""}
checkxlinkurl.template.feature:21 - 
org.apache.http.client.ClientProtocolException
-------
feature call (loop) failed at index: 123
caller: classpath:InspireTest/def/checkxlinkurl.template.feature
arg: {"link":""}
checkxlinkurl.template.feature:21 - 
org.apache.http.client.ClientProtocolException
-------
feature call (loop) failed at index: 124
caller: classpath:InspireTest/def/checkxlinkurl.template.feature
arg: {"link":""}
checkxlinkurl.template.feature:21 - 
org.apache.http.client.ClientProtocolException
-------
feature call (loop) failed at index: 125
caller: classpath:InspireTest/def/checkxlinkurl.template.feature
arg: {"link":""}
checkxlinkurl.template.feature:21 - 
org.apache.http.client.ClientProtocolException
-------
feature call (loop) failed at index: 126
caller: classpath:InspireTest/def/checkxlinkurl.template.feature
arg: {"link":""}
checkxlinkurl.template.feature:21 - 
org.apache.http.client.ClientProtocolException
-------
feature call (loop) failed at index: 127
caller: classpath:InspireTest/def/checkxlinkurl.template.feature
arg: {"link":""}
checkxlinkurl.template.feature:21 - 
org.apache.http.client.ClientProtocolException
-------
feature call (loop) failed at index: 128
caller: classpath:InspireTest/def/checkxlinkurl.template.feature
arg: {"link":""}
checkxlinkurl.template.feature:21 - 
org.apache.http.client.ClientProtocolException
-------
feature call (loop) failed at index: 129
caller: classpath:InspireTest/def/checkxlinkurl.template.feature
arg: {"link":""}
checkxlinkurl.template.feature:21 - 
org.apache.http.client.ClientProtocolException
-------
feature call (loop) failed at index: 130
caller: classpath:InspireTest/def/checkxlinkurl.template.feature
arg: {"link":""}
checkxlinkurl.template.feature:21 - 
org.apache.http.client.ClientProtocolException
-------
feature call (loop) failed at index: 131
caller: classpath:InspireTest/def/checkxlinkurl.template.feature
arg: {"link":""}
checkxlinkurl.template.feature:21 - 
org.apache.http.client.ClientProtocolException
-------
feature call (loop) failed at index: 132
caller: classpath:InspireTest/def/checkxlinkurl.template.feature
arg: {"link":""}
checkxlinkurl.template.feature:21 - 
org.apache.http.client.ClientProtocolException
-------
feature call (loop) failed at index: 133
caller: classpath:InspireTest/def/checkxlinkurl.template.feature
arg: {"link":""}
checkxlinkurl.template.feature:21 - 
org.apache.http.client.ClientProtocolException
-------
feature call (loop) failed at index: 134
caller: classpath:InspireTest/def/checkxlinkurl.template.feature
arg: {"link":""}
checkxlinkurl.template.feature:21 - 
org.apache.http.client.ClientProtocolException
-------
feature call (loop) failed at index: 135
caller: classpath:InspireTest/def/checkxlinkurl.template.feature
arg: {"link":""}
checkxlinkurl.template.feature:21 - 
org.apache.http.client.ClientProtocolException
-------
feature call (loop) failed at index: 136
caller: classpath:InspireTest/def/checkxlinkurl.template.feature
arg: {"link":""}
checkxlinkurl.template.feature:21 - 
org.apache.http.client.ClientProtocolException
-------
feature call (loop) failed at index: 137
caller: classpath:InspireTest/def/checkxlinkurl.template.feature
arg: {"link":""}
checkxlinkurl.template.feature:21 - 
org.apache.http.client.ClientProtocolException
-------
feature call (loop) failed at index: 138
caller: classpath:InspireTest/def/checkxlinkurl.template.feature
arg: {"link":""}
checkxlinkurl.template.feature:21 - 
org.apache.http.client.ClientProtocolException
-------
feature call (loop) failed at index: 139
caller: classpath:InspireTest/def/checkxlinkurl.template.feature
arg: {"link":""}
checkxlinkurl.template.feature:21 - 
org.apache.http.client.ClientProtocolException
-------
feature call (loop) failed at index: 140
caller: classpath:InspireTest/def/checkxlinkurl.template.feature
arg: {"link":""}
checkxlinkurl.template.feature:21 - 
org.apache.http.client.ClientProtocolException
-------
feature call (loop) failed at index: 141
caller: classpath:InspireTest/def/checkxlinkurl.template.feature
arg: {"link":""}
checkxlinkurl.template.feature:21 - 
org.apache.http.client.ClientProtocolException
-------
feature call (loop) failed at index: 142
caller: classpath:InspireTest/def/checkxlinkurl.template.feature
arg: {"link":""}
checkxlinkurl.template.feature:21 - 
org.apache.http.client.ClientProtocolException
-------
feature call (loop) failed at index: 143
caller: classpath:InspireTest/def/checkxlinkurl.template.feature
arg: {"link":""}
checkxlinkurl.template.feature:21 - 
org.apache.http.client.ClientProtocolException
-------
feature call (loop) failed at index: 144
caller: classpath:InspireTest/def/checkxlinkurl.template.feature
arg: {"link":""}
checkxlinkurl.template.feature:21 - 
org.apache.http.client.ClientProtocolException
-------
feature call (loop) failed at index: 145
caller: classpath:InspireTest/def/checkxlinkurl.template.feature
arg: {"link":""}
checkxlinkurl.template.feature:21 - 
org.apache.http.client.ClientProtocolException
-------
feature call (loop) failed at index: 146
caller: classpath:InspireTest/def/checkxlinkurl.template.feature
arg: {"link":""}
checkxlinkurl.template.feature:21 - 
org.apache.http.client.ClientProtocolException
-------
feature call (loop) failed at index: 147
caller: classpath:InspireTest/def/checkxlinkurl.template.feature
arg: {"link":""}
checkxlinkurl.template.feature:21 - 
org.apache.http.client.ClientProtocolException
-------
feature call (loop) failed at index: 148
caller: classpath:InspireTest/def/checkxlinkurl.template.feature
arg: {"link":""}
checkxlinkurl.template.feature:21 - 
org.apache.http.client.ClientProtocolException
-------
feature call (loop) failed at index: 149
caller: classpath:InspireTest/def/checkxlinkurl.template.feature
arg: {"link":""}
checkxlinkurl.template.feature:21 - 
org.apache.http.client.ClientProtocolException
-------
feature call (loop) failed at index: 150
caller: classpath:InspireTest/def/checkxlinkurl.template.feature
arg: {"link":""}
checkxlinkurl.template.feature:21 - 
org.apache.http.client.ClientProtocolException
-------
feature call (loop) failed at index: 151
caller: classpath:InspireTest/def/checkxlinkurl.template.feature
arg: {"link":""}
checkxlinkurl.template.feature:21 - 
org.apache.http.client.ClientProtocolException
-------
feature call (loop) failed at index: 152
caller: classpath:InspireTest/def/checkxlinkurl.template.feature
arg: {"link":""}
checkxlinkurl.template.feature:21 - 
org.apache.http.client.ClientProtocolException
-------
feature call (loop) failed at index: 153
caller: classpath:InspireTest/def/checkxlinkurl.template.feature
arg: {"link":""}
checkxlinkurl.template.feature:21 - 
org.apache.http.client.ClientProtocolException
-------
feature call (loop) failed at index: 154
caller: classpath:InspireTest/def/checkxlinkurl.template.feature
arg: {"link":""}
checkxlinkurl.template.feature:21 - 
org.apache.http.client.ClientProtocolException
-------
feature call (loop) failed at index: 155
caller: classpath:InspireTest/def/checkxlinkurl.template.feature
arg: {"link":""}
checkxlinkurl.template.feature:21 - 
org.apache.http.client.ClientProtocolException
-------
feature call (loop) failed at index: 156
caller: classpath:InspireTest/def/checkxlinkurl.template.feature
arg: {"link":""}
checkxlinkurl.template.feature:21 - 
org.apache.http.client.ClientProtocolException
-------
feature call (loop) failed at index: 157
caller: classpath:InspireTest/def/checkxlinkurl.template.feature
arg: {"link":""}
checkxlinkurl.template.feature:21 - 
org.apache.http.client.ClientProtocolException
-------
feature call (loop) failed at index: 158
caller: classpath:InspireTest/def/checkxlinkurl.template.feature
arg: {"link":""}
checkxlinkurl.template.feature:21 - 
org.apache.http.client.ClientProtocolException
-------
feature call (loop) failed at index: 159
caller: classpath:InspireTest/def/checkxlinkurl.template.feature
arg: {"link":""}
checkxlinkurl.template.feature:21 - 
org.apache.http.client.ClientProtocolException
-------
feature call (loop) failed at index: 160
caller: classpath:InspireTest/def/checkxlinkurl.template.feature
arg: {"link":""}
checkxlinkurl.template.feature:21 - 
org.apache.http.client.ClientProtocolException
-------
feature call (loop) failed at index: 161
caller: classpath:InspireTest/def/checkxlinkurl.template.feature
arg: {"link":""}
checkxlinkurl.template.feature:21 - 
org.apache.http.client.ClientProtocolException
-------
feature call (loop) failed at index: 162
caller: classpath:InspireTest/def/checkxlinkurl.template.feature
arg: {"link":""}
checkxlinkurl.template.feature:21 - 
org.apache.http.client.ClientProtocolException
-------
feature call (loop) failed at index: 163
caller: classpath:InspireTest/def/checkxlinkurl.template.feature
arg: {"link":""}
checkxlinkurl.template.feature:21 - 
org.apache.http.client.ClientProtocolException
-------
feature call (loop) failed at index: 164
caller: classpath:InspireTest/def/checkxlinkurl.template.feature
arg: {"link":""}
checkxlinkurl.template.feature:21 - 
org.apache.http.client.ClientProtocolException
-------
feature call (loop) failed at index: 165
caller: classpath:InspireTest/def/checkxlinkurl.template.feature
arg: {"link":""}
checkxlinkurl.template.feature:21 - 
org.apache.http.client.ClientProtocolException
-------
feature call (loop) failed at index: 166
caller: classpath:InspireTest/def/checkxlinkurl.template.feature
arg: {"link":""}
checkxlinkurl.template.feature:21 - 
org.apache.http.client.ClientProtocolException
-------
feature call (loop) failed at index: 167
caller: classpath:InspireTest/def/checkxlinkurl.template.feature
arg: {"link":""}
checkxlinkurl.template.feature:21 - 
org.apache.http.client.ClientProtocolException
-------
feature call (loop) failed at index: 168
caller: classpath:InspireTest/def/checkxlinkurl.template.feature
arg: {"link":""}
checkxlinkurl.template.feature:21 - 
org.apache.http.client.ClientProtocolException
-------
feature call (loop) failed at index: 169
caller: classpath:InspireTest/def/checkxlinkurl.template.feature
arg: {"link":""}
checkxlinkurl.template.feature:21 - 
org.apache.http.client.ClientProtocolException
-------
feature call (loop) failed at index: 170
caller: classpath:InspireTest/def/checkxlinkurl.template.feature
arg: {"link":""}
checkxlinkurl.template.feature:21 - 
org.apache.http.client.ClientProtocolException
-------
feature call (loop) failed at index: 171
caller: classpath:InspireTest/def/checkxlinkurl.template.feature
arg: {"link":""}
checkxlinkurl.template.feature:21 - 
org.apache.http.client.ClientProtocolException
-------
feature call (loop) failed at index: 172
caller: classpath:InspireTest/def/checkxlinkurl.template.feature
arg: {"link":""}
checkxlinkurl.template.feature:21 - 
org.apache.http.client.ClientProtocolException
-------
feature call (loop) failed at index: 173
caller: classpath:InspireTest/def/checkxlinkurl.template.feature
arg: {"link":""}
checkxlinkurl.template.feature:21 - 
org.apache.http.client.ClientProtocolException
-------
feature call (loop) failed at index: 174
caller: classpath:InspireTest/def/checkxlinkurl.template.feature
arg: {"link":""}
checkxlinkurl.template.feature:21 - 
org.apache.http.client.ClientProtocolException
-------
feature call (loop) failed at index: 175
caller: classpath:InspireTest/def/checkxlinkurl.template.feature
arg: {"link":""}
checkxlinkurl.template.feature:21 - 
org.apache.http.client.ClientProtocolException
-------
feature call (loop) failed at index: 176
caller: classpath:InspireTest/def/checkxlinkurl.template.feature
arg: {"link":""}
checkxlinkurl.template.feature:21 - 
org.apache.http.client.ClientProtocolException
-------
feature call (loop) failed at index: 177
caller: classpath:InspireTest/def/checkxlinkurl.template.feature
arg: {"link":""}
checkxlinkurl.template.feature:21 - 
org.apache.http.client.ClientProtocolException
-------
feature call (loop) failed at index: 178
caller: classpath:InspireTest/def/checkxlinkurl.template.feature
arg: {"link":""}
checkxlinkurl.template.feature:21 - 
org.apache.http.client.ClientProtocolException
-------
feature call (loop) failed at index: 179
caller: classpath:InspireTest/def/checkxlinkurl.template.feature
arg: {"link":""}
checkxlinkurl.template.feature:21 - 
org.apache.http.client.ClientProtocolException
-------
feature call (loop) failed at index: 180
caller: classpath:InspireTest/def/checkxlinkurl.template.feature
arg: {"link":""}
checkxlinkurl.template.feature:21 - 
org.apache.http.client.ClientProtocolException
-------
feature call (loop) failed at index: 181
caller: classpath:InspireTest/def/checkxlinkurl.template.feature
arg: {"link":""}
checkxlinkurl.template.feature:21 - 
org.apache.http.client.ClientProtocolException
-------
feature call (loop) failed at index: 182
caller: classpath:InspireTest/def/checkxlinkurl.template.feature
arg: {"link":""}
checkxlinkurl.template.feature:21 - 
org.apache.http.client.ClientProtocolException
-------
feature call (loop) failed at index: 183
caller: classpath:InspireTest/def/checkxlinkurl.template.feature
arg: {"link":""}
checkxlinkurl.template.feature:21 - 
org.apache.http.client.ClientProtocolException
-------
feature call (loop) failed at index: 184
caller: classpath:InspireTest/def/checkxlinkurl.template.feature
arg: {"link":""}
checkxlinkurl.template.feature:21 - 
org.apache.http.client.ClientProtocolException
-------
feature call (loop) failed at index: 185
caller: classpath:InspireTest/def/checkxlinkurl.template.feature
arg: {"link":""}
checkxlinkurl.template.feature:21 - 
org.apache.http.client.ClientProtocolException
-------
feature call (loop) failed at index: 186
caller: classpath:InspireTest/def/checkxlinkurl.template.feature
arg: {"link":""}
checkxlinkurl.template.feature:21 - 
org.apache.http.client.ClientProtocolException
-------
feature call (loop) failed at index: 187
caller: classpath:InspireTest/def/checkxlinkurl.template.feature
arg: {"link":""}
checkxlinkurl.template.feature:21 - 
org.apache.http.client.ClientProtocolException
-------
feature call (loop) failed at index: 188
caller: classpath:InspireTest/def/checkxlinkurl.template.feature
arg: {"link":""}
checkxlinkurl.template.feature:21 - 
org.apache.http.client.ClientProtocolException
-------
feature call (loop) failed at index: 189
caller: classpath:InspireTest/def/checkxlinkurl.template.feature
arg: {"link":""}
checkxlinkurl.template.feature:21 - 
org.apache.http.client.ClientProtocolException
-------
feature call (loop) failed at index: 190
caller: classpath:InspireTest/def/checkxlinkurl.template.feature
arg: {"link":""}
checkxlinkurl.template.feature:21 - 
org.apache.http.client.ClientProtocolException
-------
feature call (loop) failed at index: 191
caller: classpath:InspireTest/def/checkxlinkurl.template.feature
arg: {"link":""}
checkxlinkurl.template.feature:21 - 
org.apache.http.client.ClientProtocolException
-------
feature call (loop) failed at index: 192
caller: classpath:InspireTest/def/checkxlinkurl.template.feature
arg: {"link":""}
checkxlinkurl.template.feature:21 - 
org.apache.http.client.ClientProtocolException
-------
feature call (loop) failed at index: 193
caller: classpath:InspireTest/def/checkxlinkurl.template.feature
arg: {"link":""}
checkxlinkurl.template.feature:21 - 
org.apache.http.client.ClientProtocolException
-------
feature call (loop) failed at index: 194
caller: classpath:InspireTest/def/checkxlinkurl.template.feature
arg: {"link":""}
checkxlinkurl.template.feature:21 - 
org.apache.http.client.ClientProtocolException
-------
feature call (loop) failed at index: 195
caller: classpath:InspireTest/def/checkxlinkurl.template.feature
arg: {"link":""}
checkxlinkurl.template.feature:21 - 
org.apache.http.client.ClientProtocolException
-------
feature call (loop) failed at index: 196
caller: classpath:InspireTest/def/checkxlinkurl.template.feature
arg: {"link":""}
checkxlinkurl.template.feature:21 - 
org.apache.http.client.ClientProtocolException
-------
feature call (loop) failed at index: 197
caller: classpath:InspireTest/def/checkxlinkurl.template.feature
arg: {"link":""}
checkxlinkurl.template.feature:21 - 
org.apache.http.client.ClientProtocolException
-------
feature call (loop) failed at index: 198
caller: classpath:InspireTest/def/checkxlinkurl.template.feature
arg: {"link":""}
checkxlinkurl.template.feature:21 - 
org.apache.http.client.ClientProtocolException
-------
feature call (loop) failed at index: 199
caller: classpath:InspireTest/def/checkxlinkurl.template.feature
arg: {"link":""}
checkxlinkurl.template.feature:21 - 
org.apache.http.client.ClientProtocolException
-------
feature call (loop) failed at index: 200
caller: classpath:InspireTest/def/checkxlinkurl.template.feature
arg: {"link":""}
checkxlinkurl.template.feature:21 - 
org.apache.http.client.ClientProtocolException
-------
feature call (loop) failed at index: 201
caller: classpath:InspireTest/def/checkxlinkurl.template.feature
arg: {"link":""}
checkxlinkurl.template.feature:21 - 
org.apache.http.client.ClientProtocolException
-------
feature call (loop) failed at index: 202
caller: classpath:InspireTest/def/checkxlinkurl.template.feature
arg: {"link":""}
checkxlinkurl.template.feature:21 - 
org.apache.http.client.ClientProtocolException
-------
feature call (loop) failed at index: 203
caller: classpath:InspireTest/def/checkxlinkurl.template.feature
arg: {"link":""}
checkxlinkurl.template.feature:21 - 
org.apache.http.client.ClientProtocolException
-------
feature call (loop) failed at index: 204
caller: classpath:InspireTest/def/checkxlinkurl.template.feature
arg: {"link":""}
checkxlinkurl.template.feature:21 - 
org.apache.http.client.ClientProtocolException
-------
feature call (loop) failed at index: 205
caller: classpath:InspireTest/def/checkxlinkurl.template.feature
arg: {"link":""}
checkxlinkurl.template.feature:21 - 
org.apache.http.client.ClientProtocolException
-------
feature call (loop) failed at index: 206
caller: classpath:InspireTest/def/checkxlinkurl.template.feature
arg: {"link":""}
checkxlinkurl.template.feature:21 - 
org.apache.http.client.ClientProtocolException
-------
feature call (loop) failed at index: 207
caller: classpath:InspireTest/def/checkxlinkurl.template.feature
arg: {"link":""}
checkxlinkurl.template.feature:21 - 
org.apache.http.client.ClientProtocolException
[1.22:24] check-known-service-record.feature:72 - feature call (loop) failed: classpath:InspireTest/def/checkxlinkurl.template.feature
caller: classpath:InspireTest/ngr/T03_services/check-known-service-record.feature
items: [{link=}, {link=http://www.nationaalgeoregister.nl/geonetwork/srv/nl/csw?Service=CSW&Request=GetRecordById&Version=2.0.2&id=88f76a94-ee4d-4e0c-9fde-91b692403e39&outputSchema=http://www.isotc211.org/2005/gmd&elementSetName=full#MD_DataIdentification}, {link=http://www.nationaalgeoregister.nl/geonetwork/srv/nl/csw?Service=CSW&Request=GetRecordById&Version=2.0.2&id=08af1182-91fe-4d21-aa21-ee002953c3cc&outputSchema=http://www.isotc211.org/2005/gmd&elementSetName=full#MD_DataIdentification}, {link=http://www.nationaalgeoregister.nl/geonetwork/srv/nl/csw?Service=CSW&Request=GetRecordById&Version=2.0.2&id=d91126e0-e37b-11e4-b571-0800200c9a66&outputSchema=http://www.isotc211.org/2005/gmd&elementSetName=full#MD_DataIdentification}, {link=http://www.nationaalgeoregister.nl/geonetwork/srv/nl/csw?Service=CSW&Request=GetRecordById&Version=2.0.2&id=667ebfb0-e37c-11e4-b571-0800200c9a66&outputSchema=http://www.isotc211.org/2005/gmd&elementSetName=full#MD_DataIdentification}]
errors:
-------
feature call (loop) failed at index: 0
caller: classpath:InspireTest/def/checkxlinkurl.template.feature
arg: {"link":""}
checkxlinkurl.template.feature:21 - 
org.apache.http.client.ClientProtocolException
[1.23:24] check-known-service-record.feature:72 - feature call (loop) failed: classpath:InspireTest/def/checkxlinkurl.template.feature
caller: classpath:InspireTest/ngr/T03_services/check-known-service-record.feature
items: [{link=http://inspire.ec.europa.eu/metadata-codelist/SpatialDataServiceCategory/infoMapAccessService}, {link=http://inspire.ec.europa.eu/metadata-codelist/SpatialDataServiceCategory}, {link=https://www.nationaalgeoregister.nl:443/geonetwork/srv/eng/thesaurus.download?ref=external.theme.httpinspireeceuropaeumetadatacodelistSpatialDataServiceCategory-SpatialDataServiceCategory}, {link=}, {link=}, {link=}, {link=http://www.nationaalgeoregister.nl/geonetwork/srv/dut/csw?service=CSW&request=GetRecordById&version=2.0.2&outputSchema=http://www.isotc211.org/2005/gmd&elementSetName=full&id=50a2c5e6-c8e7-425d-854e-26f578196bc9#MD_DataIdentification}]
errors:
-------
feature call (loop) failed at index: 0
caller: classpath:InspireTest/def/checkxlinkurl.template.feature
arg: {"link":"http://inspire.ec.europa.eu/metadata-codelist/SpatialDataServiceCategory/infoMapAccessService"}
checkxlinkurl.template.feature:21 - 
java.net.SocketTimeoutException: Read timed out
-------
feature call (loop) failed at index: 1
caller: classpath:InspireTest/def/checkxlinkurl.template.feature
arg: {"link":"http://inspire.ec.europa.eu/metadata-codelist/SpatialDataServiceCategory"}
checkxlinkurl.template.feature:21 - 
java.net.SocketTimeoutException: Read timed out
-------
feature call (loop) failed at index: 3
caller: classpath:InspireTest/def/checkxlinkurl.template.feature
arg: {"link":""}
checkxlinkurl.template.feature:21 - 
org.apache.http.client.ClientProtocolException
-------
feature call (loop) failed at index: 4
caller: classpath:InspireTest/def/checkxlinkurl.template.feature
arg: {"link":""}
checkxlinkurl.template.feature:21 - 
org.apache.http.client.ClientProtocolException
-------
feature call (loop) failed at index: 5
caller: classpath:InspireTest/def/checkxlinkurl.template.feature
arg: {"link":""}
checkxlinkurl.template.feature:21 - 
org.apache.http.client.ClientProtocolException
[1.24:24] check-known-service-record.feature:72 - feature call (loop) failed: classpath:InspireTest/def/checkxlinkurl.template.feature
caller: classpath:InspireTest/ngr/T03_services/check-known-service-record.feature
items: [{link=}, {link=http://www.nationaalgeoregister.nl/geonetwork/srv/nl/csw?Service=CSW&Request=GetRecordById&Version=2.0.2&id=88e2a6fa-b296-4ff4-bc30-fb87e2c1627e&outputSchema=http://www.isotc211.org/2005/gmd&elementSetName=full#MD_DataIdentification}]
errors:
-------
feature call (loop) failed at index: 0
caller: classpath:InspireTest/def/checkxlinkurl.template.feature
arg: {"link":""}
checkxlinkurl.template.feature:21 - 
org.apache.http.client.ClientProtocolException
InspireTest.ngr.T02_datasets.check-known-dataset-record: [1.2:24] check-known-dataset-record.feature:72 - feature call (loop) failed: classpath:InspireTest/def/checkxlinkurl.template.feature
caller: classpath:InspireTest/ngr/T02_datasets/check-known-dataset-record.feature
items: [{link=https://nationaalgeoregister.nl/geonetwork/srv/resourcesce4a6d93-83d6-4397-afa1-d4117d5ce76b}, {link=http://rdfdata.eionet.europa.eu/inspirethemes/themes/34}, {link=http://geonetwork-opensource.org/inspire-theme#}, {link=https://www.nationaalgeoregister.nl/geonetwork/srv/eng/thesaurus.download?ref=external.theme.inspire-theme}]
errors:
-------
feature call (loop) failed at index: 0
caller: classpath:InspireTest/def/checkxlinkurl.template.feature
arg: {"link":"https://nationaalgeoregister.nl/geonetwork/srv/resourcesce4a6d93-83d6-4397-afa1-d4117d5ce76b"}
checkxlinkurl.template.feature:28 - path: $, actual: 404, expected: 200, reason: not equal (Integer)
-------
feature call (loop) failed at index: 1
caller: classpath:InspireTest/def/checkxlinkurl.template.feature
arg: {"link":"http://rdfdata.eionet.europa.eu/inspirethemes/themes/34"}
checkxlinkurl.template.feature:28 - path: $, actual: 404, expected: 200, reason: not equal (Integer)
-------
feature call (loop) failed at index: 2
caller: classpath:InspireTest/def/checkxlinkurl.template.feature
arg: {"link":"http://geonetwork-opensource.org/inspire-theme#"}
checkxlinkurl.template.feature:28 - path: $, actual: 404, expected: 200, reason: not equal (Integer)
-------
feature call (loop) failed at index: 3
caller: classpath:InspireTest/def/checkxlinkurl.template.feature
arg: {"link":"https://www.nationaalgeoregister.nl/geonetwork/srv/eng/thesaurus.download?ref=external.theme.inspire-theme"}
checkxlinkurl.template.feature:28 - path: $, actual: 500, expected: 200, reason: not equal (Integer)
[1.3:24] check-known-dataset-record.feature:45 - xpath does not exist: /GetRecordByIdResponse//@href on response
[1.4:24] check-known-dataset-record.feature:72 - feature call (loop) failed: classpath:InspireTest/def/checkxlinkurl.template.feature
caller: classpath:InspireTest/ngr/T02_datasets/check-known-dataset-record.feature
items: [{link=http://nationaalgeoregister.nl/geonetwork/srv/dut/catalog.search#/metadata/247a1d15-0a67-40ce-85be-1403c08f15a8}, {link=xlink:href=https://inspire.ec.europa.eu/id/document/tg/ps}, {link=https://data.overheid.nl/organisatie/PDOK}]
errors:
-------
feature call (loop) failed at index: 1
caller: classpath:InspireTest/def/checkxlinkurl.template.feature
arg: {"link":"xlink:href=https://inspire.ec.europa.eu/id/document/tg/ps"}
checkxlinkurl.template.feature:21 - 
org.apache.http.client.ClientProtocolException: URI does not specify a valid host name: xlink:href=https://inspire.ec.europa.eu/id/document/tg/ps
-------
feature call (loop) failed at index: 2
caller: classpath:InspireTest/def/checkxlinkurl.template.feature
arg: {"link":"https://data.overheid.nl/organisatie/PDOK"}
checkxlinkurl.template.feature:28 - path: $, actual: 404, expected: 200, reason: not equal (Integer)
 ==> expected: <0> but was: <24>
	at InspireTest.TestAll.testParallel(InspireTest.java:27)
]]></failure>
    <system-out><![CDATA[12:56:29.757 [main] INFO  com.intuit.karate.RunnerOptions - found system property 'karate.options': --tags @step2
12:56:30.537 [main] INFO  com.intuit.karate.Runner - waiting for parallel features to complete ...
12:56:30.827 [pool-1-thread-7] INFO  com.intuit.karate - karate.env system property was:  
12:56:30.823 [pool-1-thread-1] INFO  com.intuit.karate - karate.env system property was:  
12:56:30.836 [pool-1-thread-6] INFO  com.intuit.karate - karate.env system property was:  
12:56:31.204 [pool-1-thread-6] INFO  com.intuit.karate - >> lock acquired, begin callonce: read('classpath:InspireTest/def/getservice.template.feature')
12:56:31.210 [pool-1-thread-7] INFO  com.intuit.karate - >> lock acquired, begin callonce: read('classpath:InspireTest/def/getdataset.template.feature')
12:56:31.319 [pool-1-thread-1] INFO  com.intuit.karate.Runner - <<fail>> feature 1 of 13: classpath:InspireTest/ngr/T04_extra/check-known-links.feature
---------------------------------------------------------
feature: classpath:InspireTest/ngr/T04_extra/check-known-links.feature
report: target/surefire-reports/InspireTest.ngr.T04_extra.check-known-links.json
scenarios:  1 | passed:  0 | failed:  1 | time: 0.0000
---------------------------------------------------------
12:56:31.629 [pool-1-thread-7] INFO  com.intuit.karate - << lock released, cached callonce: read('classpath:InspireTest/def/getdataset.template.feature')
12:56:31.631 [pool-1-thread-7] INFO  com.intuit.karate - [print] {
  "__arg": null,
  "responseType": "string",
  "responseHeaders": {
    "Connection": [
      "keep-alive"
    ],
    "Server": [
      "GitHub.com"
    ],
    "Content-Type": [
      "text/csv; charset=utf-8"
    ],
    "Strict-Transport-Security": [
      "max-age=31556952"
    ],
    "Last-Modified": [
      "Mon, 28 Sep 2020 12:32:30 GMT"
    ],
    "ETag": [
      "W/\"5f71d7de-77a\""
    ],
    "Access-Control-Allow-Origin": [
      "*"
    ],
    "Expires": [
      "Mon, 28 Sep 2020 13:06:31 GMT"
    ],
    "Cache-Control": [
      "max-age=600"
    ],
    "X-Proxy-Cache": [
      "MISS"
    ],
    "X-GitHub-Request-Id": [
      "8146:6B72:1E8D84:2325A1:5F71DD7F"
    ],
    "Accept-Ranges": [
      "bytes"
    ],
    "Date": [
      "Mon, 28 Sep 2020 12:56:31 GMT"
    ],
    "Via": [
      "1.1 varnish"
    ],
    "Age": [
      "0"
    ],
    "X-Served-By": [
      "cache-bwi5038-BWI"
    ],
    "X-Cache": [
      "MISS"
    ],
    "X-Cache-Hits": [
      "0"
    ],
    "X-Timer": [
      "S1601297792.533081,VS0,VE82"
    ],
    "Vary": [
      "Accept-Encoding"
    ],
    "X-Fastly-Request-ID": [
      "11ee6a2bd44f561af8d02604207d0eb1c6da5862"
    ]
  },
  "responseTime": 272,
  "response": "\"datasetIdentifierCode\",\"title\",\"dataIdentificationCitationAnchor\",\"organisation\",\"electronicMailAddress\",\"metadataStandardVersion\",\n\"cbeaebc3-815a-48af-a978-0e16892865fc\",\"Vogelrichtlijn verspreidingsgebied van soorten\",\"https://www.nationaalgeoregister.nl/geonetwork/srv/dut/catalog.search#/metadata/cbeaebc3-815a-48af-a978-0e16892865fc\",\"Ministerie van Economische Zaken - GIS Competence Center\",\"[geodatabeheer.giscc@rvo.nl, GeoDesk.CGI@wur.nl, geodatabeheer.giscc@rvo.nl, beheerPDOK@kadaster.nl, ]\",\"Nederlandse metadata profiel op ISO 19115 voor geografie 1.3\",\n\"e3b0da1e-0664-4025-b3f5-a54d74a26450\",\"zoutvelden en zoutproductieputten onder INSPIRE\",\"https://nationaalgeoregister.nl/geonetwork/srv/resourcesce4a6d93-83d6-4397-afa1-d4117d5ce76b\",\"TNO Geologische Dienst Nederland\",\"[info@dinoloket.nl, info@dinoloket.nl, info@dinoloket.nl]\",\"Nederlandse metadata profiel op ISO 19115 voor geografie 2.0\",\n\"edf79e6a-d73d-4def-8d22-0f495cc76a73\",\"Bronbestanden waterkwaliteit\",\"no MD_DataIdentificationCitationAnchor\",\"Informatiehuis Water\",\"[servicedesk@ihw.nl, servicedesk@ihw.nl]\",\"Nederlands metadata profiel op ISO 19115 voor geografie 1.3\",\n\"247a1d15-0a67-40ce-85be-1403c08f15a8\",\"Nationale Parken (INSPIRE Geharmoniseerd)\",\"http://nationaalgeoregister.nl/geonetwork/srv/dut/catalog.search#/metadata/247a1d15-0a67-40ce-85be-1403c08f15a8\",\"no organisationName found in dataset record\",\"[geodatabeheer.giscc@rvo.nl, geodatabeheer.giscc@rvo.nl, info@minlnv.nl, , , ]\",\"Nederlandse metadata profiel op ISO 19115 voor geografie 1.3\",\n\"d6b85d84-cdb9-4a6e-b799-cf8826e22a94\",\"Ligging industrie en CO2 emissies\",\"https://www.nationaalgeoregister.nl/geonetwork/srv/dut/catalog.search#/metadata/d6b85d84-cdb9-4a6e-b799-cf8826e22a94\",\"Ministerie van Economische Zaken - GIS Competence Center\",\"[geodatabeheer.giscc@rvo.nl, geodatabeheer.giscc@rvo.nl]\",\"Nederlands metadata profiel op ISO 19115 voor geografie 2.0\",\n",
  "requestTimeStamp": 1601297791355,
  "env": "dev",
  "myVarName": "someValue",
  "knownlinks": [
    "http://creativecommons.org/licenses/by/3.0/deed.nl",
    "http://creativecommons.org/licenses/by/3.0/nl/",
    "http://creativecommons.org/licenses/by/4.0/deed.nl",
    "http://creativecommons.org/publicdomain/mark/1.0/deed.nl",
    "http://creativecommons.org/publicdomain/zero/1.0/deed.nl",
    "http://data.europa.eu/eli/reg/2010/1089",
    "http://inspire.ec.europa.eu/applicationschema",
    "http://inspire.ec.europa.eu/applicationschema/of",
    "http://inspire.ec.europa.eu/id/document/tg/am",
    "http://inspire.ec.europa.eu/id/document/tg/au",
    "http://inspire.ec.europa.eu/id/document/tg/ef",
    "http://inspire.ec.europa.eu/id/document/tg/el",
    "http://inspire.ec.europa.eu/id/document/tg/hh",
    "http://inspire.ec.europa.eu/id/document/tg/hy",
    "http://inspire.ec.europa.eu/id/document/tg/nz",
    "http://inspire.ec.europa.eu/id/document/tg/of",
    "http://inspire.ec.europa.eu/id/document/tg/pf",
    "http://inspire.ec.europa.eu/id/document/tg/ps",
    "http://inspire.ec.europa.eu/id/document/tg/tn",
    "http://inspire.ec.europa.eu/id/document/tg/us",
    "http://inspire.ec.europa.eu/media-types/application/x-shapefile",
    "http://inspire.ec.europa.eu/metadata-codelist/ConditionsApplyingToAccessAndUse/noConditionsApply",
    "http://inspire.ec.europa.eu/metadata-codelist/LimitationsOnPublicAccess/INSPIRE_Directive_Article13_1f",
    "http://inspire.ec.europa.eu/metadata-codelist/LimitationsOnPublicAccess/noLimitations",
    "http://inspire.ec.europa.eu/metadata-codelist/OnLineDescriptionCode/accessPoint",
    "http://inspire.ec.europa.eu/metadata-codelist/OnLineDescriptionCode/endPoint",
    "http://inspire.ec.europa.eu/metadata-codelist/PriorityDataset",
    "http://inspire.ec.europa.eu/metadata-codelist/PriorityDataset/ActualPollutantReleases-reg-2006-166",
    "http://inspire.ec.europa.eu/metadata-codelist/PriorityDataset/Agglomerations-dir-1991-271",
    "http://inspire.ec.europa.eu/metadata-codelist/PriorityDataset/BirdSpeciesDistribution-dir-2009-147",
    "http://inspire.ec.europa.eu/metadata-codelist/PriorityDataset/BirdsRange-dir-2009-147",
    "http://inspire.ec.europa.eu/metadata-codelist/PriorityDataset/CoastalWaters-dir-2000-60",
    "http://inspire.ec.europa.eu/metadata-codelist/PriorityDataset/DischargePointsToReceivingWaters-dir-1991-271",
    "http://inspire.ec.europa.eu/metadata-codelist/PriorityDataset/DrinkingWaterAbstractionPoints-dir-1998-83",
    "http://inspire.ec.europa.eu/metadata-codelist/PriorityDataset/EstablishmentsInvolvingDangerousSubstances-dir-2012-18",
    "http://inspire.ec.europa.eu/metadata-codelist/PriorityDataset/FloodedAreas-dir-2007-60",
    "http://inspire.ec.europa.eu/metadata-codelist/PriorityDataset/FloodRiskZones-dir-2007-60",
    "http://inspire.ec.europa.eu/metadata-codelist/PriorityDataset/HabitatTypesDistribution-dir-1992-43",
    "http://inspire.ec.europa.eu/metadata-codelist/PriorityDataset/HabitatTypesRange-dir-1992-43",
    "http://inspire.ec.europa.eu/metadata-codelist/PriorityDataset/IndustrialSites-EURegistry-reg-2006-166",
    "http://inspire.ec.europa.eu/metadata-codelist/PriorityDataset/InvasiveAlienSpeciesDistribution-reg-2014-1143",
    "http://inspire.ec.europa.eu/metadata-codelist/PriorityDataset/Lakes-dir-2000-60",
    "http://inspire.ec.europa.eu/metadata-codelist/PriorityDataset/MajorAirportsNoiseExposureDelineationDEN-dir-2002-49",
    "http://inspire.ec.europa.eu/metadata-codelist/PriorityDataset/MajorAirportsNoiseExposureDelineationNight-dir-2002-49",
    "http://inspire.ec.europa.eu/metadata-codelist/PriorityDataset/MajorRailwaysNoiseExposureDelineationDEN-dir-2002-49",
    "http://inspire.ec.europa.eu/metadata-codelist/PriorityDataset/MajorRailwaysNoiseExposureDelineationNight-dir-2002-49",
    "http://inspire.ec.europa.eu/metadata-codelist/PriorityDataset/MajorRoadsNoiseExposureDelineation-dir-2002-49",
    "http://inspire.ec.europa.eu/metadata-codelist/PriorityDataset/MajorRoadsNoiseExposureDelineationDEN-dir-2002-49",
    "http://inspire.ec.europa.eu/metadata-codelist/PriorityDataset/ManagementUnits-dir-2007-60",
    "http://inspire.ec.europa.eu/metadata-codelist/PriorityDataset/MarineAssessmentUnits-dir-2008-56",
    "http://inspire.ec.europa.eu/metadata-codelist/PriorityDataset/MonitoringStations-dir-2000-60",
    "http://inspire.ec.europa.eu/metadata-codelist/PriorityDataset/MonitoringStations-dir-2008-56",
    "http://inspire.ec.europa.eu/metadata-codelist/PriorityDataset/MSFDReportingUnits-dir-2008-56",
    "http://inspire.ec.europa.eu/metadata-codelist/PriorityDataset/NationallyDesignatedAreasCDDA",
    "http://inspire.ec.europa.eu/metadata-codelist/PriorityDataset/Natura2000Sites-dir-1992-43",
    "http://inspire.ec.europa.eu/metadata-codelist/PriorityDataset/Natura2000Sites-dir-2009-147",
    "http://inspire.ec.europa.eu/metadata-codelist/PriorityDataset/RiverBasinDistricts-dir-2000-60",
    "http://inspire.ec.europa.eu/metadata-codelist/PriorityDataset/RiverBasinDistrictsSubUnits-dir-2000-60",
    "http://inspire.ec.europa.eu/metadata-codelist/PriorityDataset/Rivers-dir-2000-60",
    "http://inspire.ec.europa.eu/metadata-codelist/PriorityDataset/SpeciesDistribution-dir-1992-43",
    "http://inspire.ec.europa.eu/metadata-codelist/PriorityDataset/SpeciesRange-dir-1992-43",
    "http://inspire.ec.europa.eu/metadata-codelist/PriorityDataset/SurfaceWaterBodies-dir-2000-60",
    "http://inspire.ec.europa.eu/metadata-codelist/PriorityDataset/TransitionalWaters-dir-2000-60",
    "http://inspire.ec.europa.eu/metadata-codelist/PriorityDataset/UrbanWasteWaterTreatmentPlants-dir-1991-271",
    "http://inspire.ec.europa.eu/metadata-codelist/SpatialDataServiceType/download",
    "http://inspire.ec.europa.eu/metadata-codelist/SpatialDataServiceType/http://inspire.ec.europa.eu/metadata-codelist/SpatialDataServiceType/download",
    "http://inspire.ec.europa.eu/metadata-codelist/SpatialDataServiceType/other",
    "http://inspire.ec.europa.eu/metadata-codelist/SpatialDataServiceType/view",
    "http://inspire.ec.europa.eu/metadata-codelist/SpatialScope",
    "http://inspire.ec.europa.eu/metadata-codelist/SpatialScope/european",
    "http://inspire.ec.europa.eu/metadata-codelist/SpatialScope/national",
    "http://inspire.ec.europa.eu/schemas/am/4.0/AreaManagementRestrictionRegulationZone.xsd",
    "http://inspire.ec.europa.eu/schemas/ef/4.0/EnvironmentalMonitoringFacilities.xsd",
    "http://inspire.ec.europa.eu/schemas/el-bas/4.0/ElevationBaseTypes.xsd",
    "http://inspire.ec.europa.eu/schemas/hh/4.0/HumanHealth.xsd",
    "http://inspire.ec.europa.eu/schemas/hy-n/4.0/HydroNetwork.xsd",
    "http://inspire.ec.europa.eu/schemas/hy/4.0/HydroBase.xsd",
    "http://inspire.ec.europa.eu/schemas/mu/3.0/MaritimeUnits.xsd",
    "http://inspire.ec.europa.eu/schemas/nz-core/4.0/NaturalRiskZonesCore.xsd",
    "http://inspire.ec.europa.eu/schemas/nz/0.0/NaturalRiskZones.xsd",
    "http://inspire.ec.europa.eu/schemas/of/4.0/OceanFeatures.xsd",
    "http://inspire.ec.europa.eu/schemas/pf/4.0/ProductionAndIndustrialFacilities.xsd",
    "http://inspire.ec.europa.eu/schemas/ps/4.0/ProtectedSites.xsd",
    "http://inspire.ec.europa.eu/schemas/tn-ro/4.0/RoadTransportNetwork.xsd",
    "http://inspire.ec.europa.eu/schemas/tn-w/4.0/WaterTransportNetwork.xsd",
    "http://inspire.ec.europa.eu/schemas/tn/4.0/CommonTransportElements.xsd",
    "http://inspire.ec.europa.eu/schemas/us-govserv/4.0/GovernmentalServices.xsd",
    "http://inspire.ec.europa.eu/theme#",
    "http://standaarden.overheid.nl/owms/terms/Ministerie_van_Economische_Zaken",
    "http://standaarden.overheid.nl/owms/terms/Ministerie_van_Landbouw,_Natuur_en_Voedselkwaliteit",
    "http://standaarden.overheid.nl/owms/terms/Rijksinstituut_voor_Volksgezondheid_en_Milieu",
    "http://standaarden.overheid.nl/owms/terms/RVO",
    "http://www.eionet.europa.eu/gemet/inspire_themes",
    "http://www.eionet.europa.eu/gemet/nl/inspire-theme/ac",
    "http://www.eionet.europa.eu/gemet/nl/inspire-theme/ad",
    "http://www.eionet.europa.eu/gemet/nl/inspire-theme/af",
    "http://www.eionet.europa.eu/gemet/nl/inspire-theme/am",
    "http://www.eionet.europa.eu/gemet/nl/inspire-theme/au",
    "http://www.eionet.europa.eu/gemet/nl/inspire-theme/bu",
    "http://www.eionet.europa.eu/gemet/nl/inspire-theme/cp",
    "http://www.eionet.europa.eu/gemet/nl/inspire-theme/ef",
    "http://www.eionet.europa.eu/gemet/nl/inspire-theme/er",
    "http://www.eionet.europa.eu/gemet/nl/inspire-theme/ge",
    "http://www.eionet.europa.eu/gemet/nl/inspire-theme/gn",
    "http://www.eionet.europa.eu/gemet/nl/inspire-theme/hb",
    "http://www.eionet.europa.eu/gemet/nl/inspire-theme/hh",
    "http://www.eionet.europa.eu/gemet/nl/inspire-theme/hy",
    "http://www.eionet.europa.eu/gemet/nl/inspire-theme/lc",
    "http://www.eionet.europa.eu/gemet/nl/inspire-theme/lu",
    "http://www.eionet.europa.eu/gemet/nl/inspire-theme/mf",
    "http://www.eionet.europa.eu/gemet/nl/inspire-theme/nz",
    "http://www.eionet.europa.eu/gemet/nl/inspire-theme/of",
    "http://www.eionet.europa.eu/gemet/nl/inspire-theme/oi",
    "http://www.eionet.europa.eu/gemet/nl/inspire-theme/pd",
    "http://www.eionet.europa.eu/gemet/nl/inspire-theme/pf",
    "http://www.eionet.europa.eu/gemet/nl/inspire-theme/ps",
    "http://www.eionet.europa.eu/gemet/nl/inspire-theme/rs",
    "http://www.eionet.europa.eu/gemet/nl/inspire-theme/sd",
    "http://www.eionet.europa.eu/gemet/nl/inspire-theme/so",
    "http://www.eionet.europa.eu/gemet/nl/inspire-theme/sr",
    "http://www.eionet.europa.eu/gemet/nl/inspire-theme/su",
    "http://www.eionet.europa.eu/gemet/nl/inspire-theme/tn",
    "http://www.eionet.europa.eu/gemet/nl/inspire-theme/us",
    "http://www.iana.org/assignments/media-types/application/gml+xml",
    "https://www.iana.org/assignments/media-types/application/geopackage+sqlite3",
    "https://www.iana.org/assignments/media-types/application/gml+xml",
    "https://www.iana.org/assignments/media-types/application/xml",
    "http://www.opengeospatial.org/standards/sos",
    "http://www.opengeospatial.org/standards/wcs",
    "http://www.opengeospatial.org/standards/wfs",
    "http://www.opengeospatial.org/standards/wms",
    "http://www.opengeospatial.org/standards/wmts",
    "http://www.opengis.net/def/crs/EPSG/0/3034",
    "http://www.opengis.net/def/crs/EPSG/0/3035",
    "http://www.opengis.net/def/crs/EPSG/0/3857",
    "http://www.opengis.net/def/crs/EPSG/0/4258",
    "http://www.opengis.net/def/crs/EPSG/0/4326",
    "http://www.opengis.net/def/crs/EPSG/0/5709",
    "http://www.opengis.net/def/crs/EPSG/0/5730",
    "http://www.opengis.net/def/crs/EPSG/0/5861",
    "http://www.opengis.net/def/crs/EPSG/0/23031",
    "http://www.opengis.net/def/crs/EPSG/0/25831",
    "http://www.opengis.net/def/crs/EPSG/0/25832",
    "http://www.opengis.net/def/crs/EPSG/0/28992",
    "http://www.opengis.net/def/crs/EPSG/0/EPSG:4326",
    "http://www.opengis.net/def/crs/EPSG/0/EPSG:28992",
    "http://www.opengis.net/def/crs/EPSG/0/epsg:28992",
    "http://www.opengis.net/def/serviceType/ogc/wcs",
    "http://www.opengis.net/def/serviceType/ogc/wfs",
    "http://www.opengis.net/def/serviceType/ogc/wms",
    "http://www.opengis.net/def/serviceType/ogc/wmts",
    "http://www.wur.nl/nl/Expertises-Dienstverlening/Onderzoeksinstituten/Environmental-Research.htm",
    "https://ec.europa.eu/eurostat/web/health/data/database",
    "https://geodata.cbs.nl/files/INSPIRE",
    "https://geodata.nationaalgeoregister.nl/elu/atom/elu.xml",
    "https://inspire.ec.europa.eu/id/document/tg/au",
    "https://inspire.ec.europa.eu/id/document/tg/of",
    "https://inspire.ec.europa.eu/id/document/tg/ps",
    "https://inspire.ec.europa.eu/schemas/ps/4.0/ProtectedSites.xsd",
    "https://ngr.geocat.live/geonetwork/srv/eng/thesaurus.download?ref=external.theme.httpinspireeceuropaeumetadatacodelistSpatialScope-SpatialScope",
    "https://tools.ietf.org/html/rfc4287",
    "https://tools.ietf.org/html/rfc5023",
    "https://www.cbs.nl/-/media/cbs/dossiers/nederland%20regionaal/wijk-en-buurtstatistieken/shape%202017%20versie%2020.zip",
    "https://www.cbs.nl/nl-nl/dossier/nederland-regionaal/geografische-data/wijk-en-buurtkaart-2016",
    "https://www.cbs.nl/nl-nl/dossier/nederland-regionaal/geografische-data/wijk-en-buurtkaart-2018",
    "https://www.cbs.nl/nl-nl/dossier/nederland-regionaal/geografische-data/wijk-en-buurtkaart-2019",
    "https://www.iana.org/assignments/media-types/application/gml+xml",
    "https://www.iana.org/assignments/media-types/application/zip",
    "https://www.iana.org/assignments/media-types/image/png",
    "https://www.nationaalgeoregister.nl",
    "https://www.nationaalgeoregister.nl/geonetwork/srv/eng/thesaurus.download?ref=external.theme.httpinspireeceuropaeumetadatacodelistPriorityDataset-PriorityDataset",
    "https://www.nationaalgeoregister.nl/geonetwork/srv/eng/thesaurus.download?ref=external.theme.httpinspireeceuropaeumetadatacodelistSpatialScope-SpatialScope",
    "https://www.nationaalgeoregister.nl/geonetwork/srv/eng/thesaurus.download?ref=external.theme.httpinspireeceuropaeutheme-theme",
    "https://www.nationaalgeoregister.nl:443/geonetwork/srv/eng/thesaurus.download?ref=external.theme.httpinspireeceuropaeuapplicationschema-applicationschema",
    "https://www.nationaalgeoregister.nl:443/geonetwork/srv/eng/thesaurus.download?ref=external.theme.httpinspireeceuropaeumetadatacodelistPriorityDataset-PriorityDataset",
    "https://www.nationaalgeoregister.nl:443/geonetwork/srv/eng/thesaurus.download?ref=external.theme.httpinspireeceuropaeumetadatacodelistSpatialScope-SpatialScope",
    "https://www.nationaalgeoregister.nl:443/geonetwork/srv/eng/thesaurus.download?ref=external.theme.httpinspireeceuropaeutheme-theme"
  ],
  "responseStatus": 200,
  "__loop": -1,
  "responseCookies": null
}

12:56:31.635 [pool-1-thread-6] INFO  com.intuit.karate - << lock released, cached callonce: read('classpath:InspireTest/def/getservice.template.feature')
12:56:31.637 [pool-1-thread-6] INFO  com.intuit.karate - [print] {
  "__arg": null,
  "responseType": "string",
  "responseHeaders": {
    "Connection": [
      "keep-alive"
    ],
    "Server": [
      "GitHub.com"
    ],
    "Content-Type": [
      "text/csv; charset=utf-8"
    ],
    "Strict-Transport-Security": [
      "max-age=31556952"
    ],
    "Last-Modified": [
      "Mon, 28 Sep 2020 12:32:30 GMT"
    ],
    "ETag": [
      "W/\"5f71d7de-1b02\""
    ],
    "Access-Control-Allow-Origin": [
      "*"
    ],
    "Expires": [
      "Mon, 28 Sep 2020 13:06:31 GMT"
    ],
    "Cache-Control": [
      "max-age=600"
    ],
    "X-Proxy-Cache": [
      "MISS"
    ],
    "X-GitHub-Request-Id": [
      "944C:1A8A:15C749:190F41:5F71DD7F"
    ],
    "Accept-Ranges": [
      "bytes"
    ],
    "Date": [
      "Mon, 28 Sep 2020 12:56:31 GMT"
    ],
    "Via": [
      "1.1 varnish"
    ],
    "Age": [
      "0"
    ],
    "X-Served-By": [
      "cache-bwi5068-BWI"
    ],
    "X-Cache": [
      "MISS"
    ],
    "X-Cache-Hits": [
      "0"
    ],
    "X-Timer": [
      "S1601297792.533239,VS0,VE85"
    ],
    "Vary": [
      "Accept-Encoding"
    ],
    "X-Fastly-Request-ID": [
      "b99bc34c9a6e2dd79f3257312f25b21c5a1240f8"
    ]
  },
  "responseTime": 268,
  "response": "\"serviceIdentifierCode\",\"title\",\"dataIdentificationCitationAnchor\",\"organisation\",\"electronicMailAddress\",\"metadataStandardVersion\",\n\"86cb5bcc-a199-43e2-9e03-2d0fe8bdfa3f\",\"Vervoersnetwerken - spoorwegen (INSPIRE geharmoniseerd) WFS\",\"no MD_DataIdentificationCitationAnchor\",\"Beheer PDOK\",\"[beheerPDOK@kadaster.nl, beheerPDOK@kadaster.nl]\",\"Nederlands metadata profiel op ISO 19119 voor services 2.0\",\n\"cea38797-ea4b-4969-b979-8d25eb543a6c\",\"Statistics Netherlands Land Use 2015 WMS (BBG 2015 INSPIRE geharmoniseerd)\",\"no MD_DataIdentificationCitationAnchor\",\"Beheer PDOK\",\"[beheerPDOK@kadaster.nl, beheerPDOK@kadaster.nl]\",\"Nederlands metadata profiel op ISO 19119 voor services 2.0\",\n\"081bcfff-5f66-467c-95d0-d88dcf9aa4cf\",\"Monitoring stations (Nitraatrichtlijn) ondiepe filters (WMS)\",\"no MD_DataIdentificationCitationAnchor\",\"no organisationName found in dataset record\",\"[geodata@rivm.nl, geodata@rivm.nl]\",\"Nederlands metadata profiel op ISO 19119 voor services 2.0\",\n\"af4841b5-ce83-4edb-af41-429a21140316\",\"Habitatrichtlijn verspreiding van typen WFS\",\"no MD_DataIdentificationCitationAnchor\",\"Beheer PDOK\",\"[beheerPDOK@kadaster.nl, beheerPDOK@kadaster.nl]\",\"Nederlands metadata profiel op ISO 19119 voor services 2.0\",\n\"ec73f245-66ce-4144-ac27-5966c80a4b3a\",\"Vervoersnetwerken - Waterwegen (INSPIRE geharmoniseerd) WFS\",\"no MD_DataIdentificationCitationAnchor\",\"Beheer PDOK\",\"[beheerPDOK@kadaster.nl, beheerPDOK@kadaster.nl]\",\"Nederlands metadata profiel op ISO 19119 voor services 2.0\",\n\"7681eb19-a914-4dc7-9208-c2a131dca06d\",\"Kaderrichtlijn Water EU2015 WMS\",\"no MD_DataIdentificationCitationAnchor\",\"Beheer PDOK\",\"[beheerpdok@kadaster.nl, beheerpdok@kadaster.nl]\",\"Nederlands metadata profiel op ISO 19119 voor services 2.0\",\n\"ceda1b88-32ac-40b2-a841-71eb041c9427\",\"Potentiekaart reststromen WMS\",\"no MD_DataIdentificationCitationAnchor\",\"Beheer PDOK\",\"[beheerPDOK@kadaster.nl, beheerPDOK@kadaster.nl]\",\"Nederlands metadata profiel op ISO 19119 voor services 2.0\",\n\"7b8f44b5-6eae-4113-a835-84b8678c3dd5\",\"Beschermde Gebieden - Cultuurhistorie (INSPIRE geharmoniseerd) WMS\",\"no MD_DataIdentificationCitationAnchor\",\"Beheer PDOK\",\"[beheerPDOK@kadaster.nl, beheerPDOK@kadaster.nl]\",\"Nederlands metadata profiel op ISO 19119 voor services 2.0\",\n\"0bc2bcb8-558b-446b-b4e2-381b13d483a8\",\"Mossel- en oesterhabitats WMS\",\"no MD_DataIdentificationCitationAnchor\",\"Beheer PDOK\",\"[beheerPDOK@kadaster.nl, beheerPDOK@kadaster.nl]\",\"Nederlands metadata profiel op ISO 19119 voor services 2.0\",\n\"d4dded2c-65ec-4e13-897e-03278d53a958\",\"Olie- en gasvelden onder INSPIRE, viewservice\",\"no MD_DataIdentificationCitationAnchor\",\"no organisationName found in dataset record\",\"[, info@dinoloket.nl]\",\"Nederlands metadata profiel op ISO 19119 voor services 2.0\",\n\"95e2c712-1b91-4f24-9453-c56b95227717\",\"Emissies naar het riool in 2015 vanuit de industrie (WMS)\",\"no MD_DataIdentificationCitationAnchor\",\"no organisationName found in dataset record\",\"[emissieregistratie@rivm.nl, emissieregistratie@rivm.nl]\",\"Nederlands metadata profiel op ISO 19119 voor services 2.0\",\n\"3ebe56dc-5f09-4fb3-b224-55c2db4ca2fd\",\"RD info WFS\",\"no MD_DataIdentificationCitationAnchor\",\"Beheer PDOK\",\"[beheerPDOK@kadaster.nl, beheerPDOK@kadaster.nl]\",\"Nederlands metadata profiel op ISO 19119 voor services 2.0\",\n\"ca71572f-a498-4ca6-aa60-d4c4c4d59e2e\",\"Geografische Namen (Nat) - Nederland - Viewservice\",\"no MD_DataIdentificationCitationAnchor\",\"Ministerie van Defensie, Koninklijke Marine, Dienst der Hydrografie\",\"[data@hydro.nl, hydro.servicedesk@mindef.nl]\",\"Nederlands metadata profiel op ISO 19119 voor services 2.0\",\n\"62c0d0a5-5826-406d-a625-d84bc5fec800\",\"Noordzee Vaarwegmarkeringen WFS\",\"no MD_DataIdentificationCitationAnchor\",\"Beheer PDOK\",\"[beheerPDOK@kadaster.nl, beheerPDOK@kadaster.nl]\",\"Nederlands metadata profiel op ISO 19119 voor services 2.0\",\n\"180b6682-5d6f-429d-abb7-32f7d6253787\",\"Windsnelheden 100m hoogte WFS\",\"no MD_DataIdentificationCitationAnchor\",\"Beheer PDOK\",\"[beheerPDOK@kadaster.nl, beheerPDOK@kadaster.nl]\",\"Nederlands metadata profiel op ISO 19119 voor services 2.0\",\n\"f2d2cd9d-7410-485a-95e0-c1b885243eaf\",\"EEZ volgens UNCLOS - Noordzee - Viewservice\",\"no MD_DataIdentificationCitationAnchor\",\"Ministerie van Defensie, Koninklijke Marine, Dienst der Hydrografie\",\"[data@hydro.nl, hydro.servicedesk@mindef.nl]\",\"Nederlands metadata profiel op ISO 19119 voor services 2.0\",\n\"b0119753-5625-4500-9df3-13823ff9868f\",\"Habitatrichtlijn verspreiding van typen WMS\",\"no MD_DataIdentificationCitationAnchor\",\"Beheer PDOK\",\"[beheerPDOK@kadaster.nl, beheerPDOK@kadaster.nl]\",\"Nederlands metadata profiel op ISO 19119 voor services 2.0\",\n\"c3ee15e4-38bf-4d54-9c0b-cfe0e609d448\",\"Actueel Hoogtebestand Nederland 1 (AHN1) WMS\",\"no MD_DataIdentificationCitationAnchor\",\"Beheer PDOK\",\"[beheerPDOK@kadaster.nl, beheerPDOK@kadaster.nl]\",\"Nederlands metadata profiel op ISO 19119 voor services 2.0\",\n\"2b9da196-422e-4b0e-a5ba-ba41ade308e9\",\"Habitatrichtlijn verspreiding van habitattypen WMS\",\"no MD_DataIdentificationCitationAnchor\",\"Beheer PDOK\",\"[beheerpdok@kadaster.nl, beheerpdok@kadaster.nl]\",\"Nederlands metadata profiel op ISO 19119 voor services 2.0\",\n\"5dfccef3-9b52-47f2-bb02-66b74aaf3af8\",\"Territoriale Zee volgens UNCLOS - Noordzee - Viewservice\",\"no MD_DataIdentificationCitationAnchor\",\"Ministerie van Defensie, Koninklijke Marine, Dienst der Hydrografie\",\"[data@hydro.nl, hydro.servicedesk@mindef.nl]\",\"Nederlands metadata profiel op ISO 19119 voor services 2.0\",\n\"82541a1f-2e4e-459f-ab2f-e97cac3ad040\",\"Habitatrichtlijn verspreidingsgebied van habitattypen WFS\",\"no MD_DataIdentificationCitationAnchor\",\"Beheer PDOK\",\"[beheerPDOK@kadaster.nl, beheerPDOK@kadaster.nl]\",\"Nederlands metadata profiel op ISO 19119 voor services 2.0\",\n\"00e8746f-5031-413e-8343-9203c8ea82ee\",\"INSPIRE Download service voor Gebieden met natuurrisico's\",\"no MD_DataIdentificationCitationAnchor\",\"Interprovinciaal Overleg\",\"[inspire@gbo-provincies.nl, inspire@gbo-provincies.nl]\",\"Nederlands metadata profiel op ISO 19119 voor services 2.0\",\n\"777f41ee-8269-4bbc-b0e4-f889c62be099\",\"Afgevoerde hoeveelheid afval in 2011 vanuit de industrie (WMS)\",\"no MD_DataIdentificationCitationAnchor\",\"no organisationName found in dataset record\",\"[emissieregistratie@rivm.nl, emissieregistratie@rivm.nl]\",\"Nederlands metadata profiel op ISO 19119 voor services 2.0\",\n\"c99b1291-c51f-49c8-902d-5bd4148cbbde\",\"INSPIRE View service Habitats en biotopen\",\"no MD_DataIdentificationCitationAnchor\",\"Interprovinciaal Overleg\",\"[inspire@gbo-provincies.nl, inspire@gbo-provincies.nl]\",\"Nederlands metadata profiel op ISO 19119 voor services 2.0\",\n\"c7dad4b9-42a8-452f-a33b-d4938ed22142\",\"Gebieden in de Eemsmonding en de Dollard Downloadservice\",\"no MD_DataIdentificationCitationAnchor\",\"Ministerie van Defensie, Koninklijke Marine, Dienst der Hydrografie\",\"[data@hydro.nl, hydro.servicedesk@mindef.nl]\",\"Nederlands metadata profiel op ISO 19119 voor services 2.0\",\n",
  "requestTimeStamp": 1601297791355,
  "env": "dev",
  "myVarName": "someValue",
  "knownlinks": [
    "http://creativecommons.org/licenses/by/3.0/deed.nl",
    "http://creativecommons.org/licenses/by/3.0/nl/",
    "http://creativecommons.org/licenses/by/4.0/deed.nl",
    "http://creativecommons.org/publicdomain/mark/1.0/deed.nl",
    "http://creativecommons.org/publicdomain/zero/1.0/deed.nl",
    "http://data.europa.eu/eli/reg/2010/1089",
    "http://inspire.ec.europa.eu/applicationschema",
    "http://inspire.ec.europa.eu/applicationschema/of",
    "http://inspire.ec.europa.eu/id/document/tg/am",
    "http://inspire.ec.europa.eu/id/document/tg/au",
    "http://inspire.ec.europa.eu/id/document/tg/ef",
    "http://inspire.ec.europa.eu/id/document/tg/el",
    "http://inspire.ec.europa.eu/id/document/tg/hh",
    "http://inspire.ec.europa.eu/id/document/tg/hy",
    "http://inspire.ec.europa.eu/id/document/tg/nz",
    "http://inspire.ec.europa.eu/id/document/tg/of",
    "http://inspire.ec.europa.eu/id/document/tg/pf",
    "http://inspire.ec.europa.eu/id/document/tg/ps",
    "http://inspire.ec.europa.eu/id/document/tg/tn",
    "http://inspire.ec.europa.eu/id/document/tg/us",
    "http://inspire.ec.europa.eu/media-types/application/x-shapefile",
    "http://inspire.ec.europa.eu/metadata-codelist/ConditionsApplyingToAccessAndUse/noConditionsApply",
    "http://inspire.ec.europa.eu/metadata-codelist/LimitationsOnPublicAccess/INSPIRE_Directive_Article13_1f",
    "http://inspire.ec.europa.eu/metadata-codelist/LimitationsOnPublicAccess/noLimitations",
    "http://inspire.ec.europa.eu/metadata-codelist/OnLineDescriptionCode/accessPoint",
    "http://inspire.ec.europa.eu/metadata-codelist/OnLineDescriptionCode/endPoint",
    "http://inspire.ec.europa.eu/metadata-codelist/PriorityDataset",
    "http://inspire.ec.europa.eu/metadata-codelist/PriorityDataset/ActualPollutantReleases-reg-2006-166",
    "http://inspire.ec.europa.eu/metadata-codelist/PriorityDataset/Agglomerations-dir-1991-271",
    "http://inspire.ec.europa.eu/metadata-codelist/PriorityDataset/BirdSpeciesDistribution-dir-2009-147",
    "http://inspire.ec.europa.eu/metadata-codelist/PriorityDataset/BirdsRange-dir-2009-147",
    "http://inspire.ec.europa.eu/metadata-codelist/PriorityDataset/CoastalWaters-dir-2000-60",
    "http://inspire.ec.europa.eu/metadata-codelist/PriorityDataset/DischargePointsToReceivingWaters-dir-1991-271",
    "http://inspire.ec.europa.eu/metadata-codelist/PriorityDataset/DrinkingWaterAbstractionPoints-dir-1998-83",
    "http://inspire.ec.europa.eu/metadata-codelist/PriorityDataset/EstablishmentsInvolvingDangerousSubstances-dir-2012-18",
    "http://inspire.ec.europa.eu/metadata-codelist/PriorityDataset/FloodedAreas-dir-2007-60",
    "http://inspire.ec.europa.eu/metadata-codelist/PriorityDataset/FloodRiskZones-dir-2007-60",
    "http://inspire.ec.europa.eu/metadata-codelist/PriorityDataset/HabitatTypesDistribution-dir-1992-43",
    "http://inspire.ec.europa.eu/metadata-codelist/PriorityDataset/HabitatTypesRange-dir-1992-43",
    "http://inspire.ec.europa.eu/metadata-codelist/PriorityDataset/IndustrialSites-EURegistry-reg-2006-166",
    "http://inspire.ec.europa.eu/metadata-codelist/PriorityDataset/InvasiveAlienSpeciesDistribution-reg-2014-1143",
    "http://inspire.ec.europa.eu/metadata-codelist/PriorityDataset/Lakes-dir-2000-60",
    "http://inspire.ec.europa.eu/metadata-codelist/PriorityDataset/MajorAirportsNoiseExposureDelineationDEN-dir-2002-49",
    "http://inspire.ec.europa.eu/metadata-codelist/PriorityDataset/MajorAirportsNoiseExposureDelineationNight-dir-2002-49",
    "http://inspire.ec.europa.eu/metadata-codelist/PriorityDataset/MajorRailwaysNoiseExposureDelineationDEN-dir-2002-49",
    "http://inspire.ec.europa.eu/metadata-codelist/PriorityDataset/MajorRailwaysNoiseExposureDelineationNight-dir-2002-49",
    "http://inspire.ec.europa.eu/metadata-codelist/PriorityDataset/MajorRoadsNoiseExposureDelineation-dir-2002-49",
    "http://inspire.ec.europa.eu/metadata-codelist/PriorityDataset/MajorRoadsNoiseExposureDelineationDEN-dir-2002-49",
    "http://inspire.ec.europa.eu/metadata-codelist/PriorityDataset/ManagementUnits-dir-2007-60",
    "http://inspire.ec.europa.eu/metadata-codelist/PriorityDataset/MarineAssessmentUnits-dir-2008-56",
    "http://inspire.ec.europa.eu/metadata-codelist/PriorityDataset/MonitoringStations-dir-2000-60",
    "http://inspire.ec.europa.eu/metadata-codelist/PriorityDataset/MonitoringStations-dir-2008-56",
    "http://inspire.ec.europa.eu/metadata-codelist/PriorityDataset/MSFDReportingUnits-dir-2008-56",
    "http://inspire.ec.europa.eu/metadata-codelist/PriorityDataset/NationallyDesignatedAreasCDDA",
    "http://inspire.ec.europa.eu/metadata-codelist/PriorityDataset/Natura2000Sites-dir-1992-43",
    "http://inspire.ec.europa.eu/metadata-codelist/PriorityDataset/Natura2000Sites-dir-2009-147",
    "http://inspire.ec.europa.eu/metadata-codelist/PriorityDataset/RiverBasinDistricts-dir-2000-60",
    "http://inspire.ec.europa.eu/metadata-codelist/PriorityDataset/RiverBasinDistrictsSubUnits-dir-2000-60",
    "http://inspire.ec.europa.eu/metadata-codelist/PriorityDataset/Rivers-dir-2000-60",
    "http://inspire.ec.europa.eu/metadata-codelist/PriorityDataset/SpeciesDistribution-dir-1992-43",
    "http://inspire.ec.europa.eu/metadata-codelist/PriorityDataset/SpeciesRange-dir-1992-43",
    "http://inspire.ec.europa.eu/metadata-codelist/PriorityDataset/SurfaceWaterBodies-dir-2000-60",
    "http://inspire.ec.europa.eu/metadata-codelist/PriorityDataset/TransitionalWaters-dir-2000-60",
    "http://inspire.ec.europa.eu/metadata-codelist/PriorityDataset/UrbanWasteWaterTreatmentPlants-dir-1991-271",
    "http://inspire.ec.europa.eu/metadata-codelist/SpatialDataServiceType/download",
    "http://inspire.ec.europa.eu/metadata-codelist/SpatialDataServiceType/http://inspire.ec.europa.eu/metadata-codelist/SpatialDataServiceType/download",
    "http://inspire.ec.europa.eu/metadata-codelist/SpatialDataServiceType/other",
    "http://inspire.ec.europa.eu/metadata-codelist/SpatialDataServiceType/view",
    "http://inspire.ec.europa.eu/metadata-codelist/SpatialScope",
    "http://inspire.ec.europa.eu/metadata-codelist/SpatialScope/european",
    "http://inspire.ec.europa.eu/metadata-codelist/SpatialScope/national",
    "http://inspire.ec.europa.eu/schemas/am/4.0/AreaManagementRestrictionRegulationZone.xsd",
    "http://inspire.ec.europa.eu/schemas/ef/4.0/EnvironmentalMonitoringFacilities.xsd",
    "http://inspire.ec.europa.eu/schemas/el-bas/4.0/ElevationBaseTypes.xsd",
    "http://inspire.ec.europa.eu/schemas/hh/4.0/HumanHealth.xsd",
    "http://inspire.ec.europa.eu/schemas/hy-n/4.0/HydroNetwork.xsd",
    "http://inspire.ec.europa.eu/schemas/hy/4.0/HydroBase.xsd",
    "http://inspire.ec.europa.eu/schemas/mu/3.0/MaritimeUnits.xsd",
    "http://inspire.ec.europa.eu/schemas/nz-core/4.0/NaturalRiskZonesCore.xsd",
    "http://inspire.ec.europa.eu/schemas/nz/0.0/NaturalRiskZones.xsd",
    "http://inspire.ec.europa.eu/schemas/of/4.0/OceanFeatures.xsd",
    "http://inspire.ec.europa.eu/schemas/pf/4.0/ProductionAndIndustrialFacilities.xsd",
    "http://inspire.ec.europa.eu/schemas/ps/4.0/ProtectedSites.xsd",
    "http://inspire.ec.europa.eu/schemas/tn-ro/4.0/RoadTransportNetwork.xsd",
    "http://inspire.ec.europa.eu/schemas/tn-w/4.0/WaterTransportNetwork.xsd",
    "http://inspire.ec.europa.eu/schemas/tn/4.0/CommonTransportElements.xsd",
    "http://inspire.ec.europa.eu/schemas/us-govserv/4.0/GovernmentalServices.xsd",
    "http://inspire.ec.europa.eu/theme#",
    "http://standaarden.overheid.nl/owms/terms/Ministerie_van_Economische_Zaken",
    "http://standaarden.overheid.nl/owms/terms/Ministerie_van_Landbouw,_Natuur_en_Voedselkwaliteit",
    "http://standaarden.overheid.nl/owms/terms/Rijksinstituut_voor_Volksgezondheid_en_Milieu",
    "http://standaarden.overheid.nl/owms/terms/RVO",
    "http://www.eionet.europa.eu/gemet/inspire_themes",
    "http://www.eionet.europa.eu/gemet/nl/inspire-theme/ac",
    "http://www.eionet.europa.eu/gemet/nl/inspire-theme/ad",
    "http://www.eionet.europa.eu/gemet/nl/inspire-theme/af",
    "http://www.eionet.europa.eu/gemet/nl/inspire-theme/am",
    "http://www.eionet.europa.eu/gemet/nl/inspire-theme/au",
    "http://www.eionet.europa.eu/gemet/nl/inspire-theme/bu",
    "http://www.eionet.europa.eu/gemet/nl/inspire-theme/cp",
    "http://www.eionet.europa.eu/gemet/nl/inspire-theme/ef",
    "http://www.eionet.europa.eu/gemet/nl/inspire-theme/er",
    "http://www.eionet.europa.eu/gemet/nl/inspire-theme/ge",
    "http://www.eionet.europa.eu/gemet/nl/inspire-theme/gn",
    "http://www.eionet.europa.eu/gemet/nl/inspire-theme/hb",
    "http://www.eionet.europa.eu/gemet/nl/inspire-theme/hh",
    "http://www.eionet.europa.eu/gemet/nl/inspire-theme/hy",
    "http://www.eionet.europa.eu/gemet/nl/inspire-theme/lc",
    "http://www.eionet.europa.eu/gemet/nl/inspire-theme/lu",
    "http://www.eionet.europa.eu/gemet/nl/inspire-theme/mf",
    "http://www.eionet.europa.eu/gemet/nl/inspire-theme/nz",
    "http://www.eionet.europa.eu/gemet/nl/inspire-theme/of",
    "http://www.eionet.europa.eu/gemet/nl/inspire-theme/oi",
    "http://www.eionet.europa.eu/gemet/nl/inspire-theme/pd",
    "http://www.eionet.europa.eu/gemet/nl/inspire-theme/pf",
    "http://www.eionet.europa.eu/gemet/nl/inspire-theme/ps",
    "http://www.eionet.europa.eu/gemet/nl/inspire-theme/rs",
    "http://www.eionet.europa.eu/gemet/nl/inspire-theme/sd",
    "http://www.eionet.europa.eu/gemet/nl/inspire-theme/so",
    "http://www.eionet.europa.eu/gemet/nl/inspire-theme/sr",
    "http://www.eionet.europa.eu/gemet/nl/inspire-theme/su",
    "http://www.eionet.europa.eu/gemet/nl/inspire-theme/tn",
    "http://www.eionet.europa.eu/gemet/nl/inspire-theme/us",
    "http://www.iana.org/assignments/media-types/application/gml+xml",
    "https://www.iana.org/assignments/media-types/application/geopackage+sqlite3",
    "https://www.iana.org/assignments/media-types/application/gml+xml",
    "https://www.iana.org/assignments/media-types/application/xml",
    "http://www.opengeospatial.org/standards/sos",
    "http://www.opengeospatial.org/standards/wcs",
    "http://www.opengeospatial.org/standards/wfs",
    "http://www.opengeospatial.org/standards/wms",
    "http://www.opengeospatial.org/standards/wmts",
    "http://www.opengis.net/def/crs/EPSG/0/3034",
    "http://www.opengis.net/def/crs/EPSG/0/3035",
    "http://www.opengis.net/def/crs/EPSG/0/3857",
    "http://www.opengis.net/def/crs/EPSG/0/4258",
    "http://www.opengis.net/def/crs/EPSG/0/4326",
    "http://www.opengis.net/def/crs/EPSG/0/5709",
    "http://www.opengis.net/def/crs/EPSG/0/5730",
    "http://www.opengis.net/def/crs/EPSG/0/5861",
    "http://www.opengis.net/def/crs/EPSG/0/23031",
    "http://www.opengis.net/def/crs/EPSG/0/25831",
    "http://www.opengis.net/def/crs/EPSG/0/25832",
    "http://www.opengis.net/def/crs/EPSG/0/28992",
    "http://www.opengis.net/def/crs/EPSG/0/EPSG:4326",
    "http://www.opengis.net/def/crs/EPSG/0/EPSG:28992",
    "http://www.opengis.net/def/crs/EPSG/0/epsg:28992",
    "http://www.opengis.net/def/serviceType/ogc/wcs",
    "http://www.opengis.net/def/serviceType/ogc/wfs",
    "http://www.opengis.net/def/serviceType/ogc/wms",
    "http://www.opengis.net/def/serviceType/ogc/wmts",
    "http://www.wur.nl/nl/Expertises-Dienstverlening/Onderzoeksinstituten/Environmental-Research.htm",
    "https://ec.europa.eu/eurostat/web/health/data/database",
    "https://geodata.cbs.nl/files/INSPIRE",
    "https://geodata.nationaalgeoregister.nl/elu/atom/elu.xml",
    "https://inspire.ec.europa.eu/id/document/tg/au",
    "https://inspire.ec.europa.eu/id/document/tg/of",
    "https://inspire.ec.europa.eu/id/document/tg/ps",
    "https://inspire.ec.europa.eu/schemas/ps/4.0/ProtectedSites.xsd",
    "https://ngr.geocat.live/geonetwork/srv/eng/thesaurus.download?ref=external.theme.httpinspireeceuropaeumetadatacodelistSpatialScope-SpatialScope",
    "https://tools.ietf.org/html/rfc4287",
    "https://tools.ietf.org/html/rfc5023",
    "https://www.cbs.nl/-/media/cbs/dossiers/nederland%20regionaal/wijk-en-buurtstatistieken/shape%202017%20versie%2020.zip",
    "https://www.cbs.nl/nl-nl/dossier/nederland-regionaal/geografische-data/wijk-en-buurtkaart-2016",
    "https://www.cbs.nl/nl-nl/dossier/nederland-regionaal/geografische-data/wijk-en-buurtkaart-2018",
    "https://www.cbs.nl/nl-nl/dossier/nederland-regionaal/geografische-data/wijk-en-buurtkaart-2019",
    "https://www.iana.org/assignments/media-types/application/gml+xml",
    "https://www.iana.org/assignments/media-types/application/zip",
    "https://www.iana.org/assignments/media-types/image/png",
    "https://www.nationaalgeoregister.nl",
    "https://www.nationaalgeoregister.nl/geonetwork/srv/eng/thesaurus.download?ref=external.theme.httpinspireeceuropaeumetadatacodelistPriorityDataset-PriorityDataset",
    "https://www.nationaalgeoregister.nl/geonetwork/srv/eng/thesaurus.download?ref=external.theme.httpinspireeceuropaeumetadatacodelistSpatialScope-SpatialScope",
    "https://www.nationaalgeoregister.nl/geonetwork/srv/eng/thesaurus.download?ref=external.theme.httpinspireeceuropaeutheme-theme",
    "https://www.nationaalgeoregister.nl:443/geonetwork/srv/eng/thesaurus.download?ref=external.theme.httpinspireeceuropaeuapplicationschema-applicationschema",
    "https://www.nationaalgeoregister.nl:443/geonetwork/srv/eng/thesaurus.download?ref=external.theme.httpinspireeceuropaeumetadatacodelistPriorityDataset-PriorityDataset",
    "https://www.nationaalgeoregister.nl:443/geonetwork/srv/eng/thesaurus.download?ref=external.theme.httpinspireeceuropaeumetadatacodelistSpatialScope-SpatialScope",
    "https://www.nationaalgeoregister.nl:443/geonetwork/srv/eng/thesaurus.download?ref=external.theme.httpinspireeceuropaeutheme-theme"
  ],
  "responseStatus": 200,
  "__loop": -1,
  "responseCookies": null
}

12:56:31.653 [pool-1-thread-7] INFO  com.intuit.karate - [print] [
  {
    "datasetIdentifierCode": "cbeaebc3-815a-48af-a978-0e16892865fc",
    "title": "Vogelrichtlijn verspreidingsgebied van soorten",
    "dataIdentificationCitationAnchor": "https://www.nationaalgeoregister.nl/geonetwork/srv/dut/catalog.search#/metadata/cbeaebc3-815a-48af-a978-0e16892865fc",
    "organisation": "Ministerie van Economische Zaken - GIS Competence Center",
    "electronicMailAddress": "[geodatabeheer.giscc@rvo.nl, GeoDesk.CGI@wur.nl, geodatabeheer.giscc@rvo.nl, beheerPDOK@kadaster.nl, ]",
    "metadataStandardVersion": "Nederlandse metadata profiel op ISO 19115 voor geografie 1.3"
  },
  {
    "datasetIdentifierCode": "e3b0da1e-0664-4025-b3f5-a54d74a26450",
    "title": "zoutvelden en zoutproductieputten onder INSPIRE",
    "dataIdentificationCitationAnchor": "https://nationaalgeoregister.nl/geonetwork/srv/resourcesce4a6d93-83d6-4397-afa1-d4117d5ce76b",
    "organisation": "TNO Geologische Dienst Nederland",
    "electronicMailAddress": "[info@dinoloket.nl, info@dinoloket.nl, info@dinoloket.nl]",
    "metadataStandardVersion": "Nederlandse metadata profiel op ISO 19115 voor geografie 2.0"
  },
  {
    "datasetIdentifierCode": "edf79e6a-d73d-4def-8d22-0f495cc76a73",
    "title": "Bronbestanden waterkwaliteit",
    "dataIdentificationCitationAnchor": "no MD_DataIdentificationCitationAnchor",
    "organisation": "Informatiehuis Water",
    "electronicMailAddress": "[servicedesk@ihw.nl, servicedesk@ihw.nl]",
    "metadataStandardVersion": "Nederlands metadata profiel op ISO 19115 voor geografie 1.3"
  },
  {
    "datasetIdentifierCode": "247a1d15-0a67-40ce-85be-1403c08f15a8",
    "title": "Nationale Parken (INSPIRE Geharmoniseerd)",
    "dataIdentificationCitationAnchor": "http://nationaalgeoregister.nl/geonetwork/srv/dut/catalog.search#/metadata/247a1d15-0a67-40ce-85be-1403c08f15a8",
    "organisation": "no organisationName found in dataset record",
    "electronicMailAddress": "[geodatabeheer.giscc@rvo.nl, geodatabeheer.giscc@rvo.nl, info@minlnv.nl, , , ]",
    "metadataStandardVersion": "Nederlandse metadata profiel op ISO 19115 voor geografie 1.3"
  },
  {
    "datasetIdentifierCode": "d6b85d84-cdb9-4a6e-b799-cf8826e22a94",
    "title": "Ligging industrie en CO2 emissies",
    "dataIdentificationCitationAnchor": "https://www.nationaalgeoregister.nl/geonetwork/srv/dut/catalog.search#/metadata/d6b85d84-cdb9-4a6e-b799-cf8826e22a94",
    "organisation": "Ministerie van Economische Zaken - GIS Competence Center",
    "electronicMailAddress": "[geodatabeheer.giscc@rvo.nl, geodatabeheer.giscc@rvo.nl]",
    "metadataStandardVersion": "Nederlands metadata profiel op ISO 19115 voor geografie 2.0"
  }
]

12:56:31.661 [pool-1-thread-6] INFO  com.intuit.karate - [print] [
  {
    "serviceIdentifierCode": "86cb5bcc-a199-43e2-9e03-2d0fe8bdfa3f",
    "title": "Vervoersnetwerken - spoorwegen (INSPIRE geharmoniseerd) WFS",
    "dataIdentificationCitationAnchor": "no MD_DataIdentificationCitationAnchor",
    "organisation": "Beheer PDOK",
    "electronicMailAddress": "[beheerPDOK@kadaster.nl, beheerPDOK@kadaster.nl]",
    "metadataStandardVersion": "Nederlands metadata profiel op ISO 19119 voor services 2.0"
  },
  {
    "serviceIdentifierCode": "cea38797-ea4b-4969-b979-8d25eb543a6c",
    "title": "Statistics Netherlands Land Use 2015 WMS (BBG 2015 INSPIRE geharmoniseerd)",
    "dataIdentificationCitationAnchor": "no MD_DataIdentificationCitationAnchor",
    "organisation": "Beheer PDOK",
    "electronicMailAddress": "[beheerPDOK@kadaster.nl, beheerPDOK@kadaster.nl]",
    "metadataStandardVersion": "Nederlands metadata profiel op ISO 19119 voor services 2.0"
  },
  {
    "serviceIdentifierCode": "081bcfff-5f66-467c-95d0-d88dcf9aa4cf",
    "title": "Monitoring stations (Nitraatrichtlijn) ondiepe filters (WMS)",
    "dataIdentificationCitationAnchor": "no MD_DataIdentificationCitationAnchor",
    "organisation": "no organisationName found in dataset record",
    "electronicMailAddress": "[geodata@rivm.nl, geodata@rivm.nl]",
    "metadataStandardVersion": "Nederlands metadata profiel op ISO 19119 voor services 2.0"
  },
  {
    "serviceIdentifierCode": "af4841b5-ce83-4edb-af41-429a21140316",
    "title": "Habitatrichtlijn verspreiding van typen WFS",
    "dataIdentificationCitationAnchor": "no MD_DataIdentificationCitationAnchor",
    "organisation": "Beheer PDOK",
    "electronicMailAddress": "[beheerPDOK@kadaster.nl, beheerPDOK@kadaster.nl]",
    "metadataStandardVersion": "Nederlands metadata profiel op ISO 19119 voor services 2.0"
  },
  {
    "serviceIdentifierCode": "ec73f245-66ce-4144-ac27-5966c80a4b3a",
    "title": "Vervoersnetwerken - Waterwegen (INSPIRE geharmoniseerd) WFS",
    "dataIdentificationCitationAnchor": "no MD_DataIdentificationCitationAnchor",
    "organisation": "Beheer PDOK",
    "electronicMailAddress": "[beheerPDOK@kadaster.nl, beheerPDOK@kadaster.nl]",
    "metadataStandardVersion": "Nederlands metadata profiel op ISO 19119 voor services 2.0"
  },
  {
    "serviceIdentifierCode": "7681eb19-a914-4dc7-9208-c2a131dca06d",
    "title": "Kaderrichtlijn Water EU2015 WMS",
    "dataIdentificationCitationAnchor": "no MD_DataIdentificationCitationAnchor",
    "organisation": "Beheer PDOK",
    "electronicMailAddress": "[beheerpdok@kadaster.nl, beheerpdok@kadaster.nl]",
    "metadataStandardVersion": "Nederlands metadata profiel op ISO 19119 voor services 2.0"
  },
  {
    "serviceIdentifierCode": "ceda1b88-32ac-40b2-a841-71eb041c9427",
    "title": "Potentiekaart reststromen WMS",
    "dataIdentificationCitationAnchor": "no MD_DataIdentificationCitationAnchor",
    "organisation": "Beheer PDOK",
    "electronicMailAddress": "[beheerPDOK@kadaster.nl, beheerPDOK@kadaster.nl]",
    "metadataStandardVersion": "Nederlands metadata profiel op ISO 19119 voor services 2.0"
  },
  {
    "serviceIdentifierCode": "7b8f44b5-6eae-4113-a835-84b8678c3dd5",
    "title": "Beschermde Gebieden - Cultuurhistorie (INSPIRE geharmoniseerd) WMS",
    "dataIdentificationCitationAnchor": "no MD_DataIdentificationCitationAnchor",
    "organisation": "Beheer PDOK",
    "electronicMailAddress": "[beheerPDOK@kadaster.nl, beheerPDOK@kadaster.nl]",
    "metadataStandardVersion": "Nederlands metadata profiel op ISO 19119 voor services 2.0"
  },
  {
    "serviceIdentifierCode": "0bc2bcb8-558b-446b-b4e2-381b13d483a8",
    "title": "Mossel- en oesterhabitats WMS",
    "dataIdentificationCitationAnchor": "no MD_DataIdentificationCitationAnchor",
    "organisation": "Beheer PDOK",
    "electronicMailAddress": "[beheerPDOK@kadaster.nl, beheerPDOK@kadaster.nl]",
    "metadataStandardVersion": "Nederlands metadata profiel op ISO 19119 voor services 2.0"
  },
  {
    "serviceIdentifierCode": "d4dded2c-65ec-4e13-897e-03278d53a958",
    "title": "Olie- en gasvelden onder INSPIRE, viewservice",
    "dataIdentificationCitationAnchor": "no MD_DataIdentificationCitationAnchor",
    "organisation": "no organisationName found in dataset record",
    "electronicMailAddress": "[, info@dinoloket.nl]",
    "metadataStandardVersion": "Nederlands metadata profiel op ISO 19119 voor services 2.0"
  },
  {
    "serviceIdentifierCode": "95e2c712-1b91-4f24-9453-c56b95227717",
    "title": "Emissies naar het riool in 2015 vanuit de industrie (WMS)",
    "dataIdentificationCitationAnchor": "no MD_DataIdentificationCitationAnchor",
    "organisation": "no organisationName found in dataset record",
    "electronicMailAddress": "[emissieregistratie@rivm.nl, emissieregistratie@rivm.nl]",
    "metadataStandardVersion": "Nederlands metadata profiel op ISO 19119 voor services 2.0"
  },
  {
    "serviceIdentifierCode": "3ebe56dc-5f09-4fb3-b224-55c2db4ca2fd",
    "title": "RD info WFS",
    "dataIdentificationCitationAnchor": "no MD_DataIdentificationCitationAnchor",
    "organisation": "Beheer PDOK",
    "electronicMailAddress": "[beheerPDOK@kadaster.nl, beheerPDOK@kadaster.nl]",
    "metadataStandardVersion": "Nederlands metadata profiel op ISO 19119 voor services 2.0"
  },
  {
    "serviceIdentifierCode": "ca71572f-a498-4ca6-aa60-d4c4c4d59e2e",
    "title": "Geografische Namen (Nat) - Nederland - Viewservice",
    "dataIdentificationCitationAnchor": "no MD_DataIdentificationCitationAnchor",
    "organisation": "Ministerie van Defensie, Koninklijke Marine, Dienst der Hydrografie",
    "electronicMailAddress": "[data@hydro.nl, hydro.servicedesk@mindef.nl]",
    "metadataStandardVersion": "Nederlands metadata profiel op ISO 19119 voor services 2.0"
  },
  {
    "serviceIdentifierCode": "62c0d0a5-5826-406d-a625-d84bc5fec800",
    "title": "Noordzee Vaarwegmarkeringen WFS",
    "dataIdentificationCitationAnchor": "no MD_DataIdentificationCitationAnchor",
    "organisation": "Beheer PDOK",
    "electronicMailAddress": "[beheerPDOK@kadaster.nl, beheerPDOK@kadaster.nl]",
    "metadataStandardVersion": "Nederlands metadata profiel op ISO 19119 voor services 2.0"
  },
  {
    "serviceIdentifierCode": "180b6682-5d6f-429d-abb7-32f7d6253787",
    "title": "Windsnelheden 100m hoogte WFS",
    "dataIdentificationCitationAnchor": "no MD_DataIdentificationCitationAnchor",
    "organisation": "Beheer PDOK",
    "electronicMailAddress": "[beheerPDOK@kadaster.nl, beheerPDOK@kadaster.nl]",
    "metadataStandardVersion": "Nederlands metadata profiel op ISO 19119 voor services 2.0"
  },
  {
    "serviceIdentifierCode": "f2d2cd9d-7410-485a-95e0-c1b885243eaf",
    "title": "EEZ volgens UNCLOS - Noordzee - Viewservice",
    "dataIdentificationCitationAnchor": "no MD_DataIdentificationCitationAnchor",
    "organisation": "Ministerie van Defensie, Koninklijke Marine, Dienst der Hydrografie",
    "electronicMailAddress": "[data@hydro.nl, hydro.servicedesk@mindef.nl]",
    "metadataStandardVersion": "Nederlands metadata profiel op ISO 19119 voor services 2.0"
  },
  {
    "serviceIdentifierCode": "b0119753-5625-4500-9df3-13823ff9868f",
    "title": "Habitatrichtlijn verspreiding van typen WMS",
    "dataIdentificationCitationAnchor": "no MD_DataIdentificationCitationAnchor",
    "organisation": "Beheer PDOK",
    "electronicMailAddress": "[beheerPDOK@kadaster.nl, beheerPDOK@kadaster.nl]",
    "metadataStandardVersion": "Nederlands metadata profiel op ISO 19119 voor services 2.0"
  },
  {
    "serviceIdentifierCode": "c3ee15e4-38bf-4d54-9c0b-cfe0e609d448",
    "title": "Actueel Hoogtebestand Nederland 1 (AHN1) WMS",
    "dataIdentificationCitationAnchor": "no MD_DataIdentificationCitationAnchor",
    "organisation": "Beheer PDOK",
    "electronicMailAddress": "[beheerPDOK@kadaster.nl, beheerPDOK@kadaster.nl]",
    "metadataStandardVersion": "Nederlands metadata profiel op ISO 19119 voor services 2.0"
  },
  {
    "serviceIdentifierCode": "2b9da196-422e-4b0e-a5ba-ba41ade308e9",
    "title": "Habitatrichtlijn verspreiding van habitattypen WMS",
    "dataIdentificationCitationAnchor": "no MD_DataIdentificationCitationAnchor",
    "organisation": "Beheer PDOK",
    "electronicMailAddress": "[beheerpdok@kadaster.nl, beheerpdok@kadaster.nl]",
    "metadataStandardVersion": "Nederlands metadata profiel op ISO 19119 voor services 2.0"
  },
  {
    "serviceIdentifierCode": "5dfccef3-9b52-47f2-bb02-66b74aaf3af8",
    "title": "Territoriale Zee volgens UNCLOS - Noordzee - Viewservice",
    "dataIdentificationCitationAnchor": "no MD_DataIdentificationCitationAnchor",
    "organisation": "Ministerie van Defensie, Koninklijke Marine, Dienst der Hydrografie",
    "electronicMailAddress": "[data@hydro.nl, hydro.servicedesk@mindef.nl]",
    "metadataStandardVersion": "Nederlands metadata profiel op ISO 19119 voor services 2.0"
  },
  {
    "serviceIdentifierCode": "82541a1f-2e4e-459f-ab2f-e97cac3ad040",
    "title": "Habitatrichtlijn verspreidingsgebied van habitattypen WFS",
    "dataIdentificationCitationAnchor": "no MD_DataIdentificationCitationAnchor",
    "organisation": "Beheer PDOK",
    "electronicMailAddress": "[beheerPDOK@kadaster.nl, beheerPDOK@kadaster.nl]",
    "metadataStandardVersion": "Nederlands metadata profiel op ISO 19119 voor services 2.0"
  },
  {
    "serviceIdentifierCode": "00e8746f-5031-413e-8343-9203c8ea82ee",
    "title": "INSPIRE Download service voor Gebieden met natuurrisico's",
    "dataIdentificationCitationAnchor": "no MD_DataIdentificationCitationAnchor",
    "organisation": "Interprovinciaal Overleg",
    "electronicMailAddress": "[inspire@gbo-provincies.nl, inspire@gbo-provincies.nl]",
    "metadataStandardVersion": "Nederlands metadata profiel op ISO 19119 voor services 2.0"
  },
  {
    "serviceIdentifierCode": "777f41ee-8269-4bbc-b0e4-f889c62be099",
    "title": "Afgevoerde hoeveelheid afval in 2011 vanuit de industrie (WMS)",
    "dataIdentificationCitationAnchor": "no MD_DataIdentificationCitationAnchor",
    "organisation": "no organisationName found in dataset record",
    "electronicMailAddress": "[emissieregistratie@rivm.nl, emissieregistratie@rivm.nl]",
    "metadataStandardVersion": "Nederlands metadata profiel op ISO 19119 voor services 2.0"
  },
  {
    "serviceIdentifierCode": "c99b1291-c51f-49c8-902d-5bd4148cbbde",
    "title": "INSPIRE View service Habitats en biotopen",
    "dataIdentificationCitationAnchor": "no MD_DataIdentificationCitationAnchor",
    "organisation": "Interprovinciaal Overleg",
    "electronicMailAddress": "[inspire@gbo-provincies.nl, inspire@gbo-provincies.nl]",
    "metadataStandardVersion": "Nederlands metadata profiel op ISO 19119 voor services 2.0"
  },
  {
    "serviceIdentifierCode": "c7dad4b9-42a8-452f-a33b-d4938ed22142",
    "title": "Gebieden in de Eemsmonding en de Dollard Downloadservice",
    "dataIdentificationCitationAnchor": "no MD_DataIdentificationCitationAnchor",
    "organisation": "Ministerie van Defensie, Koninklijke Marine, Dienst der Hydrografie",
    "electronicMailAddress": "[data@hydro.nl, hydro.servicedesk@mindef.nl]",
    "metadataStandardVersion": "Nederlands metadata profiel op ISO 19119 voor services 2.0"
  }
]

12:56:32.706 [ForkJoinPool-1-worker-59] INFO  com.intuit.karate - [print] testing xlinkurl:http://nationaalgeoregister.nl/geonetwork/srv/dut/catalog.search#/metadata/247a1d15-0a67-40ce-85be-1403c08f15a8
12:56:32.713 [ForkJoinPool-1-worker-51] INFO  com.intuit.karate - [print] testing xlinkurl:https://www.nationaalgeoregister.nl/geonetwork/srv/dut/catalog.search#/metadata/cbeaebc3-815a-48af-a978-0e16892865fc
12:56:32.779 [ForkJoinPool-1-worker-31] INFO  com.intuit.karate - [print] testing xlinkurl:https://www.nationaalgeoregister.nl/geonetwork/srv/dut/catalog.search#/metadata/d6b85d84-cdb9-4a6e-b799-cf8826e22a94
12:56:32.855 [ForkJoinPool-1-worker-37] INFO  com.intuit.karate - [print] testing xlinkurl:https://nationaalgeoregister.nl/geonetwork/srv/resourcesce4a6d93-83d6-4397-afa1-d4117d5ce76b
12:56:32.960 [ForkJoinPool-1-worker-9] INFO  com.intuit.karate - [print] testing xlinkurl:http://rdfdata.eionet.europa.eu/inspirethemes/themes/17
12:56:32.973 [ForkJoinPool-1-worker-17] INFO  com.intuit.karate - [print] testing xlinkurl:http://rdfdata.eionet.europa.eu/inspirethemes/themes/7
12:56:33.000 [ForkJoinPool-1-worker-59] INFO  com.intuit.karate - [print] testing xlinkurl:xlink:href=https://inspire.ec.europa.eu/id/document/tg/ps
12:56:33.003 [ForkJoinPool-1-worker-59] ERROR com.intuit.karate - org.apache.http.client.ClientProtocolException: URI does not specify a valid host name: xlink:href=https://inspire.ec.europa.eu/id/document/tg/ps, http call failed after 0 milliseconds for URL: xlink:href=https://inspire.ec.europa.eu/id/document/tg/ps
12:56:33.003 [ForkJoinPool-1-worker-59] ERROR com.intuit.karate - http request failed: 
org.apache.http.client.ClientProtocolException: URI does not specify a valid host name: xlink:href=https://inspire.ec.europa.eu/id/document/tg/ps
12:56:33.004 [ForkJoinPool-1-worker-59] ERROR com.intuit.karate - feature call (loop) failed at index: 1
caller: classpath:InspireTest/def/checkxlinkurl.template.feature
arg: {"link":"xlink:href=https://inspire.ec.europa.eu/id/document/tg/ps"}
checkxlinkurl.template.feature:21 - 
org.apache.http.client.ClientProtocolException: URI does not specify a valid host name: xlink:href=https://inspire.ec.europa.eu/id/document/tg/ps
12:56:33.005 [ForkJoinPool-1-worker-59] INFO  com.intuit.karate - [print] testing xlinkurl:https://data.overheid.nl/organisatie/PDOK
12:56:33.069 [ForkJoinPool-1-worker-45] INFO  com.intuit.karate - [print] testing xlinkurl:http://inspire.ec.europa.eu/metadata-codelist/SpatialDataServiceCategory/infoMapAccessService
12:56:33.208 [ForkJoinPool-1-worker-37] ERROR com.intuit.karate - assertion failed: path: $, actual: 404, expected: 200, reason: not equal (Integer)
12:56:33.208 [ForkJoinPool-1-worker-37] ERROR com.intuit.karate - feature call (loop) failed at index: 0
caller: classpath:InspireTest/def/checkxlinkurl.template.feature
arg: {"link":"https://nationaalgeoregister.nl/geonetwork/srv/resourcesce4a6d93-83d6-4397-afa1-d4117d5ce76b"}
checkxlinkurl.template.feature:28 - path: $, actual: 404, expected: 200, reason: not equal (Integer)
12:56:33.221 [ForkJoinPool-1-worker-37] INFO  com.intuit.karate - [print] testing xlinkurl:http://rdfdata.eionet.europa.eu/inspirethemes/themes/34
12:56:33.379 [ForkJoinPool-1-worker-3] INFO  com.intuit.karate - [print] testing xlinkurl:http://rdfdata.eionet.europa.eu/inspirethemes/themes/31
12:56:33.481 [ForkJoinPool-1-worker-39] INFO  com.intuit.karate - [print] testing xlinkurl:http://rdfdata.eionet.europa.eu/inspirethemes/themes/7
12:56:33.502 [ForkJoinPool-1-worker-11] INFO  com.intuit.karate - [print] testing xlinkurl:http://inspire.ec.europa.eu/metadata-codelist/SpatialDataServiceCategory/infoMapAccessService
12:56:33.510 [ForkJoinPool-1-worker-47] INFO  com.intuit.karate - [print] testing xlinkurl:http://rdfdata.eionet.europa.eu/inspirethemes/themes/33
12:56:33.740 [ForkJoinPool-1-worker-39] ERROR com.intuit.karate - assertion failed: path: $, actual: 404, expected: 200, reason: not equal (Integer)
12:56:33.741 [ForkJoinPool-1-worker-39] ERROR com.intuit.karate - feature call (loop) failed at index: 0
caller: classpath:InspireTest/def/checkxlinkurl.template.feature
arg: {"link":"http://rdfdata.eionet.europa.eu/inspirethemes/themes/7"}
checkxlinkurl.template.feature:28 - path: $, actual: 404, expected: 200, reason: not equal (Integer)
12:56:33.745 [ForkJoinPool-1-worker-47] ERROR com.intuit.karate - assertion failed: path: $, actual: 404, expected: 200, reason: not equal (Integer)
12:56:33.745 [ForkJoinPool-1-worker-47] ERROR com.intuit.karate - feature call (loop) failed at index: 0
caller: classpath:InspireTest/def/checkxlinkurl.template.feature
arg: {"link":"http://rdfdata.eionet.europa.eu/inspirethemes/themes/33"}
checkxlinkurl.template.feature:28 - path: $, actual: 404, expected: 200, reason: not equal (Integer)
12:56:33.746 [ForkJoinPool-1-worker-9] ERROR com.intuit.karate - assertion failed: path: $, actual: 404, expected: 200, reason: not equal (Integer)
12:56:33.747 [ForkJoinPool-1-worker-9] ERROR com.intuit.karate - feature call (loop) failed at index: 0
caller: classpath:InspireTest/def/checkxlinkurl.template.feature
arg: {"link":"http://rdfdata.eionet.europa.eu/inspirethemes/themes/17"}
checkxlinkurl.template.feature:28 - path: $, actual: 404, expected: 200, reason: not equal (Integer)
12:56:33.749 [ForkJoinPool-1-worker-17] ERROR com.intuit.karate - assertion failed: path: $, actual: 404, expected: 200, reason: not equal (Integer)
12:56:33.749 [ForkJoinPool-1-worker-3] ERROR com.intuit.karate - assertion failed: path: $, actual: 404, expected: 200, reason: not equal (Integer)
12:56:33.749 [ForkJoinPool-1-worker-3] ERROR com.intuit.karate - feature call (loop) failed at index: 0
caller: classpath:InspireTest/def/checkxlinkurl.template.feature
arg: {"link":"http://rdfdata.eionet.europa.eu/inspirethemes/themes/31"}
checkxlinkurl.template.feature:28 - path: $, actual: 404, expected: 200, reason: not equal (Integer)
12:56:33.750 [ForkJoinPool-1-worker-17] ERROR com.intuit.karate - feature call (loop) failed at index: 0
caller: classpath:InspireTest/def/checkxlinkurl.template.feature
arg: {"link":"http://rdfdata.eionet.europa.eu/inspirethemes/themes/7"}
checkxlinkurl.template.feature:28 - path: $, actual: 404, expected: 200, reason: not equal (Integer)
12:56:33.753 [ForkJoinPool-1-worker-37] ERROR com.intuit.karate - assertion failed: path: $, actual: 404, expected: 200, reason: not equal (Integer)
12:56:33.753 [ForkJoinPool-1-worker-37] ERROR com.intuit.karate - feature call (loop) failed at index: 1
caller: classpath:InspireTest/def/checkxlinkurl.template.feature
arg: {"link":"http://rdfdata.eionet.europa.eu/inspirethemes/themes/34"}
checkxlinkurl.template.feature:28 - path: $, actual: 404, expected: 200, reason: not equal (Integer)
12:56:33.754 [ForkJoinPool-1-worker-37] INFO  com.intuit.karate - [print] testing xlinkurl:http://geonetwork-opensource.org/inspire-theme#
12:56:33.777 [ForkJoinPool-1-worker-3] INFO  com.intuit.karate - [print] testing xlinkurl:http://geonetwork-opensource.org/inspire-theme#
12:56:33.782 [ForkJoinPool-1-worker-17] INFO  com.intuit.karate - [print] testing xlinkurl:http://geonetwork-opensource.org/inspire-theme#
12:56:33.784 [ForkJoinPool-1-worker-9] INFO  com.intuit.karate - [print] testing xlinkurl:http://geonetwork-opensource.org/inspire-theme#
12:56:33.799 [ForkJoinPool-1-worker-47] INFO  com.intuit.karate - [print] testing xlinkurl:http://geonetwork-opensource.org/inspire-theme#
12:56:33.800 [ForkJoinPool-1-worker-39] INFO  com.intuit.karate - [print] testing xlinkurl:http://geonetwork-opensource.org/inspire-theme#
12:56:33.834 [ForkJoinPool-1-worker-19] INFO  com.intuit.karate - [print] testing xlinkurl:http://inspire.ec.europa.eu/metadata-codelist/SpatialDataServiceCategory/infoMapAccessService
12:56:33.849 [ForkJoinPool-1-worker-33] INFO  com.intuit.karate - [print] testing xlinkurl:http://nationaalgeoregister.nl/geonetwork/srv/dut/inspire?SERVICE=CSW&version=2.0.2&REQUEST=GetRecordById&ID=b61a773c-ecad-4e60-93e9-0a4caac0b52f&OUTPUTSCHEMA=http://www.isotc211.org/2005/gmd&ELEMENTSETNAME=full#MD_DataIdentification
12:56:33.859 [ForkJoinPool-1-worker-5] INFO  com.intuit.karate - [print] testing xlinkurl:
12:56:33.864 [ForkJoinPool-1-worker-5] ERROR com.intuit.karate - org.apache.http.client.ClientProtocolException, http call failed after 0 milliseconds for URL: 
12:56:33.865 [ForkJoinPool-1-worker-5] ERROR com.intuit.karate - http request failed: 
org.apache.http.client.ClientProtocolException
12:56:33.865 [ForkJoinPool-1-worker-5] ERROR com.intuit.karate - feature call (loop) failed at index: 0
caller: classpath:InspireTest/def/checkxlinkurl.template.feature
arg: {"link":""}
checkxlinkurl.template.feature:21 - 
org.apache.http.client.ClientProtocolException
12:56:33.868 [ForkJoinPool-1-worker-5] INFO  com.intuit.karate - [print] testing xlinkurl:
12:56:33.879 [ForkJoinPool-1-worker-5] ERROR com.intuit.karate - org.apache.http.client.ClientProtocolException, http call failed after 0 milliseconds for URL: 
12:56:33.879 [ForkJoinPool-1-worker-5] ERROR com.intuit.karate - http request failed: 
org.apache.http.client.ClientProtocolException
12:56:33.879 [ForkJoinPool-1-worker-5] ERROR com.intuit.karate - feature call (loop) failed at index: 1
caller: classpath:InspireTest/def/checkxlinkurl.template.feature
arg: {"link":""}
checkxlinkurl.template.feature:21 - 
org.apache.http.client.ClientProtocolException
12:56:33.881 [ForkJoinPool-1-worker-5] INFO  com.intuit.karate - [print] testing xlinkurl:
12:56:33.883 [ForkJoinPool-1-worker-5] ERROR com.intuit.karate - org.apache.http.client.ClientProtocolException, http call failed after 0 milliseconds for URL: 
12:56:33.883 [ForkJoinPool-1-worker-5] ERROR com.intuit.karate - http request failed: 
org.apache.http.client.ClientProtocolException
12:56:33.883 [ForkJoinPool-1-worker-5] ERROR com.intuit.karate - feature call (loop) failed at index: 2
caller: classpath:InspireTest/def/checkxlinkurl.template.feature
arg: {"link":""}
checkxlinkurl.template.feature:21 - 
org.apache.http.client.ClientProtocolException
12:56:33.885 [ForkJoinPool-1-worker-5] INFO  com.intuit.karate - [print] testing xlinkurl:http://nationaalgeoregister.nl/geonetwork/srv/dut/csw?service=CSW&version=2.0.2&request=GetRecordById&outputschema=http://www.isotc211.org/2005/gmd&elementsetname=full&id=3d59fd06-9aec-4744-91e7-65e119f74569#MD_DataIdentification
12:56:33.923 [ForkJoinPool-1-worker-53] INFO  com.intuit.karate - [print] testing xlinkurl:http://inspire.ec.europa.eu/metadata-codelist/SpatialDataServiceCategory/infoMapAccessService
12:56:34.087 [ForkJoinPool-1-worker-25] INFO  com.intuit.karate - [print] testing xlinkurl:http://inspire.ec.europa.eu/metadata-codelist/SpatialDataServiceCategory/infoFeatureAccessService
12:56:34.144 [ForkJoinPool-1-worker-61] INFO  com.intuit.karate - [print] testing xlinkurl:http://standaarden.overheid.nl/owms/terms/Ministerie_van_Defensie
12:56:34.157 [ForkJoinPool-1-worker-59] ERROR com.intuit.karate - assertion failed: path: $, actual: 404, expected: 200, reason: not equal (Integer)
12:56:34.164 [ForkJoinPool-1-worker-59] ERROR com.intuit.karate - feature call (loop) failed at index: 2
caller: classpath:InspireTest/def/checkxlinkurl.template.feature
arg: {"link":"https://data.overheid.nl/organisatie/PDOK"}
checkxlinkurl.template.feature:28 - path: $, actual: 404, expected: 200, reason: not equal (Integer)
12:56:34.419 [ForkJoinPool-1-worker-55] INFO  com.intuit.karate - [print] testing xlinkurl:http://inspire.ec.europa.eu/metadata-codelist/SpatialDataServiceCategory/infoFeatureAccessService
12:56:34.507 [ForkJoinPool-1-worker-39] ERROR com.intuit.karate - assertion failed: path: $, actual: 404, expected: 200, reason: not equal (Integer)
12:56:34.507 [ForkJoinPool-1-worker-3] ERROR com.intuit.karate - assertion failed: path: $, actual: 404, expected: 200, reason: not equal (Integer)
12:56:34.507 [ForkJoinPool-1-worker-39] ERROR com.intuit.karate - feature call (loop) failed at index: 1
caller: classpath:InspireTest/def/checkxlinkurl.template.feature
arg: {"link":"http://geonetwork-opensource.org/inspire-theme#"}
checkxlinkurl.template.feature:28 - path: $, actual: 404, expected: 200, reason: not equal (Integer)
12:56:34.507 [ForkJoinPool-1-worker-3] ERROR com.intuit.karate - feature call (loop) failed at index: 1
caller: classpath:InspireTest/def/checkxlinkurl.template.feature
arg: {"link":"http://geonetwork-opensource.org/inspire-theme#"}
checkxlinkurl.template.feature:28 - path: $, actual: 404, expected: 200, reason: not equal (Integer)
12:56:34.518 [ForkJoinPool-1-worker-3] INFO  com.intuit.karate - [print] testing xlinkurl:
12:56:34.524 [ForkJoinPool-1-worker-39] INFO  com.intuit.karate - [print] testing xlinkurl:http://inspire.ec.europa.eu/metadata-codelist/SpatialDataServiceCategory/infoFeatureAccessService
12:56:34.526 [ForkJoinPool-1-worker-3] ERROR com.intuit.karate - org.apache.http.client.ClientProtocolException, http call failed after 0 milliseconds for URL: 
12:56:34.526 [ForkJoinPool-1-worker-3] ERROR com.intuit.karate - http request failed: 
org.apache.http.client.ClientProtocolException
12:56:34.527 [ForkJoinPool-1-worker-3] ERROR com.intuit.karate - feature call (loop) failed at index: 2
caller: classpath:InspireTest/def/checkxlinkurl.template.feature
arg: {"link":""}
checkxlinkurl.template.feature:21 - 
org.apache.http.client.ClientProtocolException
12:56:34.535 [ForkJoinPool-1-worker-3] INFO  com.intuit.karate - [print] testing xlinkurl:
12:56:34.537 [ForkJoinPool-1-worker-3] ERROR com.intuit.karate - org.apache.http.client.ClientProtocolException, http call failed after 0 milliseconds for URL: 
12:56:34.537 [ForkJoinPool-1-worker-3] ERROR com.intuit.karate - http request failed: 
org.apache.http.client.ClientProtocolException
12:56:34.537 [ForkJoinPool-1-worker-3] ERROR com.intuit.karate - feature call (loop) failed at index: 3
caller: classpath:InspireTest/def/checkxlinkurl.template.feature
arg: {"link":""}
checkxlinkurl.template.feature:21 - 
org.apache.http.client.ClientProtocolException
12:56:34.539 [ForkJoinPool-1-worker-3] INFO  com.intuit.karate - [print] testing xlinkurl:
12:56:34.546 [ForkJoinPool-1-worker-3] ERROR com.intuit.karate - org.apache.http.client.ClientProtocolException, http call failed after 0 milliseconds for URL: 
12:56:34.547 [ForkJoinPool-1-worker-3] ERROR com.intuit.karate - http request failed: 
org.apache.http.client.ClientProtocolException
12:56:34.547 [ForkJoinPool-1-worker-3] ERROR com.intuit.karate - feature call (loop) failed at index: 4
caller: classpath:InspireTest/def/checkxlinkurl.template.feature
arg: {"link":""}
checkxlinkurl.template.feature:21 - 
org.apache.http.client.ClientProtocolException
12:56:34.550 [ForkJoinPool-1-worker-3] INFO  com.intuit.karate - [print] testing xlinkurl:
12:56:34.556 [ForkJoinPool-1-worker-3] ERROR com.intuit.karate - org.apache.http.client.ClientProtocolException, http call failed after 0 milliseconds for URL: 
12:56:34.556 [ForkJoinPool-1-worker-3] ERROR com.intuit.karate - http request failed: 
org.apache.http.client.ClientProtocolException
12:56:34.556 [ForkJoinPool-1-worker-3] ERROR com.intuit.karate - feature call (loop) failed at index: 5
caller: classpath:InspireTest/def/checkxlinkurl.template.feature
arg: {"link":""}
checkxlinkurl.template.feature:21 - 
org.apache.http.client.ClientProtocolException
12:56:34.558 [ForkJoinPool-1-worker-3] INFO  com.intuit.karate - [print] testing xlinkurl:
12:56:34.560 [ForkJoinPool-1-worker-3] ERROR com.intuit.karate - org.apache.http.client.ClientProtocolException, http call failed after 0 milliseconds for URL: 
12:56:34.560 [ForkJoinPool-1-worker-3] ERROR com.intuit.karate - http request failed: 
org.apache.http.client.ClientProtocolException
12:56:34.562 [ForkJoinPool-1-worker-3] ERROR com.intuit.karate - feature call (loop) failed at index: 6
caller: classpath:InspireTest/def/checkxlinkurl.template.feature
arg: {"link":""}
checkxlinkurl.template.feature:21 - 
org.apache.http.client.ClientProtocolException
12:56:34.568 [ForkJoinPool-1-worker-3] INFO  com.intuit.karate - [print] testing xlinkurl:
12:56:34.573 [ForkJoinPool-1-worker-3] ERROR com.intuit.karate - org.apache.http.client.ClientProtocolException, http call failed after 0 milliseconds for URL: 
12:56:34.573 [ForkJoinPool-1-worker-3] ERROR com.intuit.karate - http request failed: 
org.apache.http.client.ClientProtocolException
12:56:34.574 [ForkJoinPool-1-worker-3] ERROR com.intuit.karate - feature call (loop) failed at index: 7
caller: classpath:InspireTest/def/checkxlinkurl.template.feature
arg: {"link":""}
checkxlinkurl.template.feature:21 - 
org.apache.http.client.ClientProtocolException
12:56:34.588 [ForkJoinPool-1-worker-3] INFO  com.intuit.karate - [print] testing xlinkurl:
12:56:34.589 [ForkJoinPool-1-worker-3] ERROR com.intuit.karate - org.apache.http.client.ClientProtocolException, http call failed after 0 milliseconds for URL: 
12:56:34.590 [ForkJoinPool-1-worker-3] ERROR com.intuit.karate - http request failed: 
org.apache.http.client.ClientProtocolException
12:56:34.590 [ForkJoinPool-1-worker-3] ERROR com.intuit.karate - feature call (loop) failed at index: 8
caller: classpath:InspireTest/def/checkxlinkurl.template.feature
arg: {"link":""}
checkxlinkurl.template.feature:21 - 
org.apache.http.client.ClientProtocolException
12:56:34.593 [ForkJoinPool-1-worker-3] INFO  com.intuit.karate - [print] testing xlinkurl:
12:56:34.594 [ForkJoinPool-1-worker-3] ERROR com.intuit.karate - org.apache.http.client.ClientProtocolException, http call failed after 0 milliseconds for URL: 
12:56:34.596 [ForkJoinPool-1-worker-3] ERROR com.intuit.karate - http request failed: 
org.apache.http.client.ClientProtocolException
12:56:34.599 [ForkJoinPool-1-worker-3] ERROR com.intuit.karate - feature call (loop) failed at index: 9
caller: classpath:InspireTest/def/checkxlinkurl.template.feature
arg: {"link":""}
checkxlinkurl.template.feature:21 - 
org.apache.http.client.ClientProtocolException
12:56:34.601 [ForkJoinPool-1-worker-3] INFO  com.intuit.karate - [print] testing xlinkurl:
12:56:34.605 [ForkJoinPool-1-worker-3] ERROR com.intuit.karate - org.apache.http.client.ClientProtocolException, http call failed after 0 milliseconds for URL: 
12:56:34.606 [ForkJoinPool-1-worker-3] ERROR com.intuit.karate - http request failed: 
org.apache.http.client.ClientProtocolException
12:56:34.598 [ForkJoinPool-1-worker-41] INFO  com.intuit.karate - [print] testing xlinkurl:http://rdfdata.eionet.europa.eu/inspirethemes/themes/33
12:56:34.610 [ForkJoinPool-1-worker-3] ERROR com.intuit.karate - feature call (loop) failed at index: 10
caller: classpath:InspireTest/def/checkxlinkurl.template.feature
arg: {"link":""}
checkxlinkurl.template.feature:21 - 
org.apache.http.client.ClientProtocolException
12:56:34.614 [ForkJoinPool-1-worker-3] INFO  com.intuit.karate - [print] testing xlinkurl:
12:56:34.616 [ForkJoinPool-1-worker-3] ERROR com.intuit.karate - org.apache.http.client.ClientProtocolException, http call failed after 0 milliseconds for URL: 
12:56:34.619 [ForkJoinPool-1-worker-3] ERROR com.intuit.karate - http request failed: 
org.apache.http.client.ClientProtocolException
12:56:34.620 [ForkJoinPool-1-worker-3] ERROR com.intuit.karate - feature call (loop) failed at index: 11
caller: classpath:InspireTest/def/checkxlinkurl.template.feature
arg: {"link":""}
checkxlinkurl.template.feature:21 - 
org.apache.http.client.ClientProtocolException
12:56:34.622 [ForkJoinPool-1-worker-3] INFO  com.intuit.karate - [print] testing xlinkurl:
12:56:34.627 [ForkJoinPool-1-worker-3] ERROR com.intuit.karate - org.apache.http.client.ClientProtocolException, http call failed after 0 milliseconds for URL: 
12:56:34.628 [ForkJoinPool-1-worker-3] ERROR com.intuit.karate - http request failed: 
org.apache.http.client.ClientProtocolException
12:56:34.628 [ForkJoinPool-1-worker-3] ERROR com.intuit.karate - feature call (loop) failed at index: 12
caller: classpath:InspireTest/def/checkxlinkurl.template.feature
arg: {"link":""}
checkxlinkurl.template.feature:21 - 
org.apache.http.client.ClientProtocolException
12:56:34.631 [ForkJoinPool-1-worker-3] INFO  com.intuit.karate - [print] testing xlinkurl:
12:56:34.633 [ForkJoinPool-1-worker-3] ERROR com.intuit.karate - org.apache.http.client.ClientProtocolException, http call failed after 0 milliseconds for URL: 
12:56:34.641 [ForkJoinPool-1-worker-3] ERROR com.intuit.karate - http request failed: 
org.apache.http.client.ClientProtocolException
12:56:34.641 [ForkJoinPool-1-worker-3] ERROR com.intuit.karate - feature call (loop) failed at index: 13
caller: classpath:InspireTest/def/checkxlinkurl.template.feature
arg: {"link":""}
checkxlinkurl.template.feature:21 - 
org.apache.http.client.ClientProtocolException
12:56:34.644 [ForkJoinPool-1-worker-3] INFO  com.intuit.karate - [print] testing xlinkurl:
12:56:34.645 [ForkJoinPool-1-worker-3] ERROR com.intuit.karate - org.apache.http.client.ClientProtocolException, http call failed after 0 milliseconds for URL: 
12:56:34.654 [ForkJoinPool-1-worker-3] ERROR com.intuit.karate - http request failed: 
org.apache.http.client.ClientProtocolException
12:56:34.655 [ForkJoinPool-1-worker-3] ERROR com.intuit.karate - feature call (loop) failed at index: 14
caller: classpath:InspireTest/def/checkxlinkurl.template.feature
arg: {"link":""}
checkxlinkurl.template.feature:21 - 
org.apache.http.client.ClientProtocolException
12:56:34.658 [ForkJoinPool-1-worker-3] INFO  com.intuit.karate - [print] testing xlinkurl:
12:56:34.659 [ForkJoinPool-1-worker-3] ERROR com.intuit.karate - org.apache.http.client.ClientProtocolException, http call failed after 0 milliseconds for URL: 
12:56:34.660 [ForkJoinPool-1-worker-3] ERROR com.intuit.karate - http request failed: 
org.apache.http.client.ClientProtocolException
12:56:34.660 [ForkJoinPool-1-worker-3] ERROR com.intuit.karate - feature call (loop) failed at index: 15
caller: classpath:InspireTest/def/checkxlinkurl.template.feature
arg: {"link":""}
checkxlinkurl.template.feature:21 - 
org.apache.http.client.ClientProtocolException
12:56:34.662 [ForkJoinPool-1-worker-3] INFO  com.intuit.karate - [print] testing xlinkurl:
12:56:34.664 [ForkJoinPool-1-worker-3] ERROR com.intuit.karate - org.apache.http.client.ClientProtocolException, http call failed after 0 milliseconds for URL: 
12:56:34.665 [ForkJoinPool-1-worker-3] ERROR com.intuit.karate - http request failed: 
org.apache.http.client.ClientProtocolException
12:56:34.665 [ForkJoinPool-1-worker-3] ERROR com.intuit.karate - feature call (loop) failed at index: 16
caller: classpath:InspireTest/def/checkxlinkurl.template.feature
arg: {"link":""}
checkxlinkurl.template.feature:21 - 
org.apache.http.client.ClientProtocolException
12:56:34.667 [ForkJoinPool-1-worker-3] INFO  com.intuit.karate - [print] testing xlinkurl:
12:56:34.669 [ForkJoinPool-1-worker-3] ERROR com.intuit.karate - org.apache.http.client.ClientProtocolException, http call failed after 0 milliseconds for URL: 
12:56:34.669 [ForkJoinPool-1-worker-3] ERROR com.intuit.karate - http request failed: 
org.apache.http.client.ClientProtocolException
12:56:34.669 [ForkJoinPool-1-worker-3] ERROR com.intuit.karate - feature call (loop) failed at index: 17
caller: classpath:InspireTest/def/checkxlinkurl.template.feature
arg: {"link":""}
checkxlinkurl.template.feature:21 - 
org.apache.http.client.ClientProtocolException
12:56:34.670 [ForkJoinPool-1-worker-3] INFO  com.intuit.karate - [print] testing xlinkurl:
12:56:34.672 [ForkJoinPool-1-worker-3] ERROR com.intuit.karate - org.apache.http.client.ClientProtocolException, http call failed after 0 milliseconds for URL: 
12:56:34.672 [ForkJoinPool-1-worker-3] ERROR com.intuit.karate - http request failed: 
org.apache.http.client.ClientProtocolException
12:56:34.673 [ForkJoinPool-1-worker-3] ERROR com.intuit.karate - feature call (loop) failed at index: 18
caller: classpath:InspireTest/def/checkxlinkurl.template.feature
arg: {"link":""}
checkxlinkurl.template.feature:21 - 
org.apache.http.client.ClientProtocolException
12:56:34.675 [ForkJoinPool-1-worker-3] INFO  com.intuit.karate - [print] testing xlinkurl:
12:56:34.677 [ForkJoinPool-1-worker-3] ERROR com.intuit.karate - org.apache.http.client.ClientProtocolException, http call failed after 0 milliseconds for URL: 
12:56:34.678 [ForkJoinPool-1-worker-3] ERROR com.intuit.karate - http request failed: 
org.apache.http.client.ClientProtocolException
12:56:34.678 [ForkJoinPool-1-worker-3] ERROR com.intuit.karate - feature call (loop) failed at index: 19
caller: classpath:InspireTest/def/checkxlinkurl.template.feature
arg: {"link":""}
checkxlinkurl.template.feature:21 - 
org.apache.http.client.ClientProtocolException
12:56:34.681 [ForkJoinPool-1-worker-3] INFO  com.intuit.karate - [print] testing xlinkurl:
12:56:34.688 [ForkJoinPool-1-worker-53] INFO  com.intuit.karate - [print] testing xlinkurl:http://inspire.ec.europa.eu/metadata-codelist/SpatialDataServiceCategory
12:56:34.690 [ForkJoinPool-1-worker-3] ERROR com.intuit.karate - org.apache.http.client.ClientProtocolException, http call failed after 0 milliseconds for URL: 
12:56:34.690 [ForkJoinPool-1-worker-3] ERROR com.intuit.karate - http request failed: 
org.apache.http.client.ClientProtocolException
12:56:34.691 [ForkJoinPool-1-worker-3] ERROR com.intuit.karate - feature call (loop) failed at index: 20
caller: classpath:InspireTest/def/checkxlinkurl.template.feature
arg: {"link":""}
checkxlinkurl.template.feature:21 - 
org.apache.http.client.ClientProtocolException
12:56:34.696 [ForkJoinPool-1-worker-3] INFO  com.intuit.karate - [print] testing xlinkurl:
12:56:34.698 [ForkJoinPool-1-worker-3] ERROR com.intuit.karate - org.apache.http.client.ClientProtocolException, http call failed after 0 milliseconds for URL: 
12:56:34.698 [ForkJoinPool-1-worker-3] ERROR com.intuit.karate - http request failed: 
org.apache.http.client.ClientProtocolException
12:56:34.698 [ForkJoinPool-1-worker-3] ERROR com.intuit.karate - feature call (loop) failed at index: 21
caller: classpath:InspireTest/def/checkxlinkurl.template.feature
arg: {"link":""}
checkxlinkurl.template.feature:21 - 
org.apache.http.client.ClientProtocolException
12:56:34.700 [ForkJoinPool-1-worker-3] INFO  com.intuit.karate - [print] testing xlinkurl:
12:56:34.701 [ForkJoinPool-1-worker-3] ERROR com.intuit.karate - org.apache.http.client.ClientProtocolException, http call failed after 0 milliseconds for URL: 
12:56:34.701 [ForkJoinPool-1-worker-3] ERROR com.intuit.karate - http request failed: 
org.apache.http.client.ClientProtocolException
12:56:34.702 [ForkJoinPool-1-worker-3] ERROR com.intuit.karate - feature call (loop) failed at index: 22
caller: classpath:InspireTest/def/checkxlinkurl.template.feature
arg: {"link":""}
checkxlinkurl.template.feature:21 - 
org.apache.http.client.ClientProtocolException
12:56:34.703 [ForkJoinPool-1-worker-3] INFO  com.intuit.karate - [print] testing xlinkurl:
12:56:34.705 [ForkJoinPool-1-worker-3] ERROR com.intuit.karate - org.apache.http.client.ClientProtocolException, http call failed after 0 milliseconds for URL: 
12:56:34.706 [ForkJoinPool-1-worker-3] ERROR com.intuit.karate - http request failed: 
org.apache.http.client.ClientProtocolException
12:56:34.706 [ForkJoinPool-1-worker-3] ERROR com.intuit.karate - feature call (loop) failed at index: 23
caller: classpath:InspireTest/def/checkxlinkurl.template.feature
arg: {"link":""}
checkxlinkurl.template.feature:21 - 
org.apache.http.client.ClientProtocolException
12:56:34.708 [ForkJoinPool-1-worker-3] INFO  com.intuit.karate - [print] testing xlinkurl:
12:56:34.709 [ForkJoinPool-1-worker-3] ERROR com.intuit.karate - org.apache.http.client.ClientProtocolException, http call failed after 0 milliseconds for URL: 
12:56:34.709 [ForkJoinPool-1-worker-3] ERROR com.intuit.karate - http request failed: 
org.apache.http.client.ClientProtocolException
12:56:34.709 [ForkJoinPool-1-worker-3] ERROR com.intuit.karate - feature call (loop) failed at index: 24
caller: classpath:InspireTest/def/checkxlinkurl.template.feature
arg: {"link":""}
checkxlinkurl.template.feature:21 - 
org.apache.http.client.ClientProtocolException
12:56:34.712 [ForkJoinPool-1-worker-3] INFO  com.intuit.karate - [print] testing xlinkurl:
12:56:34.713 [ForkJoinPool-1-worker-3] ERROR com.intuit.karate - org.apache.http.client.ClientProtocolException, http call failed after 0 milliseconds for URL: 
12:56:34.714 [ForkJoinPool-1-worker-3] ERROR com.intuit.karate - http request failed: 
org.apache.http.client.ClientProtocolException
12:56:34.714 [ForkJoinPool-1-worker-3] ERROR com.intuit.karate - feature call (loop) failed at index: 25
caller: classpath:InspireTest/def/checkxlinkurl.template.feature
arg: {"link":""}
checkxlinkurl.template.feature:21 - 
org.apache.http.client.ClientProtocolException
12:56:34.716 [ForkJoinPool-1-worker-3] INFO  com.intuit.karate - [print] testing xlinkurl:
12:56:34.717 [ForkJoinPool-1-worker-3] ERROR com.intuit.karate - org.apache.http.client.ClientProtocolException, http call failed after 0 milliseconds for URL: 
12:56:34.718 [ForkJoinPool-1-worker-3] ERROR com.intuit.karate - http request failed: 
org.apache.http.client.ClientProtocolException
12:56:34.720 [ForkJoinPool-1-worker-3] ERROR com.intuit.karate - feature call (loop) failed at index: 26
caller: classpath:InspireTest/def/checkxlinkurl.template.feature
arg: {"link":""}
checkxlinkurl.template.feature:21 - 
org.apache.http.client.ClientProtocolException
12:56:34.721 [ForkJoinPool-1-worker-3] INFO  com.intuit.karate - [print] testing xlinkurl:
12:56:34.723 [ForkJoinPool-1-worker-3] ERROR com.intuit.karate - org.apache.http.client.ClientProtocolException, http call failed after 0 milliseconds for URL: 
12:56:34.723 [ForkJoinPool-1-worker-3] ERROR com.intuit.karate - http request failed: 
org.apache.http.client.ClientProtocolException
12:56:34.724 [ForkJoinPool-1-worker-3] ERROR com.intuit.karate - feature call (loop) failed at index: 27
caller: classpath:InspireTest/def/checkxlinkurl.template.feature
arg: {"link":""}
checkxlinkurl.template.feature:21 - 
org.apache.http.client.ClientProtocolException
12:56:34.726 [ForkJoinPool-1-worker-3] INFO  com.intuit.karate - [print] testing xlinkurl:
12:56:34.730 [ForkJoinPool-1-worker-3] ERROR com.intuit.karate - org.apache.http.client.ClientProtocolException, http call failed after 0 milliseconds for URL: 
12:56:34.731 [ForkJoinPool-1-worker-3] ERROR com.intuit.karate - http request failed: 
org.apache.http.client.ClientProtocolException
12:56:34.731 [ForkJoinPool-1-worker-3] ERROR com.intuit.karate - feature call (loop) failed at index: 28
caller: classpath:InspireTest/def/checkxlinkurl.template.feature
arg: {"link":""}
checkxlinkurl.template.feature:21 - 
org.apache.http.client.ClientProtocolException
12:56:34.732 [ForkJoinPool-1-worker-3] INFO  com.intuit.karate - [print] testing xlinkurl:
12:56:34.734 [ForkJoinPool-1-worker-3] ERROR com.intuit.karate - org.apache.http.client.ClientProtocolException, http call failed after 0 milliseconds for URL: 
12:56:34.734 [ForkJoinPool-1-worker-3] ERROR com.intuit.karate - http request failed: 
org.apache.http.client.ClientProtocolException
12:56:34.734 [ForkJoinPool-1-worker-3] ERROR com.intuit.karate - feature call (loop) failed at index: 29
caller: classpath:InspireTest/def/checkxlinkurl.template.feature
arg: {"link":""}
checkxlinkurl.template.feature:21 - 
org.apache.http.client.ClientProtocolException
12:56:34.736 [ForkJoinPool-1-worker-3] INFO  com.intuit.karate - [print] testing xlinkurl:
12:56:34.737 [ForkJoinPool-1-worker-3] ERROR com.intuit.karate - org.apache.http.client.ClientProtocolException, http call failed after 0 milliseconds for URL: 
12:56:34.738 [ForkJoinPool-1-worker-3] ERROR com.intuit.karate - http request failed: 
org.apache.http.client.ClientProtocolException
12:56:34.738 [ForkJoinPool-1-worker-3] ERROR com.intuit.karate - feature call (loop) failed at index: 30
caller: classpath:InspireTest/def/checkxlinkurl.template.feature
arg: {"link":""}
checkxlinkurl.template.feature:21 - 
org.apache.http.client.ClientProtocolException
12:56:34.744 [ForkJoinPool-1-worker-3] INFO  com.intuit.karate - [print] testing xlinkurl:
12:56:34.748 [ForkJoinPool-1-worker-3] ERROR com.intuit.karate - org.apache.http.client.ClientProtocolException, http call failed after 0 milliseconds for URL: 
12:56:34.748 [ForkJoinPool-1-worker-3] ERROR com.intuit.karate - http request failed: 
org.apache.http.client.ClientProtocolException
12:56:34.748 [ForkJoinPool-1-worker-3] ERROR com.intuit.karate - feature call (loop) failed at index: 31
caller: classpath:InspireTest/def/checkxlinkurl.template.feature
arg: {"link":""}
checkxlinkurl.template.feature:21 - 
org.apache.http.client.ClientProtocolException
12:56:34.750 [ForkJoinPool-1-worker-3] INFO  com.intuit.karate - [print] testing xlinkurl:
12:56:34.751 [ForkJoinPool-1-worker-3] ERROR com.intuit.karate - org.apache.http.client.ClientProtocolException, http call failed after 0 milliseconds for URL: 
12:56:34.751 [ForkJoinPool-1-worker-3] ERROR com.intuit.karate - http request failed: 
org.apache.http.client.ClientProtocolException
12:56:34.751 [ForkJoinPool-1-worker-3] ERROR com.intuit.karate - feature call (loop) failed at index: 32
caller: classpath:InspireTest/def/checkxlinkurl.template.feature
arg: {"link":""}
checkxlinkurl.template.feature:21 - 
org.apache.http.client.ClientProtocolException
12:56:34.756 [ForkJoinPool-1-worker-3] INFO  com.intuit.karate - [print] testing xlinkurl:
12:56:34.763 [ForkJoinPool-1-worker-3] ERROR com.intuit.karate - org.apache.http.client.ClientProtocolException, http call failed after 0 milliseconds for URL: 
12:56:34.764 [ForkJoinPool-1-worker-3] ERROR com.intuit.karate - http request failed: 
org.apache.http.client.ClientProtocolException
12:56:34.765 [ForkJoinPool-1-worker-3] ERROR com.intuit.karate - feature call (loop) failed at index: 33
caller: classpath:InspireTest/def/checkxlinkurl.template.feature
arg: {"link":""}
checkxlinkurl.template.feature:21 - 
org.apache.http.client.ClientProtocolException
12:56:34.766 [ForkJoinPool-1-worker-3] INFO  com.intuit.karate - [print] testing xlinkurl:
12:56:34.770 [ForkJoinPool-1-worker-3] ERROR com.intuit.karate - org.apache.http.client.ClientProtocolException, http call failed after 0 milliseconds for URL: 
12:56:34.770 [ForkJoinPool-1-worker-3] ERROR com.intuit.karate - http request failed: 
org.apache.http.client.ClientProtocolException
12:56:34.770 [ForkJoinPool-1-worker-3] ERROR com.intuit.karate - feature call (loop) failed at index: 34
caller: classpath:InspireTest/def/checkxlinkurl.template.feature
arg: {"link":""}
checkxlinkurl.template.feature:21 - 
org.apache.http.client.ClientProtocolException
12:56:34.770 [ForkJoinPool-1-worker-61] INFO  com.intuit.karate - [print] testing xlinkurl:https://inspire.caris.nl/geoserver2/gn/wfs?request=GetCapabilities&service=WFS
12:56:34.771 [ForkJoinPool-1-worker-3] INFO  com.intuit.karate - [print] testing xlinkurl:
12:56:34.773 [ForkJoinPool-1-worker-3] ERROR com.intuit.karate - org.apache.http.client.ClientProtocolException, http call failed after 0 milliseconds for URL: 
12:56:34.773 [ForkJoinPool-1-worker-3] ERROR com.intuit.karate - http request failed: 
org.apache.http.client.ClientProtocolException
12:56:34.773 [ForkJoinPool-1-worker-3] ERROR com.intuit.karate - feature call (loop) failed at index: 35
caller: classpath:InspireTest/def/checkxlinkurl.template.feature
arg: {"link":""}
checkxlinkurl.template.feature:21 - 
org.apache.http.client.ClientProtocolException
12:56:34.779 [ForkJoinPool-1-worker-3] INFO  com.intuit.karate - [print] testing xlinkurl:
12:56:34.781 [ForkJoinPool-1-worker-3] ERROR com.intuit.karate - org.apache.http.client.ClientProtocolException, http call failed after 0 milliseconds for URL: 
12:56:34.781 [ForkJoinPool-1-worker-3] ERROR com.intuit.karate - http request failed: 
org.apache.http.client.ClientProtocolException
12:56:34.781 [ForkJoinPool-1-worker-3] ERROR com.intuit.karate - feature call (loop) failed at index: 36
caller: classpath:InspireTest/def/checkxlinkurl.template.feature
arg: {"link":""}
checkxlinkurl.template.feature:21 - 
org.apache.http.client.ClientProtocolException
12:56:34.785 [ForkJoinPool-1-worker-3] INFO  com.intuit.karate - [print] testing xlinkurl:
12:56:34.790 [ForkJoinPool-1-worker-25] INFO  com.intuit.karate - [print] testing xlinkurl:http://inspire.ec.europa.eu/metadata-codelist/SpatialDataServiceCategory
12:56:34.787 [ForkJoinPool-1-worker-3] ERROR com.intuit.karate - org.apache.http.client.ClientProtocolException, http call failed after 0 milliseconds for URL: 
12:56:34.793 [ForkJoinPool-1-worker-3] ERROR com.intuit.karate - http request failed: 
org.apache.http.client.ClientProtocolException
12:56:34.793 [ForkJoinPool-1-worker-3] ERROR com.intuit.karate - feature call (loop) failed at index: 37
caller: classpath:InspireTest/def/checkxlinkurl.template.feature
arg: {"link":""}
checkxlinkurl.template.feature:21 - 
org.apache.http.client.ClientProtocolException
12:56:34.797 [ForkJoinPool-1-worker-3] INFO  com.intuit.karate - [print] testing xlinkurl:
12:56:34.804 [ForkJoinPool-1-worker-3] ERROR com.intuit.karate - org.apache.http.client.ClientProtocolException, http call failed after 0 milliseconds for URL: 
12:56:34.804 [ForkJoinPool-1-worker-3] ERROR com.intuit.karate - http request failed: 
org.apache.http.client.ClientProtocolException
12:56:34.804 [ForkJoinPool-1-worker-3] ERROR com.intuit.karate - feature call (loop) failed at index: 38
caller: classpath:InspireTest/def/checkxlinkurl.template.feature
arg: {"link":""}
checkxlinkurl.template.feature:21 - 
org.apache.http.client.ClientProtocolException
12:56:34.805 [ForkJoinPool-1-worker-41] ERROR com.intuit.karate - assertion failed: path: $, actual: 404, expected: 200, reason: not equal (Integer)
12:56:34.805 [ForkJoinPool-1-worker-41] ERROR com.intuit.karate - feature call (loop) failed at index: 0
caller: classpath:InspireTest/def/checkxlinkurl.template.feature
arg: {"link":"http://rdfdata.eionet.europa.eu/inspirethemes/themes/33"}
checkxlinkurl.template.feature:28 - path: $, actual: 404, expected: 200, reason: not equal (Integer)
12:56:34.807 [ForkJoinPool-1-worker-41] INFO  com.intuit.karate - [print] testing xlinkurl:http://geonetwork-opensource.org/inspire-theme#
12:56:34.815 [ForkJoinPool-1-worker-3] INFO  com.intuit.karate - [print] testing xlinkurl:
12:56:34.817 [ForkJoinPool-1-worker-3] ERROR com.intuit.karate - org.apache.http.client.ClientProtocolException, http call failed after 0 milliseconds for URL: 
12:56:34.817 [ForkJoinPool-1-worker-3] ERROR com.intuit.karate - http request failed: 
org.apache.http.client.ClientProtocolException
12:56:34.817 [ForkJoinPool-1-worker-3] ERROR com.intuit.karate - feature call (loop) failed at index: 39
caller: classpath:InspireTest/def/checkxlinkurl.template.feature
arg: {"link":""}
checkxlinkurl.template.feature:21 - 
org.apache.http.client.ClientProtocolException
12:56:34.832 [ForkJoinPool-1-worker-3] INFO  com.intuit.karate - [print] testing xlinkurl:
12:56:34.856 [ForkJoinPool-1-worker-3] ERROR com.intuit.karate - org.apache.http.client.ClientProtocolException, http call failed after 0 milliseconds for URL: 
12:56:34.856 [ForkJoinPool-1-worker-3] ERROR com.intuit.karate - http request failed: 
org.apache.http.client.ClientProtocolException
12:56:34.856 [ForkJoinPool-1-worker-3] ERROR com.intuit.karate - feature call (loop) failed at index: 40
caller: classpath:InspireTest/def/checkxlinkurl.template.feature
arg: {"link":""}
checkxlinkurl.template.feature:21 - 
org.apache.http.client.ClientProtocolException
12:56:34.858 [ForkJoinPool-1-worker-3] INFO  com.intuit.karate - [print] testing xlinkurl:
12:56:34.863 [ForkJoinPool-1-worker-3] ERROR com.intuit.karate - org.apache.http.client.ClientProtocolException, http call failed after 0 milliseconds for URL: 
12:56:34.863 [ForkJoinPool-1-worker-3] ERROR com.intuit.karate - http request failed: 
org.apache.http.client.ClientProtocolException
12:56:34.864 [ForkJoinPool-1-worker-3] ERROR com.intuit.karate - feature call (loop) failed at index: 41
caller: classpath:InspireTest/def/checkxlinkurl.template.feature
arg: {"link":""}
checkxlinkurl.template.feature:21 - 
org.apache.http.client.ClientProtocolException
12:56:34.865 [ForkJoinPool-1-worker-3] INFO  com.intuit.karate - [print] testing xlinkurl:
12:56:34.866 [ForkJoinPool-1-worker-27] INFO  com.intuit.karate - [print] testing xlinkurl:http://rdfdata.eionet.europa.eu/inspirethemes/themes/31
12:56:34.884 [ForkJoinPool-1-worker-3] ERROR com.intuit.karate - org.apache.http.client.ClientProtocolException, http call failed after 0 milliseconds for URL: 
12:56:34.886 [ForkJoinPool-1-worker-3] ERROR com.intuit.karate - http request failed: 
org.apache.http.client.ClientProtocolException
12:56:34.887 [ForkJoinPool-1-worker-3] ERROR com.intuit.karate - feature call (loop) failed at index: 42
caller: classpath:InspireTest/def/checkxlinkurl.template.feature
arg: {"link":""}
checkxlinkurl.template.feature:21 - 
org.apache.http.client.ClientProtocolException
12:56:34.889 [ForkJoinPool-1-worker-3] INFO  com.intuit.karate - [print] testing xlinkurl:
12:56:34.898 [ForkJoinPool-1-worker-3] ERROR com.intuit.karate - org.apache.http.client.ClientProtocolException, http call failed after 0 milliseconds for URL: 
12:56:34.902 [ForkJoinPool-1-worker-3] ERROR com.intuit.karate - http request failed: 
org.apache.http.client.ClientProtocolException
12:56:34.905 [ForkJoinPool-1-worker-3] ERROR com.intuit.karate - feature call (loop) failed at index: 43
caller: classpath:InspireTest/def/checkxlinkurl.template.feature
arg: {"link":""}
checkxlinkurl.template.feature:21 - 
org.apache.http.client.ClientProtocolException
12:56:34.909 [ForkJoinPool-1-worker-3] INFO  com.intuit.karate - [print] testing xlinkurl:
12:56:34.912 [ForkJoinPool-1-worker-3] ERROR com.intuit.karate - org.apache.http.client.ClientProtocolException, http call failed after 0 milliseconds for URL: 
12:56:34.923 [ForkJoinPool-1-worker-3] ERROR com.intuit.karate - http request failed: 
org.apache.http.client.ClientProtocolException
12:56:34.925 [ForkJoinPool-1-worker-3] ERROR com.intuit.karate - feature call (loop) failed at index: 44
caller: classpath:InspireTest/def/checkxlinkurl.template.feature
arg: {"link":""}
checkxlinkurl.template.feature:21 - 
org.apache.http.client.ClientProtocolException
12:56:34.927 [ForkJoinPool-1-worker-3] INFO  com.intuit.karate - [print] testing xlinkurl:
12:56:34.928 [ForkJoinPool-1-worker-3] ERROR com.intuit.karate - org.apache.http.client.ClientProtocolException, http call failed after 0 milliseconds for URL: 
12:56:34.928 [ForkJoinPool-1-worker-3] ERROR com.intuit.karate - http request failed: 
org.apache.http.client.ClientProtocolException
12:56:34.928 [ForkJoinPool-1-worker-3] ERROR com.intuit.karate - feature call (loop) failed at index: 45
caller: classpath:InspireTest/def/checkxlinkurl.template.feature
arg: {"link":""}
checkxlinkurl.template.feature:21 - 
org.apache.http.client.ClientProtocolException
12:56:34.930 [ForkJoinPool-1-worker-3] INFO  com.intuit.karate - [print] testing xlinkurl:
12:56:34.931 [ForkJoinPool-1-worker-3] ERROR com.intuit.karate - org.apache.http.client.ClientProtocolException, http call failed after 0 milliseconds for URL: 
12:56:34.931 [ForkJoinPool-1-worker-3] ERROR com.intuit.karate - http request failed: 
org.apache.http.client.ClientProtocolException
12:56:34.943 [ForkJoinPool-1-worker-3] ERROR com.intuit.karate - feature call (loop) failed at index: 46
caller: classpath:InspireTest/def/checkxlinkurl.template.feature
arg: {"link":""}
checkxlinkurl.template.feature:21 - 
org.apache.http.client.ClientProtocolException
12:56:34.946 [ForkJoinPool-1-worker-3] INFO  com.intuit.karate - [print] testing xlinkurl:
12:56:34.958 [ForkJoinPool-1-worker-3] ERROR com.intuit.karate - org.apache.http.client.ClientProtocolException, http call failed after 0 milliseconds for URL: 
12:56:34.961 [ForkJoinPool-1-worker-3] ERROR com.intuit.karate - http request failed: 
org.apache.http.client.ClientProtocolException
12:56:34.962 [ForkJoinPool-1-worker-3] ERROR com.intuit.karate - feature call (loop) failed at index: 47
caller: classpath:InspireTest/def/checkxlinkurl.template.feature
arg: {"link":""}
checkxlinkurl.template.feature:21 - 
org.apache.http.client.ClientProtocolException
12:56:34.985 [ForkJoinPool-1-worker-3] INFO  com.intuit.karate - [print] testing xlinkurl:
12:56:34.986 [ForkJoinPool-1-worker-3] ERROR com.intuit.karate - org.apache.http.client.ClientProtocolException, http call failed after 0 milliseconds for URL: 
12:56:34.986 [ForkJoinPool-1-worker-3] ERROR com.intuit.karate - http request failed: 
org.apache.http.client.ClientProtocolException
12:56:34.986 [ForkJoinPool-1-worker-3] ERROR com.intuit.karate - feature call (loop) failed at index: 48
caller: classpath:InspireTest/def/checkxlinkurl.template.feature
arg: {"link":""}
checkxlinkurl.template.feature:21 - 
org.apache.http.client.ClientProtocolException
12:56:34.993 [ForkJoinPool-1-worker-49] INFO  com.intuit.karate - [print] testing xlinkurl:https://www.pdok.nl
12:56:34.995 [ForkJoinPool-1-worker-3] INFO  com.intuit.karate - [print] testing xlinkurl:
12:56:34.999 [ForkJoinPool-1-worker-3] ERROR com.intuit.karate - org.apache.http.client.ClientProtocolException, http call failed after 0 milliseconds for URL: 
12:56:34.999 [ForkJoinPool-1-worker-3] ERROR com.intuit.karate - http request failed: 
org.apache.http.client.ClientProtocolException
12:56:35.005 [ForkJoinPool-1-worker-3] ERROR com.intuit.karate - feature call (loop) failed at index: 49
caller: classpath:InspireTest/def/checkxlinkurl.template.feature
arg: {"link":""}
checkxlinkurl.template.feature:21 - 
org.apache.http.client.ClientProtocolException
12:56:35.008 [ForkJoinPool-1-worker-3] INFO  com.intuit.karate - [print] testing xlinkurl:
12:56:35.020 [ForkJoinPool-1-worker-23] INFO  com.intuit.karate - [print] testing xlinkurl:https://www.nationaalgeoregister.nl/geonetwork/srv/dut/csw?Service=CSW&Request=GetRecordById&Version=2.0.2&id=4d514a2b-4a7e-4686-b9ea-87cb3e17ed52&outputSchema=http://www.isotc211.org/2005/gmd&elementSetName=full#MD_DataIdentification
12:56:35.024 [ForkJoinPool-1-worker-3] ERROR com.intuit.karate - org.apache.http.client.ClientProtocolException, http call failed after 0 milliseconds for URL: 
12:56:35.027 [ForkJoinPool-1-worker-13] INFO  com.intuit.karate - [print] testing xlinkurl:https://www.nationaalgeoregister.nl:443/geonetwork/srv/dut/csw?service=CSW&request=GetRecordById&version=2.0.2&outputSchema=http://www.isotc211.org/2005/gmd&elementSetName=full&id=e8b84fae-00b3-49c1-80c1-df8f69f64e8c#MD_DataIdentification
12:56:35.028 [ForkJoinPool-1-worker-3] ERROR com.intuit.karate - http request failed: 
org.apache.http.client.ClientProtocolException
12:56:35.035 [ForkJoinPool-1-worker-3] ERROR com.intuit.karate - feature call (loop) failed at index: 50
caller: classpath:InspireTest/def/checkxlinkurl.template.feature
arg: {"link":""}
checkxlinkurl.template.feature:21 - 
org.apache.http.client.ClientProtocolException
12:56:35.039 [ForkJoinPool-1-worker-3] INFO  com.intuit.karate - [print] testing xlinkurl:
12:56:35.040 [ForkJoinPool-1-worker-3] ERROR com.intuit.karate - org.apache.http.client.ClientProtocolException, http call failed after 0 milliseconds for URL: 
12:56:35.040 [ForkJoinPool-1-worker-3] ERROR com.intuit.karate - http request failed: 
org.apache.http.client.ClientProtocolException
12:56:35.042 [ForkJoinPool-1-worker-3] ERROR com.intuit.karate - feature call (loop) failed at index: 51
caller: classpath:InspireTest/def/checkxlinkurl.template.feature
arg: {"link":""}
checkxlinkurl.template.feature:21 - 
org.apache.http.client.ClientProtocolException
12:56:35.044 [ForkJoinPool-1-worker-3] INFO  com.intuit.karate - [print] testing xlinkurl:
12:56:35.048 [ForkJoinPool-1-worker-3] ERROR com.intuit.karate - org.apache.http.client.ClientProtocolException, http call failed after 0 milliseconds for URL: 
12:56:35.048 [ForkJoinPool-1-worker-3] ERROR com.intuit.karate - http request failed: 
org.apache.http.client.ClientProtocolException
12:56:35.050 [ForkJoinPool-1-worker-3] ERROR com.intuit.karate - feature call (loop) failed at index: 52
caller: classpath:InspireTest/def/checkxlinkurl.template.feature
arg: {"link":""}
checkxlinkurl.template.feature:21 - 
org.apache.http.client.ClientProtocolException
12:56:35.052 [ForkJoinPool-1-worker-3] INFO  com.intuit.karate - [print] testing xlinkurl:
12:56:35.060 [ForkJoinPool-1-worker-3] ERROR com.intuit.karate - org.apache.http.client.ClientProtocolException, http call failed after 0 milliseconds for URL: 
12:56:35.061 [ForkJoinPool-1-worker-3] ERROR com.intuit.karate - http request failed: 
org.apache.http.client.ClientProtocolException
12:56:35.062 [ForkJoinPool-1-worker-3] ERROR com.intuit.karate - feature call (loop) failed at index: 53
caller: classpath:InspireTest/def/checkxlinkurl.template.feature
arg: {"link":""}
checkxlinkurl.template.feature:21 - 
org.apache.http.client.ClientProtocolException
12:56:35.063 [ForkJoinPool-1-worker-3] INFO  com.intuit.karate - [print] testing xlinkurl:
12:56:35.061 [ForkJoinPool-1-worker-63] INFO  com.intuit.karate - [print] testing xlinkurl:http://rdfdata.eionet.europa.eu/inspirethemes/themes/10
12:56:35.066 [ForkJoinPool-1-worker-27] ERROR com.intuit.karate - assertion failed: path: $, actual: 404, expected: 200, reason: not equal (Integer)
12:56:35.066 [ForkJoinPool-1-worker-27] ERROR com.intuit.karate - feature call (loop) failed at index: 0
caller: classpath:InspireTest/def/checkxlinkurl.template.feature
arg: {"link":"http://rdfdata.eionet.europa.eu/inspirethemes/themes/31"}
checkxlinkurl.template.feature:28 - path: $, actual: 404, expected: 200, reason: not equal (Integer)
12:56:35.067 [ForkJoinPool-1-worker-3] ERROR com.intuit.karate - org.apache.http.client.ClientProtocolException, http call failed after 0 milliseconds for URL: 
12:56:35.067 [ForkJoinPool-1-worker-3] ERROR com.intuit.karate - http request failed: 
org.apache.http.client.ClientProtocolException
12:56:35.068 [ForkJoinPool-1-worker-3] ERROR com.intuit.karate - feature call (loop) failed at index: 54
caller: classpath:InspireTest/def/checkxlinkurl.template.feature
arg: {"link":""}
checkxlinkurl.template.feature:21 - 
org.apache.http.client.ClientProtocolException
12:56:35.069 [ForkJoinPool-1-worker-3] INFO  com.intuit.karate - [print] testing xlinkurl:
12:56:35.071 [ForkJoinPool-1-worker-27] INFO  com.intuit.karate - [print] testing xlinkurl:http://geonetwork-opensource.org/inspire-theme#
12:56:35.072 [ForkJoinPool-1-worker-3] ERROR com.intuit.karate - org.apache.http.client.ClientProtocolException, http call failed after 0 milliseconds for URL: 
12:56:35.072 [ForkJoinPool-1-worker-3] ERROR com.intuit.karate - http request failed: 
org.apache.http.client.ClientProtocolException
12:56:35.072 [ForkJoinPool-1-worker-3] ERROR com.intuit.karate - feature call (loop) failed at index: 55
caller: classpath:InspireTest/def/checkxlinkurl.template.feature
arg: {"link":""}
checkxlinkurl.template.feature:21 - 
org.apache.http.client.ClientProtocolException
12:56:35.074 [ForkJoinPool-1-worker-3] INFO  com.intuit.karate - [print] testing xlinkurl:
12:56:35.076 [ForkJoinPool-1-worker-3] ERROR com.intuit.karate - org.apache.http.client.ClientProtocolException, http call failed after 0 milliseconds for URL: 
12:56:35.087 [ForkJoinPool-1-worker-3] ERROR com.intuit.karate - http request failed: 
org.apache.http.client.ClientProtocolException
12:56:35.088 [ForkJoinPool-1-worker-3] ERROR com.intuit.karate - feature call (loop) failed at index: 56
caller: classpath:InspireTest/def/checkxlinkurl.template.feature
arg: {"link":""}
checkxlinkurl.template.feature:21 - 
org.apache.http.client.ClientProtocolException
12:56:35.095 [ForkJoinPool-1-worker-3] INFO  com.intuit.karate - [print] testing xlinkurl:
12:56:35.096 [ForkJoinPool-1-worker-3] ERROR com.intuit.karate - org.apache.http.client.ClientProtocolException, http call failed after 0 milliseconds for URL: 
12:56:35.096 [ForkJoinPool-1-worker-3] ERROR com.intuit.karate - http request failed: 
org.apache.http.client.ClientProtocolException
12:56:35.096 [ForkJoinPool-1-worker-3] ERROR com.intuit.karate - feature call (loop) failed at index: 57
caller: classpath:InspireTest/def/checkxlinkurl.template.feature
arg: {"link":""}
checkxlinkurl.template.feature:21 - 
org.apache.http.client.ClientProtocolException
12:56:35.098 [ForkJoinPool-1-worker-3] INFO  com.intuit.karate - [print] testing xlinkurl:
12:56:35.112 [ForkJoinPool-1-worker-3] ERROR com.intuit.karate - org.apache.http.client.ClientProtocolException, http call failed after 0 milliseconds for URL: 
12:56:35.115 [ForkJoinPool-1-worker-3] ERROR com.intuit.karate - http request failed: 
org.apache.http.client.ClientProtocolException
12:56:35.116 [ForkJoinPool-1-worker-3] ERROR com.intuit.karate - feature call (loop) failed at index: 58
caller: classpath:InspireTest/def/checkxlinkurl.template.feature
arg: {"link":""}
checkxlinkurl.template.feature:21 - 
org.apache.http.client.ClientProtocolException
12:56:35.120 [ForkJoinPool-1-worker-3] INFO  com.intuit.karate - [print] testing xlinkurl:
12:56:35.129 [ForkJoinPool-1-worker-3] ERROR com.intuit.karate - org.apache.http.client.ClientProtocolException, http call failed after 0 milliseconds for URL: 
12:56:35.130 [ForkJoinPool-1-worker-3] ERROR com.intuit.karate - http request failed: 
org.apache.http.client.ClientProtocolException
12:56:35.130 [ForkJoinPool-1-worker-3] ERROR com.intuit.karate - feature call (loop) failed at index: 59
caller: classpath:InspireTest/def/checkxlinkurl.template.feature
arg: {"link":""}
checkxlinkurl.template.feature:21 - 
org.apache.http.client.ClientProtocolException
12:56:35.128 [ForkJoinPool-1-worker-31] INFO  com.intuit.karate - [print] testing xlinkurl:
12:56:35.132 [ForkJoinPool-1-worker-31] ERROR com.intuit.karate - org.apache.http.client.ClientProtocolException, http call failed after 0 milliseconds for URL: 
12:56:35.132 [ForkJoinPool-1-worker-31] ERROR com.intuit.karate - http request failed: 
org.apache.http.client.ClientProtocolException
12:56:35.133 [ForkJoinPool-1-worker-31] ERROR com.intuit.karate - feature call (loop) failed at index: 0
caller: classpath:InspireTest/def/checkxlinkurl.template.feature
arg: {"link":""}
checkxlinkurl.template.feature:21 - 
org.apache.http.client.ClientProtocolException
12:56:35.131 [ForkJoinPool-1-worker-3] INFO  com.intuit.karate - [print] testing xlinkurl:
12:56:35.135 [ForkJoinPool-1-worker-3] ERROR com.intuit.karate - org.apache.http.client.ClientProtocolException, http call failed after 0 milliseconds for URL: 
12:56:35.136 [ForkJoinPool-1-worker-3] ERROR com.intuit.karate - http request failed: 
org.apache.http.client.ClientProtocolException
12:56:35.136 [ForkJoinPool-1-worker-3] ERROR com.intuit.karate - feature call (loop) failed at index: 60
caller: classpath:InspireTest/def/checkxlinkurl.template.feature
arg: {"link":""}
checkxlinkurl.template.feature:21 - 
org.apache.http.client.ClientProtocolException
12:56:35.137 [ForkJoinPool-1-worker-3] INFO  com.intuit.karate - [print] testing xlinkurl:
12:56:35.138 [ForkJoinPool-1-worker-3] ERROR com.intuit.karate - org.apache.http.client.ClientProtocolException, http call failed after 0 milliseconds for URL: 
12:56:35.136 [ForkJoinPool-1-worker-31] INFO  com.intuit.karate - [print] testing xlinkurl:http://www.nationaalgeoregister.nl/geonetwork/srv/nl/csw?Service=CSW&Request=GetRecordById&Version=2.0.2&id=88f76a94-ee4d-4e0c-9fde-91b692403e39&outputSchema=http://www.isotc211.org/2005/gmd&elementSetName=full#MD_DataIdentification
12:56:35.147 [ForkJoinPool-1-worker-3] ERROR com.intuit.karate - http request failed: 
org.apache.http.client.ClientProtocolException
12:56:35.147 [ForkJoinPool-1-worker-3] ERROR com.intuit.karate - feature call (loop) failed at index: 61
caller: classpath:InspireTest/def/checkxlinkurl.template.feature
arg: {"link":""}
checkxlinkurl.template.feature:21 - 
org.apache.http.client.ClientProtocolException
12:56:35.149 [ForkJoinPool-1-worker-3] INFO  com.intuit.karate - [print] testing xlinkurl:
12:56:35.156 [ForkJoinPool-1-worker-3] ERROR com.intuit.karate - org.apache.http.client.ClientProtocolException, http call failed after 0 milliseconds for URL: 
12:56:35.156 [ForkJoinPool-1-worker-3] ERROR com.intuit.karate - http request failed: 
org.apache.http.client.ClientProtocolException
12:56:35.156 [ForkJoinPool-1-worker-3] ERROR com.intuit.karate - feature call (loop) failed at index: 62
caller: classpath:InspireTest/def/checkxlinkurl.template.feature
arg: {"link":""}
checkxlinkurl.template.feature:21 - 
org.apache.http.client.ClientProtocolException
12:56:35.158 [ForkJoinPool-1-worker-3] INFO  com.intuit.karate - [print] testing xlinkurl:
12:56:35.159 [ForkJoinPool-1-worker-3] ERROR com.intuit.karate - org.apache.http.client.ClientProtocolException, http call failed after 0 milliseconds for URL: 
12:56:35.159 [ForkJoinPool-1-worker-3] ERROR com.intuit.karate - http request failed: 
org.apache.http.client.ClientProtocolException
12:56:35.159 [ForkJoinPool-1-worker-3] ERROR com.intuit.karate - feature call (loop) failed at index: 63
caller: classpath:InspireTest/def/checkxlinkurl.template.feature
arg: {"link":""}
checkxlinkurl.template.feature:21 - 
org.apache.http.client.ClientProtocolException
12:56:35.136 [ForkJoinPool-1-worker-59] INFO  com.intuit.karate - [print] testing xlinkurl:http://inspire.ec.europa.eu/metadata-codelist/SpatialDataServiceCategory/infoMapAccessService
12:56:35.182 [ForkJoinPool-1-worker-3] INFO  com.intuit.karate - [print] testing xlinkurl:
12:56:35.183 [ForkJoinPool-1-worker-3] ERROR com.intuit.karate - org.apache.http.client.ClientProtocolException, http call failed after 0 milliseconds for URL: 
12:56:35.183 [ForkJoinPool-1-worker-3] ERROR com.intuit.karate - http request failed: 
org.apache.http.client.ClientProtocolException
12:56:35.191 [ForkJoinPool-1-worker-3] ERROR com.intuit.karate - feature call (loop) failed at index: 64
caller: classpath:InspireTest/def/checkxlinkurl.template.feature
arg: {"link":""}
checkxlinkurl.template.feature:21 - 
org.apache.http.client.ClientProtocolException
12:56:35.196 [ForkJoinPool-1-worker-3] INFO  com.intuit.karate - [print] testing xlinkurl:
12:56:35.198 [ForkJoinPool-1-worker-3] ERROR com.intuit.karate - org.apache.http.client.ClientProtocolException, http call failed after 0 milliseconds for URL: 
12:56:35.198 [ForkJoinPool-1-worker-3] ERROR com.intuit.karate - http request failed: 
org.apache.http.client.ClientProtocolException
12:56:35.198 [ForkJoinPool-1-worker-3] ERROR com.intuit.karate - feature call (loop) failed at index: 65
caller: classpath:InspireTest/def/checkxlinkurl.template.feature
arg: {"link":""}
checkxlinkurl.template.feature:21 - 
org.apache.http.client.ClientProtocolException
12:56:35.199 [ForkJoinPool-1-worker-3] INFO  com.intuit.karate - [print] testing xlinkurl:
12:56:35.202 [ForkJoinPool-1-worker-3] ERROR com.intuit.karate - org.apache.http.client.ClientProtocolException, http call failed after 0 milliseconds for URL: 
12:56:35.217 [ForkJoinPool-1-worker-3] ERROR com.intuit.karate - http request failed: 
org.apache.http.client.ClientProtocolException
12:56:35.217 [ForkJoinPool-1-worker-3] ERROR com.intuit.karate - feature call (loop) failed at index: 66
caller: classpath:InspireTest/def/checkxlinkurl.template.feature
arg: {"link":""}
checkxlinkurl.template.feature:21 - 
org.apache.http.client.ClientProtocolException
12:56:35.218 [ForkJoinPool-1-worker-3] INFO  com.intuit.karate - [print] testing xlinkurl:
12:56:35.220 [ForkJoinPool-1-worker-3] ERROR com.intuit.karate - org.apache.http.client.ClientProtocolException, http call failed after 0 milliseconds for URL: 
12:56:35.220 [ForkJoinPool-1-worker-3] ERROR com.intuit.karate - http request failed: 
org.apache.http.client.ClientProtocolException
12:56:35.229 [ForkJoinPool-1-worker-3] ERROR com.intuit.karate - feature call (loop) failed at index: 67
caller: classpath:InspireTest/def/checkxlinkurl.template.feature
arg: {"link":""}
checkxlinkurl.template.feature:21 - 
org.apache.http.client.ClientProtocolException
12:56:35.237 [ForkJoinPool-1-worker-3] INFO  com.intuit.karate - [print] testing xlinkurl:
12:56:35.242 [ForkJoinPool-1-worker-3] ERROR com.intuit.karate - org.apache.http.client.ClientProtocolException, http call failed after 0 milliseconds for URL: 
12:56:35.244 [ForkJoinPool-1-worker-3] ERROR com.intuit.karate - http request failed: 
org.apache.http.client.ClientProtocolException
12:56:35.244 [ForkJoinPool-1-worker-3] ERROR com.intuit.karate - feature call (loop) failed at index: 68
caller: classpath:InspireTest/def/checkxlinkurl.template.feature
arg: {"link":""}
checkxlinkurl.template.feature:21 - 
org.apache.http.client.ClientProtocolException
12:56:35.246 [ForkJoinPool-1-worker-3] INFO  com.intuit.karate - [print] testing xlinkurl:
12:56:35.253 [ForkJoinPool-1-worker-9] ERROR com.intuit.karate - assertion failed: path: $, actual: 404, expected: 200, reason: not equal (Integer)
12:56:35.253 [ForkJoinPool-1-worker-9] ERROR com.intuit.karate - feature call (loop) failed at index: 1
caller: classpath:InspireTest/def/checkxlinkurl.template.feature
arg: {"link":"http://geonetwork-opensource.org/inspire-theme#"}
checkxlinkurl.template.feature:28 - path: $, actual: 404, expected: 200, reason: not equal (Integer)
12:56:35.254 [ForkJoinPool-1-worker-9] INFO  com.intuit.karate - [print] testing xlinkurl:http://inspire.ec.europa.eu/metadata-codelist/SpatialDataServiceCategory/infoMapAccessService
12:56:35.258 [ForkJoinPool-1-worker-3] ERROR com.intuit.karate - org.apache.http.client.ClientProtocolException, http call failed after 0 milliseconds for URL: 
12:56:35.261 [ForkJoinPool-1-worker-3] ERROR com.intuit.karate - http request failed: 
org.apache.http.client.ClientProtocolException
12:56:35.261 [ForkJoinPool-1-worker-3] ERROR com.intuit.karate - feature call (loop) failed at index: 69
caller: classpath:InspireTest/def/checkxlinkurl.template.feature
arg: {"link":""}
checkxlinkurl.template.feature:21 - 
org.apache.http.client.ClientProtocolException
12:56:35.263 [ForkJoinPool-1-worker-3] INFO  com.intuit.karate - [print] testing xlinkurl:
12:56:35.268 [ForkJoinPool-1-worker-3] ERROR com.intuit.karate - org.apache.http.client.ClientProtocolException, http call failed after 0 milliseconds for URL: 
12:56:35.270 [ForkJoinPool-1-worker-51] INFO  com.intuit.karate - [print] testing xlinkurl:
12:56:35.270 [ForkJoinPool-1-worker-3] ERROR com.intuit.karate - http request failed: 
org.apache.http.client.ClientProtocolException
12:56:35.272 [ForkJoinPool-1-worker-51] ERROR com.intuit.karate - org.apache.http.client.ClientProtocolException, http call failed after 0 milliseconds for URL: 
12:56:35.279 [ForkJoinPool-1-worker-3] ERROR com.intuit.karate - feature call (loop) failed at index: 70
caller: classpath:InspireTest/def/checkxlinkurl.template.feature
arg: {"link":""}
checkxlinkurl.template.feature:21 - 
org.apache.http.client.ClientProtocolException
12:56:35.281 [ForkJoinPool-1-worker-63] ERROR com.intuit.karate - assertion failed: path: $, actual: 404, expected: 200, reason: not equal (Integer)
12:56:35.281 [ForkJoinPool-1-worker-63] ERROR com.intuit.karate - feature call (loop) failed at index: 0
caller: classpath:InspireTest/def/checkxlinkurl.template.feature
arg: {"link":"http://rdfdata.eionet.europa.eu/inspirethemes/themes/10"}
checkxlinkurl.template.feature:28 - path: $, actual: 404, expected: 200, reason: not equal (Integer)
12:56:35.281 [ForkJoinPool-1-worker-3] INFO  com.intuit.karate - [print] testing xlinkurl:
12:56:35.282 [ForkJoinPool-1-worker-3] ERROR com.intuit.karate - org.apache.http.client.ClientProtocolException, http call failed after 0 milliseconds for URL: 
12:56:35.282 [ForkJoinPool-1-worker-3] ERROR com.intuit.karate - http request failed: 
org.apache.http.client.ClientProtocolException
12:56:35.282 [ForkJoinPool-1-worker-63] INFO  com.intuit.karate - [print] testing xlinkurl:http://geonetwork-opensource.org/inspire-theme#
12:56:35.282 [ForkJoinPool-1-worker-3] ERROR com.intuit.karate - feature call (loop) failed at index: 71
caller: classpath:InspireTest/def/checkxlinkurl.template.feature
arg: {"link":""}
checkxlinkurl.template.feature:21 - 
org.apache.http.client.ClientProtocolException
12:56:35.287 [ForkJoinPool-1-worker-51] ERROR com.intuit.karate - http request failed: 
org.apache.http.client.ClientProtocolException
12:56:35.288 [ForkJoinPool-1-worker-51] ERROR com.intuit.karate - feature call (loop) failed at index: 0
caller: classpath:InspireTest/def/checkxlinkurl.template.feature
arg: {"link":""}
checkxlinkurl.template.feature:21 - 
org.apache.http.client.ClientProtocolException
12:56:35.290 [ForkJoinPool-1-worker-51] INFO  com.intuit.karate - [print] testing xlinkurl:
12:56:35.294 [ForkJoinPool-1-worker-51] ERROR com.intuit.karate - org.apache.http.client.ClientProtocolException, http call failed after 0 milliseconds for URL: 
12:56:35.294 [ForkJoinPool-1-worker-51] ERROR com.intuit.karate - http request failed: 
org.apache.http.client.ClientProtocolException
12:56:35.294 [ForkJoinPool-1-worker-51] ERROR com.intuit.karate - feature call (loop) failed at index: 1
caller: classpath:InspireTest/def/checkxlinkurl.template.feature
arg: {"link":""}
checkxlinkurl.template.feature:21 - 
org.apache.http.client.ClientProtocolException
12:56:35.295 [ForkJoinPool-1-worker-3] INFO  com.intuit.karate - [print] testing xlinkurl:
12:56:35.296 [ForkJoinPool-1-worker-3] ERROR com.intuit.karate - org.apache.http.client.ClientProtocolException, http call failed after 0 milliseconds for URL: 
12:56:35.296 [ForkJoinPool-1-worker-3] ERROR com.intuit.karate - http request failed: 
org.apache.http.client.ClientProtocolException
12:56:35.297 [ForkJoinPool-1-worker-3] ERROR com.intuit.karate - feature call (loop) failed at index: 72
caller: classpath:InspireTest/def/checkxlinkurl.template.feature
arg: {"link":""}
checkxlinkurl.template.feature:21 - 
org.apache.http.client.ClientProtocolException
12:56:35.298 [ForkJoinPool-1-worker-3] INFO  com.intuit.karate - [print] testing xlinkurl:
12:56:35.301 [ForkJoinPool-1-worker-51] INFO  com.intuit.karate - [print] testing xlinkurl:
12:56:35.302 [ForkJoinPool-1-worker-51] ERROR com.intuit.karate - org.apache.http.client.ClientProtocolException, http call failed after 0 milliseconds for URL: 
12:56:35.302 [ForkJoinPool-1-worker-51] ERROR com.intuit.karate - http request failed: 
org.apache.http.client.ClientProtocolException
12:56:35.302 [ForkJoinPool-1-worker-51] ERROR com.intuit.karate - feature call (loop) failed at index: 2
caller: classpath:InspireTest/def/checkxlinkurl.template.feature
arg: {"link":""}
checkxlinkurl.template.feature:21 - 
org.apache.http.client.ClientProtocolException
12:56:35.304 [ForkJoinPool-1-worker-51] INFO  com.intuit.karate - [print] testing xlinkurl:
12:56:35.308 [ForkJoinPool-1-worker-3] ERROR com.intuit.karate - org.apache.http.client.ClientProtocolException, http call failed after 0 milliseconds for URL: 
12:56:35.309 [ForkJoinPool-1-worker-3] ERROR com.intuit.karate - http request failed: 
org.apache.http.client.ClientProtocolException
12:56:35.310 [ForkJoinPool-1-worker-51] ERROR com.intuit.karate - org.apache.http.client.ClientProtocolException, http call failed after 0 milliseconds for URL: 
12:56:35.309 [ForkJoinPool-1-worker-3] ERROR com.intuit.karate - feature call (loop) failed at index: 73
caller: classpath:InspireTest/def/checkxlinkurl.template.feature
arg: {"link":""}
checkxlinkurl.template.feature:21 - 
org.apache.http.client.ClientProtocolException
12:56:35.312 [ForkJoinPool-1-worker-3] INFO  com.intuit.karate - [print] testing xlinkurl:
12:56:35.313 [ForkJoinPool-1-worker-51] ERROR com.intuit.karate - http request failed: 
org.apache.http.client.ClientProtocolException
12:56:35.313 [ForkJoinPool-1-worker-51] ERROR com.intuit.karate - feature call (loop) failed at index: 3
caller: classpath:InspireTest/def/checkxlinkurl.template.feature
arg: {"link":""}
checkxlinkurl.template.feature:21 - 
org.apache.http.client.ClientProtocolException
12:56:35.316 [ForkJoinPool-1-worker-51] INFO  com.intuit.karate - [print] testing xlinkurl:
12:56:35.319 [ForkJoinPool-1-worker-51] ERROR com.intuit.karate - org.apache.http.client.ClientProtocolException, http call failed after 0 milliseconds for URL: 
12:56:35.319 [ForkJoinPool-1-worker-51] ERROR com.intuit.karate - http request failed: 
org.apache.http.client.ClientProtocolException
12:56:35.319 [ForkJoinPool-1-worker-3] ERROR com.intuit.karate - org.apache.http.client.ClientProtocolException, http call failed after 0 milliseconds for URL: 
12:56:35.321 [ForkJoinPool-1-worker-3] ERROR com.intuit.karate - http request failed: 
org.apache.http.client.ClientProtocolException
12:56:35.322 [ForkJoinPool-1-worker-3] ERROR com.intuit.karate - feature call (loop) failed at index: 74
caller: classpath:InspireTest/def/checkxlinkurl.template.feature
arg: {"link":""}
checkxlinkurl.template.feature:21 - 
org.apache.http.client.ClientProtocolException
12:56:35.325 [ForkJoinPool-1-worker-3] INFO  com.intuit.karate - [print] testing xlinkurl:
12:56:35.325 [ForkJoinPool-1-worker-51] ERROR com.intuit.karate - feature call (loop) failed at index: 4
caller: classpath:InspireTest/def/checkxlinkurl.template.feature
arg: {"link":""}
checkxlinkurl.template.feature:21 - 
org.apache.http.client.ClientProtocolException
12:56:35.328 [ForkJoinPool-1-worker-3] ERROR com.intuit.karate - org.apache.http.client.ClientProtocolException, http call failed after 0 milliseconds for URL: 
12:56:35.331 [ForkJoinPool-1-worker-51] INFO  com.intuit.karate - [print] testing xlinkurl:
12:56:35.333 [ForkJoinPool-1-worker-3] ERROR com.intuit.karate - http request failed: 
org.apache.http.client.ClientProtocolException
12:56:35.334 [ForkJoinPool-1-worker-3] ERROR com.intuit.karate - feature call (loop) failed at index: 75
caller: classpath:InspireTest/def/checkxlinkurl.template.feature
arg: {"link":""}
checkxlinkurl.template.feature:21 - 
org.apache.http.client.ClientProtocolException
12:56:35.336 [ForkJoinPool-1-worker-51] ERROR com.intuit.karate - org.apache.http.client.ClientProtocolException, http call failed after 0 milliseconds for URL: 
12:56:35.337 [ForkJoinPool-1-worker-51] ERROR com.intuit.karate - http request failed: 
org.apache.http.client.ClientProtocolException
12:56:35.337 [ForkJoinPool-1-worker-51] ERROR com.intuit.karate - feature call (loop) failed at index: 5
caller: classpath:InspireTest/def/checkxlinkurl.template.feature
arg: {"link":""}
checkxlinkurl.template.feature:21 - 
org.apache.http.client.ClientProtocolException
12:56:35.339 [ForkJoinPool-1-worker-3] INFO  com.intuit.karate - [print] testing xlinkurl:
12:56:35.343 [ForkJoinPool-1-worker-3] ERROR com.intuit.karate - org.apache.http.client.ClientProtocolException, http call failed after 0 milliseconds for URL: 
12:56:35.345 [ForkJoinPool-1-worker-51] INFO  com.intuit.karate - [print] testing xlinkurl:
12:56:35.346 [ForkJoinPool-1-worker-51] ERROR com.intuit.karate - org.apache.http.client.ClientProtocolException, http call failed after 0 milliseconds for URL: 
12:56:35.347 [ForkJoinPool-1-worker-3] ERROR com.intuit.karate - http request failed: 
org.apache.http.client.ClientProtocolException
12:56:35.349 [ForkJoinPool-1-worker-51] ERROR com.intuit.karate - http request failed: 
org.apache.http.client.ClientProtocolException
12:56:35.356 [ForkJoinPool-1-worker-61] INFO  com.intuit.karate - [print] testing xlinkurl:https://www.nationaalgeoregister.nl:443/geonetwork/srv/dut/csw?service=CSW&request=GetRecordById&version=2.0.2&outputSchema=http://www.isotc211.org/2005/gmd&elementSetName=full&id=34e95842-4e4e-46de-9198-79e8cd4d30dc#MD_DataIdentification
12:56:35.359 [ForkJoinPool-1-worker-3] ERROR com.intuit.karate - feature call (loop) failed at index: 76
caller: classpath:InspireTest/def/checkxlinkurl.template.feature
arg: {"link":""}
checkxlinkurl.template.feature:21 - 
org.apache.http.client.ClientProtocolException
12:56:35.361 [ForkJoinPool-1-worker-51] ERROR com.intuit.karate - feature call (loop) failed at index: 6
caller: classpath:InspireTest/def/checkxlinkurl.template.feature
arg: {"link":""}
checkxlinkurl.template.feature:21 - 
org.apache.http.client.ClientProtocolException
12:56:35.365 [ForkJoinPool-1-worker-51] INFO  com.intuit.karate - [print] testing xlinkurl:
12:56:35.366 [ForkJoinPool-1-worker-3] INFO  com.intuit.karate - [print] testing xlinkurl:
12:56:35.368 [ForkJoinPool-1-worker-3] ERROR com.intuit.karate - org.apache.http.client.ClientProtocolException, http call failed after 0 milliseconds for URL: 
12:56:35.370 [ForkJoinPool-1-worker-51] ERROR com.intuit.karate - org.apache.http.client.ClientProtocolException, http call failed after 0 milliseconds for URL: 
12:56:35.371 [ForkJoinPool-1-worker-3] ERROR com.intuit.karate - http request failed: 
org.apache.http.client.ClientProtocolException
12:56:35.372 [ForkJoinPool-1-worker-3] ERROR com.intuit.karate - feature call (loop) failed at index: 77
caller: classpath:InspireTest/def/checkxlinkurl.template.feature
arg: {"link":""}
checkxlinkurl.template.feature:21 - 
org.apache.http.client.ClientProtocolException
12:56:35.374 [ForkJoinPool-1-worker-51] ERROR com.intuit.karate - http request failed: 
org.apache.http.client.ClientProtocolException
12:56:35.376 [ForkJoinPool-1-worker-3] INFO  com.intuit.karate - [print] testing xlinkurl:
12:56:35.376 [ForkJoinPool-1-worker-51] ERROR com.intuit.karate - feature call (loop) failed at index: 7
caller: classpath:InspireTest/def/checkxlinkurl.template.feature
arg: {"link":""}
checkxlinkurl.template.feature:21 - 
org.apache.http.client.ClientProtocolException
12:56:35.378 [ForkJoinPool-1-worker-51] INFO  com.intuit.karate - [print] testing xlinkurl:
12:56:35.380 [ForkJoinPool-1-worker-3] ERROR com.intuit.karate - org.apache.http.client.ClientProtocolException, http call failed after 0 milliseconds for URL: 
12:56:35.382 [ForkJoinPool-1-worker-51] ERROR com.intuit.karate - org.apache.http.client.ClientProtocolException, http call failed after 0 milliseconds for URL: 
12:56:35.384 [ForkJoinPool-1-worker-3] ERROR com.intuit.karate - http request failed: 
org.apache.http.client.ClientProtocolException
12:56:35.385 [ForkJoinPool-1-worker-3] ERROR com.intuit.karate - feature call (loop) failed at index: 78
caller: classpath:InspireTest/def/checkxlinkurl.template.feature
arg: {"link":""}
checkxlinkurl.template.feature:21 - 
org.apache.http.client.ClientProtocolException
12:56:35.388 [ForkJoinPool-1-worker-3] INFO  com.intuit.karate - [print] testing xlinkurl:
12:56:35.389 [ForkJoinPool-1-worker-3] ERROR com.intuit.karate - org.apache.http.client.ClientProtocolException, http call failed after 0 milliseconds for URL: 
12:56:35.389 [ForkJoinPool-1-worker-3] ERROR com.intuit.karate - http request failed: 
org.apache.http.client.ClientProtocolException
12:56:35.389 [ForkJoinPool-1-worker-3] ERROR com.intuit.karate - feature call (loop) failed at index: 79
caller: classpath:InspireTest/def/checkxlinkurl.template.feature
arg: {"link":""}
checkxlinkurl.template.feature:21 - 
org.apache.http.client.ClientProtocolException
12:56:35.391 [ForkJoinPool-1-worker-51] ERROR com.intuit.karate - http request failed: 
org.apache.http.client.ClientProtocolException
12:56:35.391 [ForkJoinPool-1-worker-51] ERROR com.intuit.karate - feature call (loop) failed at index: 8
caller: classpath:InspireTest/def/checkxlinkurl.template.feature
arg: {"link":""}
checkxlinkurl.template.feature:21 - 
org.apache.http.client.ClientProtocolException
12:56:35.395 [ForkJoinPool-1-worker-51] INFO  com.intuit.karate - [print] testing xlinkurl:
12:56:35.396 [ForkJoinPool-1-worker-51] ERROR com.intuit.karate - org.apache.http.client.ClientProtocolException, http call failed after 0 milliseconds for URL: 
12:56:35.397 [ForkJoinPool-1-worker-51] ERROR com.intuit.karate - http request failed: 
org.apache.http.client.ClientProtocolException
12:56:35.397 [ForkJoinPool-1-worker-51] ERROR com.intuit.karate - feature call (loop) failed at index: 9
caller: classpath:InspireTest/def/checkxlinkurl.template.feature
arg: {"link":""}
checkxlinkurl.template.feature:21 - 
org.apache.http.client.ClientProtocolException
12:56:35.400 [ForkJoinPool-1-worker-3] INFO  com.intuit.karate - [print] testing xlinkurl:
12:56:35.404 [ForkJoinPool-1-worker-3] ERROR com.intuit.karate - org.apache.http.client.ClientProtocolException, http call failed after 0 milliseconds for URL: 
12:56:35.405 [ForkJoinPool-1-worker-3] ERROR com.intuit.karate - http request failed: 
org.apache.http.client.ClientProtocolException
12:56:35.406 [ForkJoinPool-1-worker-3] ERROR com.intuit.karate - feature call (loop) failed at index: 80
caller: classpath:InspireTest/def/checkxlinkurl.template.feature
arg: {"link":""}
checkxlinkurl.template.feature:21 - 
org.apache.http.client.ClientProtocolException
12:56:35.402 [ForkJoinPool-1-worker-51] INFO  com.intuit.karate - [print] testing xlinkurl:
12:56:35.407 [ForkJoinPool-1-worker-51] ERROR com.intuit.karate - org.apache.http.client.ClientProtocolException, http call failed after 0 milliseconds for URL: 
12:56:35.407 [ForkJoinPool-1-worker-51] ERROR com.intuit.karate - http request failed: 
org.apache.http.client.ClientProtocolException
12:56:35.408 [ForkJoinPool-1-worker-51] ERROR com.intuit.karate - feature call (loop) failed at index: 10
caller: classpath:InspireTest/def/checkxlinkurl.template.feature
arg: {"link":""}
checkxlinkurl.template.feature:21 - 
org.apache.http.client.ClientProtocolException
12:56:35.410 [ForkJoinPool-1-worker-3] INFO  com.intuit.karate - [print] testing xlinkurl:
12:56:35.412 [ForkJoinPool-1-worker-3] ERROR com.intuit.karate - org.apache.http.client.ClientProtocolException, http call failed after 0 milliseconds for URL: 
12:56:35.414 [ForkJoinPool-1-worker-3] ERROR com.intuit.karate - http request failed: 
org.apache.http.client.ClientProtocolException
12:56:35.415 [ForkJoinPool-1-worker-3] ERROR com.intuit.karate - feature call (loop) failed at index: 81
caller: classpath:InspireTest/def/checkxlinkurl.template.feature
arg: {"link":""}
checkxlinkurl.template.feature:21 - 
org.apache.http.client.ClientProtocolException
12:56:35.411 [ForkJoinPool-1-worker-51] INFO  com.intuit.karate - [print] testing xlinkurl:
12:56:35.416 [ForkJoinPool-1-worker-51] ERROR com.intuit.karate - org.apache.http.client.ClientProtocolException, http call failed after 0 milliseconds for URL: 
12:56:35.418 [ForkJoinPool-1-worker-51] ERROR com.intuit.karate - http request failed: 
org.apache.http.client.ClientProtocolException
12:56:35.419 [ForkJoinPool-1-worker-51] ERROR com.intuit.karate - feature call (loop) failed at index: 11
caller: classpath:InspireTest/def/checkxlinkurl.template.feature
arg: {"link":""}
checkxlinkurl.template.feature:21 - 
org.apache.http.client.ClientProtocolException
12:56:35.421 [ForkJoinPool-1-worker-51] INFO  com.intuit.karate - [print] testing xlinkurl:
12:56:35.425 [ForkJoinPool-1-worker-51] ERROR com.intuit.karate - org.apache.http.client.ClientProtocolException, http call failed after 0 milliseconds for URL: 
12:56:35.426 [ForkJoinPool-1-worker-51] ERROR com.intuit.karate - http request failed: 
org.apache.http.client.ClientProtocolException
12:56:35.426 [ForkJoinPool-1-worker-51] ERROR com.intuit.karate - feature call (loop) failed at index: 12
caller: classpath:InspireTest/def/checkxlinkurl.template.feature
arg: {"link":""}
checkxlinkurl.template.feature:21 - 
org.apache.http.client.ClientProtocolException
12:56:35.424 [ForkJoinPool-1-worker-3] INFO  com.intuit.karate - [print] testing xlinkurl:
12:56:35.427 [ForkJoinPool-1-worker-3] ERROR com.intuit.karate - org.apache.http.client.ClientProtocolException, http call failed after 0 milliseconds for URL: 
12:56:35.427 [ForkJoinPool-1-worker-3] ERROR com.intuit.karate - http request failed: 
org.apache.http.client.ClientProtocolException
12:56:35.428 [ForkJoinPool-1-worker-3] ERROR com.intuit.karate - feature call (loop) failed at index: 82
caller: classpath:InspireTest/def/checkxlinkurl.template.feature
arg: {"link":""}
checkxlinkurl.template.feature:21 - 
org.apache.http.client.ClientProtocolException
12:56:35.429 [ForkJoinPool-1-worker-3] INFO  com.intuit.karate - [print] testing xlinkurl:
12:56:35.433 [ForkJoinPool-1-worker-3] ERROR com.intuit.karate - org.apache.http.client.ClientProtocolException, http call failed after 0 milliseconds for URL: 
12:56:35.434 [ForkJoinPool-1-worker-3] ERROR com.intuit.karate - http request failed: 
org.apache.http.client.ClientProtocolException
12:56:35.434 [ForkJoinPool-1-worker-3] ERROR com.intuit.karate - feature call (loop) failed at index: 83
caller: classpath:InspireTest/def/checkxlinkurl.template.feature
arg: {"link":""}
checkxlinkurl.template.feature:21 - 
org.apache.http.client.ClientProtocolException
12:56:35.435 [ForkJoinPool-1-worker-3] INFO  com.intuit.karate - [print] testing xlinkurl:
12:56:35.439 [ForkJoinPool-1-worker-3] ERROR com.intuit.karate - org.apache.http.client.ClientProtocolException, http call failed after 0 milliseconds for URL: 
12:56:35.431 [ForkJoinPool-1-worker-51] INFO  com.intuit.karate - [print] testing xlinkurl:
12:56:35.440 [ForkJoinPool-1-worker-51] ERROR com.intuit.karate - org.apache.http.client.ClientProtocolException, http call failed after 0 milliseconds for URL: 
12:56:35.440 [ForkJoinPool-1-worker-51] ERROR com.intuit.karate - http request failed: 
org.apache.http.client.ClientProtocolException
12:56:35.441 [ForkJoinPool-1-worker-51] ERROR com.intuit.karate - feature call (loop) failed at index: 13
caller: classpath:InspireTest/def/checkxlinkurl.template.feature
arg: {"link":""}
checkxlinkurl.template.feature:21 - 
org.apache.http.client.ClientProtocolException
12:56:35.442 [ForkJoinPool-1-worker-51] INFO  com.intuit.karate - [print] testing xlinkurl:
12:56:35.443 [ForkJoinPool-1-worker-51] ERROR com.intuit.karate - org.apache.http.client.ClientProtocolException, http call failed after 0 milliseconds for URL: 
12:56:35.446 [ForkJoinPool-1-worker-51] ERROR com.intuit.karate - http request failed: 
org.apache.http.client.ClientProtocolException
12:56:35.446 [ForkJoinPool-1-worker-51] ERROR com.intuit.karate - feature call (loop) failed at index: 14
caller: classpath:InspireTest/def/checkxlinkurl.template.feature
arg: {"link":""}
checkxlinkurl.template.feature:21 - 
org.apache.http.client.ClientProtocolException
12:56:35.443 [ForkJoinPool-1-worker-3] ERROR com.intuit.karate - http request failed: 
org.apache.http.client.ClientProtocolException
12:56:35.447 [ForkJoinPool-1-worker-3] ERROR com.intuit.karate - feature call (loop) failed at index: 84
caller: classpath:InspireTest/def/checkxlinkurl.template.feature
arg: {"link":""}
checkxlinkurl.template.feature:21 - 
org.apache.http.client.ClientProtocolException
12:56:35.449 [ForkJoinPool-1-worker-3] INFO  com.intuit.karate - [print] testing xlinkurl:
12:56:35.450 [ForkJoinPool-1-worker-3] ERROR com.intuit.karate - org.apache.http.client.ClientProtocolException, http call failed after 0 milliseconds for URL: 
12:56:35.450 [ForkJoinPool-1-worker-3] ERROR com.intuit.karate - http request failed: 
org.apache.http.client.ClientProtocolException
12:56:35.450 [ForkJoinPool-1-worker-3] ERROR com.intuit.karate - feature call (loop) failed at index: 85
caller: classpath:InspireTest/def/checkxlinkurl.template.feature
arg: {"link":""}
checkxlinkurl.template.feature:21 - 
org.apache.http.client.ClientProtocolException
12:56:35.452 [ForkJoinPool-1-worker-3] INFO  com.intuit.karate - [print] testing xlinkurl:
12:56:35.454 [ForkJoinPool-1-worker-3] ERROR com.intuit.karate - org.apache.http.client.ClientProtocolException, http call failed after 0 milliseconds for URL: 
12:56:35.450 [ForkJoinPool-1-worker-51] INFO  com.intuit.karate - [print] testing xlinkurl:
12:56:35.455 [ForkJoinPool-1-worker-51] ERROR com.intuit.karate - org.apache.http.client.ClientProtocolException, http call failed after 0 milliseconds for URL: 
12:56:35.455 [ForkJoinPool-1-worker-51] ERROR com.intuit.karate - http request failed: 
org.apache.http.client.ClientProtocolException
12:56:35.455 [ForkJoinPool-1-worker-51] ERROR com.intuit.karate - feature call (loop) failed at index: 15
caller: classpath:InspireTest/def/checkxlinkurl.template.feature
arg: {"link":""}
checkxlinkurl.template.feature:21 - 
org.apache.http.client.ClientProtocolException
12:56:35.457 [ForkJoinPool-1-worker-51] INFO  com.intuit.karate - [print] testing xlinkurl:
12:56:35.458 [ForkJoinPool-1-worker-51] ERROR com.intuit.karate - org.apache.http.client.ClientProtocolException, http call failed after 0 milliseconds for URL: 
12:56:35.459 [ForkJoinPool-1-worker-51] ERROR com.intuit.karate - http request failed: 
org.apache.http.client.ClientProtocolException
12:56:35.460 [ForkJoinPool-1-worker-51] ERROR com.intuit.karate - feature call (loop) failed at index: 16
caller: classpath:InspireTest/def/checkxlinkurl.template.feature
arg: {"link":""}
checkxlinkurl.template.feature:21 - 
org.apache.http.client.ClientProtocolException
12:56:35.461 [ForkJoinPool-1-worker-51] INFO  com.intuit.karate - [print] testing xlinkurl:
12:56:35.464 [ForkJoinPool-1-worker-51] ERROR com.intuit.karate - org.apache.http.client.ClientProtocolException, http call failed after 0 milliseconds for URL: 
12:56:35.459 [ForkJoinPool-1-worker-3] ERROR com.intuit.karate - http request failed: 
org.apache.http.client.ClientProtocolException
12:56:35.465 [ForkJoinPool-1-worker-3] ERROR com.intuit.karate - feature call (loop) failed at index: 86
caller: classpath:InspireTest/def/checkxlinkurl.template.feature
arg: {"link":""}
checkxlinkurl.template.feature:21 - 
org.apache.http.client.ClientProtocolException
12:56:35.466 [ForkJoinPool-1-worker-3] INFO  com.intuit.karate - [print] testing xlinkurl:
12:56:35.467 [ForkJoinPool-1-worker-3] ERROR com.intuit.karate - org.apache.http.client.ClientProtocolException, http call failed after 0 milliseconds for URL: 
12:56:35.467 [ForkJoinPool-1-worker-3] ERROR com.intuit.karate - http request failed: 
org.apache.http.client.ClientProtocolException
12:56:35.467 [ForkJoinPool-1-worker-3] ERROR com.intuit.karate - feature call (loop) failed at index: 87
caller: classpath:InspireTest/def/checkxlinkurl.template.feature
arg: {"link":""}
checkxlinkurl.template.feature:21 - 
org.apache.http.client.ClientProtocolException
12:56:35.468 [ForkJoinPool-1-worker-3] INFO  com.intuit.karate - [print] testing xlinkurl:
12:56:35.470 [ForkJoinPool-1-worker-3] ERROR com.intuit.karate - org.apache.http.client.ClientProtocolException, http call failed after 0 milliseconds for URL: 
12:56:35.472 [ForkJoinPool-1-worker-3] ERROR com.intuit.karate - http request failed: 
org.apache.http.client.ClientProtocolException
12:56:35.473 [ForkJoinPool-1-worker-3] ERROR com.intuit.karate - feature call (loop) failed at index: 88
caller: classpath:InspireTest/def/checkxlinkurl.template.feature
arg: {"link":""}
checkxlinkurl.template.feature:21 - 
org.apache.http.client.ClientProtocolException
12:56:35.468 [ForkJoinPool-1-worker-51] ERROR com.intuit.karate - http request failed: 
org.apache.http.client.ClientProtocolException
12:56:35.473 [ForkJoinPool-1-worker-51] ERROR com.intuit.karate - feature call (loop) failed at index: 17
caller: classpath:InspireTest/def/checkxlinkurl.template.feature
arg: {"link":""}
checkxlinkurl.template.feature:21 - 
org.apache.http.client.ClientProtocolException
12:56:35.474 [ForkJoinPool-1-worker-51] INFO  com.intuit.karate - [print] testing xlinkurl:
12:56:35.475 [ForkJoinPool-1-worker-51] ERROR com.intuit.karate - org.apache.http.client.ClientProtocolException, http call failed after 0 milliseconds for URL: 
12:56:35.476 [ForkJoinPool-1-worker-51] ERROR com.intuit.karate - http request failed: 
org.apache.http.client.ClientProtocolException
12:56:35.477 [ForkJoinPool-1-worker-51] ERROR com.intuit.karate - feature call (loop) failed at index: 18
caller: classpath:InspireTest/def/checkxlinkurl.template.feature
arg: {"link":""}
checkxlinkurl.template.feature:21 - 
org.apache.http.client.ClientProtocolException
12:56:35.480 [ForkJoinPool-1-worker-51] INFO  com.intuit.karate - [print] testing xlinkurl:
12:56:35.481 [ForkJoinPool-1-worker-51] ERROR com.intuit.karate - org.apache.http.client.ClientProtocolException, http call failed after 0 milliseconds for URL: 
12:56:35.485 [ForkJoinPool-1-worker-51] ERROR com.intuit.karate - http request failed: 
org.apache.http.client.ClientProtocolException
12:56:35.485 [ForkJoinPool-1-worker-51] ERROR com.intuit.karate - feature call (loop) failed at index: 19
caller: classpath:InspireTest/def/checkxlinkurl.template.feature
arg: {"link":""}
checkxlinkurl.template.feature:21 - 
org.apache.http.client.ClientProtocolException
12:56:35.486 [ForkJoinPool-1-worker-51] INFO  com.intuit.karate - [print] testing xlinkurl:
12:56:35.476 [ForkJoinPool-1-worker-3] INFO  com.intuit.karate - [print] testing xlinkurl:
12:56:35.487 [ForkJoinPool-1-worker-3] ERROR com.intuit.karate - org.apache.http.client.ClientProtocolException, http call failed after 0 milliseconds for URL: 
12:56:35.487 [ForkJoinPool-1-worker-3] ERROR com.intuit.karate - http request failed: 
org.apache.http.client.ClientProtocolException
12:56:35.487 [ForkJoinPool-1-worker-3] ERROR com.intuit.karate - feature call (loop) failed at index: 89
caller: classpath:InspireTest/def/checkxlinkurl.template.feature
arg: {"link":""}
checkxlinkurl.template.feature:21 - 
org.apache.http.client.ClientProtocolException
12:56:35.489 [ForkJoinPool-1-worker-3] INFO  com.intuit.karate - [print] testing xlinkurl:
12:56:35.489 [ForkJoinPool-1-worker-3] ERROR com.intuit.karate - org.apache.http.client.ClientProtocolException, http call failed after 0 milliseconds for URL: 
12:56:35.490 [ForkJoinPool-1-worker-3] ERROR com.intuit.karate - http request failed: 
org.apache.http.client.ClientProtocolException
12:56:35.491 [ForkJoinPool-1-worker-3] ERROR com.intuit.karate - feature call (loop) failed at index: 90
caller: classpath:InspireTest/def/checkxlinkurl.template.feature
arg: {"link":""}
checkxlinkurl.template.feature:21 - 
org.apache.http.client.ClientProtocolException
12:56:35.492 [ForkJoinPool-1-worker-3] INFO  com.intuit.karate - [print] testing xlinkurl:
12:56:35.490 [ForkJoinPool-1-worker-51] ERROR com.intuit.karate - org.apache.http.client.ClientProtocolException, http call failed after 0 milliseconds for URL: 
12:56:35.495 [ForkJoinPool-1-worker-51] ERROR com.intuit.karate - http request failed: 
org.apache.http.client.ClientProtocolException
12:56:35.496 [ForkJoinPool-1-worker-51] ERROR com.intuit.karate - feature call (loop) failed at index: 20
caller: classpath:InspireTest/def/checkxlinkurl.template.feature
arg: {"link":""}
checkxlinkurl.template.feature:21 - 
org.apache.http.client.ClientProtocolException
12:56:35.497 [ForkJoinPool-1-worker-3] ERROR com.intuit.karate - org.apache.http.client.ClientProtocolException, http call failed after 0 milliseconds for URL: 
12:56:35.498 [ForkJoinPool-1-worker-3] ERROR com.intuit.karate - http request failed: 
org.apache.http.client.ClientProtocolException
12:56:35.498 [ForkJoinPool-1-worker-3] ERROR com.intuit.karate - feature call (loop) failed at index: 91
caller: classpath:InspireTest/def/checkxlinkurl.template.feature
arg: {"link":""}
checkxlinkurl.template.feature:21 - 
org.apache.http.client.ClientProtocolException
12:56:35.498 [ForkJoinPool-1-worker-51] INFO  com.intuit.karate - [print] testing xlinkurl:
12:56:35.512 [ForkJoinPool-1-worker-3] INFO  com.intuit.karate - [print] testing xlinkurl:
12:56:35.513 [ForkJoinPool-1-worker-3] ERROR com.intuit.karate - org.apache.http.client.ClientProtocolException, http call failed after 0 milliseconds for URL: 
12:56:35.513 [ForkJoinPool-1-worker-3] ERROR com.intuit.karate - http request failed: 
org.apache.http.client.ClientProtocolException
12:56:35.513 [ForkJoinPool-1-worker-3] ERROR com.intuit.karate - feature call (loop) failed at index: 92
caller: classpath:InspireTest/def/checkxlinkurl.template.feature
arg: {"link":""}
checkxlinkurl.template.feature:21 - 
org.apache.http.client.ClientProtocolException
12:56:35.514 [ForkJoinPool-1-worker-3] INFO  com.intuit.karate - [print] testing xlinkurl:
12:56:35.515 [ForkJoinPool-1-worker-3] ERROR com.intuit.karate - org.apache.http.client.ClientProtocolException, http call failed after 0 milliseconds for URL: 
12:56:35.515 [ForkJoinPool-1-worker-3] ERROR com.intuit.karate - http request failed: 
org.apache.http.client.ClientProtocolException
12:56:35.515 [ForkJoinPool-1-worker-3] ERROR com.intuit.karate - feature call (loop) failed at index: 93
caller: classpath:InspireTest/def/checkxlinkurl.template.feature
arg: {"link":""}
checkxlinkurl.template.feature:21 - 
org.apache.http.client.ClientProtocolException
12:56:35.516 [ForkJoinPool-1-worker-3] INFO  com.intuit.karate - [print] testing xlinkurl:
12:56:35.517 [ForkJoinPool-1-worker-51] ERROR com.intuit.karate - org.apache.http.client.ClientProtocolException, http call failed after 0 milliseconds for URL: 
12:56:35.518 [ForkJoinPool-1-worker-51] ERROR com.intuit.karate - http request failed: 
org.apache.http.client.ClientProtocolException
12:56:35.518 [ForkJoinPool-1-worker-51] ERROR com.intuit.karate - feature call (loop) failed at index: 21
caller: classpath:InspireTest/def/checkxlinkurl.template.feature
arg: {"link":""}
checkxlinkurl.template.feature:21 - 
org.apache.http.client.ClientProtocolException
12:56:35.518 [ForkJoinPool-1-worker-3] ERROR com.intuit.karate - org.apache.http.client.ClientProtocolException, http call failed after 0 milliseconds for URL: 
12:56:35.519 [ForkJoinPool-1-worker-3] ERROR com.intuit.karate - http request failed: 
org.apache.http.client.ClientProtocolException
12:56:35.519 [ForkJoinPool-1-worker-3] ERROR com.intuit.karate - feature call (loop) failed at index: 94
caller: classpath:InspireTest/def/checkxlinkurl.template.feature
arg: {"link":""}
checkxlinkurl.template.feature:21 - 
org.apache.http.client.ClientProtocolException
12:56:35.521 [ForkJoinPool-1-worker-51] INFO  com.intuit.karate - [print] testing xlinkurl:
12:56:35.521 [ForkJoinPool-1-worker-3] INFO  com.intuit.karate - [print] testing xlinkurl:
12:56:35.525 [ForkJoinPool-1-worker-51] ERROR com.intuit.karate - org.apache.http.client.ClientProtocolException, http call failed after 0 milliseconds for URL: 
12:56:35.526 [ForkJoinPool-1-worker-51] ERROR com.intuit.karate - http request failed: 
org.apache.http.client.ClientProtocolException
12:56:35.526 [ForkJoinPool-1-worker-51] ERROR com.intuit.karate - feature call (loop) failed at index: 22
caller: classpath:InspireTest/def/checkxlinkurl.template.feature
arg: {"link":""}
checkxlinkurl.template.feature:21 - 
org.apache.http.client.ClientProtocolException
12:56:35.526 [ForkJoinPool-1-worker-3] ERROR com.intuit.karate - org.apache.http.client.ClientProtocolException, http call failed after 0 milliseconds for URL: 
12:56:35.527 [ForkJoinPool-1-worker-3] ERROR com.intuit.karate - http request failed: 
org.apache.http.client.ClientProtocolException
12:56:35.527 [ForkJoinPool-1-worker-3] ERROR com.intuit.karate - feature call (loop) failed at index: 95
caller: classpath:InspireTest/def/checkxlinkurl.template.feature
arg: {"link":""}
checkxlinkurl.template.feature:21 - 
org.apache.http.client.ClientProtocolException
12:56:35.531 [ForkJoinPool-1-worker-51] INFO  com.intuit.karate - [print] testing xlinkurl:
12:56:35.539 [ForkJoinPool-1-worker-51] ERROR com.intuit.karate - org.apache.http.client.ClientProtocolException, http call failed after 0 milliseconds for URL: 
12:56:35.539 [ForkJoinPool-1-worker-51] ERROR com.intuit.karate - http request failed: 
org.apache.http.client.ClientProtocolException
12:56:35.539 [ForkJoinPool-1-worker-51] ERROR com.intuit.karate - feature call (loop) failed at index: 23
caller: classpath:InspireTest/def/checkxlinkurl.template.feature
arg: {"link":""}
checkxlinkurl.template.feature:21 - 
org.apache.http.client.ClientProtocolException
12:56:35.537 [ForkJoinPool-1-worker-3] INFO  com.intuit.karate - [print] testing xlinkurl:
12:56:35.540 [ForkJoinPool-1-worker-3] ERROR com.intuit.karate - org.apache.http.client.ClientProtocolException, http call failed after 0 milliseconds for URL: 
12:56:35.540 [ForkJoinPool-1-worker-3] ERROR com.intuit.karate - http request failed: 
org.apache.http.client.ClientProtocolException
12:56:35.541 [ForkJoinPool-1-worker-3] ERROR com.intuit.karate - feature call (loop) failed at index: 96
caller: classpath:InspireTest/def/checkxlinkurl.template.feature
arg: {"link":""}
checkxlinkurl.template.feature:21 - 
org.apache.http.client.ClientProtocolException
12:56:35.543 [ForkJoinPool-1-worker-3] INFO  com.intuit.karate - [print] testing xlinkurl:
12:56:35.542 [ForkJoinPool-1-worker-51] INFO  com.intuit.karate - [print] testing xlinkurl:
12:56:35.546 [ForkJoinPool-1-worker-51] ERROR com.intuit.karate - org.apache.http.client.ClientProtocolException, http call failed after 0 milliseconds for URL: 
12:56:35.549 [ForkJoinPool-1-worker-51] ERROR com.intuit.karate - http request failed: 
org.apache.http.client.ClientProtocolException
12:56:35.551 [ForkJoinPool-1-worker-51] ERROR com.intuit.karate - feature call (loop) failed at index: 24
caller: classpath:InspireTest/def/checkxlinkurl.template.feature
arg: {"link":""}
checkxlinkurl.template.feature:21 - 
org.apache.http.client.ClientProtocolException
12:56:35.548 [ForkJoinPool-1-worker-3] ERROR com.intuit.karate - org.apache.http.client.ClientProtocolException, http call failed after 0 milliseconds for URL: 
12:56:35.551 [ForkJoinPool-1-worker-3] ERROR com.intuit.karate - http request failed: 
org.apache.http.client.ClientProtocolException
12:56:35.552 [ForkJoinPool-1-worker-3] ERROR com.intuit.karate - feature call (loop) failed at index: 97
caller: classpath:InspireTest/def/checkxlinkurl.template.feature
arg: {"link":""}
checkxlinkurl.template.feature:21 - 
org.apache.http.client.ClientProtocolException
12:56:35.557 [ForkJoinPool-1-worker-51] INFO  com.intuit.karate - [print] testing xlinkurl:
12:56:35.558 [ForkJoinPool-1-worker-51] ERROR com.intuit.karate - org.apache.http.client.ClientProtocolException, http call failed after 0 milliseconds for URL: 
12:56:35.559 [ForkJoinPool-1-worker-51] ERROR com.intuit.karate - http request failed: 
org.apache.http.client.ClientProtocolException
12:56:35.559 [ForkJoinPool-1-worker-51] ERROR com.intuit.karate - feature call (loop) failed at index: 25
caller: classpath:InspireTest/def/checkxlinkurl.template.feature
arg: {"link":""}
checkxlinkurl.template.feature:21 - 
org.apache.http.client.ClientProtocolException
12:56:35.560 [ForkJoinPool-1-worker-51] INFO  com.intuit.karate - [print] testing xlinkurl:
12:56:35.561 [ForkJoinPool-1-worker-51] ERROR com.intuit.karate - org.apache.http.client.ClientProtocolException, http call failed after 0 milliseconds for URL: 
12:56:35.557 [ForkJoinPool-1-worker-3] INFO  com.intuit.karate - [print] testing xlinkurl:
12:56:35.562 [ForkJoinPool-1-worker-3] ERROR com.intuit.karate - org.apache.http.client.ClientProtocolException, http call failed after 0 milliseconds for URL: 
12:56:35.563 [ForkJoinPool-1-worker-3] ERROR com.intuit.karate - http request failed: 
org.apache.http.client.ClientProtocolException
12:56:35.563 [ForkJoinPool-1-worker-3] ERROR com.intuit.karate - feature call (loop) failed at index: 98
caller: classpath:InspireTest/def/checkxlinkurl.template.feature
arg: {"link":""}
checkxlinkurl.template.feature:21 - 
org.apache.http.client.ClientProtocolException
12:56:35.564 [ForkJoinPool-1-worker-3] INFO  com.intuit.karate - [print] testing xlinkurl:
12:56:35.570 [ForkJoinPool-1-worker-3] ERROR com.intuit.karate - org.apache.http.client.ClientProtocolException, http call failed after 0 milliseconds for URL: 
12:56:35.572 [ForkJoinPool-1-worker-3] ERROR com.intuit.karate - http request failed: 
org.apache.http.client.ClientProtocolException
12:56:35.572 [ForkJoinPool-1-worker-3] ERROR com.intuit.karate - feature call (loop) failed at index: 99
caller: classpath:InspireTest/def/checkxlinkurl.template.feature
arg: {"link":""}
checkxlinkurl.template.feature:21 - 
org.apache.http.client.ClientProtocolException
12:56:35.573 [ForkJoinPool-1-worker-3] INFO  com.intuit.karate - [print] testing xlinkurl:
12:56:35.574 [ForkJoinPool-1-worker-3] ERROR com.intuit.karate - org.apache.http.client.ClientProtocolException, http call failed after 0 milliseconds for URL: 
12:56:35.570 [ForkJoinPool-1-worker-51] ERROR com.intuit.karate - http request failed: 
org.apache.http.client.ClientProtocolException
12:56:35.579 [ForkJoinPool-1-worker-51] ERROR com.intuit.karate - feature call (loop) failed at index: 26
caller: classpath:InspireTest/def/checkxlinkurl.template.feature
arg: {"link":""}
checkxlinkurl.template.feature:21 - 
org.apache.http.client.ClientProtocolException
12:56:35.581 [ForkJoinPool-1-worker-51] INFO  com.intuit.karate - [print] testing xlinkurl:
12:56:35.581 [ForkJoinPool-1-worker-51] ERROR com.intuit.karate - org.apache.http.client.ClientProtocolException, http call failed after 0 milliseconds for URL: 
12:56:35.582 [ForkJoinPool-1-worker-51] ERROR com.intuit.karate - http request failed: 
org.apache.http.client.ClientProtocolException
12:56:35.582 [ForkJoinPool-1-worker-51] ERROR com.intuit.karate - feature call (loop) failed at index: 27
caller: classpath:InspireTest/def/checkxlinkurl.template.feature
arg: {"link":""}
checkxlinkurl.template.feature:21 - 
org.apache.http.client.ClientProtocolException
12:56:35.583 [ForkJoinPool-1-worker-51] INFO  com.intuit.karate - [print] testing xlinkurl:
12:56:35.585 [ForkJoinPool-1-worker-51] ERROR com.intuit.karate - org.apache.http.client.ClientProtocolException, http call failed after 0 milliseconds for URL: 
12:56:35.585 [ForkJoinPool-1-worker-51] ERROR com.intuit.karate - http request failed: 
org.apache.http.client.ClientProtocolException
12:56:35.586 [ForkJoinPool-1-worker-51] ERROR com.intuit.karate - feature call (loop) failed at index: 28
caller: classpath:InspireTest/def/checkxlinkurl.template.feature
arg: {"link":""}
checkxlinkurl.template.feature:21 - 
org.apache.http.client.ClientProtocolException
12:56:35.583 [ForkJoinPool-1-worker-3] ERROR com.intuit.karate - http request failed: 
org.apache.http.client.ClientProtocolException
12:56:35.586 [ForkJoinPool-1-worker-3] ERROR com.intuit.karate - feature call (loop) failed at index: 100
caller: classpath:InspireTest/def/checkxlinkurl.template.feature
arg: {"link":""}
checkxlinkurl.template.feature:21 - 
org.apache.http.client.ClientProtocolException
12:56:35.588 [ForkJoinPool-1-worker-51] INFO  com.intuit.karate - [print] testing xlinkurl:
12:56:35.589 [ForkJoinPool-1-worker-3] INFO  com.intuit.karate - [print] testing xlinkurl:
12:56:35.597 [ForkJoinPool-1-worker-3] ERROR com.intuit.karate - org.apache.http.client.ClientProtocolException, http call failed after 0 milliseconds for URL: 
12:56:35.597 [ForkJoinPool-1-worker-3] ERROR com.intuit.karate - http request failed: 
org.apache.http.client.ClientProtocolException
12:56:35.597 [ForkJoinPool-1-worker-3] ERROR com.intuit.karate - feature call (loop) failed at index: 101
caller: classpath:InspireTest/def/checkxlinkurl.template.feature
arg: {"link":""}
checkxlinkurl.template.feature:21 - 
org.apache.http.client.ClientProtocolException
12:56:35.599 [ForkJoinPool-1-worker-3] INFO  com.intuit.karate - [print] testing xlinkurl:
12:56:35.600 [ForkJoinPool-1-worker-51] ERROR com.intuit.karate - org.apache.http.client.ClientProtocolException, http call failed after 0 milliseconds for URL: 
12:56:35.607 [ForkJoinPool-1-worker-51] ERROR com.intuit.karate - http request failed: 
org.apache.http.client.ClientProtocolException
12:56:35.607 [ForkJoinPool-1-worker-51] ERROR com.intuit.karate - feature call (loop) failed at index: 29
caller: classpath:InspireTest/def/checkxlinkurl.template.feature
arg: {"link":""}
checkxlinkurl.template.feature:21 - 
org.apache.http.client.ClientProtocolException
12:56:35.609 [ForkJoinPool-1-worker-51] INFO  com.intuit.karate - [print] testing xlinkurl:
12:56:35.610 [ForkJoinPool-1-worker-51] ERROR com.intuit.karate - org.apache.http.client.ClientProtocolException, http call failed after 0 milliseconds for URL: 
12:56:35.611 [ForkJoinPool-1-worker-51] ERROR com.intuit.karate - http request failed: 
org.apache.http.client.ClientProtocolException
12:56:35.611 [ForkJoinPool-1-worker-51] ERROR com.intuit.karate - feature call (loop) failed at index: 30
caller: classpath:InspireTest/def/checkxlinkurl.template.feature
arg: {"link":""}
checkxlinkurl.template.feature:21 - 
org.apache.http.client.ClientProtocolException
12:56:35.609 [ForkJoinPool-1-worker-3] ERROR com.intuit.karate - org.apache.http.client.ClientProtocolException, http call failed after 0 milliseconds for URL: 
12:56:35.613 [ForkJoinPool-1-worker-3] ERROR com.intuit.karate - http request failed: 
org.apache.http.client.ClientProtocolException
12:56:35.613 [ForkJoinPool-1-worker-3] ERROR com.intuit.karate - feature call (loop) failed at index: 102
caller: classpath:InspireTest/def/checkxlinkurl.template.feature
arg: {"link":""}
checkxlinkurl.template.feature:21 - 
org.apache.http.client.ClientProtocolException
12:56:35.615 [ForkJoinPool-1-worker-3] INFO  com.intuit.karate - [print] testing xlinkurl:
12:56:35.616 [ForkJoinPool-1-worker-3] ERROR com.intuit.karate - org.apache.http.client.ClientProtocolException, http call failed after 0 milliseconds for URL: 
12:56:35.616 [ForkJoinPool-1-worker-3] ERROR com.intuit.karate - http request failed: 
org.apache.http.client.ClientProtocolException
12:56:35.616 [ForkJoinPool-1-worker-3] ERROR com.intuit.karate - feature call (loop) failed at index: 103
caller: classpath:InspireTest/def/checkxlinkurl.template.feature
arg: {"link":""}
checkxlinkurl.template.feature:21 - 
org.apache.http.client.ClientProtocolException
12:56:35.617 [ForkJoinPool-1-worker-3] INFO  com.intuit.karate - [print] testing xlinkurl:
12:56:35.618 [ForkJoinPool-1-worker-5] INFO  com.intuit.karate - [print] testing xlinkurl:
12:56:35.618 [ForkJoinPool-1-worker-51] INFO  com.intuit.karate - [print] testing xlinkurl:
12:56:35.624 [ForkJoinPool-1-worker-5] ERROR com.intuit.karate - org.apache.http.client.ClientProtocolException, http call failed after 0 milliseconds for URL: 
12:56:35.624 [ForkJoinPool-1-worker-5] ERROR com.intuit.karate - http request failed: 
org.apache.http.client.ClientProtocolException
12:56:35.624 [ForkJoinPool-1-worker-5] ERROR com.intuit.karate - feature call (loop) failed at index: 0
caller: classpath:InspireTest/def/checkxlinkurl.template.feature
arg: {"link":""}
checkxlinkurl.template.feature:21 - 
org.apache.http.client.ClientProtocolException
12:56:35.625 [ForkJoinPool-1-worker-51] ERROR com.intuit.karate - org.apache.http.client.ClientProtocolException, http call failed after 0 milliseconds for URL: 
12:56:35.625 [ForkJoinPool-1-worker-51] ERROR com.intuit.karate - http request failed: 
org.apache.http.client.ClientProtocolException
12:56:35.626 [ForkJoinPool-1-worker-51] ERROR com.intuit.karate - feature call (loop) failed at index: 31
caller: classpath:InspireTest/def/checkxlinkurl.template.feature
arg: {"link":""}
checkxlinkurl.template.feature:21 - 
org.apache.http.client.ClientProtocolException
12:56:35.621 [ForkJoinPool-1-worker-3] ERROR com.intuit.karate - org.apache.http.client.ClientProtocolException, http call failed after 0 milliseconds for URL: 
12:56:35.626 [ForkJoinPool-1-worker-3] ERROR com.intuit.karate - http request failed: 
org.apache.http.client.ClientProtocolException
12:56:35.627 [ForkJoinPool-1-worker-3] ERROR com.intuit.karate - feature call (loop) failed at index: 104
caller: classpath:InspireTest/def/checkxlinkurl.template.feature
arg: {"link":""}
checkxlinkurl.template.feature:21 - 
org.apache.http.client.ClientProtocolException
12:56:35.632 [ForkJoinPool-1-worker-51] INFO  com.intuit.karate - [print] testing xlinkurl:
12:56:35.633 [ForkJoinPool-1-worker-51] ERROR com.intuit.karate - org.apache.http.client.ClientProtocolException, http call failed after 0 milliseconds for URL: 
12:56:35.634 [ForkJoinPool-1-worker-51] ERROR com.intuit.karate - http request failed: 
org.apache.http.client.ClientProtocolException
12:56:35.634 [ForkJoinPool-1-worker-51] ERROR com.intuit.karate - feature call (loop) failed at index: 32
caller: classpath:InspireTest/def/checkxlinkurl.template.feature
arg: {"link":""}
checkxlinkurl.template.feature:21 - 
org.apache.http.client.ClientProtocolException
12:56:35.635 [ForkJoinPool-1-worker-51] INFO  com.intuit.karate - [print] testing xlinkurl:
12:56:35.641 [ForkJoinPool-1-worker-51] ERROR com.intuit.karate - org.apache.http.client.ClientProtocolException, http call failed after 0 milliseconds for URL: 
12:56:35.633 [ForkJoinPool-1-worker-3] INFO  com.intuit.karate - [print] testing xlinkurl:
12:56:35.646 [ForkJoinPool-1-worker-3] ERROR com.intuit.karate - org.apache.http.client.ClientProtocolException, http call failed after 0 milliseconds for URL: 
12:56:35.646 [ForkJoinPool-1-worker-3] ERROR com.intuit.karate - http request failed: 
org.apache.http.client.ClientProtocolException
12:56:35.646 [ForkJoinPool-1-worker-3] ERROR com.intuit.karate - feature call (loop) failed at index: 105
caller: classpath:InspireTest/def/checkxlinkurl.template.feature
arg: {"link":""}
checkxlinkurl.template.feature:21 - 
org.apache.http.client.ClientProtocolException
12:56:35.647 [ForkJoinPool-1-worker-3] INFO  com.intuit.karate - [print] testing xlinkurl:
12:56:35.648 [ForkJoinPool-1-worker-3] ERROR com.intuit.karate - org.apache.http.client.ClientProtocolException, http call failed after 0 milliseconds for URL: 
12:56:35.648 [ForkJoinPool-1-worker-3] ERROR com.intuit.karate - http request failed: 
org.apache.http.client.ClientProtocolException
12:56:35.649 [ForkJoinPool-1-worker-3] ERROR com.intuit.karate - feature call (loop) failed at index: 106
caller: classpath:InspireTest/def/checkxlinkurl.template.feature
arg: {"link":""}
checkxlinkurl.template.feature:21 - 
org.apache.http.client.ClientProtocolException
12:56:35.640 [ForkJoinPool-1-worker-5] INFO  com.intuit.karate - [print] testing xlinkurl:http://www.nationaalgeoregister.nl/geonetwork/srv/nl/csw?Service=CSW&Request=GetRecordById&Version=2.0.2&id=88e2a6fa-b296-4ff4-bc30-fb87e2c1627e&outputSchema=http://www.isotc211.org/2005/gmd&elementSetName=full#MD_DataIdentification
12:56:35.648 [ForkJoinPool-1-worker-51] ERROR com.intuit.karate - http request failed: 
org.apache.http.client.ClientProtocolException
12:56:35.651 [ForkJoinPool-1-worker-51] ERROR com.intuit.karate - feature call (loop) failed at index: 33
caller: classpath:InspireTest/def/checkxlinkurl.template.feature
arg: {"link":""}
checkxlinkurl.template.feature:21 - 
org.apache.http.client.ClientProtocolException
12:56:35.652 [ForkJoinPool-1-worker-51] INFO  com.intuit.karate - [print] testing xlinkurl:
12:56:35.653 [ForkJoinPool-1-worker-51] ERROR com.intuit.karate - org.apache.http.client.ClientProtocolException, http call failed after 0 milliseconds for URL: 
12:56:35.654 [ForkJoinPool-1-worker-51] ERROR com.intuit.karate - http request failed: 
org.apache.http.client.ClientProtocolException
12:56:35.654 [ForkJoinPool-1-worker-51] ERROR com.intuit.karate - feature call (loop) failed at index: 34
caller: classpath:InspireTest/def/checkxlinkurl.template.feature
arg: {"link":""}
checkxlinkurl.template.feature:21 - 
org.apache.http.client.ClientProtocolException
12:56:35.656 [ForkJoinPool-1-worker-51] INFO  com.intuit.karate - [print] testing xlinkurl:
12:56:35.654 [ForkJoinPool-1-worker-3] INFO  com.intuit.karate - [print] testing xlinkurl:
12:56:35.662 [ForkJoinPool-1-worker-3] ERROR com.intuit.karate - org.apache.http.client.ClientProtocolException, http call failed after 0 milliseconds for URL: 
12:56:35.663 [ForkJoinPool-1-worker-3] ERROR com.intuit.karate - http request failed: 
org.apache.http.client.ClientProtocolException
12:56:35.663 [ForkJoinPool-1-worker-3] ERROR com.intuit.karate - feature call (loop) failed at index: 107
caller: classpath:InspireTest/def/checkxlinkurl.template.feature
arg: {"link":""}
checkxlinkurl.template.feature:21 - 
org.apache.http.client.ClientProtocolException
12:56:35.665 [ForkJoinPool-1-worker-3] INFO  com.intuit.karate - [print] testing xlinkurl:
12:56:35.665 [ForkJoinPool-1-worker-3] ERROR com.intuit.karate - org.apache.http.client.ClientProtocolException, http call failed after 0 milliseconds for URL: 
12:56:35.667 [ForkJoinPool-1-worker-3] ERROR com.intuit.karate - http request failed: 
org.apache.http.client.ClientProtocolException
12:56:35.667 [ForkJoinPool-1-worker-3] ERROR com.intuit.karate - feature call (loop) failed at index: 108
caller: classpath:InspireTest/def/checkxlinkurl.template.feature
arg: {"link":""}
checkxlinkurl.template.feature:21 - 
org.apache.http.client.ClientProtocolException
12:56:35.668 [ForkJoinPool-1-worker-3] INFO  com.intuit.karate - [print] testing xlinkurl:
12:56:35.663 [ForkJoinPool-1-worker-51] ERROR com.intuit.karate - org.apache.http.client.ClientProtocolException, http call failed after 0 milliseconds for URL: 
12:56:35.669 [ForkJoinPool-1-worker-51] ERROR com.intuit.karate - http request failed: 
org.apache.http.client.ClientProtocolException
12:56:35.669 [ForkJoinPool-1-worker-51] ERROR com.intuit.karate - feature call (loop) failed at index: 35
caller: classpath:InspireTest/def/checkxlinkurl.template.feature
arg: {"link":""}
checkxlinkurl.template.feature:21 - 
org.apache.http.client.ClientProtocolException
12:56:35.671 [ForkJoinPool-1-worker-51] INFO  com.intuit.karate - [print] testing xlinkurl:
12:56:35.671 [ForkJoinPool-1-worker-51] ERROR com.intuit.karate - org.apache.http.client.ClientProtocolException, http call failed after 0 milliseconds for URL: 
12:56:35.672 [ForkJoinPool-1-worker-51] ERROR com.intuit.karate - http request failed: 
org.apache.http.client.ClientProtocolException
12:56:35.672 [ForkJoinPool-1-worker-51] ERROR com.intuit.karate - feature call (loop) failed at index: 36
caller: classpath:InspireTest/def/checkxlinkurl.template.feature
arg: {"link":""}
checkxlinkurl.template.feature:21 - 
org.apache.http.client.ClientProtocolException
12:56:35.673 [ForkJoinPool-1-worker-51] INFO  com.intuit.karate - [print] testing xlinkurl:
12:56:35.682 [ForkJoinPool-1-worker-3] ERROR com.intuit.karate - org.apache.http.client.ClientProtocolException, http call failed after 0 milliseconds for URL: 
12:56:35.682 [ForkJoinPool-1-worker-3] ERROR com.intuit.karate - http request failed: 
org.apache.http.client.ClientProtocolException
12:56:35.682 [ForkJoinPool-1-worker-3] ERROR com.intuit.karate - feature call (loop) failed at index: 109
caller: classpath:InspireTest/def/checkxlinkurl.template.feature
arg: {"link":""}
checkxlinkurl.template.feature:21 - 
org.apache.http.client.ClientProtocolException
12:56:35.708 [ForkJoinPool-1-worker-51] ERROR com.intuit.karate - org.apache.http.client.ClientProtocolException, http call failed after 0 milliseconds for URL: 
12:56:35.708 [ForkJoinPool-1-worker-51] ERROR com.intuit.karate - http request failed: 
org.apache.http.client.ClientProtocolException
12:56:35.708 [ForkJoinPool-1-worker-51] ERROR com.intuit.karate - feature call (loop) failed at index: 37
caller: classpath:InspireTest/def/checkxlinkurl.template.feature
arg: {"link":""}
checkxlinkurl.template.feature:21 - 
org.apache.http.client.ClientProtocolException
12:56:35.712 [ForkJoinPool-1-worker-51] INFO  com.intuit.karate - [print] testing xlinkurl:
12:56:35.713 [ForkJoinPool-1-worker-51] ERROR com.intuit.karate - org.apache.http.client.ClientProtocolException, http call failed after 0 milliseconds for URL: 
12:56:35.712 [ForkJoinPool-1-worker-3] INFO  com.intuit.karate - [print] testing xlinkurl:
12:56:35.716 [ForkJoinPool-1-worker-3] ERROR com.intuit.karate - org.apache.http.client.ClientProtocolException, http call failed after 0 milliseconds for URL: 
12:56:35.716 [ForkJoinPool-1-worker-3] ERROR com.intuit.karate - http request failed: 
org.apache.http.client.ClientProtocolException
12:56:35.716 [ForkJoinPool-1-worker-3] ERROR com.intuit.karate - feature call (loop) failed at index: 110
caller: classpath:InspireTest/def/checkxlinkurl.template.feature
arg: {"link":""}
checkxlinkurl.template.feature:21 - 
org.apache.http.client.ClientProtocolException
12:56:35.717 [ForkJoinPool-1-worker-3] INFO  com.intuit.karate - [print] testing xlinkurl:
12:56:35.723 [ForkJoinPool-1-worker-51] ERROR com.intuit.karate - http request failed: 
org.apache.http.client.ClientProtocolException
12:56:35.724 [ForkJoinPool-1-worker-51] ERROR com.intuit.karate - feature call (loop) failed at index: 38
caller: classpath:InspireTest/def/checkxlinkurl.template.feature
arg: {"link":""}
checkxlinkurl.template.feature:21 - 
org.apache.http.client.ClientProtocolException
12:56:35.725 [ForkJoinPool-1-worker-51] INFO  com.intuit.karate - [print] testing xlinkurl:
12:56:35.726 [ForkJoinPool-1-worker-51] ERROR com.intuit.karate - org.apache.http.client.ClientProtocolException, http call failed after 0 milliseconds for URL: 
12:56:35.727 [ForkJoinPool-1-worker-51] ERROR com.intuit.karate - http request failed: 
org.apache.http.client.ClientProtocolException
12:56:35.727 [ForkJoinPool-1-worker-3] ERROR com.intuit.karate - org.apache.http.client.ClientProtocolException, http call failed after 0 milliseconds for URL: 
12:56:35.727 [ForkJoinPool-1-worker-51] ERROR com.intuit.karate - feature call (loop) failed at index: 39
caller: classpath:InspireTest/def/checkxlinkurl.template.feature
arg: {"link":""}
checkxlinkurl.template.feature:21 - 
org.apache.http.client.ClientProtocolException
12:56:35.727 [ForkJoinPool-1-worker-3] ERROR com.intuit.karate - http request failed: 
org.apache.http.client.ClientProtocolException
12:56:35.728 [ForkJoinPool-1-worker-3] ERROR com.intuit.karate - feature call (loop) failed at index: 111
caller: classpath:InspireTest/def/checkxlinkurl.template.feature
arg: {"link":""}
checkxlinkurl.template.feature:21 - 
org.apache.http.client.ClientProtocolException
12:56:35.729 [ForkJoinPool-1-worker-51] INFO  com.intuit.karate - [print] testing xlinkurl:
12:56:35.732 [ForkJoinPool-1-worker-3] INFO  com.intuit.karate - [print] testing xlinkurl:
12:56:35.733 [ForkJoinPool-1-worker-31] INFO  com.intuit.karate - [print] testing xlinkurl:http://www.nationaalgeoregister.nl/geonetwork/srv/nl/csw?Service=CSW&Request=GetRecordById&Version=2.0.2&id=08af1182-91fe-4d21-aa21-ee002953c3cc&outputSchema=http://www.isotc211.org/2005/gmd&elementSetName=full#MD_DataIdentification
12:56:35.733 [ForkJoinPool-1-worker-51] ERROR com.intuit.karate - org.apache.http.client.ClientProtocolException, http call failed after 0 milliseconds for URL: 
12:56:35.733 [ForkJoinPool-1-worker-51] ERROR com.intuit.karate - http request failed: 
org.apache.http.client.ClientProtocolException
12:56:35.734 [ForkJoinPool-1-worker-51] ERROR com.intuit.karate - feature call (loop) failed at index: 40
caller: classpath:InspireTest/def/checkxlinkurl.template.feature
arg: {"link":""}
checkxlinkurl.template.feature:21 - 
org.apache.http.client.ClientProtocolException
12:56:35.739 [ForkJoinPool-1-worker-3] ERROR com.intuit.karate - org.apache.http.client.ClientProtocolException, http call failed after 0 milliseconds for URL: 
12:56:35.742 [ForkJoinPool-1-worker-3] ERROR com.intuit.karate - http request failed: 
org.apache.http.client.ClientProtocolException
12:56:35.742 [ForkJoinPool-1-worker-3] ERROR com.intuit.karate - feature call (loop) failed at index: 112
caller: classpath:InspireTest/def/checkxlinkurl.template.feature
arg: {"link":""}
checkxlinkurl.template.feature:21 - 
org.apache.http.client.ClientProtocolException
12:56:35.743 [ForkJoinPool-1-worker-3] INFO  com.intuit.karate - [print] testing xlinkurl:
12:56:35.746 [ForkJoinPool-1-worker-51] INFO  com.intuit.karate - [print] testing xlinkurl:
12:56:35.751 [ForkJoinPool-1-worker-3] ERROR com.intuit.karate - org.apache.http.client.ClientProtocolException, http call failed after 0 milliseconds for URL: 
12:56:35.751 [ForkJoinPool-1-worker-51] ERROR com.intuit.karate - org.apache.http.client.ClientProtocolException, http call failed after 0 milliseconds for URL: 
12:56:35.752 [ForkJoinPool-1-worker-51] ERROR com.intuit.karate - http request failed: 
org.apache.http.client.ClientProtocolException
12:56:35.752 [ForkJoinPool-1-worker-3] ERROR com.intuit.karate - http request failed: 
org.apache.http.client.ClientProtocolException
12:56:35.752 [ForkJoinPool-1-worker-51] ERROR com.intuit.karate - feature call (loop) failed at index: 41
caller: classpath:InspireTest/def/checkxlinkurl.template.feature
arg: {"link":""}
checkxlinkurl.template.feature:21 - 
org.apache.http.client.ClientProtocolException
12:56:35.752 [ForkJoinPool-1-worker-3] ERROR com.intuit.karate - feature call (loop) failed at index: 113
caller: classpath:InspireTest/def/checkxlinkurl.template.feature
arg: {"link":""}
checkxlinkurl.template.feature:21 - 
org.apache.http.client.ClientProtocolException
12:56:35.753 [ForkJoinPool-1-worker-51] INFO  com.intuit.karate - [print] testing xlinkurl:
12:56:35.754 [ForkJoinPool-1-worker-51] ERROR com.intuit.karate - org.apache.http.client.ClientProtocolException, http call failed after 0 milliseconds for URL: 
12:56:35.754 [ForkJoinPool-1-worker-51] ERROR com.intuit.karate - http request failed: 
org.apache.http.client.ClientProtocolException
12:56:35.754 [ForkJoinPool-1-worker-51] ERROR com.intuit.karate - feature call (loop) failed at index: 42
caller: classpath:InspireTest/def/checkxlinkurl.template.feature
arg: {"link":""}
checkxlinkurl.template.feature:21 - 
org.apache.http.client.ClientProtocolException
12:56:35.754 [ForkJoinPool-1-worker-3] INFO  com.intuit.karate - [print] testing xlinkurl:
12:56:35.758 [ForkJoinPool-1-worker-3] ERROR com.intuit.karate - org.apache.http.client.ClientProtocolException, http call failed after 0 milliseconds for URL: 
12:56:35.759 [ForkJoinPool-1-worker-3] ERROR com.intuit.karate - http request failed: 
org.apache.http.client.ClientProtocolException
12:56:35.759 [ForkJoinPool-1-worker-3] ERROR com.intuit.karate - feature call (loop) failed at index: 114
caller: classpath:InspireTest/def/checkxlinkurl.template.feature
arg: {"link":""}
checkxlinkurl.template.feature:21 - 
org.apache.http.client.ClientProtocolException
12:56:35.760 [ForkJoinPool-1-worker-3] INFO  com.intuit.karate - [print] testing xlinkurl:
12:56:35.765 [ForkJoinPool-1-worker-51] INFO  com.intuit.karate - [print] testing xlinkurl:
12:56:35.768 [ForkJoinPool-1-worker-3] ERROR com.intuit.karate - org.apache.http.client.ClientProtocolException, http call failed after 0 milliseconds for URL: 
12:56:35.770 [ForkJoinPool-1-worker-3] ERROR com.intuit.karate - http request failed: 
org.apache.http.client.ClientProtocolException
12:56:35.768 [ForkJoinPool-1-worker-51] ERROR com.intuit.karate - org.apache.http.client.ClientProtocolException, http call failed after 0 milliseconds for URL: 
12:56:35.770 [ForkJoinPool-1-worker-51] ERROR com.intuit.karate - http request failed: 
org.apache.http.client.ClientProtocolException
12:56:35.770 [ForkJoinPool-1-worker-3] ERROR com.intuit.karate - feature call (loop) failed at index: 115
caller: classpath:InspireTest/def/checkxlinkurl.template.feature
arg: {"link":""}
checkxlinkurl.template.feature:21 - 
org.apache.http.client.ClientProtocolException
12:56:35.770 [ForkJoinPool-1-worker-51] ERROR com.intuit.karate - feature call (loop) failed at index: 43
caller: classpath:InspireTest/def/checkxlinkurl.template.feature
arg: {"link":""}
checkxlinkurl.template.feature:21 - 
org.apache.http.client.ClientProtocolException
12:56:35.771 [ForkJoinPool-1-worker-3] INFO  com.intuit.karate - [print] testing xlinkurl:
12:56:35.772 [ForkJoinPool-1-worker-3] ERROR com.intuit.karate - org.apache.http.client.ClientProtocolException, http call failed after 0 milliseconds for URL: 
12:56:35.773 [ForkJoinPool-1-worker-3] ERROR com.intuit.karate - http request failed: 
org.apache.http.client.ClientProtocolException
12:56:35.774 [ForkJoinPool-1-worker-3] ERROR com.intuit.karate - feature call (loop) failed at index: 116
caller: classpath:InspireTest/def/checkxlinkurl.template.feature
arg: {"link":""}
checkxlinkurl.template.feature:21 - 
org.apache.http.client.ClientProtocolException
12:56:35.774 [ForkJoinPool-1-worker-51] INFO  com.intuit.karate - [print] testing xlinkurl:
12:56:35.775 [ForkJoinPool-1-worker-51] ERROR com.intuit.karate - org.apache.http.client.ClientProtocolException, http call failed after 0 milliseconds for URL: 
12:56:35.775 [ForkJoinPool-1-worker-51] ERROR com.intuit.karate - http request failed: 
org.apache.http.client.ClientProtocolException
12:56:35.775 [ForkJoinPool-1-worker-51] ERROR com.intuit.karate - feature call (loop) failed at index: 44
caller: classpath:InspireTest/def/checkxlinkurl.template.feature
arg: {"link":""}
checkxlinkurl.template.feature:21 - 
org.apache.http.client.ClientProtocolException
12:56:35.776 [ForkJoinPool-1-worker-3] INFO  com.intuit.karate - [print] testing xlinkurl:
12:56:35.776 [ForkJoinPool-1-worker-51] INFO  com.intuit.karate - [print] testing xlinkurl:
12:56:35.787 [ForkJoinPool-1-worker-51] ERROR com.intuit.karate - org.apache.http.client.ClientProtocolException, http call failed after 0 milliseconds for URL: 
12:56:35.787 [ForkJoinPool-1-worker-51] ERROR com.intuit.karate - http request failed: 
org.apache.http.client.ClientProtocolException
12:56:35.787 [ForkJoinPool-1-worker-3] ERROR com.intuit.karate - org.apache.http.client.ClientProtocolException, http call failed after 0 milliseconds for URL: 
12:56:35.787 [ForkJoinPool-1-worker-51] ERROR com.intuit.karate - feature call (loop) failed at index: 45
caller: classpath:InspireTest/def/checkxlinkurl.template.feature
arg: {"link":""}
checkxlinkurl.template.feature:21 - 
org.apache.http.client.ClientProtocolException
12:56:35.791 [ForkJoinPool-1-worker-3] ERROR com.intuit.karate - http request failed: 
org.apache.http.client.ClientProtocolException
12:56:35.792 [ForkJoinPool-1-worker-3] ERROR com.intuit.karate - feature call (loop) failed at index: 117
caller: classpath:InspireTest/def/checkxlinkurl.template.feature
arg: {"link":""}
checkxlinkurl.template.feature:21 - 
org.apache.http.client.ClientProtocolException
12:56:35.792 [ForkJoinPool-1-worker-51] INFO  com.intuit.karate - [print] testing xlinkurl:
12:56:35.793 [ForkJoinPool-1-worker-3] INFO  com.intuit.karate - [print] testing xlinkurl:
12:56:35.793 [ForkJoinPool-1-worker-51] ERROR com.intuit.karate - org.apache.http.client.ClientProtocolException, http call failed after 0 milliseconds for URL: 
12:56:35.793 [ForkJoinPool-1-worker-51] ERROR com.intuit.karate - http request failed: 
org.apache.http.client.ClientProtocolException
12:56:35.794 [ForkJoinPool-1-worker-51] ERROR com.intuit.karate - feature call (loop) failed at index: 46
caller: classpath:InspireTest/def/checkxlinkurl.template.feature
arg: {"link":""}
checkxlinkurl.template.feature:21 - 
org.apache.http.client.ClientProtocolException
12:56:35.794 [ForkJoinPool-1-worker-3] ERROR com.intuit.karate - org.apache.http.client.ClientProtocolException, http call failed after 0 milliseconds for URL: 
12:56:35.794 [ForkJoinPool-1-worker-3] ERROR com.intuit.karate - http request failed: 
org.apache.http.client.ClientProtocolException
12:56:35.794 [ForkJoinPool-1-worker-3] ERROR com.intuit.karate - feature call (loop) failed at index: 118
caller: classpath:InspireTest/def/checkxlinkurl.template.feature
arg: {"link":""}
checkxlinkurl.template.feature:21 - 
org.apache.http.client.ClientProtocolException
12:56:35.795 [ForkJoinPool-1-worker-51] INFO  com.intuit.karate - [print] testing xlinkurl:
12:56:35.795 [ForkJoinPool-1-worker-3] INFO  com.intuit.karate - [print] testing xlinkurl:
12:56:35.796 [ForkJoinPool-1-worker-3] ERROR com.intuit.karate - org.apache.http.client.ClientProtocolException, http call failed after 0 milliseconds for URL: 
12:56:35.798 [ForkJoinPool-1-worker-3] ERROR com.intuit.karate - http request failed: 
org.apache.http.client.ClientProtocolException
12:56:35.798 [ForkJoinPool-1-worker-3] ERROR com.intuit.karate - feature call (loop) failed at index: 119
caller: classpath:InspireTest/def/checkxlinkurl.template.feature
arg: {"link":""}
checkxlinkurl.template.feature:21 - 
org.apache.http.client.ClientProtocolException
12:56:35.799 [ForkJoinPool-1-worker-3] INFO  com.intuit.karate - [print] testing xlinkurl:
12:56:35.801 [ForkJoinPool-1-worker-3] ERROR com.intuit.karate - org.apache.http.client.ClientProtocolException, http call failed after 0 milliseconds for URL: 
12:56:35.801 [ForkJoinPool-1-worker-3] ERROR com.intuit.karate - http request failed: 
org.apache.http.client.ClientProtocolException
12:56:35.802 [ForkJoinPool-1-worker-3] ERROR com.intuit.karate - feature call (loop) failed at index: 120
caller: classpath:InspireTest/def/checkxlinkurl.template.feature
arg: {"link":""}
checkxlinkurl.template.feature:21 - 
org.apache.http.client.ClientProtocolException
12:56:35.803 [ForkJoinPool-1-worker-3] INFO  com.intuit.karate - [print] testing xlinkurl:
12:56:35.805 [ForkJoinPool-1-worker-3] ERROR com.intuit.karate - org.apache.http.client.ClientProtocolException, http call failed after 0 milliseconds for URL: 
12:56:35.806 [ForkJoinPool-1-worker-3] ERROR com.intuit.karate - http request failed: 
org.apache.http.client.ClientProtocolException
12:56:35.806 [ForkJoinPool-1-worker-3] ERROR com.intuit.karate - feature call (loop) failed at index: 121
caller: classpath:InspireTest/def/checkxlinkurl.template.feature
arg: {"link":""}
checkxlinkurl.template.feature:21 - 
org.apache.http.client.ClientProtocolException
12:56:35.807 [ForkJoinPool-1-worker-51] ERROR com.intuit.karate - org.apache.http.client.ClientProtocolException, http call failed after 0 milliseconds for URL: 
12:56:35.808 [ForkJoinPool-1-worker-3] INFO  com.intuit.karate - [print] testing xlinkurl:
12:56:35.810 [ForkJoinPool-1-worker-3] ERROR com.intuit.karate - org.apache.http.client.ClientProtocolException, http call failed after 0 milliseconds for URL: 
12:56:35.811 [ForkJoinPool-1-worker-3] ERROR com.intuit.karate - http request failed: 
org.apache.http.client.ClientProtocolException
12:56:35.811 [ForkJoinPool-1-worker-3] ERROR com.intuit.karate - feature call (loop) failed at index: 122
caller: classpath:InspireTest/def/checkxlinkurl.template.feature
arg: {"link":""}
checkxlinkurl.template.feature:21 - 
org.apache.http.client.ClientProtocolException
12:56:35.814 [ForkJoinPool-1-worker-51] ERROR com.intuit.karate - http request failed: 
org.apache.http.client.ClientProtocolException
12:56:35.814 [ForkJoinPool-1-worker-51] ERROR com.intuit.karate - feature call (loop) failed at index: 47
caller: classpath:InspireTest/def/checkxlinkurl.template.feature
arg: {"link":""}
checkxlinkurl.template.feature:21 - 
org.apache.http.client.ClientProtocolException
12:56:35.815 [ForkJoinPool-1-worker-51] INFO  com.intuit.karate - [print] testing xlinkurl:
12:56:35.824 [ForkJoinPool-1-worker-51] ERROR com.intuit.karate - org.apache.http.client.ClientProtocolException, http call failed after 0 milliseconds for URL: 
12:56:35.830 [ForkJoinPool-1-worker-51] ERROR com.intuit.karate - http request failed: 
org.apache.http.client.ClientProtocolException
12:56:35.830 [ForkJoinPool-1-worker-51] ERROR com.intuit.karate - feature call (loop) failed at index: 48
caller: classpath:InspireTest/def/checkxlinkurl.template.feature
arg: {"link":""}
checkxlinkurl.template.feature:21 - 
org.apache.http.client.ClientProtocolException
12:56:35.832 [ForkJoinPool-1-worker-51] INFO  com.intuit.karate - [print] testing xlinkurl:
12:56:35.818 [ForkJoinPool-1-worker-3] INFO  com.intuit.karate - [print] testing xlinkurl:
12:56:35.833 [ForkJoinPool-1-worker-3] ERROR com.intuit.karate - org.apache.http.client.ClientProtocolException, http call failed after 0 milliseconds for URL: 
12:56:35.833 [ForkJoinPool-1-worker-3] ERROR com.intuit.karate - http request failed: 
org.apache.http.client.ClientProtocolException
12:56:35.833 [ForkJoinPool-1-worker-3] ERROR com.intuit.karate - feature call (loop) failed at index: 123
caller: classpath:InspireTest/def/checkxlinkurl.template.feature
arg: {"link":""}
checkxlinkurl.template.feature:21 - 
org.apache.http.client.ClientProtocolException
12:56:35.834 [ForkJoinPool-1-worker-3] INFO  com.intuit.karate - [print] testing xlinkurl:
12:56:35.835 [ForkJoinPool-1-worker-3] ERROR com.intuit.karate - org.apache.http.client.ClientProtocolException, http call failed after 0 milliseconds for URL: 
12:56:35.836 [ForkJoinPool-1-worker-3] ERROR com.intuit.karate - http request failed: 
org.apache.http.client.ClientProtocolException
12:56:35.826 [ForkJoinPool-1-worker-33] INFO  com.intuit.karate - [print] testing xlinkurl:https://www.nationaalgeoregister.nl:443/geonetwork/srv/dut/csw?service=CSW&request=GetRecordById&version=2.0.2&outputSchema=http://www.isotc211.org/2005/gmd&elementSetName=full&id=f44dac86-2228-412f-8355-e56446ca9933#MD_DataIdentification
12:56:35.837 [ForkJoinPool-1-worker-3] ERROR com.intuit.karate - feature call (loop) failed at index: 124
caller: classpath:InspireTest/def/checkxlinkurl.template.feature
arg: {"link":""}
checkxlinkurl.template.feature:21 - 
org.apache.http.client.ClientProtocolException
12:56:35.839 [ForkJoinPool-1-worker-3] INFO  com.intuit.karate - [print] testing xlinkurl:
12:56:35.839 [ForkJoinPool-1-worker-3] ERROR com.intuit.karate - org.apache.http.client.ClientProtocolException, http call failed after 0 milliseconds for URL: 
12:56:35.843 [ForkJoinPool-1-worker-3] ERROR com.intuit.karate - http request failed: 
org.apache.http.client.ClientProtocolException
12:56:35.850 [ForkJoinPool-1-worker-3] ERROR com.intuit.karate - feature call (loop) failed at index: 125
caller: classpath:InspireTest/def/checkxlinkurl.template.feature
arg: {"link":""}
checkxlinkurl.template.feature:21 - 
org.apache.http.client.ClientProtocolException
12:56:35.836 [ForkJoinPool-1-worker-51] ERROR com.intuit.karate - org.apache.http.client.ClientProtocolException, http call failed after 0 milliseconds for URL: 
12:56:35.850 [ForkJoinPool-1-worker-51] ERROR com.intuit.karate - http request failed: 
org.apache.http.client.ClientProtocolException
12:56:35.850 [ForkJoinPool-1-worker-51] ERROR com.intuit.karate - feature call (loop) failed at index: 49
caller: classpath:InspireTest/def/checkxlinkurl.template.feature
arg: {"link":""}
checkxlinkurl.template.feature:21 - 
org.apache.http.client.ClientProtocolException
12:56:35.851 [ForkJoinPool-1-worker-51] INFO  com.intuit.karate - [print] testing xlinkurl:
12:56:35.852 [ForkJoinPool-1-worker-51] ERROR com.intuit.karate - org.apache.http.client.ClientProtocolException, http call failed after 0 milliseconds for URL: 
12:56:35.852 [ForkJoinPool-1-worker-51] ERROR com.intuit.karate - http request failed: 
org.apache.http.client.ClientProtocolException
12:56:35.854 [ForkJoinPool-1-worker-51] ERROR com.intuit.karate - feature call (loop) failed at index: 50
caller: classpath:InspireTest/def/checkxlinkurl.template.feature
arg: {"link":""}
checkxlinkurl.template.feature:21 - 
org.apache.http.client.ClientProtocolException
12:56:35.855 [ForkJoinPool-1-worker-51] INFO  com.intuit.karate - [print] testing xlinkurl:
12:56:35.856 [ForkJoinPool-1-worker-51] ERROR com.intuit.karate - org.apache.http.client.ClientProtocolException, http call failed after 0 milliseconds for URL: 
12:56:35.856 [ForkJoinPool-1-worker-51] ERROR com.intuit.karate - http request failed: 
org.apache.http.client.ClientProtocolException
12:56:35.856 [ForkJoinPool-1-worker-51] ERROR com.intuit.karate - feature call (loop) failed at index: 51
caller: classpath:InspireTest/def/checkxlinkurl.template.feature
arg: {"link":""}
checkxlinkurl.template.feature:21 - 
org.apache.http.client.ClientProtocolException
12:56:35.857 [ForkJoinPool-1-worker-51] INFO  com.intuit.karate - [print] testing xlinkurl:
12:56:35.853 [ForkJoinPool-1-worker-3] INFO  com.intuit.karate - [print] testing xlinkurl:
12:56:35.860 [ForkJoinPool-1-worker-3] ERROR com.intuit.karate - org.apache.http.client.ClientProtocolException, http call failed after 0 milliseconds for URL: 
12:56:35.860 [ForkJoinPool-1-worker-3] ERROR com.intuit.karate - http request failed: 
org.apache.http.client.ClientProtocolException
12:56:35.860 [ForkJoinPool-1-worker-3] ERROR com.intuit.karate - feature call (loop) failed at index: 126
caller: classpath:InspireTest/def/checkxlinkurl.template.feature
arg: {"link":""}
checkxlinkurl.template.feature:21 - 
org.apache.http.client.ClientProtocolException
12:56:35.862 [ForkJoinPool-1-worker-3] INFO  com.intuit.karate - [print] testing xlinkurl:
12:56:35.863 [ForkJoinPool-1-worker-3] ERROR com.intuit.karate - org.apache.http.client.ClientProtocolException, http call failed after 0 milliseconds for URL: 
12:56:35.863 [ForkJoinPool-1-worker-3] ERROR com.intuit.karate - http request failed: 
org.apache.http.client.ClientProtocolException
12:56:35.863 [ForkJoinPool-1-worker-3] ERROR com.intuit.karate - feature call (loop) failed at index: 127
caller: classpath:InspireTest/def/checkxlinkurl.template.feature
arg: {"link":""}
checkxlinkurl.template.feature:21 - 
org.apache.http.client.ClientProtocolException
12:56:35.862 [ForkJoinPool-1-worker-51] ERROR com.intuit.karate - org.apache.http.client.ClientProtocolException, http call failed after 0 milliseconds for URL: 
12:56:35.865 [ForkJoinPool-1-worker-51] ERROR com.intuit.karate - http request failed: 
org.apache.http.client.ClientProtocolException
12:56:35.865 [ForkJoinPool-1-worker-51] ERROR com.intuit.karate - feature call (loop) failed at index: 52
caller: classpath:InspireTest/def/checkxlinkurl.template.feature
arg: {"link":""}
checkxlinkurl.template.feature:21 - 
org.apache.http.client.ClientProtocolException
12:56:35.866 [ForkJoinPool-1-worker-51] INFO  com.intuit.karate - [print] testing xlinkurl:
12:56:35.867 [ForkJoinPool-1-worker-51] ERROR com.intuit.karate - org.apache.http.client.ClientProtocolException, http call failed after 0 milliseconds for URL: 
12:56:35.869 [ForkJoinPool-1-worker-51] ERROR com.intuit.karate - http request failed: 
org.apache.http.client.ClientProtocolException
12:56:35.870 [ForkJoinPool-1-worker-51] ERROR com.intuit.karate - feature call (loop) failed at index: 53
caller: classpath:InspireTest/def/checkxlinkurl.template.feature
arg: {"link":""}
checkxlinkurl.template.feature:21 - 
org.apache.http.client.ClientProtocolException
12:56:35.871 [ForkJoinPool-1-worker-51] INFO  com.intuit.karate - [print] testing xlinkurl:
12:56:35.866 [ForkJoinPool-1-worker-3] INFO  com.intuit.karate - [print] testing xlinkurl:
12:56:35.874 [ForkJoinPool-1-worker-3] ERROR com.intuit.karate - org.apache.http.client.ClientProtocolException, http call failed after 0 milliseconds for URL: 
12:56:35.874 [ForkJoinPool-1-worker-3] ERROR com.intuit.karate - http request failed: 
org.apache.http.client.ClientProtocolException
12:56:35.875 [ForkJoinPool-1-worker-3] ERROR com.intuit.karate - feature call (loop) failed at index: 128
caller: classpath:InspireTest/def/checkxlinkurl.template.feature
arg: {"link":""}
checkxlinkurl.template.feature:21 - 
org.apache.http.client.ClientProtocolException
12:56:35.876 [ForkJoinPool-1-worker-3] INFO  com.intuit.karate - [print] testing xlinkurl:
12:56:35.877 [ForkJoinPool-1-worker-3] ERROR com.intuit.karate - org.apache.http.client.ClientProtocolException, http call failed after 0 milliseconds for URL: 
12:56:35.878 [ForkJoinPool-1-worker-3] ERROR com.intuit.karate - http request failed: 
org.apache.http.client.ClientProtocolException
12:56:35.878 [ForkJoinPool-1-worker-3] ERROR com.intuit.karate - feature call (loop) failed at index: 129
caller: classpath:InspireTest/def/checkxlinkurl.template.feature
arg: {"link":""}
checkxlinkurl.template.feature:21 - 
org.apache.http.client.ClientProtocolException
12:56:35.879 [ForkJoinPool-1-worker-3] INFO  com.intuit.karate - [print] testing xlinkurl:
12:56:35.880 [ForkJoinPool-1-worker-3] ERROR com.intuit.karate - org.apache.http.client.ClientProtocolException, http call failed after 0 milliseconds for URL: 
12:56:35.878 [ForkJoinPool-1-worker-51] ERROR com.intuit.karate - org.apache.http.client.ClientProtocolException, http call failed after 0 milliseconds for URL: 
12:56:35.885 [ForkJoinPool-1-worker-51] ERROR com.intuit.karate - http request failed: 
org.apache.http.client.ClientProtocolException
12:56:35.885 [ForkJoinPool-1-worker-51] ERROR com.intuit.karate - feature call (loop) failed at index: 54
caller: classpath:InspireTest/def/checkxlinkurl.template.feature
arg: {"link":""}
checkxlinkurl.template.feature:21 - 
org.apache.http.client.ClientProtocolException
12:56:35.886 [ForkJoinPool-1-worker-51] INFO  com.intuit.karate - [print] testing xlinkurl:
12:56:35.887 [ForkJoinPool-1-worker-51] ERROR com.intuit.karate - org.apache.http.client.ClientProtocolException, http call failed after 0 milliseconds for URL: 
12:56:35.888 [ForkJoinPool-1-worker-51] ERROR com.intuit.karate - http request failed: 
org.apache.http.client.ClientProtocolException
12:56:35.888 [ForkJoinPool-1-worker-51] ERROR com.intuit.karate - feature call (loop) failed at index: 55
caller: classpath:InspireTest/def/checkxlinkurl.template.feature
arg: {"link":""}
checkxlinkurl.template.feature:21 - 
org.apache.http.client.ClientProtocolException
12:56:35.889 [ForkJoinPool-1-worker-51] INFO  com.intuit.karate - [print] testing xlinkurl:
12:56:35.890 [ForkJoinPool-1-worker-51] ERROR com.intuit.karate - org.apache.http.client.ClientProtocolException, http call failed after 0 milliseconds for URL: 
12:56:35.887 [ForkJoinPool-1-worker-3] ERROR com.intuit.karate - http request failed: 
org.apache.http.client.ClientProtocolException
12:56:35.890 [ForkJoinPool-1-worker-3] ERROR com.intuit.karate - feature call (loop) failed at index: 130
caller: classpath:InspireTest/def/checkxlinkurl.template.feature
arg: {"link":""}
checkxlinkurl.template.feature:21 - 
org.apache.http.client.ClientProtocolException
12:56:35.891 [ForkJoinPool-1-worker-3] INFO  com.intuit.karate - [print] testing xlinkurl:
12:56:35.892 [ForkJoinPool-1-worker-3] ERROR com.intuit.karate - org.apache.http.client.ClientProtocolException, http call failed after 0 milliseconds for URL: 
12:56:35.893 [ForkJoinPool-1-worker-3] ERROR com.intuit.karate - http request failed: 
org.apache.http.client.ClientProtocolException
12:56:35.893 [ForkJoinPool-1-worker-3] ERROR com.intuit.karate - feature call (loop) failed at index: 131
caller: classpath:InspireTest/def/checkxlinkurl.template.feature
arg: {"link":""}
checkxlinkurl.template.feature:21 - 
org.apache.http.client.ClientProtocolException
12:56:35.894 [ForkJoinPool-1-worker-51] ERROR com.intuit.karate - http request failed: 
org.apache.http.client.ClientProtocolException
12:56:35.894 [ForkJoinPool-1-worker-51] ERROR com.intuit.karate - feature call (loop) failed at index: 56
caller: classpath:InspireTest/def/checkxlinkurl.template.feature
arg: {"link":""}
checkxlinkurl.template.feature:21 - 
org.apache.http.client.ClientProtocolException
12:56:35.897 [ForkJoinPool-1-worker-51] INFO  com.intuit.karate - [print] testing xlinkurl:
12:56:35.899 [ForkJoinPool-1-worker-3] INFO  com.intuit.karate - [print] testing xlinkurl:
12:56:35.901 [ForkJoinPool-1-worker-3] ERROR com.intuit.karate - org.apache.http.client.ClientProtocolException, http call failed after 0 milliseconds for URL: 
12:56:35.902 [ForkJoinPool-1-worker-3] ERROR com.intuit.karate - http request failed: 
org.apache.http.client.ClientProtocolException
12:56:35.902 [ForkJoinPool-1-worker-3] ERROR com.intuit.karate - feature call (loop) failed at index: 132
caller: classpath:InspireTest/def/checkxlinkurl.template.feature
arg: {"link":""}
checkxlinkurl.template.feature:21 - 
org.apache.http.client.ClientProtocolException
12:56:35.902 [ForkJoinPool-1-worker-51] ERROR com.intuit.karate - org.apache.http.client.ClientProtocolException, http call failed after 0 milliseconds for URL: 
12:56:35.907 [ForkJoinPool-1-worker-51] ERROR com.intuit.karate - http request failed: 
org.apache.http.client.ClientProtocolException
12:56:35.907 [ForkJoinPool-1-worker-51] ERROR com.intuit.karate - feature call (loop) failed at index: 57
caller: classpath:InspireTest/def/checkxlinkurl.template.feature
arg: {"link":""}
checkxlinkurl.template.feature:21 - 
org.apache.http.client.ClientProtocolException
12:56:35.909 [ForkJoinPool-1-worker-3] INFO  com.intuit.karate - [print] testing xlinkurl:
12:56:35.910 [ForkJoinPool-1-worker-3] ERROR com.intuit.karate - org.apache.http.client.ClientProtocolException, http call failed after 0 milliseconds for URL: 
12:56:35.911 [ForkJoinPool-1-worker-3] ERROR com.intuit.karate - http request failed: 
org.apache.http.client.ClientProtocolException
12:56:35.911 [ForkJoinPool-1-worker-51] INFO  com.intuit.karate - [print] testing xlinkurl:
12:56:35.912 [ForkJoinPool-1-worker-51] ERROR com.intuit.karate - org.apache.http.client.ClientProtocolException, http call failed after 0 milliseconds for URL: 
12:56:35.913 [ForkJoinPool-1-worker-51] ERROR com.intuit.karate - http request failed: 
org.apache.http.client.ClientProtocolException
12:56:35.913 [ForkJoinPool-1-worker-51] ERROR com.intuit.karate - feature call (loop) failed at index: 58
caller: classpath:InspireTest/def/checkxlinkurl.template.feature
arg: {"link":""}
checkxlinkurl.template.feature:21 - 
org.apache.http.client.ClientProtocolException
12:56:35.913 [ForkJoinPool-1-worker-3] ERROR com.intuit.karate - feature call (loop) failed at index: 133
caller: classpath:InspireTest/def/checkxlinkurl.template.feature
arg: {"link":""}
checkxlinkurl.template.feature:21 - 
org.apache.http.client.ClientProtocolException
12:56:35.916 [ForkJoinPool-1-worker-3] INFO  com.intuit.karate - [print] testing xlinkurl:
12:56:35.917 [ForkJoinPool-1-worker-3] ERROR com.intuit.karate - org.apache.http.client.ClientProtocolException, http call failed after 0 milliseconds for URL: 
12:56:35.919 [ForkJoinPool-1-worker-3] ERROR com.intuit.karate - http request failed: 
org.apache.http.client.ClientProtocolException
12:56:35.917 [ForkJoinPool-1-worker-51] INFO  com.intuit.karate - [print] testing xlinkurl:
12:56:35.923 [ForkJoinPool-1-worker-51] ERROR com.intuit.karate - org.apache.http.client.ClientProtocolException, http call failed after 0 milliseconds for URL: 
12:56:35.923 [ForkJoinPool-1-worker-51] ERROR com.intuit.karate - http request failed: 
org.apache.http.client.ClientProtocolException
12:56:35.924 [ForkJoinPool-1-worker-51] ERROR com.intuit.karate - feature call (loop) failed at index: 59
caller: classpath:InspireTest/def/checkxlinkurl.template.feature
arg: {"link":""}
checkxlinkurl.template.feature:21 - 
org.apache.http.client.ClientProtocolException
12:56:35.927 [ForkJoinPool-1-worker-3] ERROR com.intuit.karate - feature call (loop) failed at index: 134
caller: classpath:InspireTest/def/checkxlinkurl.template.feature
arg: {"link":""}
checkxlinkurl.template.feature:21 - 
org.apache.http.client.ClientProtocolException
12:56:35.928 [ForkJoinPool-1-worker-3] INFO  com.intuit.karate - [print] testing xlinkurl:
12:56:35.930 [ForkJoinPool-1-worker-51] INFO  com.intuit.karate - [print] testing xlinkurl:
12:56:35.932 [ForkJoinPool-1-worker-3] ERROR com.intuit.karate - org.apache.http.client.ClientProtocolException, http call failed after 0 milliseconds for URL: 
12:56:35.933 [ForkJoinPool-1-worker-3] ERROR com.intuit.karate - http request failed: 
org.apache.http.client.ClientProtocolException
12:56:35.933 [ForkJoinPool-1-worker-3] ERROR com.intuit.karate - feature call (loop) failed at index: 135
caller: classpath:InspireTest/def/checkxlinkurl.template.feature
arg: {"link":""}
checkxlinkurl.template.feature:21 - 
org.apache.http.client.ClientProtocolException
12:56:35.934 [ForkJoinPool-1-worker-3] INFO  com.intuit.karate - [print] testing xlinkurl:
12:56:35.937 [ForkJoinPool-1-worker-3] ERROR com.intuit.karate - org.apache.http.client.ClientProtocolException, http call failed after 0 milliseconds for URL: 
12:56:35.939 [ForkJoinPool-1-worker-3] ERROR com.intuit.karate - http request failed: 
org.apache.http.client.ClientProtocolException
12:56:35.936 [ForkJoinPool-1-worker-51] ERROR com.intuit.karate - org.apache.http.client.ClientProtocolException, http call failed after 0 milliseconds for URL: 
12:56:35.939 [ForkJoinPool-1-worker-51] ERROR com.intuit.karate - http request failed: 
org.apache.http.client.ClientProtocolException
12:56:35.939 [ForkJoinPool-1-worker-51] ERROR com.intuit.karate - feature call (loop) failed at index: 60
caller: classpath:InspireTest/def/checkxlinkurl.template.feature
arg: {"link":""}
checkxlinkurl.template.feature:21 - 
org.apache.http.client.ClientProtocolException
12:56:35.940 [ForkJoinPool-1-worker-3] ERROR com.intuit.karate - feature call (loop) failed at index: 136
caller: classpath:InspireTest/def/checkxlinkurl.template.feature
arg: {"link":""}
checkxlinkurl.template.feature:21 - 
org.apache.http.client.ClientProtocolException
12:56:35.941 [ForkJoinPool-1-worker-51] INFO  com.intuit.karate - [print] testing xlinkurl:
12:56:35.942 [ForkJoinPool-1-worker-51] ERROR com.intuit.karate - org.apache.http.client.ClientProtocolException, http call failed after 0 milliseconds for URL: 
12:56:35.944 [ForkJoinPool-1-worker-51] ERROR com.intuit.karate - http request failed: 
org.apache.http.client.ClientProtocolException
12:56:35.944 [ForkJoinPool-1-worker-51] ERROR com.intuit.karate - feature call (loop) failed at index: 61
caller: classpath:InspireTest/def/checkxlinkurl.template.feature
arg: {"link":""}
checkxlinkurl.template.feature:21 - 
org.apache.http.client.ClientProtocolException
12:56:35.943 [ForkJoinPool-1-worker-3] INFO  com.intuit.karate - [print] testing xlinkurl:
12:56:35.947 [ForkJoinPool-1-worker-3] ERROR com.intuit.karate - org.apache.http.client.ClientProtocolException, http call failed after 0 milliseconds for URL: 
12:56:35.948 [ForkJoinPool-1-worker-3] ERROR com.intuit.karate - http request failed: 
org.apache.http.client.ClientProtocolException
12:56:35.948 [ForkJoinPool-1-worker-3] ERROR com.intuit.karate - feature call (loop) failed at index: 137
caller: classpath:InspireTest/def/checkxlinkurl.template.feature
arg: {"link":""}
checkxlinkurl.template.feature:21 - 
org.apache.http.client.ClientProtocolException
12:56:35.949 [ForkJoinPool-1-worker-51] INFO  com.intuit.karate - [print] testing xlinkurl:
12:56:35.953 [ForkJoinPool-1-worker-51] ERROR com.intuit.karate - org.apache.http.client.ClientProtocolException, http call failed after 0 milliseconds for URL: 
12:56:35.956 [ForkJoinPool-1-worker-51] ERROR com.intuit.karate - http request failed: 
org.apache.http.client.ClientProtocolException
12:56:35.956 [ForkJoinPool-1-worker-51] ERROR com.intuit.karate - feature call (loop) failed at index: 62
caller: classpath:InspireTest/def/checkxlinkurl.template.feature
arg: {"link":""}
checkxlinkurl.template.feature:21 - 
org.apache.http.client.ClientProtocolException
12:56:35.956 [ForkJoinPool-1-worker-3] INFO  com.intuit.karate - [print] testing xlinkurl:
12:56:35.958 [ForkJoinPool-1-worker-3] ERROR com.intuit.karate - org.apache.http.client.ClientProtocolException, http call failed after 0 milliseconds for URL: 
12:56:35.960 [ForkJoinPool-1-worker-3] ERROR com.intuit.karate - http request failed: 
org.apache.http.client.ClientProtocolException
12:56:35.960 [ForkJoinPool-1-worker-3] ERROR com.intuit.karate - feature call (loop) failed at index: 138
caller: classpath:InspireTest/def/checkxlinkurl.template.feature
arg: {"link":""}
checkxlinkurl.template.feature:21 - 
org.apache.http.client.ClientProtocolException
12:56:35.961 [ForkJoinPool-1-worker-51] INFO  com.intuit.karate - [print] testing xlinkurl:
12:56:35.962 [ForkJoinPool-1-worker-51] ERROR com.intuit.karate - org.apache.http.client.ClientProtocolException, http call failed after 0 milliseconds for URL: 
12:56:35.967 [ForkJoinPool-1-worker-51] ERROR com.intuit.karate - http request failed: 
org.apache.http.client.ClientProtocolException
12:56:35.967 [ForkJoinPool-1-worker-51] ERROR com.intuit.karate - feature call (loop) failed at index: 63
caller: classpath:InspireTest/def/checkxlinkurl.template.feature
arg: {"link":""}
checkxlinkurl.template.feature:21 - 
org.apache.http.client.ClientProtocolException
12:56:35.968 [ForkJoinPool-1-worker-51] INFO  com.intuit.karate - [print] testing xlinkurl:
12:56:35.974 [ForkJoinPool-1-worker-51] ERROR com.intuit.karate - org.apache.http.client.ClientProtocolException, http call failed after 0 milliseconds for URL: 
12:56:35.975 [ForkJoinPool-1-worker-51] ERROR com.intuit.karate - http request failed: 
org.apache.http.client.ClientProtocolException
12:56:35.975 [ForkJoinPool-1-worker-51] ERROR com.intuit.karate - feature call (loop) failed at index: 64
caller: classpath:InspireTest/def/checkxlinkurl.template.feature
arg: {"link":""}
checkxlinkurl.template.feature:21 - 
org.apache.http.client.ClientProtocolException
12:56:35.976 [ForkJoinPool-1-worker-51] INFO  com.intuit.karate - [print] testing xlinkurl:
12:56:35.961 [ForkJoinPool-1-worker-3] INFO  com.intuit.karate - [print] testing xlinkurl:
12:56:35.977 [ForkJoinPool-1-worker-3] ERROR com.intuit.karate - org.apache.http.client.ClientProtocolException, http call failed after 0 milliseconds for URL: 
12:56:35.977 [ForkJoinPool-1-worker-3] ERROR com.intuit.karate - http request failed: 
org.apache.http.client.ClientProtocolException
12:56:35.977 [ForkJoinPool-1-worker-3] ERROR com.intuit.karate - feature call (loop) failed at index: 139
caller: classpath:InspireTest/def/checkxlinkurl.template.feature
arg: {"link":""}
checkxlinkurl.template.feature:21 - 
org.apache.http.client.ClientProtocolException
12:56:35.978 [ForkJoinPool-1-worker-3] INFO  com.intuit.karate - [print] testing xlinkurl:
12:56:35.979 [ForkJoinPool-1-worker-3] ERROR com.intuit.karate - org.apache.http.client.ClientProtocolException, http call failed after 0 milliseconds for URL: 
12:56:35.979 [ForkJoinPool-1-worker-3] ERROR com.intuit.karate - http request failed: 
org.apache.http.client.ClientProtocolException
12:56:35.979 [ForkJoinPool-1-worker-3] ERROR com.intuit.karate - feature call (loop) failed at index: 140
caller: classpath:InspireTest/def/checkxlinkurl.template.feature
arg: {"link":""}
checkxlinkurl.template.feature:21 - 
org.apache.http.client.ClientProtocolException
12:56:35.980 [ForkJoinPool-1-worker-3] INFO  com.intuit.karate - [print] testing xlinkurl:
12:56:35.981 [ForkJoinPool-1-worker-51] ERROR com.intuit.karate - org.apache.http.client.ClientProtocolException, http call failed after 0 milliseconds for URL: 
12:56:35.988 [ForkJoinPool-1-worker-51] ERROR com.intuit.karate - http request failed: 
org.apache.http.client.ClientProtocolException
12:56:35.988 [ForkJoinPool-1-worker-51] ERROR com.intuit.karate - feature call (loop) failed at index: 65
caller: classpath:InspireTest/def/checkxlinkurl.template.feature
arg: {"link":""}
checkxlinkurl.template.feature:21 - 
org.apache.http.client.ClientProtocolException
12:56:35.989 [ForkJoinPool-1-worker-51] INFO  com.intuit.karate - [print] testing xlinkurl:
12:56:35.991 [ForkJoinPool-1-worker-51] ERROR com.intuit.karate - org.apache.http.client.ClientProtocolException, http call failed after 0 milliseconds for URL: 
12:56:35.995 [ForkJoinPool-1-worker-51] ERROR com.intuit.karate - http request failed: 
org.apache.http.client.ClientProtocolException
12:56:35.995 [ForkJoinPool-1-worker-51] ERROR com.intuit.karate - feature call (loop) failed at index: 66
caller: classpath:InspireTest/def/checkxlinkurl.template.feature
arg: {"link":""}
checkxlinkurl.template.feature:21 - 
org.apache.http.client.ClientProtocolException
12:56:35.996 [ForkJoinPool-1-worker-51] INFO  com.intuit.karate - [print] testing xlinkurl:
12:56:35.990 [ForkJoinPool-1-worker-3] ERROR com.intuit.karate - org.apache.http.client.ClientProtocolException, http call failed after 0 milliseconds for URL: 
12:56:35.997 [ForkJoinPool-1-worker-3] ERROR com.intuit.karate - http request failed: 
org.apache.http.client.ClientProtocolException
12:56:35.997 [ForkJoinPool-1-worker-3] ERROR com.intuit.karate - feature call (loop) failed at index: 141
caller: classpath:InspireTest/def/checkxlinkurl.template.feature
arg: {"link":""}
checkxlinkurl.template.feature:21 - 
org.apache.http.client.ClientProtocolException
12:56:35.998 [ForkJoinPool-1-worker-3] INFO  com.intuit.karate - [print] testing xlinkurl:
12:56:35.999 [ForkJoinPool-1-worker-3] ERROR com.intuit.karate - org.apache.http.client.ClientProtocolException, http call failed after 0 milliseconds for URL: 
12:56:36.000 [ForkJoinPool-1-worker-3] ERROR com.intuit.karate - http request failed: 
org.apache.http.client.ClientProtocolException
12:56:36.000 [ForkJoinPool-1-worker-3] ERROR com.intuit.karate - feature call (loop) failed at index: 142
caller: classpath:InspireTest/def/checkxlinkurl.template.feature
arg: {"link":""}
checkxlinkurl.template.feature:21 - 
org.apache.http.client.ClientProtocolException
12:56:36.001 [ForkJoinPool-1-worker-3] INFO  com.intuit.karate - [print] testing xlinkurl:
12:56:36.002 [ForkJoinPool-1-worker-3] ERROR com.intuit.karate - org.apache.http.client.ClientProtocolException, http call failed after 0 milliseconds for URL: 
12:56:36.007 [ForkJoinPool-1-worker-3] ERROR com.intuit.karate - http request failed: 
org.apache.http.client.ClientProtocolException
12:56:36.007 [ForkJoinPool-1-worker-3] ERROR com.intuit.karate - feature call (loop) failed at index: 143
caller: classpath:InspireTest/def/checkxlinkurl.template.feature
arg: {"link":""}
checkxlinkurl.template.feature:21 - 
org.apache.http.client.ClientProtocolException
12:56:36.008 [ForkJoinPool-1-worker-3] INFO  com.intuit.karate - [print] testing xlinkurl:
12:56:36.000 [ForkJoinPool-1-worker-51] ERROR com.intuit.karate - org.apache.http.client.ClientProtocolException, http call failed after 0 milliseconds for URL: 
12:56:36.004 [ForkJoinPool-1-worker-31] INFO  com.intuit.karate - [print] testing xlinkurl:http://www.nationaalgeoregister.nl/geonetwork/srv/nl/csw?Service=CSW&Request=GetRecordById&Version=2.0.2&id=d91126e0-e37b-11e4-b571-0800200c9a66&outputSchema=http://www.isotc211.org/2005/gmd&elementSetName=full#MD_DataIdentification
12:56:36.015 [ForkJoinPool-1-worker-51] ERROR com.intuit.karate - http request failed: 
org.apache.http.client.ClientProtocolException
12:56:36.015 [ForkJoinPool-1-worker-51] ERROR com.intuit.karate - feature call (loop) failed at index: 67
caller: classpath:InspireTest/def/checkxlinkurl.template.feature
arg: {"link":""}
checkxlinkurl.template.feature:21 - 
org.apache.http.client.ClientProtocolException
12:56:36.016 [ForkJoinPool-1-worker-51] INFO  com.intuit.karate - [print] testing xlinkurl:
12:56:36.017 [ForkJoinPool-1-worker-51] ERROR com.intuit.karate - org.apache.http.client.ClientProtocolException, http call failed after 0 milliseconds for URL: 
12:56:36.017 [ForkJoinPool-1-worker-51] ERROR com.intuit.karate - http request failed: 
org.apache.http.client.ClientProtocolException
12:56:36.017 [ForkJoinPool-1-worker-51] ERROR com.intuit.karate - feature call (loop) failed at index: 68
caller: classpath:InspireTest/def/checkxlinkurl.template.feature
arg: {"link":""}
checkxlinkurl.template.feature:21 - 
org.apache.http.client.ClientProtocolException
12:56:36.018 [ForkJoinPool-1-worker-51] INFO  com.intuit.karate - [print] testing xlinkurl:
12:56:36.020 [ForkJoinPool-1-worker-51] ERROR com.intuit.karate - org.apache.http.client.ClientProtocolException, http call failed after 0 milliseconds for URL: 
12:56:36.024 [ForkJoinPool-1-worker-51] ERROR com.intuit.karate - http request failed: 
org.apache.http.client.ClientProtocolException
12:56:36.024 [ForkJoinPool-1-worker-51] ERROR com.intuit.karate - feature call (loop) failed at index: 69
caller: classpath:InspireTest/def/checkxlinkurl.template.feature
arg: {"link":""}
checkxlinkurl.template.feature:21 - 
org.apache.http.client.ClientProtocolException
12:56:36.025 [ForkJoinPool-1-worker-51] INFO  com.intuit.karate - [print] testing xlinkurl:
12:56:36.019 [ForkJoinPool-1-worker-3] ERROR com.intuit.karate - org.apache.http.client.ClientProtocolException, http call failed after 0 milliseconds for URL: 
12:56:36.025 [ForkJoinPool-1-worker-3] ERROR com.intuit.karate - http request failed: 
org.apache.http.client.ClientProtocolException
12:56:36.025 [ForkJoinPool-1-worker-3] ERROR com.intuit.karate - feature call (loop) failed at index: 144
caller: classpath:InspireTest/def/checkxlinkurl.template.feature
arg: {"link":""}
checkxlinkurl.template.feature:21 - 
org.apache.http.client.ClientProtocolException
12:56:36.026 [ForkJoinPool-1-worker-3] INFO  com.intuit.karate - [print] testing xlinkurl:
12:56:36.027 [ForkJoinPool-1-worker-3] ERROR com.intuit.karate - org.apache.http.client.ClientProtocolException, http call failed after 0 milliseconds for URL: 
12:56:36.027 [ForkJoinPool-1-worker-3] ERROR com.intuit.karate - http request failed: 
org.apache.http.client.ClientProtocolException
12:56:36.027 [ForkJoinPool-1-worker-3] ERROR com.intuit.karate - feature call (loop) failed at index: 145
caller: classpath:InspireTest/def/checkxlinkurl.template.feature
arg: {"link":""}
checkxlinkurl.template.feature:21 - 
org.apache.http.client.ClientProtocolException
12:56:36.029 [ForkJoinPool-1-worker-3] INFO  com.intuit.karate - [print] testing xlinkurl:
12:56:36.030 [ForkJoinPool-1-worker-3] ERROR com.intuit.karate - org.apache.http.client.ClientProtocolException, http call failed after 0 milliseconds for URL: 
12:56:36.031 [ForkJoinPool-1-worker-3] ERROR com.intuit.karate - http request failed: 
org.apache.http.client.ClientProtocolException
12:56:36.031 [ForkJoinPool-1-worker-3] ERROR com.intuit.karate - feature call (loop) failed at index: 146
caller: classpath:InspireTest/def/checkxlinkurl.template.feature
arg: {"link":""}
checkxlinkurl.template.feature:21 - 
org.apache.http.client.ClientProtocolException
12:56:36.028 [ForkJoinPool-1-worker-51] ERROR com.intuit.karate - org.apache.http.client.ClientProtocolException, http call failed after 0 milliseconds for URL: 
12:56:36.032 [ForkJoinPool-1-worker-51] ERROR com.intuit.karate - http request failed: 
org.apache.http.client.ClientProtocolException
12:56:36.032 [ForkJoinPool-1-worker-51] ERROR com.intuit.karate - feature call (loop) failed at index: 70
caller: classpath:InspireTest/def/checkxlinkurl.template.feature
arg: {"link":""}
checkxlinkurl.template.feature:21 - 
org.apache.http.client.ClientProtocolException
12:56:36.033 [ForkJoinPool-1-worker-51] INFO  com.intuit.karate - [print] testing xlinkurl:
12:56:36.034 [ForkJoinPool-1-worker-51] ERROR com.intuit.karate - org.apache.http.client.ClientProtocolException, http call failed after 0 milliseconds for URL: 
12:56:36.040 [ForkJoinPool-1-worker-51] ERROR com.intuit.karate - http request failed: 
org.apache.http.client.ClientProtocolException
12:56:36.040 [ForkJoinPool-1-worker-51] ERROR com.intuit.karate - feature call (loop) failed at index: 71
caller: classpath:InspireTest/def/checkxlinkurl.template.feature
arg: {"link":""}
checkxlinkurl.template.feature:21 - 
org.apache.http.client.ClientProtocolException
12:56:36.041 [ForkJoinPool-1-worker-51] INFO  com.intuit.karate - [print] testing xlinkurl:
12:56:36.042 [ForkJoinPool-1-worker-51] ERROR com.intuit.karate - org.apache.http.client.ClientProtocolException, http call failed after 0 milliseconds for URL: 
12:56:36.042 [ForkJoinPool-1-worker-51] ERROR com.intuit.karate - http request failed: 
org.apache.http.client.ClientProtocolException
12:56:36.042 [ForkJoinPool-1-worker-51] ERROR com.intuit.karate - feature call (loop) failed at index: 72
caller: classpath:InspireTest/def/checkxlinkurl.template.feature
arg: {"link":""}
checkxlinkurl.template.feature:21 - 
org.apache.http.client.ClientProtocolException
12:56:36.043 [ForkJoinPool-1-worker-51] INFO  com.intuit.karate - [print] testing xlinkurl:
12:56:36.040 [ForkJoinPool-1-worker-3] INFO  com.intuit.karate - [print] testing xlinkurl:
12:56:36.044 [ForkJoinPool-1-worker-3] ERROR com.intuit.karate - org.apache.http.client.ClientProtocolException, http call failed after 0 milliseconds for URL: 
12:56:36.044 [ForkJoinPool-1-worker-3] ERROR com.intuit.karate - http request failed: 
org.apache.http.client.ClientProtocolException
12:56:36.044 [ForkJoinPool-1-worker-3] ERROR com.intuit.karate - feature call (loop) failed at index: 147
caller: classpath:InspireTest/def/checkxlinkurl.template.feature
arg: {"link":""}
checkxlinkurl.template.feature:21 - 
org.apache.http.client.ClientProtocolException
12:56:36.046 [ForkJoinPool-1-worker-3] INFO  com.intuit.karate - [print] testing xlinkurl:
12:56:36.046 [ForkJoinPool-1-worker-3] ERROR com.intuit.karate - org.apache.http.client.ClientProtocolException, http call failed after 0 milliseconds for URL: 
12:56:36.047 [ForkJoinPool-1-worker-3] ERROR com.intuit.karate - http request failed: 
org.apache.http.client.ClientProtocolException
12:56:36.047 [ForkJoinPool-1-worker-3] ERROR com.intuit.karate - feature call (loop) failed at index: 148
caller: classpath:InspireTest/def/checkxlinkurl.template.feature
arg: {"link":""}
checkxlinkurl.template.feature:21 - 
org.apache.http.client.ClientProtocolException
12:56:36.048 [ForkJoinPool-1-worker-3] INFO  com.intuit.karate - [print] testing xlinkurl:
12:56:36.049 [ForkJoinPool-1-worker-3] ERROR com.intuit.karate - org.apache.http.client.ClientProtocolException, http call failed after 0 milliseconds for URL: 
12:56:36.050 [ForkJoinPool-1-worker-3] ERROR com.intuit.karate - http request failed: 
org.apache.http.client.ClientProtocolException
12:56:36.050 [ForkJoinPool-1-worker-3] ERROR com.intuit.karate - feature call (loop) failed at index: 149
caller: classpath:InspireTest/def/checkxlinkurl.template.feature
arg: {"link":""}
checkxlinkurl.template.feature:21 - 
org.apache.http.client.ClientProtocolException
12:56:36.051 [ForkJoinPool-1-worker-3] INFO  com.intuit.karate - [print] testing xlinkurl:
12:56:36.047 [ForkJoinPool-1-worker-51] ERROR com.intuit.karate - org.apache.http.client.ClientProtocolException, http call failed after 0 milliseconds for URL: 
12:56:36.059 [ForkJoinPool-1-worker-51] ERROR com.intuit.karate - http request failed: 
org.apache.http.client.ClientProtocolException
12:56:36.059 [ForkJoinPool-1-worker-51] ERROR com.intuit.karate - feature call (loop) failed at index: 73
caller: classpath:InspireTest/def/checkxlinkurl.template.feature
arg: {"link":""}
checkxlinkurl.template.feature:21 - 
org.apache.http.client.ClientProtocolException
12:56:36.060 [ForkJoinPool-1-worker-51] INFO  com.intuit.karate - [print] testing xlinkurl:
12:56:36.061 [ForkJoinPool-1-worker-51] ERROR com.intuit.karate - org.apache.http.client.ClientProtocolException, http call failed after 0 milliseconds for URL: 
12:56:36.062 [ForkJoinPool-1-worker-51] ERROR com.intuit.karate - http request failed: 
org.apache.http.client.ClientProtocolException
12:56:36.062 [ForkJoinPool-1-worker-51] ERROR com.intuit.karate - feature call (loop) failed at index: 74
caller: classpath:InspireTest/def/checkxlinkurl.template.feature
arg: {"link":""}
checkxlinkurl.template.feature:21 - 
org.apache.http.client.ClientProtocolException
12:56:36.063 [ForkJoinPool-1-worker-51] INFO  com.intuit.karate - [print] testing xlinkurl:
12:56:36.065 [ForkJoinPool-1-worker-51] ERROR com.intuit.karate - org.apache.http.client.ClientProtocolException, http call failed after 0 milliseconds for URL: 
12:56:36.065 [ForkJoinPool-1-worker-51] ERROR com.intuit.karate - http request failed: 
org.apache.http.client.ClientProtocolException
12:56:36.065 [ForkJoinPool-1-worker-51] ERROR com.intuit.karate - feature call (loop) failed at index: 75
caller: classpath:InspireTest/def/checkxlinkurl.template.feature
arg: {"link":""}
checkxlinkurl.template.feature:21 - 
org.apache.http.client.ClientProtocolException
12:56:36.066 [ForkJoinPool-1-worker-51] INFO  com.intuit.karate - [print] testing xlinkurl:
12:56:36.067 [ForkJoinPool-1-worker-51] ERROR com.intuit.karate - org.apache.http.client.ClientProtocolException, http call failed after 0 milliseconds for URL: 
12:56:36.064 [ForkJoinPool-1-worker-3] ERROR com.intuit.karate - org.apache.http.client.ClientProtocolException, http call failed after 0 milliseconds for URL: 
12:56:36.067 [ForkJoinPool-1-worker-3] ERROR com.intuit.karate - http request failed: 
org.apache.http.client.ClientProtocolException
12:56:36.067 [ForkJoinPool-1-worker-3] ERROR com.intuit.karate - feature call (loop) failed at index: 150
caller: classpath:InspireTest/def/checkxlinkurl.template.feature
arg: {"link":""}
checkxlinkurl.template.feature:21 - 
org.apache.http.client.ClientProtocolException
12:56:36.068 [ForkJoinPool-1-worker-3] INFO  com.intuit.karate - [print] testing xlinkurl:
12:56:36.069 [ForkJoinPool-1-worker-3] ERROR com.intuit.karate - org.apache.http.client.ClientProtocolException, http call failed after 0 milliseconds for URL: 
12:56:36.069 [ForkJoinPool-1-worker-3] ERROR com.intuit.karate - http request failed: 
org.apache.http.client.ClientProtocolException
12:56:36.069 [ForkJoinPool-1-worker-3] ERROR com.intuit.karate - feature call (loop) failed at index: 151
caller: classpath:InspireTest/def/checkxlinkurl.template.feature
arg: {"link":""}
checkxlinkurl.template.feature:21 - 
org.apache.http.client.ClientProtocolException
12:56:36.070 [ForkJoinPool-1-worker-3] INFO  com.intuit.karate - [print] testing xlinkurl:
12:56:36.071 [ForkJoinPool-1-worker-3] ERROR com.intuit.karate - org.apache.http.client.ClientProtocolException, http call failed after 0 milliseconds for URL: 
12:56:36.071 [ForkJoinPool-1-worker-3] ERROR com.intuit.karate - http request failed: 
org.apache.http.client.ClientProtocolException
12:56:36.071 [ForkJoinPool-1-worker-3] ERROR com.intuit.karate - feature call (loop) failed at index: 152
caller: classpath:InspireTest/def/checkxlinkurl.template.feature
arg: {"link":""}
checkxlinkurl.template.feature:21 - 
org.apache.http.client.ClientProtocolException
12:56:36.070 [ForkJoinPool-1-worker-51] ERROR com.intuit.karate - http request failed: 
org.apache.http.client.ClientProtocolException
12:56:36.071 [ForkJoinPool-1-worker-51] ERROR com.intuit.karate - feature call (loop) failed at index: 76
caller: classpath:InspireTest/def/checkxlinkurl.template.feature
arg: {"link":""}
checkxlinkurl.template.feature:21 - 
org.apache.http.client.ClientProtocolException
12:56:36.072 [ForkJoinPool-1-worker-3] INFO  com.intuit.karate - [print] testing xlinkurl:
12:56:36.073 [ForkJoinPool-1-worker-51] INFO  com.intuit.karate - [print] testing xlinkurl:
12:56:36.075 [ForkJoinPool-1-worker-51] ERROR com.intuit.karate - org.apache.http.client.ClientProtocolException, http call failed after 0 milliseconds for URL: 
12:56:36.075 [ForkJoinPool-1-worker-51] ERROR com.intuit.karate - http request failed: 
org.apache.http.client.ClientProtocolException
12:56:36.075 [ForkJoinPool-1-worker-51] ERROR com.intuit.karate - feature call (loop) failed at index: 77
caller: classpath:InspireTest/def/checkxlinkurl.template.feature
arg: {"link":""}
checkxlinkurl.template.feature:21 - 
org.apache.http.client.ClientProtocolException
12:56:36.076 [ForkJoinPool-1-worker-51] INFO  com.intuit.karate - [print] testing xlinkurl:
12:56:36.077 [ForkJoinPool-1-worker-51] ERROR com.intuit.karate - org.apache.http.client.ClientProtocolException, http call failed after 0 milliseconds for URL: 
12:56:36.079 [ForkJoinPool-1-worker-51] ERROR com.intuit.karate - http request failed: 
org.apache.http.client.ClientProtocolException
12:56:36.079 [ForkJoinPool-1-worker-51] ERROR com.intuit.karate - feature call (loop) failed at index: 78
caller: classpath:InspireTest/def/checkxlinkurl.template.feature
arg: {"link":""}
checkxlinkurl.template.feature:21 - 
org.apache.http.client.ClientProtocolException
12:56:36.080 [ForkJoinPool-1-worker-51] INFO  com.intuit.karate - [print] testing xlinkurl:
12:56:36.081 [ForkJoinPool-1-worker-51] ERROR com.intuit.karate - org.apache.http.client.ClientProtocolException, http call failed after 0 milliseconds for URL: 
12:56:36.076 [ForkJoinPool-1-worker-3] ERROR com.intuit.karate - org.apache.http.client.ClientProtocolException, http call failed after 0 milliseconds for URL: 
12:56:36.087 [ForkJoinPool-1-worker-3] ERROR com.intuit.karate - http request failed: 
org.apache.http.client.ClientProtocolException
12:56:36.087 [ForkJoinPool-1-worker-3] ERROR com.intuit.karate - feature call (loop) failed at index: 153
caller: classpath:InspireTest/def/checkxlinkurl.template.feature
arg: {"link":""}
checkxlinkurl.template.feature:21 - 
org.apache.http.client.ClientProtocolException
12:56:36.088 [ForkJoinPool-1-worker-3] INFO  com.intuit.karate - [print] testing xlinkurl:
12:56:36.089 [ForkJoinPool-1-worker-3] ERROR com.intuit.karate - org.apache.http.client.ClientProtocolException, http call failed after 0 milliseconds for URL: 
12:56:36.089 [ForkJoinPool-1-worker-3] ERROR com.intuit.karate - http request failed: 
org.apache.http.client.ClientProtocolException
12:56:36.089 [ForkJoinPool-1-worker-3] ERROR com.intuit.karate - feature call (loop) failed at index: 154
caller: classpath:InspireTest/def/checkxlinkurl.template.feature
arg: {"link":""}
checkxlinkurl.template.feature:21 - 
org.apache.http.client.ClientProtocolException
12:56:36.090 [ForkJoinPool-1-worker-3] INFO  com.intuit.karate - [print] testing xlinkurl:
12:56:36.091 [ForkJoinPool-1-worker-3] ERROR com.intuit.karate - org.apache.http.client.ClientProtocolException, http call failed after 0 milliseconds for URL: 
12:56:36.091 [ForkJoinPool-1-worker-3] ERROR com.intuit.karate - http request failed: 
org.apache.http.client.ClientProtocolException
12:56:36.091 [ForkJoinPool-1-worker-3] ERROR com.intuit.karate - feature call (loop) failed at index: 155
caller: classpath:InspireTest/def/checkxlinkurl.template.feature
arg: {"link":""}
checkxlinkurl.template.feature:21 - 
org.apache.http.client.ClientProtocolException
12:56:36.092 [ForkJoinPool-1-worker-3] INFO  com.intuit.karate - [print] testing xlinkurl:
12:56:36.090 [ForkJoinPool-1-worker-51] ERROR com.intuit.karate - http request failed: 
org.apache.http.client.ClientProtocolException
12:56:36.093 [ForkJoinPool-1-worker-51] ERROR com.intuit.karate - feature call (loop) failed at index: 79
caller: classpath:InspireTest/def/checkxlinkurl.template.feature
arg: {"link":""}
checkxlinkurl.template.feature:21 - 
org.apache.http.client.ClientProtocolException
12:56:36.094 [ForkJoinPool-1-worker-51] INFO  com.intuit.karate - [print] testing xlinkurl:
12:56:36.094 [ForkJoinPool-1-worker-51] ERROR com.intuit.karate - org.apache.http.client.ClientProtocolException, http call failed after 0 milliseconds for URL: 
12:56:36.095 [ForkJoinPool-1-worker-51] ERROR com.intuit.karate - http request failed: 
org.apache.http.client.ClientProtocolException
12:56:36.095 [ForkJoinPool-1-worker-51] ERROR com.intuit.karate - feature call (loop) failed at index: 80
caller: classpath:InspireTest/def/checkxlinkurl.template.feature
arg: {"link":""}
checkxlinkurl.template.feature:21 - 
org.apache.http.client.ClientProtocolException
12:56:36.096 [ForkJoinPool-1-worker-3] ERROR com.intuit.karate - org.apache.http.client.ClientProtocolException, http call failed after 0 milliseconds for URL: 
12:56:36.097 [ForkJoinPool-1-worker-3] ERROR com.intuit.karate - http request failed: 
org.apache.http.client.ClientProtocolException
12:56:36.097 [ForkJoinPool-1-worker-3] ERROR com.intuit.karate - feature call (loop) failed at index: 156
caller: classpath:InspireTest/def/checkxlinkurl.template.feature
arg: {"link":""}
checkxlinkurl.template.feature:21 - 
org.apache.http.client.ClientProtocolException
12:56:36.098 [ForkJoinPool-1-worker-3] INFO  com.intuit.karate - [print] testing xlinkurl:
12:56:36.096 [ForkJoinPool-1-worker-51] INFO  com.intuit.karate - [print] testing xlinkurl:
12:56:36.099 [ForkJoinPool-1-worker-51] ERROR com.intuit.karate - org.apache.http.client.ClientProtocolException, http call failed after 0 milliseconds for URL: 
12:56:36.099 [ForkJoinPool-1-worker-51] ERROR com.intuit.karate - http request failed: 
org.apache.http.client.ClientProtocolException
12:56:36.099 [ForkJoinPool-1-worker-51] ERROR com.intuit.karate - feature call (loop) failed at index: 81
caller: classpath:InspireTest/def/checkxlinkurl.template.feature
arg: {"link":""}
checkxlinkurl.template.feature:21 - 
org.apache.http.client.ClientProtocolException
12:56:36.101 [ForkJoinPool-1-worker-3] ERROR com.intuit.karate - org.apache.http.client.ClientProtocolException, http call failed after 0 milliseconds for URL: 
12:56:36.101 [ForkJoinPool-1-worker-3] ERROR com.intuit.karate - http request failed: 
org.apache.http.client.ClientProtocolException
12:56:36.101 [ForkJoinPool-1-worker-3] ERROR com.intuit.karate - feature call (loop) failed at index: 157
caller: classpath:InspireTest/def/checkxlinkurl.template.feature
arg: {"link":""}
checkxlinkurl.template.feature:21 - 
org.apache.http.client.ClientProtocolException
12:56:36.104 [ForkJoinPool-1-worker-3] INFO  com.intuit.karate - [print] testing xlinkurl:
12:56:36.105 [ForkJoinPool-1-worker-3] ERROR com.intuit.karate - org.apache.http.client.ClientProtocolException, http call failed after 0 milliseconds for URL: 
12:56:36.101 [ForkJoinPool-1-worker-51] INFO  com.intuit.karate - [print] testing xlinkurl:
12:56:36.109 [ForkJoinPool-1-worker-51] ERROR com.intuit.karate - org.apache.http.client.ClientProtocolException, http call failed after 0 milliseconds for URL: 
12:56:36.109 [ForkJoinPool-1-worker-51] ERROR com.intuit.karate - http request failed: 
org.apache.http.client.ClientProtocolException
12:56:36.109 [ForkJoinPool-1-worker-51] ERROR com.intuit.karate - feature call (loop) failed at index: 82
caller: classpath:InspireTest/def/checkxlinkurl.template.feature
arg: {"link":""}
checkxlinkurl.template.feature:21 - 
org.apache.http.client.ClientProtocolException
12:56:36.110 [ForkJoinPool-1-worker-51] INFO  com.intuit.karate - [print] testing xlinkurl:
12:56:36.111 [ForkJoinPool-1-worker-51] ERROR com.intuit.karate - org.apache.http.client.ClientProtocolException, http call failed after 0 milliseconds for URL: 
12:56:36.111 [ForkJoinPool-1-worker-51] ERROR com.intuit.karate - http request failed: 
org.apache.http.client.ClientProtocolException
12:56:36.111 [ForkJoinPool-1-worker-51] ERROR com.intuit.karate - feature call (loop) failed at index: 83
caller: classpath:InspireTest/def/checkxlinkurl.template.feature
arg: {"link":""}
checkxlinkurl.template.feature:21 - 
org.apache.http.client.ClientProtocolException
12:56:36.112 [ForkJoinPool-1-worker-51] INFO  com.intuit.karate - [print] testing xlinkurl:
12:56:36.113 [ForkJoinPool-1-worker-51] ERROR com.intuit.karate - org.apache.http.client.ClientProtocolException, http call failed after 0 milliseconds for URL: 
12:56:36.111 [ForkJoinPool-1-worker-3] ERROR com.intuit.karate - http request failed: 
org.apache.http.client.ClientProtocolException
12:56:36.113 [ForkJoinPool-1-worker-3] ERROR com.intuit.karate - feature call (loop) failed at index: 158
caller: classpath:InspireTest/def/checkxlinkurl.template.feature
arg: {"link":""}
checkxlinkurl.template.feature:21 - 
org.apache.http.client.ClientProtocolException
12:56:36.114 [ForkJoinPool-1-worker-3] INFO  com.intuit.karate - [print] testing xlinkurl:
12:56:36.115 [ForkJoinPool-1-worker-3] ERROR com.intuit.karate - org.apache.http.client.ClientProtocolException, http call failed after 0 milliseconds for URL: 
12:56:36.115 [ForkJoinPool-1-worker-3] ERROR com.intuit.karate - http request failed: 
org.apache.http.client.ClientProtocolException
12:56:36.115 [ForkJoinPool-1-worker-3] ERROR com.intuit.karate - feature call (loop) failed at index: 159
caller: classpath:InspireTest/def/checkxlinkurl.template.feature
arg: {"link":""}
checkxlinkurl.template.feature:21 - 
org.apache.http.client.ClientProtocolException
12:56:36.116 [ForkJoinPool-1-worker-3] INFO  com.intuit.karate - [print] testing xlinkurl:
12:56:36.116 [ForkJoinPool-1-worker-51] ERROR com.intuit.karate - http request failed: 
org.apache.http.client.ClientProtocolException
12:56:36.124 [ForkJoinPool-1-worker-51] ERROR com.intuit.karate - feature call (loop) failed at index: 84
caller: classpath:InspireTest/def/checkxlinkurl.template.feature
arg: {"link":""}
checkxlinkurl.template.feature:21 - 
org.apache.http.client.ClientProtocolException
12:56:36.125 [ForkJoinPool-1-worker-3] ERROR com.intuit.karate - org.apache.http.client.ClientProtocolException, http call failed after 0 milliseconds for URL: 
12:56:36.126 [ForkJoinPool-1-worker-3] ERROR com.intuit.karate - http request failed: 
org.apache.http.client.ClientProtocolException
12:56:36.126 [ForkJoinPool-1-worker-3] ERROR com.intuit.karate - feature call (loop) failed at index: 160
caller: classpath:InspireTest/def/checkxlinkurl.template.feature
arg: {"link":""}
checkxlinkurl.template.feature:21 - 
org.apache.http.client.ClientProtocolException
12:56:36.127 [ForkJoinPool-1-worker-3] INFO  com.intuit.karate - [print] testing xlinkurl:
12:56:36.129 [ForkJoinPool-1-worker-3] ERROR com.intuit.karate - org.apache.http.client.ClientProtocolException, http call failed after 0 milliseconds for URL: 
12:56:36.129 [ForkJoinPool-1-worker-3] ERROR com.intuit.karate - http request failed: 
org.apache.http.client.ClientProtocolException
12:56:36.129 [ForkJoinPool-1-worker-3] ERROR com.intuit.karate - feature call (loop) failed at index: 161
caller: classpath:InspireTest/def/checkxlinkurl.template.feature
arg: {"link":""}
checkxlinkurl.template.feature:21 - 
org.apache.http.client.ClientProtocolException
12:56:36.126 [ForkJoinPool-1-worker-51] INFO  com.intuit.karate - [print] testing xlinkurl:
12:56:36.130 [ForkJoinPool-1-worker-51] ERROR com.intuit.karate - org.apache.http.client.ClientProtocolException, http call failed after 0 milliseconds for URL: 
12:56:36.130 [ForkJoinPool-1-worker-51] ERROR com.intuit.karate - http request failed: 
org.apache.http.client.ClientProtocolException
12:56:36.130 [ForkJoinPool-1-worker-51] ERROR com.intuit.karate - feature call (loop) failed at index: 85
caller: classpath:InspireTest/def/checkxlinkurl.template.feature
arg: {"link":""}
checkxlinkurl.template.feature:21 - 
org.apache.http.client.ClientProtocolException
12:56:36.131 [ForkJoinPool-1-worker-51] INFO  com.intuit.karate - [print] testing xlinkurl:
12:56:36.133 [ForkJoinPool-1-worker-51] ERROR com.intuit.karate - org.apache.http.client.ClientProtocolException, http call failed after 0 milliseconds for URL: 
12:56:36.134 [ForkJoinPool-1-worker-51] ERROR com.intuit.karate - http request failed: 
org.apache.http.client.ClientProtocolException
12:56:36.134 [ForkJoinPool-1-worker-51] ERROR com.intuit.karate - feature call (loop) failed at index: 86
caller: classpath:InspireTest/def/checkxlinkurl.template.feature
arg: {"link":""}
checkxlinkurl.template.feature:21 - 
org.apache.http.client.ClientProtocolException
12:56:36.135 [ForkJoinPool-1-worker-51] INFO  com.intuit.karate - [print] testing xlinkurl:
12:56:36.134 [ForkJoinPool-1-worker-3] INFO  com.intuit.karate - [print] testing xlinkurl:
12:56:36.136 [ForkJoinPool-1-worker-3] ERROR com.intuit.karate - org.apache.http.client.ClientProtocolException, http call failed after 0 milliseconds for URL: 
12:56:36.136 [ForkJoinPool-1-worker-3] ERROR com.intuit.karate - http request failed: 
org.apache.http.client.ClientProtocolException
12:56:36.137 [ForkJoinPool-1-worker-3] ERROR com.intuit.karate - feature call (loop) failed at index: 162
caller: classpath:InspireTest/def/checkxlinkurl.template.feature
arg: {"link":""}
checkxlinkurl.template.feature:21 - 
org.apache.http.client.ClientProtocolException
12:56:36.138 [ForkJoinPool-1-worker-3] INFO  com.intuit.karate - [print] testing xlinkurl:
12:56:36.137 [ForkJoinPool-1-worker-51] ERROR com.intuit.karate - org.apache.http.client.ClientProtocolException, http call failed after 0 milliseconds for URL: 
12:56:36.138 [ForkJoinPool-1-worker-51] ERROR com.intuit.karate - http request failed: 
org.apache.http.client.ClientProtocolException
12:56:36.139 [ForkJoinPool-1-worker-51] ERROR com.intuit.karate - feature call (loop) failed at index: 87
caller: classpath:InspireTest/def/checkxlinkurl.template.feature
arg: {"link":""}
checkxlinkurl.template.feature:21 - 
org.apache.http.client.ClientProtocolException
12:56:36.141 [ForkJoinPool-1-worker-51] INFO  com.intuit.karate - [print] testing xlinkurl:
12:56:36.147 [ForkJoinPool-1-worker-3] ERROR com.intuit.karate - org.apache.http.client.ClientProtocolException, http call failed after 0 milliseconds for URL: 
12:56:36.149 [ForkJoinPool-1-worker-3] ERROR com.intuit.karate - http request failed: 
org.apache.http.client.ClientProtocolException
12:56:36.149 [ForkJoinPool-1-worker-3] ERROR com.intuit.karate - feature call (loop) failed at index: 163
caller: classpath:InspireTest/def/checkxlinkurl.template.feature
arg: {"link":""}
checkxlinkurl.template.feature:21 - 
org.apache.http.client.ClientProtocolException
12:56:36.151 [ForkJoinPool-1-worker-51] ERROR com.intuit.karate - org.apache.http.client.ClientProtocolException, http call failed after 0 milliseconds for URL: 
12:56:36.153 [ForkJoinPool-1-worker-51] ERROR com.intuit.karate - http request failed: 
org.apache.http.client.ClientProtocolException
12:56:36.153 [ForkJoinPool-1-worker-51] ERROR com.intuit.karate - feature call (loop) failed at index: 88
caller: classpath:InspireTest/def/checkxlinkurl.template.feature
arg: {"link":""}
checkxlinkurl.template.feature:21 - 
org.apache.http.client.ClientProtocolException
12:56:36.154 [ForkJoinPool-1-worker-51] INFO  com.intuit.karate - [print] testing xlinkurl:
12:56:36.156 [ForkJoinPool-1-worker-51] ERROR com.intuit.karate - org.apache.http.client.ClientProtocolException, http call failed after 0 milliseconds for URL: 
12:56:36.157 [ForkJoinPool-1-worker-51] ERROR com.intuit.karate - http request failed: 
org.apache.http.client.ClientProtocolException
12:56:36.157 [ForkJoinPool-1-worker-51] ERROR com.intuit.karate - feature call (loop) failed at index: 89
caller: classpath:InspireTest/def/checkxlinkurl.template.feature
arg: {"link":""}
checkxlinkurl.template.feature:21 - 
org.apache.http.client.ClientProtocolException
12:56:36.158 [ForkJoinPool-1-worker-51] INFO  com.intuit.karate - [print] testing xlinkurl:
12:56:36.153 [ForkJoinPool-1-worker-3] INFO  com.intuit.karate - [print] testing xlinkurl:
12:56:36.159 [ForkJoinPool-1-worker-3] ERROR com.intuit.karate - org.apache.http.client.ClientProtocolException, http call failed after 0 milliseconds for URL: 
12:56:36.159 [ForkJoinPool-1-worker-3] ERROR com.intuit.karate - http request failed: 
org.apache.http.client.ClientProtocolException
12:56:36.159 [ForkJoinPool-1-worker-3] ERROR com.intuit.karate - feature call (loop) failed at index: 164
caller: classpath:InspireTest/def/checkxlinkurl.template.feature
arg: {"link":""}
checkxlinkurl.template.feature:21 - 
org.apache.http.client.ClientProtocolException
12:56:36.161 [ForkJoinPool-1-worker-3] INFO  com.intuit.karate - [print] testing xlinkurl:
12:56:36.163 [ForkJoinPool-1-worker-3] ERROR com.intuit.karate - org.apache.http.client.ClientProtocolException, http call failed after 0 milliseconds for URL: 
12:56:36.163 [ForkJoinPool-1-worker-3] ERROR com.intuit.karate - http request failed: 
org.apache.http.client.ClientProtocolException
12:56:36.164 [ForkJoinPool-1-worker-3] ERROR com.intuit.karate - feature call (loop) failed at index: 165
caller: classpath:InspireTest/def/checkxlinkurl.template.feature
arg: {"link":""}
checkxlinkurl.template.feature:21 - 
org.apache.http.client.ClientProtocolException
12:56:36.165 [ForkJoinPool-1-worker-3] INFO  com.intuit.karate - [print] testing xlinkurl:
12:56:36.165 [ForkJoinPool-1-worker-3] ERROR com.intuit.karate - org.apache.http.client.ClientProtocolException, http call failed after 0 milliseconds for URL: 
12:56:36.166 [ForkJoinPool-1-worker-3] ERROR com.intuit.karate - http request failed: 
org.apache.http.client.ClientProtocolException
12:56:36.166 [ForkJoinPool-1-worker-3] ERROR com.intuit.karate - feature call (loop) failed at index: 166
caller: classpath:InspireTest/def/checkxlinkurl.template.feature
arg: {"link":""}
checkxlinkurl.template.feature:21 - 
org.apache.http.client.ClientProtocolException
12:56:36.167 [ForkJoinPool-1-worker-3] INFO  com.intuit.karate - [print] testing xlinkurl:
12:56:36.163 [ForkJoinPool-1-worker-51] ERROR com.intuit.karate - org.apache.http.client.ClientProtocolException, http call failed after 0 milliseconds for URL: 
12:56:36.167 [ForkJoinPool-1-worker-51] ERROR com.intuit.karate - http request failed: 
org.apache.http.client.ClientProtocolException
12:56:36.167 [ForkJoinPool-1-worker-51] ERROR com.intuit.karate - feature call (loop) failed at index: 90
caller: classpath:InspireTest/def/checkxlinkurl.template.feature
arg: {"link":""}
checkxlinkurl.template.feature:21 - 
org.apache.http.client.ClientProtocolException
12:56:36.168 [ForkJoinPool-1-worker-51] INFO  com.intuit.karate - [print] testing xlinkurl:
12:56:36.169 [ForkJoinPool-1-worker-51] ERROR com.intuit.karate - org.apache.http.client.ClientProtocolException, http call failed after 0 milliseconds for URL: 
12:56:36.169 [ForkJoinPool-1-worker-51] ERROR com.intuit.karate - http request failed: 
org.apache.http.client.ClientProtocolException
12:56:36.169 [ForkJoinPool-1-worker-51] ERROR com.intuit.karate - feature call (loop) failed at index: 91
caller: classpath:InspireTest/def/checkxlinkurl.template.feature
arg: {"link":""}
checkxlinkurl.template.feature:21 - 
org.apache.http.client.ClientProtocolException
12:56:36.171 [ForkJoinPool-1-worker-51] INFO  com.intuit.karate - [print] testing xlinkurl:
12:56:36.172 [ForkJoinPool-1-worker-51] ERROR com.intuit.karate - org.apache.http.client.ClientProtocolException, http call failed after 0 milliseconds for URL: 
12:56:36.172 [ForkJoinPool-1-worker-51] ERROR com.intuit.karate - http request failed: 
org.apache.http.client.ClientProtocolException
12:56:36.173 [ForkJoinPool-1-worker-51] ERROR com.intuit.karate - feature call (loop) failed at index: 92
caller: classpath:InspireTest/def/checkxlinkurl.template.feature
arg: {"link":""}
checkxlinkurl.template.feature:21 - 
org.apache.http.client.ClientProtocolException
12:56:36.174 [ForkJoinPool-1-worker-51] INFO  com.intuit.karate - [print] testing xlinkurl:
12:56:36.172 [ForkJoinPool-1-worker-3] ERROR com.intuit.karate - org.apache.http.client.ClientProtocolException, http call failed after 0 milliseconds for URL: 
12:56:36.174 [ForkJoinPool-1-worker-3] ERROR com.intuit.karate - http request failed: 
org.apache.http.client.ClientProtocolException
12:56:36.174 [ForkJoinPool-1-worker-3] ERROR com.intuit.karate - feature call (loop) failed at index: 167
caller: classpath:InspireTest/def/checkxlinkurl.template.feature
arg: {"link":""}
checkxlinkurl.template.feature:21 - 
org.apache.http.client.ClientProtocolException
12:56:36.175 [ForkJoinPool-1-worker-3] INFO  com.intuit.karate - [print] testing xlinkurl:
12:56:36.176 [ForkJoinPool-1-worker-3] ERROR com.intuit.karate - org.apache.http.client.ClientProtocolException, http call failed after 0 milliseconds for URL: 
12:56:36.176 [ForkJoinPool-1-worker-3] ERROR com.intuit.karate - http request failed: 
org.apache.http.client.ClientProtocolException
12:56:36.176 [ForkJoinPool-1-worker-3] ERROR com.intuit.karate - feature call (loop) failed at index: 168
caller: classpath:InspireTest/def/checkxlinkurl.template.feature
arg: {"link":""}
checkxlinkurl.template.feature:21 - 
org.apache.http.client.ClientProtocolException
12:56:36.178 [ForkJoinPool-1-worker-3] INFO  com.intuit.karate - [print] testing xlinkurl:
12:56:36.178 [ForkJoinPool-1-worker-3] ERROR com.intuit.karate - org.apache.http.client.ClientProtocolException, http call failed after 0 milliseconds for URL: 
12:56:36.179 [ForkJoinPool-1-worker-3] ERROR com.intuit.karate - http request failed: 
org.apache.http.client.ClientProtocolException
12:56:36.177 [ForkJoinPool-1-worker-51] ERROR com.intuit.karate - org.apache.http.client.ClientProtocolException, http call failed after 0 milliseconds for URL: 
12:56:36.179 [ForkJoinPool-1-worker-51] ERROR com.intuit.karate - http request failed: 
org.apache.http.client.ClientProtocolException
12:56:36.179 [ForkJoinPool-1-worker-51] ERROR com.intuit.karate - feature call (loop) failed at index: 93
caller: classpath:InspireTest/def/checkxlinkurl.template.feature
arg: {"link":""}
checkxlinkurl.template.feature:21 - 
org.apache.http.client.ClientProtocolException
12:56:36.181 [ForkJoinPool-1-worker-51] INFO  com.intuit.karate - [print] testing xlinkurl:
12:56:36.181 [ForkJoinPool-1-worker-3] ERROR com.intuit.karate - feature call (loop) failed at index: 169
caller: classpath:InspireTest/def/checkxlinkurl.template.feature
arg: {"link":""}
checkxlinkurl.template.feature:21 - 
org.apache.http.client.ClientProtocolException
12:56:36.182 [ForkJoinPool-1-worker-3] INFO  com.intuit.karate - [print] testing xlinkurl:
12:56:36.195 [ForkJoinPool-1-worker-51] ERROR com.intuit.karate - org.apache.http.client.ClientProtocolException, http call failed after 0 milliseconds for URL: 
12:56:36.197 [ForkJoinPool-1-worker-51] ERROR com.intuit.karate - http request failed: 
org.apache.http.client.ClientProtocolException
12:56:36.197 [ForkJoinPool-1-worker-51] ERROR com.intuit.karate - feature call (loop) failed at index: 94
caller: classpath:InspireTest/def/checkxlinkurl.template.feature
arg: {"link":""}
checkxlinkurl.template.feature:21 - 
org.apache.http.client.ClientProtocolException
12:56:36.197 [ForkJoinPool-1-worker-3] ERROR com.intuit.karate - org.apache.http.client.ClientProtocolException, http call failed after 0 milliseconds for URL: 
12:56:36.197 [ForkJoinPool-1-worker-3] ERROR com.intuit.karate - http request failed: 
org.apache.http.client.ClientProtocolException
12:56:36.197 [ForkJoinPool-1-worker-3] ERROR com.intuit.karate - feature call (loop) failed at index: 170
caller: classpath:InspireTest/def/checkxlinkurl.template.feature
arg: {"link":""}
checkxlinkurl.template.feature:21 - 
org.apache.http.client.ClientProtocolException
12:56:36.198 [ForkJoinPool-1-worker-51] INFO  com.intuit.karate - [print] testing xlinkurl:
12:56:36.199 [ForkJoinPool-1-worker-51] ERROR com.intuit.karate - org.apache.http.client.ClientProtocolException, http call failed after 0 milliseconds for URL: 
12:56:36.199 [ForkJoinPool-1-worker-51] ERROR com.intuit.karate - http request failed: 
org.apache.http.client.ClientProtocolException
12:56:36.199 [ForkJoinPool-1-worker-51] ERROR com.intuit.karate - feature call (loop) failed at index: 95
caller: classpath:InspireTest/def/checkxlinkurl.template.feature
arg: {"link":""}
checkxlinkurl.template.feature:21 - 
org.apache.http.client.ClientProtocolException
12:56:36.200 [ForkJoinPool-1-worker-51] INFO  com.intuit.karate - [print] testing xlinkurl:
12:56:36.199 [ForkJoinPool-1-worker-3] INFO  com.intuit.karate - [print] testing xlinkurl:
12:56:36.201 [ForkJoinPool-1-worker-51] ERROR com.intuit.karate - org.apache.http.client.ClientProtocolException, http call failed after 0 milliseconds for URL: 
12:56:36.201 [ForkJoinPool-1-worker-51] ERROR com.intuit.karate - http request failed: 
org.apache.http.client.ClientProtocolException
12:56:36.201 [ForkJoinPool-1-worker-51] ERROR com.intuit.karate - feature call (loop) failed at index: 96
caller: classpath:InspireTest/def/checkxlinkurl.template.feature
arg: {"link":""}
checkxlinkurl.template.feature:21 - 
org.apache.http.client.ClientProtocolException
12:56:36.202 [ForkJoinPool-1-worker-51] INFO  com.intuit.karate - [print] testing xlinkurl:
12:56:36.203 [ForkJoinPool-1-worker-51] ERROR com.intuit.karate - org.apache.http.client.ClientProtocolException, http call failed after 0 milliseconds for URL: 
12:56:36.203 [ForkJoinPool-1-worker-51] ERROR com.intuit.karate - http request failed: 
org.apache.http.client.ClientProtocolException
12:56:36.203 [ForkJoinPool-1-worker-51] ERROR com.intuit.karate - feature call (loop) failed at index: 97
caller: classpath:InspireTest/def/checkxlinkurl.template.feature
arg: {"link":""}
checkxlinkurl.template.feature:21 - 
org.apache.http.client.ClientProtocolException
12:56:36.207 [ForkJoinPool-1-worker-3] ERROR com.intuit.karate - org.apache.http.client.ClientProtocolException, http call failed after 0 milliseconds for URL: 
12:56:36.208 [ForkJoinPool-1-worker-3] ERROR com.intuit.karate - http request failed: 
org.apache.http.client.ClientProtocolException
12:56:36.208 [ForkJoinPool-1-worker-3] ERROR com.intuit.karate - feature call (loop) failed at index: 171
caller: classpath:InspireTest/def/checkxlinkurl.template.feature
arg: {"link":""}
checkxlinkurl.template.feature:21 - 
org.apache.http.client.ClientProtocolException
12:56:36.210 [ForkJoinPool-1-worker-3] INFO  com.intuit.karate - [print] testing xlinkurl:
12:56:36.210 [ForkJoinPool-1-worker-3] ERROR com.intuit.karate - org.apache.http.client.ClientProtocolException, http call failed after 0 milliseconds for URL: 
12:56:36.210 [ForkJoinPool-1-worker-3] ERROR com.intuit.karate - http request failed: 
org.apache.http.client.ClientProtocolException
12:56:36.211 [ForkJoinPool-1-worker-3] ERROR com.intuit.karate - feature call (loop) failed at index: 172
caller: classpath:InspireTest/def/checkxlinkurl.template.feature
arg: {"link":""}
checkxlinkurl.template.feature:21 - 
org.apache.http.client.ClientProtocolException
12:56:36.211 [ForkJoinPool-1-worker-3] INFO  com.intuit.karate - [print] testing xlinkurl:
12:56:36.212 [ForkJoinPool-1-worker-3] ERROR com.intuit.karate - org.apache.http.client.ClientProtocolException, http call failed after 0 milliseconds for URL: 
12:56:36.214 [ForkJoinPool-1-worker-3] ERROR com.intuit.karate - http request failed: 
org.apache.http.client.ClientProtocolException
12:56:36.215 [ForkJoinPool-1-worker-3] ERROR com.intuit.karate - feature call (loop) failed at index: 173
caller: classpath:InspireTest/def/checkxlinkurl.template.feature
arg: {"link":""}
checkxlinkurl.template.feature:21 - 
org.apache.http.client.ClientProtocolException
12:56:36.216 [ForkJoinPool-1-worker-3] INFO  com.intuit.karate - [print] testing xlinkurl:
12:56:36.216 [ForkJoinPool-1-worker-3] ERROR com.intuit.karate - org.apache.http.client.ClientProtocolException, http call failed after 0 milliseconds for URL: 
12:56:36.223 [ForkJoinPool-1-worker-3] ERROR com.intuit.karate - http request failed: 
org.apache.http.client.ClientProtocolException
12:56:36.223 [ForkJoinPool-1-worker-3] ERROR com.intuit.karate - feature call (loop) failed at index: 174
caller: classpath:InspireTest/def/checkxlinkurl.template.feature
arg: {"link":""}
checkxlinkurl.template.feature:21 - 
org.apache.http.client.ClientProtocolException
12:56:36.220 [ForkJoinPool-1-worker-51] INFO  com.intuit.karate - [print] testing xlinkurl:
12:56:36.225 [ForkJoinPool-1-worker-3] INFO  com.intuit.karate - [print] testing xlinkurl:
12:56:36.226 [ForkJoinPool-1-worker-3] ERROR com.intuit.karate - org.apache.http.client.ClientProtocolException, http call failed after 0 milliseconds for URL: 
12:56:36.226 [ForkJoinPool-1-worker-3] ERROR com.intuit.karate - http request failed: 
org.apache.http.client.ClientProtocolException
12:56:36.227 [ForkJoinPool-1-worker-3] ERROR com.intuit.karate - feature call (loop) failed at index: 175
caller: classpath:InspireTest/def/checkxlinkurl.template.feature
arg: {"link":""}
checkxlinkurl.template.feature:21 - 
org.apache.http.client.ClientProtocolException
12:56:36.226 [ForkJoinPool-1-worker-51] ERROR com.intuit.karate - org.apache.http.client.ClientProtocolException, http call failed after 0 milliseconds for URL: 
12:56:36.227 [ForkJoinPool-1-worker-51] ERROR com.intuit.karate - http request failed: 
org.apache.http.client.ClientProtocolException
12:56:36.227 [ForkJoinPool-1-worker-51] ERROR com.intuit.karate - feature call (loop) failed at index: 98
caller: classpath:InspireTest/def/checkxlinkurl.template.feature
arg: {"link":""}
checkxlinkurl.template.feature:21 - 
org.apache.http.client.ClientProtocolException
12:56:36.229 [ForkJoinPool-1-worker-51] INFO  com.intuit.karate - [print] testing xlinkurl:
12:56:36.230 [ForkJoinPool-1-worker-51] ERROR com.intuit.karate - org.apache.http.client.ClientProtocolException, http call failed after 0 milliseconds for URL: 
12:56:36.231 [ForkJoinPool-1-worker-51] ERROR com.intuit.karate - http request failed: 
org.apache.http.client.ClientProtocolException
12:56:36.231 [ForkJoinPool-1-worker-51] ERROR com.intuit.karate - feature call (loop) failed at index: 99
caller: classpath:InspireTest/def/checkxlinkurl.template.feature
arg: {"link":""}
checkxlinkurl.template.feature:21 - 
org.apache.http.client.ClientProtocolException
12:56:36.230 [ForkJoinPool-1-worker-3] INFO  com.intuit.karate - [print] testing xlinkurl:
12:56:36.232 [ForkJoinPool-1-worker-51] INFO  com.intuit.karate - [print] testing xlinkurl:
12:56:36.233 [ForkJoinPool-1-worker-51] ERROR com.intuit.karate - org.apache.http.client.ClientProtocolException, http call failed after 0 milliseconds for URL: 
12:56:36.234 [ForkJoinPool-1-worker-51] ERROR com.intuit.karate - http request failed: 
org.apache.http.client.ClientProtocolException
12:56:36.234 [ForkJoinPool-1-worker-51] ERROR com.intuit.karate - feature call (loop) failed at index: 100
caller: classpath:InspireTest/def/checkxlinkurl.template.feature
arg: {"link":""}
checkxlinkurl.template.feature:21 - 
org.apache.http.client.ClientProtocolException
12:56:36.233 [ForkJoinPool-1-worker-3] ERROR com.intuit.karate - org.apache.http.client.ClientProtocolException, http call failed after 0 milliseconds for URL: 
12:56:36.235 [ForkJoinPool-1-worker-3] ERROR com.intuit.karate - http request failed: 
org.apache.http.client.ClientProtocolException
12:56:36.235 [ForkJoinPool-1-worker-3] ERROR com.intuit.karate - feature call (loop) failed at index: 176
caller: classpath:InspireTest/def/checkxlinkurl.template.feature
arg: {"link":""}
checkxlinkurl.template.feature:21 - 
org.apache.http.client.ClientProtocolException
12:56:36.236 [ForkJoinPool-1-worker-3] INFO  com.intuit.karate - [print] testing xlinkurl:
12:56:36.240 [ForkJoinPool-1-worker-3] ERROR com.intuit.karate - org.apache.http.client.ClientProtocolException, http call failed after 0 milliseconds for URL: 
12:56:36.240 [ForkJoinPool-1-worker-3] ERROR com.intuit.karate - http request failed: 
org.apache.http.client.ClientProtocolException
12:56:36.240 [ForkJoinPool-1-worker-3] ERROR com.intuit.karate - feature call (loop) failed at index: 177
caller: classpath:InspireTest/def/checkxlinkurl.template.feature
arg: {"link":""}
checkxlinkurl.template.feature:21 - 
org.apache.http.client.ClientProtocolException
12:56:36.241 [ForkJoinPool-1-worker-3] INFO  com.intuit.karate - [print] testing xlinkurl:
12:56:36.248 [ForkJoinPool-1-worker-3] ERROR com.intuit.karate - org.apache.http.client.ClientProtocolException, http call failed after 0 milliseconds for URL: 
12:56:36.248 [ForkJoinPool-1-worker-3] ERROR com.intuit.karate - http request failed: 
org.apache.http.client.ClientProtocolException
12:56:36.249 [ForkJoinPool-1-worker-47] ERROR com.intuit.karate - assertion failed: path: $, actual: 404, expected: 200, reason: not equal (Integer)
12:56:36.249 [ForkJoinPool-1-worker-47] ERROR com.intuit.karate - feature call (loop) failed at index: 1
caller: classpath:InspireTest/def/checkxlinkurl.template.feature
arg: {"link":"http://geonetwork-opensource.org/inspire-theme#"}
checkxlinkurl.template.feature:28 - path: $, actual: 404, expected: 200, reason: not equal (Integer)
12:56:36.250 [ForkJoinPool-1-worker-47] INFO  com.intuit.karate - [print] testing xlinkurl:http://inspire.ec.europa.eu/metadata-codelist/SpatialDataServiceCategory/infoMapAccessService
12:56:36.241 [ForkJoinPool-1-worker-51] INFO  com.intuit.karate - [print] testing xlinkurl:
12:56:36.253 [ForkJoinPool-1-worker-51] ERROR com.intuit.karate - org.apache.http.client.ClientProtocolException, http call failed after 0 milliseconds for URL: 
12:56:36.253 [ForkJoinPool-1-worker-51] ERROR com.intuit.karate - http request failed: 
org.apache.http.client.ClientProtocolException
12:56:36.253 [ForkJoinPool-1-worker-51] ERROR com.intuit.karate - feature call (loop) failed at index: 101
caller: classpath:InspireTest/def/checkxlinkurl.template.feature
arg: {"link":""}
checkxlinkurl.template.feature:21 - 
org.apache.http.client.ClientProtocolException
12:56:36.254 [ForkJoinPool-1-worker-51] INFO  com.intuit.karate - [print] testing xlinkurl:
12:56:36.254 [ForkJoinPool-1-worker-3] ERROR com.intuit.karate - feature call (loop) failed at index: 178
caller: classpath:InspireTest/def/checkxlinkurl.template.feature
arg: {"link":""}
checkxlinkurl.template.feature:21 - 
org.apache.http.client.ClientProtocolException
12:56:36.257 [ForkJoinPool-1-worker-51] ERROR com.intuit.karate - org.apache.http.client.ClientProtocolException, http call failed after 0 milliseconds for URL: 
12:56:36.257 [ForkJoinPool-1-worker-51] ERROR com.intuit.karate - http request failed: 
org.apache.http.client.ClientProtocolException
12:56:36.258 [ForkJoinPool-1-worker-51] ERROR com.intuit.karate - feature call (loop) failed at index: 102
caller: classpath:InspireTest/def/checkxlinkurl.template.feature
arg: {"link":""}
checkxlinkurl.template.feature:21 - 
org.apache.http.client.ClientProtocolException
12:56:36.259 [ForkJoinPool-1-worker-51] INFO  com.intuit.karate - [print] testing xlinkurl:
12:56:36.260 [ForkJoinPool-1-worker-51] ERROR com.intuit.karate - org.apache.http.client.ClientProtocolException, http call failed after 0 milliseconds for URL: 
12:56:36.260 [ForkJoinPool-1-worker-51] ERROR com.intuit.karate - http request failed: 
org.apache.http.client.ClientProtocolException
12:56:36.260 [ForkJoinPool-1-worker-51] ERROR com.intuit.karate - feature call (loop) failed at index: 103
caller: classpath:InspireTest/def/checkxlinkurl.template.feature
arg: {"link":""}
checkxlinkurl.template.feature:21 - 
org.apache.http.client.ClientProtocolException
12:56:36.258 [ForkJoinPool-1-worker-3] INFO  com.intuit.karate - [print] testing xlinkurl:
12:56:36.261 [ForkJoinPool-1-worker-3] ERROR com.intuit.karate - org.apache.http.client.ClientProtocolException, http call failed after 0 milliseconds for URL: 
12:56:36.261 [ForkJoinPool-1-worker-3] ERROR com.intuit.karate - http request failed: 
org.apache.http.client.ClientProtocolException
12:56:36.261 [ForkJoinPool-1-worker-3] ERROR com.intuit.karate - feature call (loop) failed at index: 179
caller: classpath:InspireTest/def/checkxlinkurl.template.feature
arg: {"link":""}
checkxlinkurl.template.feature:21 - 
org.apache.http.client.ClientProtocolException
12:56:36.262 [ForkJoinPool-1-worker-3] INFO  com.intuit.karate - [print] testing xlinkurl:
12:56:36.264 [ForkJoinPool-1-worker-3] ERROR com.intuit.karate - org.apache.http.client.ClientProtocolException, http call failed after 0 milliseconds for URL: 
12:56:36.266 [ForkJoinPool-1-worker-3] ERROR com.intuit.karate - http request failed: 
org.apache.http.client.ClientProtocolException
12:56:36.266 [ForkJoinPool-1-worker-3] ERROR com.intuit.karate - feature call (loop) failed at index: 180
caller: classpath:InspireTest/def/checkxlinkurl.template.feature
arg: {"link":""}
checkxlinkurl.template.feature:21 - 
org.apache.http.client.ClientProtocolException
12:56:36.265 [ForkJoinPool-1-worker-51] INFO  com.intuit.karate - [print] testing xlinkurl:
12:56:36.267 [ForkJoinPool-1-worker-51] ERROR com.intuit.karate - org.apache.http.client.ClientProtocolException, http call failed after 0 milliseconds for URL: 
12:56:36.271 [ForkJoinPool-1-worker-51] ERROR com.intuit.karate - http request failed: 
org.apache.http.client.ClientProtocolException
12:56:36.268 [ForkJoinPool-1-worker-3] INFO  com.intuit.karate - [print] testing xlinkurl:
12:56:36.271 [ForkJoinPool-1-worker-3] ERROR com.intuit.karate - org.apache.http.client.ClientProtocolException, http call failed after 0 milliseconds for URL: 
12:56:36.272 [ForkJoinPool-1-worker-3] ERROR com.intuit.karate - http request failed: 
org.apache.http.client.ClientProtocolException
12:56:36.273 [ForkJoinPool-1-worker-3] ERROR com.intuit.karate - feature call (loop) failed at index: 181
caller: classpath:InspireTest/def/checkxlinkurl.template.feature
arg: {"link":""}
checkxlinkurl.template.feature:21 - 
org.apache.http.client.ClientProtocolException
12:56:36.272 [ForkJoinPool-1-worker-51] ERROR com.intuit.karate - feature call (loop) failed at index: 104
caller: classpath:InspireTest/def/checkxlinkurl.template.feature
arg: {"link":""}
checkxlinkurl.template.feature:21 - 
org.apache.http.client.ClientProtocolException
12:56:36.275 [ForkJoinPool-1-worker-51] INFO  com.intuit.karate - [print] testing xlinkurl:
12:56:36.282 [ForkJoinPool-1-worker-51] ERROR com.intuit.karate - org.apache.http.client.ClientProtocolException, http call failed after 0 milliseconds for URL: 
12:56:36.288 [ForkJoinPool-1-worker-51] ERROR com.intuit.karate - http request failed: 
org.apache.http.client.ClientProtocolException
12:56:36.288 [ForkJoinPool-1-worker-51] ERROR com.intuit.karate - feature call (loop) failed at index: 105
caller: classpath:InspireTest/def/checkxlinkurl.template.feature
arg: {"link":""}
checkxlinkurl.template.feature:21 - 
org.apache.http.client.ClientProtocolException
12:56:36.279 [ForkJoinPool-1-worker-3] INFO  com.intuit.karate - [print] testing xlinkurl:
12:56:36.289 [ForkJoinPool-1-worker-3] ERROR com.intuit.karate - org.apache.http.client.ClientProtocolException, http call failed after 0 milliseconds for URL: 
12:56:36.291 [ForkJoinPool-1-worker-31] INFO  com.intuit.karate - [print] testing xlinkurl:http://www.nationaalgeoregister.nl/geonetwork/srv/nl/csw?Service=CSW&Request=GetRecordById&Version=2.0.2&id=667ebfb0-e37c-11e4-b571-0800200c9a66&outputSchema=http://www.isotc211.org/2005/gmd&elementSetName=full#MD_DataIdentification
12:56:36.291 [ForkJoinPool-1-worker-3] ERROR com.intuit.karate - http request failed: 
org.apache.http.client.ClientProtocolException
12:56:36.291 [ForkJoinPool-1-worker-3] ERROR com.intuit.karate - feature call (loop) failed at index: 182
caller: classpath:InspireTest/def/checkxlinkurl.template.feature
arg: {"link":""}
checkxlinkurl.template.feature:21 - 
org.apache.http.client.ClientProtocolException
12:56:36.292 [ForkJoinPool-1-worker-37] ERROR com.intuit.karate - assertion failed: path: $, actual: 404, expected: 200, reason: not equal (Integer)
12:56:36.292 [ForkJoinPool-1-worker-37] ERROR com.intuit.karate - feature call (loop) failed at index: 2
caller: classpath:InspireTest/def/checkxlinkurl.template.feature
arg: {"link":"http://geonetwork-opensource.org/inspire-theme#"}
checkxlinkurl.template.feature:28 - path: $, actual: 404, expected: 200, reason: not equal (Integer)
12:56:36.293 [ForkJoinPool-1-worker-37] INFO  com.intuit.karate - [print] testing xlinkurl:https://www.nationaalgeoregister.nl/geonetwork/srv/eng/thesaurus.download?ref=external.theme.inspire-theme
12:56:36.295 [ForkJoinPool-1-worker-51] INFO  com.intuit.karate - [print] testing xlinkurl:
12:56:36.301 [ForkJoinPool-1-worker-51] ERROR com.intuit.karate - org.apache.http.client.ClientProtocolException, http call failed after 0 milliseconds for URL: 
12:56:36.301 [ForkJoinPool-1-worker-51] ERROR com.intuit.karate - http request failed: 
org.apache.http.client.ClientProtocolException
12:56:36.302 [ForkJoinPool-1-worker-51] ERROR com.intuit.karate - feature call (loop) failed at index: 106
caller: classpath:InspireTest/def/checkxlinkurl.template.feature
arg: {"link":""}
checkxlinkurl.template.feature:21 - 
org.apache.http.client.ClientProtocolException
12:56:36.303 [ForkJoinPool-1-worker-3] INFO  com.intuit.karate - [print] testing xlinkurl:
12:56:36.303 [ForkJoinPool-1-worker-3] ERROR com.intuit.karate - org.apache.http.client.ClientProtocolException, http call failed after 0 milliseconds for URL: 
12:56:36.304 [ForkJoinPool-1-worker-3] ERROR com.intuit.karate - http request failed: 
org.apache.http.client.ClientProtocolException
12:56:36.304 [ForkJoinPool-1-worker-3] ERROR com.intuit.karate - feature call (loop) failed at index: 183
caller: classpath:InspireTest/def/checkxlinkurl.template.feature
arg: {"link":""}
checkxlinkurl.template.feature:21 - 
org.apache.http.client.ClientProtocolException
12:56:36.305 [ForkJoinPool-1-worker-3] INFO  com.intuit.karate - [print] testing xlinkurl:
12:56:36.305 [ForkJoinPool-1-worker-3] ERROR com.intuit.karate - org.apache.http.client.ClientProtocolException, http call failed after 0 milliseconds for URL: 
12:56:36.305 [ForkJoinPool-1-worker-3] ERROR com.intuit.karate - http request failed: 
org.apache.http.client.ClientProtocolException
12:56:36.305 [ForkJoinPool-1-worker-3] ERROR com.intuit.karate - feature call (loop) failed at index: 184
caller: classpath:InspireTest/def/checkxlinkurl.template.feature
arg: {"link":""}
checkxlinkurl.template.feature:21 - 
org.apache.http.client.ClientProtocolException
12:56:36.306 [ForkJoinPool-1-worker-51] INFO  com.intuit.karate - [print] testing xlinkurl:
12:56:36.307 [ForkJoinPool-1-worker-51] ERROR com.intuit.karate - org.apache.http.client.ClientProtocolException, http call failed after 0 milliseconds for URL: 
12:56:36.307 [ForkJoinPool-1-worker-51] ERROR com.intuit.karate - http request failed: 
org.apache.http.client.ClientProtocolException
12:56:36.307 [ForkJoinPool-1-worker-51] ERROR com.intuit.karate - feature call (loop) failed at index: 107
caller: classpath:InspireTest/def/checkxlinkurl.template.feature
arg: {"link":""}
checkxlinkurl.template.feature:21 - 
org.apache.http.client.ClientProtocolException
12:56:36.308 [ForkJoinPool-1-worker-51] INFO  com.intuit.karate - [print] testing xlinkurl:
12:56:36.309 [ForkJoinPool-1-worker-51] ERROR com.intuit.karate - org.apache.http.client.ClientProtocolException, http call failed after 0 milliseconds for URL: 
12:56:36.309 [ForkJoinPool-1-worker-51] ERROR com.intuit.karate - http request failed: 
org.apache.http.client.ClientProtocolException
12:56:36.309 [ForkJoinPool-1-worker-51] ERROR com.intuit.karate - feature call (loop) failed at index: 108
caller: classpath:InspireTest/def/checkxlinkurl.template.feature
arg: {"link":""}
checkxlinkurl.template.feature:21 - 
org.apache.http.client.ClientProtocolException
12:56:36.310 [ForkJoinPool-1-worker-51] INFO  com.intuit.karate - [print] testing xlinkurl:
12:56:36.311 [ForkJoinPool-1-worker-51] ERROR com.intuit.karate - org.apache.http.client.ClientProtocolException, http call failed after 0 milliseconds for URL: 
12:56:36.311 [ForkJoinPool-1-worker-51] ERROR com.intuit.karate - http request failed: 
org.apache.http.client.ClientProtocolException
12:56:36.311 [ForkJoinPool-1-worker-51] ERROR com.intuit.karate - feature call (loop) failed at index: 109
caller: classpath:InspireTest/def/checkxlinkurl.template.feature
arg: {"link":""}
checkxlinkurl.template.feature:21 - 
org.apache.http.client.ClientProtocolException
12:56:36.312 [ForkJoinPool-1-worker-3] INFO  com.intuit.karate - [print] testing xlinkurl:
12:56:36.313 [ForkJoinPool-1-worker-3] ERROR com.intuit.karate - org.apache.http.client.ClientProtocolException, http call failed after 0 milliseconds for URL: 
12:56:36.313 [ForkJoinPool-1-worker-3] ERROR com.intuit.karate - http request failed: 
org.apache.http.client.ClientProtocolException
12:56:36.313 [ForkJoinPool-1-worker-3] ERROR com.intuit.karate - feature call (loop) failed at index: 185
caller: classpath:InspireTest/def/checkxlinkurl.template.feature
arg: {"link":""}
checkxlinkurl.template.feature:21 - 
org.apache.http.client.ClientProtocolException
12:56:36.314 [ForkJoinPool-1-worker-3] INFO  com.intuit.karate - [print] testing xlinkurl:
12:56:36.316 [ForkJoinPool-1-worker-3] ERROR com.intuit.karate - org.apache.http.client.ClientProtocolException, http call failed after 0 milliseconds for URL: 
12:56:36.316 [ForkJoinPool-1-worker-3] ERROR com.intuit.karate - http request failed: 
org.apache.http.client.ClientProtocolException
12:56:36.317 [ForkJoinPool-1-worker-3] ERROR com.intuit.karate - feature call (loop) failed at index: 186
caller: classpath:InspireTest/def/checkxlinkurl.template.feature
arg: {"link":""}
checkxlinkurl.template.feature:21 - 
org.apache.http.client.ClientProtocolException
12:56:36.320 [ForkJoinPool-1-worker-3] INFO  com.intuit.karate - [print] testing xlinkurl:
12:56:36.321 [ForkJoinPool-1-worker-3] ERROR com.intuit.karate - org.apache.http.client.ClientProtocolException, http call failed after 0 milliseconds for URL: 
12:56:36.320 [ForkJoinPool-1-worker-51] INFO  com.intuit.karate - [print] testing xlinkurl:
12:56:36.322 [ForkJoinPool-1-worker-51] ERROR com.intuit.karate - org.apache.http.client.ClientProtocolException, http call failed after 0 milliseconds for URL: 
12:56:36.322 [ForkJoinPool-1-worker-51] ERROR com.intuit.karate - http request failed: 
org.apache.http.client.ClientProtocolException
12:56:36.322 [ForkJoinPool-1-worker-51] ERROR com.intuit.karate - feature call (loop) failed at index: 110
caller: classpath:InspireTest/def/checkxlinkurl.template.feature
arg: {"link":""}
checkxlinkurl.template.feature:21 - 
org.apache.http.client.ClientProtocolException
12:56:36.323 [ForkJoinPool-1-worker-51] INFO  com.intuit.karate - [print] testing xlinkurl:
12:56:36.323 [ForkJoinPool-1-worker-3] ERROR com.intuit.karate - http request failed: 
org.apache.http.client.ClientProtocolException
12:56:36.324 [ForkJoinPool-1-worker-3] ERROR com.intuit.karate - feature call (loop) failed at index: 187
caller: classpath:InspireTest/def/checkxlinkurl.template.feature
arg: {"link":""}
checkxlinkurl.template.feature:21 - 
org.apache.http.client.ClientProtocolException
12:56:36.326 [ForkJoinPool-1-worker-51] ERROR com.intuit.karate - org.apache.http.client.ClientProtocolException, http call failed after 0 milliseconds for URL: 
12:56:36.326 [ForkJoinPool-1-worker-51] ERROR com.intuit.karate - http request failed: 
org.apache.http.client.ClientProtocolException
12:56:36.327 [ForkJoinPool-1-worker-51] ERROR com.intuit.karate - feature call (loop) failed at index: 111
caller: classpath:InspireTest/def/checkxlinkurl.template.feature
arg: {"link":""}
checkxlinkurl.template.feature:21 - 
org.apache.http.client.ClientProtocolException
12:56:36.329 [ForkJoinPool-1-worker-3] INFO  com.intuit.karate - [print] testing xlinkurl:
12:56:36.329 [ForkJoinPool-1-worker-3] ERROR com.intuit.karate - org.apache.http.client.ClientProtocolException, http call failed after 0 milliseconds for URL: 
12:56:36.330 [ForkJoinPool-1-worker-3] ERROR com.intuit.karate - http request failed: 
org.apache.http.client.ClientProtocolException
12:56:36.332 [ForkJoinPool-1-worker-3] ERROR com.intuit.karate - feature call (loop) failed at index: 188
caller: classpath:InspireTest/def/checkxlinkurl.template.feature
arg: {"link":""}
checkxlinkurl.template.feature:21 - 
org.apache.http.client.ClientProtocolException
12:56:36.330 [ForkJoinPool-1-worker-51] INFO  com.intuit.karate - [print] testing xlinkurl:
12:56:36.333 [ForkJoinPool-1-worker-51] ERROR com.intuit.karate - org.apache.http.client.ClientProtocolException, http call failed after 0 milliseconds for URL: 
12:56:36.333 [ForkJoinPool-1-worker-51] ERROR com.intuit.karate - http request failed: 
org.apache.http.client.ClientProtocolException
12:56:36.334 [ForkJoinPool-1-worker-51] ERROR com.intuit.karate - feature call (loop) failed at index: 112
caller: classpath:InspireTest/def/checkxlinkurl.template.feature
arg: {"link":""}
checkxlinkurl.template.feature:21 - 
org.apache.http.client.ClientProtocolException
12:56:36.336 [ForkJoinPool-1-worker-51] INFO  com.intuit.karate - [print] testing xlinkurl:
12:56:36.336 [ForkJoinPool-1-worker-3] INFO  com.intuit.karate - [print] testing xlinkurl:
12:56:36.338 [ForkJoinPool-1-worker-3] ERROR com.intuit.karate - org.apache.http.client.ClientProtocolException, http call failed after 0 milliseconds for URL: 
12:56:36.338 [ForkJoinPool-1-worker-3] ERROR com.intuit.karate - http request failed: 
org.apache.http.client.ClientProtocolException
12:56:36.338 [ForkJoinPool-1-worker-3] ERROR com.intuit.karate - feature call (loop) failed at index: 189
caller: classpath:InspireTest/def/checkxlinkurl.template.feature
arg: {"link":""}
checkxlinkurl.template.feature:21 - 
org.apache.http.client.ClientProtocolException
12:56:36.339 [ForkJoinPool-1-worker-51] ERROR com.intuit.karate - org.apache.http.client.ClientProtocolException, http call failed after 0 milliseconds for URL: 
12:56:36.340 [ForkJoinPool-1-worker-51] ERROR com.intuit.karate - http request failed: 
org.apache.http.client.ClientProtocolException
12:56:36.341 [ForkJoinPool-1-worker-51] ERROR com.intuit.karate - feature call (loop) failed at index: 113
caller: classpath:InspireTest/def/checkxlinkurl.template.feature
arg: {"link":""}
checkxlinkurl.template.feature:21 - 
org.apache.http.client.ClientProtocolException
12:56:36.340 [ForkJoinPool-1-worker-3] INFO  com.intuit.karate - [print] testing xlinkurl:
12:56:36.342 [ForkJoinPool-1-worker-51] INFO  com.intuit.karate - [print] testing xlinkurl:
12:56:36.346 [ForkJoinPool-1-worker-51] ERROR com.intuit.karate - org.apache.http.client.ClientProtocolException, http call failed after 0 milliseconds for URL: 
12:56:36.347 [ForkJoinPool-1-worker-51] ERROR com.intuit.karate - http request failed: 
org.apache.http.client.ClientProtocolException
12:56:36.349 [ForkJoinPool-1-worker-51] ERROR com.intuit.karate - feature call (loop) failed at index: 114
caller: classpath:InspireTest/def/checkxlinkurl.template.feature
arg: {"link":""}
checkxlinkurl.template.feature:21 - 
org.apache.http.client.ClientProtocolException
12:56:36.343 [ForkJoinPool-1-worker-3] ERROR com.intuit.karate - org.apache.http.client.ClientProtocolException, http call failed after 0 milliseconds for URL: 
12:56:36.350 [ForkJoinPool-1-worker-3] ERROR com.intuit.karate - http request failed: 
org.apache.http.client.ClientProtocolException
12:56:36.350 [ForkJoinPool-1-worker-3] ERROR com.intuit.karate - feature call (loop) failed at index: 190
caller: classpath:InspireTest/def/checkxlinkurl.template.feature
arg: {"link":""}
checkxlinkurl.template.feature:21 - 
org.apache.http.client.ClientProtocolException
12:56:36.352 [ForkJoinPool-1-worker-51] INFO  com.intuit.karate - [print] testing xlinkurl:
12:56:36.353 [ForkJoinPool-1-worker-51] ERROR com.intuit.karate - org.apache.http.client.ClientProtocolException, http call failed after 0 milliseconds for URL: 
12:56:36.358 [ForkJoinPool-1-worker-51] ERROR com.intuit.karate - http request failed: 
org.apache.http.client.ClientProtocolException
12:56:36.358 [ForkJoinPool-1-worker-51] ERROR com.intuit.karate - feature call (loop) failed at index: 115
caller: classpath:InspireTest/def/checkxlinkurl.template.feature
arg: {"link":""}
checkxlinkurl.template.feature:21 - 
org.apache.http.client.ClientProtocolException
12:56:36.352 [ForkJoinPool-1-worker-3] INFO  com.intuit.karate - [print] testing xlinkurl:
12:56:36.359 [ForkJoinPool-1-worker-3] ERROR com.intuit.karate - org.apache.http.client.ClientProtocolException, http call failed after 0 milliseconds for URL: 
12:56:36.359 [ForkJoinPool-1-worker-3] ERROR com.intuit.karate - http request failed: 
org.apache.http.client.ClientProtocolException
12:56:36.359 [ForkJoinPool-1-worker-3] ERROR com.intuit.karate - feature call (loop) failed at index: 191
caller: classpath:InspireTest/def/checkxlinkurl.template.feature
arg: {"link":""}
checkxlinkurl.template.feature:21 - 
org.apache.http.client.ClientProtocolException
12:56:36.360 [ForkJoinPool-1-worker-3] INFO  com.intuit.karate - [print] testing xlinkurl:
12:56:36.362 [ForkJoinPool-1-worker-3] ERROR com.intuit.karate - org.apache.http.client.ClientProtocolException, http call failed after 0 milliseconds for URL: 
12:56:36.363 [ForkJoinPool-1-worker-3] ERROR com.intuit.karate - http request failed: 
org.apache.http.client.ClientProtocolException
12:56:36.363 [ForkJoinPool-1-worker-3] ERROR com.intuit.karate - feature call (loop) failed at index: 192
caller: classpath:InspireTest/def/checkxlinkurl.template.feature
arg: {"link":""}
checkxlinkurl.template.feature:21 - 
org.apache.http.client.ClientProtocolException
12:56:36.364 [ForkJoinPool-1-worker-3] INFO  com.intuit.karate - [print] testing xlinkurl:
12:56:36.365 [ForkJoinPool-1-worker-3] ERROR com.intuit.karate - org.apache.http.client.ClientProtocolException, http call failed after 0 milliseconds for URL: 
12:56:36.365 [ForkJoinPool-1-worker-3] ERROR com.intuit.karate - http request failed: 
org.apache.http.client.ClientProtocolException
12:56:36.365 [ForkJoinPool-1-worker-3] ERROR com.intuit.karate - feature call (loop) failed at index: 193
caller: classpath:InspireTest/def/checkxlinkurl.template.feature
arg: {"link":""}
checkxlinkurl.template.feature:21 - 
org.apache.http.client.ClientProtocolException
12:56:36.366 [ForkJoinPool-1-worker-3] INFO  com.intuit.karate - [print] testing xlinkurl:
12:56:36.363 [ForkJoinPool-1-worker-51] INFO  com.intuit.karate - [print] testing xlinkurl:
12:56:36.371 [ForkJoinPool-1-worker-51] ERROR com.intuit.karate - org.apache.http.client.ClientProtocolException, http call failed after 0 milliseconds for URL: 
12:56:36.371 [ForkJoinPool-1-worker-51] ERROR com.intuit.karate - http request failed: 
org.apache.http.client.ClientProtocolException
12:56:36.372 [ForkJoinPool-1-worker-51] ERROR com.intuit.karate - feature call (loop) failed at index: 116
caller: classpath:InspireTest/def/checkxlinkurl.template.feature
arg: {"link":""}
checkxlinkurl.template.feature:21 - 
org.apache.http.client.ClientProtocolException
12:56:36.373 [ForkJoinPool-1-worker-51] INFO  com.intuit.karate - [print] testing xlinkurl:
12:56:36.375 [ForkJoinPool-1-worker-51] ERROR com.intuit.karate - org.apache.http.client.ClientProtocolException, http call failed after 0 milliseconds for URL: 
12:56:36.375 [ForkJoinPool-1-worker-51] ERROR com.intuit.karate - http request failed: 
org.apache.http.client.ClientProtocolException
12:56:36.376 [ForkJoinPool-1-worker-51] ERROR com.intuit.karate - feature call (loop) failed at index: 117
caller: classpath:InspireTest/def/checkxlinkurl.template.feature
arg: {"link":""}
checkxlinkurl.template.feature:21 - 
org.apache.http.client.ClientProtocolException
12:56:36.377 [ForkJoinPool-1-worker-51] INFO  com.intuit.karate - [print] testing xlinkurl:
12:56:36.376 [ForkJoinPool-1-worker-3] ERROR com.intuit.karate - org.apache.http.client.ClientProtocolException, http call failed after 0 milliseconds for URL: 
12:56:36.384 [ForkJoinPool-1-worker-3] ERROR com.intuit.karate - http request failed: 
org.apache.http.client.ClientProtocolException
12:56:36.384 [ForkJoinPool-1-worker-3] ERROR com.intuit.karate - feature call (loop) failed at index: 194
caller: classpath:InspireTest/def/checkxlinkurl.template.feature
arg: {"link":""}
checkxlinkurl.template.feature:21 - 
org.apache.http.client.ClientProtocolException
12:56:36.384 [ForkJoinPool-1-worker-51] ERROR com.intuit.karate - org.apache.http.client.ClientProtocolException, http call failed after 0 milliseconds for URL: 
12:56:36.386 [ForkJoinPool-1-worker-51] ERROR com.intuit.karate - http request failed: 
org.apache.http.client.ClientProtocolException
12:56:36.386 [ForkJoinPool-1-worker-51] ERROR com.intuit.karate - feature call (loop) failed at index: 118
caller: classpath:InspireTest/def/checkxlinkurl.template.feature
arg: {"link":""}
checkxlinkurl.template.feature:21 - 
org.apache.http.client.ClientProtocolException
12:56:36.385 [ForkJoinPool-1-worker-3] INFO  com.intuit.karate - [print] testing xlinkurl:
12:56:36.388 [ForkJoinPool-1-worker-3] ERROR com.intuit.karate - org.apache.http.client.ClientProtocolException, http call failed after 0 milliseconds for URL: 
12:56:36.396 [ForkJoinPool-1-worker-3] ERROR com.intuit.karate - http request failed: 
org.apache.http.client.ClientProtocolException
12:56:36.396 [ForkJoinPool-1-worker-3] ERROR com.intuit.karate - feature call (loop) failed at index: 195
caller: classpath:InspireTest/def/checkxlinkurl.template.feature
arg: {"link":""}
checkxlinkurl.template.feature:21 - 
org.apache.http.client.ClientProtocolException
12:56:36.399 [ForkJoinPool-1-worker-3] INFO  com.intuit.karate - [print] testing xlinkurl:
12:56:36.400 [ForkJoinPool-1-worker-3] ERROR com.intuit.karate - org.apache.http.client.ClientProtocolException, http call failed after 0 milliseconds for URL: 
12:56:36.400 [ForkJoinPool-1-worker-3] ERROR com.intuit.karate - http request failed: 
org.apache.http.client.ClientProtocolException
12:56:36.401 [ForkJoinPool-1-worker-3] ERROR com.intuit.karate - feature call (loop) failed at index: 196
caller: classpath:InspireTest/def/checkxlinkurl.template.feature
arg: {"link":""}
checkxlinkurl.template.feature:21 - 
org.apache.http.client.ClientProtocolException
12:56:36.399 [ForkJoinPool-1-worker-51] INFO  com.intuit.karate - [print] testing xlinkurl:
12:56:36.402 [ForkJoinPool-1-worker-51] ERROR com.intuit.karate - org.apache.http.client.ClientProtocolException, http call failed after 0 milliseconds for URL: 
12:56:36.402 [ForkJoinPool-1-worker-51] ERROR com.intuit.karate - http request failed: 
org.apache.http.client.ClientProtocolException
12:56:36.402 [ForkJoinPool-1-worker-51] ERROR com.intuit.karate - feature call (loop) failed at index: 119
caller: classpath:InspireTest/def/checkxlinkurl.template.feature
arg: {"link":""}
checkxlinkurl.template.feature:21 - 
org.apache.http.client.ClientProtocolException
12:56:36.403 [ForkJoinPool-1-worker-51] INFO  com.intuit.karate - [print] testing xlinkurl:
12:56:36.405 [ForkJoinPool-1-worker-51] ERROR com.intuit.karate - org.apache.http.client.ClientProtocolException, http call failed after 0 milliseconds for URL: 
12:56:36.406 [ForkJoinPool-1-worker-51] ERROR com.intuit.karate - http request failed: 
org.apache.http.client.ClientProtocolException
12:56:36.406 [ForkJoinPool-1-worker-51] ERROR com.intuit.karate - feature call (loop) failed at index: 120
caller: classpath:InspireTest/def/checkxlinkurl.template.feature
arg: {"link":""}
checkxlinkurl.template.feature:21 - 
org.apache.http.client.ClientProtocolException
12:56:36.407 [ForkJoinPool-1-worker-51] INFO  com.intuit.karate - [print] testing xlinkurl:
12:56:36.406 [ForkJoinPool-1-worker-3] INFO  com.intuit.karate - [print] testing xlinkurl:
12:56:36.408 [ForkJoinPool-1-worker-3] ERROR com.intuit.karate - org.apache.http.client.ClientProtocolException, http call failed after 0 milliseconds for URL: 
12:56:36.408 [ForkJoinPool-1-worker-3] ERROR com.intuit.karate - http request failed: 
org.apache.http.client.ClientProtocolException
12:56:36.408 [ForkJoinPool-1-worker-3] ERROR com.intuit.karate - feature call (loop) failed at index: 197
caller: classpath:InspireTest/def/checkxlinkurl.template.feature
arg: {"link":""}
checkxlinkurl.template.feature:21 - 
org.apache.http.client.ClientProtocolException
12:56:36.409 [ForkJoinPool-1-worker-3] INFO  com.intuit.karate - [print] testing xlinkurl:
12:56:36.411 [ForkJoinPool-1-worker-3] ERROR com.intuit.karate - org.apache.http.client.ClientProtocolException, http call failed after 0 milliseconds for URL: 
12:56:36.411 [ForkJoinPool-1-worker-3] ERROR com.intuit.karate - http request failed: 
org.apache.http.client.ClientProtocolException
12:56:36.412 [ForkJoinPool-1-worker-3] ERROR com.intuit.karate - feature call (loop) failed at index: 198
caller: classpath:InspireTest/def/checkxlinkurl.template.feature
arg: {"link":""}
checkxlinkurl.template.feature:21 - 
org.apache.http.client.ClientProtocolException
12:56:36.410 [ForkJoinPool-1-worker-51] ERROR com.intuit.karate - org.apache.http.client.ClientProtocolException, http call failed after 0 milliseconds for URL: 
12:56:36.413 [ForkJoinPool-1-worker-51] ERROR com.intuit.karate - http request failed: 
org.apache.http.client.ClientProtocolException
12:56:36.413 [ForkJoinPool-1-worker-51] ERROR com.intuit.karate - feature call (loop) failed at index: 121
caller: classpath:InspireTest/def/checkxlinkurl.template.feature
arg: {"link":""}
checkxlinkurl.template.feature:21 - 
org.apache.http.client.ClientProtocolException
12:56:36.414 [ForkJoinPool-1-worker-51] INFO  com.intuit.karate - [print] testing xlinkurl:
12:56:36.418 [ForkJoinPool-1-worker-51] ERROR com.intuit.karate - org.apache.http.client.ClientProtocolException, http call failed after 0 milliseconds for URL: 
12:56:36.423 [ForkJoinPool-1-worker-51] ERROR com.intuit.karate - http request failed: 
org.apache.http.client.ClientProtocolException
12:56:36.423 [ForkJoinPool-1-worker-51] ERROR com.intuit.karate - feature call (loop) failed at index: 122
caller: classpath:InspireTest/def/checkxlinkurl.template.feature
arg: {"link":""}
checkxlinkurl.template.feature:21 - 
org.apache.http.client.ClientProtocolException
12:56:36.424 [ForkJoinPool-1-worker-51] INFO  com.intuit.karate - [print] testing xlinkurl:
12:56:36.422 [ForkJoinPool-1-worker-3] INFO  com.intuit.karate - [print] testing xlinkurl:
12:56:36.429 [ForkJoinPool-1-worker-51] ERROR com.intuit.karate - org.apache.http.client.ClientProtocolException, http call failed after 0 milliseconds for URL: 
12:56:36.430 [ForkJoinPool-1-worker-51] ERROR com.intuit.karate - http request failed: 
org.apache.http.client.ClientProtocolException
12:56:36.430 [ForkJoinPool-1-worker-51] ERROR com.intuit.karate - feature call (loop) failed at index: 123
caller: classpath:InspireTest/def/checkxlinkurl.template.feature
arg: {"link":""}
checkxlinkurl.template.feature:21 - 
org.apache.http.client.ClientProtocolException
12:56:36.431 [ForkJoinPool-1-worker-51] INFO  com.intuit.karate - [print] testing xlinkurl:
12:56:36.430 [ForkJoinPool-1-worker-3] ERROR com.intuit.karate - org.apache.http.client.ClientProtocolException, http call failed after 0 milliseconds for URL: 
12:56:36.431 [ForkJoinPool-1-worker-3] ERROR com.intuit.karate - http request failed: 
org.apache.http.client.ClientProtocolException
12:56:36.431 [ForkJoinPool-1-worker-3] ERROR com.intuit.karate - feature call (loop) failed at index: 199
caller: classpath:InspireTest/def/checkxlinkurl.template.feature
arg: {"link":""}
checkxlinkurl.template.feature:21 - 
org.apache.http.client.ClientProtocolException
12:56:36.432 [ForkJoinPool-1-worker-3] INFO  com.intuit.karate - [print] testing xlinkurl:
12:56:36.433 [ForkJoinPool-1-worker-3] ERROR com.intuit.karate - org.apache.http.client.ClientProtocolException, http call failed after 0 milliseconds for URL: 
12:56:36.433 [ForkJoinPool-1-worker-3] ERROR com.intuit.karate - http request failed: 
org.apache.http.client.ClientProtocolException
12:56:36.433 [ForkJoinPool-1-worker-3] ERROR com.intuit.karate - feature call (loop) failed at index: 200
caller: classpath:InspireTest/def/checkxlinkurl.template.feature
arg: {"link":""}
checkxlinkurl.template.feature:21 - 
org.apache.http.client.ClientProtocolException
12:56:36.434 [ForkJoinPool-1-worker-3] INFO  com.intuit.karate - [print] testing xlinkurl:
12:56:36.436 [ForkJoinPool-1-worker-3] ERROR com.intuit.karate - org.apache.http.client.ClientProtocolException, http call failed after 0 milliseconds for URL: 
12:56:36.436 [ForkJoinPool-1-worker-3] ERROR com.intuit.karate - http request failed: 
org.apache.http.client.ClientProtocolException
12:56:36.437 [ForkJoinPool-1-worker-3] ERROR com.intuit.karate - feature call (loop) failed at index: 201
caller: classpath:InspireTest/def/checkxlinkurl.template.feature
arg: {"link":""}
checkxlinkurl.template.feature:21 - 
org.apache.http.client.ClientProtocolException
12:56:36.435 [ForkJoinPool-1-worker-51] ERROR com.intuit.karate - org.apache.http.client.ClientProtocolException, http call failed after 0 milliseconds for URL: 
12:56:36.438 [ForkJoinPool-1-worker-51] ERROR com.intuit.karate - http request failed: 
org.apache.http.client.ClientProtocolException
12:56:36.438 [ForkJoinPool-1-worker-51] ERROR com.intuit.karate - feature call (loop) failed at index: 124
caller: classpath:InspireTest/def/checkxlinkurl.template.feature
arg: {"link":""}
checkxlinkurl.template.feature:21 - 
org.apache.http.client.ClientProtocolException
12:56:36.444 [ForkJoinPool-1-worker-51] INFO  com.intuit.karate - [print] testing xlinkurl:
12:56:36.445 [ForkJoinPool-1-worker-51] ERROR com.intuit.karate - org.apache.http.client.ClientProtocolException, http call failed after 0 milliseconds for URL: 
12:56:36.446 [ForkJoinPool-1-worker-51] ERROR com.intuit.karate - http request failed: 
org.apache.http.client.ClientProtocolException
12:56:36.446 [ForkJoinPool-1-worker-51] ERROR com.intuit.karate - feature call (loop) failed at index: 125
caller: classpath:InspireTest/def/checkxlinkurl.template.feature
arg: {"link":""}
checkxlinkurl.template.feature:21 - 
org.apache.http.client.ClientProtocolException
12:56:36.446 [ForkJoinPool-1-worker-3] INFO  com.intuit.karate - [print] testing xlinkurl:
12:56:36.447 [ForkJoinPool-1-worker-3] ERROR com.intuit.karate - org.apache.http.client.ClientProtocolException, http call failed after 0 milliseconds for URL: 
12:56:36.447 [ForkJoinPool-1-worker-3] ERROR com.intuit.karate - http request failed: 
org.apache.http.client.ClientProtocolException
12:56:36.448 [ForkJoinPool-1-worker-3] ERROR com.intuit.karate - feature call (loop) failed at index: 202
caller: classpath:InspireTest/def/checkxlinkurl.template.feature
arg: {"link":""}
checkxlinkurl.template.feature:21 - 
org.apache.http.client.ClientProtocolException
12:56:36.452 [ForkJoinPool-1-worker-51] INFO  com.intuit.karate - [print] testing xlinkurl:
12:56:36.453 [ForkJoinPool-1-worker-51] ERROR com.intuit.karate - org.apache.http.client.ClientProtocolException, http call failed after 0 milliseconds for URL: 
12:56:36.454 [ForkJoinPool-1-worker-51] ERROR com.intuit.karate - http request failed: 
org.apache.http.client.ClientProtocolException
12:56:36.455 [ForkJoinPool-1-worker-51] ERROR com.intuit.karate - feature call (loop) failed at index: 126
caller: classpath:InspireTest/def/checkxlinkurl.template.feature
arg: {"link":""}
checkxlinkurl.template.feature:21 - 
org.apache.http.client.ClientProtocolException
12:56:36.456 [ForkJoinPool-1-worker-51] INFO  com.intuit.karate - [print] testing xlinkurl:
12:56:36.454 [ForkJoinPool-1-worker-3] INFO  com.intuit.karate - [print] testing xlinkurl:
12:56:36.458 [ForkJoinPool-1-worker-3] ERROR com.intuit.karate - org.apache.http.client.ClientProtocolException, http call failed after 0 milliseconds for URL: 
12:56:36.459 [ForkJoinPool-1-worker-3] ERROR com.intuit.karate - http request failed: 
org.apache.http.client.ClientProtocolException
12:56:36.459 [ForkJoinPool-1-worker-3] ERROR com.intuit.karate - feature call (loop) failed at index: 203
caller: classpath:InspireTest/def/checkxlinkurl.template.feature
arg: {"link":""}
checkxlinkurl.template.feature:21 - 
org.apache.http.client.ClientProtocolException
12:56:36.460 [ForkJoinPool-1-worker-51] ERROR com.intuit.karate - org.apache.http.client.ClientProtocolException, http call failed after 0 milliseconds for URL: 
12:56:36.461 [ForkJoinPool-1-worker-51] ERROR com.intuit.karate - http request failed: 
org.apache.http.client.ClientProtocolException
12:56:36.461 [ForkJoinPool-1-worker-51] ERROR com.intuit.karate - feature call (loop) failed at index: 127
caller: classpath:InspireTest/def/checkxlinkurl.template.feature
arg: {"link":""}
checkxlinkurl.template.feature:21 - 
org.apache.http.client.ClientProtocolException
12:56:36.462 [ForkJoinPool-1-worker-3] INFO  com.intuit.karate - [print] testing xlinkurl:
12:56:36.464 [ForkJoinPool-1-worker-3] ERROR com.intuit.karate - org.apache.http.client.ClientProtocolException, http call failed after 0 milliseconds for URL: 
12:56:36.465 [ForkJoinPool-1-worker-3] ERROR com.intuit.karate - http request failed: 
org.apache.http.client.ClientProtocolException
12:56:36.465 [ForkJoinPool-1-worker-3] ERROR com.intuit.karate - feature call (loop) failed at index: 204
caller: classpath:InspireTest/def/checkxlinkurl.template.feature
arg: {"link":""}
checkxlinkurl.template.feature:21 - 
org.apache.http.client.ClientProtocolException
12:56:36.472 [ForkJoinPool-1-worker-51] INFO  com.intuit.karate - [print] testing xlinkurl:
12:56:36.473 [ForkJoinPool-1-worker-51] ERROR com.intuit.karate - org.apache.http.client.ClientProtocolException, http call failed after 0 milliseconds for URL: 
12:56:36.474 [ForkJoinPool-1-worker-51] ERROR com.intuit.karate - http request failed: 
org.apache.http.client.ClientProtocolException
12:56:36.474 [ForkJoinPool-1-worker-51] ERROR com.intuit.karate - feature call (loop) failed at index: 128
caller: classpath:InspireTest/def/checkxlinkurl.template.feature
arg: {"link":""}
checkxlinkurl.template.feature:21 - 
org.apache.http.client.ClientProtocolException
12:56:36.476 [ForkJoinPool-1-worker-3] INFO  com.intuit.karate - [print] testing xlinkurl:
12:56:36.477 [ForkJoinPool-1-worker-51] INFO  com.intuit.karate - [print] testing xlinkurl:
12:56:36.478 [ForkJoinPool-1-worker-3] ERROR com.intuit.karate - org.apache.http.client.ClientProtocolException, http call failed after 0 milliseconds for URL: 
12:56:36.479 [ForkJoinPool-1-worker-3] ERROR com.intuit.karate - http request failed: 
org.apache.http.client.ClientProtocolException
12:56:36.479 [ForkJoinPool-1-worker-3] ERROR com.intuit.karate - feature call (loop) failed at index: 205
caller: classpath:InspireTest/def/checkxlinkurl.template.feature
arg: {"link":""}
checkxlinkurl.template.feature:21 - 
org.apache.http.client.ClientProtocolException
12:56:36.479 [ForkJoinPool-1-worker-51] ERROR com.intuit.karate - org.apache.http.client.ClientProtocolException, http call failed after 0 milliseconds for URL: 
12:56:36.481 [ForkJoinPool-1-worker-51] ERROR com.intuit.karate - http request failed: 
org.apache.http.client.ClientProtocolException
12:56:36.481 [ForkJoinPool-1-worker-51] ERROR com.intuit.karate - feature call (loop) failed at index: 129
caller: classpath:InspireTest/def/checkxlinkurl.template.feature
arg: {"link":""}
checkxlinkurl.template.feature:21 - 
org.apache.http.client.ClientProtocolException
12:56:36.482 [ForkJoinPool-1-worker-3] INFO  com.intuit.karate - [print] testing xlinkurl:
12:56:36.483 [ForkJoinPool-1-worker-51] INFO  com.intuit.karate - [print] testing xlinkurl:
12:56:36.484 [ForkJoinPool-1-worker-51] ERROR com.intuit.karate - org.apache.http.client.ClientProtocolException, http call failed after 0 milliseconds for URL: 
12:56:36.485 [ForkJoinPool-1-worker-51] ERROR com.intuit.karate - http request failed: 
org.apache.http.client.ClientProtocolException
12:56:36.485 [ForkJoinPool-1-worker-51] ERROR com.intuit.karate - feature call (loop) failed at index: 130
caller: classpath:InspireTest/def/checkxlinkurl.template.feature
arg: {"link":""}
checkxlinkurl.template.feature:21 - 
org.apache.http.client.ClientProtocolException
12:56:36.486 [ForkJoinPool-1-worker-51] INFO  com.intuit.karate - [print] testing xlinkurl:
12:56:36.487 [ForkJoinPool-1-worker-51] ERROR com.intuit.karate - org.apache.http.client.ClientProtocolException, http call failed after 0 milliseconds for URL: 
12:56:36.487 [ForkJoinPool-1-worker-51] ERROR com.intuit.karate - http request failed: 
org.apache.http.client.ClientProtocolException
12:56:36.485 [ForkJoinPool-1-worker-3] ERROR com.intuit.karate - org.apache.http.client.ClientProtocolException, http call failed after 0 milliseconds for URL: 
12:56:36.487 [ForkJoinPool-1-worker-3] ERROR com.intuit.karate - http request failed: 
org.apache.http.client.ClientProtocolException
12:56:36.488 [ForkJoinPool-1-worker-3] ERROR com.intuit.karate - feature call (loop) failed at index: 206
caller: classpath:InspireTest/def/checkxlinkurl.template.feature
arg: {"link":""}
checkxlinkurl.template.feature:21 - 
org.apache.http.client.ClientProtocolException
12:56:36.488 [ForkJoinPool-1-worker-3] INFO  com.intuit.karate - [print] testing xlinkurl:
12:56:36.489 [ForkJoinPool-1-worker-3] ERROR com.intuit.karate - org.apache.http.client.ClientProtocolException, http call failed after 0 milliseconds for URL: 
12:56:36.489 [ForkJoinPool-1-worker-3] ERROR com.intuit.karate - http request failed: 
org.apache.http.client.ClientProtocolException
12:56:36.489 [ForkJoinPool-1-worker-3] ERROR com.intuit.karate - feature call (loop) failed at index: 207
caller: classpath:InspireTest/def/checkxlinkurl.template.feature
arg: {"link":""}
checkxlinkurl.template.feature:21 - 
org.apache.http.client.ClientProtocolException
12:56:36.490 [ForkJoinPool-1-worker-51] ERROR com.intuit.karate - feature call (loop) failed at index: 131
caller: classpath:InspireTest/def/checkxlinkurl.template.feature
arg: {"link":""}
checkxlinkurl.template.feature:21 - 
org.apache.http.client.ClientProtocolException
12:56:36.492 [ForkJoinPool-1-worker-3] INFO  com.intuit.karate - [print] testing xlinkurl:
12:56:36.493 [ForkJoinPool-1-worker-51] INFO  com.intuit.karate - [print] testing xlinkurl:
12:56:36.494 [ForkJoinPool-1-worker-51] ERROR com.intuit.karate - org.apache.http.client.ClientProtocolException, http call failed after 0 milliseconds for URL: 
12:56:36.494 [ForkJoinPool-1-worker-51] ERROR com.intuit.karate - http request failed: 
org.apache.http.client.ClientProtocolException
12:56:36.494 [ForkJoinPool-1-worker-51] ERROR com.intuit.karate - feature call (loop) failed at index: 132
caller: classpath:InspireTest/def/checkxlinkurl.template.feature
arg: {"link":""}
checkxlinkurl.template.feature:21 - 
org.apache.http.client.ClientProtocolException
12:56:36.494 [ForkJoinPool-1-worker-3] ERROR com.intuit.karate - org.apache.http.client.ClientProtocolException, http call failed after 0 milliseconds for URL: 
12:56:36.495 [ForkJoinPool-1-worker-3] ERROR com.intuit.karate - http request failed: 
org.apache.http.client.ClientProtocolException
12:56:36.495 [ForkJoinPool-1-worker-3] ERROR com.intuit.karate - feature call (loop) failed at index: 208
caller: classpath:InspireTest/def/checkxlinkurl.template.feature
arg: {"link":""}
checkxlinkurl.template.feature:21 - 
org.apache.http.client.ClientProtocolException
12:56:36.496 [ForkJoinPool-1-worker-51] INFO  com.intuit.karate - [print] testing xlinkurl:
12:56:36.501 [ForkJoinPool-1-worker-51] ERROR com.intuit.karate - org.apache.http.client.ClientProtocolException, http call failed after 0 milliseconds for URL: 
12:56:36.502 [ForkJoinPool-1-worker-51] ERROR com.intuit.karate - http request failed: 
org.apache.http.client.ClientProtocolException
12:56:36.502 [ForkJoinPool-1-worker-51] ERROR com.intuit.karate - feature call (loop) failed at index: 133
caller: classpath:InspireTest/def/checkxlinkurl.template.feature
arg: {"link":""}
checkxlinkurl.template.feature:21 - 
org.apache.http.client.ClientProtocolException
12:56:36.500 [ForkJoinPool-1-worker-3] INFO  com.intuit.karate - [print] testing xlinkurl:
12:56:36.504 [ForkJoinPool-1-worker-3] ERROR com.intuit.karate - org.apache.http.client.ClientProtocolException, http call failed after 0 milliseconds for URL: 
12:56:36.504 [ForkJoinPool-1-worker-3] ERROR com.intuit.karate - http request failed: 
org.apache.http.client.ClientProtocolException
12:56:36.504 [ForkJoinPool-1-worker-3] ERROR com.intuit.karate - feature call (loop) failed at index: 209
caller: classpath:InspireTest/def/checkxlinkurl.template.feature
arg: {"link":""}
checkxlinkurl.template.feature:21 - 
org.apache.http.client.ClientProtocolException
12:56:36.513 [ForkJoinPool-1-worker-3] INFO  com.intuit.karate - [print] testing xlinkurl:http://nationaalgeoregister.nl/geonetwork/srv/en/csw?service=CSW&version=2.0.2&request=GetRecordById&outputschema=http://www.isotc211.org/2005/gmd&elementsetname=full&id=977e0e94-7aa9-4784-b2da-eaec44adb61b#MD_DataIdentification
12:56:36.514 [ForkJoinPool-1-worker-51] INFO  com.intuit.karate - [print] testing xlinkurl:
12:56:36.516 [ForkJoinPool-1-worker-51] ERROR com.intuit.karate - org.apache.http.client.ClientProtocolException, http call failed after 0 milliseconds for URL: 
12:56:36.516 [ForkJoinPool-1-worker-51] ERROR com.intuit.karate - http request failed: 
org.apache.http.client.ClientProtocolException
12:56:36.516 [ForkJoinPool-1-worker-51] ERROR com.intuit.karate - feature call (loop) failed at index: 134
caller: classpath:InspireTest/def/checkxlinkurl.template.feature
arg: {"link":""}
checkxlinkurl.template.feature:21 - 
org.apache.http.client.ClientProtocolException
12:56:36.525 [ForkJoinPool-1-worker-51] INFO  com.intuit.karate - [print] testing xlinkurl:
12:56:36.526 [ForkJoinPool-1-worker-51] ERROR com.intuit.karate - org.apache.http.client.ClientProtocolException, http call failed after 0 milliseconds for URL: 
12:56:36.526 [ForkJoinPool-1-worker-51] ERROR com.intuit.karate - http request failed: 
org.apache.http.client.ClientProtocolException
12:56:36.527 [ForkJoinPool-1-worker-51] ERROR com.intuit.karate - feature call (loop) failed at index: 135
caller: classpath:InspireTest/def/checkxlinkurl.template.feature
arg: {"link":""}
checkxlinkurl.template.feature:21 - 
org.apache.http.client.ClientProtocolException
12:56:36.529 [ForkJoinPool-1-worker-51] INFO  com.intuit.karate - [print] testing xlinkurl:
12:56:36.530 [ForkJoinPool-1-worker-51] ERROR com.intuit.karate - org.apache.http.client.ClientProtocolException, http call failed after 0 milliseconds for URL: 
12:56:36.530 [ForkJoinPool-1-worker-51] ERROR com.intuit.karate - http request failed: 
org.apache.http.client.ClientProtocolException
12:56:36.530 [ForkJoinPool-1-worker-51] ERROR com.intuit.karate - feature call (loop) failed at index: 136
caller: classpath:InspireTest/def/checkxlinkurl.template.feature
arg: {"link":""}
checkxlinkurl.template.feature:21 - 
org.apache.http.client.ClientProtocolException
12:56:36.533 [ForkJoinPool-1-worker-51] INFO  com.intuit.karate - [print] testing xlinkurl:
12:56:36.534 [ForkJoinPool-1-worker-51] ERROR com.intuit.karate - org.apache.http.client.ClientProtocolException, http call failed after 0 milliseconds for URL: 
12:56:36.536 [ForkJoinPool-1-worker-51] ERROR com.intuit.karate - http request failed: 
org.apache.http.client.ClientProtocolException
12:56:36.536 [ForkJoinPool-1-worker-51] ERROR com.intuit.karate - feature call (loop) failed at index: 137
caller: classpath:InspireTest/def/checkxlinkurl.template.feature
arg: {"link":""}
checkxlinkurl.template.feature:21 - 
org.apache.http.client.ClientProtocolException
12:56:36.538 [ForkJoinPool-1-worker-51] INFO  com.intuit.karate - [print] testing xlinkurl:
12:56:36.539 [ForkJoinPool-1-worker-51] ERROR com.intuit.karate - org.apache.http.client.ClientProtocolException, http call failed after 0 milliseconds for URL: 
12:56:36.540 [ForkJoinPool-1-worker-51] ERROR com.intuit.karate - http request failed: 
org.apache.http.client.ClientProtocolException
12:56:36.540 [ForkJoinPool-1-worker-51] ERROR com.intuit.karate - feature call (loop) failed at index: 138
caller: classpath:InspireTest/def/checkxlinkurl.template.feature
arg: {"link":""}
checkxlinkurl.template.feature:21 - 
org.apache.http.client.ClientProtocolException
12:56:36.552 [ForkJoinPool-1-worker-51] INFO  com.intuit.karate - [print] testing xlinkurl:
12:56:36.553 [ForkJoinPool-1-worker-51] ERROR com.intuit.karate - org.apache.http.client.ClientProtocolException, http call failed after 0 milliseconds for URL: 
12:56:36.553 [ForkJoinPool-1-worker-51] ERROR com.intuit.karate - http request failed: 
org.apache.http.client.ClientProtocolException
12:56:36.553 [ForkJoinPool-1-worker-51] ERROR com.intuit.karate - feature call (loop) failed at index: 139
caller: classpath:InspireTest/def/checkxlinkurl.template.feature
arg: {"link":""}
checkxlinkurl.template.feature:21 - 
org.apache.http.client.ClientProtocolException
12:56:36.554 [ForkJoinPool-1-worker-51] INFO  com.intuit.karate - [print] testing xlinkurl:
12:56:36.556 [ForkJoinPool-1-worker-51] ERROR com.intuit.karate - org.apache.http.client.ClientProtocolException, http call failed after 0 milliseconds for URL: 
12:56:36.556 [ForkJoinPool-1-worker-51] ERROR com.intuit.karate - http request failed: 
org.apache.http.client.ClientProtocolException
12:56:36.556 [ForkJoinPool-1-worker-51] ERROR com.intuit.karate - feature call (loop) failed at index: 140
caller: classpath:InspireTest/def/checkxlinkurl.template.feature
arg: {"link":""}
checkxlinkurl.template.feature:21 - 
org.apache.http.client.ClientProtocolException
12:56:36.564 [ForkJoinPool-1-worker-51] INFO  com.intuit.karate - [print] testing xlinkurl:
12:56:36.566 [ForkJoinPool-1-worker-51] ERROR com.intuit.karate - org.apache.http.client.ClientProtocolException, http call failed after 0 milliseconds for URL: 
12:56:36.566 [ForkJoinPool-1-worker-51] ERROR com.intuit.karate - http request failed: 
org.apache.http.client.ClientProtocolException
12:56:36.566 [ForkJoinPool-1-worker-51] ERROR com.intuit.karate - feature call (loop) failed at index: 141
caller: classpath:InspireTest/def/checkxlinkurl.template.feature
arg: {"link":""}
checkxlinkurl.template.feature:21 - 
org.apache.http.client.ClientProtocolException
12:56:36.568 [ForkJoinPool-1-worker-51] INFO  com.intuit.karate - [print] testing xlinkurl:
12:56:36.571 [ForkJoinPool-1-worker-51] ERROR com.intuit.karate - org.apache.http.client.ClientProtocolException, http call failed after 0 milliseconds for URL: 
12:56:36.571 [ForkJoinPool-1-worker-51] ERROR com.intuit.karate - http request failed: 
org.apache.http.client.ClientProtocolException
12:56:36.572 [ForkJoinPool-1-worker-51] ERROR com.intuit.karate - feature call (loop) failed at index: 142
caller: classpath:InspireTest/def/checkxlinkurl.template.feature
arg: {"link":""}
checkxlinkurl.template.feature:21 - 
org.apache.http.client.ClientProtocolException
12:56:36.572 [ForkJoinPool-1-worker-51] INFO  com.intuit.karate - [print] testing xlinkurl:
12:56:36.573 [ForkJoinPool-1-worker-51] ERROR com.intuit.karate - org.apache.http.client.ClientProtocolException, http call failed after 0 milliseconds for URL: 
12:56:36.573 [ForkJoinPool-1-worker-51] ERROR com.intuit.karate - http request failed: 
org.apache.http.client.ClientProtocolException
12:56:36.573 [ForkJoinPool-1-worker-51] ERROR com.intuit.karate - feature call (loop) failed at index: 143
caller: classpath:InspireTest/def/checkxlinkurl.template.feature
arg: {"link":""}
checkxlinkurl.template.feature:21 - 
org.apache.http.client.ClientProtocolException
12:56:36.575 [ForkJoinPool-1-worker-51] INFO  com.intuit.karate - [print] testing xlinkurl:
12:56:36.577 [ForkJoinPool-1-worker-51] ERROR com.intuit.karate - org.apache.http.client.ClientProtocolException, http call failed after 0 milliseconds for URL: 
12:56:36.577 [ForkJoinPool-1-worker-51] ERROR com.intuit.karate - http request failed: 
org.apache.http.client.ClientProtocolException
12:56:36.581 [ForkJoinPool-1-worker-51] ERROR com.intuit.karate - feature call (loop) failed at index: 144
caller: classpath:InspireTest/def/checkxlinkurl.template.feature
arg: {"link":""}
checkxlinkurl.template.feature:21 - 
org.apache.http.client.ClientProtocolException
12:56:36.584 [ForkJoinPool-1-worker-51] INFO  com.intuit.karate - [print] testing xlinkurl:
12:56:36.585 [ForkJoinPool-1-worker-51] ERROR com.intuit.karate - org.apache.http.client.ClientProtocolException, http call failed after 0 milliseconds for URL: 
12:56:36.585 [ForkJoinPool-1-worker-51] ERROR com.intuit.karate - http request failed: 
org.apache.http.client.ClientProtocolException
12:56:36.585 [ForkJoinPool-1-worker-51] ERROR com.intuit.karate - feature call (loop) failed at index: 145
caller: classpath:InspireTest/def/checkxlinkurl.template.feature
arg: {"link":""}
checkxlinkurl.template.feature:21 - 
org.apache.http.client.ClientProtocolException
12:56:36.587 [ForkJoinPool-1-worker-51] INFO  com.intuit.karate - [print] testing xlinkurl:
12:56:36.591 [ForkJoinPool-1-worker-51] ERROR com.intuit.karate - org.apache.http.client.ClientProtocolException, http call failed after 0 milliseconds for URL: 
12:56:36.591 [ForkJoinPool-1-worker-51] ERROR com.intuit.karate - http request failed: 
org.apache.http.client.ClientProtocolException
12:56:36.592 [ForkJoinPool-1-worker-51] ERROR com.intuit.karate - feature call (loop) failed at index: 146
caller: classpath:InspireTest/def/checkxlinkurl.template.feature
arg: {"link":""}
checkxlinkurl.template.feature:21 - 
org.apache.http.client.ClientProtocolException
12:56:36.593 [ForkJoinPool-1-worker-51] INFO  com.intuit.karate - [print] testing xlinkurl:
12:56:36.594 [ForkJoinPool-1-worker-51] ERROR com.intuit.karate - org.apache.http.client.ClientProtocolException, http call failed after 0 milliseconds for URL: 
12:56:36.594 [ForkJoinPool-1-worker-51] ERROR com.intuit.karate - http request failed: 
org.apache.http.client.ClientProtocolException
12:56:36.595 [ForkJoinPool-1-worker-51] ERROR com.intuit.karate - feature call (loop) failed at index: 147
caller: classpath:InspireTest/def/checkxlinkurl.template.feature
arg: {"link":""}
checkxlinkurl.template.feature:21 - 
org.apache.http.client.ClientProtocolException
12:56:36.599 [ForkJoinPool-1-worker-51] INFO  com.intuit.karate - [print] testing xlinkurl:
12:56:36.600 [ForkJoinPool-1-worker-51] ERROR com.intuit.karate - org.apache.http.client.ClientProtocolException, http call failed after 0 milliseconds for URL: 
12:56:36.600 [ForkJoinPool-1-worker-51] ERROR com.intuit.karate - http request failed: 
org.apache.http.client.ClientProtocolException
12:56:36.600 [ForkJoinPool-1-worker-51] ERROR com.intuit.karate - feature call (loop) failed at index: 148
caller: classpath:InspireTest/def/checkxlinkurl.template.feature
arg: {"link":""}
checkxlinkurl.template.feature:21 - 
org.apache.http.client.ClientProtocolException
12:56:36.606 [ForkJoinPool-1-worker-51] INFO  com.intuit.karate - [print] testing xlinkurl:
12:56:36.609 [ForkJoinPool-1-worker-51] ERROR com.intuit.karate - org.apache.http.client.ClientProtocolException, http call failed after 0 milliseconds for URL: 
12:56:36.610 [ForkJoinPool-1-worker-51] ERROR com.intuit.karate - http request failed: 
org.apache.http.client.ClientProtocolException
12:56:36.610 [ForkJoinPool-1-worker-49] INFO  com.intuit.karate - [print] testing xlinkurl:http://inspire.ec.europa.eu/metadata-codelist/SpatialDataServiceCategory/infoMapAccessService
12:56:36.610 [ForkJoinPool-1-worker-51] ERROR com.intuit.karate - feature call (loop) failed at index: 149
caller: classpath:InspireTest/def/checkxlinkurl.template.feature
arg: {"link":""}
checkxlinkurl.template.feature:21 - 
org.apache.http.client.ClientProtocolException
12:56:36.612 [ForkJoinPool-1-worker-51] INFO  com.intuit.karate - [print] testing xlinkurl:
12:56:36.613 [ForkJoinPool-1-worker-51] ERROR com.intuit.karate - org.apache.http.client.ClientProtocolException, http call failed after 0 milliseconds for URL: 
12:56:36.613 [ForkJoinPool-1-worker-51] ERROR com.intuit.karate - http request failed: 
org.apache.http.client.ClientProtocolException
12:56:36.613 [ForkJoinPool-1-worker-51] ERROR com.intuit.karate - feature call (loop) failed at index: 150
caller: classpath:InspireTest/def/checkxlinkurl.template.feature
arg: {"link":""}
checkxlinkurl.template.feature:21 - 
org.apache.http.client.ClientProtocolException
12:56:36.614 [ForkJoinPool-1-worker-51] INFO  com.intuit.karate - [print] testing xlinkurl:
12:56:36.615 [ForkJoinPool-1-worker-51] ERROR com.intuit.karate - org.apache.http.client.ClientProtocolException, http call failed after 0 milliseconds for URL: 
12:56:36.615 [ForkJoinPool-1-worker-51] ERROR com.intuit.karate - http request failed: 
org.apache.http.client.ClientProtocolException
12:56:36.616 [ForkJoinPool-1-worker-51] ERROR com.intuit.karate - feature call (loop) failed at index: 151
caller: classpath:InspireTest/def/checkxlinkurl.template.feature
arg: {"link":""}
checkxlinkurl.template.feature:21 - 
org.apache.http.client.ClientProtocolException
12:56:36.619 [ForkJoinPool-1-worker-51] INFO  com.intuit.karate - [print] testing xlinkurl:
12:56:36.620 [ForkJoinPool-1-worker-51] ERROR com.intuit.karate - org.apache.http.client.ClientProtocolException, http call failed after 0 milliseconds for URL: 
12:56:36.620 [ForkJoinPool-1-worker-51] ERROR com.intuit.karate - http request failed: 
org.apache.http.client.ClientProtocolException
12:56:36.620 [ForkJoinPool-1-worker-51] ERROR com.intuit.karate - feature call (loop) failed at index: 152
caller: classpath:InspireTest/def/checkxlinkurl.template.feature
arg: {"link":""}
checkxlinkurl.template.feature:21 - 
org.apache.http.client.ClientProtocolException
12:56:36.621 [ForkJoinPool-1-worker-51] INFO  com.intuit.karate - [print] testing xlinkurl:
12:56:36.622 [ForkJoinPool-1-worker-51] ERROR com.intuit.karate - org.apache.http.client.ClientProtocolException, http call failed after 0 milliseconds for URL: 
12:56:36.622 [ForkJoinPool-1-worker-51] ERROR com.intuit.karate - http request failed: 
org.apache.http.client.ClientProtocolException
12:56:36.623 [ForkJoinPool-1-worker-51] ERROR com.intuit.karate - feature call (loop) failed at index: 153
caller: classpath:InspireTest/def/checkxlinkurl.template.feature
arg: {"link":""}
checkxlinkurl.template.feature:21 - 
org.apache.http.client.ClientProtocolException
12:56:36.625 [ForkJoinPool-1-worker-51] INFO  com.intuit.karate - [print] testing xlinkurl:
12:56:36.626 [ForkJoinPool-1-worker-51] ERROR com.intuit.karate - org.apache.http.client.ClientProtocolException, http call failed after 0 milliseconds for URL: 
12:56:36.626 [ForkJoinPool-1-worker-51] ERROR com.intuit.karate - http request failed: 
org.apache.http.client.ClientProtocolException
12:56:36.626 [ForkJoinPool-1-worker-51] ERROR com.intuit.karate - feature call (loop) failed at index: 154
caller: classpath:InspireTest/def/checkxlinkurl.template.feature
arg: {"link":""}
checkxlinkurl.template.feature:21 - 
org.apache.http.client.ClientProtocolException
12:56:36.627 [ForkJoinPool-1-worker-51] INFO  com.intuit.karate - [print] testing xlinkurl:
12:56:36.633 [ForkJoinPool-1-worker-51] ERROR com.intuit.karate - org.apache.http.client.ClientProtocolException, http call failed after 0 milliseconds for URL: 
12:56:36.633 [ForkJoinPool-1-worker-51] ERROR com.intuit.karate - http request failed: 
org.apache.http.client.ClientProtocolException
12:56:36.633 [ForkJoinPool-1-worker-51] ERROR com.intuit.karate - feature call (loop) failed at index: 155
caller: classpath:InspireTest/def/checkxlinkurl.template.feature
arg: {"link":""}
checkxlinkurl.template.feature:21 - 
org.apache.http.client.ClientProtocolException
12:56:36.634 [ForkJoinPool-1-worker-51] INFO  com.intuit.karate - [print] testing xlinkurl:
12:56:36.635 [ForkJoinPool-1-worker-51] ERROR com.intuit.karate - org.apache.http.client.ClientProtocolException, http call failed after 0 milliseconds for URL: 
12:56:36.635 [ForkJoinPool-1-worker-51] ERROR com.intuit.karate - http request failed: 
org.apache.http.client.ClientProtocolException
12:56:36.635 [ForkJoinPool-1-worker-51] ERROR com.intuit.karate - feature call (loop) failed at index: 156
caller: classpath:InspireTest/def/checkxlinkurl.template.feature
arg: {"link":""}
checkxlinkurl.template.feature:21 - 
org.apache.http.client.ClientProtocolException
12:56:36.636 [ForkJoinPool-1-worker-51] INFO  com.intuit.karate - [print] testing xlinkurl:
12:56:36.637 [ForkJoinPool-1-worker-51] ERROR com.intuit.karate - org.apache.http.client.ClientProtocolException, http call failed after 0 milliseconds for URL: 
12:56:36.637 [ForkJoinPool-1-worker-51] ERROR com.intuit.karate - http request failed: 
org.apache.http.client.ClientProtocolException
12:56:36.637 [ForkJoinPool-1-worker-51] ERROR com.intuit.karate - feature call (loop) failed at index: 157
caller: classpath:InspireTest/def/checkxlinkurl.template.feature
arg: {"link":""}
checkxlinkurl.template.feature:21 - 
org.apache.http.client.ClientProtocolException
12:56:36.638 [ForkJoinPool-1-worker-51] INFO  com.intuit.karate - [print] testing xlinkurl:
12:56:36.639 [ForkJoinPool-1-worker-51] ERROR com.intuit.karate - org.apache.http.client.ClientProtocolException, http call failed after 0 milliseconds for URL: 
12:56:36.639 [ForkJoinPool-1-worker-51] ERROR com.intuit.karate - http request failed: 
org.apache.http.client.ClientProtocolException
12:56:36.639 [ForkJoinPool-1-worker-51] ERROR com.intuit.karate - feature call (loop) failed at index: 158
caller: classpath:InspireTest/def/checkxlinkurl.template.feature
arg: {"link":""}
checkxlinkurl.template.feature:21 - 
org.apache.http.client.ClientProtocolException
12:56:36.640 [ForkJoinPool-1-worker-51] INFO  com.intuit.karate - [print] testing xlinkurl:
12:56:36.641 [ForkJoinPool-1-worker-51] ERROR com.intuit.karate - org.apache.http.client.ClientProtocolException, http call failed after 0 milliseconds for URL: 
12:56:36.641 [ForkJoinPool-1-worker-51] ERROR com.intuit.karate - http request failed: 
org.apache.http.client.ClientProtocolException
12:56:36.641 [ForkJoinPool-1-worker-51] ERROR com.intuit.karate - feature call (loop) failed at index: 159
caller: classpath:InspireTest/def/checkxlinkurl.template.feature
arg: {"link":""}
checkxlinkurl.template.feature:21 - 
org.apache.http.client.ClientProtocolException
12:56:36.642 [ForkJoinPool-1-worker-51] INFO  com.intuit.karate - [print] testing xlinkurl:
12:56:36.643 [ForkJoinPool-1-worker-51] ERROR com.intuit.karate - org.apache.http.client.ClientProtocolException, http call failed after 0 milliseconds for URL: 
12:56:36.643 [ForkJoinPool-1-worker-51] ERROR com.intuit.karate - http request failed: 
org.apache.http.client.ClientProtocolException
12:56:36.643 [ForkJoinPool-1-worker-51] ERROR com.intuit.karate - feature call (loop) failed at index: 160
caller: classpath:InspireTest/def/checkxlinkurl.template.feature
arg: {"link":""}
checkxlinkurl.template.feature:21 - 
org.apache.http.client.ClientProtocolException
12:56:36.644 [ForkJoinPool-1-worker-51] INFO  com.intuit.karate - [print] testing xlinkurl:
12:56:36.645 [ForkJoinPool-1-worker-51] ERROR com.intuit.karate - org.apache.http.client.ClientProtocolException, http call failed after 0 milliseconds for URL: 
12:56:36.645 [ForkJoinPool-1-worker-51] ERROR com.intuit.karate - http request failed: 
org.apache.http.client.ClientProtocolException
12:56:36.645 [ForkJoinPool-1-worker-51] ERROR com.intuit.karate - feature call (loop) failed at index: 161
caller: classpath:InspireTest/def/checkxlinkurl.template.feature
arg: {"link":""}
checkxlinkurl.template.feature:21 - 
org.apache.http.client.ClientProtocolException
12:56:36.646 [ForkJoinPool-1-worker-51] INFO  com.intuit.karate - [print] testing xlinkurl:
12:56:36.647 [ForkJoinPool-1-worker-51] ERROR com.intuit.karate - org.apache.http.client.ClientProtocolException, http call failed after 0 milliseconds for URL: 
12:56:36.647 [ForkJoinPool-1-worker-51] ERROR com.intuit.karate - http request failed: 
org.apache.http.client.ClientProtocolException
12:56:36.647 [ForkJoinPool-1-worker-51] ERROR com.intuit.karate - feature call (loop) failed at index: 162
caller: classpath:InspireTest/def/checkxlinkurl.template.feature
arg: {"link":""}
checkxlinkurl.template.feature:21 - 
org.apache.http.client.ClientProtocolException
12:56:36.648 [ForkJoinPool-1-worker-51] INFO  com.intuit.karate - [print] testing xlinkurl:
12:56:36.649 [ForkJoinPool-1-worker-51] ERROR com.intuit.karate - org.apache.http.client.ClientProtocolException, http call failed after 0 milliseconds for URL: 
12:56:36.649 [ForkJoinPool-1-worker-51] ERROR com.intuit.karate - http request failed: 
org.apache.http.client.ClientProtocolException
12:56:36.649 [ForkJoinPool-1-worker-51] ERROR com.intuit.karate - feature call (loop) failed at index: 163
caller: classpath:InspireTest/def/checkxlinkurl.template.feature
arg: {"link":""}
checkxlinkurl.template.feature:21 - 
org.apache.http.client.ClientProtocolException
12:56:36.650 [ForkJoinPool-1-worker-51] INFO  com.intuit.karate - [print] testing xlinkurl:
12:56:36.650 [ForkJoinPool-1-worker-51] ERROR com.intuit.karate - org.apache.http.client.ClientProtocolException, http call failed after 0 milliseconds for URL: 
12:56:36.651 [ForkJoinPool-1-worker-51] ERROR com.intuit.karate - http request failed: 
org.apache.http.client.ClientProtocolException
12:56:36.651 [ForkJoinPool-1-worker-51] ERROR com.intuit.karate - feature call (loop) failed at index: 164
caller: classpath:InspireTest/def/checkxlinkurl.template.feature
arg: {"link":""}
checkxlinkurl.template.feature:21 - 
org.apache.http.client.ClientProtocolException
12:56:36.651 [ForkJoinPool-1-worker-51] INFO  com.intuit.karate - [print] testing xlinkurl:
12:56:36.652 [ForkJoinPool-1-worker-51] ERROR com.intuit.karate - org.apache.http.client.ClientProtocolException, http call failed after 0 milliseconds for URL: 
12:56:36.652 [ForkJoinPool-1-worker-51] ERROR com.intuit.karate - http request failed: 
org.apache.http.client.ClientProtocolException
12:56:36.652 [ForkJoinPool-1-worker-51] ERROR com.intuit.karate - feature call (loop) failed at index: 165
caller: classpath:InspireTest/def/checkxlinkurl.template.feature
arg: {"link":""}
checkxlinkurl.template.feature:21 - 
org.apache.http.client.ClientProtocolException
12:56:36.653 [ForkJoinPool-1-worker-51] INFO  com.intuit.karate - [print] testing xlinkurl:
12:56:36.654 [ForkJoinPool-1-worker-51] ERROR com.intuit.karate - org.apache.http.client.ClientProtocolException, http call failed after 0 milliseconds for URL: 
12:56:36.654 [ForkJoinPool-1-worker-51] ERROR com.intuit.karate - http request failed: 
org.apache.http.client.ClientProtocolException
12:56:36.654 [ForkJoinPool-1-worker-51] ERROR com.intuit.karate - feature call (loop) failed at index: 166
caller: classpath:InspireTest/def/checkxlinkurl.template.feature
arg: {"link":""}
checkxlinkurl.template.feature:21 - 
org.apache.http.client.ClientProtocolException
12:56:36.655 [ForkJoinPool-1-worker-51] INFO  com.intuit.karate - [print] testing xlinkurl:
12:56:36.656 [ForkJoinPool-1-worker-51] ERROR com.intuit.karate - org.apache.http.client.ClientProtocolException, http call failed after 0 milliseconds for URL: 
12:56:36.656 [ForkJoinPool-1-worker-51] ERROR com.intuit.karate - http request failed: 
org.apache.http.client.ClientProtocolException
12:56:36.656 [ForkJoinPool-1-worker-51] ERROR com.intuit.karate - feature call (loop) failed at index: 167
caller: classpath:InspireTest/def/checkxlinkurl.template.feature
arg: {"link":""}
checkxlinkurl.template.feature:21 - 
org.apache.http.client.ClientProtocolException
12:56:36.657 [ForkJoinPool-1-worker-51] INFO  com.intuit.karate - [print] testing xlinkurl:
12:56:36.658 [ForkJoinPool-1-worker-51] ERROR com.intuit.karate - org.apache.http.client.ClientProtocolException, http call failed after 0 milliseconds for URL: 
12:56:36.658 [ForkJoinPool-1-worker-51] ERROR com.intuit.karate - http request failed: 
org.apache.http.client.ClientProtocolException
12:56:36.658 [ForkJoinPool-1-worker-51] ERROR com.intuit.karate - feature call (loop) failed at index: 168
caller: classpath:InspireTest/def/checkxlinkurl.template.feature
arg: {"link":""}
checkxlinkurl.template.feature:21 - 
org.apache.http.client.ClientProtocolException
12:56:36.659 [ForkJoinPool-1-worker-51] INFO  com.intuit.karate - [print] testing xlinkurl:
12:56:36.660 [ForkJoinPool-1-worker-51] ERROR com.intuit.karate - org.apache.http.client.ClientProtocolException, http call failed after 0 milliseconds for URL: 
12:56:36.660 [ForkJoinPool-1-worker-51] ERROR com.intuit.karate - http request failed: 
org.apache.http.client.ClientProtocolException
12:56:36.660 [ForkJoinPool-1-worker-51] ERROR com.intuit.karate - feature call (loop) failed at index: 169
caller: classpath:InspireTest/def/checkxlinkurl.template.feature
arg: {"link":""}
checkxlinkurl.template.feature:21 - 
org.apache.http.client.ClientProtocolException
12:56:36.661 [ForkJoinPool-1-worker-51] INFO  com.intuit.karate - [print] testing xlinkurl:
12:56:36.662 [ForkJoinPool-1-worker-51] ERROR com.intuit.karate - org.apache.http.client.ClientProtocolException, http call failed after 0 milliseconds for URL: 
12:56:36.662 [ForkJoinPool-1-worker-51] ERROR com.intuit.karate - http request failed: 
org.apache.http.client.ClientProtocolException
12:56:36.662 [ForkJoinPool-1-worker-51] ERROR com.intuit.karate - feature call (loop) failed at index: 170
caller: classpath:InspireTest/def/checkxlinkurl.template.feature
arg: {"link":""}
checkxlinkurl.template.feature:21 - 
org.apache.http.client.ClientProtocolException
12:56:36.663 [ForkJoinPool-1-worker-51] INFO  com.intuit.karate - [print] testing xlinkurl:
12:56:36.663 [ForkJoinPool-1-worker-51] ERROR com.intuit.karate - org.apache.http.client.ClientProtocolException, http call failed after 0 milliseconds for URL: 
12:56:36.664 [ForkJoinPool-1-worker-51] ERROR com.intuit.karate - http request failed: 
org.apache.http.client.ClientProtocolException
12:56:36.664 [ForkJoinPool-1-worker-51] ERROR com.intuit.karate - feature call (loop) failed at index: 171
caller: classpath:InspireTest/def/checkxlinkurl.template.feature
arg: {"link":""}
checkxlinkurl.template.feature:21 - 
org.apache.http.client.ClientProtocolException
12:56:36.665 [ForkJoinPool-1-worker-51] INFO  com.intuit.karate - [print] testing xlinkurl:
12:56:36.665 [ForkJoinPool-1-worker-51] ERROR com.intuit.karate - org.apache.http.client.ClientProtocolException, http call failed after 0 milliseconds for URL: 
12:56:36.666 [ForkJoinPool-1-worker-51] ERROR com.intuit.karate - http request failed: 
org.apache.http.client.ClientProtocolException
12:56:36.666 [ForkJoinPool-1-worker-51] ERROR com.intuit.karate - feature call (loop) failed at index: 172
caller: classpath:InspireTest/def/checkxlinkurl.template.feature
arg: {"link":""}
checkxlinkurl.template.feature:21 - 
org.apache.http.client.ClientProtocolException
12:56:36.666 [ForkJoinPool-1-worker-51] INFO  com.intuit.karate - [print] testing xlinkurl:
12:56:36.667 [ForkJoinPool-1-worker-51] ERROR com.intuit.karate - org.apache.http.client.ClientProtocolException, http call failed after 0 milliseconds for URL: 
12:56:36.667 [ForkJoinPool-1-worker-51] ERROR com.intuit.karate - http request failed: 
org.apache.http.client.ClientProtocolException
12:56:36.668 [ForkJoinPool-1-worker-51] ERROR com.intuit.karate - feature call (loop) failed at index: 173
caller: classpath:InspireTest/def/checkxlinkurl.template.feature
arg: {"link":""}
checkxlinkurl.template.feature:21 - 
org.apache.http.client.ClientProtocolException
12:56:36.668 [ForkJoinPool-1-worker-51] INFO  com.intuit.karate - [print] testing xlinkurl:
12:56:36.669 [ForkJoinPool-1-worker-51] ERROR com.intuit.karate - org.apache.http.client.ClientProtocolException, http call failed after 0 milliseconds for URL: 
12:56:36.669 [ForkJoinPool-1-worker-51] ERROR com.intuit.karate - http request failed: 
org.apache.http.client.ClientProtocolException
12:56:36.669 [ForkJoinPool-1-worker-51] ERROR com.intuit.karate - feature call (loop) failed at index: 174
caller: classpath:InspireTest/def/checkxlinkurl.template.feature
arg: {"link":""}
checkxlinkurl.template.feature:21 - 
org.apache.http.client.ClientProtocolException
12:56:36.670 [ForkJoinPool-1-worker-51] INFO  com.intuit.karate - [print] testing xlinkurl:
12:56:36.673 [ForkJoinPool-1-worker-51] ERROR com.intuit.karate - org.apache.http.client.ClientProtocolException, http call failed after 0 milliseconds for URL: 
12:56:36.675 [ForkJoinPool-1-worker-51] ERROR com.intuit.karate - http request failed: 
org.apache.http.client.ClientProtocolException
12:56:36.675 [ForkJoinPool-1-worker-51] ERROR com.intuit.karate - feature call (loop) failed at index: 175
caller: classpath:InspireTest/def/checkxlinkurl.template.feature
arg: {"link":""}
checkxlinkurl.template.feature:21 - 
org.apache.http.client.ClientProtocolException
12:56:36.676 [ForkJoinPool-1-worker-51] INFO  com.intuit.karate - [print] testing xlinkurl:
12:56:36.677 [ForkJoinPool-1-worker-51] ERROR com.intuit.karate - org.apache.http.client.ClientProtocolException, http call failed after 0 milliseconds for URL: 
12:56:36.683 [ForkJoinPool-1-worker-51] ERROR com.intuit.karate - http request failed: 
org.apache.http.client.ClientProtocolException
12:56:36.684 [ForkJoinPool-1-worker-51] ERROR com.intuit.karate - feature call (loop) failed at index: 176
caller: classpath:InspireTest/def/checkxlinkurl.template.feature
arg: {"link":""}
checkxlinkurl.template.feature:21 - 
org.apache.http.client.ClientProtocolException
12:56:36.684 [ForkJoinPool-1-worker-51] INFO  com.intuit.karate - [print] testing xlinkurl:
12:56:36.685 [ForkJoinPool-1-worker-51] ERROR com.intuit.karate - org.apache.http.client.ClientProtocolException, http call failed after 0 milliseconds for URL: 
12:56:36.691 [ForkJoinPool-1-worker-51] ERROR com.intuit.karate - http request failed: 
org.apache.http.client.ClientProtocolException
12:56:36.691 [ForkJoinPool-1-worker-51] ERROR com.intuit.karate - feature call (loop) failed at index: 177
caller: classpath:InspireTest/def/checkxlinkurl.template.feature
arg: {"link":""}
checkxlinkurl.template.feature:21 - 
org.apache.http.client.ClientProtocolException
12:56:36.692 [ForkJoinPool-1-worker-51] INFO  com.intuit.karate - [print] testing xlinkurl:
12:56:36.693 [ForkJoinPool-1-worker-51] ERROR com.intuit.karate - org.apache.http.client.ClientProtocolException, http call failed after 0 milliseconds for URL: 
12:56:36.693 [ForkJoinPool-1-worker-51] ERROR com.intuit.karate - http request failed: 
org.apache.http.client.ClientProtocolException
12:56:36.693 [ForkJoinPool-1-worker-51] ERROR com.intuit.karate - feature call (loop) failed at index: 178
caller: classpath:InspireTest/def/checkxlinkurl.template.feature
arg: {"link":""}
checkxlinkurl.template.feature:21 - 
org.apache.http.client.ClientProtocolException
12:56:36.694 [ForkJoinPool-1-worker-51] INFO  com.intuit.karate - [print] testing xlinkurl:
12:56:36.695 [ForkJoinPool-1-worker-51] ERROR com.intuit.karate - org.apache.http.client.ClientProtocolException, http call failed after 0 milliseconds for URL: 
12:56:36.696 [ForkJoinPool-1-worker-51] ERROR com.intuit.karate - http request failed: 
org.apache.http.client.ClientProtocolException
12:56:36.696 [ForkJoinPool-1-worker-51] ERROR com.intuit.karate - feature call (loop) failed at index: 179
caller: classpath:InspireTest/def/checkxlinkurl.template.feature
arg: {"link":""}
checkxlinkurl.template.feature:21 - 
org.apache.http.client.ClientProtocolException
12:56:36.697 [ForkJoinPool-1-worker-51] INFO  com.intuit.karate - [print] testing xlinkurl:
12:56:36.698 [ForkJoinPool-1-worker-51] ERROR com.intuit.karate - org.apache.http.client.ClientProtocolException, http call failed after 0 milliseconds for URL: 
12:56:36.698 [ForkJoinPool-1-worker-51] ERROR com.intuit.karate - http request failed: 
org.apache.http.client.ClientProtocolException
12:56:36.698 [ForkJoinPool-1-worker-51] ERROR com.intuit.karate - feature call (loop) failed at index: 180
caller: classpath:InspireTest/def/checkxlinkurl.template.feature
arg: {"link":""}
checkxlinkurl.template.feature:21 - 
org.apache.http.client.ClientProtocolException
12:56:36.698 [ForkJoinPool-1-worker-51] INFO  com.intuit.karate - [print] testing xlinkurl:
12:56:36.699 [ForkJoinPool-1-worker-51] ERROR com.intuit.karate - org.apache.http.client.ClientProtocolException, http call failed after 0 milliseconds for URL: 
12:56:36.699 [ForkJoinPool-1-worker-51] ERROR com.intuit.karate - http request failed: 
org.apache.http.client.ClientProtocolException
12:56:36.699 [ForkJoinPool-1-worker-51] ERROR com.intuit.karate - feature call (loop) failed at index: 181
caller: classpath:InspireTest/def/checkxlinkurl.template.feature
arg: {"link":""}
checkxlinkurl.template.feature:21 - 
org.apache.http.client.ClientProtocolException
12:56:36.700 [ForkJoinPool-1-worker-51] INFO  com.intuit.karate - [print] testing xlinkurl:
12:56:36.701 [ForkJoinPool-1-worker-51] ERROR com.intuit.karate - org.apache.http.client.ClientProtocolException, http call failed after 0 milliseconds for URL: 
12:56:36.701 [ForkJoinPool-1-worker-51] ERROR com.intuit.karate - http request failed: 
org.apache.http.client.ClientProtocolException
12:56:36.701 [ForkJoinPool-1-worker-51] ERROR com.intuit.karate - feature call (loop) failed at index: 182
caller: classpath:InspireTest/def/checkxlinkurl.template.feature
arg: {"link":""}
checkxlinkurl.template.feature:21 - 
org.apache.http.client.ClientProtocolException
12:56:36.702 [ForkJoinPool-1-worker-51] INFO  com.intuit.karate - [print] testing xlinkurl:
12:56:36.703 [ForkJoinPool-1-worker-51] ERROR com.intuit.karate - org.apache.http.client.ClientProtocolException, http call failed after 0 milliseconds for URL: 
12:56:36.703 [ForkJoinPool-1-worker-51] ERROR com.intuit.karate - http request failed: 
org.apache.http.client.ClientProtocolException
12:56:36.703 [ForkJoinPool-1-worker-51] ERROR com.intuit.karate - feature call (loop) failed at index: 183
caller: classpath:InspireTest/def/checkxlinkurl.template.feature
arg: {"link":""}
checkxlinkurl.template.feature:21 - 
org.apache.http.client.ClientProtocolException
12:56:36.704 [ForkJoinPool-1-worker-51] INFO  com.intuit.karate - [print] testing xlinkurl:
12:56:36.712 [ForkJoinPool-1-worker-51] ERROR com.intuit.karate - org.apache.http.client.ClientProtocolException, http call failed after 0 milliseconds for URL: 
12:56:36.713 [ForkJoinPool-1-worker-51] ERROR com.intuit.karate - http request failed: 
org.apache.http.client.ClientProtocolException
12:56:36.713 [ForkJoinPool-1-worker-51] ERROR com.intuit.karate - feature call (loop) failed at index: 184
caller: classpath:InspireTest/def/checkxlinkurl.template.feature
arg: {"link":""}
checkxlinkurl.template.feature:21 - 
org.apache.http.client.ClientProtocolException
12:56:36.717 [ForkJoinPool-1-worker-51] INFO  com.intuit.karate - [print] testing xlinkurl:
12:56:36.729 [ForkJoinPool-1-worker-37] ERROR com.intuit.karate - assertion failed: path: $, actual: 500, expected: 200, reason: not equal (Integer)
12:56:36.729 [ForkJoinPool-1-worker-37] ERROR com.intuit.karate - feature call (loop) failed at index: 3
caller: classpath:InspireTest/def/checkxlinkurl.template.feature
arg: {"link":"https://www.nationaalgeoregister.nl/geonetwork/srv/eng/thesaurus.download?ref=external.theme.inspire-theme"}
checkxlinkurl.template.feature:28 - path: $, actual: 500, expected: 200, reason: not equal (Integer)
12:56:36.730 [ForkJoinPool-1-worker-51] ERROR com.intuit.karate - org.apache.http.client.ClientProtocolException, http call failed after 0 milliseconds for URL: 
12:56:36.730 [ForkJoinPool-1-worker-51] ERROR com.intuit.karate - http request failed: 
org.apache.http.client.ClientProtocolException
12:56:36.730 [ForkJoinPool-1-worker-51] ERROR com.intuit.karate - feature call (loop) failed at index: 185
caller: classpath:InspireTest/def/checkxlinkurl.template.feature
arg: {"link":""}
checkxlinkurl.template.feature:21 - 
org.apache.http.client.ClientProtocolException
12:56:36.734 [ForkJoinPool-1-worker-51] INFO  com.intuit.karate - [print] testing xlinkurl:
12:56:36.738 [ForkJoinPool-1-worker-51] ERROR com.intuit.karate - org.apache.http.client.ClientProtocolException, http call failed after 0 milliseconds for URL: 
12:56:36.738 [ForkJoinPool-1-worker-51] ERROR com.intuit.karate - http request failed: 
org.apache.http.client.ClientProtocolException
12:56:36.739 [ForkJoinPool-1-worker-51] ERROR com.intuit.karate - feature call (loop) failed at index: 186
caller: classpath:InspireTest/def/checkxlinkurl.template.feature
arg: {"link":""}
checkxlinkurl.template.feature:21 - 
org.apache.http.client.ClientProtocolException
12:56:36.740 [ForkJoinPool-1-worker-51] INFO  com.intuit.karate - [print] testing xlinkurl:
12:56:36.743 [ForkJoinPool-1-worker-51] ERROR com.intuit.karate - org.apache.http.client.ClientProtocolException, http call failed after 0 milliseconds for URL: 
12:56:36.745 [ForkJoinPool-1-worker-51] ERROR com.intuit.karate - http request failed: 
org.apache.http.client.ClientProtocolException
12:56:36.745 [ForkJoinPool-1-worker-51] ERROR com.intuit.karate - feature call (loop) failed at index: 187
caller: classpath:InspireTest/def/checkxlinkurl.template.feature
arg: {"link":""}
checkxlinkurl.template.feature:21 - 
org.apache.http.client.ClientProtocolException
12:56:36.746 [ForkJoinPool-1-worker-51] INFO  com.intuit.karate - [print] testing xlinkurl:
12:56:36.749 [ForkJoinPool-1-worker-51] ERROR com.intuit.karate - org.apache.http.client.ClientProtocolException, http call failed after 0 milliseconds for URL: 
12:56:36.751 [ForkJoinPool-1-worker-51] ERROR com.intuit.karate - http request failed: 
org.apache.http.client.ClientProtocolException
12:56:36.751 [ForkJoinPool-1-worker-51] ERROR com.intuit.karate - feature call (loop) failed at index: 188
caller: classpath:InspireTest/def/checkxlinkurl.template.feature
arg: {"link":""}
checkxlinkurl.template.feature:21 - 
org.apache.http.client.ClientProtocolException
12:56:36.753 [ForkJoinPool-1-worker-51] INFO  com.intuit.karate - [print] testing xlinkurl:
12:56:36.759 [ForkJoinPool-1-worker-51] ERROR com.intuit.karate - org.apache.http.client.ClientProtocolException, http call failed after 0 milliseconds for URL: 
12:56:36.767 [ForkJoinPool-1-worker-51] ERROR com.intuit.karate - http request failed: 
org.apache.http.client.ClientProtocolException
12:56:36.767 [ForkJoinPool-1-worker-51] ERROR com.intuit.karate - feature call (loop) failed at index: 189
caller: classpath:InspireTest/def/checkxlinkurl.template.feature
arg: {"link":""}
checkxlinkurl.template.feature:21 - 
org.apache.http.client.ClientProtocolException
12:56:36.769 [ForkJoinPool-1-worker-51] INFO  com.intuit.karate - [print] testing xlinkurl:
12:56:36.770 [ForkJoinPool-1-worker-51] ERROR com.intuit.karate - org.apache.http.client.ClientProtocolException, http call failed after 0 milliseconds for URL: 
12:56:36.770 [ForkJoinPool-1-worker-51] ERROR com.intuit.karate - http request failed: 
org.apache.http.client.ClientProtocolException
12:56:36.770 [ForkJoinPool-1-worker-51] ERROR com.intuit.karate - feature call (loop) failed at index: 190
caller: classpath:InspireTest/def/checkxlinkurl.template.feature
arg: {"link":""}
checkxlinkurl.template.feature:21 - 
org.apache.http.client.ClientProtocolException
12:56:36.772 [ForkJoinPool-1-worker-51] INFO  com.intuit.karate - [print] testing xlinkurl:
12:56:36.773 [ForkJoinPool-1-worker-51] ERROR com.intuit.karate - org.apache.http.client.ClientProtocolException, http call failed after 0 milliseconds for URL: 
12:56:36.773 [ForkJoinPool-1-worker-51] ERROR com.intuit.karate - http request failed: 
org.apache.http.client.ClientProtocolException
12:56:36.773 [ForkJoinPool-1-worker-51] ERROR com.intuit.karate - feature call (loop) failed at index: 191
caller: classpath:InspireTest/def/checkxlinkurl.template.feature
arg: {"link":""}
checkxlinkurl.template.feature:21 - 
org.apache.http.client.ClientProtocolException
12:56:36.774 [ForkJoinPool-1-worker-51] INFO  com.intuit.karate - [print] testing xlinkurl:
12:56:36.775 [ForkJoinPool-1-worker-51] ERROR com.intuit.karate - org.apache.http.client.ClientProtocolException, http call failed after 0 milliseconds for URL: 
12:56:36.775 [ForkJoinPool-1-worker-51] ERROR com.intuit.karate - http request failed: 
org.apache.http.client.ClientProtocolException
12:56:36.775 [ForkJoinPool-1-worker-51] ERROR com.intuit.karate - feature call (loop) failed at index: 192
caller: classpath:InspireTest/def/checkxlinkurl.template.feature
arg: {"link":""}
checkxlinkurl.template.feature:21 - 
org.apache.http.client.ClientProtocolException
12:56:36.776 [ForkJoinPool-1-worker-51] INFO  com.intuit.karate - [print] testing xlinkurl:
12:56:36.777 [ForkJoinPool-1-worker-51] ERROR com.intuit.karate - org.apache.http.client.ClientProtocolException, http call failed after 0 milliseconds for URL: 
12:56:36.777 [ForkJoinPool-1-worker-51] ERROR com.intuit.karate - http request failed: 
org.apache.http.client.ClientProtocolException
12:56:36.777 [ForkJoinPool-1-worker-51] ERROR com.intuit.karate - feature call (loop) failed at index: 193
caller: classpath:InspireTest/def/checkxlinkurl.template.feature
arg: {"link":""}
checkxlinkurl.template.feature:21 - 
org.apache.http.client.ClientProtocolException
12:56:36.778 [ForkJoinPool-1-worker-51] INFO  com.intuit.karate - [print] testing xlinkurl:
12:56:36.780 [ForkJoinPool-1-worker-51] ERROR com.intuit.karate - org.apache.http.client.ClientProtocolException, http call failed after 0 milliseconds for URL: 
12:56:36.781 [ForkJoinPool-1-worker-51] ERROR com.intuit.karate - http request failed: 
org.apache.http.client.ClientProtocolException
12:56:36.781 [ForkJoinPool-1-worker-51] ERROR com.intuit.karate - feature call (loop) failed at index: 194
caller: classpath:InspireTest/def/checkxlinkurl.template.feature
arg: {"link":""}
checkxlinkurl.template.feature:21 - 
org.apache.http.client.ClientProtocolException
12:56:36.782 [ForkJoinPool-1-worker-51] INFO  com.intuit.karate - [print] testing xlinkurl:
12:56:36.785 [ForkJoinPool-1-worker-51] ERROR com.intuit.karate - org.apache.http.client.ClientProtocolException, http call failed after 0 milliseconds for URL: 
12:56:36.787 [ForkJoinPool-1-worker-51] ERROR com.intuit.karate - http request failed: 
org.apache.http.client.ClientProtocolException
12:56:36.787 [ForkJoinPool-1-worker-51] ERROR com.intuit.karate - feature call (loop) failed at index: 195
caller: classpath:InspireTest/def/checkxlinkurl.template.feature
arg: {"link":""}
checkxlinkurl.template.feature:21 - 
org.apache.http.client.ClientProtocolException
12:56:36.788 [ForkJoinPool-1-worker-51] INFO  com.intuit.karate - [print] testing xlinkurl:
12:56:36.792 [ForkJoinPool-1-worker-51] ERROR com.intuit.karate - org.apache.http.client.ClientProtocolException, http call failed after 0 milliseconds for URL: 
12:56:36.793 [ForkJoinPool-1-worker-51] ERROR com.intuit.karate - http request failed: 
org.apache.http.client.ClientProtocolException
12:56:36.793 [ForkJoinPool-1-worker-51] ERROR com.intuit.karate - feature call (loop) failed at index: 196
caller: classpath:InspireTest/def/checkxlinkurl.template.feature
arg: {"link":""}
checkxlinkurl.template.feature:21 - 
org.apache.http.client.ClientProtocolException
12:56:36.794 [ForkJoinPool-1-worker-51] INFO  com.intuit.karate - [print] testing xlinkurl:
12:56:36.800 [ForkJoinPool-1-worker-51] ERROR com.intuit.karate - org.apache.http.client.ClientProtocolException, http call failed after 0 milliseconds for URL: 
12:56:36.800 [ForkJoinPool-1-worker-51] ERROR com.intuit.karate - http request failed: 
org.apache.http.client.ClientProtocolException
12:56:36.800 [ForkJoinPool-1-worker-51] ERROR com.intuit.karate - feature call (loop) failed at index: 197
caller: classpath:InspireTest/def/checkxlinkurl.template.feature
arg: {"link":""}
checkxlinkurl.template.feature:21 - 
org.apache.http.client.ClientProtocolException
12:56:36.801 [ForkJoinPool-1-worker-51] INFO  com.intuit.karate - [print] testing xlinkurl:
12:56:36.802 [ForkJoinPool-1-worker-51] ERROR com.intuit.karate - org.apache.http.client.ClientProtocolException, http call failed after 0 milliseconds for URL: 
12:56:36.802 [ForkJoinPool-1-worker-51] ERROR com.intuit.karate - http request failed: 
org.apache.http.client.ClientProtocolException
12:56:36.802 [ForkJoinPool-1-worker-51] ERROR com.intuit.karate - feature call (loop) failed at index: 198
caller: classpath:InspireTest/def/checkxlinkurl.template.feature
arg: {"link":""}
checkxlinkurl.template.feature:21 - 
org.apache.http.client.ClientProtocolException
12:56:36.803 [ForkJoinPool-1-worker-51] INFO  com.intuit.karate - [print] testing xlinkurl:
12:56:36.804 [ForkJoinPool-1-worker-51] ERROR com.intuit.karate - org.apache.http.client.ClientProtocolException, http call failed after 0 milliseconds for URL: 
12:56:36.804 [ForkJoinPool-1-worker-51] ERROR com.intuit.karate - http request failed: 
org.apache.http.client.ClientProtocolException
12:56:36.804 [ForkJoinPool-1-worker-51] ERROR com.intuit.karate - feature call (loop) failed at index: 199
caller: classpath:InspireTest/def/checkxlinkurl.template.feature
arg: {"link":""}
checkxlinkurl.template.feature:21 - 
org.apache.http.client.ClientProtocolException
12:56:36.806 [ForkJoinPool-1-worker-51] INFO  com.intuit.karate - [print] testing xlinkurl:
12:56:36.809 [ForkJoinPool-1-worker-51] ERROR com.intuit.karate - org.apache.http.client.ClientProtocolException, http call failed after 0 milliseconds for URL: 
12:56:36.810 [ForkJoinPool-1-worker-51] ERROR com.intuit.karate - http request failed: 
org.apache.http.client.ClientProtocolException
12:56:36.810 [ForkJoinPool-1-worker-51] ERROR com.intuit.karate - feature call (loop) failed at index: 200
caller: classpath:InspireTest/def/checkxlinkurl.template.feature
arg: {"link":""}
checkxlinkurl.template.feature:21 - 
org.apache.http.client.ClientProtocolException
12:56:36.812 [ForkJoinPool-1-worker-51] INFO  com.intuit.karate - [print] testing xlinkurl:
12:56:36.815 [ForkJoinPool-1-worker-51] ERROR com.intuit.karate - org.apache.http.client.ClientProtocolException, http call failed after 0 milliseconds for URL: 
12:56:36.818 [ForkJoinPool-1-worker-51] ERROR com.intuit.karate - http request failed: 
org.apache.http.client.ClientProtocolException
12:56:36.818 [ForkJoinPool-1-worker-51] ERROR com.intuit.karate - feature call (loop) failed at index: 201
caller: classpath:InspireTest/def/checkxlinkurl.template.feature
arg: {"link":""}
checkxlinkurl.template.feature:21 - 
org.apache.http.client.ClientProtocolException
12:56:36.820 [ForkJoinPool-1-worker-51] INFO  com.intuit.karate - [print] testing xlinkurl:
12:56:36.823 [ForkJoinPool-1-worker-51] ERROR com.intuit.karate - org.apache.http.client.ClientProtocolException, http call failed after 0 milliseconds for URL: 
12:56:36.824 [ForkJoinPool-1-worker-51] ERROR com.intuit.karate - http request failed: 
org.apache.http.client.ClientProtocolException
12:56:36.825 [ForkJoinPool-1-worker-51] ERROR com.intuit.karate - feature call (loop) failed at index: 202
caller: classpath:InspireTest/def/checkxlinkurl.template.feature
arg: {"link":""}
checkxlinkurl.template.feature:21 - 
org.apache.http.client.ClientProtocolException
12:56:36.827 [ForkJoinPool-1-worker-51] INFO  com.intuit.karate - [print] testing xlinkurl:
12:56:36.831 [ForkJoinPool-1-worker-51] ERROR com.intuit.karate - org.apache.http.client.ClientProtocolException, http call failed after 0 milliseconds for URL: 
12:56:36.831 [ForkJoinPool-1-worker-51] ERROR com.intuit.karate - http request failed: 
org.apache.http.client.ClientProtocolException
12:56:36.832 [ForkJoinPool-1-worker-51] ERROR com.intuit.karate - feature call (loop) failed at index: 203
caller: classpath:InspireTest/def/checkxlinkurl.template.feature
arg: {"link":""}
checkxlinkurl.template.feature:21 - 
org.apache.http.client.ClientProtocolException
12:56:36.835 [ForkJoinPool-1-worker-51] INFO  com.intuit.karate - [print] testing xlinkurl:
12:56:36.836 [ForkJoinPool-1-worker-51] ERROR com.intuit.karate - org.apache.http.client.ClientProtocolException, http call failed after 0 milliseconds for URL: 
12:56:36.842 [ForkJoinPool-1-worker-51] ERROR com.intuit.karate - http request failed: 
org.apache.http.client.ClientProtocolException
12:56:36.843 [ForkJoinPool-1-worker-51] ERROR com.intuit.karate - feature call (loop) failed at index: 204
caller: classpath:InspireTest/def/checkxlinkurl.template.feature
arg: {"link":""}
checkxlinkurl.template.feature:21 - 
org.apache.http.client.ClientProtocolException
12:56:36.848 [ForkJoinPool-1-worker-51] INFO  com.intuit.karate - [print] testing xlinkurl:
12:56:36.849 [ForkJoinPool-1-worker-51] ERROR com.intuit.karate - org.apache.http.client.ClientProtocolException, http call failed after 0 milliseconds for URL: 
12:56:36.849 [ForkJoinPool-1-worker-51] ERROR com.intuit.karate - http request failed: 
org.apache.http.client.ClientProtocolException
12:56:36.849 [ForkJoinPool-1-worker-51] ERROR com.intuit.karate - feature call (loop) failed at index: 205
caller: classpath:InspireTest/def/checkxlinkurl.template.feature
arg: {"link":""}
checkxlinkurl.template.feature:21 - 
org.apache.http.client.ClientProtocolException
12:56:36.850 [ForkJoinPool-1-worker-51] INFO  com.intuit.karate - [print] testing xlinkurl:
12:56:36.851 [ForkJoinPool-1-worker-51] ERROR com.intuit.karate - org.apache.http.client.ClientProtocolException, http call failed after 0 milliseconds for URL: 
12:56:36.851 [ForkJoinPool-1-worker-51] ERROR com.intuit.karate - http request failed: 
org.apache.http.client.ClientProtocolException
12:56:36.852 [ForkJoinPool-1-worker-51] ERROR com.intuit.karate - feature call (loop) failed at index: 206
caller: classpath:InspireTest/def/checkxlinkurl.template.feature
arg: {"link":""}
checkxlinkurl.template.feature:21 - 
org.apache.http.client.ClientProtocolException
12:56:36.853 [ForkJoinPool-1-worker-51] INFO  com.intuit.karate - [print] testing xlinkurl:
12:56:36.861 [ForkJoinPool-1-worker-51] ERROR com.intuit.karate - org.apache.http.client.ClientProtocolException, http call failed after 0 milliseconds for URL: 
12:56:36.861 [ForkJoinPool-1-worker-51] ERROR com.intuit.karate - http request failed: 
org.apache.http.client.ClientProtocolException
12:56:36.862 [ForkJoinPool-1-worker-51] ERROR com.intuit.karate - feature call (loop) failed at index: 207
caller: classpath:InspireTest/def/checkxlinkurl.template.feature
arg: {"link":""}
checkxlinkurl.template.feature:21 - 
org.apache.http.client.ClientProtocolException
12:56:36.864 [ForkJoinPool-1-worker-51] INFO  com.intuit.karate - [print] testing xlinkurl:http://nationaalgeoregister.nl/geonetwork/srv/en/csw?service=CSW&version=2.0.2&request=GetRecordById&outputschema=http://www.isotc211.org/2005/gmd&elementsetname=full&id=03671a9e-6aaf-464d-be99-9aad25cef9e3#MD_DataIdentification
12:56:36.871 [pool-1-thread-7] INFO  com.intuit.karate.Runner - <<fail>> feature 7 of 13: classpath:InspireTest/ngr/T02_datasets/check-known-dataset-record.feature
---------------------------------------------------------
feature: classpath:InspireTest/ngr/T02_datasets/check-known-dataset-record.feature
report: target/surefire-reports/InspireTest.ngr.T02_datasets.check-known-dataset-record.json
scenarios:  5 | passed:  2 | failed:  3 | time: 11.2337
---------------------------------------------------------
12:56:37.257 [ForkJoinPool-1-worker-17] ERROR com.intuit.karate - assertion failed: path: $, actual: 404, expected: 200, reason: not equal (Integer)
12:56:37.257 [ForkJoinPool-1-worker-17] ERROR com.intuit.karate - feature call (loop) failed at index: 1
caller: classpath:InspireTest/def/checkxlinkurl.template.feature
arg: {"link":"http://geonetwork-opensource.org/inspire-theme#"}
checkxlinkurl.template.feature:28 - path: $, actual: 404, expected: 200, reason: not equal (Integer)
12:56:37.259 [ForkJoinPool-1-worker-17] INFO  com.intuit.karate - [print] testing xlinkurl:http://inspire.ec.europa.eu/metadata-codelist/SpatialDataServiceCategory/infoFeatureAccessService
12:56:38.270 [ForkJoinPool-1-worker-41] ERROR com.intuit.karate - assertion failed: path: $, actual: 404, expected: 200, reason: not equal (Integer)
12:56:38.270 [ForkJoinPool-1-worker-41] ERROR com.intuit.karate - feature call (loop) failed at index: 1
caller: classpath:InspireTest/def/checkxlinkurl.template.feature
arg: {"link":"http://geonetwork-opensource.org/inspire-theme#"}
checkxlinkurl.template.feature:28 - path: $, actual: 404, expected: 200, reason: not equal (Integer)
12:56:38.272 [ForkJoinPool-1-worker-27] ERROR com.intuit.karate - assertion failed: path: $, actual: 404, expected: 200, reason: not equal (Integer)
12:56:38.272 [ForkJoinPool-1-worker-27] ERROR com.intuit.karate - feature call (loop) failed at index: 1
caller: classpath:InspireTest/def/checkxlinkurl.template.feature
arg: {"link":"http://geonetwork-opensource.org/inspire-theme#"}
checkxlinkurl.template.feature:28 - path: $, actual: 404, expected: 200, reason: not equal (Integer)
12:56:38.274 [ForkJoinPool-1-worker-27] INFO  com.intuit.karate - [print] testing xlinkurl:
12:56:38.275 [ForkJoinPool-1-worker-27] ERROR com.intuit.karate - org.apache.http.client.ClientProtocolException, http call failed after 0 milliseconds for URL: 
12:56:38.277 [ForkJoinPool-1-worker-41] INFO  com.intuit.karate - [print] testing xlinkurl:http://inspire.ec.europa.eu/metadata-codelist/SpatialDataServiceCategory/infoFeatureAccessService
12:56:38.281 [ForkJoinPool-1-worker-27] ERROR com.intuit.karate - http request failed: 
org.apache.http.client.ClientProtocolException
12:56:38.281 [ForkJoinPool-1-worker-27] ERROR com.intuit.karate - feature call (loop) failed at index: 2
caller: classpath:InspireTest/def/checkxlinkurl.template.feature
arg: {"link":""}
checkxlinkurl.template.feature:21 - 
org.apache.http.client.ClientProtocolException
12:56:38.286 [ForkJoinPool-1-worker-27] INFO  com.intuit.karate - [print] testing xlinkurl:
12:56:38.287 [ForkJoinPool-1-worker-27] ERROR com.intuit.karate - org.apache.http.client.ClientProtocolException, http call failed after 0 milliseconds for URL: 
12:56:38.287 [ForkJoinPool-1-worker-27] ERROR com.intuit.karate - http request failed: 
org.apache.http.client.ClientProtocolException
12:56:38.288 [ForkJoinPool-1-worker-27] ERROR com.intuit.karate - feature call (loop) failed at index: 3
caller: classpath:InspireTest/def/checkxlinkurl.template.feature
arg: {"link":""}
checkxlinkurl.template.feature:21 - 
org.apache.http.client.ClientProtocolException
12:56:38.290 [ForkJoinPool-1-worker-27] INFO  com.intuit.karate - [print] testing xlinkurl:
12:56:38.291 [ForkJoinPool-1-worker-27] ERROR com.intuit.karate - org.apache.http.client.ClientProtocolException, http call failed after 0 milliseconds for URL: 
12:56:38.291 [ForkJoinPool-1-worker-27] ERROR com.intuit.karate - http request failed: 
org.apache.http.client.ClientProtocolException
12:56:38.293 [ForkJoinPool-1-worker-27] ERROR com.intuit.karate - feature call (loop) failed at index: 4
caller: classpath:InspireTest/def/checkxlinkurl.template.feature
arg: {"link":""}
checkxlinkurl.template.feature:21 - 
org.apache.http.client.ClientProtocolException
12:56:38.294 [ForkJoinPool-1-worker-27] INFO  com.intuit.karate - [print] testing xlinkurl:
12:56:38.295 [ForkJoinPool-1-worker-27] ERROR com.intuit.karate - org.apache.http.client.ClientProtocolException, http call failed after 0 milliseconds for URL: 
12:56:38.296 [ForkJoinPool-1-worker-27] ERROR com.intuit.karate - http request failed: 
org.apache.http.client.ClientProtocolException
12:56:38.298 [ForkJoinPool-1-worker-27] ERROR com.intuit.karate - feature call (loop) failed at index: 5
caller: classpath:InspireTest/def/checkxlinkurl.template.feature
arg: {"link":""}
checkxlinkurl.template.feature:21 - 
org.apache.http.client.ClientProtocolException
12:56:38.300 [ForkJoinPool-1-worker-27] INFO  com.intuit.karate - [print] testing xlinkurl:
12:56:38.301 [ForkJoinPool-1-worker-27] ERROR com.intuit.karate - org.apache.http.client.ClientProtocolException, http call failed after 0 milliseconds for URL: 
12:56:38.301 [ForkJoinPool-1-worker-27] ERROR com.intuit.karate - http request failed: 
org.apache.http.client.ClientProtocolException
12:56:38.302 [ForkJoinPool-1-worker-27] ERROR com.intuit.karate - feature call (loop) failed at index: 6
caller: classpath:InspireTest/def/checkxlinkurl.template.feature
arg: {"link":""}
checkxlinkurl.template.feature:21 - 
org.apache.http.client.ClientProtocolException
12:56:38.304 [ForkJoinPool-1-worker-27] INFO  com.intuit.karate - [print] testing xlinkurl:
12:56:38.305 [ForkJoinPool-1-worker-27] ERROR com.intuit.karate - org.apache.http.client.ClientProtocolException, http call failed after 0 milliseconds for URL: 
12:56:38.305 [ForkJoinPool-1-worker-27] ERROR com.intuit.karate - http request failed: 
org.apache.http.client.ClientProtocolException
12:56:38.306 [ForkJoinPool-1-worker-27] ERROR com.intuit.karate - feature call (loop) failed at index: 7
caller: classpath:InspireTest/def/checkxlinkurl.template.feature
arg: {"link":""}
checkxlinkurl.template.feature:21 - 
org.apache.http.client.ClientProtocolException
12:56:38.309 [ForkJoinPool-1-worker-27] INFO  com.intuit.karate - [print] testing xlinkurl:
12:56:38.310 [ForkJoinPool-1-worker-27] ERROR com.intuit.karate - org.apache.http.client.ClientProtocolException, http call failed after 0 milliseconds for URL: 
12:56:38.311 [ForkJoinPool-1-worker-27] ERROR com.intuit.karate - http request failed: 
org.apache.http.client.ClientProtocolException
12:56:38.311 [ForkJoinPool-1-worker-27] ERROR com.intuit.karate - feature call (loop) failed at index: 8
caller: classpath:InspireTest/def/checkxlinkurl.template.feature
arg: {"link":""}
checkxlinkurl.template.feature:21 - 
org.apache.http.client.ClientProtocolException
12:56:38.312 [ForkJoinPool-1-worker-27] INFO  com.intuit.karate - [print] testing xlinkurl:
12:56:38.313 [ForkJoinPool-1-worker-27] ERROR com.intuit.karate - org.apache.http.client.ClientProtocolException, http call failed after 0 milliseconds for URL: 
12:56:38.314 [ForkJoinPool-1-worker-27] ERROR com.intuit.karate - http request failed: 
org.apache.http.client.ClientProtocolException
12:56:38.314 [ForkJoinPool-1-worker-27] ERROR com.intuit.karate - feature call (loop) failed at index: 9
caller: classpath:InspireTest/def/checkxlinkurl.template.feature
arg: {"link":""}
checkxlinkurl.template.feature:21 - 
org.apache.http.client.ClientProtocolException
12:56:38.317 [ForkJoinPool-1-worker-27] INFO  com.intuit.karate - [print] testing xlinkurl:
12:56:38.318 [ForkJoinPool-1-worker-27] ERROR com.intuit.karate - org.apache.http.client.ClientProtocolException, http call failed after 0 milliseconds for URL: 
12:56:38.319 [ForkJoinPool-1-worker-27] ERROR com.intuit.karate - http request failed: 
org.apache.http.client.ClientProtocolException
12:56:38.319 [ForkJoinPool-1-worker-27] ERROR com.intuit.karate - feature call (loop) failed at index: 10
caller: classpath:InspireTest/def/checkxlinkurl.template.feature
arg: {"link":""}
checkxlinkurl.template.feature:21 - 
org.apache.http.client.ClientProtocolException
12:56:38.320 [ForkJoinPool-1-worker-27] INFO  com.intuit.karate - [print] testing xlinkurl:
12:56:38.321 [ForkJoinPool-1-worker-27] ERROR com.intuit.karate - org.apache.http.client.ClientProtocolException, http call failed after 0 milliseconds for URL: 
12:56:38.322 [ForkJoinPool-1-worker-27] ERROR com.intuit.karate - http request failed: 
org.apache.http.client.ClientProtocolException
12:56:38.322 [ForkJoinPool-1-worker-27] ERROR com.intuit.karate - feature call (loop) failed at index: 11
caller: classpath:InspireTest/def/checkxlinkurl.template.feature
arg: {"link":""}
checkxlinkurl.template.feature:21 - 
org.apache.http.client.ClientProtocolException
12:56:38.323 [ForkJoinPool-1-worker-27] INFO  com.intuit.karate - [print] testing xlinkurl:
12:56:38.324 [ForkJoinPool-1-worker-27] ERROR com.intuit.karate - org.apache.http.client.ClientProtocolException, http call failed after 0 milliseconds for URL: 
12:56:38.325 [ForkJoinPool-1-worker-27] ERROR com.intuit.karate - http request failed: 
org.apache.http.client.ClientProtocolException
12:56:38.325 [ForkJoinPool-1-worker-27] ERROR com.intuit.karate - feature call (loop) failed at index: 12
caller: classpath:InspireTest/def/checkxlinkurl.template.feature
arg: {"link":""}
checkxlinkurl.template.feature:21 - 
org.apache.http.client.ClientProtocolException
12:56:38.326 [ForkJoinPool-1-worker-27] INFO  com.intuit.karate - [print] testing xlinkurl:
12:56:38.327 [ForkJoinPool-1-worker-27] ERROR com.intuit.karate - org.apache.http.client.ClientProtocolException, http call failed after 0 milliseconds for URL: 
12:56:38.328 [ForkJoinPool-1-worker-27] ERROR com.intuit.karate - http request failed: 
org.apache.http.client.ClientProtocolException
12:56:38.328 [ForkJoinPool-1-worker-27] ERROR com.intuit.karate - feature call (loop) failed at index: 13
caller: classpath:InspireTest/def/checkxlinkurl.template.feature
arg: {"link":""}
checkxlinkurl.template.feature:21 - 
org.apache.http.client.ClientProtocolException
12:56:38.329 [ForkJoinPool-1-worker-27] INFO  com.intuit.karate - [print] testing xlinkurl:
12:56:38.330 [ForkJoinPool-1-worker-27] ERROR com.intuit.karate - org.apache.http.client.ClientProtocolException, http call failed after 0 milliseconds for URL: 
12:56:38.331 [ForkJoinPool-1-worker-27] ERROR com.intuit.karate - http request failed: 
org.apache.http.client.ClientProtocolException
12:56:38.332 [ForkJoinPool-1-worker-27] ERROR com.intuit.karate - feature call (loop) failed at index: 14
caller: classpath:InspireTest/def/checkxlinkurl.template.feature
arg: {"link":""}
checkxlinkurl.template.feature:21 - 
org.apache.http.client.ClientProtocolException
12:56:38.334 [ForkJoinPool-1-worker-27] INFO  com.intuit.karate - [print] testing xlinkurl:
12:56:38.335 [ForkJoinPool-1-worker-27] ERROR com.intuit.karate - org.apache.http.client.ClientProtocolException, http call failed after 0 milliseconds for URL: 
12:56:38.336 [ForkJoinPool-1-worker-27] ERROR com.intuit.karate - http request failed: 
org.apache.http.client.ClientProtocolException
12:56:38.336 [ForkJoinPool-1-worker-27] ERROR com.intuit.karate - feature call (loop) failed at index: 15
caller: classpath:InspireTest/def/checkxlinkurl.template.feature
arg: {"link":""}
checkxlinkurl.template.feature:21 - 
org.apache.http.client.ClientProtocolException
12:56:38.337 [ForkJoinPool-1-worker-27] INFO  com.intuit.karate - [print] testing xlinkurl:
12:56:38.338 [ForkJoinPool-1-worker-27] ERROR com.intuit.karate - org.apache.http.client.ClientProtocolException, http call failed after 0 milliseconds for URL: 
12:56:38.339 [ForkJoinPool-1-worker-27] ERROR com.intuit.karate - http request failed: 
org.apache.http.client.ClientProtocolException
12:56:38.339 [ForkJoinPool-1-worker-27] ERROR com.intuit.karate - feature call (loop) failed at index: 16
caller: classpath:InspireTest/def/checkxlinkurl.template.feature
arg: {"link":""}
checkxlinkurl.template.feature:21 - 
org.apache.http.client.ClientProtocolException
12:56:38.340 [ForkJoinPool-1-worker-27] INFO  com.intuit.karate - [print] testing xlinkurl:
12:56:38.341 [ForkJoinPool-1-worker-27] ERROR com.intuit.karate - org.apache.http.client.ClientProtocolException, http call failed after 0 milliseconds for URL: 
12:56:38.342 [ForkJoinPool-1-worker-27] ERROR com.intuit.karate - http request failed: 
org.apache.http.client.ClientProtocolException
12:56:38.342 [ForkJoinPool-1-worker-27] ERROR com.intuit.karate - feature call (loop) failed at index: 17
caller: classpath:InspireTest/def/checkxlinkurl.template.feature
arg: {"link":""}
checkxlinkurl.template.feature:21 - 
org.apache.http.client.ClientProtocolException
12:56:38.343 [ForkJoinPool-1-worker-27] INFO  com.intuit.karate - [print] testing xlinkurl:
12:56:38.344 [ForkJoinPool-1-worker-27] ERROR com.intuit.karate - org.apache.http.client.ClientProtocolException, http call failed after 0 milliseconds for URL: 
12:56:38.345 [ForkJoinPool-1-worker-27] ERROR com.intuit.karate - http request failed: 
org.apache.http.client.ClientProtocolException
12:56:38.345 [ForkJoinPool-1-worker-27] ERROR com.intuit.karate - feature call (loop) failed at index: 18
caller: classpath:InspireTest/def/checkxlinkurl.template.feature
arg: {"link":""}
checkxlinkurl.template.feature:21 - 
org.apache.http.client.ClientProtocolException
12:56:38.346 [ForkJoinPool-1-worker-27] INFO  com.intuit.karate - [print] testing xlinkurl:
12:56:38.347 [ForkJoinPool-1-worker-27] ERROR com.intuit.karate - org.apache.http.client.ClientProtocolException, http call failed after 0 milliseconds for URL: 
12:56:38.348 [ForkJoinPool-1-worker-27] ERROR com.intuit.karate - http request failed: 
org.apache.http.client.ClientProtocolException
12:56:38.348 [ForkJoinPool-1-worker-27] ERROR com.intuit.karate - feature call (loop) failed at index: 19
caller: classpath:InspireTest/def/checkxlinkurl.template.feature
arg: {"link":""}
checkxlinkurl.template.feature:21 - 
org.apache.http.client.ClientProtocolException
12:56:38.349 [ForkJoinPool-1-worker-27] INFO  com.intuit.karate - [print] testing xlinkurl:
12:56:38.350 [ForkJoinPool-1-worker-27] ERROR com.intuit.karate - org.apache.http.client.ClientProtocolException, http call failed after 0 milliseconds for URL: 
12:56:38.351 [ForkJoinPool-1-worker-27] ERROR com.intuit.karate - http request failed: 
org.apache.http.client.ClientProtocolException
12:56:38.351 [ForkJoinPool-1-worker-27] ERROR com.intuit.karate - feature call (loop) failed at index: 20
caller: classpath:InspireTest/def/checkxlinkurl.template.feature
arg: {"link":""}
checkxlinkurl.template.feature:21 - 
org.apache.http.client.ClientProtocolException
12:56:38.354 [ForkJoinPool-1-worker-27] INFO  com.intuit.karate - [print] testing xlinkurl:
12:56:38.355 [ForkJoinPool-1-worker-27] ERROR com.intuit.karate - org.apache.http.client.ClientProtocolException, http call failed after 0 milliseconds for URL: 
12:56:38.356 [ForkJoinPool-1-worker-27] ERROR com.intuit.karate - http request failed: 
org.apache.http.client.ClientProtocolException
12:56:38.356 [ForkJoinPool-1-worker-27] ERROR com.intuit.karate - feature call (loop) failed at index: 21
caller: classpath:InspireTest/def/checkxlinkurl.template.feature
arg: {"link":""}
checkxlinkurl.template.feature:21 - 
org.apache.http.client.ClientProtocolException
12:56:38.357 [ForkJoinPool-1-worker-27] INFO  com.intuit.karate - [print] testing xlinkurl:
12:56:38.359 [ForkJoinPool-1-worker-27] ERROR com.intuit.karate - org.apache.http.client.ClientProtocolException, http call failed after 0 milliseconds for URL: 
12:56:38.359 [ForkJoinPool-1-worker-27] ERROR com.intuit.karate - http request failed: 
org.apache.http.client.ClientProtocolException
12:56:38.360 [ForkJoinPool-1-worker-27] ERROR com.intuit.karate - feature call (loop) failed at index: 22
caller: classpath:InspireTest/def/checkxlinkurl.template.feature
arg: {"link":""}
checkxlinkurl.template.feature:21 - 
org.apache.http.client.ClientProtocolException
12:56:38.361 [ForkJoinPool-1-worker-27] INFO  com.intuit.karate - [print] testing xlinkurl:
12:56:38.362 [ForkJoinPool-1-worker-27] ERROR com.intuit.karate - org.apache.http.client.ClientProtocolException, http call failed after 0 milliseconds for URL: 
12:56:38.362 [ForkJoinPool-1-worker-27] ERROR com.intuit.karate - http request failed: 
org.apache.http.client.ClientProtocolException
12:56:38.363 [ForkJoinPool-1-worker-27] ERROR com.intuit.karate - feature call (loop) failed at index: 23
caller: classpath:InspireTest/def/checkxlinkurl.template.feature
arg: {"link":""}
checkxlinkurl.template.feature:21 - 
org.apache.http.client.ClientProtocolException
12:56:38.364 [ForkJoinPool-1-worker-27] INFO  com.intuit.karate - [print] testing xlinkurl:
12:56:38.365 [ForkJoinPool-1-worker-27] ERROR com.intuit.karate - org.apache.http.client.ClientProtocolException, http call failed after 0 milliseconds for URL: 
12:56:38.365 [ForkJoinPool-1-worker-27] ERROR com.intuit.karate - http request failed: 
org.apache.http.client.ClientProtocolException
12:56:38.366 [ForkJoinPool-1-worker-27] ERROR com.intuit.karate - feature call (loop) failed at index: 24
caller: classpath:InspireTest/def/checkxlinkurl.template.feature
arg: {"link":""}
checkxlinkurl.template.feature:21 - 
org.apache.http.client.ClientProtocolException
12:56:38.367 [ForkJoinPool-1-worker-27] INFO  com.intuit.karate - [print] testing xlinkurl:
12:56:38.368 [ForkJoinPool-1-worker-27] ERROR com.intuit.karate - org.apache.http.client.ClientProtocolException, http call failed after 0 milliseconds for URL: 
12:56:38.368 [ForkJoinPool-1-worker-27] ERROR com.intuit.karate - http request failed: 
org.apache.http.client.ClientProtocolException
12:56:38.369 [ForkJoinPool-1-worker-27] ERROR com.intuit.karate - feature call (loop) failed at index: 25
caller: classpath:InspireTest/def/checkxlinkurl.template.feature
arg: {"link":""}
checkxlinkurl.template.feature:21 - 
org.apache.http.client.ClientProtocolException
12:56:38.370 [ForkJoinPool-1-worker-27] INFO  com.intuit.karate - [print] testing xlinkurl:
12:56:38.371 [ForkJoinPool-1-worker-27] ERROR com.intuit.karate - org.apache.http.client.ClientProtocolException, http call failed after 0 milliseconds for URL: 
12:56:38.372 [ForkJoinPool-1-worker-27] ERROR com.intuit.karate - http request failed: 
org.apache.http.client.ClientProtocolException
12:56:38.372 [ForkJoinPool-1-worker-27] ERROR com.intuit.karate - feature call (loop) failed at index: 26
caller: classpath:InspireTest/def/checkxlinkurl.template.feature
arg: {"link":""}
checkxlinkurl.template.feature:21 - 
org.apache.http.client.ClientProtocolException
12:56:38.374 [ForkJoinPool-1-worker-27] INFO  com.intuit.karate - [print] testing xlinkurl:
12:56:38.375 [ForkJoinPool-1-worker-27] ERROR com.intuit.karate - org.apache.http.client.ClientProtocolException, http call failed after 0 milliseconds for URL: 
12:56:38.375 [ForkJoinPool-1-worker-27] ERROR com.intuit.karate - http request failed: 
org.apache.http.client.ClientProtocolException
12:56:38.376 [ForkJoinPool-1-worker-27] ERROR com.intuit.karate - feature call (loop) failed at index: 27
caller: classpath:InspireTest/def/checkxlinkurl.template.feature
arg: {"link":""}
checkxlinkurl.template.feature:21 - 
org.apache.http.client.ClientProtocolException
12:56:38.377 [ForkJoinPool-1-worker-27] INFO  com.intuit.karate - [print] testing xlinkurl:
12:56:38.381 [ForkJoinPool-1-worker-27] ERROR com.intuit.karate - org.apache.http.client.ClientProtocolException, http call failed after 0 milliseconds for URL: 
12:56:38.382 [ForkJoinPool-1-worker-27] ERROR com.intuit.karate - http request failed: 
org.apache.http.client.ClientProtocolException
12:56:38.382 [ForkJoinPool-1-worker-27] ERROR com.intuit.karate - feature call (loop) failed at index: 28
caller: classpath:InspireTest/def/checkxlinkurl.template.feature
arg: {"link":""}
checkxlinkurl.template.feature:21 - 
org.apache.http.client.ClientProtocolException
12:56:38.383 [ForkJoinPool-1-worker-27] INFO  com.intuit.karate - [print] testing xlinkurl:
12:56:38.386 [ForkJoinPool-1-worker-27] ERROR com.intuit.karate - org.apache.http.client.ClientProtocolException, http call failed after 0 milliseconds for URL: 
12:56:38.386 [ForkJoinPool-1-worker-27] ERROR com.intuit.karate - http request failed: 
org.apache.http.client.ClientProtocolException
12:56:38.387 [ForkJoinPool-1-worker-27] ERROR com.intuit.karate - feature call (loop) failed at index: 29
caller: classpath:InspireTest/def/checkxlinkurl.template.feature
arg: {"link":""}
checkxlinkurl.template.feature:21 - 
org.apache.http.client.ClientProtocolException
12:56:38.390 [ForkJoinPool-1-worker-27] INFO  com.intuit.karate - [print] testing xlinkurl:
12:56:38.391 [ForkJoinPool-1-worker-27] ERROR com.intuit.karate - org.apache.http.client.ClientProtocolException, http call failed after 0 milliseconds for URL: 
12:56:38.391 [ForkJoinPool-1-worker-27] ERROR com.intuit.karate - http request failed: 
org.apache.http.client.ClientProtocolException
12:56:38.392 [ForkJoinPool-1-worker-27] ERROR com.intuit.karate - feature call (loop) failed at index: 30
caller: classpath:InspireTest/def/checkxlinkurl.template.feature
arg: {"link":""}
checkxlinkurl.template.feature:21 - 
org.apache.http.client.ClientProtocolException
12:56:38.395 [ForkJoinPool-1-worker-27] INFO  com.intuit.karate - [print] testing xlinkurl:
12:56:38.396 [ForkJoinPool-1-worker-27] ERROR com.intuit.karate - org.apache.http.client.ClientProtocolException, http call failed after 0 milliseconds for URL: 
12:56:38.396 [ForkJoinPool-1-worker-27] ERROR com.intuit.karate - http request failed: 
org.apache.http.client.ClientProtocolException
12:56:38.397 [ForkJoinPool-1-worker-27] ERROR com.intuit.karate - feature call (loop) failed at index: 31
caller: classpath:InspireTest/def/checkxlinkurl.template.feature
arg: {"link":""}
checkxlinkurl.template.feature:21 - 
org.apache.http.client.ClientProtocolException
12:56:38.398 [ForkJoinPool-1-worker-27] INFO  com.intuit.karate - [print] testing xlinkurl:
12:56:38.399 [ForkJoinPool-1-worker-27] ERROR com.intuit.karate - org.apache.http.client.ClientProtocolException, http call failed after 0 milliseconds for URL: 
12:56:38.400 [ForkJoinPool-1-worker-27] ERROR com.intuit.karate - http request failed: 
org.apache.http.client.ClientProtocolException
12:56:38.400 [ForkJoinPool-1-worker-27] ERROR com.intuit.karate - feature call (loop) failed at index: 32
caller: classpath:InspireTest/def/checkxlinkurl.template.feature
arg: {"link":""}
checkxlinkurl.template.feature:21 - 
org.apache.http.client.ClientProtocolException
12:56:38.402 [ForkJoinPool-1-worker-27] INFO  com.intuit.karate - [print] testing xlinkurl:
12:56:38.404 [ForkJoinPool-1-worker-27] ERROR com.intuit.karate - org.apache.http.client.ClientProtocolException, http call failed after 0 milliseconds for URL: 
12:56:38.404 [ForkJoinPool-1-worker-27] ERROR com.intuit.karate - http request failed: 
org.apache.http.client.ClientProtocolException
12:56:38.405 [ForkJoinPool-1-worker-27] ERROR com.intuit.karate - feature call (loop) failed at index: 33
caller: classpath:InspireTest/def/checkxlinkurl.template.feature
arg: {"link":""}
checkxlinkurl.template.feature:21 - 
org.apache.http.client.ClientProtocolException
12:56:38.408 [ForkJoinPool-1-worker-27] INFO  com.intuit.karate - [print] testing xlinkurl:
12:56:38.409 [ForkJoinPool-1-worker-27] ERROR com.intuit.karate - org.apache.http.client.ClientProtocolException, http call failed after 0 milliseconds for URL: 
12:56:38.409 [ForkJoinPool-1-worker-27] ERROR com.intuit.karate - http request failed: 
org.apache.http.client.ClientProtocolException
12:56:38.409 [ForkJoinPool-1-worker-27] ERROR com.intuit.karate - feature call (loop) failed at index: 34
caller: classpath:InspireTest/def/checkxlinkurl.template.feature
arg: {"link":""}
checkxlinkurl.template.feature:21 - 
org.apache.http.client.ClientProtocolException
12:56:38.411 [ForkJoinPool-1-worker-27] INFO  com.intuit.karate - [print] testing xlinkurl:
12:56:38.413 [ForkJoinPool-1-worker-27] ERROR com.intuit.karate - org.apache.http.client.ClientProtocolException, http call failed after 0 milliseconds for URL: 
12:56:38.413 [ForkJoinPool-1-worker-27] ERROR com.intuit.karate - http request failed: 
org.apache.http.client.ClientProtocolException
12:56:38.414 [ForkJoinPool-1-worker-27] ERROR com.intuit.karate - feature call (loop) failed at index: 35
caller: classpath:InspireTest/def/checkxlinkurl.template.feature
arg: {"link":""}
checkxlinkurl.template.feature:21 - 
org.apache.http.client.ClientProtocolException
12:56:38.415 [ForkJoinPool-1-worker-27] INFO  com.intuit.karate - [print] testing xlinkurl:
12:56:38.418 [ForkJoinPool-1-worker-27] ERROR com.intuit.karate - org.apache.http.client.ClientProtocolException, http call failed after 0 milliseconds for URL: 
12:56:38.418 [ForkJoinPool-1-worker-27] ERROR com.intuit.karate - http request failed: 
org.apache.http.client.ClientProtocolException
12:56:38.419 [ForkJoinPool-1-worker-27] ERROR com.intuit.karate - feature call (loop) failed at index: 36
caller: classpath:InspireTest/def/checkxlinkurl.template.feature
arg: {"link":""}
checkxlinkurl.template.feature:21 - 
org.apache.http.client.ClientProtocolException
12:56:38.420 [ForkJoinPool-1-worker-27] INFO  com.intuit.karate - [print] testing xlinkurl:
12:56:38.422 [ForkJoinPool-1-worker-27] ERROR com.intuit.karate - org.apache.http.client.ClientProtocolException, http call failed after 0 milliseconds for URL: 
12:56:38.422 [ForkJoinPool-1-worker-27] ERROR com.intuit.karate - http request failed: 
org.apache.http.client.ClientProtocolException
12:56:38.423 [ForkJoinPool-1-worker-27] ERROR com.intuit.karate - feature call (loop) failed at index: 37
caller: classpath:InspireTest/def/checkxlinkurl.template.feature
arg: {"link":""}
checkxlinkurl.template.feature:21 - 
org.apache.http.client.ClientProtocolException
12:56:38.424 [ForkJoinPool-1-worker-27] INFO  com.intuit.karate - [print] testing xlinkurl:
12:56:38.425 [ForkJoinPool-1-worker-27] ERROR com.intuit.karate - org.apache.http.client.ClientProtocolException, http call failed after 0 milliseconds for URL: 
12:56:38.426 [ForkJoinPool-1-worker-27] ERROR com.intuit.karate - http request failed: 
org.apache.http.client.ClientProtocolException
12:56:38.426 [ForkJoinPool-1-worker-27] ERROR com.intuit.karate - feature call (loop) failed at index: 38
caller: classpath:InspireTest/def/checkxlinkurl.template.feature
arg: {"link":""}
checkxlinkurl.template.feature:21 - 
org.apache.http.client.ClientProtocolException
12:56:38.427 [ForkJoinPool-1-worker-27] INFO  com.intuit.karate - [print] testing xlinkurl:
12:56:38.428 [ForkJoinPool-1-worker-27] ERROR com.intuit.karate - org.apache.http.client.ClientProtocolException, http call failed after 0 milliseconds for URL: 
12:56:38.429 [ForkJoinPool-1-worker-27] ERROR com.intuit.karate - http request failed: 
org.apache.http.client.ClientProtocolException
12:56:38.429 [ForkJoinPool-1-worker-27] ERROR com.intuit.karate - feature call (loop) failed at index: 39
caller: classpath:InspireTest/def/checkxlinkurl.template.feature
arg: {"link":""}
checkxlinkurl.template.feature:21 - 
org.apache.http.client.ClientProtocolException
12:56:38.431 [ForkJoinPool-1-worker-27] INFO  com.intuit.karate - [print] testing xlinkurl:
12:56:38.432 [ForkJoinPool-1-worker-27] ERROR com.intuit.karate - org.apache.http.client.ClientProtocolException, http call failed after 0 milliseconds for URL: 
12:56:38.432 [ForkJoinPool-1-worker-27] ERROR com.intuit.karate - http request failed: 
org.apache.http.client.ClientProtocolException
12:56:38.432 [ForkJoinPool-1-worker-27] ERROR com.intuit.karate - feature call (loop) failed at index: 40
caller: classpath:InspireTest/def/checkxlinkurl.template.feature
arg: {"link":""}
checkxlinkurl.template.feature:21 - 
org.apache.http.client.ClientProtocolException
12:56:38.434 [ForkJoinPool-1-worker-27] INFO  com.intuit.karate - [print] testing xlinkurl:
12:56:38.435 [ForkJoinPool-1-worker-27] ERROR com.intuit.karate - org.apache.http.client.ClientProtocolException, http call failed after 0 milliseconds for URL: 
12:56:38.435 [ForkJoinPool-1-worker-27] ERROR com.intuit.karate - http request failed: 
org.apache.http.client.ClientProtocolException
12:56:38.435 [ForkJoinPool-1-worker-27] ERROR com.intuit.karate - feature call (loop) failed at index: 41
caller: classpath:InspireTest/def/checkxlinkurl.template.feature
arg: {"link":""}
checkxlinkurl.template.feature:21 - 
org.apache.http.client.ClientProtocolException
12:56:38.437 [ForkJoinPool-1-worker-27] INFO  com.intuit.karate - [print] testing xlinkurl:
12:56:38.438 [ForkJoinPool-1-worker-27] ERROR com.intuit.karate - org.apache.http.client.ClientProtocolException, http call failed after 0 milliseconds for URL: 
12:56:38.438 [ForkJoinPool-1-worker-27] ERROR com.intuit.karate - http request failed: 
org.apache.http.client.ClientProtocolException
12:56:38.439 [ForkJoinPool-1-worker-27] ERROR com.intuit.karate - feature call (loop) failed at index: 42
caller: classpath:InspireTest/def/checkxlinkurl.template.feature
arg: {"link":""}
checkxlinkurl.template.feature:21 - 
org.apache.http.client.ClientProtocolException
12:56:38.440 [ForkJoinPool-1-worker-27] INFO  com.intuit.karate - [print] testing xlinkurl:
12:56:38.441 [ForkJoinPool-1-worker-27] ERROR com.intuit.karate - org.apache.http.client.ClientProtocolException, http call failed after 0 milliseconds for URL: 
12:56:38.441 [ForkJoinPool-1-worker-27] ERROR com.intuit.karate - http request failed: 
org.apache.http.client.ClientProtocolException
12:56:38.442 [ForkJoinPool-1-worker-27] ERROR com.intuit.karate - feature call (loop) failed at index: 43
caller: classpath:InspireTest/def/checkxlinkurl.template.feature
arg: {"link":""}
checkxlinkurl.template.feature:21 - 
org.apache.http.client.ClientProtocolException
12:56:38.443 [ForkJoinPool-1-worker-27] INFO  com.intuit.karate - [print] testing xlinkurl:
12:56:38.444 [ForkJoinPool-1-worker-27] ERROR com.intuit.karate - org.apache.http.client.ClientProtocolException, http call failed after 0 milliseconds for URL: 
12:56:38.444 [ForkJoinPool-1-worker-27] ERROR com.intuit.karate - http request failed: 
org.apache.http.client.ClientProtocolException
12:56:38.445 [ForkJoinPool-1-worker-27] ERROR com.intuit.karate - feature call (loop) failed at index: 44
caller: classpath:InspireTest/def/checkxlinkurl.template.feature
arg: {"link":""}
checkxlinkurl.template.feature:21 - 
org.apache.http.client.ClientProtocolException
12:56:38.446 [ForkJoinPool-1-worker-27] INFO  com.intuit.karate - [print] testing xlinkurl:
12:56:38.447 [ForkJoinPool-1-worker-27] ERROR com.intuit.karate - org.apache.http.client.ClientProtocolException, http call failed after 0 milliseconds for URL: 
12:56:38.448 [ForkJoinPool-1-worker-27] ERROR com.intuit.karate - http request failed: 
org.apache.http.client.ClientProtocolException
12:56:38.448 [ForkJoinPool-1-worker-27] ERROR com.intuit.karate - feature call (loop) failed at index: 45
caller: classpath:InspireTest/def/checkxlinkurl.template.feature
arg: {"link":""}
checkxlinkurl.template.feature:21 - 
org.apache.http.client.ClientProtocolException
12:56:38.449 [ForkJoinPool-1-worker-27] INFO  com.intuit.karate - [print] testing xlinkurl:
12:56:38.450 [ForkJoinPool-1-worker-27] ERROR com.intuit.karate - org.apache.http.client.ClientProtocolException, http call failed after 0 milliseconds for URL: 
12:56:38.451 [ForkJoinPool-1-worker-27] ERROR com.intuit.karate - http request failed: 
org.apache.http.client.ClientProtocolException
12:56:38.451 [ForkJoinPool-1-worker-27] ERROR com.intuit.karate - feature call (loop) failed at index: 46
caller: classpath:InspireTest/def/checkxlinkurl.template.feature
arg: {"link":""}
checkxlinkurl.template.feature:21 - 
org.apache.http.client.ClientProtocolException
12:56:38.452 [ForkJoinPool-1-worker-27] INFO  com.intuit.karate - [print] testing xlinkurl:
12:56:38.453 [ForkJoinPool-1-worker-27] ERROR com.intuit.karate - org.apache.http.client.ClientProtocolException, http call failed after 0 milliseconds for URL: 
12:56:38.454 [ForkJoinPool-1-worker-27] ERROR com.intuit.karate - http request failed: 
org.apache.http.client.ClientProtocolException
12:56:38.454 [ForkJoinPool-1-worker-27] ERROR com.intuit.karate - feature call (loop) failed at index: 47
caller: classpath:InspireTest/def/checkxlinkurl.template.feature
arg: {"link":""}
checkxlinkurl.template.feature:21 - 
org.apache.http.client.ClientProtocolException
12:56:38.455 [ForkJoinPool-1-worker-27] INFO  com.intuit.karate - [print] testing xlinkurl:
12:56:38.456 [ForkJoinPool-1-worker-27] ERROR com.intuit.karate - org.apache.http.client.ClientProtocolException, http call failed after 0 milliseconds for URL: 
12:56:38.457 [ForkJoinPool-1-worker-27] ERROR com.intuit.karate - http request failed: 
org.apache.http.client.ClientProtocolException
12:56:38.457 [ForkJoinPool-1-worker-27] ERROR com.intuit.karate - feature call (loop) failed at index: 48
caller: classpath:InspireTest/def/checkxlinkurl.template.feature
arg: {"link":""}
checkxlinkurl.template.feature:21 - 
org.apache.http.client.ClientProtocolException
12:56:38.461 [ForkJoinPool-1-worker-27] INFO  com.intuit.karate - [print] testing xlinkurl:
12:56:38.462 [ForkJoinPool-1-worker-27] ERROR com.intuit.karate - org.apache.http.client.ClientProtocolException, http call failed after 0 milliseconds for URL: 
12:56:38.463 [ForkJoinPool-1-worker-27] ERROR com.intuit.karate - http request failed: 
org.apache.http.client.ClientProtocolException
12:56:38.463 [ForkJoinPool-1-worker-27] ERROR com.intuit.karate - feature call (loop) failed at index: 49
caller: classpath:InspireTest/def/checkxlinkurl.template.feature
arg: {"link":""}
checkxlinkurl.template.feature:21 - 
org.apache.http.client.ClientProtocolException
12:56:38.468 [ForkJoinPool-1-worker-27] INFO  com.intuit.karate - [print] testing xlinkurl:
12:56:38.472 [ForkJoinPool-1-worker-27] ERROR com.intuit.karate - org.apache.http.client.ClientProtocolException, http call failed after 0 milliseconds for URL: 
12:56:38.473 [ForkJoinPool-1-worker-63] ERROR com.intuit.karate - assertion failed: path: $, actual: 404, expected: 200, reason: not equal (Integer)
12:56:38.473 [ForkJoinPool-1-worker-63] ERROR com.intuit.karate - feature call (loop) failed at index: 1
caller: classpath:InspireTest/def/checkxlinkurl.template.feature
arg: {"link":"http://geonetwork-opensource.org/inspire-theme#"}
checkxlinkurl.template.feature:28 - path: $, actual: 404, expected: 200, reason: not equal (Integer)
12:56:38.474 [ForkJoinPool-1-worker-63] INFO  com.intuit.karate - [print] testing xlinkurl:http://inspire.ec.europa.eu/metadata-codelist/SpatialDataServiceCategory/infoMapAccessService
12:56:38.483 [ForkJoinPool-1-worker-27] ERROR com.intuit.karate - http request failed: 
org.apache.http.client.ClientProtocolException
12:56:38.484 [ForkJoinPool-1-worker-27] ERROR com.intuit.karate - feature call (loop) failed at index: 50
caller: classpath:InspireTest/def/checkxlinkurl.template.feature
arg: {"link":""}
checkxlinkurl.template.feature:21 - 
org.apache.http.client.ClientProtocolException
12:56:38.485 [ForkJoinPool-1-worker-27] INFO  com.intuit.karate - [print] testing xlinkurl:
12:56:38.486 [ForkJoinPool-1-worker-27] ERROR com.intuit.karate - org.apache.http.client.ClientProtocolException, http call failed after 0 milliseconds for URL: 
12:56:38.487 [ForkJoinPool-1-worker-27] ERROR com.intuit.karate - http request failed: 
org.apache.http.client.ClientProtocolException
12:56:38.487 [ForkJoinPool-1-worker-27] ERROR com.intuit.karate - feature call (loop) failed at index: 51
caller: classpath:InspireTest/def/checkxlinkurl.template.feature
arg: {"link":""}
checkxlinkurl.template.feature:21 - 
org.apache.http.client.ClientProtocolException
12:56:38.488 [ForkJoinPool-1-worker-27] INFO  com.intuit.karate - [print] testing xlinkurl:
12:56:38.489 [ForkJoinPool-1-worker-27] ERROR com.intuit.karate - org.apache.http.client.ClientProtocolException, http call failed after 0 milliseconds for URL: 
12:56:38.490 [ForkJoinPool-1-worker-27] ERROR com.intuit.karate - http request failed: 
org.apache.http.client.ClientProtocolException
12:56:38.490 [ForkJoinPool-1-worker-27] ERROR com.intuit.karate - feature call (loop) failed at index: 52
caller: classpath:InspireTest/def/checkxlinkurl.template.feature
arg: {"link":""}
checkxlinkurl.template.feature:21 - 
org.apache.http.client.ClientProtocolException
12:56:38.491 [ForkJoinPool-1-worker-27] INFO  com.intuit.karate - [print] testing xlinkurl:
12:56:38.492 [ForkJoinPool-1-worker-27] ERROR com.intuit.karate - org.apache.http.client.ClientProtocolException, http call failed after 0 milliseconds for URL: 
12:56:38.492 [ForkJoinPool-1-worker-27] ERROR com.intuit.karate - http request failed: 
org.apache.http.client.ClientProtocolException
12:56:38.493 [ForkJoinPool-1-worker-27] ERROR com.intuit.karate - feature call (loop) failed at index: 53
caller: classpath:InspireTest/def/checkxlinkurl.template.feature
arg: {"link":""}
checkxlinkurl.template.feature:21 - 
org.apache.http.client.ClientProtocolException
12:56:38.494 [ForkJoinPool-1-worker-27] INFO  com.intuit.karate - [print] testing xlinkurl:
12:56:38.495 [ForkJoinPool-1-worker-27] ERROR com.intuit.karate - org.apache.http.client.ClientProtocolException, http call failed after 0 milliseconds for URL: 
12:56:38.501 [ForkJoinPool-1-worker-27] ERROR com.intuit.karate - http request failed: 
org.apache.http.client.ClientProtocolException
12:56:38.501 [ForkJoinPool-1-worker-27] ERROR com.intuit.karate - feature call (loop) failed at index: 54
caller: classpath:InspireTest/def/checkxlinkurl.template.feature
arg: {"link":""}
checkxlinkurl.template.feature:21 - 
org.apache.http.client.ClientProtocolException
12:56:38.503 [ForkJoinPool-1-worker-27] INFO  com.intuit.karate - [print] testing xlinkurl:
12:56:38.504 [ForkJoinPool-1-worker-27] ERROR com.intuit.karate - org.apache.http.client.ClientProtocolException, http call failed after 0 milliseconds for URL: 
12:56:38.504 [ForkJoinPool-1-worker-27] ERROR com.intuit.karate - http request failed: 
org.apache.http.client.ClientProtocolException
12:56:38.505 [ForkJoinPool-1-worker-27] ERROR com.intuit.karate - feature call (loop) failed at index: 55
caller: classpath:InspireTest/def/checkxlinkurl.template.feature
arg: {"link":""}
checkxlinkurl.template.feature:21 - 
org.apache.http.client.ClientProtocolException
12:56:38.506 [ForkJoinPool-1-worker-27] INFO  com.intuit.karate - [print] testing xlinkurl:
12:56:38.507 [ForkJoinPool-1-worker-27] ERROR com.intuit.karate - org.apache.http.client.ClientProtocolException, http call failed after 0 milliseconds for URL: 
12:56:38.507 [ForkJoinPool-1-worker-27] ERROR com.intuit.karate - http request failed: 
org.apache.http.client.ClientProtocolException
12:56:38.507 [ForkJoinPool-1-worker-27] ERROR com.intuit.karate - feature call (loop) failed at index: 56
caller: classpath:InspireTest/def/checkxlinkurl.template.feature
arg: {"link":""}
checkxlinkurl.template.feature:21 - 
org.apache.http.client.ClientProtocolException
12:56:38.509 [ForkJoinPool-1-worker-27] INFO  com.intuit.karate - [print] testing xlinkurl:
12:56:38.510 [ForkJoinPool-1-worker-27] ERROR com.intuit.karate - org.apache.http.client.ClientProtocolException, http call failed after 0 milliseconds for URL: 
12:56:38.510 [ForkJoinPool-1-worker-27] ERROR com.intuit.karate - http request failed: 
org.apache.http.client.ClientProtocolException
12:56:38.510 [ForkJoinPool-1-worker-27] ERROR com.intuit.karate - feature call (loop) failed at index: 57
caller: classpath:InspireTest/def/checkxlinkurl.template.feature
arg: {"link":""}
checkxlinkurl.template.feature:21 - 
org.apache.http.client.ClientProtocolException
12:56:38.512 [ForkJoinPool-1-worker-27] INFO  com.intuit.karate - [print] testing xlinkurl:
12:56:38.513 [ForkJoinPool-1-worker-27] ERROR com.intuit.karate - org.apache.http.client.ClientProtocolException, http call failed after 0 milliseconds for URL: 
12:56:38.514 [ForkJoinPool-1-worker-27] ERROR com.intuit.karate - http request failed: 
org.apache.http.client.ClientProtocolException
12:56:38.514 [ForkJoinPool-1-worker-27] ERROR com.intuit.karate - feature call (loop) failed at index: 58
caller: classpath:InspireTest/def/checkxlinkurl.template.feature
arg: {"link":""}
checkxlinkurl.template.feature:21 - 
org.apache.http.client.ClientProtocolException
12:56:38.515 [ForkJoinPool-1-worker-27] INFO  com.intuit.karate - [print] testing xlinkurl:
12:56:38.516 [ForkJoinPool-1-worker-27] ERROR com.intuit.karate - org.apache.http.client.ClientProtocolException, http call failed after 0 milliseconds for URL: 
12:56:38.517 [ForkJoinPool-1-worker-27] ERROR com.intuit.karate - http request failed: 
org.apache.http.client.ClientProtocolException
12:56:38.518 [ForkJoinPool-1-worker-27] ERROR com.intuit.karate - feature call (loop) failed at index: 59
caller: classpath:InspireTest/def/checkxlinkurl.template.feature
arg: {"link":""}
checkxlinkurl.template.feature:21 - 
org.apache.http.client.ClientProtocolException
12:56:38.519 [ForkJoinPool-1-worker-27] INFO  com.intuit.karate - [print] testing xlinkurl:
12:56:38.520 [ForkJoinPool-1-worker-27] ERROR com.intuit.karate - org.apache.http.client.ClientProtocolException, http call failed after 0 milliseconds for URL: 
12:56:38.520 [ForkJoinPool-1-worker-27] ERROR com.intuit.karate - http request failed: 
org.apache.http.client.ClientProtocolException
12:56:38.521 [ForkJoinPool-1-worker-27] ERROR com.intuit.karate - feature call (loop) failed at index: 60
caller: classpath:InspireTest/def/checkxlinkurl.template.feature
arg: {"link":""}
checkxlinkurl.template.feature:21 - 
org.apache.http.client.ClientProtocolException
12:56:38.523 [ForkJoinPool-1-worker-27] INFO  com.intuit.karate - [print] testing xlinkurl:
12:56:38.524 [ForkJoinPool-1-worker-27] ERROR com.intuit.karate - org.apache.http.client.ClientProtocolException, http call failed after 0 milliseconds for URL: 
12:56:38.524 [ForkJoinPool-1-worker-27] ERROR com.intuit.karate - http request failed: 
org.apache.http.client.ClientProtocolException
12:56:38.524 [ForkJoinPool-1-worker-27] ERROR com.intuit.karate - feature call (loop) failed at index: 61
caller: classpath:InspireTest/def/checkxlinkurl.template.feature
arg: {"link":""}
checkxlinkurl.template.feature:21 - 
org.apache.http.client.ClientProtocolException
12:56:38.526 [ForkJoinPool-1-worker-27] INFO  com.intuit.karate - [print] testing xlinkurl:
12:56:38.527 [ForkJoinPool-1-worker-27] ERROR com.intuit.karate - org.apache.http.client.ClientProtocolException, http call failed after 0 milliseconds for URL: 
12:56:38.527 [ForkJoinPool-1-worker-27] ERROR com.intuit.karate - http request failed: 
org.apache.http.client.ClientProtocolException
12:56:38.528 [ForkJoinPool-1-worker-27] ERROR com.intuit.karate - feature call (loop) failed at index: 62
caller: classpath:InspireTest/def/checkxlinkurl.template.feature
arg: {"link":""}
checkxlinkurl.template.feature:21 - 
org.apache.http.client.ClientProtocolException
12:56:38.529 [ForkJoinPool-1-worker-27] INFO  com.intuit.karate - [print] testing xlinkurl:
12:56:38.530 [ForkJoinPool-1-worker-27] ERROR com.intuit.karate - org.apache.http.client.ClientProtocolException, http call failed after 0 milliseconds for URL: 
12:56:38.531 [ForkJoinPool-1-worker-27] ERROR com.intuit.karate - http request failed: 
org.apache.http.client.ClientProtocolException
12:56:38.531 [ForkJoinPool-1-worker-27] ERROR com.intuit.karate - feature call (loop) failed at index: 63
caller: classpath:InspireTest/def/checkxlinkurl.template.feature
arg: {"link":""}
checkxlinkurl.template.feature:21 - 
org.apache.http.client.ClientProtocolException
12:56:38.532 [ForkJoinPool-1-worker-27] INFO  com.intuit.karate - [print] testing xlinkurl:
12:56:38.533 [ForkJoinPool-1-worker-27] ERROR com.intuit.karate - org.apache.http.client.ClientProtocolException, http call failed after 0 milliseconds for URL: 
12:56:38.533 [ForkJoinPool-1-worker-27] ERROR com.intuit.karate - http request failed: 
org.apache.http.client.ClientProtocolException
12:56:38.534 [ForkJoinPool-1-worker-27] ERROR com.intuit.karate - feature call (loop) failed at index: 64
caller: classpath:InspireTest/def/checkxlinkurl.template.feature
arg: {"link":""}
checkxlinkurl.template.feature:21 - 
org.apache.http.client.ClientProtocolException
12:56:38.542 [ForkJoinPool-1-worker-27] INFO  com.intuit.karate - [print] testing xlinkurl:
12:56:38.544 [ForkJoinPool-1-worker-27] ERROR com.intuit.karate - org.apache.http.client.ClientProtocolException, http call failed after 0 milliseconds for URL: 
12:56:38.544 [ForkJoinPool-1-worker-27] ERROR com.intuit.karate - http request failed: 
org.apache.http.client.ClientProtocolException
12:56:38.545 [ForkJoinPool-1-worker-27] ERROR com.intuit.karate - feature call (loop) failed at index: 65
caller: classpath:InspireTest/def/checkxlinkurl.template.feature
arg: {"link":""}
checkxlinkurl.template.feature:21 - 
org.apache.http.client.ClientProtocolException
12:56:38.546 [ForkJoinPool-1-worker-27] INFO  com.intuit.karate - [print] testing xlinkurl:
12:56:38.547 [ForkJoinPool-1-worker-27] ERROR com.intuit.karate - org.apache.http.client.ClientProtocolException, http call failed after 0 milliseconds for URL: 
12:56:38.548 [ForkJoinPool-1-worker-27] ERROR com.intuit.karate - http request failed: 
org.apache.http.client.ClientProtocolException
12:56:38.548 [ForkJoinPool-1-worker-27] ERROR com.intuit.karate - feature call (loop) failed at index: 66
caller: classpath:InspireTest/def/checkxlinkurl.template.feature
arg: {"link":""}
checkxlinkurl.template.feature:21 - 
org.apache.http.client.ClientProtocolException
12:56:38.550 [ForkJoinPool-1-worker-27] INFO  com.intuit.karate - [print] testing xlinkurl:
12:56:38.551 [ForkJoinPool-1-worker-27] ERROR com.intuit.karate - org.apache.http.client.ClientProtocolException, http call failed after 0 milliseconds for URL: 
12:56:38.551 [ForkJoinPool-1-worker-27] ERROR com.intuit.karate - http request failed: 
org.apache.http.client.ClientProtocolException
12:56:38.551 [ForkJoinPool-1-worker-27] ERROR com.intuit.karate - feature call (loop) failed at index: 67
caller: classpath:InspireTest/def/checkxlinkurl.template.feature
arg: {"link":""}
checkxlinkurl.template.feature:21 - 
org.apache.http.client.ClientProtocolException
12:56:38.553 [ForkJoinPool-1-worker-27] INFO  com.intuit.karate - [print] testing xlinkurl:
12:56:38.554 [ForkJoinPool-1-worker-27] ERROR com.intuit.karate - org.apache.http.client.ClientProtocolException, http call failed after 0 milliseconds for URL: 
12:56:38.554 [ForkJoinPool-1-worker-27] ERROR com.intuit.karate - http request failed: 
org.apache.http.client.ClientProtocolException
12:56:38.554 [ForkJoinPool-1-worker-27] ERROR com.intuit.karate - feature call (loop) failed at index: 68
caller: classpath:InspireTest/def/checkxlinkurl.template.feature
arg: {"link":""}
checkxlinkurl.template.feature:21 - 
org.apache.http.client.ClientProtocolException
12:56:38.556 [ForkJoinPool-1-worker-27] INFO  com.intuit.karate - [print] testing xlinkurl:
12:56:38.557 [ForkJoinPool-1-worker-27] ERROR com.intuit.karate - org.apache.http.client.ClientProtocolException, http call failed after 0 milliseconds for URL: 
12:56:38.557 [ForkJoinPool-1-worker-27] ERROR com.intuit.karate - http request failed: 
org.apache.http.client.ClientProtocolException
12:56:38.557 [ForkJoinPool-1-worker-27] ERROR com.intuit.karate - feature call (loop) failed at index: 69
caller: classpath:InspireTest/def/checkxlinkurl.template.feature
arg: {"link":""}
checkxlinkurl.template.feature:21 - 
org.apache.http.client.ClientProtocolException
12:56:38.559 [ForkJoinPool-1-worker-27] INFO  com.intuit.karate - [print] testing xlinkurl:
12:56:38.560 [ForkJoinPool-1-worker-27] ERROR com.intuit.karate - org.apache.http.client.ClientProtocolException, http call failed after 0 milliseconds for URL: 
12:56:38.560 [ForkJoinPool-1-worker-27] ERROR com.intuit.karate - http request failed: 
org.apache.http.client.ClientProtocolException
12:56:38.561 [ForkJoinPool-1-worker-27] ERROR com.intuit.karate - feature call (loop) failed at index: 70
caller: classpath:InspireTest/def/checkxlinkurl.template.feature
arg: {"link":""}
checkxlinkurl.template.feature:21 - 
org.apache.http.client.ClientProtocolException
12:56:38.562 [ForkJoinPool-1-worker-27] INFO  com.intuit.karate - [print] testing xlinkurl:
12:56:38.563 [ForkJoinPool-1-worker-27] ERROR com.intuit.karate - org.apache.http.client.ClientProtocolException, http call failed after 0 milliseconds for URL: 
12:56:38.563 [ForkJoinPool-1-worker-27] ERROR com.intuit.karate - http request failed: 
org.apache.http.client.ClientProtocolException
12:56:38.564 [ForkJoinPool-1-worker-27] ERROR com.intuit.karate - feature call (loop) failed at index: 71
caller: classpath:InspireTest/def/checkxlinkurl.template.feature
arg: {"link":""}
checkxlinkurl.template.feature:21 - 
org.apache.http.client.ClientProtocolException
12:56:38.565 [ForkJoinPool-1-worker-27] INFO  com.intuit.karate - [print] testing xlinkurl:
12:56:38.566 [ForkJoinPool-1-worker-27] ERROR com.intuit.karate - org.apache.http.client.ClientProtocolException, http call failed after 0 milliseconds for URL: 
12:56:38.566 [ForkJoinPool-1-worker-27] ERROR com.intuit.karate - http request failed: 
org.apache.http.client.ClientProtocolException
12:56:38.567 [ForkJoinPool-1-worker-27] ERROR com.intuit.karate - feature call (loop) failed at index: 72
caller: classpath:InspireTest/def/checkxlinkurl.template.feature
arg: {"link":""}
checkxlinkurl.template.feature:21 - 
org.apache.http.client.ClientProtocolException
12:56:38.568 [ForkJoinPool-1-worker-27] INFO  com.intuit.karate - [print] testing xlinkurl:
12:56:38.569 [ForkJoinPool-1-worker-27] ERROR com.intuit.karate - org.apache.http.client.ClientProtocolException, http call failed after 0 milliseconds for URL: 
12:56:38.569 [ForkJoinPool-1-worker-27] ERROR com.intuit.karate - http request failed: 
org.apache.http.client.ClientProtocolException
12:56:38.570 [ForkJoinPool-1-worker-27] ERROR com.intuit.karate - feature call (loop) failed at index: 73
caller: classpath:InspireTest/def/checkxlinkurl.template.feature
arg: {"link":""}
checkxlinkurl.template.feature:21 - 
org.apache.http.client.ClientProtocolException
12:56:38.571 [ForkJoinPool-1-worker-27] INFO  com.intuit.karate - [print] testing xlinkurl:
12:56:38.572 [ForkJoinPool-1-worker-27] ERROR com.intuit.karate - org.apache.http.client.ClientProtocolException, http call failed after 0 milliseconds for URL: 
12:56:38.572 [ForkJoinPool-1-worker-27] ERROR com.intuit.karate - http request failed: 
org.apache.http.client.ClientProtocolException
12:56:38.573 [ForkJoinPool-1-worker-27] ERROR com.intuit.karate - feature call (loop) failed at index: 74
caller: classpath:InspireTest/def/checkxlinkurl.template.feature
arg: {"link":""}
checkxlinkurl.template.feature:21 - 
org.apache.http.client.ClientProtocolException
12:56:38.574 [ForkJoinPool-1-worker-27] INFO  com.intuit.karate - [print] testing xlinkurl:
12:56:38.575 [ForkJoinPool-1-worker-27] ERROR com.intuit.karate - org.apache.http.client.ClientProtocolException, http call failed after 0 milliseconds for URL: 
12:56:38.575 [ForkJoinPool-1-worker-27] ERROR com.intuit.karate - http request failed: 
org.apache.http.client.ClientProtocolException
12:56:38.576 [ForkJoinPool-1-worker-27] ERROR com.intuit.karate - feature call (loop) failed at index: 75
caller: classpath:InspireTest/def/checkxlinkurl.template.feature
arg: {"link":""}
checkxlinkurl.template.feature:21 - 
org.apache.http.client.ClientProtocolException
12:56:38.578 [ForkJoinPool-1-worker-27] INFO  com.intuit.karate - [print] testing xlinkurl:
12:56:38.579 [ForkJoinPool-1-worker-27] ERROR com.intuit.karate - org.apache.http.client.ClientProtocolException, http call failed after 0 milliseconds for URL: 
12:56:38.579 [ForkJoinPool-1-worker-27] ERROR com.intuit.karate - http request failed: 
org.apache.http.client.ClientProtocolException
12:56:38.579 [ForkJoinPool-1-worker-27] ERROR com.intuit.karate - feature call (loop) failed at index: 76
caller: classpath:InspireTest/def/checkxlinkurl.template.feature
arg: {"link":""}
checkxlinkurl.template.feature:21 - 
org.apache.http.client.ClientProtocolException
12:56:38.581 [ForkJoinPool-1-worker-27] INFO  com.intuit.karate - [print] testing xlinkurl:
12:56:38.582 [ForkJoinPool-1-worker-27] ERROR com.intuit.karate - org.apache.http.client.ClientProtocolException, http call failed after 0 milliseconds for URL: 
12:56:38.582 [ForkJoinPool-1-worker-27] ERROR com.intuit.karate - http request failed: 
org.apache.http.client.ClientProtocolException
12:56:38.583 [ForkJoinPool-1-worker-27] ERROR com.intuit.karate - feature call (loop) failed at index: 77
caller: classpath:InspireTest/def/checkxlinkurl.template.feature
arg: {"link":""}
checkxlinkurl.template.feature:21 - 
org.apache.http.client.ClientProtocolException
12:56:38.584 [ForkJoinPool-1-worker-27] INFO  com.intuit.karate - [print] testing xlinkurl:
12:56:38.585 [ForkJoinPool-1-worker-27] ERROR com.intuit.karate - org.apache.http.client.ClientProtocolException, http call failed after 0 milliseconds for URL: 
12:56:38.585 [ForkJoinPool-1-worker-27] ERROR com.intuit.karate - http request failed: 
org.apache.http.client.ClientProtocolException
12:56:38.585 [ForkJoinPool-1-worker-27] ERROR com.intuit.karate - feature call (loop) failed at index: 78
caller: classpath:InspireTest/def/checkxlinkurl.template.feature
arg: {"link":""}
checkxlinkurl.template.feature:21 - 
org.apache.http.client.ClientProtocolException
12:56:38.586 [ForkJoinPool-1-worker-27] INFO  com.intuit.karate - [print] testing xlinkurl:
12:56:38.596 [ForkJoinPool-1-worker-27] ERROR com.intuit.karate - org.apache.http.client.ClientProtocolException, http call failed after 0 milliseconds for URL: 
12:56:38.597 [ForkJoinPool-1-worker-27] ERROR com.intuit.karate - http request failed: 
org.apache.http.client.ClientProtocolException
12:56:38.597 [ForkJoinPool-1-worker-27] ERROR com.intuit.karate - feature call (loop) failed at index: 79
caller: classpath:InspireTest/def/checkxlinkurl.template.feature
arg: {"link":""}
checkxlinkurl.template.feature:21 - 
org.apache.http.client.ClientProtocolException
12:56:38.600 [ForkJoinPool-1-worker-27] INFO  com.intuit.karate - [print] testing xlinkurl:
12:56:38.601 [ForkJoinPool-1-worker-27] ERROR com.intuit.karate - org.apache.http.client.ClientProtocolException, http call failed after 0 milliseconds for URL: 
12:56:38.602 [ForkJoinPool-1-worker-27] ERROR com.intuit.karate - http request failed: 
org.apache.http.client.ClientProtocolException
12:56:38.602 [ForkJoinPool-1-worker-27] ERROR com.intuit.karate - feature call (loop) failed at index: 80
caller: classpath:InspireTest/def/checkxlinkurl.template.feature
arg: {"link":""}
checkxlinkurl.template.feature:21 - 
org.apache.http.client.ClientProtocolException
12:56:38.603 [ForkJoinPool-1-worker-27] INFO  com.intuit.karate - [print] testing xlinkurl:
12:56:38.604 [ForkJoinPool-1-worker-27] ERROR com.intuit.karate - org.apache.http.client.ClientProtocolException, http call failed after 0 milliseconds for URL: 
12:56:38.605 [ForkJoinPool-1-worker-27] ERROR com.intuit.karate - http request failed: 
org.apache.http.client.ClientProtocolException
12:56:38.605 [ForkJoinPool-1-worker-27] ERROR com.intuit.karate - feature call (loop) failed at index: 81
caller: classpath:InspireTest/def/checkxlinkurl.template.feature
arg: {"link":""}
checkxlinkurl.template.feature:21 - 
org.apache.http.client.ClientProtocolException
12:56:38.606 [ForkJoinPool-1-worker-27] INFO  com.intuit.karate - [print] testing xlinkurl:
12:56:38.607 [ForkJoinPool-1-worker-27] ERROR com.intuit.karate - org.apache.http.client.ClientProtocolException, http call failed after 0 milliseconds for URL: 
12:56:38.608 [ForkJoinPool-1-worker-27] ERROR com.intuit.karate - http request failed: 
org.apache.http.client.ClientProtocolException
12:56:38.608 [ForkJoinPool-1-worker-27] ERROR com.intuit.karate - feature call (loop) failed at index: 82
caller: classpath:InspireTest/def/checkxlinkurl.template.feature
arg: {"link":""}
checkxlinkurl.template.feature:21 - 
org.apache.http.client.ClientProtocolException
12:56:38.610 [ForkJoinPool-1-worker-27] INFO  com.intuit.karate - [print] testing xlinkurl:
12:56:38.611 [ForkJoinPool-1-worker-27] ERROR com.intuit.karate - org.apache.http.client.ClientProtocolException, http call failed after 0 milliseconds for URL: 
12:56:38.612 [ForkJoinPool-1-worker-27] ERROR com.intuit.karate - http request failed: 
org.apache.http.client.ClientProtocolException
12:56:38.612 [ForkJoinPool-1-worker-27] ERROR com.intuit.karate - feature call (loop) failed at index: 83
caller: classpath:InspireTest/def/checkxlinkurl.template.feature
arg: {"link":""}
checkxlinkurl.template.feature:21 - 
org.apache.http.client.ClientProtocolException
12:56:38.613 [ForkJoinPool-1-worker-27] INFO  com.intuit.karate - [print] testing xlinkurl:
12:56:38.614 [ForkJoinPool-1-worker-27] ERROR com.intuit.karate - org.apache.http.client.ClientProtocolException, http call failed after 0 milliseconds for URL: 
12:56:38.615 [ForkJoinPool-1-worker-27] ERROR com.intuit.karate - http request failed: 
org.apache.http.client.ClientProtocolException
12:56:38.615 [ForkJoinPool-1-worker-27] ERROR com.intuit.karate - feature call (loop) failed at index: 84
caller: classpath:InspireTest/def/checkxlinkurl.template.feature
arg: {"link":""}
checkxlinkurl.template.feature:21 - 
org.apache.http.client.ClientProtocolException
12:56:38.616 [ForkJoinPool-1-worker-27] INFO  com.intuit.karate - [print] testing xlinkurl:
12:56:38.617 [ForkJoinPool-1-worker-27] ERROR com.intuit.karate - org.apache.http.client.ClientProtocolException, http call failed after 0 milliseconds for URL: 
12:56:38.618 [ForkJoinPool-1-worker-27] ERROR com.intuit.karate - http request failed: 
org.apache.http.client.ClientProtocolException
12:56:38.618 [ForkJoinPool-1-worker-27] ERROR com.intuit.karate - feature call (loop) failed at index: 85
caller: classpath:InspireTest/def/checkxlinkurl.template.feature
arg: {"link":""}
checkxlinkurl.template.feature:21 - 
org.apache.http.client.ClientProtocolException
12:56:38.619 [ForkJoinPool-1-worker-27] INFO  com.intuit.karate - [print] testing xlinkurl:
12:56:38.620 [ForkJoinPool-1-worker-27] ERROR com.intuit.karate - org.apache.http.client.ClientProtocolException, http call failed after 0 milliseconds for URL: 
12:56:38.621 [ForkJoinPool-1-worker-27] ERROR com.intuit.karate - http request failed: 
org.apache.http.client.ClientProtocolException
12:56:38.621 [ForkJoinPool-1-worker-27] ERROR com.intuit.karate - feature call (loop) failed at index: 86
caller: classpath:InspireTest/def/checkxlinkurl.template.feature
arg: {"link":""}
checkxlinkurl.template.feature:21 - 
org.apache.http.client.ClientProtocolException
12:56:38.622 [ForkJoinPool-1-worker-27] INFO  com.intuit.karate - [print] testing xlinkurl:
12:56:38.623 [ForkJoinPool-1-worker-27] ERROR com.intuit.karate - org.apache.http.client.ClientProtocolException, http call failed after 0 milliseconds for URL: 
12:56:38.624 [ForkJoinPool-1-worker-27] ERROR com.intuit.karate - http request failed: 
org.apache.http.client.ClientProtocolException
12:56:38.624 [ForkJoinPool-1-worker-27] ERROR com.intuit.karate - feature call (loop) failed at index: 87
caller: classpath:InspireTest/def/checkxlinkurl.template.feature
arg: {"link":""}
checkxlinkurl.template.feature:21 - 
org.apache.http.client.ClientProtocolException
12:56:38.626 [ForkJoinPool-1-worker-27] INFO  com.intuit.karate - [print] testing xlinkurl:
12:56:38.627 [ForkJoinPool-1-worker-27] ERROR com.intuit.karate - org.apache.http.client.ClientProtocolException, http call failed after 0 milliseconds for URL: 
12:56:38.627 [ForkJoinPool-1-worker-27] ERROR com.intuit.karate - http request failed: 
org.apache.http.client.ClientProtocolException
12:56:38.628 [ForkJoinPool-1-worker-27] ERROR com.intuit.karate - feature call (loop) failed at index: 88
caller: classpath:InspireTest/def/checkxlinkurl.template.feature
arg: {"link":""}
checkxlinkurl.template.feature:21 - 
org.apache.http.client.ClientProtocolException
12:56:38.629 [ForkJoinPool-1-worker-27] INFO  com.intuit.karate - [print] testing xlinkurl:
12:56:38.630 [ForkJoinPool-1-worker-27] ERROR com.intuit.karate - org.apache.http.client.ClientProtocolException, http call failed after 0 milliseconds for URL: 
12:56:38.630 [ForkJoinPool-1-worker-27] ERROR com.intuit.karate - http request failed: 
org.apache.http.client.ClientProtocolException
12:56:38.631 [ForkJoinPool-1-worker-27] ERROR com.intuit.karate - feature call (loop) failed at index: 89
caller: classpath:InspireTest/def/checkxlinkurl.template.feature
arg: {"link":""}
checkxlinkurl.template.feature:21 - 
org.apache.http.client.ClientProtocolException
12:56:38.632 [ForkJoinPool-1-worker-27] INFO  com.intuit.karate - [print] testing xlinkurl:
12:56:38.633 [ForkJoinPool-1-worker-27] ERROR com.intuit.karate - org.apache.http.client.ClientProtocolException, http call failed after 0 milliseconds for URL: 
12:56:38.633 [ForkJoinPool-1-worker-27] ERROR com.intuit.karate - http request failed: 
org.apache.http.client.ClientProtocolException
12:56:38.634 [ForkJoinPool-1-worker-27] ERROR com.intuit.karate - feature call (loop) failed at index: 90
caller: classpath:InspireTest/def/checkxlinkurl.template.feature
arg: {"link":""}
checkxlinkurl.template.feature:21 - 
org.apache.http.client.ClientProtocolException
12:56:38.635 [ForkJoinPool-1-worker-27] INFO  com.intuit.karate - [print] testing xlinkurl:
12:56:38.637 [ForkJoinPool-1-worker-27] ERROR com.intuit.karate - org.apache.http.client.ClientProtocolException, http call failed after 0 milliseconds for URL: 
12:56:38.637 [ForkJoinPool-1-worker-27] ERROR com.intuit.karate - http request failed: 
org.apache.http.client.ClientProtocolException
12:56:38.638 [ForkJoinPool-1-worker-27] ERROR com.intuit.karate - feature call (loop) failed at index: 91
caller: classpath:InspireTest/def/checkxlinkurl.template.feature
arg: {"link":""}
checkxlinkurl.template.feature:21 - 
org.apache.http.client.ClientProtocolException
12:56:38.642 [ForkJoinPool-1-worker-27] INFO  com.intuit.karate - [print] testing xlinkurl:
12:56:38.643 [ForkJoinPool-1-worker-27] ERROR com.intuit.karate - org.apache.http.client.ClientProtocolException, http call failed after 0 milliseconds for URL: 
12:56:38.643 [ForkJoinPool-1-worker-27] ERROR com.intuit.karate - http request failed: 
org.apache.http.client.ClientProtocolException
12:56:38.643 [ForkJoinPool-1-worker-27] ERROR com.intuit.karate - feature call (loop) failed at index: 92
caller: classpath:InspireTest/def/checkxlinkurl.template.feature
arg: {"link":""}
checkxlinkurl.template.feature:21 - 
org.apache.http.client.ClientProtocolException
12:56:38.644 [ForkJoinPool-1-worker-27] INFO  com.intuit.karate - [print] testing xlinkurl:
12:56:38.645 [ForkJoinPool-1-worker-27] ERROR com.intuit.karate - org.apache.http.client.ClientProtocolException, http call failed after 0 milliseconds for URL: 
12:56:38.646 [ForkJoinPool-1-worker-27] ERROR com.intuit.karate - http request failed: 
org.apache.http.client.ClientProtocolException
12:56:38.646 [ForkJoinPool-1-worker-27] ERROR com.intuit.karate - feature call (loop) failed at index: 93
caller: classpath:InspireTest/def/checkxlinkurl.template.feature
arg: {"link":""}
checkxlinkurl.template.feature:21 - 
org.apache.http.client.ClientProtocolException
12:56:38.660 [ForkJoinPool-1-worker-27] INFO  com.intuit.karate - [print] testing xlinkurl:
12:56:38.661 [ForkJoinPool-1-worker-27] ERROR com.intuit.karate - org.apache.http.client.ClientProtocolException, http call failed after 0 milliseconds for URL: 
12:56:38.662 [ForkJoinPool-1-worker-27] ERROR com.intuit.karate - http request failed: 
org.apache.http.client.ClientProtocolException
12:56:38.662 [ForkJoinPool-1-worker-27] ERROR com.intuit.karate - feature call (loop) failed at index: 94
caller: classpath:InspireTest/def/checkxlinkurl.template.feature
arg: {"link":""}
checkxlinkurl.template.feature:21 - 
org.apache.http.client.ClientProtocolException
12:56:38.663 [ForkJoinPool-1-worker-27] INFO  com.intuit.karate - [print] testing xlinkurl:
12:56:38.664 [ForkJoinPool-1-worker-27] ERROR com.intuit.karate - org.apache.http.client.ClientProtocolException, http call failed after 0 milliseconds for URL: 
12:56:38.664 [ForkJoinPool-1-worker-27] ERROR com.intuit.karate - http request failed: 
org.apache.http.client.ClientProtocolException
12:56:38.665 [ForkJoinPool-1-worker-27] ERROR com.intuit.karate - feature call (loop) failed at index: 95
caller: classpath:InspireTest/def/checkxlinkurl.template.feature
arg: {"link":""}
checkxlinkurl.template.feature:21 - 
org.apache.http.client.ClientProtocolException
12:56:38.666 [ForkJoinPool-1-worker-27] INFO  com.intuit.karate - [print] testing xlinkurl:
12:56:38.667 [ForkJoinPool-1-worker-27] ERROR com.intuit.karate - org.apache.http.client.ClientProtocolException, http call failed after 0 milliseconds for URL: 
12:56:38.667 [ForkJoinPool-1-worker-27] ERROR com.intuit.karate - http request failed: 
org.apache.http.client.ClientProtocolException
12:56:38.668 [ForkJoinPool-1-worker-27] ERROR com.intuit.karate - feature call (loop) failed at index: 96
caller: classpath:InspireTest/def/checkxlinkurl.template.feature
arg: {"link":""}
checkxlinkurl.template.feature:21 - 
org.apache.http.client.ClientProtocolException
12:56:38.669 [ForkJoinPool-1-worker-27] INFO  com.intuit.karate - [print] testing xlinkurl:
12:56:38.670 [ForkJoinPool-1-worker-27] ERROR com.intuit.karate - org.apache.http.client.ClientProtocolException, http call failed after 0 milliseconds for URL: 
12:56:38.670 [ForkJoinPool-1-worker-27] ERROR com.intuit.karate - http request failed: 
org.apache.http.client.ClientProtocolException
12:56:38.671 [ForkJoinPool-1-worker-27] ERROR com.intuit.karate - feature call (loop) failed at index: 97
caller: classpath:InspireTest/def/checkxlinkurl.template.feature
arg: {"link":""}
checkxlinkurl.template.feature:21 - 
org.apache.http.client.ClientProtocolException
12:56:38.672 [ForkJoinPool-1-worker-27] INFO  com.intuit.karate - [print] testing xlinkurl:
12:56:38.676 [ForkJoinPool-1-worker-27] ERROR com.intuit.karate - org.apache.http.client.ClientProtocolException, http call failed after 0 milliseconds for URL: 
12:56:38.676 [ForkJoinPool-1-worker-27] ERROR com.intuit.karate - http request failed: 
org.apache.http.client.ClientProtocolException
12:56:38.679 [ForkJoinPool-1-worker-27] ERROR com.intuit.karate - feature call (loop) failed at index: 98
caller: classpath:InspireTest/def/checkxlinkurl.template.feature
arg: {"link":""}
checkxlinkurl.template.feature:21 - 
org.apache.http.client.ClientProtocolException
12:56:38.681 [ForkJoinPool-1-worker-27] INFO  com.intuit.karate - [print] testing xlinkurl:
12:56:38.683 [ForkJoinPool-1-worker-27] ERROR com.intuit.karate - org.apache.http.client.ClientProtocolException, http call failed after 0 milliseconds for URL: 
12:56:38.684 [ForkJoinPool-1-worker-27] ERROR com.intuit.karate - http request failed: 
org.apache.http.client.ClientProtocolException
12:56:38.686 [ForkJoinPool-1-worker-27] ERROR com.intuit.karate - feature call (loop) failed at index: 99
caller: classpath:InspireTest/def/checkxlinkurl.template.feature
arg: {"link":""}
checkxlinkurl.template.feature:21 - 
org.apache.http.client.ClientProtocolException
12:56:38.688 [ForkJoinPool-1-worker-27] INFO  com.intuit.karate - [print] testing xlinkurl:
12:56:38.689 [ForkJoinPool-1-worker-27] ERROR com.intuit.karate - org.apache.http.client.ClientProtocolException, http call failed after 0 milliseconds for URL: 
12:56:38.689 [ForkJoinPool-1-worker-27] ERROR com.intuit.karate - http request failed: 
org.apache.http.client.ClientProtocolException
12:56:38.689 [ForkJoinPool-1-worker-27] ERROR com.intuit.karate - feature call (loop) failed at index: 100
caller: classpath:InspireTest/def/checkxlinkurl.template.feature
arg: {"link":""}
checkxlinkurl.template.feature:21 - 
org.apache.http.client.ClientProtocolException
12:56:38.693 [ForkJoinPool-1-worker-27] INFO  com.intuit.karate - [print] testing xlinkurl:
12:56:38.694 [ForkJoinPool-1-worker-27] ERROR com.intuit.karate - org.apache.http.client.ClientProtocolException, http call failed after 0 milliseconds for URL: 
12:56:38.694 [ForkJoinPool-1-worker-27] ERROR com.intuit.karate - http request failed: 
org.apache.http.client.ClientProtocolException
12:56:38.695 [ForkJoinPool-1-worker-27] ERROR com.intuit.karate - feature call (loop) failed at index: 101
caller: classpath:InspireTest/def/checkxlinkurl.template.feature
arg: {"link":""}
checkxlinkurl.template.feature:21 - 
org.apache.http.client.ClientProtocolException
12:56:38.697 [ForkJoinPool-1-worker-27] INFO  com.intuit.karate - [print] testing xlinkurl:
12:56:38.698 [ForkJoinPool-1-worker-27] ERROR com.intuit.karate - org.apache.http.client.ClientProtocolException, http call failed after 0 milliseconds for URL: 
12:56:38.698 [ForkJoinPool-1-worker-27] ERROR com.intuit.karate - http request failed: 
org.apache.http.client.ClientProtocolException
12:56:38.705 [ForkJoinPool-1-worker-27] ERROR com.intuit.karate - feature call (loop) failed at index: 102
caller: classpath:InspireTest/def/checkxlinkurl.template.feature
arg: {"link":""}
checkxlinkurl.template.feature:21 - 
org.apache.http.client.ClientProtocolException
12:56:38.707 [ForkJoinPool-1-worker-27] INFO  com.intuit.karate - [print] testing xlinkurl:
12:56:38.708 [ForkJoinPool-1-worker-27] ERROR com.intuit.karate - org.apache.http.client.ClientProtocolException, http call failed after 0 milliseconds for URL: 
12:56:38.708 [ForkJoinPool-1-worker-27] ERROR com.intuit.karate - http request failed: 
org.apache.http.client.ClientProtocolException
12:56:38.710 [ForkJoinPool-1-worker-27] ERROR com.intuit.karate - feature call (loop) failed at index: 103
caller: classpath:InspireTest/def/checkxlinkurl.template.feature
arg: {"link":""}
checkxlinkurl.template.feature:21 - 
org.apache.http.client.ClientProtocolException
12:56:38.712 [ForkJoinPool-1-worker-27] INFO  com.intuit.karate - [print] testing xlinkurl:
12:56:38.713 [ForkJoinPool-1-worker-27] ERROR com.intuit.karate - org.apache.http.client.ClientProtocolException, http call failed after 0 milliseconds for URL: 
12:56:38.713 [ForkJoinPool-1-worker-27] ERROR com.intuit.karate - http request failed: 
org.apache.http.client.ClientProtocolException
12:56:38.714 [ForkJoinPool-1-worker-27] ERROR com.intuit.karate - feature call (loop) failed at index: 104
caller: classpath:InspireTest/def/checkxlinkurl.template.feature
arg: {"link":""}
checkxlinkurl.template.feature:21 - 
org.apache.http.client.ClientProtocolException
12:56:38.716 [ForkJoinPool-1-worker-27] INFO  com.intuit.karate - [print] testing xlinkurl:
12:56:38.717 [ForkJoinPool-1-worker-27] ERROR com.intuit.karate - org.apache.http.client.ClientProtocolException, http call failed after 0 milliseconds for URL: 
12:56:38.717 [ForkJoinPool-1-worker-27] ERROR com.intuit.karate - http request failed: 
org.apache.http.client.ClientProtocolException
12:56:38.718 [ForkJoinPool-1-worker-27] ERROR com.intuit.karate - feature call (loop) failed at index: 105
caller: classpath:InspireTest/def/checkxlinkurl.template.feature
arg: {"link":""}
checkxlinkurl.template.feature:21 - 
org.apache.http.client.ClientProtocolException
12:56:38.720 [ForkJoinPool-1-worker-27] INFO  com.intuit.karate - [print] testing xlinkurl:
12:56:38.721 [ForkJoinPool-1-worker-27] ERROR com.intuit.karate - org.apache.http.client.ClientProtocolException, http call failed after 0 milliseconds for URL: 
12:56:38.721 [ForkJoinPool-1-worker-27] ERROR com.intuit.karate - http request failed: 
org.apache.http.client.ClientProtocolException
12:56:38.722 [ForkJoinPool-1-worker-27] ERROR com.intuit.karate - feature call (loop) failed at index: 106
caller: classpath:InspireTest/def/checkxlinkurl.template.feature
arg: {"link":""}
checkxlinkurl.template.feature:21 - 
org.apache.http.client.ClientProtocolException
12:56:38.724 [ForkJoinPool-1-worker-27] INFO  com.intuit.karate - [print] testing xlinkurl:
12:56:38.725 [ForkJoinPool-1-worker-27] ERROR com.intuit.karate - org.apache.http.client.ClientProtocolException, http call failed after 0 milliseconds for URL: 
12:56:38.725 [ForkJoinPool-1-worker-27] ERROR com.intuit.karate - http request failed: 
org.apache.http.client.ClientProtocolException
12:56:38.726 [ForkJoinPool-1-worker-27] ERROR com.intuit.karate - feature call (loop) failed at index: 107
caller: classpath:InspireTest/def/checkxlinkurl.template.feature
arg: {"link":""}
checkxlinkurl.template.feature:21 - 
org.apache.http.client.ClientProtocolException
12:56:38.728 [ForkJoinPool-1-worker-27] INFO  com.intuit.karate - [print] testing xlinkurl:
12:56:38.730 [ForkJoinPool-1-worker-27] ERROR com.intuit.karate - org.apache.http.client.ClientProtocolException, http call failed after 0 milliseconds for URL: 
12:56:38.730 [ForkJoinPool-1-worker-27] ERROR com.intuit.karate - http request failed: 
org.apache.http.client.ClientProtocolException
12:56:38.731 [ForkJoinPool-1-worker-27] ERROR com.intuit.karate - feature call (loop) failed at index: 108
caller: classpath:InspireTest/def/checkxlinkurl.template.feature
arg: {"link":""}
checkxlinkurl.template.feature:21 - 
org.apache.http.client.ClientProtocolException
12:56:38.733 [ForkJoinPool-1-worker-27] INFO  com.intuit.karate - [print] testing xlinkurl:
12:56:38.734 [ForkJoinPool-1-worker-27] ERROR com.intuit.karate - org.apache.http.client.ClientProtocolException, http call failed after 0 milliseconds for URL: 
12:56:38.734 [ForkJoinPool-1-worker-27] ERROR com.intuit.karate - http request failed: 
org.apache.http.client.ClientProtocolException
12:56:38.735 [ForkJoinPool-1-worker-27] ERROR com.intuit.karate - feature call (loop) failed at index: 109
caller: classpath:InspireTest/def/checkxlinkurl.template.feature
arg: {"link":""}
checkxlinkurl.template.feature:21 - 
org.apache.http.client.ClientProtocolException
12:56:38.737 [ForkJoinPool-1-worker-27] INFO  com.intuit.karate - [print] testing xlinkurl:
12:56:38.738 [ForkJoinPool-1-worker-27] ERROR com.intuit.karate - org.apache.http.client.ClientProtocolException, http call failed after 0 milliseconds for URL: 
12:56:38.738 [ForkJoinPool-1-worker-27] ERROR com.intuit.karate - http request failed: 
org.apache.http.client.ClientProtocolException
12:56:38.739 [ForkJoinPool-1-worker-27] ERROR com.intuit.karate - feature call (loop) failed at index: 110
caller: classpath:InspireTest/def/checkxlinkurl.template.feature
arg: {"link":""}
checkxlinkurl.template.feature:21 - 
org.apache.http.client.ClientProtocolException
12:56:38.741 [ForkJoinPool-1-worker-27] INFO  com.intuit.karate - [print] testing xlinkurl:
12:56:38.742 [ForkJoinPool-1-worker-27] ERROR com.intuit.karate - org.apache.http.client.ClientProtocolException, http call failed after 0 milliseconds for URL: 
12:56:38.742 [ForkJoinPool-1-worker-27] ERROR com.intuit.karate - http request failed: 
org.apache.http.client.ClientProtocolException
12:56:38.743 [ForkJoinPool-1-worker-27] ERROR com.intuit.karate - feature call (loop) failed at index: 111
caller: classpath:InspireTest/def/checkxlinkurl.template.feature
arg: {"link":""}
checkxlinkurl.template.feature:21 - 
org.apache.http.client.ClientProtocolException
12:56:38.745 [ForkJoinPool-1-worker-27] INFO  com.intuit.karate - [print] testing xlinkurl:
12:56:38.746 [ForkJoinPool-1-worker-27] ERROR com.intuit.karate - org.apache.http.client.ClientProtocolException, http call failed after 0 milliseconds for URL: 
12:56:38.746 [ForkJoinPool-1-worker-27] ERROR com.intuit.karate - http request failed: 
org.apache.http.client.ClientProtocolException
12:56:38.747 [ForkJoinPool-1-worker-27] ERROR com.intuit.karate - feature call (loop) failed at index: 112
caller: classpath:InspireTest/def/checkxlinkurl.template.feature
arg: {"link":""}
checkxlinkurl.template.feature:21 - 
org.apache.http.client.ClientProtocolException
12:56:38.749 [ForkJoinPool-1-worker-27] INFO  com.intuit.karate - [print] testing xlinkurl:
12:56:38.750 [ForkJoinPool-1-worker-27] ERROR com.intuit.karate - org.apache.http.client.ClientProtocolException, http call failed after 0 milliseconds for URL: 
12:56:38.750 [ForkJoinPool-1-worker-27] ERROR com.intuit.karate - http request failed: 
org.apache.http.client.ClientProtocolException
12:56:38.751 [ForkJoinPool-1-worker-27] ERROR com.intuit.karate - feature call (loop) failed at index: 113
caller: classpath:InspireTest/def/checkxlinkurl.template.feature
arg: {"link":""}
checkxlinkurl.template.feature:21 - 
org.apache.http.client.ClientProtocolException
12:56:38.753 [ForkJoinPool-1-worker-27] INFO  com.intuit.karate - [print] testing xlinkurl:
12:56:38.754 [ForkJoinPool-1-worker-27] ERROR com.intuit.karate - org.apache.http.client.ClientProtocolException, http call failed after 0 milliseconds for URL: 
12:56:38.754 [ForkJoinPool-1-worker-27] ERROR com.intuit.karate - http request failed: 
org.apache.http.client.ClientProtocolException
12:56:38.755 [ForkJoinPool-1-worker-27] ERROR com.intuit.karate - feature call (loop) failed at index: 114
caller: classpath:InspireTest/def/checkxlinkurl.template.feature
arg: {"link":""}
checkxlinkurl.template.feature:21 - 
org.apache.http.client.ClientProtocolException
12:56:38.757 [ForkJoinPool-1-worker-27] INFO  com.intuit.karate - [print] testing xlinkurl:
12:56:38.758 [ForkJoinPool-1-worker-27] ERROR com.intuit.karate - org.apache.http.client.ClientProtocolException, http call failed after 0 milliseconds for URL: 
12:56:38.758 [ForkJoinPool-1-worker-27] ERROR com.intuit.karate - http request failed: 
org.apache.http.client.ClientProtocolException
12:56:38.759 [ForkJoinPool-1-worker-27] ERROR com.intuit.karate - feature call (loop) failed at index: 115
caller: classpath:InspireTest/def/checkxlinkurl.template.feature
arg: {"link":""}
checkxlinkurl.template.feature:21 - 
org.apache.http.client.ClientProtocolException
12:56:38.761 [ForkJoinPool-1-worker-27] INFO  com.intuit.karate - [print] testing xlinkurl:
12:56:38.762 [ForkJoinPool-1-worker-27] ERROR com.intuit.karate - org.apache.http.client.ClientProtocolException, http call failed after 0 milliseconds for URL: 
12:56:38.762 [ForkJoinPool-1-worker-27] ERROR com.intuit.karate - http request failed: 
org.apache.http.client.ClientProtocolException
12:56:38.762 [ForkJoinPool-1-worker-27] ERROR com.intuit.karate - feature call (loop) failed at index: 116
caller: classpath:InspireTest/def/checkxlinkurl.template.feature
arg: {"link":""}
checkxlinkurl.template.feature:21 - 
org.apache.http.client.ClientProtocolException
12:56:38.765 [ForkJoinPool-1-worker-27] INFO  com.intuit.karate - [print] testing xlinkurl:
12:56:38.766 [ForkJoinPool-1-worker-27] ERROR com.intuit.karate - org.apache.http.client.ClientProtocolException, http call failed after 0 milliseconds for URL: 
12:56:38.766 [ForkJoinPool-1-worker-27] ERROR com.intuit.karate - http request failed: 
org.apache.http.client.ClientProtocolException
12:56:38.767 [ForkJoinPool-1-worker-27] ERROR com.intuit.karate - feature call (loop) failed at index: 117
caller: classpath:InspireTest/def/checkxlinkurl.template.feature
arg: {"link":""}
checkxlinkurl.template.feature:21 - 
org.apache.http.client.ClientProtocolException
12:56:38.769 [ForkJoinPool-1-worker-27] INFO  com.intuit.karate - [print] testing xlinkurl:
12:56:38.770 [ForkJoinPool-1-worker-27] ERROR com.intuit.karate - org.apache.http.client.ClientProtocolException, http call failed after 0 milliseconds for URL: 
12:56:38.770 [ForkJoinPool-1-worker-27] ERROR com.intuit.karate - http request failed: 
org.apache.http.client.ClientProtocolException
12:56:38.771 [ForkJoinPool-1-worker-27] ERROR com.intuit.karate - feature call (loop) failed at index: 118
caller: classpath:InspireTest/def/checkxlinkurl.template.feature
arg: {"link":""}
checkxlinkurl.template.feature:21 - 
org.apache.http.client.ClientProtocolException
12:56:38.773 [ForkJoinPool-1-worker-27] INFO  com.intuit.karate - [print] testing xlinkurl:
12:56:38.774 [ForkJoinPool-1-worker-27] ERROR com.intuit.karate - org.apache.http.client.ClientProtocolException, http call failed after 0 milliseconds for URL: 
12:56:38.774 [ForkJoinPool-1-worker-27] ERROR com.intuit.karate - http request failed: 
org.apache.http.client.ClientProtocolException
12:56:38.775 [ForkJoinPool-1-worker-27] ERROR com.intuit.karate - feature call (loop) failed at index: 119
caller: classpath:InspireTest/def/checkxlinkurl.template.feature
arg: {"link":""}
checkxlinkurl.template.feature:21 - 
org.apache.http.client.ClientProtocolException
12:56:38.777 [ForkJoinPool-1-worker-27] INFO  com.intuit.karate - [print] testing xlinkurl:
12:56:38.778 [ForkJoinPool-1-worker-27] ERROR com.intuit.karate - org.apache.http.client.ClientProtocolException, http call failed after 0 milliseconds for URL: 
12:56:38.778 [ForkJoinPool-1-worker-27] ERROR com.intuit.karate - http request failed: 
org.apache.http.client.ClientProtocolException
12:56:38.779 [ForkJoinPool-1-worker-27] ERROR com.intuit.karate - feature call (loop) failed at index: 120
caller: classpath:InspireTest/def/checkxlinkurl.template.feature
arg: {"link":""}
checkxlinkurl.template.feature:21 - 
org.apache.http.client.ClientProtocolException
12:56:38.781 [ForkJoinPool-1-worker-27] INFO  com.intuit.karate - [print] testing xlinkurl:
12:56:38.782 [ForkJoinPool-1-worker-27] ERROR com.intuit.karate - org.apache.http.client.ClientProtocolException, http call failed after 0 milliseconds for URL: 
12:56:38.782 [ForkJoinPool-1-worker-27] ERROR com.intuit.karate - http request failed: 
org.apache.http.client.ClientProtocolException
12:56:38.783 [ForkJoinPool-1-worker-27] ERROR com.intuit.karate - feature call (loop) failed at index: 121
caller: classpath:InspireTest/def/checkxlinkurl.template.feature
arg: {"link":""}
checkxlinkurl.template.feature:21 - 
org.apache.http.client.ClientProtocolException
12:56:38.785 [ForkJoinPool-1-worker-27] INFO  com.intuit.karate - [print] testing xlinkurl:
12:56:38.786 [ForkJoinPool-1-worker-27] ERROR com.intuit.karate - org.apache.http.client.ClientProtocolException, http call failed after 0 milliseconds for URL: 
12:56:38.786 [ForkJoinPool-1-worker-27] ERROR com.intuit.karate - http request failed: 
org.apache.http.client.ClientProtocolException
12:56:38.786 [ForkJoinPool-1-worker-27] ERROR com.intuit.karate - feature call (loop) failed at index: 122
caller: classpath:InspireTest/def/checkxlinkurl.template.feature
arg: {"link":""}
checkxlinkurl.template.feature:21 - 
org.apache.http.client.ClientProtocolException
12:56:38.795 [ForkJoinPool-1-worker-27] INFO  com.intuit.karate - [print] testing xlinkurl:
12:56:38.797 [ForkJoinPool-1-worker-27] ERROR com.intuit.karate - org.apache.http.client.ClientProtocolException, http call failed after 0 milliseconds for URL: 
12:56:38.797 [ForkJoinPool-1-worker-27] ERROR com.intuit.karate - http request failed: 
org.apache.http.client.ClientProtocolException
12:56:38.799 [ForkJoinPool-1-worker-27] ERROR com.intuit.karate - feature call (loop) failed at index: 123
caller: classpath:InspireTest/def/checkxlinkurl.template.feature
arg: {"link":""}
checkxlinkurl.template.feature:21 - 
org.apache.http.client.ClientProtocolException
12:56:38.802 [ForkJoinPool-1-worker-27] INFO  com.intuit.karate - [print] testing xlinkurl:
12:56:38.804 [ForkJoinPool-1-worker-27] ERROR com.intuit.karate - org.apache.http.client.ClientProtocolException, http call failed after 0 milliseconds for URL: 
12:56:38.804 [ForkJoinPool-1-worker-27] ERROR com.intuit.karate - http request failed: 
org.apache.http.client.ClientProtocolException
12:56:38.805 [ForkJoinPool-1-worker-27] ERROR com.intuit.karate - feature call (loop) failed at index: 124
caller: classpath:InspireTest/def/checkxlinkurl.template.feature
arg: {"link":""}
checkxlinkurl.template.feature:21 - 
org.apache.http.client.ClientProtocolException
12:56:38.806 [ForkJoinPool-1-worker-27] INFO  com.intuit.karate - [print] testing xlinkurl:
12:56:38.808 [ForkJoinPool-1-worker-27] ERROR com.intuit.karate - org.apache.http.client.ClientProtocolException, http call failed after 0 milliseconds for URL: 
12:56:38.809 [ForkJoinPool-1-worker-27] ERROR com.intuit.karate - http request failed: 
org.apache.http.client.ClientProtocolException
12:56:38.810 [ForkJoinPool-1-worker-27] ERROR com.intuit.karate - feature call (loop) failed at index: 125
caller: classpath:InspireTest/def/checkxlinkurl.template.feature
arg: {"link":""}
checkxlinkurl.template.feature:21 - 
org.apache.http.client.ClientProtocolException
12:56:38.812 [ForkJoinPool-1-worker-27] INFO  com.intuit.karate - [print] testing xlinkurl:
12:56:38.815 [ForkJoinPool-1-worker-27] ERROR com.intuit.karate - org.apache.http.client.ClientProtocolException, http call failed after 0 milliseconds for URL: 
12:56:38.815 [ForkJoinPool-1-worker-27] ERROR com.intuit.karate - http request failed: 
org.apache.http.client.ClientProtocolException
12:56:38.816 [ForkJoinPool-1-worker-27] ERROR com.intuit.karate - feature call (loop) failed at index: 126
caller: classpath:InspireTest/def/checkxlinkurl.template.feature
arg: {"link":""}
checkxlinkurl.template.feature:21 - 
org.apache.http.client.ClientProtocolException
12:56:38.819 [ForkJoinPool-1-worker-27] INFO  com.intuit.karate - [print] testing xlinkurl:
12:56:38.820 [ForkJoinPool-1-worker-27] ERROR com.intuit.karate - org.apache.http.client.ClientProtocolException, http call failed after 0 milliseconds for URL: 
12:56:38.821 [ForkJoinPool-1-worker-27] ERROR com.intuit.karate - http request failed: 
org.apache.http.client.ClientProtocolException
12:56:38.823 [ForkJoinPool-1-worker-27] ERROR com.intuit.karate - feature call (loop) failed at index: 127
caller: classpath:InspireTest/def/checkxlinkurl.template.feature
arg: {"link":""}
checkxlinkurl.template.feature:21 - 
org.apache.http.client.ClientProtocolException
12:56:38.826 [ForkJoinPool-1-worker-27] INFO  com.intuit.karate - [print] testing xlinkurl:
12:56:38.827 [ForkJoinPool-1-worker-27] ERROR com.intuit.karate - org.apache.http.client.ClientProtocolException, http call failed after 0 milliseconds for URL: 
12:56:38.827 [ForkJoinPool-1-worker-27] ERROR com.intuit.karate - http request failed: 
org.apache.http.client.ClientProtocolException
12:56:38.829 [ForkJoinPool-1-worker-27] ERROR com.intuit.karate - feature call (loop) failed at index: 128
caller: classpath:InspireTest/def/checkxlinkurl.template.feature
arg: {"link":""}
checkxlinkurl.template.feature:21 - 
org.apache.http.client.ClientProtocolException
12:56:38.831 [ForkJoinPool-1-worker-27] INFO  com.intuit.karate - [print] testing xlinkurl:
12:56:38.833 [ForkJoinPool-1-worker-27] ERROR com.intuit.karate - org.apache.http.client.ClientProtocolException, http call failed after 0 milliseconds for URL: 
12:56:38.833 [ForkJoinPool-1-worker-27] ERROR com.intuit.karate - http request failed: 
org.apache.http.client.ClientProtocolException
12:56:38.833 [ForkJoinPool-1-worker-27] ERROR com.intuit.karate - feature call (loop) failed at index: 129
caller: classpath:InspireTest/def/checkxlinkurl.template.feature
arg: {"link":""}
checkxlinkurl.template.feature:21 - 
org.apache.http.client.ClientProtocolException
12:56:38.834 [ForkJoinPool-1-worker-27] INFO  com.intuit.karate - [print] testing xlinkurl:
12:56:38.842 [ForkJoinPool-1-worker-27] ERROR com.intuit.karate - org.apache.http.client.ClientProtocolException, http call failed after 0 milliseconds for URL: 
12:56:38.842 [ForkJoinPool-1-worker-27] ERROR com.intuit.karate - http request failed: 
org.apache.http.client.ClientProtocolException
12:56:38.842 [ForkJoinPool-1-worker-27] ERROR com.intuit.karate - feature call (loop) failed at index: 130
caller: classpath:InspireTest/def/checkxlinkurl.template.feature
arg: {"link":""}
checkxlinkurl.template.feature:21 - 
org.apache.http.client.ClientProtocolException
12:56:38.844 [ForkJoinPool-1-worker-27] INFO  com.intuit.karate - [print] testing xlinkurl:
12:56:38.845 [ForkJoinPool-1-worker-27] ERROR com.intuit.karate - org.apache.http.client.ClientProtocolException, http call failed after 0 milliseconds for URL: 
12:56:38.845 [ForkJoinPool-1-worker-27] ERROR com.intuit.karate - http request failed: 
org.apache.http.client.ClientProtocolException
12:56:38.845 [ForkJoinPool-1-worker-27] ERROR com.intuit.karate - feature call (loop) failed at index: 131
caller: classpath:InspireTest/def/checkxlinkurl.template.feature
arg: {"link":""}
checkxlinkurl.template.feature:21 - 
org.apache.http.client.ClientProtocolException
12:56:38.848 [ForkJoinPool-1-worker-27] INFO  com.intuit.karate - [print] testing xlinkurl:
12:56:38.849 [ForkJoinPool-1-worker-27] ERROR com.intuit.karate - org.apache.http.client.ClientProtocolException, http call failed after 0 milliseconds for URL: 
12:56:38.849 [ForkJoinPool-1-worker-27] ERROR com.intuit.karate - http request failed: 
org.apache.http.client.ClientProtocolException
12:56:38.853 [ForkJoinPool-1-worker-27] ERROR com.intuit.karate - feature call (loop) failed at index: 132
caller: classpath:InspireTest/def/checkxlinkurl.template.feature
arg: {"link":""}
checkxlinkurl.template.feature:21 - 
org.apache.http.client.ClientProtocolException
12:56:38.855 [ForkJoinPool-1-worker-27] INFO  com.intuit.karate - [print] testing xlinkurl:
12:56:38.856 [ForkJoinPool-1-worker-27] ERROR com.intuit.karate - org.apache.http.client.ClientProtocolException, http call failed after 0 milliseconds for URL: 
12:56:38.856 [ForkJoinPool-1-worker-27] ERROR com.intuit.karate - http request failed: 
org.apache.http.client.ClientProtocolException
12:56:38.857 [ForkJoinPool-1-worker-27] ERROR com.intuit.karate - feature call (loop) failed at index: 133
caller: classpath:InspireTest/def/checkxlinkurl.template.feature
arg: {"link":""}
checkxlinkurl.template.feature:21 - 
org.apache.http.client.ClientProtocolException
12:56:38.859 [ForkJoinPool-1-worker-27] INFO  com.intuit.karate - [print] testing xlinkurl:
12:56:38.862 [ForkJoinPool-1-worker-27] ERROR com.intuit.karate - org.apache.http.client.ClientProtocolException, http call failed after 0 milliseconds for URL: 
12:56:38.862 [ForkJoinPool-1-worker-27] ERROR com.intuit.karate - http request failed: 
org.apache.http.client.ClientProtocolException
12:56:38.863 [ForkJoinPool-1-worker-27] ERROR com.intuit.karate - feature call (loop) failed at index: 134
caller: classpath:InspireTest/def/checkxlinkurl.template.feature
arg: {"link":""}
checkxlinkurl.template.feature:21 - 
org.apache.http.client.ClientProtocolException
12:56:38.865 [ForkJoinPool-1-worker-27] INFO  com.intuit.karate - [print] testing xlinkurl:
12:56:38.868 [ForkJoinPool-1-worker-27] ERROR com.intuit.karate - org.apache.http.client.ClientProtocolException, http call failed after 0 milliseconds for URL: 
12:56:38.875 [ForkJoinPool-1-worker-27] ERROR com.intuit.karate - http request failed: 
org.apache.http.client.ClientProtocolException
12:56:38.876 [ForkJoinPool-1-worker-27] ERROR com.intuit.karate - feature call (loop) failed at index: 135
caller: classpath:InspireTest/def/checkxlinkurl.template.feature
arg: {"link":""}
checkxlinkurl.template.feature:21 - 
org.apache.http.client.ClientProtocolException
12:56:38.877 [ForkJoinPool-1-worker-27] INFO  com.intuit.karate - [print] testing xlinkurl:
12:56:38.878 [ForkJoinPool-1-worker-27] ERROR com.intuit.karate - org.apache.http.client.ClientProtocolException, http call failed after 0 milliseconds for URL: 
12:56:38.878 [ForkJoinPool-1-worker-27] ERROR com.intuit.karate - http request failed: 
org.apache.http.client.ClientProtocolException
12:56:38.878 [ForkJoinPool-1-worker-27] ERROR com.intuit.karate - feature call (loop) failed at index: 136
caller: classpath:InspireTest/def/checkxlinkurl.template.feature
arg: {"link":""}
checkxlinkurl.template.feature:21 - 
org.apache.http.client.ClientProtocolException
12:56:38.880 [ForkJoinPool-1-worker-27] INFO  com.intuit.karate - [print] testing xlinkurl:
12:56:38.881 [ForkJoinPool-1-worker-27] ERROR com.intuit.karate - org.apache.http.client.ClientProtocolException, http call failed after 0 milliseconds for URL: 
12:56:38.881 [ForkJoinPool-1-worker-27] ERROR com.intuit.karate - http request failed: 
org.apache.http.client.ClientProtocolException
12:56:38.882 [ForkJoinPool-1-worker-27] ERROR com.intuit.karate - feature call (loop) failed at index: 137
caller: classpath:InspireTest/def/checkxlinkurl.template.feature
arg: {"link":""}
checkxlinkurl.template.feature:21 - 
org.apache.http.client.ClientProtocolException
12:56:38.883 [ForkJoinPool-1-worker-27] INFO  com.intuit.karate - [print] testing xlinkurl:
12:56:38.884 [ForkJoinPool-1-worker-27] ERROR com.intuit.karate - org.apache.http.client.ClientProtocolException, http call failed after 0 milliseconds for URL: 
12:56:38.884 [ForkJoinPool-1-worker-27] ERROR com.intuit.karate - http request failed: 
org.apache.http.client.ClientProtocolException
12:56:38.885 [ForkJoinPool-1-worker-27] ERROR com.intuit.karate - feature call (loop) failed at index: 138
caller: classpath:InspireTest/def/checkxlinkurl.template.feature
arg: {"link":""}
checkxlinkurl.template.feature:21 - 
org.apache.http.client.ClientProtocolException
12:56:38.886 [ForkJoinPool-1-worker-27] INFO  com.intuit.karate - [print] testing xlinkurl:
12:56:38.888 [ForkJoinPool-1-worker-27] ERROR com.intuit.karate - org.apache.http.client.ClientProtocolException, http call failed after 0 milliseconds for URL: 
12:56:38.888 [ForkJoinPool-1-worker-27] ERROR com.intuit.karate - http request failed: 
org.apache.http.client.ClientProtocolException
12:56:38.888 [ForkJoinPool-1-worker-27] ERROR com.intuit.karate - feature call (loop) failed at index: 139
caller: classpath:InspireTest/def/checkxlinkurl.template.feature
arg: {"link":""}
checkxlinkurl.template.feature:21 - 
org.apache.http.client.ClientProtocolException
12:56:38.890 [ForkJoinPool-1-worker-27] INFO  com.intuit.karate - [print] testing xlinkurl:
12:56:38.891 [ForkJoinPool-1-worker-27] ERROR com.intuit.karate - org.apache.http.client.ClientProtocolException, http call failed after 0 milliseconds for URL: 
12:56:38.891 [ForkJoinPool-1-worker-27] ERROR com.intuit.karate - http request failed: 
org.apache.http.client.ClientProtocolException
12:56:38.891 [ForkJoinPool-1-worker-27] ERROR com.intuit.karate - feature call (loop) failed at index: 140
caller: classpath:InspireTest/def/checkxlinkurl.template.feature
arg: {"link":""}
checkxlinkurl.template.feature:21 - 
org.apache.http.client.ClientProtocolException
12:56:38.893 [ForkJoinPool-1-worker-27] INFO  com.intuit.karate - [print] testing xlinkurl:
12:56:38.894 [ForkJoinPool-1-worker-27] ERROR com.intuit.karate - org.apache.http.client.ClientProtocolException, http call failed after 0 milliseconds for URL: 
12:56:38.894 [ForkJoinPool-1-worker-27] ERROR com.intuit.karate - http request failed: 
org.apache.http.client.ClientProtocolException
12:56:38.894 [ForkJoinPool-1-worker-27] ERROR com.intuit.karate - feature call (loop) failed at index: 141
caller: classpath:InspireTest/def/checkxlinkurl.template.feature
arg: {"link":""}
checkxlinkurl.template.feature:21 - 
org.apache.http.client.ClientProtocolException
12:56:38.895 [ForkJoinPool-1-worker-27] INFO  com.intuit.karate - [print] testing xlinkurl:
12:56:38.896 [ForkJoinPool-1-worker-27] ERROR com.intuit.karate - org.apache.http.client.ClientProtocolException, http call failed after 0 milliseconds for URL: 
12:56:38.897 [ForkJoinPool-1-worker-27] ERROR com.intuit.karate - http request failed: 
org.apache.http.client.ClientProtocolException
12:56:38.897 [ForkJoinPool-1-worker-27] ERROR com.intuit.karate - feature call (loop) failed at index: 142
caller: classpath:InspireTest/def/checkxlinkurl.template.feature
arg: {"link":""}
checkxlinkurl.template.feature:21 - 
org.apache.http.client.ClientProtocolException
12:56:38.898 [ForkJoinPool-1-worker-27] INFO  com.intuit.karate - [print] testing xlinkurl:
12:56:38.899 [ForkJoinPool-1-worker-27] ERROR com.intuit.karate - org.apache.http.client.ClientProtocolException, http call failed after 0 milliseconds for URL: 
12:56:38.900 [ForkJoinPool-1-worker-27] ERROR com.intuit.karate - http request failed: 
org.apache.http.client.ClientProtocolException
12:56:38.900 [ForkJoinPool-1-worker-27] ERROR com.intuit.karate - feature call (loop) failed at index: 143
caller: classpath:InspireTest/def/checkxlinkurl.template.feature
arg: {"link":""}
checkxlinkurl.template.feature:21 - 
org.apache.http.client.ClientProtocolException
12:56:38.901 [ForkJoinPool-1-worker-27] INFO  com.intuit.karate - [print] testing xlinkurl:
12:56:38.902 [ForkJoinPool-1-worker-27] ERROR com.intuit.karate - org.apache.http.client.ClientProtocolException, http call failed after 0 milliseconds for URL: 
12:56:38.902 [ForkJoinPool-1-worker-27] ERROR com.intuit.karate - http request failed: 
org.apache.http.client.ClientProtocolException
12:56:38.903 [ForkJoinPool-1-worker-27] ERROR com.intuit.karate - feature call (loop) failed at index: 144
caller: classpath:InspireTest/def/checkxlinkurl.template.feature
arg: {"link":""}
checkxlinkurl.template.feature:21 - 
org.apache.http.client.ClientProtocolException
12:56:38.904 [ForkJoinPool-1-worker-27] INFO  com.intuit.karate - [print] testing xlinkurl:
12:56:38.911 [ForkJoinPool-1-worker-27] ERROR com.intuit.karate - org.apache.http.client.ClientProtocolException, http call failed after 0 milliseconds for URL: 
12:56:38.911 [ForkJoinPool-1-worker-27] ERROR com.intuit.karate - http request failed: 
org.apache.http.client.ClientProtocolException
12:56:38.912 [ForkJoinPool-1-worker-27] ERROR com.intuit.karate - feature call (loop) failed at index: 145
caller: classpath:InspireTest/def/checkxlinkurl.template.feature
arg: {"link":""}
checkxlinkurl.template.feature:21 - 
org.apache.http.client.ClientProtocolException
12:56:38.913 [ForkJoinPool-1-worker-27] INFO  com.intuit.karate - [print] testing xlinkurl:
12:56:38.914 [ForkJoinPool-1-worker-27] ERROR com.intuit.karate - org.apache.http.client.ClientProtocolException, http call failed after 0 milliseconds for URL: 
12:56:38.914 [ForkJoinPool-1-worker-27] ERROR com.intuit.karate - http request failed: 
org.apache.http.client.ClientProtocolException
12:56:38.915 [ForkJoinPool-1-worker-27] ERROR com.intuit.karate - feature call (loop) failed at index: 146
caller: classpath:InspireTest/def/checkxlinkurl.template.feature
arg: {"link":""}
checkxlinkurl.template.feature:21 - 
org.apache.http.client.ClientProtocolException
12:56:38.916 [ForkJoinPool-1-worker-27] INFO  com.intuit.karate - [print] testing xlinkurl:
12:56:38.917 [ForkJoinPool-1-worker-27] ERROR com.intuit.karate - org.apache.http.client.ClientProtocolException, http call failed after 0 milliseconds for URL: 
12:56:38.917 [ForkJoinPool-1-worker-27] ERROR com.intuit.karate - http request failed: 
org.apache.http.client.ClientProtocolException
12:56:38.918 [ForkJoinPool-1-worker-27] ERROR com.intuit.karate - feature call (loop) failed at index: 147
caller: classpath:InspireTest/def/checkxlinkurl.template.feature
arg: {"link":""}
checkxlinkurl.template.feature:21 - 
org.apache.http.client.ClientProtocolException
12:56:38.919 [ForkJoinPool-1-worker-27] INFO  com.intuit.karate - [print] testing xlinkurl:
12:56:38.920 [ForkJoinPool-1-worker-27] ERROR com.intuit.karate - org.apache.http.client.ClientProtocolException, http call failed after 0 milliseconds for URL: 
12:56:38.920 [ForkJoinPool-1-worker-27] ERROR com.intuit.karate - http request failed: 
org.apache.http.client.ClientProtocolException
12:56:38.921 [ForkJoinPool-1-worker-27] ERROR com.intuit.karate - feature call (loop) failed at index: 148
caller: classpath:InspireTest/def/checkxlinkurl.template.feature
arg: {"link":""}
checkxlinkurl.template.feature:21 - 
org.apache.http.client.ClientProtocolException
12:56:38.922 [ForkJoinPool-1-worker-27] INFO  com.intuit.karate - [print] testing xlinkurl:
12:56:38.923 [ForkJoinPool-1-worker-27] ERROR com.intuit.karate - org.apache.http.client.ClientProtocolException, http call failed after 0 milliseconds for URL: 
12:56:38.923 [ForkJoinPool-1-worker-27] ERROR com.intuit.karate - http request failed: 
org.apache.http.client.ClientProtocolException
12:56:38.923 [ForkJoinPool-1-worker-27] ERROR com.intuit.karate - feature call (loop) failed at index: 149
caller: classpath:InspireTest/def/checkxlinkurl.template.feature
arg: {"link":""}
checkxlinkurl.template.feature:21 - 
org.apache.http.client.ClientProtocolException
12:56:38.925 [ForkJoinPool-1-worker-27] INFO  com.intuit.karate - [print] testing xlinkurl:
12:56:38.925 [ForkJoinPool-1-worker-27] ERROR com.intuit.karate - org.apache.http.client.ClientProtocolException, http call failed after 0 milliseconds for URL: 
12:56:38.926 [ForkJoinPool-1-worker-27] ERROR com.intuit.karate - http request failed: 
org.apache.http.client.ClientProtocolException
12:56:38.926 [ForkJoinPool-1-worker-27] ERROR com.intuit.karate - feature call (loop) failed at index: 150
caller: classpath:InspireTest/def/checkxlinkurl.template.feature
arg: {"link":""}
checkxlinkurl.template.feature:21 - 
org.apache.http.client.ClientProtocolException
12:56:38.928 [ForkJoinPool-1-worker-27] INFO  com.intuit.karate - [print] testing xlinkurl:
12:56:38.929 [ForkJoinPool-1-worker-27] ERROR com.intuit.karate - org.apache.http.client.ClientProtocolException, http call failed after 0 milliseconds for URL: 
12:56:38.929 [ForkJoinPool-1-worker-27] ERROR com.intuit.karate - http request failed: 
org.apache.http.client.ClientProtocolException
12:56:38.930 [ForkJoinPool-1-worker-27] ERROR com.intuit.karate - feature call (loop) failed at index: 151
caller: classpath:InspireTest/def/checkxlinkurl.template.feature
arg: {"link":""}
checkxlinkurl.template.feature:21 - 
org.apache.http.client.ClientProtocolException
12:56:38.931 [ForkJoinPool-1-worker-27] INFO  com.intuit.karate - [print] testing xlinkurl:
12:56:38.932 [ForkJoinPool-1-worker-27] ERROR com.intuit.karate - org.apache.http.client.ClientProtocolException, http call failed after 0 milliseconds for URL: 
12:56:38.933 [ForkJoinPool-1-worker-27] ERROR com.intuit.karate - http request failed: 
org.apache.http.client.ClientProtocolException
12:56:38.933 [ForkJoinPool-1-worker-27] ERROR com.intuit.karate - feature call (loop) failed at index: 152
caller: classpath:InspireTest/def/checkxlinkurl.template.feature
arg: {"link":""}
checkxlinkurl.template.feature:21 - 
org.apache.http.client.ClientProtocolException
12:56:38.937 [ForkJoinPool-1-worker-27] INFO  com.intuit.karate - [print] testing xlinkurl:
12:56:38.938 [ForkJoinPool-1-worker-27] ERROR com.intuit.karate - org.apache.http.client.ClientProtocolException, http call failed after 0 milliseconds for URL: 
12:56:38.938 [ForkJoinPool-1-worker-27] ERROR com.intuit.karate - http request failed: 
org.apache.http.client.ClientProtocolException
12:56:38.939 [ForkJoinPool-1-worker-27] ERROR com.intuit.karate - feature call (loop) failed at index: 153
caller: classpath:InspireTest/def/checkxlinkurl.template.feature
arg: {"link":""}
checkxlinkurl.template.feature:21 - 
org.apache.http.client.ClientProtocolException
12:56:38.946 [ForkJoinPool-1-worker-27] INFO  com.intuit.karate - [print] testing xlinkurl:
12:56:38.946 [ForkJoinPool-1-worker-27] ERROR com.intuit.karate - org.apache.http.client.ClientProtocolException, http call failed after 0 milliseconds for URL: 
12:56:38.946 [ForkJoinPool-1-worker-27] ERROR com.intuit.karate - http request failed: 
org.apache.http.client.ClientProtocolException
12:56:38.946 [ForkJoinPool-1-worker-27] ERROR com.intuit.karate - feature call (loop) failed at index: 154
caller: classpath:InspireTest/def/checkxlinkurl.template.feature
arg: {"link":""}
checkxlinkurl.template.feature:21 - 
org.apache.http.client.ClientProtocolException
12:56:38.947 [ForkJoinPool-1-worker-27] INFO  com.intuit.karate - [print] testing xlinkurl:
12:56:38.948 [ForkJoinPool-1-worker-27] ERROR com.intuit.karate - org.apache.http.client.ClientProtocolException, http call failed after 0 milliseconds for URL: 
12:56:38.948 [ForkJoinPool-1-worker-27] ERROR com.intuit.karate - http request failed: 
org.apache.http.client.ClientProtocolException
12:56:38.948 [ForkJoinPool-1-worker-27] ERROR com.intuit.karate - feature call (loop) failed at index: 155
caller: classpath:InspireTest/def/checkxlinkurl.template.feature
arg: {"link":""}
checkxlinkurl.template.feature:21 - 
org.apache.http.client.ClientProtocolException
12:56:38.951 [ForkJoinPool-1-worker-27] INFO  com.intuit.karate - [print] testing xlinkurl:
12:56:38.953 [ForkJoinPool-1-worker-27] ERROR com.intuit.karate - org.apache.http.client.ClientProtocolException, http call failed after 0 milliseconds for URL: 
12:56:38.953 [ForkJoinPool-1-worker-27] ERROR com.intuit.karate - http request failed: 
org.apache.http.client.ClientProtocolException
12:56:38.953 [ForkJoinPool-1-worker-27] ERROR com.intuit.karate - feature call (loop) failed at index: 156
caller: classpath:InspireTest/def/checkxlinkurl.template.feature
arg: {"link":""}
checkxlinkurl.template.feature:21 - 
org.apache.http.client.ClientProtocolException
12:56:38.953 [ForkJoinPool-1-worker-27] INFO  com.intuit.karate - [print] testing xlinkurl:
12:56:38.954 [ForkJoinPool-1-worker-27] ERROR com.intuit.karate - org.apache.http.client.ClientProtocolException, http call failed after 0 milliseconds for URL: 
12:56:38.954 [ForkJoinPool-1-worker-27] ERROR com.intuit.karate - http request failed: 
org.apache.http.client.ClientProtocolException
12:56:38.954 [ForkJoinPool-1-worker-27] ERROR com.intuit.karate - feature call (loop) failed at index: 157
caller: classpath:InspireTest/def/checkxlinkurl.template.feature
arg: {"link":""}
checkxlinkurl.template.feature:21 - 
org.apache.http.client.ClientProtocolException
12:56:38.955 [ForkJoinPool-1-worker-27] INFO  com.intuit.karate - [print] testing xlinkurl:http://nationaalgeoregister.nl/geonetwork/srv/en/csw?service=CSW&version=2.0.2&request=GetRecordById&outputschema=http://www.isotc211.org/2005/gmd&elementsetname=full&id=977e0e94-7aa9-4784-b2da-eaec44adb61b#MD_DataIdentification
12:56:39.394 [ForkJoinPool-1-worker-45] ERROR com.intuit.karate - java.net.SocketTimeoutException: Read timed out, http call failed after 5385 milliseconds for URL: http://inspire.ec.europa.eu/metadata-codelist/SpatialDataServiceCategory/infoMapAccessService
12:56:39.394 [ForkJoinPool-1-worker-45] ERROR com.intuit.karate - http request failed: 
java.net.SocketTimeoutException: Read timed out
12:56:39.394 [ForkJoinPool-1-worker-11] ERROR com.intuit.karate - java.net.SocketTimeoutException: Read timed out, http call failed after 5384 milliseconds for URL: http://inspire.ec.europa.eu/metadata-codelist/SpatialDataServiceCategory/infoMapAccessService
12:56:39.394 [ForkJoinPool-1-worker-11] ERROR com.intuit.karate - http request failed: 
java.net.SocketTimeoutException: Read timed out
12:56:39.394 [ForkJoinPool-1-worker-11] ERROR com.intuit.karate - feature call (loop) failed at index: 0
caller: classpath:InspireTest/def/checkxlinkurl.template.feature
arg: {"link":"http://inspire.ec.europa.eu/metadata-codelist/SpatialDataServiceCategory/infoMapAccessService"}
checkxlinkurl.template.feature:21 - 
java.net.SocketTimeoutException: Read timed out
12:56:39.394 [ForkJoinPool-1-worker-19] ERROR com.intuit.karate - java.net.SocketTimeoutException: Read timed out, http call failed after 5352 milliseconds for URL: http://inspire.ec.europa.eu/metadata-codelist/SpatialDataServiceCategory/infoMapAccessService
12:56:39.394 [ForkJoinPool-1-worker-45] ERROR com.intuit.karate - feature call (loop) failed at index: 0
caller: classpath:InspireTest/def/checkxlinkurl.template.feature
arg: {"link":"http://inspire.ec.europa.eu/metadata-codelist/SpatialDataServiceCategory/infoMapAccessService"}
checkxlinkurl.template.feature:21 - 
java.net.SocketTimeoutException: Read timed out
12:56:39.398 [ForkJoinPool-1-worker-19] ERROR com.intuit.karate - http request failed: 
java.net.SocketTimeoutException: Read timed out
12:56:39.398 [ForkJoinPool-1-worker-19] ERROR com.intuit.karate - feature call (loop) failed at index: 0
caller: classpath:InspireTest/def/checkxlinkurl.template.feature
arg: {"link":"http://inspire.ec.europa.eu/metadata-codelist/SpatialDataServiceCategory/infoMapAccessService"}
checkxlinkurl.template.feature:21 - 
java.net.SocketTimeoutException: Read timed out
12:56:39.404 [ForkJoinPool-1-worker-11] INFO  com.intuit.karate - [print] testing xlinkurl:http://inspire.ec.europa.eu/metadata-codelist/SpatialDataServiceCategory
12:56:39.405 [ForkJoinPool-1-worker-45] INFO  com.intuit.karate - [print] testing xlinkurl:http://inspire.ec.europa.eu/metadata-codelist/SpatialDataServiceCategory
12:56:39.406 [ForkJoinPool-1-worker-19] INFO  com.intuit.karate - [print] testing xlinkurl:http://inspire.ec.europa.eu/metadata-codelist/SpatialDataServiceCategory
12:56:39.961 [ForkJoinPool-1-worker-55] ERROR com.intuit.karate - java.net.SocketTimeoutException: Read timed out, http call failed after 5326 milliseconds for URL: http://inspire.ec.europa.eu/metadata-codelist/SpatialDataServiceCategory/infoFeatureAccessService
12:56:39.961 [ForkJoinPool-1-worker-55] ERROR com.intuit.karate - http request failed: 
java.net.SocketTimeoutException: Read timed out
12:56:39.961 [ForkJoinPool-1-worker-55] ERROR com.intuit.karate - feature call (loop) failed at index: 0
caller: classpath:InspireTest/def/checkxlinkurl.template.feature
arg: {"link":"http://inspire.ec.europa.eu/metadata-codelist/SpatialDataServiceCategory/infoFeatureAccessService"}
checkxlinkurl.template.feature:21 - 
java.net.SocketTimeoutException: Read timed out
12:56:39.963 [ForkJoinPool-1-worker-55] INFO  com.intuit.karate - [print] testing xlinkurl:http://inspire.ec.europa.eu/metadata-codelist/SpatialDataServiceCategory
12:56:40.069 [ForkJoinPool-1-worker-39] ERROR com.intuit.karate - java.net.SocketTimeoutException: Read timed out, http call failed after 5330 milliseconds for URL: http://inspire.ec.europa.eu/metadata-codelist/SpatialDataServiceCategory/infoFeatureAccessService
12:56:40.069 [ForkJoinPool-1-worker-39] ERROR com.intuit.karate - http request failed: 
java.net.SocketTimeoutException: Read timed out
12:56:40.070 [ForkJoinPool-1-worker-39] ERROR com.intuit.karate - feature call (loop) failed at index: 2
caller: classpath:InspireTest/def/checkxlinkurl.template.feature
arg: {"link":"http://inspire.ec.europa.eu/metadata-codelist/SpatialDataServiceCategory/infoFeatureAccessService"}
checkxlinkurl.template.feature:21 - 
java.net.SocketTimeoutException: Read timed out
12:56:40.073 [ForkJoinPool-1-worker-39] INFO  com.intuit.karate - [print] testing xlinkurl:http://inspire.ec.europa.eu/metadata-codelist/SpatialDataServiceCategory#
12:56:40.227 [ForkJoinPool-1-worker-53] ERROR com.intuit.karate - java.net.SocketTimeoutException: Read timed out, http call failed after 5329 milliseconds for URL: http://inspire.ec.europa.eu/metadata-codelist/SpatialDataServiceCategory
12:56:40.227 [ForkJoinPool-1-worker-53] ERROR com.intuit.karate - http request failed: 
java.net.SocketTimeoutException: Read timed out
12:56:40.227 [ForkJoinPool-1-worker-53] ERROR com.intuit.karate - feature call (loop) failed at index: 1
caller: classpath:InspireTest/def/checkxlinkurl.template.feature
arg: {"link":"http://inspire.ec.europa.eu/metadata-codelist/SpatialDataServiceCategory"}
checkxlinkurl.template.feature:21 - 
java.net.SocketTimeoutException: Read timed out
12:56:40.228 [ForkJoinPool-1-worker-53] INFO  com.intuit.karate - [print] testing xlinkurl:https://www.nationaalgeoregister.nl:443/geonetwork/srv/eng/thesaurus.download?ref=external.theme.httpinspireeceuropaeumetadatacodelistSpatialDataServiceCategory-SpatialDataServiceCategory
12:56:40.336 [ForkJoinPool-1-worker-25] ERROR com.intuit.karate - java.net.SocketTimeoutException: Read timed out, http call failed after 5331 milliseconds for URL: http://inspire.ec.europa.eu/metadata-codelist/SpatialDataServiceCategory
12:56:40.336 [ForkJoinPool-1-worker-25] ERROR com.intuit.karate - http request failed: 
java.net.SocketTimeoutException: Read timed out
12:56:40.336 [ForkJoinPool-1-worker-25] ERROR com.intuit.karate - feature call (loop) failed at index: 1
caller: classpath:InspireTest/def/checkxlinkurl.template.feature
arg: {"link":"http://inspire.ec.europa.eu/metadata-codelist/SpatialDataServiceCategory"}
checkxlinkurl.template.feature:21 - 
java.net.SocketTimeoutException: Read timed out
12:56:40.338 [ForkJoinPool-1-worker-25] INFO  com.intuit.karate - [print] testing xlinkurl:https://www.nationaalgeoregister.nl:443/geonetwork/srv/eng/thesaurus.download?ref=external.theme.httpinspireeceuropaeumetadatacodelistSpatialDataServiceCategory-SpatialDataServiceCategory
12:56:40.500 [ForkJoinPool-1-worker-53] INFO  com.intuit.karate - [print] testing xlinkurl:https://www.nationaalgeoregister.nl:443/geonetwork/srv/dut/csw?service=CSW&request=GetRecordById&version=2.0.2&outputSchema=http://www.isotc211.org/2005/gmd&elementSetName=full&id=493ab81b-75f8-4205-b030-6b2fd9eb4295#MD_DataIdentification
12:56:40.610 [ForkJoinPool-1-worker-25] INFO  com.intuit.karate - [print] testing xlinkurl:
12:56:40.612 [ForkJoinPool-1-worker-25] ERROR com.intuit.karate - org.apache.http.client.ClientProtocolException, http call failed after 0 milliseconds for URL: 
12:56:40.613 [ForkJoinPool-1-worker-25] ERROR com.intuit.karate - http request failed: 
org.apache.http.client.ClientProtocolException
12:56:40.613 [ForkJoinPool-1-worker-25] ERROR com.intuit.karate - feature call (loop) failed at index: 3
caller: classpath:InspireTest/def/checkxlinkurl.template.feature
arg: {"link":""}
checkxlinkurl.template.feature:21 - 
org.apache.http.client.ClientProtocolException
12:56:40.615 [ForkJoinPool-1-worker-25] INFO  com.intuit.karate - [print] testing xlinkurl:
12:56:40.617 [ForkJoinPool-1-worker-25] ERROR com.intuit.karate - org.apache.http.client.ClientProtocolException, http call failed after 0 milliseconds for URL: 
12:56:40.617 [ForkJoinPool-1-worker-25] ERROR com.intuit.karate - http request failed: 
org.apache.http.client.ClientProtocolException
12:56:40.618 [ForkJoinPool-1-worker-25] ERROR com.intuit.karate - feature call (loop) failed at index: 4
caller: classpath:InspireTest/def/checkxlinkurl.template.feature
arg: {"link":""}
checkxlinkurl.template.feature:21 - 
org.apache.http.client.ClientProtocolException
12:56:40.620 [ForkJoinPool-1-worker-25] INFO  com.intuit.karate - [print] testing xlinkurl:
12:56:40.622 [ForkJoinPool-1-worker-25] ERROR com.intuit.karate - org.apache.http.client.ClientProtocolException, http call failed after 0 milliseconds for URL: 
12:56:40.623 [ForkJoinPool-1-worker-25] ERROR com.intuit.karate - http request failed: 
org.apache.http.client.ClientProtocolException
12:56:40.624 [ForkJoinPool-1-worker-25] ERROR com.intuit.karate - feature call (loop) failed at index: 5
caller: classpath:InspireTest/def/checkxlinkurl.template.feature
arg: {"link":""}
checkxlinkurl.template.feature:21 - 
org.apache.http.client.ClientProtocolException
12:56:40.626 [ForkJoinPool-1-worker-25] INFO  com.intuit.karate - [print] testing xlinkurl:
12:56:40.628 [ForkJoinPool-1-worker-25] ERROR com.intuit.karate - org.apache.http.client.ClientProtocolException, http call failed after 0 milliseconds for URL: 
12:56:40.629 [ForkJoinPool-1-worker-25] ERROR com.intuit.karate - http request failed: 
org.apache.http.client.ClientProtocolException
12:56:40.630 [ForkJoinPool-1-worker-25] ERROR com.intuit.karate - feature call (loop) failed at index: 6
caller: classpath:InspireTest/def/checkxlinkurl.template.feature
arg: {"link":""}
checkxlinkurl.template.feature:21 - 
org.apache.http.client.ClientProtocolException
12:56:40.632 [ForkJoinPool-1-worker-25] INFO  com.intuit.karate - [print] testing xlinkurl:
12:56:40.633 [ForkJoinPool-1-worker-25] ERROR com.intuit.karate - org.apache.http.client.ClientProtocolException, http call failed after 0 milliseconds for URL: 
12:56:40.634 [ForkJoinPool-1-worker-25] ERROR com.intuit.karate - http request failed: 
org.apache.http.client.ClientProtocolException
12:56:40.635 [ForkJoinPool-1-worker-25] ERROR com.intuit.karate - feature call (loop) failed at index: 7
caller: classpath:InspireTest/def/checkxlinkurl.template.feature
arg: {"link":""}
checkxlinkurl.template.feature:21 - 
org.apache.http.client.ClientProtocolException
12:56:40.637 [ForkJoinPool-1-worker-25] INFO  com.intuit.karate - [print] testing xlinkurl:
12:56:40.638 [ForkJoinPool-1-worker-25] ERROR com.intuit.karate - org.apache.http.client.ClientProtocolException, http call failed after 0 milliseconds for URL: 
12:56:40.639 [ForkJoinPool-1-worker-25] ERROR com.intuit.karate - http request failed: 
org.apache.http.client.ClientProtocolException
12:56:40.640 [ForkJoinPool-1-worker-25] ERROR com.intuit.karate - feature call (loop) failed at index: 8
caller: classpath:InspireTest/def/checkxlinkurl.template.feature
arg: {"link":""}
checkxlinkurl.template.feature:21 - 
org.apache.http.client.ClientProtocolException
12:56:40.642 [ForkJoinPool-1-worker-25] INFO  com.intuit.karate - [print] testing xlinkurl:
12:56:40.644 [ForkJoinPool-1-worker-25] ERROR com.intuit.karate - org.apache.http.client.ClientProtocolException, http call failed after 0 milliseconds for URL: 
12:56:40.644 [ForkJoinPool-1-worker-25] ERROR com.intuit.karate - http request failed: 
org.apache.http.client.ClientProtocolException
12:56:40.645 [ForkJoinPool-1-worker-25] ERROR com.intuit.karate - feature call (loop) failed at index: 9
caller: classpath:InspireTest/def/checkxlinkurl.template.feature
arg: {"link":""}
checkxlinkurl.template.feature:21 - 
org.apache.http.client.ClientProtocolException
12:56:40.647 [ForkJoinPool-1-worker-25] INFO  com.intuit.karate - [print] testing xlinkurl:
12:56:40.649 [ForkJoinPool-1-worker-25] ERROR com.intuit.karate - org.apache.http.client.ClientProtocolException, http call failed after 0 milliseconds for URL: 
12:56:40.649 [ForkJoinPool-1-worker-25] ERROR com.intuit.karate - http request failed: 
org.apache.http.client.ClientProtocolException
12:56:40.650 [ForkJoinPool-1-worker-25] ERROR com.intuit.karate - feature call (loop) failed at index: 10
caller: classpath:InspireTest/def/checkxlinkurl.template.feature
arg: {"link":""}
checkxlinkurl.template.feature:21 - 
org.apache.http.client.ClientProtocolException
12:56:40.652 [ForkJoinPool-1-worker-25] INFO  com.intuit.karate - [print] testing xlinkurl:https://nationaalgeoregister.nl/geonetwork/srv/en/csw?service=CSW&version=2.0.2&request=GetRecordById&outputschema=http://www.isotc211.org/2005/gmd&elementsetname=full&id=29c17585-e702-463f-a5dc-99d34b17d333#MD_DataIdentification
12:56:40.715 [ForkJoinPool-1-worker-59] ERROR com.intuit.karate - java.net.SocketTimeoutException: Read timed out, http call failed after 5326 milliseconds for URL: http://inspire.ec.europa.eu/metadata-codelist/SpatialDataServiceCategory/infoMapAccessService
12:56:40.715 [ForkJoinPool-1-worker-59] ERROR com.intuit.karate - http request failed: 
java.net.SocketTimeoutException: Read timed out
12:56:40.715 [ForkJoinPool-1-worker-59] ERROR com.intuit.karate - feature call (loop) failed at index: 0
caller: classpath:InspireTest/def/checkxlinkurl.template.feature
arg: {"link":"http://inspire.ec.europa.eu/metadata-codelist/SpatialDataServiceCategory/infoMapAccessService"}
checkxlinkurl.template.feature:21 - 
java.net.SocketTimeoutException: Read timed out
12:56:40.716 [ForkJoinPool-1-worker-59] INFO  com.intuit.karate - [print] testing xlinkurl:http://inspire.ec.europa.eu/metadata-codelist/SpatialDataServiceCategory
12:56:40.788 [ForkJoinPool-1-worker-9] ERROR com.intuit.karate - java.net.SocketTimeoutException: Read timed out, http call failed after 5325 milliseconds for URL: http://inspire.ec.europa.eu/metadata-codelist/SpatialDataServiceCategory/infoMapAccessService
12:56:40.788 [ForkJoinPool-1-worker-9] ERROR com.intuit.karate - http request failed: 
java.net.SocketTimeoutException: Read timed out
12:56:40.788 [ForkJoinPool-1-worker-9] ERROR com.intuit.karate - feature call (loop) failed at index: 2
caller: classpath:InspireTest/def/checkxlinkurl.template.feature
arg: {"link":"http://inspire.ec.europa.eu/metadata-codelist/SpatialDataServiceCategory/infoMapAccessService"}
checkxlinkurl.template.feature:21 - 
java.net.SocketTimeoutException: Read timed out
12:56:40.789 [ForkJoinPool-1-worker-9] INFO  com.intuit.karate - [print] testing xlinkurl:http://inspire.ec.europa.eu/metadata-codelist/SpatialDataServiceCategory#
12:56:41.670 [ForkJoinPool-1-worker-55] INFO  com.intuit.karate - [print] testing xlinkurl:https://www.nationaalgeoregister.nl:443/geonetwork/srv/eng/thesaurus.download?ref=external.theme.httpinspireeceuropaeumetadatacodelistSpatialDataServiceCategory-SpatialDataServiceCategory
12:56:41.784 [ForkJoinPool-1-worker-47] ERROR com.intuit.karate - java.net.SocketTimeoutException: Read timed out, http call failed after 5326 milliseconds for URL: http://inspire.ec.europa.eu/metadata-codelist/SpatialDataServiceCategory/infoMapAccessService
12:56:41.785 [ForkJoinPool-1-worker-47] ERROR com.intuit.karate - http request failed: 
java.net.SocketTimeoutException: Read timed out
12:56:41.785 [ForkJoinPool-1-worker-47] ERROR com.intuit.karate - feature call (loop) failed at index: 2
caller: classpath:InspireTest/def/checkxlinkurl.template.feature
arg: {"link":"http://inspire.ec.europa.eu/metadata-codelist/SpatialDataServiceCategory/infoMapAccessService"}
checkxlinkurl.template.feature:21 - 
java.net.SocketTimeoutException: Read timed out
12:56:41.786 [ForkJoinPool-1-worker-47] INFO  com.intuit.karate - [print] testing xlinkurl:http://inspire.ec.europa.eu/metadata-codelist/SpatialDataServiceCategory#
12:56:41.944 [ForkJoinPool-1-worker-55] INFO  com.intuit.karate - [print] testing xlinkurl:
12:56:41.945 [ForkJoinPool-1-worker-55] ERROR com.intuit.karate - org.apache.http.client.ClientProtocolException, http call failed after 0 milliseconds for URL: 
12:56:41.945 [ForkJoinPool-1-worker-55] ERROR com.intuit.karate - http request failed: 
org.apache.http.client.ClientProtocolException
12:56:41.946 [ForkJoinPool-1-worker-55] ERROR com.intuit.karate - feature call (loop) failed at index: 3
caller: classpath:InspireTest/def/checkxlinkurl.template.feature
arg: {"link":""}
checkxlinkurl.template.feature:21 - 
org.apache.http.client.ClientProtocolException
12:56:41.948 [ForkJoinPool-1-worker-55] INFO  com.intuit.karate - [print] testing xlinkurl:
12:56:41.950 [ForkJoinPool-1-worker-55] ERROR com.intuit.karate - org.apache.http.client.ClientProtocolException, http call failed after 0 milliseconds for URL: 
12:56:41.950 [ForkJoinPool-1-worker-55] ERROR com.intuit.karate - http request failed: 
org.apache.http.client.ClientProtocolException
12:56:41.951 [ForkJoinPool-1-worker-55] ERROR com.intuit.karate - feature call (loop) failed at index: 4
caller: classpath:InspireTest/def/checkxlinkurl.template.feature
arg: {"link":""}
checkxlinkurl.template.feature:21 - 
org.apache.http.client.ClientProtocolException
12:56:41.953 [ForkJoinPool-1-worker-55] INFO  com.intuit.karate - [print] testing xlinkurl:
12:56:41.954 [ForkJoinPool-1-worker-55] ERROR com.intuit.karate - org.apache.http.client.ClientProtocolException, http call failed after 0 milliseconds for URL: 
12:56:41.954 [ForkJoinPool-1-worker-55] ERROR com.intuit.karate - http request failed: 
org.apache.http.client.ClientProtocolException
12:56:41.955 [ForkJoinPool-1-worker-55] ERROR com.intuit.karate - feature call (loop) failed at index: 5
caller: classpath:InspireTest/def/checkxlinkurl.template.feature
arg: {"link":""}
checkxlinkurl.template.feature:21 - 
org.apache.http.client.ClientProtocolException
12:56:41.957 [ForkJoinPool-1-worker-55] INFO  com.intuit.karate - [print] testing xlinkurl:
12:56:41.958 [ForkJoinPool-1-worker-55] ERROR com.intuit.karate - org.apache.http.client.ClientProtocolException, http call failed after 0 milliseconds for URL: 
12:56:41.958 [ForkJoinPool-1-worker-55] ERROR com.intuit.karate - http request failed: 
org.apache.http.client.ClientProtocolException
12:56:41.959 [ForkJoinPool-1-worker-55] ERROR com.intuit.karate - feature call (loop) failed at index: 6
caller: classpath:InspireTest/def/checkxlinkurl.template.feature
arg: {"link":""}
checkxlinkurl.template.feature:21 - 
org.apache.http.client.ClientProtocolException
12:56:41.961 [ForkJoinPool-1-worker-55] INFO  com.intuit.karate - [print] testing xlinkurl:
12:56:41.962 [ForkJoinPool-1-worker-55] ERROR com.intuit.karate - org.apache.http.client.ClientProtocolException, http call failed after 0 milliseconds for URL: 
12:56:41.962 [ForkJoinPool-1-worker-55] ERROR com.intuit.karate - http request failed: 
org.apache.http.client.ClientProtocolException
12:56:41.963 [ForkJoinPool-1-worker-55] ERROR com.intuit.karate - feature call (loop) failed at index: 7
caller: classpath:InspireTest/def/checkxlinkurl.template.feature
arg: {"link":""}
checkxlinkurl.template.feature:21 - 
org.apache.http.client.ClientProtocolException
12:56:41.965 [ForkJoinPool-1-worker-55] INFO  com.intuit.karate - [print] testing xlinkurl:
12:56:41.966 [ForkJoinPool-1-worker-55] ERROR com.intuit.karate - org.apache.http.client.ClientProtocolException, http call failed after 0 milliseconds for URL: 
12:56:41.966 [ForkJoinPool-1-worker-55] ERROR com.intuit.karate - http request failed: 
org.apache.http.client.ClientProtocolException
12:56:41.967 [ForkJoinPool-1-worker-55] ERROR com.intuit.karate - feature call (loop) failed at index: 8
caller: classpath:InspireTest/def/checkxlinkurl.template.feature
arg: {"link":""}
checkxlinkurl.template.feature:21 - 
org.apache.http.client.ClientProtocolException
12:56:41.969 [ForkJoinPool-1-worker-55] INFO  com.intuit.karate - [print] testing xlinkurl:
12:56:41.971 [ForkJoinPool-1-worker-55] ERROR com.intuit.karate - org.apache.http.client.ClientProtocolException, http call failed after 0 milliseconds for URL: 
12:56:41.971 [ForkJoinPool-1-worker-55] ERROR com.intuit.karate - http request failed: 
org.apache.http.client.ClientProtocolException
12:56:41.972 [ForkJoinPool-1-worker-55] ERROR com.intuit.karate - feature call (loop) failed at index: 9
caller: classpath:InspireTest/def/checkxlinkurl.template.feature
arg: {"link":""}
checkxlinkurl.template.feature:21 - 
org.apache.http.client.ClientProtocolException
12:56:41.974 [ForkJoinPool-1-worker-55] INFO  com.intuit.karate - [print] testing xlinkurl:
12:56:41.975 [ForkJoinPool-1-worker-55] ERROR com.intuit.karate - org.apache.http.client.ClientProtocolException, http call failed after 0 milliseconds for URL: 
12:56:41.975 [ForkJoinPool-1-worker-55] ERROR com.intuit.karate - http request failed: 
org.apache.http.client.ClientProtocolException
12:56:41.976 [ForkJoinPool-1-worker-55] ERROR com.intuit.karate - feature call (loop) failed at index: 10
caller: classpath:InspireTest/def/checkxlinkurl.template.feature
arg: {"link":""}
checkxlinkurl.template.feature:21 - 
org.apache.http.client.ClientProtocolException
12:56:41.978 [ForkJoinPool-1-worker-55] INFO  com.intuit.karate - [print] testing xlinkurl:http://nationaalgeoregister.nl/geonetwork/srv/dut/csw?service=CSW&version=2.0.2&request=GetRecordById&outputschema=http://www.isotc211.org/2005/gmd&elementsetname=full&id=be1b1514-8d1f-48e1-9624-fee9b784138b#MD_DataIdentification
12:56:42.145 [ForkJoinPool-1-worker-49] ERROR com.intuit.karate - java.net.SocketTimeoutException: Read timed out, http call failed after 5328 milliseconds for URL: http://inspire.ec.europa.eu/metadata-codelist/SpatialDataServiceCategory/infoMapAccessService
12:56:42.145 [ForkJoinPool-1-worker-49] ERROR com.intuit.karate - http request failed: 
java.net.SocketTimeoutException: Read timed out
12:56:42.145 [ForkJoinPool-1-worker-49] ERROR com.intuit.karate - feature call (loop) failed at index: 1
caller: classpath:InspireTest/def/checkxlinkurl.template.feature
arg: {"link":"http://inspire.ec.europa.eu/metadata-codelist/SpatialDataServiceCategory/infoMapAccessService"}
checkxlinkurl.template.feature:21 - 
java.net.SocketTimeoutException: Read timed out
12:56:42.146 [ForkJoinPool-1-worker-49] INFO  com.intuit.karate - [print] testing xlinkurl:http://inspire.ec.europa.eu/metadata-codelist/SpatialDataServiceCategory
12:56:42.451 [ForkJoinPool-1-worker-55] INFO  com.intuit.karate - [print] testing xlinkurl:http://nationaalgeoregister.nl/geonetwork/srv/dut/csw?service=CSW&version=2.0.2&request=GetRecordById&outputschema=http://www.isotc211.org/2005/gmd&elementsetname=full&id=db60a314-5583-437d-a2ff-1e59cc57704e#MD_DataIdentification
12:56:42.797 [ForkJoinPool-1-worker-17] ERROR com.intuit.karate - java.net.SocketTimeoutException: Read timed out, http call failed after 5329 milliseconds for URL: http://inspire.ec.europa.eu/metadata-codelist/SpatialDataServiceCategory/infoFeatureAccessService
12:56:42.798 [ForkJoinPool-1-worker-17] ERROR com.intuit.karate - http request failed: 
java.net.SocketTimeoutException: Read timed out
12:56:42.798 [ForkJoinPool-1-worker-17] ERROR com.intuit.karate - feature call (loop) failed at index: 2
caller: classpath:InspireTest/def/checkxlinkurl.template.feature
arg: {"link":"http://inspire.ec.europa.eu/metadata-codelist/SpatialDataServiceCategory/infoFeatureAccessService"}
checkxlinkurl.template.feature:21 - 
java.net.SocketTimeoutException: Read timed out
12:56:42.800 [ForkJoinPool-1-worker-17] INFO  com.intuit.karate - [print] testing xlinkurl:http://inspire.ec.europa.eu/metadata-codelist/SpatialDataServiceCategory
12:56:43.812 [ForkJoinPool-1-worker-41] ERROR com.intuit.karate - java.net.SocketTimeoutException: Read timed out, http call failed after 5326 milliseconds for URL: http://inspire.ec.europa.eu/metadata-codelist/SpatialDataServiceCategory/infoFeatureAccessService
12:56:43.813 [ForkJoinPool-1-worker-41] ERROR com.intuit.karate - http request failed: 
java.net.SocketTimeoutException: Read timed out
12:56:43.813 [ForkJoinPool-1-worker-41] ERROR com.intuit.karate - feature call (loop) failed at index: 2
caller: classpath:InspireTest/def/checkxlinkurl.template.feature
arg: {"link":"http://inspire.ec.europa.eu/metadata-codelist/SpatialDataServiceCategory/infoFeatureAccessService"}
checkxlinkurl.template.feature:21 - 
java.net.SocketTimeoutException: Read timed out
12:56:43.816 [ForkJoinPool-1-worker-41] INFO  com.intuit.karate - [print] testing xlinkurl:http://inspire.ec.europa.eu/metadata-codelist/SpatialDataServiceCategory#
12:56:44.018 [ForkJoinPool-1-worker-63] ERROR com.intuit.karate - java.net.SocketTimeoutException: Read timed out, http call failed after 5337 milliseconds for URL: http://inspire.ec.europa.eu/metadata-codelist/SpatialDataServiceCategory/infoMapAccessService
12:56:44.018 [ForkJoinPool-1-worker-63] ERROR com.intuit.karate - http request failed: 
java.net.SocketTimeoutException: Read timed out
12:56:44.019 [ForkJoinPool-1-worker-63] ERROR com.intuit.karate - feature call (loop) failed at index: 2
caller: classpath:InspireTest/def/checkxlinkurl.template.feature
arg: {"link":"http://inspire.ec.europa.eu/metadata-codelist/SpatialDataServiceCategory/infoMapAccessService"}
checkxlinkurl.template.feature:21 - 
java.net.SocketTimeoutException: Read timed out
12:56:44.020 [ForkJoinPool-1-worker-63] INFO  com.intuit.karate - [print] testing xlinkurl:http://inspire.ec.europa.eu/metadata-codelist/SpatialDataServiceCategory#
12:56:44.946 [ForkJoinPool-1-worker-45] ERROR com.intuit.karate - java.net.SocketTimeoutException: Read timed out, http call failed after 5334 milliseconds for URL: http://inspire.ec.europa.eu/metadata-codelist/SpatialDataServiceCategory
12:56:44.946 [ForkJoinPool-1-worker-45] ERROR com.intuit.karate - http request failed: 
java.net.SocketTimeoutException: Read timed out
12:56:44.946 [ForkJoinPool-1-worker-45] ERROR com.intuit.karate - feature call (loop) failed at index: 1
caller: classpath:InspireTest/def/checkxlinkurl.template.feature
arg: {"link":"http://inspire.ec.europa.eu/metadata-codelist/SpatialDataServiceCategory"}
checkxlinkurl.template.feature:21 - 
java.net.SocketTimeoutException: Read timed out
12:56:44.947 [ForkJoinPool-1-worker-11] ERROR com.intuit.karate - java.net.SocketTimeoutException: Read timed out, http call failed after 5334 milliseconds for URL: http://inspire.ec.europa.eu/metadata-codelist/SpatialDataServiceCategory
12:56:44.947 [ForkJoinPool-1-worker-11] ERROR com.intuit.karate - http request failed: 
java.net.SocketTimeoutException: Read timed out
12:56:44.947 [ForkJoinPool-1-worker-11] ERROR com.intuit.karate - feature call (loop) failed at index: 1
caller: classpath:InspireTest/def/checkxlinkurl.template.feature
arg: {"link":"http://inspire.ec.europa.eu/metadata-codelist/SpatialDataServiceCategory"}
checkxlinkurl.template.feature:21 - 
java.net.SocketTimeoutException: Read timed out
12:56:44.946 [ForkJoinPool-1-worker-19] ERROR com.intuit.karate - java.net.SocketTimeoutException: Read timed out, http call failed after 5332 milliseconds for URL: http://inspire.ec.europa.eu/metadata-codelist/SpatialDataServiceCategory
12:56:44.947 [ForkJoinPool-1-worker-19] ERROR com.intuit.karate - http request failed: 
java.net.SocketTimeoutException: Read timed out
12:56:44.947 [ForkJoinPool-1-worker-19] ERROR com.intuit.karate - feature call (loop) failed at index: 1
caller: classpath:InspireTest/def/checkxlinkurl.template.feature
arg: {"link":"http://inspire.ec.europa.eu/metadata-codelist/SpatialDataServiceCategory"}
checkxlinkurl.template.feature:21 - 
java.net.SocketTimeoutException: Read timed out
12:56:44.948 [ForkJoinPool-1-worker-19] INFO  com.intuit.karate - [print] testing xlinkurl:https://www.nationaalgeoregister.nl:443/geonetwork/srv/eng/thesaurus.download?ref=external.theme.httpinspireeceuropaeumetadatacodelistSpatialDataServiceCategory-SpatialDataServiceCategory
12:56:44.951 [ForkJoinPool-1-worker-11] INFO  com.intuit.karate - [print] testing xlinkurl:https://www.nationaalgeoregister.nl:443/geonetwork/srv/eng/thesaurus.download?ref=external.theme.httpinspireeceuropaeumetadatacodelistSpatialDataServiceCategory-SpatialDataServiceCategory
12:56:44.953 [ForkJoinPool-1-worker-45] INFO  com.intuit.karate - [print] testing xlinkurl:https://www.nationaalgeoregister.nl:443/geonetwork/srv/eng/thesaurus.download?ref=external.theme.httpinspireeceuropaeumetadatacodelistSpatialDataServiceCategory-SpatialDataServiceCategory
12:56:45.226 [ForkJoinPool-1-worker-45] INFO  com.intuit.karate - [print] testing xlinkurl:
12:56:45.228 [ForkJoinPool-1-worker-45] ERROR com.intuit.karate - org.apache.http.client.ClientProtocolException, http call failed after 0 milliseconds for URL: 
12:56:45.228 [ForkJoinPool-1-worker-45] ERROR com.intuit.karate - http request failed: 
org.apache.http.client.ClientProtocolException
12:56:45.229 [ForkJoinPool-1-worker-45] ERROR com.intuit.karate - feature call (loop) failed at index: 3
caller: classpath:InspireTest/def/checkxlinkurl.template.feature
arg: {"link":""}
checkxlinkurl.template.feature:21 - 
org.apache.http.client.ClientProtocolException
12:56:45.230 [ForkJoinPool-1-worker-45] INFO  com.intuit.karate - [print] testing xlinkurl:
12:56:45.231 [ForkJoinPool-1-worker-45] ERROR com.intuit.karate - org.apache.http.client.ClientProtocolException, http call failed after 0 milliseconds for URL: 
12:56:45.232 [ForkJoinPool-1-worker-45] ERROR com.intuit.karate - http request failed: 
org.apache.http.client.ClientProtocolException
12:56:45.232 [ForkJoinPool-1-worker-45] ERROR com.intuit.karate - feature call (loop) failed at index: 4
caller: classpath:InspireTest/def/checkxlinkurl.template.feature
arg: {"link":""}
checkxlinkurl.template.feature:21 - 
org.apache.http.client.ClientProtocolException
12:56:45.233 [ForkJoinPool-1-worker-45] INFO  com.intuit.karate - [print] testing xlinkurl:
12:56:45.235 [ForkJoinPool-1-worker-45] ERROR com.intuit.karate - org.apache.http.client.ClientProtocolException, http call failed after 0 milliseconds for URL: 
12:56:45.236 [ForkJoinPool-1-worker-45] ERROR com.intuit.karate - http request failed: 
org.apache.http.client.ClientProtocolException
12:56:45.236 [ForkJoinPool-1-worker-45] ERROR com.intuit.karate - feature call (loop) failed at index: 5
caller: classpath:InspireTest/def/checkxlinkurl.template.feature
arg: {"link":""}
checkxlinkurl.template.feature:21 - 
org.apache.http.client.ClientProtocolException
12:56:45.240 [ForkJoinPool-1-worker-11] INFO  com.intuit.karate - [print] testing xlinkurl:
12:56:45.241 [ForkJoinPool-1-worker-11] ERROR com.intuit.karate - org.apache.http.client.ClientProtocolException, http call failed after 0 milliseconds for URL: 
12:56:45.241 [ForkJoinPool-1-worker-11] ERROR com.intuit.karate - http request failed: 
org.apache.http.client.ClientProtocolException
12:56:45.241 [ForkJoinPool-1-worker-11] ERROR com.intuit.karate - feature call (loop) failed at index: 3
caller: classpath:InspireTest/def/checkxlinkurl.template.feature
arg: {"link":""}
checkxlinkurl.template.feature:21 - 
org.apache.http.client.ClientProtocolException
12:56:45.242 [ForkJoinPool-1-worker-11] INFO  com.intuit.karate - [print] testing xlinkurl:
12:56:45.243 [ForkJoinPool-1-worker-19] INFO  com.intuit.karate - [print] testing xlinkurl:
12:56:45.244 [ForkJoinPool-1-worker-19] ERROR com.intuit.karate - org.apache.http.client.ClientProtocolException, http call failed after 0 milliseconds for URL: 
12:56:45.244 [ForkJoinPool-1-worker-19] ERROR com.intuit.karate - http request failed: 
org.apache.http.client.ClientProtocolException
12:56:45.244 [ForkJoinPool-1-worker-19] ERROR com.intuit.karate - feature call (loop) failed at index: 3
caller: classpath:InspireTest/def/checkxlinkurl.template.feature
arg: {"link":""}
checkxlinkurl.template.feature:21 - 
org.apache.http.client.ClientProtocolException
12:56:45.245 [ForkJoinPool-1-worker-19] INFO  com.intuit.karate - [print] testing xlinkurl:
12:56:45.245 [ForkJoinPool-1-worker-19] ERROR com.intuit.karate - org.apache.http.client.ClientProtocolException, http call failed after 0 milliseconds for URL: 
12:56:45.245 [ForkJoinPool-1-worker-19] ERROR com.intuit.karate - http request failed: 
org.apache.http.client.ClientProtocolException
12:56:45.246 [ForkJoinPool-1-worker-19] ERROR com.intuit.karate - feature call (loop) failed at index: 4
caller: classpath:InspireTest/def/checkxlinkurl.template.feature
arg: {"link":""}
checkxlinkurl.template.feature:21 - 
org.apache.http.client.ClientProtocolException
12:56:45.246 [ForkJoinPool-1-worker-19] INFO  com.intuit.karate - [print] testing xlinkurl:
12:56:45.247 [ForkJoinPool-1-worker-19] ERROR com.intuit.karate - org.apache.http.client.ClientProtocolException, http call failed after 0 milliseconds for URL: 
12:56:45.247 [ForkJoinPool-1-worker-19] ERROR com.intuit.karate - http request failed: 
org.apache.http.client.ClientProtocolException
12:56:45.247 [ForkJoinPool-1-worker-19] ERROR com.intuit.karate - feature call (loop) failed at index: 5
caller: classpath:InspireTest/def/checkxlinkurl.template.feature
arg: {"link":""}
checkxlinkurl.template.feature:21 - 
org.apache.http.client.ClientProtocolException
12:56:45.253 [ForkJoinPool-1-worker-11] ERROR com.intuit.karate - org.apache.http.client.ClientProtocolException, http call failed after 0 milliseconds for URL: 
12:56:45.253 [ForkJoinPool-1-worker-11] ERROR com.intuit.karate - http request failed: 
org.apache.http.client.ClientProtocolException
12:56:45.253 [ForkJoinPool-1-worker-11] ERROR com.intuit.karate - feature call (loop) failed at index: 4
caller: classpath:InspireTest/def/checkxlinkurl.template.feature
arg: {"link":""}
checkxlinkurl.template.feature:21 - 
org.apache.http.client.ClientProtocolException
12:56:45.254 [ForkJoinPool-1-worker-11] INFO  com.intuit.karate - [print] testing xlinkurl:
12:56:45.270 [ForkJoinPool-1-worker-19] INFO  com.intuit.karate - [print] testing xlinkurl:http://www.nationaalgeoregister.nl/geonetwork/srv/en/csw?service=CSW&request=GetRecordById&version=2.0.2&outputSchema=http://www.isotc211.org/2005/gmd&elementSetName=full&id=f2f86edf-ac3a-48e8-9292-0544da2d7645#MD_DataIdentification
12:56:45.270 [ForkJoinPool-1-worker-11] ERROR com.intuit.karate - org.apache.http.client.ClientProtocolException, http call failed after 0 milliseconds for URL: 
12:56:45.270 [ForkJoinPool-1-worker-11] ERROR com.intuit.karate - http request failed: 
org.apache.http.client.ClientProtocolException
12:56:45.270 [ForkJoinPool-1-worker-11] ERROR com.intuit.karate - feature call (loop) failed at index: 5
caller: classpath:InspireTest/def/checkxlinkurl.template.feature
arg: {"link":""}
checkxlinkurl.template.feature:21 - 
org.apache.http.client.ClientProtocolException
12:56:45.271 [ForkJoinPool-1-worker-11] INFO  com.intuit.karate - [print] testing xlinkurl:
12:56:45.276 [ForkJoinPool-1-worker-45] INFO  com.intuit.karate - [print] testing xlinkurl:http://www.nationaalgeoregister.nl/geonetwork/srv/en/csw?service=CSW&request=GetRecordById&version=2.0.2&outputSchema=http://www.isotc211.org/2005/gmd&elementSetName=full&id=b3f66964-a8c1-456f-9799-9cafca2cb7b1#MD_DataIdentification
12:56:45.284 [ForkJoinPool-1-worker-11] ERROR com.intuit.karate - org.apache.http.client.ClientProtocolException, http call failed after 0 milliseconds for URL: 
12:56:45.284 [ForkJoinPool-1-worker-11] ERROR com.intuit.karate - http request failed: 
org.apache.http.client.ClientProtocolException
12:56:45.284 [ForkJoinPool-1-worker-11] ERROR com.intuit.karate - feature call (loop) failed at index: 6
caller: classpath:InspireTest/def/checkxlinkurl.template.feature
arg: {"link":""}
checkxlinkurl.template.feature:21 - 
org.apache.http.client.ClientProtocolException
12:56:45.291 [ForkJoinPool-1-worker-11] INFO  com.intuit.karate - [print] testing xlinkurl:
12:56:45.303 [ForkJoinPool-1-worker-11] ERROR com.intuit.karate - org.apache.http.client.ClientProtocolException, http call failed after 0 milliseconds for URL: 
12:56:45.304 [ForkJoinPool-1-worker-11] ERROR com.intuit.karate - http request failed: 
org.apache.http.client.ClientProtocolException
12:56:45.304 [ForkJoinPool-1-worker-11] ERROR com.intuit.karate - feature call (loop) failed at index: 7
caller: classpath:InspireTest/def/checkxlinkurl.template.feature
arg: {"link":""}
checkxlinkurl.template.feature:21 - 
org.apache.http.client.ClientProtocolException
12:56:45.304 [ForkJoinPool-1-worker-11] INFO  com.intuit.karate - [print] testing xlinkurl:
12:56:45.305 [ForkJoinPool-1-worker-11] ERROR com.intuit.karate - org.apache.http.client.ClientProtocolException, http call failed after 0 milliseconds for URL: 
12:56:45.305 [ForkJoinPool-1-worker-11] ERROR com.intuit.karate - http request failed: 
org.apache.http.client.ClientProtocolException
12:56:45.305 [ForkJoinPool-1-worker-11] ERROR com.intuit.karate - feature call (loop) failed at index: 8
caller: classpath:InspireTest/def/checkxlinkurl.template.feature
arg: {"link":""}
checkxlinkurl.template.feature:21 - 
org.apache.http.client.ClientProtocolException
12:56:45.308 [ForkJoinPool-1-worker-11] INFO  com.intuit.karate - [print] testing xlinkurl:http://nationaalgeoregister.nl/geonetwork/srv/en/csw?service=CSW&version=2.0.2&request=GetRecordById&outputschema=http://www.isotc211.org/2005/gmd&elementsetname=full&id=110f9ec6-4464-462e-9765-83d90cefbeag#MD_DataIdentification
12:56:45.608 [ForkJoinPool-1-worker-39] ERROR com.intuit.karate - java.net.SocketTimeoutException: Read timed out, http call failed after 5328 milliseconds for URL: http://inspire.ec.europa.eu/metadata-codelist/SpatialDataServiceCategory#
12:56:45.608 [ForkJoinPool-1-worker-39] ERROR com.intuit.karate - http request failed: 
java.net.SocketTimeoutException: Read timed out
12:56:45.608 [ForkJoinPool-1-worker-39] ERROR com.intuit.karate - feature call (loop) failed at index: 3
caller: classpath:InspireTest/def/checkxlinkurl.template.feature
arg: {"link":"http://inspire.ec.europa.eu/metadata-codelist/SpatialDataServiceCategory#"}
checkxlinkurl.template.feature:21 - 
java.net.SocketTimeoutException: Read timed out
12:56:45.609 [ForkJoinPool-1-worker-39] INFO  com.intuit.karate - [print] testing xlinkurl:https://www.nationaalgeoregister.nl/geonetwork/srv/eng/thesaurus.download?ref=external.theme.httpinspireeceuropaeumetadatacodelistSpatialDataServiceCategory-SpatialDataServiceCategory
12:56:45.850 [ForkJoinPool-1-worker-11] INFO  com.intuit.karate - [print] testing xlinkurl:http://nationaalgeoregister.nl/geonetwork/srv/en/csw?service=CSW&version=2.0.2&request=GetRecordById&outputschema=http://www.isotc211.org/2005/gmd&elementsetname=full&id=110f9ec6-4464-462e-9765-83d90cefbead#MD_DataIdentification
12:56:45.884 [ForkJoinPool-1-worker-39] INFO  com.intuit.karate - [print] testing xlinkurl:
12:56:45.886 [ForkJoinPool-1-worker-39] ERROR com.intuit.karate - org.apache.http.client.ClientProtocolException, http call failed after 0 milliseconds for URL: 
12:56:45.886 [ForkJoinPool-1-worker-39] ERROR com.intuit.karate - http request failed: 
org.apache.http.client.ClientProtocolException
12:56:45.887 [ForkJoinPool-1-worker-39] ERROR com.intuit.karate - feature call (loop) failed at index: 5
caller: classpath:InspireTest/def/checkxlinkurl.template.feature
arg: {"link":""}
checkxlinkurl.template.feature:21 - 
org.apache.http.client.ClientProtocolException
12:56:45.890 [ForkJoinPool-1-worker-39] INFO  com.intuit.karate - [print] testing xlinkurl:
12:56:45.892 [ForkJoinPool-1-worker-39] ERROR com.intuit.karate - org.apache.http.client.ClientProtocolException, http call failed after 0 milliseconds for URL: 
12:56:45.894 [ForkJoinPool-1-worker-39] ERROR com.intuit.karate - http request failed: 
org.apache.http.client.ClientProtocolException
12:56:45.894 [ForkJoinPool-1-worker-39] ERROR com.intuit.karate - feature call (loop) failed at index: 6
caller: classpath:InspireTest/def/checkxlinkurl.template.feature
arg: {"link":""}
checkxlinkurl.template.feature:21 - 
org.apache.http.client.ClientProtocolException
12:56:45.896 [ForkJoinPool-1-worker-39] INFO  com.intuit.karate - [print] testing xlinkurl:
12:56:45.898 [ForkJoinPool-1-worker-39] ERROR com.intuit.karate - org.apache.http.client.ClientProtocolException, http call failed after 0 milliseconds for URL: 
12:56:45.899 [ForkJoinPool-1-worker-39] ERROR com.intuit.karate - http request failed: 
org.apache.http.client.ClientProtocolException
12:56:45.900 [ForkJoinPool-1-worker-39] ERROR com.intuit.karate - feature call (loop) failed at index: 7
caller: classpath:InspireTest/def/checkxlinkurl.template.feature
arg: {"link":""}
checkxlinkurl.template.feature:21 - 
org.apache.http.client.ClientProtocolException
12:56:45.903 [ForkJoinPool-1-worker-39] INFO  com.intuit.karate - [print] testing xlinkurl:
12:56:45.905 [ForkJoinPool-1-worker-39] ERROR com.intuit.karate - org.apache.http.client.ClientProtocolException, http call failed after 0 milliseconds for URL: 
12:56:45.905 [ForkJoinPool-1-worker-39] ERROR com.intuit.karate - http request failed: 
org.apache.http.client.ClientProtocolException
12:56:45.907 [ForkJoinPool-1-worker-39] ERROR com.intuit.karate - feature call (loop) failed at index: 8
caller: classpath:InspireTest/def/checkxlinkurl.template.feature
arg: {"link":""}
checkxlinkurl.template.feature:21 - 
org.apache.http.client.ClientProtocolException
12:56:45.909 [ForkJoinPool-1-worker-39] INFO  com.intuit.karate - [print] testing xlinkurl:
12:56:45.912 [ForkJoinPool-1-worker-39] ERROR com.intuit.karate - org.apache.http.client.ClientProtocolException, http call failed after 0 milliseconds for URL: 
12:56:45.913 [ForkJoinPool-1-worker-39] ERROR com.intuit.karate - http request failed: 
org.apache.http.client.ClientProtocolException
12:56:45.913 [ForkJoinPool-1-worker-39] ERROR com.intuit.karate - feature call (loop) failed at index: 9
caller: classpath:InspireTest/def/checkxlinkurl.template.feature
arg: {"link":""}
checkxlinkurl.template.feature:21 - 
org.apache.http.client.ClientProtocolException
12:56:45.915 [ForkJoinPool-1-worker-39] INFO  com.intuit.karate - [print] testing xlinkurl:
12:56:45.918 [ForkJoinPool-1-worker-39] ERROR com.intuit.karate - org.apache.http.client.ClientProtocolException, http call failed after 0 milliseconds for URL: 
12:56:45.919 [ForkJoinPool-1-worker-39] ERROR com.intuit.karate - http request failed: 
org.apache.http.client.ClientProtocolException
12:56:45.920 [ForkJoinPool-1-worker-39] ERROR com.intuit.karate - feature call (loop) failed at index: 10
caller: classpath:InspireTest/def/checkxlinkurl.template.feature
arg: {"link":""}
checkxlinkurl.template.feature:21 - 
org.apache.http.client.ClientProtocolException
12:56:45.922 [ForkJoinPool-1-worker-39] INFO  com.intuit.karate - [print] testing xlinkurl:
12:56:45.923 [ForkJoinPool-1-worker-39] ERROR com.intuit.karate - org.apache.http.client.ClientProtocolException, http call failed after 0 milliseconds for URL: 
12:56:45.924 [ForkJoinPool-1-worker-39] ERROR com.intuit.karate - http request failed: 
org.apache.http.client.ClientProtocolException
12:56:45.925 [ForkJoinPool-1-worker-39] ERROR com.intuit.karate - feature call (loop) failed at index: 11
caller: classpath:InspireTest/def/checkxlinkurl.template.feature
arg: {"link":""}
checkxlinkurl.template.feature:21 - 
org.apache.http.client.ClientProtocolException
12:56:45.928 [ForkJoinPool-1-worker-39] INFO  com.intuit.karate - [print] testing xlinkurl:
12:56:45.929 [ForkJoinPool-1-worker-39] ERROR com.intuit.karate - org.apache.http.client.ClientProtocolException, http call failed after 0 milliseconds for URL: 
12:56:45.929 [ForkJoinPool-1-worker-39] ERROR com.intuit.karate - http request failed: 
org.apache.http.client.ClientProtocolException
12:56:45.930 [ForkJoinPool-1-worker-39] ERROR com.intuit.karate - feature call (loop) failed at index: 12
caller: classpath:InspireTest/def/checkxlinkurl.template.feature
arg: {"link":""}
checkxlinkurl.template.feature:21 - 
org.apache.http.client.ClientProtocolException
12:56:45.932 [ForkJoinPool-1-worker-39] INFO  com.intuit.karate - [print] testing xlinkurl:
12:56:45.933 [ForkJoinPool-1-worker-39] ERROR com.intuit.karate - org.apache.http.client.ClientProtocolException, http call failed after 0 milliseconds for URL: 
12:56:45.934 [ForkJoinPool-1-worker-39] ERROR com.intuit.karate - http request failed: 
org.apache.http.client.ClientProtocolException
12:56:45.935 [ForkJoinPool-1-worker-39] ERROR com.intuit.karate - feature call (loop) failed at index: 13
caller: classpath:InspireTest/def/checkxlinkurl.template.feature
arg: {"link":""}
checkxlinkurl.template.feature:21 - 
org.apache.http.client.ClientProtocolException
12:56:45.937 [ForkJoinPool-1-worker-39] INFO  com.intuit.karate - [print] testing xlinkurl:
12:56:45.938 [ForkJoinPool-1-worker-39] ERROR com.intuit.karate - org.apache.http.client.ClientProtocolException, http call failed after 0 milliseconds for URL: 
12:56:45.939 [ForkJoinPool-1-worker-39] ERROR com.intuit.karate - http request failed: 
org.apache.http.client.ClientProtocolException
12:56:45.940 [ForkJoinPool-1-worker-39] ERROR com.intuit.karate - feature call (loop) failed at index: 14
caller: classpath:InspireTest/def/checkxlinkurl.template.feature
arg: {"link":""}
checkxlinkurl.template.feature:21 - 
org.apache.http.client.ClientProtocolException
12:56:45.942 [ForkJoinPool-1-worker-39] INFO  com.intuit.karate - [print] testing xlinkurl:
12:56:45.943 [ForkJoinPool-1-worker-39] ERROR com.intuit.karate - org.apache.http.client.ClientProtocolException, http call failed after 0 milliseconds for URL: 
12:56:45.943 [ForkJoinPool-1-worker-39] ERROR com.intuit.karate - http request failed: 
org.apache.http.client.ClientProtocolException
12:56:45.944 [ForkJoinPool-1-worker-39] ERROR com.intuit.karate - feature call (loop) failed at index: 15
caller: classpath:InspireTest/def/checkxlinkurl.template.feature
arg: {"link":""}
checkxlinkurl.template.feature:21 - 
org.apache.http.client.ClientProtocolException
12:56:45.946 [ForkJoinPool-1-worker-39] INFO  com.intuit.karate - [print] testing xlinkurl:
12:56:45.947 [ForkJoinPool-1-worker-39] ERROR com.intuit.karate - org.apache.http.client.ClientProtocolException, http call failed after 0 milliseconds for URL: 
12:56:45.949 [ForkJoinPool-1-worker-39] ERROR com.intuit.karate - http request failed: 
org.apache.http.client.ClientProtocolException
12:56:45.949 [ForkJoinPool-1-worker-39] ERROR com.intuit.karate - feature call (loop) failed at index: 16
caller: classpath:InspireTest/def/checkxlinkurl.template.feature
arg: {"link":""}
checkxlinkurl.template.feature:21 - 
org.apache.http.client.ClientProtocolException
12:56:45.951 [ForkJoinPool-1-worker-39] INFO  com.intuit.karate - [print] testing xlinkurl:
12:56:45.952 [ForkJoinPool-1-worker-39] ERROR com.intuit.karate - org.apache.http.client.ClientProtocolException, http call failed after 0 milliseconds for URL: 
12:56:45.953 [ForkJoinPool-1-worker-39] ERROR com.intuit.karate - http request failed: 
org.apache.http.client.ClientProtocolException
12:56:45.954 [ForkJoinPool-1-worker-39] ERROR com.intuit.karate - feature call (loop) failed at index: 17
caller: classpath:InspireTest/def/checkxlinkurl.template.feature
arg: {"link":""}
checkxlinkurl.template.feature:21 - 
org.apache.http.client.ClientProtocolException
12:56:45.956 [ForkJoinPool-1-worker-39] INFO  com.intuit.karate - [print] testing xlinkurl:
12:56:45.957 [ForkJoinPool-1-worker-39] ERROR com.intuit.karate - org.apache.http.client.ClientProtocolException, http call failed after 0 milliseconds for URL: 
12:56:45.958 [ForkJoinPool-1-worker-39] ERROR com.intuit.karate - http request failed: 
org.apache.http.client.ClientProtocolException
12:56:45.959 [ForkJoinPool-1-worker-39] ERROR com.intuit.karate - feature call (loop) failed at index: 18
caller: classpath:InspireTest/def/checkxlinkurl.template.feature
arg: {"link":""}
checkxlinkurl.template.feature:21 - 
org.apache.http.client.ClientProtocolException
12:56:45.961 [ForkJoinPool-1-worker-39] INFO  com.intuit.karate - [print] testing xlinkurl:
12:56:45.962 [ForkJoinPool-1-worker-39] ERROR com.intuit.karate - org.apache.http.client.ClientProtocolException, http call failed after 0 milliseconds for URL: 
12:56:45.963 [ForkJoinPool-1-worker-39] ERROR com.intuit.karate - http request failed: 
org.apache.http.client.ClientProtocolException
12:56:45.963 [ForkJoinPool-1-worker-39] ERROR com.intuit.karate - feature call (loop) failed at index: 19
caller: classpath:InspireTest/def/checkxlinkurl.template.feature
arg: {"link":""}
checkxlinkurl.template.feature:21 - 
org.apache.http.client.ClientProtocolException
12:56:45.965 [ForkJoinPool-1-worker-39] INFO  com.intuit.karate - [print] testing xlinkurl:
12:56:45.966 [ForkJoinPool-1-worker-39] ERROR com.intuit.karate - org.apache.http.client.ClientProtocolException, http call failed after 0 milliseconds for URL: 
12:56:45.967 [ForkJoinPool-1-worker-39] ERROR com.intuit.karate - http request failed: 
org.apache.http.client.ClientProtocolException
12:56:45.968 [ForkJoinPool-1-worker-39] ERROR com.intuit.karate - feature call (loop) failed at index: 20
caller: classpath:InspireTest/def/checkxlinkurl.template.feature
arg: {"link":""}
checkxlinkurl.template.feature:21 - 
org.apache.http.client.ClientProtocolException
12:56:45.970 [ForkJoinPool-1-worker-39] INFO  com.intuit.karate - [print] testing xlinkurl:http://nationaalgeoregister.nl/geonetwork/srv/dut/csw?service=CSW&version=2.0.2&request=GetRecordById&outputschema=http://www.isotc211.org/2005/gmd&elementsetname=full&id=5951efa2-1ff3-4763-a966-a2f5497679ee#MD_DataIdentification
12:56:46.259 [ForkJoinPool-1-worker-59] ERROR com.intuit.karate - java.net.SocketTimeoutException: Read timed out, http call failed after 5335 milliseconds for URL: http://inspire.ec.europa.eu/metadata-codelist/SpatialDataServiceCategory
12:56:46.259 [ForkJoinPool-1-worker-59] ERROR com.intuit.karate - http request failed: 
java.net.SocketTimeoutException: Read timed out
12:56:46.259 [ForkJoinPool-1-worker-59] ERROR com.intuit.karate - feature call (loop) failed at index: 1
caller: classpath:InspireTest/def/checkxlinkurl.template.feature
arg: {"link":"http://inspire.ec.europa.eu/metadata-codelist/SpatialDataServiceCategory"}
checkxlinkurl.template.feature:21 - 
java.net.SocketTimeoutException: Read timed out
12:56:46.262 [ForkJoinPool-1-worker-59] INFO  com.intuit.karate - [print] testing xlinkurl:https://www.nationaalgeoregister.nl:443/geonetwork/srv/eng/thesaurus.download?ref=external.theme.httpinspireeceuropaeumetadatacodelistSpatialDataServiceCategory-SpatialDataServiceCategory
12:56:46.325 [ForkJoinPool-1-worker-9] ERROR com.intuit.karate - java.net.SocketTimeoutException: Read timed out, http call failed after 5327 milliseconds for URL: http://inspire.ec.europa.eu/metadata-codelist/SpatialDataServiceCategory#
12:56:46.325 [ForkJoinPool-1-worker-9] ERROR com.intuit.karate - http request failed: 
java.net.SocketTimeoutException: Read timed out
12:56:46.325 [ForkJoinPool-1-worker-9] ERROR com.intuit.karate - feature call (loop) failed at index: 3
caller: classpath:InspireTest/def/checkxlinkurl.template.feature
arg: {"link":"http://inspire.ec.europa.eu/metadata-codelist/SpatialDataServiceCategory#"}
checkxlinkurl.template.feature:21 - 
java.net.SocketTimeoutException: Read timed out
12:56:46.326 [ForkJoinPool-1-worker-9] INFO  com.intuit.karate - [print] testing xlinkurl:https://www.nationaalgeoregister.nl/geonetwork/srv/eng/thesaurus.download?ref=external.theme.httpinspireeceuropaeumetadatacodelistSpatialDataServiceCategory-SpatialDataServiceCategory
12:56:46.539 [ForkJoinPool-1-worker-59] INFO  com.intuit.karate - [print] testing xlinkurl:
12:56:46.540 [ForkJoinPool-1-worker-59] ERROR com.intuit.karate - org.apache.http.client.ClientProtocolException, http call failed after 0 milliseconds for URL: 
12:56:46.541 [ForkJoinPool-1-worker-59] ERROR com.intuit.karate - http request failed: 
org.apache.http.client.ClientProtocolException
12:56:46.542 [ForkJoinPool-1-worker-59] ERROR com.intuit.karate - feature call (loop) failed at index: 3
caller: classpath:InspireTest/def/checkxlinkurl.template.feature
arg: {"link":""}
checkxlinkurl.template.feature:21 - 
org.apache.http.client.ClientProtocolException
12:56:46.544 [ForkJoinPool-1-worker-59] INFO  com.intuit.karate - [print] testing xlinkurl:
12:56:46.545 [ForkJoinPool-1-worker-59] ERROR com.intuit.karate - org.apache.http.client.ClientProtocolException, http call failed after 0 milliseconds for URL: 
12:56:46.546 [ForkJoinPool-1-worker-59] ERROR com.intuit.karate - http request failed: 
org.apache.http.client.ClientProtocolException
12:56:46.547 [ForkJoinPool-1-worker-59] ERROR com.intuit.karate - feature call (loop) failed at index: 4
caller: classpath:InspireTest/def/checkxlinkurl.template.feature
arg: {"link":""}
checkxlinkurl.template.feature:21 - 
org.apache.http.client.ClientProtocolException
12:56:46.549 [ForkJoinPool-1-worker-59] INFO  com.intuit.karate - [print] testing xlinkurl:
12:56:46.549 [ForkJoinPool-1-worker-59] ERROR com.intuit.karate - org.apache.http.client.ClientProtocolException, http call failed after 0 milliseconds for URL: 
12:56:46.549 [ForkJoinPool-1-worker-59] ERROR com.intuit.karate - http request failed: 
org.apache.http.client.ClientProtocolException
12:56:46.549 [ForkJoinPool-1-worker-59] ERROR com.intuit.karate - feature call (loop) failed at index: 5
caller: classpath:InspireTest/def/checkxlinkurl.template.feature
arg: {"link":""}
checkxlinkurl.template.feature:21 - 
org.apache.http.client.ClientProtocolException
12:56:46.550 [ForkJoinPool-1-worker-59] INFO  com.intuit.karate - [print] testing xlinkurl:http://www.nationaalgeoregister.nl/geonetwork/srv/dut/csw?service=CSW&request=GetRecordById&version=2.0.2&outputSchema=http://www.isotc211.org/2005/gmd&elementSetName=full&id=50a2c5e6-c8e7-425d-854e-26f578196bc9#MD_DataIdentification
12:56:46.613 [ForkJoinPool-1-worker-9] INFO  com.intuit.karate - [print] testing xlinkurl:
12:56:46.614 [ForkJoinPool-1-worker-9] ERROR com.intuit.karate - org.apache.http.client.ClientProtocolException, http call failed after 0 milliseconds for URL: 
12:56:46.614 [ForkJoinPool-1-worker-9] ERROR com.intuit.karate - http request failed: 
org.apache.http.client.ClientProtocolException
12:56:46.614 [ForkJoinPool-1-worker-9] ERROR com.intuit.karate - feature call (loop) failed at index: 5
caller: classpath:InspireTest/def/checkxlinkurl.template.feature
arg: {"link":""}
checkxlinkurl.template.feature:21 - 
org.apache.http.client.ClientProtocolException
12:56:46.615 [ForkJoinPool-1-worker-9] INFO  com.intuit.karate - [print] testing xlinkurl:
12:56:46.616 [ForkJoinPool-1-worker-9] ERROR com.intuit.karate - org.apache.http.client.ClientProtocolException, http call failed after 0 milliseconds for URL: 
12:56:46.616 [ForkJoinPool-1-worker-9] ERROR com.intuit.karate - http request failed: 
org.apache.http.client.ClientProtocolException
12:56:46.616 [ForkJoinPool-1-worker-9] ERROR com.intuit.karate - feature call (loop) failed at index: 6
caller: classpath:InspireTest/def/checkxlinkurl.template.feature
arg: {"link":""}
checkxlinkurl.template.feature:21 - 
org.apache.http.client.ClientProtocolException
12:56:46.616 [ForkJoinPool-1-worker-9] INFO  com.intuit.karate - [print] testing xlinkurl:
12:56:46.617 [ForkJoinPool-1-worker-9] ERROR com.intuit.karate - org.apache.http.client.ClientProtocolException, http call failed after 0 milliseconds for URL: 
12:56:46.617 [ForkJoinPool-1-worker-9] ERROR com.intuit.karate - http request failed: 
org.apache.http.client.ClientProtocolException
12:56:46.617 [ForkJoinPool-1-worker-9] ERROR com.intuit.karate - feature call (loop) failed at index: 7
caller: classpath:InspireTest/def/checkxlinkurl.template.feature
arg: {"link":""}
checkxlinkurl.template.feature:21 - 
org.apache.http.client.ClientProtocolException
12:56:46.618 [ForkJoinPool-1-worker-9] INFO  com.intuit.karate - [print] testing xlinkurl:https://nationaalgeoregister.nl/geonetwork/srv/en/csw?service=CSW&version=2.0.2&request=GetRecordById&outputschema=http://www.isotc211.org/2005/gmd&elementsetname=full&id=6318009c-7b11-4ab9-9929-735584dfb692#MD_DataIdentification
12:56:47.322 [ForkJoinPool-1-worker-47] ERROR com.intuit.karate - java.net.SocketTimeoutException: Read timed out, http call failed after 5326 milliseconds for URL: http://inspire.ec.europa.eu/metadata-codelist/SpatialDataServiceCategory#
12:56:47.322 [ForkJoinPool-1-worker-47] ERROR com.intuit.karate - http request failed: 
java.net.SocketTimeoutException: Read timed out
12:56:47.323 [ForkJoinPool-1-worker-47] ERROR com.intuit.karate - feature call (loop) failed at index: 3
caller: classpath:InspireTest/def/checkxlinkurl.template.feature
arg: {"link":"http://inspire.ec.europa.eu/metadata-codelist/SpatialDataServiceCategory#"}
checkxlinkurl.template.feature:21 - 
java.net.SocketTimeoutException: Read timed out
12:56:47.324 [ForkJoinPool-1-worker-47] INFO  com.intuit.karate - [print] testing xlinkurl:https://www.nationaalgeoregister.nl/geonetwork/srv/eng/thesaurus.download?ref=external.theme.httpinspireeceuropaeumetadatacodelistSpatialDataServiceCategory-SpatialDataServiceCategory
12:56:47.603 [ForkJoinPool-1-worker-47] INFO  com.intuit.karate - [print] testing xlinkurl:
12:56:47.606 [ForkJoinPool-1-worker-47] ERROR com.intuit.karate - org.apache.http.client.ClientProtocolException, http call failed after 0 milliseconds for URL: 
12:56:47.607 [ForkJoinPool-1-worker-47] ERROR com.intuit.karate - http request failed: 
org.apache.http.client.ClientProtocolException
12:56:47.609 [ForkJoinPool-1-worker-47] ERROR com.intuit.karate - feature call (loop) failed at index: 5
caller: classpath:InspireTest/def/checkxlinkurl.template.feature
arg: {"link":""}
checkxlinkurl.template.feature:21 - 
org.apache.http.client.ClientProtocolException
12:56:47.612 [ForkJoinPool-1-worker-47] INFO  com.intuit.karate - [print] testing xlinkurl:
12:56:47.614 [ForkJoinPool-1-worker-47] ERROR com.intuit.karate - org.apache.http.client.ClientProtocolException, http call failed after 0 milliseconds for URL: 
12:56:47.615 [ForkJoinPool-1-worker-47] ERROR com.intuit.karate - http request failed: 
org.apache.http.client.ClientProtocolException
12:56:47.616 [ForkJoinPool-1-worker-47] ERROR com.intuit.karate - feature call (loop) failed at index: 6
caller: classpath:InspireTest/def/checkxlinkurl.template.feature
arg: {"link":""}
checkxlinkurl.template.feature:21 - 
org.apache.http.client.ClientProtocolException
12:56:47.619 [ForkJoinPool-1-worker-47] INFO  com.intuit.karate - [print] testing xlinkurl:
12:56:47.621 [ForkJoinPool-1-worker-47] ERROR com.intuit.karate - org.apache.http.client.ClientProtocolException, http call failed after 0 milliseconds for URL: 
12:56:47.621 [ForkJoinPool-1-worker-47] ERROR com.intuit.karate - http request failed: 
org.apache.http.client.ClientProtocolException
12:56:47.622 [ForkJoinPool-1-worker-47] ERROR com.intuit.karate - feature call (loop) failed at index: 7
caller: classpath:InspireTest/def/checkxlinkurl.template.feature
arg: {"link":""}
checkxlinkurl.template.feature:21 - 
org.apache.http.client.ClientProtocolException
12:56:47.625 [ForkJoinPool-1-worker-47] INFO  com.intuit.karate - [print] testing xlinkurl:
12:56:47.626 [ForkJoinPool-1-worker-47] ERROR com.intuit.karate - org.apache.http.client.ClientProtocolException, http call failed after 0 milliseconds for URL: 
12:56:47.627 [ForkJoinPool-1-worker-47] ERROR com.intuit.karate - http request failed: 
org.apache.http.client.ClientProtocolException
12:56:47.628 [ForkJoinPool-1-worker-47] ERROR com.intuit.karate - feature call (loop) failed at index: 8
caller: classpath:InspireTest/def/checkxlinkurl.template.feature
arg: {"link":""}
checkxlinkurl.template.feature:21 - 
org.apache.http.client.ClientProtocolException
12:56:47.630 [ForkJoinPool-1-worker-47] INFO  com.intuit.karate - [print] testing xlinkurl:
12:56:47.631 [ForkJoinPool-1-worker-47] ERROR com.intuit.karate - org.apache.http.client.ClientProtocolException, http call failed after 0 milliseconds for URL: 
12:56:47.632 [ForkJoinPool-1-worker-47] ERROR com.intuit.karate - http request failed: 
org.apache.http.client.ClientProtocolException
12:56:47.632 [ForkJoinPool-1-worker-47] ERROR com.intuit.karate - feature call (loop) failed at index: 9
caller: classpath:InspireTest/def/checkxlinkurl.template.feature
arg: {"link":""}
checkxlinkurl.template.feature:21 - 
org.apache.http.client.ClientProtocolException
12:56:47.635 [ForkJoinPool-1-worker-47] INFO  com.intuit.karate - [print] testing xlinkurl:
12:56:47.636 [ForkJoinPool-1-worker-47] ERROR com.intuit.karate - org.apache.http.client.ClientProtocolException, http call failed after 0 milliseconds for URL: 
12:56:47.637 [ForkJoinPool-1-worker-47] ERROR com.intuit.karate - http request failed: 
org.apache.http.client.ClientProtocolException
12:56:47.638 [ForkJoinPool-1-worker-47] ERROR com.intuit.karate - feature call (loop) failed at index: 10
caller: classpath:InspireTest/def/checkxlinkurl.template.feature
arg: {"link":""}
checkxlinkurl.template.feature:21 - 
org.apache.http.client.ClientProtocolException
12:56:47.640 [ForkJoinPool-1-worker-47] INFO  com.intuit.karate - [print] testing xlinkurl:
12:56:47.641 [ForkJoinPool-1-worker-47] ERROR com.intuit.karate - org.apache.http.client.ClientProtocolException, http call failed after 0 milliseconds for URL: 
12:56:47.642 [ForkJoinPool-1-worker-47] ERROR com.intuit.karate - http request failed: 
org.apache.http.client.ClientProtocolException
12:56:47.643 [ForkJoinPool-1-worker-47] ERROR com.intuit.karate - feature call (loop) failed at index: 11
caller: classpath:InspireTest/def/checkxlinkurl.template.feature
arg: {"link":""}
checkxlinkurl.template.feature:21 - 
org.apache.http.client.ClientProtocolException
12:56:47.645 [ForkJoinPool-1-worker-47] INFO  com.intuit.karate - [print] testing xlinkurl:
12:56:47.646 [ForkJoinPool-1-worker-47] ERROR com.intuit.karate - org.apache.http.client.ClientProtocolException, http call failed after 0 milliseconds for URL: 
12:56:47.647 [ForkJoinPool-1-worker-47] ERROR com.intuit.karate - http request failed: 
org.apache.http.client.ClientProtocolException
12:56:47.648 [ForkJoinPool-1-worker-47] ERROR com.intuit.karate - feature call (loop) failed at index: 12
caller: classpath:InspireTest/def/checkxlinkurl.template.feature
arg: {"link":""}
checkxlinkurl.template.feature:21 - 
org.apache.http.client.ClientProtocolException
12:56:47.649 [ForkJoinPool-1-worker-47] INFO  com.intuit.karate - [print] testing xlinkurl:
12:56:47.650 [ForkJoinPool-1-worker-47] ERROR com.intuit.karate - org.apache.http.client.ClientProtocolException, http call failed after 0 milliseconds for URL: 
12:56:47.651 [ForkJoinPool-1-worker-47] ERROR com.intuit.karate - http request failed: 
org.apache.http.client.ClientProtocolException
12:56:47.652 [ForkJoinPool-1-worker-47] ERROR com.intuit.karate - feature call (loop) failed at index: 13
caller: classpath:InspireTest/def/checkxlinkurl.template.feature
arg: {"link":""}
checkxlinkurl.template.feature:21 - 
org.apache.http.client.ClientProtocolException
12:56:47.655 [ForkJoinPool-1-worker-47] INFO  com.intuit.karate - [print] testing xlinkurl:
12:56:47.656 [ForkJoinPool-1-worker-47] ERROR com.intuit.karate - org.apache.http.client.ClientProtocolException, http call failed after 0 milliseconds for URL: 
12:56:47.657 [ForkJoinPool-1-worker-47] ERROR com.intuit.karate - http request failed: 
org.apache.http.client.ClientProtocolException
12:56:47.658 [ForkJoinPool-1-worker-47] ERROR com.intuit.karate - feature call (loop) failed at index: 14
caller: classpath:InspireTest/def/checkxlinkurl.template.feature
arg: {"link":""}
checkxlinkurl.template.feature:21 - 
org.apache.http.client.ClientProtocolException
12:56:47.660 [ForkJoinPool-1-worker-47] INFO  com.intuit.karate - [print] testing xlinkurl:
12:56:47.661 [ForkJoinPool-1-worker-47] ERROR com.intuit.karate - org.apache.http.client.ClientProtocolException, http call failed after 0 milliseconds for URL: 
12:56:47.662 [ForkJoinPool-1-worker-47] ERROR com.intuit.karate - http request failed: 
org.apache.http.client.ClientProtocolException
12:56:47.662 [ForkJoinPool-1-worker-47] ERROR com.intuit.karate - feature call (loop) failed at index: 15
caller: classpath:InspireTest/def/checkxlinkurl.template.feature
arg: {"link":""}
checkxlinkurl.template.feature:21 - 
org.apache.http.client.ClientProtocolException
12:56:47.666 [ForkJoinPool-1-worker-47] INFO  com.intuit.karate - [print] testing xlinkurl:
12:56:47.668 [ForkJoinPool-1-worker-47] ERROR com.intuit.karate - org.apache.http.client.ClientProtocolException, http call failed after 0 milliseconds for URL: 
12:56:47.668 [ForkJoinPool-1-worker-47] ERROR com.intuit.karate - http request failed: 
org.apache.http.client.ClientProtocolException
12:56:47.669 [ForkJoinPool-1-worker-47] ERROR com.intuit.karate - feature call (loop) failed at index: 16
caller: classpath:InspireTest/def/checkxlinkurl.template.feature
arg: {"link":""}
checkxlinkurl.template.feature:21 - 
org.apache.http.client.ClientProtocolException
12:56:47.673 [ForkJoinPool-1-worker-47] INFO  com.intuit.karate - [print] testing xlinkurl:
12:56:47.674 [ForkJoinPool-1-worker-47] ERROR com.intuit.karate - org.apache.http.client.ClientProtocolException, http call failed after 0 milliseconds for URL: 
12:56:47.674 [ForkJoinPool-1-worker-47] ERROR com.intuit.karate - http request failed: 
org.apache.http.client.ClientProtocolException
12:56:47.675 [ForkJoinPool-1-worker-47] ERROR com.intuit.karate - feature call (loop) failed at index: 17
caller: classpath:InspireTest/def/checkxlinkurl.template.feature
arg: {"link":""}
checkxlinkurl.template.feature:21 - 
org.apache.http.client.ClientProtocolException
12:56:47.676 [ForkJoinPool-1-worker-49] ERROR com.intuit.karate - java.net.SocketTimeoutException: Read timed out, http call failed after 5320 milliseconds for URL: http://inspire.ec.europa.eu/metadata-codelist/SpatialDataServiceCategory
12:56:47.676 [ForkJoinPool-1-worker-49] ERROR com.intuit.karate - http request failed: 
java.net.SocketTimeoutException: Read timed out
12:56:47.677 [ForkJoinPool-1-worker-49] ERROR com.intuit.karate - feature call (loop) failed at index: 2
caller: classpath:InspireTest/def/checkxlinkurl.template.feature
arg: {"link":"http://inspire.ec.europa.eu/metadata-codelist/SpatialDataServiceCategory"}
checkxlinkurl.template.feature:21 - 
java.net.SocketTimeoutException: Read timed out
12:56:47.677 [ForkJoinPool-1-worker-49] INFO  com.intuit.karate - [print] testing xlinkurl:https://www.nationaalgeoregister.nl:443/geonetwork/srv/eng/thesaurus.download?ref=external.theme.httpinspireeceuropaeumetadatacodelistSpatialDataServiceCategory-SpatialDataServiceCategory
12:56:47.683 [ForkJoinPool-1-worker-47] INFO  com.intuit.karate - [print] testing xlinkurl:
12:56:47.684 [ForkJoinPool-1-worker-47] ERROR com.intuit.karate - org.apache.http.client.ClientProtocolException, http call failed after 0 milliseconds for URL: 
12:56:47.685 [ForkJoinPool-1-worker-47] ERROR com.intuit.karate - http request failed: 
org.apache.http.client.ClientProtocolException
12:56:47.686 [ForkJoinPool-1-worker-47] ERROR com.intuit.karate - feature call (loop) failed at index: 18
caller: classpath:InspireTest/def/checkxlinkurl.template.feature
arg: {"link":""}
checkxlinkurl.template.feature:21 - 
org.apache.http.client.ClientProtocolException
12:56:47.688 [ForkJoinPool-1-worker-47] INFO  com.intuit.karate - [print] testing xlinkurl:
12:56:47.689 [ForkJoinPool-1-worker-47] ERROR com.intuit.karate - org.apache.http.client.ClientProtocolException, http call failed after 0 milliseconds for URL: 
12:56:47.690 [ForkJoinPool-1-worker-47] ERROR com.intuit.karate - http request failed: 
org.apache.http.client.ClientProtocolException
12:56:47.691 [ForkJoinPool-1-worker-47] ERROR com.intuit.karate - feature call (loop) failed at index: 19
caller: classpath:InspireTest/def/checkxlinkurl.template.feature
arg: {"link":""}
checkxlinkurl.template.feature:21 - 
org.apache.http.client.ClientProtocolException
12:56:47.692 [ForkJoinPool-1-worker-47] INFO  com.intuit.karate - [print] testing xlinkurl:
12:56:47.694 [ForkJoinPool-1-worker-47] ERROR com.intuit.karate - org.apache.http.client.ClientProtocolException, http call failed after 0 milliseconds for URL: 
12:56:47.694 [ForkJoinPool-1-worker-47] ERROR com.intuit.karate - http request failed: 
org.apache.http.client.ClientProtocolException
12:56:47.696 [ForkJoinPool-1-worker-47] ERROR com.intuit.karate - feature call (loop) failed at index: 20
caller: classpath:InspireTest/def/checkxlinkurl.template.feature
arg: {"link":""}
checkxlinkurl.template.feature:21 - 
org.apache.http.client.ClientProtocolException
12:56:47.698 [ForkJoinPool-1-worker-47] INFO  com.intuit.karate - [print] testing xlinkurl:
12:56:47.703 [ForkJoinPool-1-worker-47] ERROR com.intuit.karate - org.apache.http.client.ClientProtocolException, http call failed after 0 milliseconds for URL: 
12:56:47.704 [ForkJoinPool-1-worker-47] ERROR com.intuit.karate - http request failed: 
org.apache.http.client.ClientProtocolException
12:56:47.705 [ForkJoinPool-1-worker-47] ERROR com.intuit.karate - feature call (loop) failed at index: 21
caller: classpath:InspireTest/def/checkxlinkurl.template.feature
arg: {"link":""}
checkxlinkurl.template.feature:21 - 
org.apache.http.client.ClientProtocolException
12:56:47.707 [ForkJoinPool-1-worker-47] INFO  com.intuit.karate - [print] testing xlinkurl:
12:56:47.711 [ForkJoinPool-1-worker-47] ERROR com.intuit.karate - org.apache.http.client.ClientProtocolException, http call failed after 0 milliseconds for URL: 
12:56:47.715 [ForkJoinPool-1-worker-47] ERROR com.intuit.karate - http request failed: 
org.apache.http.client.ClientProtocolException
12:56:47.716 [ForkJoinPool-1-worker-47] ERROR com.intuit.karate - feature call (loop) failed at index: 22
caller: classpath:InspireTest/def/checkxlinkurl.template.feature
arg: {"link":""}
checkxlinkurl.template.feature:21 - 
org.apache.http.client.ClientProtocolException
12:56:47.719 [ForkJoinPool-1-worker-47] INFO  com.intuit.karate - [print] testing xlinkurl:
12:56:47.720 [ForkJoinPool-1-worker-47] ERROR com.intuit.karate - org.apache.http.client.ClientProtocolException, http call failed after 0 milliseconds for URL: 
12:56:47.721 [ForkJoinPool-1-worker-47] ERROR com.intuit.karate - http request failed: 
org.apache.http.client.ClientProtocolException
12:56:47.722 [ForkJoinPool-1-worker-47] ERROR com.intuit.karate - feature call (loop) failed at index: 23
caller: classpath:InspireTest/def/checkxlinkurl.template.feature
arg: {"link":""}
checkxlinkurl.template.feature:21 - 
org.apache.http.client.ClientProtocolException
12:56:47.726 [ForkJoinPool-1-worker-47] INFO  com.intuit.karate - [print] testing xlinkurl:
12:56:47.728 [ForkJoinPool-1-worker-47] ERROR com.intuit.karate - org.apache.http.client.ClientProtocolException, http call failed after 0 milliseconds for URL: 
12:56:47.729 [ForkJoinPool-1-worker-47] ERROR com.intuit.karate - http request failed: 
org.apache.http.client.ClientProtocolException
12:56:47.730 [ForkJoinPool-1-worker-47] ERROR com.intuit.karate - feature call (loop) failed at index: 24
caller: classpath:InspireTest/def/checkxlinkurl.template.feature
arg: {"link":""}
checkxlinkurl.template.feature:21 - 
org.apache.http.client.ClientProtocolException
12:56:47.731 [ForkJoinPool-1-worker-47] INFO  com.intuit.karate - [print] testing xlinkurl:
12:56:47.733 [ForkJoinPool-1-worker-47] ERROR com.intuit.karate - org.apache.http.client.ClientProtocolException, http call failed after 0 milliseconds for URL: 
12:56:47.733 [ForkJoinPool-1-worker-47] ERROR com.intuit.karate - http request failed: 
org.apache.http.client.ClientProtocolException
12:56:47.734 [ForkJoinPool-1-worker-47] ERROR com.intuit.karate - feature call (loop) failed at index: 25
caller: classpath:InspireTest/def/checkxlinkurl.template.feature
arg: {"link":""}
checkxlinkurl.template.feature:21 - 
org.apache.http.client.ClientProtocolException
12:56:47.737 [ForkJoinPool-1-worker-47] INFO  com.intuit.karate - [print] testing xlinkurl:http://nationaalgeoregister.nl/geonetwork/srv/dut/csw?service=CSW&version=2.0.2&request=GetRecordById&outputschema=http://www.isotc211.org/2005/gmd&elementsetname=full&id=11d83e36-fd0d-46bc-838c-0567c5dfdb19#MD_DataIdentification
12:56:47.956 [ForkJoinPool-1-worker-49] INFO  com.intuit.karate - [print] testing xlinkurl:
12:56:47.958 [ForkJoinPool-1-worker-49] ERROR com.intuit.karate - org.apache.http.client.ClientProtocolException, http call failed after 0 milliseconds for URL: 
12:56:47.962 [ForkJoinPool-1-worker-49] ERROR com.intuit.karate - http request failed: 
org.apache.http.client.ClientProtocolException
12:56:47.963 [ForkJoinPool-1-worker-49] ERROR com.intuit.karate - feature call (loop) failed at index: 4
caller: classpath:InspireTest/def/checkxlinkurl.template.feature
arg: {"link":""}
checkxlinkurl.template.feature:21 - 
org.apache.http.client.ClientProtocolException
12:56:47.965 [ForkJoinPool-1-worker-49] INFO  com.intuit.karate - [print] testing xlinkurl:
12:56:47.972 [ForkJoinPool-1-worker-49] ERROR com.intuit.karate - org.apache.http.client.ClientProtocolException, http call failed after 0 milliseconds for URL: 
12:56:47.972 [ForkJoinPool-1-worker-49] ERROR com.intuit.karate - http request failed: 
org.apache.http.client.ClientProtocolException
12:56:47.974 [ForkJoinPool-1-worker-49] ERROR com.intuit.karate - feature call (loop) failed at index: 5
caller: classpath:InspireTest/def/checkxlinkurl.template.feature
arg: {"link":""}
checkxlinkurl.template.feature:21 - 
org.apache.http.client.ClientProtocolException
12:56:47.976 [ForkJoinPool-1-worker-49] INFO  com.intuit.karate - [print] testing xlinkurl:
12:56:47.983 [ForkJoinPool-1-worker-49] ERROR com.intuit.karate - org.apache.http.client.ClientProtocolException, http call failed after 0 milliseconds for URL: 
12:56:47.984 [ForkJoinPool-1-worker-49] ERROR com.intuit.karate - http request failed: 
org.apache.http.client.ClientProtocolException
12:56:47.984 [ForkJoinPool-1-worker-49] ERROR com.intuit.karate - feature call (loop) failed at index: 6
caller: classpath:InspireTest/def/checkxlinkurl.template.feature
arg: {"link":""}
checkxlinkurl.template.feature:21 - 
org.apache.http.client.ClientProtocolException
12:56:47.986 [ForkJoinPool-1-worker-49] INFO  com.intuit.karate - [print] testing xlinkurl:
12:56:47.987 [ForkJoinPool-1-worker-49] ERROR com.intuit.karate - org.apache.http.client.ClientProtocolException, http call failed after 0 milliseconds for URL: 
12:56:47.988 [ForkJoinPool-1-worker-49] ERROR com.intuit.karate - http request failed: 
org.apache.http.client.ClientProtocolException
12:56:47.988 [ForkJoinPool-1-worker-49] ERROR com.intuit.karate - feature call (loop) failed at index: 7
caller: classpath:InspireTest/def/checkxlinkurl.template.feature
arg: {"link":""}
checkxlinkurl.template.feature:21 - 
org.apache.http.client.ClientProtocolException
12:56:47.989 [ForkJoinPool-1-worker-49] INFO  com.intuit.karate - [print] testing xlinkurl:
12:56:47.991 [ForkJoinPool-1-worker-49] ERROR com.intuit.karate - org.apache.http.client.ClientProtocolException, http call failed after 0 milliseconds for URL: 
12:56:47.991 [ForkJoinPool-1-worker-49] ERROR com.intuit.karate - http request failed: 
org.apache.http.client.ClientProtocolException
12:56:47.991 [ForkJoinPool-1-worker-49] ERROR com.intuit.karate - feature call (loop) failed at index: 8
caller: classpath:InspireTest/def/checkxlinkurl.template.feature
arg: {"link":""}
checkxlinkurl.template.feature:21 - 
org.apache.http.client.ClientProtocolException
12:56:47.993 [ForkJoinPool-1-worker-49] INFO  com.intuit.karate - [print] testing xlinkurl:
12:56:47.994 [ForkJoinPool-1-worker-49] ERROR com.intuit.karate - org.apache.http.client.ClientProtocolException, http call failed after 0 milliseconds for URL: 
12:56:47.995 [ForkJoinPool-1-worker-49] ERROR com.intuit.karate - http request failed: 
org.apache.http.client.ClientProtocolException
12:56:47.996 [ForkJoinPool-1-worker-49] ERROR com.intuit.karate - feature call (loop) failed at index: 9
caller: classpath:InspireTest/def/checkxlinkurl.template.feature
arg: {"link":""}
checkxlinkurl.template.feature:21 - 
org.apache.http.client.ClientProtocolException
12:56:47.997 [ForkJoinPool-1-worker-49] INFO  com.intuit.karate - [print] testing xlinkurl:
12:56:48.001 [ForkJoinPool-1-worker-49] ERROR com.intuit.karate - org.apache.http.client.ClientProtocolException, http call failed after 0 milliseconds for URL: 
12:56:48.002 [ForkJoinPool-1-worker-49] ERROR com.intuit.karate - http request failed: 
org.apache.http.client.ClientProtocolException
12:56:48.003 [ForkJoinPool-1-worker-49] ERROR com.intuit.karate - feature call (loop) failed at index: 10
caller: classpath:InspireTest/def/checkxlinkurl.template.feature
arg: {"link":""}
checkxlinkurl.template.feature:21 - 
org.apache.http.client.ClientProtocolException
12:56:48.005 [ForkJoinPool-1-worker-49] INFO  com.intuit.karate - [print] testing xlinkurl:
12:56:48.006 [ForkJoinPool-1-worker-49] ERROR com.intuit.karate - org.apache.http.client.ClientProtocolException, http call failed after 0 milliseconds for URL: 
12:56:48.006 [ForkJoinPool-1-worker-49] ERROR com.intuit.karate - http request failed: 
org.apache.http.client.ClientProtocolException
12:56:48.007 [ForkJoinPool-1-worker-49] ERROR com.intuit.karate - feature call (loop) failed at index: 11
caller: classpath:InspireTest/def/checkxlinkurl.template.feature
arg: {"link":""}
checkxlinkurl.template.feature:21 - 
org.apache.http.client.ClientProtocolException
12:56:48.009 [ForkJoinPool-1-worker-49] INFO  com.intuit.karate - [print] testing xlinkurl:
12:56:48.010 [ForkJoinPool-1-worker-49] ERROR com.intuit.karate - org.apache.http.client.ClientProtocolException, http call failed after 0 milliseconds for URL: 
12:56:48.010 [ForkJoinPool-1-worker-49] ERROR com.intuit.karate - http request failed: 
org.apache.http.client.ClientProtocolException
12:56:48.010 [ForkJoinPool-1-worker-49] ERROR com.intuit.karate - feature call (loop) failed at index: 12
caller: classpath:InspireTest/def/checkxlinkurl.template.feature
arg: {"link":""}
checkxlinkurl.template.feature:21 - 
org.apache.http.client.ClientProtocolException
12:56:48.011 [ForkJoinPool-1-worker-49] INFO  com.intuit.karate - [print] testing xlinkurl:
12:56:48.012 [ForkJoinPool-1-worker-47] INFO  com.intuit.karate - [print] testing xlinkurl:http://nationaalgeoregister.nl/geonetwork/srv/dut/csw?service=CSW&version=2.0.2&request=GetRecordById&outputschema=http://www.isotc211.org/2005/gmd&elementsetname=full&id=34dacd72-d2fb-4e28-844d-73d3b9c3fef2#MD_DataIdentification
12:56:48.012 [ForkJoinPool-1-worker-49] ERROR com.intuit.karate - org.apache.http.client.ClientProtocolException, http call failed after 0 milliseconds for URL: 
12:56:48.012 [ForkJoinPool-1-worker-49] ERROR com.intuit.karate - http request failed: 
org.apache.http.client.ClientProtocolException
12:56:48.012 [ForkJoinPool-1-worker-49] ERROR com.intuit.karate - feature call (loop) failed at index: 13
caller: classpath:InspireTest/def/checkxlinkurl.template.feature
arg: {"link":""}
checkxlinkurl.template.feature:21 - 
org.apache.http.client.ClientProtocolException
12:56:48.013 [ForkJoinPool-1-worker-49] INFO  com.intuit.karate - [print] testing xlinkurl:
12:56:48.023 [ForkJoinPool-1-worker-49] ERROR com.intuit.karate - org.apache.http.client.ClientProtocolException, http call failed after 0 milliseconds for URL: 
12:56:48.023 [ForkJoinPool-1-worker-49] ERROR com.intuit.karate - http request failed: 
org.apache.http.client.ClientProtocolException
12:56:48.024 [ForkJoinPool-1-worker-49] ERROR com.intuit.karate - feature call (loop) failed at index: 14
caller: classpath:InspireTest/def/checkxlinkurl.template.feature
arg: {"link":""}
checkxlinkurl.template.feature:21 - 
org.apache.http.client.ClientProtocolException
12:56:48.026 [ForkJoinPool-1-worker-49] INFO  com.intuit.karate - [print] testing xlinkurl:
12:56:48.027 [ForkJoinPool-1-worker-49] ERROR com.intuit.karate - org.apache.http.client.ClientProtocolException, http call failed after 0 milliseconds for URL: 
12:56:48.027 [ForkJoinPool-1-worker-49] ERROR com.intuit.karate - http request failed: 
org.apache.http.client.ClientProtocolException
12:56:48.028 [ForkJoinPool-1-worker-49] ERROR com.intuit.karate - feature call (loop) failed at index: 15
caller: classpath:InspireTest/def/checkxlinkurl.template.feature
arg: {"link":""}
checkxlinkurl.template.feature:21 - 
org.apache.http.client.ClientProtocolException
12:56:48.030 [ForkJoinPool-1-worker-49] INFO  com.intuit.karate - [print] testing xlinkurl:
12:56:48.031 [ForkJoinPool-1-worker-49] ERROR com.intuit.karate - org.apache.http.client.ClientProtocolException, http call failed after 0 milliseconds for URL: 
12:56:48.032 [ForkJoinPool-1-worker-49] ERROR com.intuit.karate - http request failed: 
org.apache.http.client.ClientProtocolException
12:56:48.033 [ForkJoinPool-1-worker-49] ERROR com.intuit.karate - feature call (loop) failed at index: 16
caller: classpath:InspireTest/def/checkxlinkurl.template.feature
arg: {"link":""}
checkxlinkurl.template.feature:21 - 
org.apache.http.client.ClientProtocolException
12:56:48.034 [ForkJoinPool-1-worker-49] INFO  com.intuit.karate - [print] testing xlinkurl:
12:56:48.035 [ForkJoinPool-1-worker-49] ERROR com.intuit.karate - org.apache.http.client.ClientProtocolException, http call failed after 0 milliseconds for URL: 
12:56:48.035 [ForkJoinPool-1-worker-49] ERROR com.intuit.karate - http request failed: 
org.apache.http.client.ClientProtocolException
12:56:48.037 [ForkJoinPool-1-worker-49] ERROR com.intuit.karate - feature call (loop) failed at index: 17
caller: classpath:InspireTest/def/checkxlinkurl.template.feature
arg: {"link":""}
checkxlinkurl.template.feature:21 - 
org.apache.http.client.ClientProtocolException
12:56:48.038 [ForkJoinPool-1-worker-49] INFO  com.intuit.karate - [print] testing xlinkurl:
12:56:48.039 [ForkJoinPool-1-worker-49] ERROR com.intuit.karate - org.apache.http.client.ClientProtocolException, http call failed after 0 milliseconds for URL: 
12:56:48.040 [ForkJoinPool-1-worker-49] ERROR com.intuit.karate - http request failed: 
org.apache.http.client.ClientProtocolException
12:56:48.041 [ForkJoinPool-1-worker-49] ERROR com.intuit.karate - feature call (loop) failed at index: 18
caller: classpath:InspireTest/def/checkxlinkurl.template.feature
arg: {"link":""}
checkxlinkurl.template.feature:21 - 
org.apache.http.client.ClientProtocolException
12:56:48.042 [ForkJoinPool-1-worker-49] INFO  com.intuit.karate - [print] testing xlinkurl:
12:56:48.043 [ForkJoinPool-1-worker-49] ERROR com.intuit.karate - org.apache.http.client.ClientProtocolException, http call failed after 0 milliseconds for URL: 
12:56:48.044 [ForkJoinPool-1-worker-49] ERROR com.intuit.karate - http request failed: 
org.apache.http.client.ClientProtocolException
12:56:48.045 [ForkJoinPool-1-worker-49] ERROR com.intuit.karate - feature call (loop) failed at index: 19
caller: classpath:InspireTest/def/checkxlinkurl.template.feature
arg: {"link":""}
checkxlinkurl.template.feature:21 - 
org.apache.http.client.ClientProtocolException
12:56:48.046 [ForkJoinPool-1-worker-49] INFO  com.intuit.karate - [print] testing xlinkurl:
12:56:48.047 [ForkJoinPool-1-worker-49] ERROR com.intuit.karate - org.apache.http.client.ClientProtocolException, http call failed after 0 milliseconds for URL: 
12:56:48.048 [ForkJoinPool-1-worker-49] ERROR com.intuit.karate - http request failed: 
org.apache.http.client.ClientProtocolException
12:56:48.049 [ForkJoinPool-1-worker-49] ERROR com.intuit.karate - feature call (loop) failed at index: 20
caller: classpath:InspireTest/def/checkxlinkurl.template.feature
arg: {"link":""}
checkxlinkurl.template.feature:21 - 
org.apache.http.client.ClientProtocolException
12:56:48.050 [ForkJoinPool-1-worker-49] INFO  com.intuit.karate - [print] testing xlinkurl:
12:56:48.051 [ForkJoinPool-1-worker-49] ERROR com.intuit.karate - org.apache.http.client.ClientProtocolException, http call failed after 0 milliseconds for URL: 
12:56:48.052 [ForkJoinPool-1-worker-49] ERROR com.intuit.karate - http request failed: 
org.apache.http.client.ClientProtocolException
12:56:48.053 [ForkJoinPool-1-worker-49] ERROR com.intuit.karate - feature call (loop) failed at index: 21
caller: classpath:InspireTest/def/checkxlinkurl.template.feature
arg: {"link":""}
checkxlinkurl.template.feature:21 - 
org.apache.http.client.ClientProtocolException
12:56:48.054 [ForkJoinPool-1-worker-49] INFO  com.intuit.karate - [print] testing xlinkurl:
12:56:48.055 [ForkJoinPool-1-worker-49] ERROR com.intuit.karate - org.apache.http.client.ClientProtocolException, http call failed after 0 milliseconds for URL: 
12:56:48.056 [ForkJoinPool-1-worker-49] ERROR com.intuit.karate - http request failed: 
org.apache.http.client.ClientProtocolException
12:56:48.057 [ForkJoinPool-1-worker-49] ERROR com.intuit.karate - feature call (loop) failed at index: 22
caller: classpath:InspireTest/def/checkxlinkurl.template.feature
arg: {"link":""}
checkxlinkurl.template.feature:21 - 
org.apache.http.client.ClientProtocolException
12:56:48.058 [ForkJoinPool-1-worker-49] INFO  com.intuit.karate - [print] testing xlinkurl:
12:56:48.059 [ForkJoinPool-1-worker-49] ERROR com.intuit.karate - org.apache.http.client.ClientProtocolException, http call failed after 0 milliseconds for URL: 
12:56:48.060 [ForkJoinPool-1-worker-49] ERROR com.intuit.karate - http request failed: 
org.apache.http.client.ClientProtocolException
12:56:48.061 [ForkJoinPool-1-worker-49] ERROR com.intuit.karate - feature call (loop) failed at index: 23
caller: classpath:InspireTest/def/checkxlinkurl.template.feature
arg: {"link":""}
checkxlinkurl.template.feature:21 - 
org.apache.http.client.ClientProtocolException
12:56:48.062 [ForkJoinPool-1-worker-49] INFO  com.intuit.karate - [print] testing xlinkurl:
12:56:48.063 [ForkJoinPool-1-worker-49] ERROR com.intuit.karate - org.apache.http.client.ClientProtocolException, http call failed after 0 milliseconds for URL: 
12:56:48.064 [ForkJoinPool-1-worker-49] ERROR com.intuit.karate - http request failed: 
org.apache.http.client.ClientProtocolException
12:56:48.065 [ForkJoinPool-1-worker-49] ERROR com.intuit.karate - feature call (loop) failed at index: 24
caller: classpath:InspireTest/def/checkxlinkurl.template.feature
arg: {"link":""}
checkxlinkurl.template.feature:21 - 
org.apache.http.client.ClientProtocolException
12:56:48.066 [ForkJoinPool-1-worker-49] INFO  com.intuit.karate - [print] testing xlinkurl:
12:56:48.067 [ForkJoinPool-1-worker-49] ERROR com.intuit.karate - org.apache.http.client.ClientProtocolException, http call failed after 0 milliseconds for URL: 
12:56:48.068 [ForkJoinPool-1-worker-49] ERROR com.intuit.karate - http request failed: 
org.apache.http.client.ClientProtocolException
12:56:48.069 [ForkJoinPool-1-worker-49] ERROR com.intuit.karate - feature call (loop) failed at index: 25
caller: classpath:InspireTest/def/checkxlinkurl.template.feature
arg: {"link":""}
checkxlinkurl.template.feature:21 - 
org.apache.http.client.ClientProtocolException
12:56:48.070 [ForkJoinPool-1-worker-49] INFO  com.intuit.karate - [print] testing xlinkurl:
12:56:48.071 [ForkJoinPool-1-worker-49] ERROR com.intuit.karate - org.apache.http.client.ClientProtocolException, http call failed after 0 milliseconds for URL: 
12:56:48.071 [ForkJoinPool-1-worker-49] ERROR com.intuit.karate - http request failed: 
org.apache.http.client.ClientProtocolException
12:56:48.073 [ForkJoinPool-1-worker-49] ERROR com.intuit.karate - feature call (loop) failed at index: 26
caller: classpath:InspireTest/def/checkxlinkurl.template.feature
arg: {"link":""}
checkxlinkurl.template.feature:21 - 
org.apache.http.client.ClientProtocolException
12:56:48.074 [ForkJoinPool-1-worker-49] INFO  com.intuit.karate - [print] testing xlinkurl:
12:56:48.075 [ForkJoinPool-1-worker-49] ERROR com.intuit.karate - org.apache.http.client.ClientProtocolException, http call failed after 0 milliseconds for URL: 
12:56:48.076 [ForkJoinPool-1-worker-49] ERROR com.intuit.karate - http request failed: 
org.apache.http.client.ClientProtocolException
12:56:48.077 [ForkJoinPool-1-worker-49] ERROR com.intuit.karate - feature call (loop) failed at index: 27
caller: classpath:InspireTest/def/checkxlinkurl.template.feature
arg: {"link":""}
checkxlinkurl.template.feature:21 - 
org.apache.http.client.ClientProtocolException
12:56:48.078 [ForkJoinPool-1-worker-49] INFO  com.intuit.karate - [print] testing xlinkurl:
12:56:48.080 [ForkJoinPool-1-worker-49] ERROR com.intuit.karate - org.apache.http.client.ClientProtocolException, http call failed after 0 milliseconds for URL: 
12:56:48.080 [ForkJoinPool-1-worker-49] ERROR com.intuit.karate - http request failed: 
org.apache.http.client.ClientProtocolException
12:56:48.081 [ForkJoinPool-1-worker-49] ERROR com.intuit.karate - feature call (loop) failed at index: 28
caller: classpath:InspireTest/def/checkxlinkurl.template.feature
arg: {"link":""}
checkxlinkurl.template.feature:21 - 
org.apache.http.client.ClientProtocolException
12:56:48.082 [ForkJoinPool-1-worker-49] INFO  com.intuit.karate - [print] testing xlinkurl:
12:56:48.083 [ForkJoinPool-1-worker-49] ERROR com.intuit.karate - org.apache.http.client.ClientProtocolException, http call failed after 0 milliseconds for URL: 
12:56:48.084 [ForkJoinPool-1-worker-49] ERROR com.intuit.karate - http request failed: 
org.apache.http.client.ClientProtocolException
12:56:48.085 [ForkJoinPool-1-worker-49] ERROR com.intuit.karate - feature call (loop) failed at index: 29
caller: classpath:InspireTest/def/checkxlinkurl.template.feature
arg: {"link":""}
checkxlinkurl.template.feature:21 - 
org.apache.http.client.ClientProtocolException
12:56:48.086 [ForkJoinPool-1-worker-49] INFO  com.intuit.karate - [print] testing xlinkurl:
12:56:48.087 [ForkJoinPool-1-worker-49] ERROR com.intuit.karate - org.apache.http.client.ClientProtocolException, http call failed after 0 milliseconds for URL: 
12:56:48.087 [ForkJoinPool-1-worker-49] ERROR com.intuit.karate - http request failed: 
org.apache.http.client.ClientProtocolException
12:56:48.088 [ForkJoinPool-1-worker-49] ERROR com.intuit.karate - feature call (loop) failed at index: 30
caller: classpath:InspireTest/def/checkxlinkurl.template.feature
arg: {"link":""}
checkxlinkurl.template.feature:21 - 
org.apache.http.client.ClientProtocolException
12:56:48.089 [ForkJoinPool-1-worker-49] INFO  com.intuit.karate - [print] testing xlinkurl:
12:56:48.090 [ForkJoinPool-1-worker-49] ERROR com.intuit.karate - org.apache.http.client.ClientProtocolException, http call failed after 0 milliseconds for URL: 
12:56:48.090 [ForkJoinPool-1-worker-49] ERROR com.intuit.karate - http request failed: 
org.apache.http.client.ClientProtocolException
12:56:48.091 [ForkJoinPool-1-worker-49] ERROR com.intuit.karate - feature call (loop) failed at index: 31
caller: classpath:InspireTest/def/checkxlinkurl.template.feature
arg: {"link":""}
checkxlinkurl.template.feature:21 - 
org.apache.http.client.ClientProtocolException
12:56:48.091 [ForkJoinPool-1-worker-49] INFO  com.intuit.karate - [print] testing xlinkurl:
12:56:48.092 [ForkJoinPool-1-worker-49] ERROR com.intuit.karate - org.apache.http.client.ClientProtocolException, http call failed after 0 milliseconds for URL: 
12:56:48.092 [ForkJoinPool-1-worker-49] ERROR com.intuit.karate - http request failed: 
org.apache.http.client.ClientProtocolException
12:56:48.093 [ForkJoinPool-1-worker-49] ERROR com.intuit.karate - feature call (loop) failed at index: 32
caller: classpath:InspireTest/def/checkxlinkurl.template.feature
arg: {"link":""}
checkxlinkurl.template.feature:21 - 
org.apache.http.client.ClientProtocolException
12:56:48.093 [ForkJoinPool-1-worker-49] INFO  com.intuit.karate - [print] testing xlinkurl:
12:56:48.094 [ForkJoinPool-1-worker-49] ERROR com.intuit.karate - org.apache.http.client.ClientProtocolException, http call failed after 0 milliseconds for URL: 
12:56:48.094 [ForkJoinPool-1-worker-49] ERROR com.intuit.karate - http request failed: 
org.apache.http.client.ClientProtocolException
12:56:48.094 [ForkJoinPool-1-worker-49] ERROR com.intuit.karate - feature call (loop) failed at index: 33
caller: classpath:InspireTest/def/checkxlinkurl.template.feature
arg: {"link":""}
checkxlinkurl.template.feature:21 - 
org.apache.http.client.ClientProtocolException
12:56:48.095 [ForkJoinPool-1-worker-49] INFO  com.intuit.karate - [print] testing xlinkurl:
12:56:48.096 [ForkJoinPool-1-worker-49] ERROR com.intuit.karate - org.apache.http.client.ClientProtocolException, http call failed after 0 milliseconds for URL: 
12:56:48.096 [ForkJoinPool-1-worker-49] ERROR com.intuit.karate - http request failed: 
org.apache.http.client.ClientProtocolException
12:56:48.096 [ForkJoinPool-1-worker-49] ERROR com.intuit.karate - feature call (loop) failed at index: 34
caller: classpath:InspireTest/def/checkxlinkurl.template.feature
arg: {"link":""}
checkxlinkurl.template.feature:21 - 
org.apache.http.client.ClientProtocolException
12:56:48.096 [ForkJoinPool-1-worker-49] INFO  com.intuit.karate - [print] testing xlinkurl:
12:56:48.097 [ForkJoinPool-1-worker-49] ERROR com.intuit.karate - org.apache.http.client.ClientProtocolException, http call failed after 0 milliseconds for URL: 
12:56:48.097 [ForkJoinPool-1-worker-49] ERROR com.intuit.karate - http request failed: 
org.apache.http.client.ClientProtocolException
12:56:48.098 [ForkJoinPool-1-worker-49] ERROR com.intuit.karate - feature call (loop) failed at index: 35
caller: classpath:InspireTest/def/checkxlinkurl.template.feature
arg: {"link":""}
checkxlinkurl.template.feature:21 - 
org.apache.http.client.ClientProtocolException
12:56:48.098 [ForkJoinPool-1-worker-49] INFO  com.intuit.karate - [print] testing xlinkurl:
12:56:48.099 [ForkJoinPool-1-worker-49] ERROR com.intuit.karate - org.apache.http.client.ClientProtocolException, http call failed after 0 milliseconds for URL: 
12:56:48.099 [ForkJoinPool-1-worker-49] ERROR com.intuit.karate - http request failed: 
org.apache.http.client.ClientProtocolException
12:56:48.099 [ForkJoinPool-1-worker-49] ERROR com.intuit.karate - feature call (loop) failed at index: 36
caller: classpath:InspireTest/def/checkxlinkurl.template.feature
arg: {"link":""}
checkxlinkurl.template.feature:21 - 
org.apache.http.client.ClientProtocolException
12:56:48.100 [ForkJoinPool-1-worker-49] INFO  com.intuit.karate - [print] testing xlinkurl:
12:56:48.100 [ForkJoinPool-1-worker-49] ERROR com.intuit.karate - org.apache.http.client.ClientProtocolException, http call failed after 0 milliseconds for URL: 
12:56:48.100 [ForkJoinPool-1-worker-49] ERROR com.intuit.karate - http request failed: 
org.apache.http.client.ClientProtocolException
12:56:48.101 [ForkJoinPool-1-worker-49] ERROR com.intuit.karate - feature call (loop) failed at index: 37
caller: classpath:InspireTest/def/checkxlinkurl.template.feature
arg: {"link":""}
checkxlinkurl.template.feature:21 - 
org.apache.http.client.ClientProtocolException
12:56:48.101 [ForkJoinPool-1-worker-49] INFO  com.intuit.karate - [print] testing xlinkurl:
12:56:48.102 [ForkJoinPool-1-worker-49] ERROR com.intuit.karate - org.apache.http.client.ClientProtocolException, http call failed after 0 milliseconds for URL: 
12:56:48.102 [ForkJoinPool-1-worker-49] ERROR com.intuit.karate - http request failed: 
org.apache.http.client.ClientProtocolException
12:56:48.102 [ForkJoinPool-1-worker-49] ERROR com.intuit.karate - feature call (loop) failed at index: 38
caller: classpath:InspireTest/def/checkxlinkurl.template.feature
arg: {"link":""}
checkxlinkurl.template.feature:21 - 
org.apache.http.client.ClientProtocolException
12:56:48.103 [ForkJoinPool-1-worker-49] INFO  com.intuit.karate - [print] testing xlinkurl:
12:56:48.104 [ForkJoinPool-1-worker-49] ERROR com.intuit.karate - org.apache.http.client.ClientProtocolException, http call failed after 0 milliseconds for URL: 
12:56:48.104 [ForkJoinPool-1-worker-49] ERROR com.intuit.karate - http request failed: 
org.apache.http.client.ClientProtocolException
12:56:48.104 [ForkJoinPool-1-worker-49] ERROR com.intuit.karate - feature call (loop) failed at index: 39
caller: classpath:InspireTest/def/checkxlinkurl.template.feature
arg: {"link":""}
checkxlinkurl.template.feature:21 - 
org.apache.http.client.ClientProtocolException
12:56:48.104 [ForkJoinPool-1-worker-49] INFO  com.intuit.karate - [print] testing xlinkurl:
12:56:48.105 [ForkJoinPool-1-worker-49] ERROR com.intuit.karate - org.apache.http.client.ClientProtocolException, http call failed after 0 milliseconds for URL: 
12:56:48.105 [ForkJoinPool-1-worker-49] ERROR com.intuit.karate - http request failed: 
org.apache.http.client.ClientProtocolException
12:56:48.105 [ForkJoinPool-1-worker-49] ERROR com.intuit.karate - feature call (loop) failed at index: 40
caller: classpath:InspireTest/def/checkxlinkurl.template.feature
arg: {"link":""}
checkxlinkurl.template.feature:21 - 
org.apache.http.client.ClientProtocolException
12:56:48.106 [ForkJoinPool-1-worker-49] INFO  com.intuit.karate - [print] testing xlinkurl:
12:56:48.106 [ForkJoinPool-1-worker-49] ERROR com.intuit.karate - org.apache.http.client.ClientProtocolException, http call failed after 0 milliseconds for URL: 
12:56:48.106 [ForkJoinPool-1-worker-49] ERROR com.intuit.karate - http request failed: 
org.apache.http.client.ClientProtocolException
12:56:48.106 [ForkJoinPool-1-worker-49] ERROR com.intuit.karate - feature call (loop) failed at index: 41
caller: classpath:InspireTest/def/checkxlinkurl.template.feature
arg: {"link":""}
checkxlinkurl.template.feature:21 - 
org.apache.http.client.ClientProtocolException
12:56:48.107 [ForkJoinPool-1-worker-49] INFO  com.intuit.karate - [print] testing xlinkurl:
12:56:48.108 [ForkJoinPool-1-worker-49] ERROR com.intuit.karate - org.apache.http.client.ClientProtocolException, http call failed after 0 milliseconds for URL: 
12:56:48.108 [ForkJoinPool-1-worker-49] ERROR com.intuit.karate - http request failed: 
org.apache.http.client.ClientProtocolException
12:56:48.108 [ForkJoinPool-1-worker-49] ERROR com.intuit.karate - feature call (loop) failed at index: 42
caller: classpath:InspireTest/def/checkxlinkurl.template.feature
arg: {"link":""}
checkxlinkurl.template.feature:21 - 
org.apache.http.client.ClientProtocolException
12:56:48.110 [ForkJoinPool-1-worker-49] INFO  com.intuit.karate - [print] testing xlinkurl:
12:56:48.111 [ForkJoinPool-1-worker-49] ERROR com.intuit.karate - org.apache.http.client.ClientProtocolException, http call failed after 0 milliseconds for URL: 
12:56:48.111 [ForkJoinPool-1-worker-49] ERROR com.intuit.karate - http request failed: 
org.apache.http.client.ClientProtocolException
12:56:48.111 [ForkJoinPool-1-worker-49] ERROR com.intuit.karate - feature call (loop) failed at index: 43
caller: classpath:InspireTest/def/checkxlinkurl.template.feature
arg: {"link":""}
checkxlinkurl.template.feature:21 - 
org.apache.http.client.ClientProtocolException
12:56:48.112 [ForkJoinPool-1-worker-49] INFO  com.intuit.karate - [print] testing xlinkurl:
12:56:48.112 [ForkJoinPool-1-worker-49] ERROR com.intuit.karate - org.apache.http.client.ClientProtocolException, http call failed after 0 milliseconds for URL: 
12:56:48.112 [ForkJoinPool-1-worker-49] ERROR com.intuit.karate - http request failed: 
org.apache.http.client.ClientProtocolException
12:56:48.112 [ForkJoinPool-1-worker-49] ERROR com.intuit.karate - feature call (loop) failed at index: 44
caller: classpath:InspireTest/def/checkxlinkurl.template.feature
arg: {"link":""}
checkxlinkurl.template.feature:21 - 
org.apache.http.client.ClientProtocolException
12:56:48.113 [ForkJoinPool-1-worker-49] INFO  com.intuit.karate - [print] testing xlinkurl:
12:56:48.114 [ForkJoinPool-1-worker-49] ERROR com.intuit.karate - org.apache.http.client.ClientProtocolException, http call failed after 0 milliseconds for URL: 
12:56:48.114 [ForkJoinPool-1-worker-49] ERROR com.intuit.karate - http request failed: 
org.apache.http.client.ClientProtocolException
12:56:48.114 [ForkJoinPool-1-worker-49] ERROR com.intuit.karate - feature call (loop) failed at index: 45
caller: classpath:InspireTest/def/checkxlinkurl.template.feature
arg: {"link":""}
checkxlinkurl.template.feature:21 - 
org.apache.http.client.ClientProtocolException
12:56:48.118 [ForkJoinPool-1-worker-49] INFO  com.intuit.karate - [print] testing xlinkurl:
12:56:48.118 [ForkJoinPool-1-worker-49] ERROR com.intuit.karate - org.apache.http.client.ClientProtocolException, http call failed after 0 milliseconds for URL: 
12:56:48.118 [ForkJoinPool-1-worker-49] ERROR com.intuit.karate - http request failed: 
org.apache.http.client.ClientProtocolException
12:56:48.119 [ForkJoinPool-1-worker-49] ERROR com.intuit.karate - feature call (loop) failed at index: 46
caller: classpath:InspireTest/def/checkxlinkurl.template.feature
arg: {"link":""}
checkxlinkurl.template.feature:21 - 
org.apache.http.client.ClientProtocolException
12:56:48.119 [ForkJoinPool-1-worker-49] INFO  com.intuit.karate - [print] testing xlinkurl:
12:56:48.120 [ForkJoinPool-1-worker-49] ERROR com.intuit.karate - org.apache.http.client.ClientProtocolException, http call failed after 0 milliseconds for URL: 
12:56:48.120 [ForkJoinPool-1-worker-49] ERROR com.intuit.karate - http request failed: 
org.apache.http.client.ClientProtocolException
12:56:48.120 [ForkJoinPool-1-worker-49] ERROR com.intuit.karate - feature call (loop) failed at index: 47
caller: classpath:InspireTest/def/checkxlinkurl.template.feature
arg: {"link":""}
checkxlinkurl.template.feature:21 - 
org.apache.http.client.ClientProtocolException
12:56:48.120 [ForkJoinPool-1-worker-49] INFO  com.intuit.karate - [print] testing xlinkurl:
12:56:48.121 [ForkJoinPool-1-worker-49] ERROR com.intuit.karate - org.apache.http.client.ClientProtocolException, http call failed after 0 milliseconds for URL: 
12:56:48.121 [ForkJoinPool-1-worker-49] ERROR com.intuit.karate - http request failed: 
org.apache.http.client.ClientProtocolException
12:56:48.121 [ForkJoinPool-1-worker-49] ERROR com.intuit.karate - feature call (loop) failed at index: 48
caller: classpath:InspireTest/def/checkxlinkurl.template.feature
arg: {"link":""}
checkxlinkurl.template.feature:21 - 
org.apache.http.client.ClientProtocolException
12:56:48.122 [ForkJoinPool-1-worker-49] INFO  com.intuit.karate - [print] testing xlinkurl:
12:56:48.122 [ForkJoinPool-1-worker-49] ERROR com.intuit.karate - org.apache.http.client.ClientProtocolException, http call failed after 0 milliseconds for URL: 
12:56:48.122 [ForkJoinPool-1-worker-49] ERROR com.intuit.karate - http request failed: 
org.apache.http.client.ClientProtocolException
12:56:48.122 [ForkJoinPool-1-worker-49] ERROR com.intuit.karate - feature call (loop) failed at index: 49
caller: classpath:InspireTest/def/checkxlinkurl.template.feature
arg: {"link":""}
checkxlinkurl.template.feature:21 - 
org.apache.http.client.ClientProtocolException
12:56:48.123 [ForkJoinPool-1-worker-49] INFO  com.intuit.karate - [print] testing xlinkurl:
12:56:48.124 [ForkJoinPool-1-worker-49] ERROR com.intuit.karate - org.apache.http.client.ClientProtocolException, http call failed after 0 milliseconds for URL: 
12:56:48.124 [ForkJoinPool-1-worker-49] ERROR com.intuit.karate - http request failed: 
org.apache.http.client.ClientProtocolException
12:56:48.124 [ForkJoinPool-1-worker-49] ERROR com.intuit.karate - feature call (loop) failed at index: 50
caller: classpath:InspireTest/def/checkxlinkurl.template.feature
arg: {"link":""}
checkxlinkurl.template.feature:21 - 
org.apache.http.client.ClientProtocolException
12:56:48.124 [ForkJoinPool-1-worker-49] INFO  com.intuit.karate - [print] testing xlinkurl:
12:56:48.125 [ForkJoinPool-1-worker-49] ERROR com.intuit.karate - org.apache.http.client.ClientProtocolException, http call failed after 0 milliseconds for URL: 
12:56:48.125 [ForkJoinPool-1-worker-49] ERROR com.intuit.karate - http request failed: 
org.apache.http.client.ClientProtocolException
12:56:48.125 [ForkJoinPool-1-worker-49] ERROR com.intuit.karate - feature call (loop) failed at index: 51
caller: classpath:InspireTest/def/checkxlinkurl.template.feature
arg: {"link":""}
checkxlinkurl.template.feature:21 - 
org.apache.http.client.ClientProtocolException
12:56:48.126 [ForkJoinPool-1-worker-49] INFO  com.intuit.karate - [print] testing xlinkurl:
12:56:48.126 [ForkJoinPool-1-worker-49] ERROR com.intuit.karate - org.apache.http.client.ClientProtocolException, http call failed after 0 milliseconds for URL: 
12:56:48.126 [ForkJoinPool-1-worker-49] ERROR com.intuit.karate - http request failed: 
org.apache.http.client.ClientProtocolException
12:56:48.126 [ForkJoinPool-1-worker-49] ERROR com.intuit.karate - feature call (loop) failed at index: 52
caller: classpath:InspireTest/def/checkxlinkurl.template.feature
arg: {"link":""}
checkxlinkurl.template.feature:21 - 
org.apache.http.client.ClientProtocolException
12:56:48.127 [ForkJoinPool-1-worker-49] INFO  com.intuit.karate - [print] testing xlinkurl:
12:56:48.128 [ForkJoinPool-1-worker-49] ERROR com.intuit.karate - org.apache.http.client.ClientProtocolException, http call failed after 0 milliseconds for URL: 
12:56:48.128 [ForkJoinPool-1-worker-49] ERROR com.intuit.karate - http request failed: 
org.apache.http.client.ClientProtocolException
12:56:48.128 [ForkJoinPool-1-worker-49] ERROR com.intuit.karate - feature call (loop) failed at index: 53
caller: classpath:InspireTest/def/checkxlinkurl.template.feature
arg: {"link":""}
checkxlinkurl.template.feature:21 - 
org.apache.http.client.ClientProtocolException
12:56:48.128 [ForkJoinPool-1-worker-49] INFO  com.intuit.karate - [print] testing xlinkurl:
12:56:48.129 [ForkJoinPool-1-worker-49] ERROR com.intuit.karate - org.apache.http.client.ClientProtocolException, http call failed after 0 milliseconds for URL: 
12:56:48.129 [ForkJoinPool-1-worker-49] ERROR com.intuit.karate - http request failed: 
org.apache.http.client.ClientProtocolException
12:56:48.129 [ForkJoinPool-1-worker-49] ERROR com.intuit.karate - feature call (loop) failed at index: 54
caller: classpath:InspireTest/def/checkxlinkurl.template.feature
arg: {"link":""}
checkxlinkurl.template.feature:21 - 
org.apache.http.client.ClientProtocolException
12:56:48.130 [ForkJoinPool-1-worker-49] INFO  com.intuit.karate - [print] testing xlinkurl:
12:56:48.130 [ForkJoinPool-1-worker-49] ERROR com.intuit.karate - org.apache.http.client.ClientProtocolException, http call failed after 0 milliseconds for URL: 
12:56:48.130 [ForkJoinPool-1-worker-49] ERROR com.intuit.karate - http request failed: 
org.apache.http.client.ClientProtocolException
12:56:48.130 [ForkJoinPool-1-worker-49] ERROR com.intuit.karate - feature call (loop) failed at index: 55
caller: classpath:InspireTest/def/checkxlinkurl.template.feature
arg: {"link":""}
checkxlinkurl.template.feature:21 - 
org.apache.http.client.ClientProtocolException
12:56:48.131 [ForkJoinPool-1-worker-49] INFO  com.intuit.karate - [print] testing xlinkurl:
12:56:48.131 [ForkJoinPool-1-worker-49] ERROR com.intuit.karate - org.apache.http.client.ClientProtocolException, http call failed after 0 milliseconds for URL: 
12:56:48.132 [ForkJoinPool-1-worker-49] ERROR com.intuit.karate - http request failed: 
org.apache.http.client.ClientProtocolException
12:56:48.132 [ForkJoinPool-1-worker-49] ERROR com.intuit.karate - feature call (loop) failed at index: 56
caller: classpath:InspireTest/def/checkxlinkurl.template.feature
arg: {"link":""}
checkxlinkurl.template.feature:21 - 
org.apache.http.client.ClientProtocolException
12:56:48.132 [ForkJoinPool-1-worker-49] INFO  com.intuit.karate - [print] testing xlinkurl:
12:56:48.133 [ForkJoinPool-1-worker-49] ERROR com.intuit.karate - org.apache.http.client.ClientProtocolException, http call failed after 0 milliseconds for URL: 
12:56:48.133 [ForkJoinPool-1-worker-49] ERROR com.intuit.karate - http request failed: 
org.apache.http.client.ClientProtocolException
12:56:48.133 [ForkJoinPool-1-worker-49] ERROR com.intuit.karate - feature call (loop) failed at index: 57
caller: classpath:InspireTest/def/checkxlinkurl.template.feature
arg: {"link":""}
checkxlinkurl.template.feature:21 - 
org.apache.http.client.ClientProtocolException
12:56:48.134 [ForkJoinPool-1-worker-49] INFO  com.intuit.karate - [print] testing xlinkurl:
12:56:48.134 [ForkJoinPool-1-worker-49] ERROR com.intuit.karate - org.apache.http.client.ClientProtocolException, http call failed after 0 milliseconds for URL: 
12:56:48.134 [ForkJoinPool-1-worker-49] ERROR com.intuit.karate - http request failed: 
org.apache.http.client.ClientProtocolException
12:56:48.134 [ForkJoinPool-1-worker-49] ERROR com.intuit.karate - feature call (loop) failed at index: 58
caller: classpath:InspireTest/def/checkxlinkurl.template.feature
arg: {"link":""}
checkxlinkurl.template.feature:21 - 
org.apache.http.client.ClientProtocolException
12:56:48.135 [ForkJoinPool-1-worker-49] INFO  com.intuit.karate - [print] testing xlinkurl:
12:56:48.135 [ForkJoinPool-1-worker-49] ERROR com.intuit.karate - org.apache.http.client.ClientProtocolException, http call failed after 0 milliseconds for URL: 
12:56:48.136 [ForkJoinPool-1-worker-49] ERROR com.intuit.karate - http request failed: 
org.apache.http.client.ClientProtocolException
12:56:48.136 [ForkJoinPool-1-worker-49] ERROR com.intuit.karate - feature call (loop) failed at index: 59
caller: classpath:InspireTest/def/checkxlinkurl.template.feature
arg: {"link":""}
checkxlinkurl.template.feature:21 - 
org.apache.http.client.ClientProtocolException
12:56:48.143 [ForkJoinPool-1-worker-49] INFO  com.intuit.karate - [print] testing xlinkurl:
12:56:48.146 [ForkJoinPool-1-worker-49] ERROR com.intuit.karate - org.apache.http.client.ClientProtocolException, http call failed after 0 milliseconds for URL: 
12:56:48.146 [ForkJoinPool-1-worker-49] ERROR com.intuit.karate - http request failed: 
org.apache.http.client.ClientProtocolException
12:56:48.146 [ForkJoinPool-1-worker-49] ERROR com.intuit.karate - feature call (loop) failed at index: 60
caller: classpath:InspireTest/def/checkxlinkurl.template.feature
arg: {"link":""}
checkxlinkurl.template.feature:21 - 
org.apache.http.client.ClientProtocolException
12:56:48.147 [ForkJoinPool-1-worker-49] INFO  com.intuit.karate - [print] testing xlinkurl:
12:56:48.148 [ForkJoinPool-1-worker-49] ERROR com.intuit.karate - org.apache.http.client.ClientProtocolException, http call failed after 0 milliseconds for URL: 
12:56:48.148 [ForkJoinPool-1-worker-49] ERROR com.intuit.karate - http request failed: 
org.apache.http.client.ClientProtocolException
12:56:48.150 [ForkJoinPool-1-worker-49] ERROR com.intuit.karate - feature call (loop) failed at index: 61
caller: classpath:InspireTest/def/checkxlinkurl.template.feature
arg: {"link":""}
checkxlinkurl.template.feature:21 - 
org.apache.http.client.ClientProtocolException
12:56:48.151 [ForkJoinPool-1-worker-49] INFO  com.intuit.karate - [print] testing xlinkurl:
12:56:48.152 [ForkJoinPool-1-worker-49] ERROR com.intuit.karate - org.apache.http.client.ClientProtocolException, http call failed after 0 milliseconds for URL: 
12:56:48.152 [ForkJoinPool-1-worker-49] ERROR com.intuit.karate - http request failed: 
org.apache.http.client.ClientProtocolException
12:56:48.152 [ForkJoinPool-1-worker-49] ERROR com.intuit.karate - feature call (loop) failed at index: 62
caller: classpath:InspireTest/def/checkxlinkurl.template.feature
arg: {"link":""}
checkxlinkurl.template.feature:21 - 
org.apache.http.client.ClientProtocolException
12:56:48.152 [ForkJoinPool-1-worker-49] INFO  com.intuit.karate - [print] testing xlinkurl:
12:56:48.153 [ForkJoinPool-1-worker-49] ERROR com.intuit.karate - org.apache.http.client.ClientProtocolException, http call failed after 0 milliseconds for URL: 
12:56:48.153 [ForkJoinPool-1-worker-49] ERROR com.intuit.karate - http request failed: 
org.apache.http.client.ClientProtocolException
12:56:48.154 [ForkJoinPool-1-worker-49] ERROR com.intuit.karate - feature call (loop) failed at index: 63
caller: classpath:InspireTest/def/checkxlinkurl.template.feature
arg: {"link":""}
checkxlinkurl.template.feature:21 - 
org.apache.http.client.ClientProtocolException
12:56:48.154 [ForkJoinPool-1-worker-49] INFO  com.intuit.karate - [print] testing xlinkurl:
12:56:48.160 [ForkJoinPool-1-worker-49] ERROR com.intuit.karate - org.apache.http.client.ClientProtocolException, http call failed after 0 milliseconds for URL: 
12:56:48.160 [ForkJoinPool-1-worker-49] ERROR com.intuit.karate - http request failed: 
org.apache.http.client.ClientProtocolException
12:56:48.160 [ForkJoinPool-1-worker-49] ERROR com.intuit.karate - feature call (loop) failed at index: 64
caller: classpath:InspireTest/def/checkxlinkurl.template.feature
arg: {"link":""}
checkxlinkurl.template.feature:21 - 
org.apache.http.client.ClientProtocolException
12:56:48.161 [ForkJoinPool-1-worker-49] INFO  com.intuit.karate - [print] testing xlinkurl:
12:56:48.161 [ForkJoinPool-1-worker-49] ERROR com.intuit.karate - org.apache.http.client.ClientProtocolException, http call failed after 0 milliseconds for URL: 
12:56:48.161 [ForkJoinPool-1-worker-49] ERROR com.intuit.karate - http request failed: 
org.apache.http.client.ClientProtocolException
12:56:48.161 [ForkJoinPool-1-worker-49] ERROR com.intuit.karate - feature call (loop) failed at index: 65
caller: classpath:InspireTest/def/checkxlinkurl.template.feature
arg: {"link":""}
checkxlinkurl.template.feature:21 - 
org.apache.http.client.ClientProtocolException
12:56:48.162 [ForkJoinPool-1-worker-49] INFO  com.intuit.karate - [print] testing xlinkurl:
12:56:48.162 [ForkJoinPool-1-worker-49] ERROR com.intuit.karate - org.apache.http.client.ClientProtocolException, http call failed after 0 milliseconds for URL: 
12:56:48.163 [ForkJoinPool-1-worker-49] ERROR com.intuit.karate - http request failed: 
org.apache.http.client.ClientProtocolException
12:56:48.163 [ForkJoinPool-1-worker-49] ERROR com.intuit.karate - feature call (loop) failed at index: 66
caller: classpath:InspireTest/def/checkxlinkurl.template.feature
arg: {"link":""}
checkxlinkurl.template.feature:21 - 
org.apache.http.client.ClientProtocolException
12:56:48.163 [ForkJoinPool-1-worker-49] INFO  com.intuit.karate - [print] testing xlinkurl:
12:56:48.164 [ForkJoinPool-1-worker-49] ERROR com.intuit.karate - org.apache.http.client.ClientProtocolException, http call failed after 0 milliseconds for URL: 
12:56:48.164 [ForkJoinPool-1-worker-49] ERROR com.intuit.karate - http request failed: 
org.apache.http.client.ClientProtocolException
12:56:48.167 [ForkJoinPool-1-worker-49] ERROR com.intuit.karate - feature call (loop) failed at index: 67
caller: classpath:InspireTest/def/checkxlinkurl.template.feature
arg: {"link":""}
checkxlinkurl.template.feature:21 - 
org.apache.http.client.ClientProtocolException
12:56:48.167 [ForkJoinPool-1-worker-49] INFO  com.intuit.karate - [print] testing xlinkurl:
12:56:48.170 [ForkJoinPool-1-worker-49] ERROR com.intuit.karate - org.apache.http.client.ClientProtocolException, http call failed after 0 milliseconds for URL: 
12:56:48.170 [ForkJoinPool-1-worker-49] ERROR com.intuit.karate - http request failed: 
org.apache.http.client.ClientProtocolException
12:56:48.170 [ForkJoinPool-1-worker-49] ERROR com.intuit.karate - feature call (loop) failed at index: 68
caller: classpath:InspireTest/def/checkxlinkurl.template.feature
arg: {"link":""}
checkxlinkurl.template.feature:21 - 
org.apache.http.client.ClientProtocolException
12:56:48.173 [ForkJoinPool-1-worker-49] INFO  com.intuit.karate - [print] testing xlinkurl:
12:56:48.182 [ForkJoinPool-1-worker-49] ERROR com.intuit.karate - org.apache.http.client.ClientProtocolException, http call failed after 0 milliseconds for URL: 
12:56:48.182 [ForkJoinPool-1-worker-49] ERROR com.intuit.karate - http request failed: 
org.apache.http.client.ClientProtocolException
12:56:48.182 [ForkJoinPool-1-worker-49] ERROR com.intuit.karate - feature call (loop) failed at index: 69
caller: classpath:InspireTest/def/checkxlinkurl.template.feature
arg: {"link":""}
checkxlinkurl.template.feature:21 - 
org.apache.http.client.ClientProtocolException
12:56:48.183 [ForkJoinPool-1-worker-49] INFO  com.intuit.karate - [print] testing xlinkurl:
12:56:48.184 [ForkJoinPool-1-worker-49] ERROR com.intuit.karate - org.apache.http.client.ClientProtocolException, http call failed after 0 milliseconds for URL: 
12:56:48.185 [ForkJoinPool-1-worker-49] ERROR com.intuit.karate - http request failed: 
org.apache.http.client.ClientProtocolException
12:56:48.185 [ForkJoinPool-1-worker-49] ERROR com.intuit.karate - feature call (loop) failed at index: 70
caller: classpath:InspireTest/def/checkxlinkurl.template.feature
arg: {"link":""}
checkxlinkurl.template.feature:21 - 
org.apache.http.client.ClientProtocolException
12:56:48.188 [ForkJoinPool-1-worker-49] INFO  com.intuit.karate - [print] testing xlinkurl:
12:56:48.188 [ForkJoinPool-1-worker-49] ERROR com.intuit.karate - org.apache.http.client.ClientProtocolException, http call failed after 0 milliseconds for URL: 
12:56:48.188 [ForkJoinPool-1-worker-49] ERROR com.intuit.karate - http request failed: 
org.apache.http.client.ClientProtocolException
12:56:48.189 [ForkJoinPool-1-worker-49] ERROR com.intuit.karate - feature call (loop) failed at index: 71
caller: classpath:InspireTest/def/checkxlinkurl.template.feature
arg: {"link":""}
checkxlinkurl.template.feature:21 - 
org.apache.http.client.ClientProtocolException
12:56:48.189 [ForkJoinPool-1-worker-49] INFO  com.intuit.karate - [print] testing xlinkurl:
12:56:48.190 [ForkJoinPool-1-worker-49] ERROR com.intuit.karate - org.apache.http.client.ClientProtocolException, http call failed after 0 milliseconds for URL: 
12:56:48.192 [ForkJoinPool-1-worker-49] ERROR com.intuit.karate - http request failed: 
org.apache.http.client.ClientProtocolException
12:56:48.192 [ForkJoinPool-1-worker-49] ERROR com.intuit.karate - feature call (loop) failed at index: 72
caller: classpath:InspireTest/def/checkxlinkurl.template.feature
arg: {"link":""}
checkxlinkurl.template.feature:21 - 
org.apache.http.client.ClientProtocolException
12:56:48.192 [ForkJoinPool-1-worker-49] INFO  com.intuit.karate - [print] testing xlinkurl:
12:56:48.193 [ForkJoinPool-1-worker-49] ERROR com.intuit.karate - org.apache.http.client.ClientProtocolException, http call failed after 0 milliseconds for URL: 
12:56:48.193 [ForkJoinPool-1-worker-49] ERROR com.intuit.karate - http request failed: 
org.apache.http.client.ClientProtocolException
12:56:48.194 [ForkJoinPool-1-worker-49] ERROR com.intuit.karate - feature call (loop) failed at index: 73
caller: classpath:InspireTest/def/checkxlinkurl.template.feature
arg: {"link":""}
checkxlinkurl.template.feature:21 - 
org.apache.http.client.ClientProtocolException
12:56:48.195 [ForkJoinPool-1-worker-49] INFO  com.intuit.karate - [print] testing xlinkurl:
12:56:48.197 [ForkJoinPool-1-worker-49] ERROR com.intuit.karate - org.apache.http.client.ClientProtocolException, http call failed after 0 milliseconds for URL: 
12:56:48.199 [ForkJoinPool-1-worker-49] ERROR com.intuit.karate - http request failed: 
org.apache.http.client.ClientProtocolException
12:56:48.199 [ForkJoinPool-1-worker-49] ERROR com.intuit.karate - feature call (loop) failed at index: 74
caller: classpath:InspireTest/def/checkxlinkurl.template.feature
arg: {"link":""}
checkxlinkurl.template.feature:21 - 
org.apache.http.client.ClientProtocolException
12:56:48.200 [ForkJoinPool-1-worker-49] INFO  com.intuit.karate - [print] testing xlinkurl:
12:56:48.200 [ForkJoinPool-1-worker-49] ERROR com.intuit.karate - org.apache.http.client.ClientProtocolException, http call failed after 0 milliseconds for URL: 
12:56:48.202 [ForkJoinPool-1-worker-49] ERROR com.intuit.karate - http request failed: 
org.apache.http.client.ClientProtocolException
12:56:48.203 [ForkJoinPool-1-worker-49] ERROR com.intuit.karate - feature call (loop) failed at index: 75
caller: classpath:InspireTest/def/checkxlinkurl.template.feature
arg: {"link":""}
checkxlinkurl.template.feature:21 - 
org.apache.http.client.ClientProtocolException
12:56:48.203 [ForkJoinPool-1-worker-49] INFO  com.intuit.karate - [print] testing xlinkurl:
12:56:48.204 [ForkJoinPool-1-worker-49] ERROR com.intuit.karate - org.apache.http.client.ClientProtocolException, http call failed after 0 milliseconds for URL: 
12:56:48.207 [ForkJoinPool-1-worker-49] ERROR com.intuit.karate - http request failed: 
org.apache.http.client.ClientProtocolException
12:56:48.208 [ForkJoinPool-1-worker-49] ERROR com.intuit.karate - feature call (loop) failed at index: 76
caller: classpath:InspireTest/def/checkxlinkurl.template.feature
arg: {"link":""}
checkxlinkurl.template.feature:21 - 
org.apache.http.client.ClientProtocolException
12:56:48.208 [ForkJoinPool-1-worker-49] INFO  com.intuit.karate - [print] testing xlinkurl:
12:56:48.209 [ForkJoinPool-1-worker-49] ERROR com.intuit.karate - org.apache.http.client.ClientProtocolException, http call failed after 0 milliseconds for URL: 
12:56:48.209 [ForkJoinPool-1-worker-49] ERROR com.intuit.karate - http request failed: 
org.apache.http.client.ClientProtocolException
12:56:48.209 [ForkJoinPool-1-worker-49] ERROR com.intuit.karate - feature call (loop) failed at index: 77
caller: classpath:InspireTest/def/checkxlinkurl.template.feature
arg: {"link":""}
checkxlinkurl.template.feature:21 - 
org.apache.http.client.ClientProtocolException
12:56:48.210 [ForkJoinPool-1-worker-49] INFO  com.intuit.karate - [print] testing xlinkurl:
12:56:48.210 [ForkJoinPool-1-worker-49] ERROR com.intuit.karate - org.apache.http.client.ClientProtocolException, http call failed after 0 milliseconds for URL: 
12:56:48.210 [ForkJoinPool-1-worker-49] ERROR com.intuit.karate - http request failed: 
org.apache.http.client.ClientProtocolException
12:56:48.210 [ForkJoinPool-1-worker-49] ERROR com.intuit.karate - feature call (loop) failed at index: 78
caller: classpath:InspireTest/def/checkxlinkurl.template.feature
arg: {"link":""}
checkxlinkurl.template.feature:21 - 
org.apache.http.client.ClientProtocolException
12:56:48.211 [ForkJoinPool-1-worker-49] INFO  com.intuit.karate - [print] testing xlinkurl:
12:56:48.212 [ForkJoinPool-1-worker-49] ERROR com.intuit.karate - org.apache.http.client.ClientProtocolException, http call failed after 0 milliseconds for URL: 
12:56:48.213 [ForkJoinPool-1-worker-49] ERROR com.intuit.karate - http request failed: 
org.apache.http.client.ClientProtocolException
12:56:48.213 [ForkJoinPool-1-worker-49] ERROR com.intuit.karate - feature call (loop) failed at index: 79
caller: classpath:InspireTest/def/checkxlinkurl.template.feature
arg: {"link":""}
checkxlinkurl.template.feature:21 - 
org.apache.http.client.ClientProtocolException
12:56:48.214 [ForkJoinPool-1-worker-49] INFO  com.intuit.karate - [print] testing xlinkurl:
12:56:48.216 [ForkJoinPool-1-worker-49] ERROR com.intuit.karate - org.apache.http.client.ClientProtocolException, http call failed after 0 milliseconds for URL: 
12:56:48.219 [ForkJoinPool-1-worker-49] ERROR com.intuit.karate - http request failed: 
org.apache.http.client.ClientProtocolException
12:56:48.219 [ForkJoinPool-1-worker-49] ERROR com.intuit.karate - feature call (loop) failed at index: 80
caller: classpath:InspireTest/def/checkxlinkurl.template.feature
arg: {"link":""}
checkxlinkurl.template.feature:21 - 
org.apache.http.client.ClientProtocolException
12:56:48.220 [ForkJoinPool-1-worker-49] INFO  com.intuit.karate - [print] testing xlinkurl:
12:56:48.221 [ForkJoinPool-1-worker-49] ERROR com.intuit.karate - org.apache.http.client.ClientProtocolException, http call failed after 0 milliseconds for URL: 
12:56:48.221 [ForkJoinPool-1-worker-49] ERROR com.intuit.karate - http request failed: 
org.apache.http.client.ClientProtocolException
12:56:48.221 [ForkJoinPool-1-worker-49] ERROR com.intuit.karate - feature call (loop) failed at index: 81
caller: classpath:InspireTest/def/checkxlinkurl.template.feature
arg: {"link":""}
checkxlinkurl.template.feature:21 - 
org.apache.http.client.ClientProtocolException
12:56:48.221 [ForkJoinPool-1-worker-49] INFO  com.intuit.karate - [print] testing xlinkurl:
12:56:48.222 [ForkJoinPool-1-worker-49] ERROR com.intuit.karate - org.apache.http.client.ClientProtocolException, http call failed after 0 milliseconds for URL: 
12:56:48.224 [ForkJoinPool-1-worker-49] ERROR com.intuit.karate - http request failed: 
org.apache.http.client.ClientProtocolException
12:56:48.224 [ForkJoinPool-1-worker-49] ERROR com.intuit.karate - feature call (loop) failed at index: 82
caller: classpath:InspireTest/def/checkxlinkurl.template.feature
arg: {"link":""}
checkxlinkurl.template.feature:21 - 
org.apache.http.client.ClientProtocolException
12:56:48.224 [ForkJoinPool-1-worker-49] INFO  com.intuit.karate - [print] testing xlinkurl:
12:56:48.225 [ForkJoinPool-1-worker-49] ERROR com.intuit.karate - org.apache.http.client.ClientProtocolException, http call failed after 0 milliseconds for URL: 
12:56:48.225 [ForkJoinPool-1-worker-49] ERROR com.intuit.karate - http request failed: 
org.apache.http.client.ClientProtocolException
12:56:48.226 [ForkJoinPool-1-worker-49] ERROR com.intuit.karate - feature call (loop) failed at index: 83
caller: classpath:InspireTest/def/checkxlinkurl.template.feature
arg: {"link":""}
checkxlinkurl.template.feature:21 - 
org.apache.http.client.ClientProtocolException
12:56:48.226 [ForkJoinPool-1-worker-49] INFO  com.intuit.karate - [print] testing xlinkurl:
12:56:48.228 [ForkJoinPool-1-worker-49] ERROR com.intuit.karate - org.apache.http.client.ClientProtocolException, http call failed after 0 milliseconds for URL: 
12:56:48.230 [ForkJoinPool-1-worker-49] ERROR com.intuit.karate - http request failed: 
org.apache.http.client.ClientProtocolException
12:56:48.230 [ForkJoinPool-1-worker-49] ERROR com.intuit.karate - feature call (loop) failed at index: 84
caller: classpath:InspireTest/def/checkxlinkurl.template.feature
arg: {"link":""}
checkxlinkurl.template.feature:21 - 
org.apache.http.client.ClientProtocolException
12:56:48.231 [ForkJoinPool-1-worker-49] INFO  com.intuit.karate - [print] testing xlinkurl:
12:56:48.233 [ForkJoinPool-1-worker-49] ERROR com.intuit.karate - org.apache.http.client.ClientProtocolException, http call failed after 0 milliseconds for URL: 
12:56:48.235 [ForkJoinPool-1-worker-49] ERROR com.intuit.karate - http request failed: 
org.apache.http.client.ClientProtocolException
12:56:48.235 [ForkJoinPool-1-worker-49] ERROR com.intuit.karate - feature call (loop) failed at index: 85
caller: classpath:InspireTest/def/checkxlinkurl.template.feature
arg: {"link":""}
checkxlinkurl.template.feature:21 - 
org.apache.http.client.ClientProtocolException
12:56:48.236 [ForkJoinPool-1-worker-49] INFO  com.intuit.karate - [print] testing xlinkurl:
12:56:48.240 [ForkJoinPool-1-worker-49] ERROR com.intuit.karate - org.apache.http.client.ClientProtocolException, http call failed after 0 milliseconds for URL: 
12:56:48.240 [ForkJoinPool-1-worker-49] ERROR com.intuit.karate - http request failed: 
org.apache.http.client.ClientProtocolException
12:56:48.240 [ForkJoinPool-1-worker-49] ERROR com.intuit.karate - feature call (loop) failed at index: 86
caller: classpath:InspireTest/def/checkxlinkurl.template.feature
arg: {"link":""}
checkxlinkurl.template.feature:21 - 
org.apache.http.client.ClientProtocolException
12:56:48.241 [ForkJoinPool-1-worker-49] INFO  com.intuit.karate - [print] testing xlinkurl:
12:56:48.241 [ForkJoinPool-1-worker-49] ERROR com.intuit.karate - org.apache.http.client.ClientProtocolException, http call failed after 0 milliseconds for URL: 
12:56:48.241 [ForkJoinPool-1-worker-49] ERROR com.intuit.karate - http request failed: 
org.apache.http.client.ClientProtocolException
12:56:48.241 [ForkJoinPool-1-worker-49] ERROR com.intuit.karate - feature call (loop) failed at index: 87
caller: classpath:InspireTest/def/checkxlinkurl.template.feature
arg: {"link":""}
checkxlinkurl.template.feature:21 - 
org.apache.http.client.ClientProtocolException
12:56:48.242 [ForkJoinPool-1-worker-49] INFO  com.intuit.karate - [print] testing xlinkurl:
12:56:48.243 [ForkJoinPool-1-worker-49] ERROR com.intuit.karate - org.apache.http.client.ClientProtocolException, http call failed after 0 milliseconds for URL: 
12:56:48.243 [ForkJoinPool-1-worker-49] ERROR com.intuit.karate - http request failed: 
org.apache.http.client.ClientProtocolException
12:56:48.243 [ForkJoinPool-1-worker-49] ERROR com.intuit.karate - feature call (loop) failed at index: 88
caller: classpath:InspireTest/def/checkxlinkurl.template.feature
arg: {"link":""}
checkxlinkurl.template.feature:21 - 
org.apache.http.client.ClientProtocolException
12:56:48.244 [ForkJoinPool-1-worker-49] INFO  com.intuit.karate - [print] testing xlinkurl:
12:56:48.246 [ForkJoinPool-1-worker-49] ERROR com.intuit.karate - org.apache.http.client.ClientProtocolException, http call failed after 0 milliseconds for URL: 
12:56:48.247 [ForkJoinPool-1-worker-49] ERROR com.intuit.karate - http request failed: 
org.apache.http.client.ClientProtocolException
12:56:48.247 [ForkJoinPool-1-worker-49] ERROR com.intuit.karate - feature call (loop) failed at index: 89
caller: classpath:InspireTest/def/checkxlinkurl.template.feature
arg: {"link":""}
checkxlinkurl.template.feature:21 - 
org.apache.http.client.ClientProtocolException
12:56:48.248 [ForkJoinPool-1-worker-49] INFO  com.intuit.karate - [print] testing xlinkurl:
12:56:48.250 [ForkJoinPool-1-worker-49] ERROR com.intuit.karate - org.apache.http.client.ClientProtocolException, http call failed after 0 milliseconds for URL: 
12:56:48.251 [ForkJoinPool-1-worker-49] ERROR com.intuit.karate - http request failed: 
org.apache.http.client.ClientProtocolException
12:56:48.252 [ForkJoinPool-1-worker-49] ERROR com.intuit.karate - feature call (loop) failed at index: 90
caller: classpath:InspireTest/def/checkxlinkurl.template.feature
arg: {"link":""}
checkxlinkurl.template.feature:21 - 
org.apache.http.client.ClientProtocolException
12:56:48.253 [ForkJoinPool-1-worker-49] INFO  com.intuit.karate - [print] testing xlinkurl:
12:56:48.256 [ForkJoinPool-1-worker-49] ERROR com.intuit.karate - org.apache.http.client.ClientProtocolException, http call failed after 0 milliseconds for URL: 
12:56:48.256 [ForkJoinPool-1-worker-49] ERROR com.intuit.karate - http request failed: 
org.apache.http.client.ClientProtocolException
12:56:48.256 [ForkJoinPool-1-worker-49] ERROR com.intuit.karate - feature call (loop) failed at index: 91
caller: classpath:InspireTest/def/checkxlinkurl.template.feature
arg: {"link":""}
checkxlinkurl.template.feature:21 - 
org.apache.http.client.ClientProtocolException
12:56:48.256 [ForkJoinPool-1-worker-49] INFO  com.intuit.karate - [print] testing xlinkurl:
12:56:48.257 [ForkJoinPool-1-worker-49] ERROR com.intuit.karate - org.apache.http.client.ClientProtocolException, http call failed after 0 milliseconds for URL: 
12:56:48.257 [ForkJoinPool-1-worker-49] ERROR com.intuit.karate - http request failed: 
org.apache.http.client.ClientProtocolException
12:56:48.257 [ForkJoinPool-1-worker-49] ERROR com.intuit.karate - feature call (loop) failed at index: 92
caller: classpath:InspireTest/def/checkxlinkurl.template.feature
arg: {"link":""}
checkxlinkurl.template.feature:21 - 
org.apache.http.client.ClientProtocolException
12:56:48.258 [ForkJoinPool-1-worker-49] INFO  com.intuit.karate - [print] testing xlinkurl:
12:56:48.258 [ForkJoinPool-1-worker-49] ERROR com.intuit.karate - org.apache.http.client.ClientProtocolException, http call failed after 0 milliseconds for URL: 
12:56:48.258 [ForkJoinPool-1-worker-49] ERROR com.intuit.karate - http request failed: 
org.apache.http.client.ClientProtocolException
12:56:48.258 [ForkJoinPool-1-worker-49] ERROR com.intuit.karate - feature call (loop) failed at index: 93
caller: classpath:InspireTest/def/checkxlinkurl.template.feature
arg: {"link":""}
checkxlinkurl.template.feature:21 - 
org.apache.http.client.ClientProtocolException
12:56:48.259 [ForkJoinPool-1-worker-49] INFO  com.intuit.karate - [print] testing xlinkurl:
12:56:48.259 [ForkJoinPool-1-worker-49] ERROR com.intuit.karate - org.apache.http.client.ClientProtocolException, http call failed after 0 milliseconds for URL: 
12:56:48.259 [ForkJoinPool-1-worker-49] ERROR com.intuit.karate - http request failed: 
org.apache.http.client.ClientProtocolException
12:56:48.259 [ForkJoinPool-1-worker-49] ERROR com.intuit.karate - feature call (loop) failed at index: 94
caller: classpath:InspireTest/def/checkxlinkurl.template.feature
arg: {"link":""}
checkxlinkurl.template.feature:21 - 
org.apache.http.client.ClientProtocolException
12:56:48.260 [ForkJoinPool-1-worker-49] INFO  com.intuit.karate - [print] testing xlinkurl:
12:56:48.261 [ForkJoinPool-1-worker-49] ERROR com.intuit.karate - org.apache.http.client.ClientProtocolException, http call failed after 0 milliseconds for URL: 
12:56:48.261 [ForkJoinPool-1-worker-49] ERROR com.intuit.karate - http request failed: 
org.apache.http.client.ClientProtocolException
12:56:48.261 [ForkJoinPool-1-worker-49] ERROR com.intuit.karate - feature call (loop) failed at index: 95
caller: classpath:InspireTest/def/checkxlinkurl.template.feature
arg: {"link":""}
checkxlinkurl.template.feature:21 - 
org.apache.http.client.ClientProtocolException
12:56:48.261 [ForkJoinPool-1-worker-49] INFO  com.intuit.karate - [print] testing xlinkurl:
12:56:48.262 [ForkJoinPool-1-worker-49] ERROR com.intuit.karate - org.apache.http.client.ClientProtocolException, http call failed after 0 milliseconds for URL: 
12:56:48.267 [ForkJoinPool-1-worker-49] ERROR com.intuit.karate - http request failed: 
org.apache.http.client.ClientProtocolException
12:56:48.267 [ForkJoinPool-1-worker-49] ERROR com.intuit.karate - feature call (loop) failed at index: 96
caller: classpath:InspireTest/def/checkxlinkurl.template.feature
arg: {"link":""}
checkxlinkurl.template.feature:21 - 
org.apache.http.client.ClientProtocolException
12:56:48.269 [ForkJoinPool-1-worker-49] INFO  com.intuit.karate - [print] testing xlinkurl:
12:56:48.270 [ForkJoinPool-1-worker-49] ERROR com.intuit.karate - org.apache.http.client.ClientProtocolException, http call failed after 0 milliseconds for URL: 
12:56:48.270 [ForkJoinPool-1-worker-49] ERROR com.intuit.karate - http request failed: 
org.apache.http.client.ClientProtocolException
12:56:48.271 [ForkJoinPool-1-worker-49] ERROR com.intuit.karate - feature call (loop) failed at index: 97
caller: classpath:InspireTest/def/checkxlinkurl.template.feature
arg: {"link":""}
checkxlinkurl.template.feature:21 - 
org.apache.http.client.ClientProtocolException
12:56:48.272 [ForkJoinPool-1-worker-49] INFO  com.intuit.karate - [print] testing xlinkurl:
12:56:48.273 [ForkJoinPool-1-worker-49] ERROR com.intuit.karate - org.apache.http.client.ClientProtocolException, http call failed after 0 milliseconds for URL: 
12:56:48.273 [ForkJoinPool-1-worker-49] ERROR com.intuit.karate - http request failed: 
org.apache.http.client.ClientProtocolException
12:56:48.274 [ForkJoinPool-1-worker-49] ERROR com.intuit.karate - feature call (loop) failed at index: 98
caller: classpath:InspireTest/def/checkxlinkurl.template.feature
arg: {"link":""}
checkxlinkurl.template.feature:21 - 
org.apache.http.client.ClientProtocolException
12:56:48.275 [ForkJoinPool-1-worker-49] INFO  com.intuit.karate - [print] testing xlinkurl:
12:56:48.276 [ForkJoinPool-1-worker-49] ERROR com.intuit.karate - org.apache.http.client.ClientProtocolException, http call failed after 0 milliseconds for URL: 
12:56:48.277 [ForkJoinPool-1-worker-49] ERROR com.intuit.karate - http request failed: 
org.apache.http.client.ClientProtocolException
12:56:48.277 [ForkJoinPool-1-worker-49] ERROR com.intuit.karate - feature call (loop) failed at index: 99
caller: classpath:InspireTest/def/checkxlinkurl.template.feature
arg: {"link":""}
checkxlinkurl.template.feature:21 - 
org.apache.http.client.ClientProtocolException
12:56:48.278 [ForkJoinPool-1-worker-49] INFO  com.intuit.karate - [print] testing xlinkurl:
12:56:48.280 [ForkJoinPool-1-worker-49] ERROR com.intuit.karate - org.apache.http.client.ClientProtocolException, http call failed after 0 milliseconds for URL: 
12:56:48.280 [ForkJoinPool-1-worker-49] ERROR com.intuit.karate - http request failed: 
org.apache.http.client.ClientProtocolException
12:56:48.280 [ForkJoinPool-1-worker-49] ERROR com.intuit.karate - feature call (loop) failed at index: 100
caller: classpath:InspireTest/def/checkxlinkurl.template.feature
arg: {"link":""}
checkxlinkurl.template.feature:21 - 
org.apache.http.client.ClientProtocolException
12:56:48.281 [ForkJoinPool-1-worker-49] INFO  com.intuit.karate - [print] testing xlinkurl:
12:56:48.283 [ForkJoinPool-1-worker-49] ERROR com.intuit.karate - org.apache.http.client.ClientProtocolException, http call failed after 0 milliseconds for URL: 
12:56:48.283 [ForkJoinPool-1-worker-49] ERROR com.intuit.karate - http request failed: 
org.apache.http.client.ClientProtocolException
12:56:48.284 [ForkJoinPool-1-worker-49] ERROR com.intuit.karate - feature call (loop) failed at index: 101
caller: classpath:InspireTest/def/checkxlinkurl.template.feature
arg: {"link":""}
checkxlinkurl.template.feature:21 - 
org.apache.http.client.ClientProtocolException
12:56:48.286 [ForkJoinPool-1-worker-47] INFO  com.intuit.karate - [print] testing xlinkurl:http://nationaalgeoregister.nl/geonetwork/srv/dut/csw?service=CSW&version=2.0.2&request=GetRecordById&outputschema=http://www.isotc211.org/2005/gmd&elementsetname=full&id=419b85e5-04ee-4cc9-b910-bc58594a943a#MD_DataIdentification
12:56:48.290 [ForkJoinPool-1-worker-49] INFO  com.intuit.karate - [print] testing xlinkurl:
12:56:48.290 [ForkJoinPool-1-worker-49] ERROR com.intuit.karate - org.apache.http.client.ClientProtocolException, http call failed after 0 milliseconds for URL: 
12:56:48.291 [ForkJoinPool-1-worker-49] ERROR com.intuit.karate - http request failed: 
org.apache.http.client.ClientProtocolException
12:56:48.291 [ForkJoinPool-1-worker-49] ERROR com.intuit.karate - feature call (loop) failed at index: 102
caller: classpath:InspireTest/def/checkxlinkurl.template.feature
arg: {"link":""}
checkxlinkurl.template.feature:21 - 
org.apache.http.client.ClientProtocolException
12:56:48.292 [ForkJoinPool-1-worker-49] INFO  com.intuit.karate - [print] testing xlinkurl:
12:56:48.294 [ForkJoinPool-1-worker-49] ERROR com.intuit.karate - org.apache.http.client.ClientProtocolException, http call failed after 0 milliseconds for URL: 
12:56:48.294 [ForkJoinPool-1-worker-49] ERROR com.intuit.karate - http request failed: 
org.apache.http.client.ClientProtocolException
12:56:48.295 [ForkJoinPool-1-worker-49] ERROR com.intuit.karate - feature call (loop) failed at index: 103
caller: classpath:InspireTest/def/checkxlinkurl.template.feature
arg: {"link":""}
checkxlinkurl.template.feature:21 - 
org.apache.http.client.ClientProtocolException
12:56:48.295 [ForkJoinPool-1-worker-49] INFO  com.intuit.karate - [print] testing xlinkurl:
12:56:48.297 [ForkJoinPool-1-worker-49] ERROR com.intuit.karate - org.apache.http.client.ClientProtocolException, http call failed after 0 milliseconds for URL: 
12:56:48.298 [ForkJoinPool-1-worker-49] ERROR com.intuit.karate - http request failed: 
org.apache.http.client.ClientProtocolException
12:56:48.298 [ForkJoinPool-1-worker-49] ERROR com.intuit.karate - feature call (loop) failed at index: 104
caller: classpath:InspireTest/def/checkxlinkurl.template.feature
arg: {"link":""}
checkxlinkurl.template.feature:21 - 
org.apache.http.client.ClientProtocolException
12:56:48.299 [ForkJoinPool-1-worker-49] INFO  com.intuit.karate - [print] testing xlinkurl:
12:56:48.300 [ForkJoinPool-1-worker-49] ERROR com.intuit.karate - org.apache.http.client.ClientProtocolException, http call failed after 0 milliseconds for URL: 
12:56:48.301 [ForkJoinPool-1-worker-49] ERROR com.intuit.karate - http request failed: 
org.apache.http.client.ClientProtocolException
12:56:48.301 [ForkJoinPool-1-worker-49] ERROR com.intuit.karate - feature call (loop) failed at index: 105
caller: classpath:InspireTest/def/checkxlinkurl.template.feature
arg: {"link":""}
checkxlinkurl.template.feature:21 - 
org.apache.http.client.ClientProtocolException
12:56:48.302 [ForkJoinPool-1-worker-49] INFO  com.intuit.karate - [print] testing xlinkurl:
12:56:48.304 [ForkJoinPool-1-worker-49] ERROR com.intuit.karate - org.apache.http.client.ClientProtocolException, http call failed after 0 milliseconds for URL: 
12:56:48.304 [ForkJoinPool-1-worker-49] ERROR com.intuit.karate - http request failed: 
org.apache.http.client.ClientProtocolException
12:56:48.304 [ForkJoinPool-1-worker-49] ERROR com.intuit.karate - feature call (loop) failed at index: 106
caller: classpath:InspireTest/def/checkxlinkurl.template.feature
arg: {"link":""}
checkxlinkurl.template.feature:21 - 
org.apache.http.client.ClientProtocolException
12:56:48.305 [ForkJoinPool-1-worker-49] INFO  com.intuit.karate - [print] testing xlinkurl:
12:56:48.306 [ForkJoinPool-1-worker-49] ERROR com.intuit.karate - org.apache.http.client.ClientProtocolException, http call failed after 0 milliseconds for URL: 
12:56:48.307 [ForkJoinPool-1-worker-49] ERROR com.intuit.karate - http request failed: 
org.apache.http.client.ClientProtocolException
12:56:48.307 [ForkJoinPool-1-worker-49] ERROR com.intuit.karate - feature call (loop) failed at index: 107
caller: classpath:InspireTest/def/checkxlinkurl.template.feature
arg: {"link":""}
checkxlinkurl.template.feature:21 - 
org.apache.http.client.ClientProtocolException
12:56:48.308 [ForkJoinPool-1-worker-49] INFO  com.intuit.karate - [print] testing xlinkurl:
12:56:48.309 [ForkJoinPool-1-worker-49] ERROR com.intuit.karate - org.apache.http.client.ClientProtocolException, http call failed after 0 milliseconds for URL: 
12:56:48.310 [ForkJoinPool-1-worker-49] ERROR com.intuit.karate - http request failed: 
org.apache.http.client.ClientProtocolException
12:56:48.310 [ForkJoinPool-1-worker-49] ERROR com.intuit.karate - feature call (loop) failed at index: 108
caller: classpath:InspireTest/def/checkxlinkurl.template.feature
arg: {"link":""}
checkxlinkurl.template.feature:21 - 
org.apache.http.client.ClientProtocolException
12:56:48.311 [ForkJoinPool-1-worker-49] INFO  com.intuit.karate - [print] testing xlinkurl:
12:56:48.312 [ForkJoinPool-1-worker-49] ERROR com.intuit.karate - org.apache.http.client.ClientProtocolException, http call failed after 0 milliseconds for URL: 
12:56:48.313 [ForkJoinPool-1-worker-49] ERROR com.intuit.karate - http request failed: 
org.apache.http.client.ClientProtocolException
12:56:48.313 [ForkJoinPool-1-worker-49] ERROR com.intuit.karate - feature call (loop) failed at index: 109
caller: classpath:InspireTest/def/checkxlinkurl.template.feature
arg: {"link":""}
checkxlinkurl.template.feature:21 - 
org.apache.http.client.ClientProtocolException
12:56:48.314 [ForkJoinPool-1-worker-49] INFO  com.intuit.karate - [print] testing xlinkurl:
12:56:48.315 [ForkJoinPool-1-worker-49] ERROR com.intuit.karate - org.apache.http.client.ClientProtocolException, http call failed after 0 milliseconds for URL: 
12:56:48.316 [ForkJoinPool-1-worker-49] ERROR com.intuit.karate - http request failed: 
org.apache.http.client.ClientProtocolException
12:56:48.316 [ForkJoinPool-1-worker-49] ERROR com.intuit.karate - feature call (loop) failed at index: 110
caller: classpath:InspireTest/def/checkxlinkurl.template.feature
arg: {"link":""}
checkxlinkurl.template.feature:21 - 
org.apache.http.client.ClientProtocolException
12:56:48.317 [ForkJoinPool-1-worker-49] INFO  com.intuit.karate - [print] testing xlinkurl:
12:56:48.319 [ForkJoinPool-1-worker-49] ERROR com.intuit.karate - org.apache.http.client.ClientProtocolException, http call failed after 0 milliseconds for URL: 
12:56:48.319 [ForkJoinPool-1-worker-49] ERROR com.intuit.karate - http request failed: 
org.apache.http.client.ClientProtocolException
12:56:48.319 [ForkJoinPool-1-worker-49] ERROR com.intuit.karate - feature call (loop) failed at index: 111
caller: classpath:InspireTest/def/checkxlinkurl.template.feature
arg: {"link":""}
checkxlinkurl.template.feature:21 - 
org.apache.http.client.ClientProtocolException
12:56:48.320 [ForkJoinPool-1-worker-49] INFO  com.intuit.karate - [print] testing xlinkurl:
12:56:48.333 [ForkJoinPool-1-worker-17] ERROR com.intuit.karate - java.net.SocketTimeoutException: Read timed out, http call failed after 5325 milliseconds for URL: http://inspire.ec.europa.eu/metadata-codelist/SpatialDataServiceCategory
12:56:48.333 [ForkJoinPool-1-worker-17] ERROR com.intuit.karate - http request failed: 
java.net.SocketTimeoutException: Read timed out
12:56:48.333 [ForkJoinPool-1-worker-17] ERROR com.intuit.karate - feature call (loop) failed at index: 3
caller: classpath:InspireTest/def/checkxlinkurl.template.feature
arg: {"link":"http://inspire.ec.europa.eu/metadata-codelist/SpatialDataServiceCategory"}
checkxlinkurl.template.feature:21 - 
java.net.SocketTimeoutException: Read timed out
12:56:48.334 [ForkJoinPool-1-worker-17] INFO  com.intuit.karate - [print] testing xlinkurl:https://www.nationaalgeoregister.nl/geonetwork/srv/eng/thesaurus.download?ref=external.theme.httpinspireeceuropaeumetadatacodelistSpatialDataServiceCategory-SpatialDataServiceCategory
12:56:48.348 [ForkJoinPool-1-worker-49] ERROR com.intuit.karate - org.apache.http.client.ClientProtocolException, http call failed after 0 milliseconds for URL: 
12:56:48.349 [ForkJoinPool-1-worker-49] ERROR com.intuit.karate - http request failed: 
org.apache.http.client.ClientProtocolException
12:56:48.358 [ForkJoinPool-1-worker-49] ERROR com.intuit.karate - feature call (loop) failed at index: 112
caller: classpath:InspireTest/def/checkxlinkurl.template.feature
arg: {"link":""}
checkxlinkurl.template.feature:21 - 
org.apache.http.client.ClientProtocolException
12:56:48.362 [ForkJoinPool-1-worker-49] INFO  com.intuit.karate - [print] testing xlinkurl:
12:56:48.363 [ForkJoinPool-1-worker-49] ERROR com.intuit.karate - org.apache.http.client.ClientProtocolException, http call failed after 0 milliseconds for URL: 
12:56:48.363 [ForkJoinPool-1-worker-49] ERROR com.intuit.karate - http request failed: 
org.apache.http.client.ClientProtocolException
12:56:48.363 [ForkJoinPool-1-worker-49] ERROR com.intuit.karate - feature call (loop) failed at index: 113
caller: classpath:InspireTest/def/checkxlinkurl.template.feature
arg: {"link":""}
checkxlinkurl.template.feature:21 - 
org.apache.http.client.ClientProtocolException
12:56:48.364 [ForkJoinPool-1-worker-49] INFO  com.intuit.karate - [print] testing xlinkurl:
12:56:48.365 [ForkJoinPool-1-worker-49] ERROR com.intuit.karate - org.apache.http.client.ClientProtocolException, http call failed after 0 milliseconds for URL: 
12:56:48.365 [ForkJoinPool-1-worker-49] ERROR com.intuit.karate - http request failed: 
org.apache.http.client.ClientProtocolException
12:56:48.365 [ForkJoinPool-1-worker-49] ERROR com.intuit.karate - feature call (loop) failed at index: 114
caller: classpath:InspireTest/def/checkxlinkurl.template.feature
arg: {"link":""}
checkxlinkurl.template.feature:21 - 
org.apache.http.client.ClientProtocolException
12:56:48.365 [ForkJoinPool-1-worker-49] INFO  com.intuit.karate - [print] testing xlinkurl:
12:56:48.370 [ForkJoinPool-1-worker-49] ERROR com.intuit.karate - org.apache.http.client.ClientProtocolException, http call failed after 0 milliseconds for URL: 
12:56:48.370 [ForkJoinPool-1-worker-49] ERROR com.intuit.karate - http request failed: 
org.apache.http.client.ClientProtocolException
12:56:48.370 [ForkJoinPool-1-worker-49] ERROR com.intuit.karate - feature call (loop) failed at index: 115
caller: classpath:InspireTest/def/checkxlinkurl.template.feature
arg: {"link":""}
checkxlinkurl.template.feature:21 - 
org.apache.http.client.ClientProtocolException
12:56:48.372 [ForkJoinPool-1-worker-49] INFO  com.intuit.karate - [print] testing xlinkurl:
12:56:48.374 [ForkJoinPool-1-worker-49] ERROR com.intuit.karate - org.apache.http.client.ClientProtocolException, http call failed after 0 milliseconds for URL: 
12:56:48.375 [ForkJoinPool-1-worker-49] ERROR com.intuit.karate - http request failed: 
org.apache.http.client.ClientProtocolException
12:56:48.376 [ForkJoinPool-1-worker-49] ERROR com.intuit.karate - feature call (loop) failed at index: 116
caller: classpath:InspireTest/def/checkxlinkurl.template.feature
arg: {"link":""}
checkxlinkurl.template.feature:21 - 
org.apache.http.client.ClientProtocolException
12:56:48.378 [ForkJoinPool-1-worker-49] INFO  com.intuit.karate - [print] testing xlinkurl:
12:56:48.380 [ForkJoinPool-1-worker-49] ERROR com.intuit.karate - org.apache.http.client.ClientProtocolException, http call failed after 0 milliseconds for URL: 
12:56:48.391 [ForkJoinPool-1-worker-49] ERROR com.intuit.karate - http request failed: 
org.apache.http.client.ClientProtocolException
12:56:48.391 [ForkJoinPool-1-worker-49] ERROR com.intuit.karate - feature call (loop) failed at index: 117
caller: classpath:InspireTest/def/checkxlinkurl.template.feature
arg: {"link":""}
checkxlinkurl.template.feature:21 - 
org.apache.http.client.ClientProtocolException
12:56:48.392 [ForkJoinPool-1-worker-49] INFO  com.intuit.karate - [print] testing xlinkurl:
12:56:48.403 [ForkJoinPool-1-worker-49] ERROR com.intuit.karate - org.apache.http.client.ClientProtocolException, http call failed after 0 milliseconds for URL: 
12:56:48.403 [ForkJoinPool-1-worker-49] ERROR com.intuit.karate - http request failed: 
org.apache.http.client.ClientProtocolException
12:56:48.403 [ForkJoinPool-1-worker-49] ERROR com.intuit.karate - feature call (loop) failed at index: 118
caller: classpath:InspireTest/def/checkxlinkurl.template.feature
arg: {"link":""}
checkxlinkurl.template.feature:21 - 
org.apache.http.client.ClientProtocolException
12:56:48.404 [ForkJoinPool-1-worker-49] INFO  com.intuit.karate - [print] testing xlinkurl:
12:56:48.405 [ForkJoinPool-1-worker-49] ERROR com.intuit.karate - org.apache.http.client.ClientProtocolException, http call failed after 0 milliseconds for URL: 
12:56:48.405 [ForkJoinPool-1-worker-49] ERROR com.intuit.karate - http request failed: 
org.apache.http.client.ClientProtocolException
12:56:48.405 [ForkJoinPool-1-worker-49] ERROR com.intuit.karate - feature call (loop) failed at index: 119
caller: classpath:InspireTest/def/checkxlinkurl.template.feature
arg: {"link":""}
checkxlinkurl.template.feature:21 - 
org.apache.http.client.ClientProtocolException
12:56:48.405 [ForkJoinPool-1-worker-49] INFO  com.intuit.karate - [print] testing xlinkurl:
12:56:48.406 [ForkJoinPool-1-worker-49] ERROR com.intuit.karate - org.apache.http.client.ClientProtocolException, http call failed after 0 milliseconds for URL: 
12:56:48.406 [ForkJoinPool-1-worker-49] ERROR com.intuit.karate - http request failed: 
org.apache.http.client.ClientProtocolException
12:56:48.406 [ForkJoinPool-1-worker-49] ERROR com.intuit.karate - feature call (loop) failed at index: 120
caller: classpath:InspireTest/def/checkxlinkurl.template.feature
arg: {"link":""}
checkxlinkurl.template.feature:21 - 
org.apache.http.client.ClientProtocolException
12:56:48.407 [ForkJoinPool-1-worker-49] INFO  com.intuit.karate - [print] testing xlinkurl:
12:56:48.407 [ForkJoinPool-1-worker-49] ERROR com.intuit.karate - org.apache.http.client.ClientProtocolException, http call failed after 0 milliseconds for URL: 
12:56:48.407 [ForkJoinPool-1-worker-49] ERROR com.intuit.karate - http request failed: 
org.apache.http.client.ClientProtocolException
12:56:48.407 [ForkJoinPool-1-worker-49] ERROR com.intuit.karate - feature call (loop) failed at index: 121
caller: classpath:InspireTest/def/checkxlinkurl.template.feature
arg: {"link":""}
checkxlinkurl.template.feature:21 - 
org.apache.http.client.ClientProtocolException
12:56:48.408 [ForkJoinPool-1-worker-49] INFO  com.intuit.karate - [print] testing xlinkurl:
12:56:48.410 [ForkJoinPool-1-worker-49] ERROR com.intuit.karate - org.apache.http.client.ClientProtocolException, http call failed after 0 milliseconds for URL: 
12:56:48.410 [ForkJoinPool-1-worker-49] ERROR com.intuit.karate - http request failed: 
org.apache.http.client.ClientProtocolException
12:56:48.411 [ForkJoinPool-1-worker-49] ERROR com.intuit.karate - feature call (loop) failed at index: 122
caller: classpath:InspireTest/def/checkxlinkurl.template.feature
arg: {"link":""}
checkxlinkurl.template.feature:21 - 
org.apache.http.client.ClientProtocolException
12:56:48.412 [ForkJoinPool-1-worker-49] INFO  com.intuit.karate - [print] testing xlinkurl:
12:56:48.412 [ForkJoinPool-1-worker-49] ERROR com.intuit.karate - org.apache.http.client.ClientProtocolException, http call failed after 0 milliseconds for URL: 
12:56:48.412 [ForkJoinPool-1-worker-49] ERROR com.intuit.karate - http request failed: 
org.apache.http.client.ClientProtocolException
12:56:48.413 [ForkJoinPool-1-worker-49] ERROR com.intuit.karate - feature call (loop) failed at index: 123
caller: classpath:InspireTest/def/checkxlinkurl.template.feature
arg: {"link":""}
checkxlinkurl.template.feature:21 - 
org.apache.http.client.ClientProtocolException
12:56:48.413 [ForkJoinPool-1-worker-49] INFO  com.intuit.karate - [print] testing xlinkurl:
12:56:48.414 [ForkJoinPool-1-worker-49] ERROR com.intuit.karate - org.apache.http.client.ClientProtocolException, http call failed after 0 milliseconds for URL: 
12:56:48.414 [ForkJoinPool-1-worker-49] ERROR com.intuit.karate - http request failed: 
org.apache.http.client.ClientProtocolException
12:56:48.414 [ForkJoinPool-1-worker-49] ERROR com.intuit.karate - feature call (loop) failed at index: 124
caller: classpath:InspireTest/def/checkxlinkurl.template.feature
arg: {"link":""}
checkxlinkurl.template.feature:21 - 
org.apache.http.client.ClientProtocolException
12:56:48.414 [ForkJoinPool-1-worker-49] INFO  com.intuit.karate - [print] testing xlinkurl:
12:56:48.415 [ForkJoinPool-1-worker-49] ERROR com.intuit.karate - org.apache.http.client.ClientProtocolException, http call failed after 0 milliseconds for URL: 
12:56:48.415 [ForkJoinPool-1-worker-49] ERROR com.intuit.karate - http request failed: 
org.apache.http.client.ClientProtocolException
12:56:48.415 [ForkJoinPool-1-worker-49] ERROR com.intuit.karate - feature call (loop) failed at index: 125
caller: classpath:InspireTest/def/checkxlinkurl.template.feature
arg: {"link":""}
checkxlinkurl.template.feature:21 - 
org.apache.http.client.ClientProtocolException
12:56:48.416 [ForkJoinPool-1-worker-49] INFO  com.intuit.karate - [print] testing xlinkurl:
12:56:48.416 [ForkJoinPool-1-worker-49] ERROR com.intuit.karate - org.apache.http.client.ClientProtocolException, http call failed after 0 milliseconds for URL: 
12:56:48.416 [ForkJoinPool-1-worker-49] ERROR com.intuit.karate - http request failed: 
org.apache.http.client.ClientProtocolException
12:56:48.416 [ForkJoinPool-1-worker-49] ERROR com.intuit.karate - feature call (loop) failed at index: 126
caller: classpath:InspireTest/def/checkxlinkurl.template.feature
arg: {"link":""}
checkxlinkurl.template.feature:21 - 
org.apache.http.client.ClientProtocolException
12:56:48.417 [ForkJoinPool-1-worker-49] INFO  com.intuit.karate - [print] testing xlinkurl:
12:56:48.418 [ForkJoinPool-1-worker-49] ERROR com.intuit.karate - org.apache.http.client.ClientProtocolException, http call failed after 0 milliseconds for URL: 
12:56:48.418 [ForkJoinPool-1-worker-49] ERROR com.intuit.karate - http request failed: 
org.apache.http.client.ClientProtocolException
12:56:48.418 [ForkJoinPool-1-worker-49] ERROR com.intuit.karate - feature call (loop) failed at index: 127
caller: classpath:InspireTest/def/checkxlinkurl.template.feature
arg: {"link":""}
checkxlinkurl.template.feature:21 - 
org.apache.http.client.ClientProtocolException
12:56:48.418 [ForkJoinPool-1-worker-49] INFO  com.intuit.karate - [print] testing xlinkurl:
12:56:48.422 [ForkJoinPool-1-worker-49] ERROR com.intuit.karate - org.apache.http.client.ClientProtocolException, http call failed after 0 milliseconds for URL: 
12:56:48.422 [ForkJoinPool-1-worker-49] ERROR com.intuit.karate - http request failed: 
org.apache.http.client.ClientProtocolException
12:56:48.422 [ForkJoinPool-1-worker-49] ERROR com.intuit.karate - feature call (loop) failed at index: 128
caller: classpath:InspireTest/def/checkxlinkurl.template.feature
arg: {"link":""}
checkxlinkurl.template.feature:21 - 
org.apache.http.client.ClientProtocolException
12:56:48.423 [ForkJoinPool-1-worker-49] INFO  com.intuit.karate - [print] testing xlinkurl:
12:56:48.425 [ForkJoinPool-1-worker-49] ERROR com.intuit.karate - org.apache.http.client.ClientProtocolException, http call failed after 0 milliseconds for URL: 
12:56:48.425 [ForkJoinPool-1-worker-49] ERROR com.intuit.karate - http request failed: 
org.apache.http.client.ClientProtocolException
12:56:48.426 [ForkJoinPool-1-worker-49] ERROR com.intuit.karate - feature call (loop) failed at index: 129
caller: classpath:InspireTest/def/checkxlinkurl.template.feature
arg: {"link":""}
checkxlinkurl.template.feature:21 - 
org.apache.http.client.ClientProtocolException
12:56:48.427 [ForkJoinPool-1-worker-49] INFO  com.intuit.karate - [print] testing xlinkurl:
12:56:48.427 [ForkJoinPool-1-worker-49] ERROR com.intuit.karate - org.apache.http.client.ClientProtocolException, http call failed after 0 milliseconds for URL: 
12:56:48.427 [ForkJoinPool-1-worker-49] ERROR com.intuit.karate - http request failed: 
org.apache.http.client.ClientProtocolException
12:56:48.427 [ForkJoinPool-1-worker-49] ERROR com.intuit.karate - feature call (loop) failed at index: 130
caller: classpath:InspireTest/def/checkxlinkurl.template.feature
arg: {"link":""}
checkxlinkurl.template.feature:21 - 
org.apache.http.client.ClientProtocolException
12:56:48.428 [ForkJoinPool-1-worker-49] INFO  com.intuit.karate - [print] testing xlinkurl:
12:56:48.429 [ForkJoinPool-1-worker-49] ERROR com.intuit.karate - org.apache.http.client.ClientProtocolException, http call failed after 0 milliseconds for URL: 
12:56:48.429 [ForkJoinPool-1-worker-49] ERROR com.intuit.karate - http request failed: 
org.apache.http.client.ClientProtocolException
12:56:48.429 [ForkJoinPool-1-worker-49] ERROR com.intuit.karate - feature call (loop) failed at index: 131
caller: classpath:InspireTest/def/checkxlinkurl.template.feature
arg: {"link":""}
checkxlinkurl.template.feature:21 - 
org.apache.http.client.ClientProtocolException
12:56:48.429 [ForkJoinPool-1-worker-49] INFO  com.intuit.karate - [print] testing xlinkurl:
12:56:48.430 [ForkJoinPool-1-worker-49] ERROR com.intuit.karate - org.apache.http.client.ClientProtocolException, http call failed after 0 milliseconds for URL: 
12:56:48.430 [ForkJoinPool-1-worker-49] ERROR com.intuit.karate - http request failed: 
org.apache.http.client.ClientProtocolException
12:56:48.430 [ForkJoinPool-1-worker-49] ERROR com.intuit.karate - feature call (loop) failed at index: 132
caller: classpath:InspireTest/def/checkxlinkurl.template.feature
arg: {"link":""}
checkxlinkurl.template.feature:21 - 
org.apache.http.client.ClientProtocolException
12:56:48.431 [ForkJoinPool-1-worker-49] INFO  com.intuit.karate - [print] testing xlinkurl:
12:56:48.431 [ForkJoinPool-1-worker-49] ERROR com.intuit.karate - org.apache.http.client.ClientProtocolException, http call failed after 0 milliseconds for URL: 
12:56:48.431 [ForkJoinPool-1-worker-49] ERROR com.intuit.karate - http request failed: 
org.apache.http.client.ClientProtocolException
12:56:48.431 [ForkJoinPool-1-worker-49] ERROR com.intuit.karate - feature call (loop) failed at index: 133
caller: classpath:InspireTest/def/checkxlinkurl.template.feature
arg: {"link":""}
checkxlinkurl.template.feature:21 - 
org.apache.http.client.ClientProtocolException
12:56:48.432 [ForkJoinPool-1-worker-49] INFO  com.intuit.karate - [print] testing xlinkurl:
12:56:48.433 [ForkJoinPool-1-worker-49] ERROR com.intuit.karate - org.apache.http.client.ClientProtocolException, http call failed after 0 milliseconds for URL: 
12:56:48.433 [ForkJoinPool-1-worker-49] ERROR com.intuit.karate - http request failed: 
org.apache.http.client.ClientProtocolException
12:56:48.433 [ForkJoinPool-1-worker-49] ERROR com.intuit.karate - feature call (loop) failed at index: 134
caller: classpath:InspireTest/def/checkxlinkurl.template.feature
arg: {"link":""}
checkxlinkurl.template.feature:21 - 
org.apache.http.client.ClientProtocolException
12:56:48.433 [ForkJoinPool-1-worker-49] INFO  com.intuit.karate - [print] testing xlinkurl:
12:56:48.434 [ForkJoinPool-1-worker-49] ERROR com.intuit.karate - org.apache.http.client.ClientProtocolException, http call failed after 0 milliseconds for URL: 
12:56:48.436 [ForkJoinPool-1-worker-49] ERROR com.intuit.karate - http request failed: 
org.apache.http.client.ClientProtocolException
12:56:48.436 [ForkJoinPool-1-worker-49] ERROR com.intuit.karate - feature call (loop) failed at index: 135
caller: classpath:InspireTest/def/checkxlinkurl.template.feature
arg: {"link":""}
checkxlinkurl.template.feature:21 - 
org.apache.http.client.ClientProtocolException
12:56:48.437 [ForkJoinPool-1-worker-49] INFO  com.intuit.karate - [print] testing xlinkurl:
12:56:48.437 [ForkJoinPool-1-worker-49] ERROR com.intuit.karate - org.apache.http.client.ClientProtocolException, http call failed after 0 milliseconds for URL: 
12:56:48.438 [ForkJoinPool-1-worker-49] ERROR com.intuit.karate - http request failed: 
org.apache.http.client.ClientProtocolException
12:56:48.438 [ForkJoinPool-1-worker-49] ERROR com.intuit.karate - feature call (loop) failed at index: 136
caller: classpath:InspireTest/def/checkxlinkurl.template.feature
arg: {"link":""}
checkxlinkurl.template.feature:21 - 
org.apache.http.client.ClientProtocolException
12:56:48.438 [ForkJoinPool-1-worker-49] INFO  com.intuit.karate - [print] testing xlinkurl:
12:56:48.440 [ForkJoinPool-1-worker-49] ERROR com.intuit.karate - org.apache.http.client.ClientProtocolException, http call failed after 0 milliseconds for URL: 
12:56:48.440 [ForkJoinPool-1-worker-49] ERROR com.intuit.karate - http request failed: 
org.apache.http.client.ClientProtocolException
12:56:48.440 [ForkJoinPool-1-worker-49] ERROR com.intuit.karate - feature call (loop) failed at index: 137
caller: classpath:InspireTest/def/checkxlinkurl.template.feature
arg: {"link":""}
checkxlinkurl.template.feature:21 - 
org.apache.http.client.ClientProtocolException
12:56:48.441 [ForkJoinPool-1-worker-49] INFO  com.intuit.karate - [print] testing xlinkurl:
12:56:48.448 [ForkJoinPool-1-worker-49] ERROR com.intuit.karate - org.apache.http.client.ClientProtocolException, http call failed after 0 milliseconds for URL: 
12:56:48.448 [ForkJoinPool-1-worker-49] ERROR com.intuit.karate - http request failed: 
org.apache.http.client.ClientProtocolException
12:56:48.448 [ForkJoinPool-1-worker-49] ERROR com.intuit.karate - feature call (loop) failed at index: 138
caller: classpath:InspireTest/def/checkxlinkurl.template.feature
arg: {"link":""}
checkxlinkurl.template.feature:21 - 
org.apache.http.client.ClientProtocolException
12:56:48.449 [ForkJoinPool-1-worker-49] INFO  com.intuit.karate - [print] testing xlinkurl:
12:56:48.449 [ForkJoinPool-1-worker-49] ERROR com.intuit.karate - org.apache.http.client.ClientProtocolException, http call failed after 0 milliseconds for URL: 
12:56:48.449 [ForkJoinPool-1-worker-49] ERROR com.intuit.karate - http request failed: 
org.apache.http.client.ClientProtocolException
12:56:48.449 [ForkJoinPool-1-worker-49] ERROR com.intuit.karate - feature call (loop) failed at index: 139
caller: classpath:InspireTest/def/checkxlinkurl.template.feature
arg: {"link":""}
checkxlinkurl.template.feature:21 - 
org.apache.http.client.ClientProtocolException
12:56:48.450 [ForkJoinPool-1-worker-49] INFO  com.intuit.karate - [print] testing xlinkurl:
12:56:48.450 [ForkJoinPool-1-worker-49] ERROR com.intuit.karate - org.apache.http.client.ClientProtocolException, http call failed after 0 milliseconds for URL: 
12:56:48.450 [ForkJoinPool-1-worker-49] ERROR com.intuit.karate - http request failed: 
org.apache.http.client.ClientProtocolException
12:56:48.451 [ForkJoinPool-1-worker-49] ERROR com.intuit.karate - feature call (loop) failed at index: 140
caller: classpath:InspireTest/def/checkxlinkurl.template.feature
arg: {"link":""}
checkxlinkurl.template.feature:21 - 
org.apache.http.client.ClientProtocolException
12:56:48.451 [ForkJoinPool-1-worker-49] INFO  com.intuit.karate - [print] testing xlinkurl:
12:56:48.452 [ForkJoinPool-1-worker-49] ERROR com.intuit.karate - org.apache.http.client.ClientProtocolException, http call failed after 0 milliseconds for URL: 
12:56:48.452 [ForkJoinPool-1-worker-49] ERROR com.intuit.karate - http request failed: 
org.apache.http.client.ClientProtocolException
12:56:48.452 [ForkJoinPool-1-worker-49] ERROR com.intuit.karate - feature call (loop) failed at index: 141
caller: classpath:InspireTest/def/checkxlinkurl.template.feature
arg: {"link":""}
checkxlinkurl.template.feature:21 - 
org.apache.http.client.ClientProtocolException
12:56:48.453 [ForkJoinPool-1-worker-49] INFO  com.intuit.karate - [print] testing xlinkurl:
12:56:48.453 [ForkJoinPool-1-worker-49] ERROR com.intuit.karate - org.apache.http.client.ClientProtocolException, http call failed after 0 milliseconds for URL: 
12:56:48.458 [ForkJoinPool-1-worker-49] ERROR com.intuit.karate - http request failed: 
org.apache.http.client.ClientProtocolException
12:56:48.458 [ForkJoinPool-1-worker-49] ERROR com.intuit.karate - feature call (loop) failed at index: 142
caller: classpath:InspireTest/def/checkxlinkurl.template.feature
arg: {"link":""}
checkxlinkurl.template.feature:21 - 
org.apache.http.client.ClientProtocolException
12:56:48.459 [ForkJoinPool-1-worker-49] INFO  com.intuit.karate - [print] testing xlinkurl:
12:56:48.460 [ForkJoinPool-1-worker-49] ERROR com.intuit.karate - org.apache.http.client.ClientProtocolException, http call failed after 0 milliseconds for URL: 
12:56:48.460 [ForkJoinPool-1-worker-49] ERROR com.intuit.karate - http request failed: 
org.apache.http.client.ClientProtocolException
12:56:48.460 [ForkJoinPool-1-worker-49] ERROR com.intuit.karate - feature call (loop) failed at index: 143
caller: classpath:InspireTest/def/checkxlinkurl.template.feature
arg: {"link":""}
checkxlinkurl.template.feature:21 - 
org.apache.http.client.ClientProtocolException
12:56:48.460 [ForkJoinPool-1-worker-49] INFO  com.intuit.karate - [print] testing xlinkurl:
12:56:48.461 [ForkJoinPool-1-worker-49] ERROR com.intuit.karate - org.apache.http.client.ClientProtocolException, http call failed after 0 milliseconds for URL: 
12:56:48.461 [ForkJoinPool-1-worker-49] ERROR com.intuit.karate - http request failed: 
org.apache.http.client.ClientProtocolException
12:56:48.461 [ForkJoinPool-1-worker-49] ERROR com.intuit.karate - feature call (loop) failed at index: 144
caller: classpath:InspireTest/def/checkxlinkurl.template.feature
arg: {"link":""}
checkxlinkurl.template.feature:21 - 
org.apache.http.client.ClientProtocolException
12:56:48.462 [ForkJoinPool-1-worker-49] INFO  com.intuit.karate - [print] testing xlinkurl:
12:56:48.462 [ForkJoinPool-1-worker-49] ERROR com.intuit.karate - org.apache.http.client.ClientProtocolException, http call failed after 0 milliseconds for URL: 
12:56:48.462 [ForkJoinPool-1-worker-49] ERROR com.intuit.karate - http request failed: 
org.apache.http.client.ClientProtocolException
12:56:48.462 [ForkJoinPool-1-worker-49] ERROR com.intuit.karate - feature call (loop) failed at index: 145
caller: classpath:InspireTest/def/checkxlinkurl.template.feature
arg: {"link":""}
checkxlinkurl.template.feature:21 - 
org.apache.http.client.ClientProtocolException
12:56:48.463 [ForkJoinPool-1-worker-49] INFO  com.intuit.karate - [print] testing xlinkurl:
12:56:48.464 [ForkJoinPool-1-worker-49] ERROR com.intuit.karate - org.apache.http.client.ClientProtocolException, http call failed after 0 milliseconds for URL: 
12:56:48.464 [ForkJoinPool-1-worker-49] ERROR com.intuit.karate - http request failed: 
org.apache.http.client.ClientProtocolException
12:56:48.464 [ForkJoinPool-1-worker-49] ERROR com.intuit.karate - feature call (loop) failed at index: 146
caller: classpath:InspireTest/def/checkxlinkurl.template.feature
arg: {"link":""}
checkxlinkurl.template.feature:21 - 
org.apache.http.client.ClientProtocolException
12:56:48.464 [ForkJoinPool-1-worker-49] INFO  com.intuit.karate - [print] testing xlinkurl:
12:56:48.465 [ForkJoinPool-1-worker-49] ERROR com.intuit.karate - org.apache.http.client.ClientProtocolException, http call failed after 0 milliseconds for URL: 
12:56:48.465 [ForkJoinPool-1-worker-49] ERROR com.intuit.karate - http request failed: 
org.apache.http.client.ClientProtocolException
12:56:48.465 [ForkJoinPool-1-worker-49] ERROR com.intuit.karate - feature call (loop) failed at index: 147
caller: classpath:InspireTest/def/checkxlinkurl.template.feature
arg: {"link":""}
checkxlinkurl.template.feature:21 - 
org.apache.http.client.ClientProtocolException
12:56:48.466 [ForkJoinPool-1-worker-49] INFO  com.intuit.karate - [print] testing xlinkurl:
12:56:48.466 [ForkJoinPool-1-worker-49] ERROR com.intuit.karate - org.apache.http.client.ClientProtocolException, http call failed after 0 milliseconds for URL: 
12:56:48.466 [ForkJoinPool-1-worker-49] ERROR com.intuit.karate - http request failed: 
org.apache.http.client.ClientProtocolException
12:56:48.466 [ForkJoinPool-1-worker-49] ERROR com.intuit.karate - feature call (loop) failed at index: 148
caller: classpath:InspireTest/def/checkxlinkurl.template.feature
arg: {"link":""}
checkxlinkurl.template.feature:21 - 
org.apache.http.client.ClientProtocolException
12:56:48.467 [ForkJoinPool-1-worker-49] INFO  com.intuit.karate - [print] testing xlinkurl:
12:56:48.469 [ForkJoinPool-1-worker-49] ERROR com.intuit.karate - org.apache.http.client.ClientProtocolException, http call failed after 0 milliseconds for URL: 
12:56:48.469 [ForkJoinPool-1-worker-49] ERROR com.intuit.karate - http request failed: 
org.apache.http.client.ClientProtocolException
12:56:48.469 [ForkJoinPool-1-worker-49] ERROR com.intuit.karate - feature call (loop) failed at index: 149
caller: classpath:InspireTest/def/checkxlinkurl.template.feature
arg: {"link":""}
checkxlinkurl.template.feature:21 - 
org.apache.http.client.ClientProtocolException
12:56:48.469 [ForkJoinPool-1-worker-49] INFO  com.intuit.karate - [print] testing xlinkurl:
12:56:48.470 [ForkJoinPool-1-worker-49] ERROR com.intuit.karate - org.apache.http.client.ClientProtocolException, http call failed after 0 milliseconds for URL: 
12:56:48.470 [ForkJoinPool-1-worker-49] ERROR com.intuit.karate - http request failed: 
org.apache.http.client.ClientProtocolException
12:56:48.470 [ForkJoinPool-1-worker-49] ERROR com.intuit.karate - feature call (loop) failed at index: 150
caller: classpath:InspireTest/def/checkxlinkurl.template.feature
arg: {"link":""}
checkxlinkurl.template.feature:21 - 
org.apache.http.client.ClientProtocolException
12:56:48.472 [ForkJoinPool-1-worker-49] INFO  com.intuit.karate - [print] testing xlinkurl:
12:56:48.473 [ForkJoinPool-1-worker-49] ERROR com.intuit.karate - org.apache.http.client.ClientProtocolException, http call failed after 0 milliseconds for URL: 
12:56:48.473 [ForkJoinPool-1-worker-49] ERROR com.intuit.karate - http request failed: 
org.apache.http.client.ClientProtocolException
12:56:48.474 [ForkJoinPool-1-worker-49] ERROR com.intuit.karate - feature call (loop) failed at index: 151
caller: classpath:InspireTest/def/checkxlinkurl.template.feature
arg: {"link":""}
checkxlinkurl.template.feature:21 - 
org.apache.http.client.ClientProtocolException
12:56:48.474 [ForkJoinPool-1-worker-49] INFO  com.intuit.karate - [print] testing xlinkurl:
12:56:48.475 [ForkJoinPool-1-worker-49] ERROR com.intuit.karate - org.apache.http.client.ClientProtocolException, http call failed after 0 milliseconds for URL: 
12:56:48.475 [ForkJoinPool-1-worker-49] ERROR com.intuit.karate - http request failed: 
org.apache.http.client.ClientProtocolException
12:56:48.475 [ForkJoinPool-1-worker-49] ERROR com.intuit.karate - feature call (loop) failed at index: 152
caller: classpath:InspireTest/def/checkxlinkurl.template.feature
arg: {"link":""}
checkxlinkurl.template.feature:21 - 
org.apache.http.client.ClientProtocolException
12:56:48.477 [ForkJoinPool-1-worker-49] INFO  com.intuit.karate - [print] testing xlinkurl:
12:56:48.478 [ForkJoinPool-1-worker-49] ERROR com.intuit.karate - org.apache.http.client.ClientProtocolException, http call failed after 0 milliseconds for URL: 
12:56:48.478 [ForkJoinPool-1-worker-49] ERROR com.intuit.karate - http request failed: 
org.apache.http.client.ClientProtocolException
12:56:48.478 [ForkJoinPool-1-worker-49] ERROR com.intuit.karate - feature call (loop) failed at index: 153
caller: classpath:InspireTest/def/checkxlinkurl.template.feature
arg: {"link":""}
checkxlinkurl.template.feature:21 - 
org.apache.http.client.ClientProtocolException
12:56:48.479 [ForkJoinPool-1-worker-49] INFO  com.intuit.karate - [print] testing xlinkurl:
12:56:48.479 [ForkJoinPool-1-worker-49] ERROR com.intuit.karate - org.apache.http.client.ClientProtocolException, http call failed after 0 milliseconds for URL: 
12:56:48.479 [ForkJoinPool-1-worker-49] ERROR com.intuit.karate - http request failed: 
org.apache.http.client.ClientProtocolException
12:56:48.479 [ForkJoinPool-1-worker-49] ERROR com.intuit.karate - feature call (loop) failed at index: 154
caller: classpath:InspireTest/def/checkxlinkurl.template.feature
arg: {"link":""}
checkxlinkurl.template.feature:21 - 
org.apache.http.client.ClientProtocolException
12:56:48.480 [ForkJoinPool-1-worker-49] INFO  com.intuit.karate - [print] testing xlinkurl:
12:56:48.481 [ForkJoinPool-1-worker-49] ERROR com.intuit.karate - org.apache.http.client.ClientProtocolException, http call failed after 0 milliseconds for URL: 
12:56:48.481 [ForkJoinPool-1-worker-49] ERROR com.intuit.karate - http request failed: 
org.apache.http.client.ClientProtocolException
12:56:48.481 [ForkJoinPool-1-worker-49] ERROR com.intuit.karate - feature call (loop) failed at index: 155
caller: classpath:InspireTest/def/checkxlinkurl.template.feature
arg: {"link":""}
checkxlinkurl.template.feature:21 - 
org.apache.http.client.ClientProtocolException
12:56:48.481 [ForkJoinPool-1-worker-49] INFO  com.intuit.karate - [print] testing xlinkurl:
12:56:48.482 [ForkJoinPool-1-worker-49] ERROR com.intuit.karate - org.apache.http.client.ClientProtocolException, http call failed after 0 milliseconds for URL: 
12:56:48.482 [ForkJoinPool-1-worker-49] ERROR com.intuit.karate - http request failed: 
org.apache.http.client.ClientProtocolException
12:56:48.482 [ForkJoinPool-1-worker-49] ERROR com.intuit.karate - feature call (loop) failed at index: 156
caller: classpath:InspireTest/def/checkxlinkurl.template.feature
arg: {"link":""}
checkxlinkurl.template.feature:21 - 
org.apache.http.client.ClientProtocolException
12:56:48.483 [ForkJoinPool-1-worker-49] INFO  com.intuit.karate - [print] testing xlinkurl:
12:56:48.484 [ForkJoinPool-1-worker-49] ERROR com.intuit.karate - org.apache.http.client.ClientProtocolException, http call failed after 0 milliseconds for URL: 
12:56:48.484 [ForkJoinPool-1-worker-49] ERROR com.intuit.karate - http request failed: 
org.apache.http.client.ClientProtocolException
12:56:48.484 [ForkJoinPool-1-worker-49] ERROR com.intuit.karate - feature call (loop) failed at index: 157
caller: classpath:InspireTest/def/checkxlinkurl.template.feature
arg: {"link":""}
checkxlinkurl.template.feature:21 - 
org.apache.http.client.ClientProtocolException
12:56:48.484 [ForkJoinPool-1-worker-49] INFO  com.intuit.karate - [print] testing xlinkurl:
12:56:48.485 [ForkJoinPool-1-worker-49] ERROR com.intuit.karate - org.apache.http.client.ClientProtocolException, http call failed after 0 milliseconds for URL: 
12:56:48.485 [ForkJoinPool-1-worker-49] ERROR com.intuit.karate - http request failed: 
org.apache.http.client.ClientProtocolException
12:56:48.485 [ForkJoinPool-1-worker-49] ERROR com.intuit.karate - feature call (loop) failed at index: 158
caller: classpath:InspireTest/def/checkxlinkurl.template.feature
arg: {"link":""}
checkxlinkurl.template.feature:21 - 
org.apache.http.client.ClientProtocolException
12:56:48.486 [ForkJoinPool-1-worker-49] INFO  com.intuit.karate - [print] testing xlinkurl:
12:56:48.486 [ForkJoinPool-1-worker-49] ERROR com.intuit.karate - org.apache.http.client.ClientProtocolException, http call failed after 0 milliseconds for URL: 
12:56:48.486 [ForkJoinPool-1-worker-49] ERROR com.intuit.karate - http request failed: 
org.apache.http.client.ClientProtocolException
12:56:48.486 [ForkJoinPool-1-worker-49] ERROR com.intuit.karate - feature call (loop) failed at index: 159
caller: classpath:InspireTest/def/checkxlinkurl.template.feature
arg: {"link":""}
checkxlinkurl.template.feature:21 - 
org.apache.http.client.ClientProtocolException
12:56:48.487 [ForkJoinPool-1-worker-49] INFO  com.intuit.karate - [print] testing xlinkurl:http://nationaalgeoregister.nl/geonetwork/srv/dut/csw?service=CSW&version=2.0.2&request=GetRecordById&outputschema=http://www.isotc211.org/2005/gmd&elementsetname=full&id=977e0e94-7aa9-4784-b2da-eaec44adb61b#MD_DataIdentification
12:56:48.569 [ForkJoinPool-1-worker-47] INFO  com.intuit.karate - [print] testing xlinkurl:http://nationaalgeoregister.nl/geonetwork/srv/dut/csw?service=CSW&version=2.0.2&request=GetRecordById&outputschema=http://www.isotc211.org/2005/gmd&elementsetname=full&id=119f7512-a71e-4d1a-82e7-7a2b63f9338b#MD_DataIdentification
12:56:48.605 [ForkJoinPool-1-worker-17] INFO  com.intuit.karate - [print] testing xlinkurl:
12:56:48.605 [ForkJoinPool-1-worker-17] ERROR com.intuit.karate - org.apache.http.client.ClientProtocolException, http call failed after 0 milliseconds for URL: 
12:56:48.605 [ForkJoinPool-1-worker-17] ERROR com.intuit.karate - http request failed: 
org.apache.http.client.ClientProtocolException
12:56:48.606 [ForkJoinPool-1-worker-17] ERROR com.intuit.karate - feature call (loop) failed at index: 5
caller: classpath:InspireTest/def/checkxlinkurl.template.feature
arg: {"link":""}
checkxlinkurl.template.feature:21 - 
org.apache.http.client.ClientProtocolException
12:56:48.606 [ForkJoinPool-1-worker-17] INFO  com.intuit.karate - [print] testing xlinkurl:
12:56:48.608 [ForkJoinPool-1-worker-17] ERROR com.intuit.karate - org.apache.http.client.ClientProtocolException, http call failed after 0 milliseconds for URL: 
12:56:48.608 [ForkJoinPool-1-worker-17] ERROR com.intuit.karate - http request failed: 
org.apache.http.client.ClientProtocolException
12:56:48.608 [ForkJoinPool-1-worker-17] ERROR com.intuit.karate - feature call (loop) failed at index: 6
caller: classpath:InspireTest/def/checkxlinkurl.template.feature
arg: {"link":""}
checkxlinkurl.template.feature:21 - 
org.apache.http.client.ClientProtocolException
12:56:48.609 [ForkJoinPool-1-worker-17] INFO  com.intuit.karate - [print] testing xlinkurl:
12:56:48.611 [ForkJoinPool-1-worker-17] ERROR com.intuit.karate - org.apache.http.client.ClientProtocolException, http call failed after 0 milliseconds for URL: 
12:56:48.612 [ForkJoinPool-1-worker-17] ERROR com.intuit.karate - http request failed: 
org.apache.http.client.ClientProtocolException
12:56:48.612 [ForkJoinPool-1-worker-17] ERROR com.intuit.karate - feature call (loop) failed at index: 7
caller: classpath:InspireTest/def/checkxlinkurl.template.feature
arg: {"link":""}
checkxlinkurl.template.feature:21 - 
org.apache.http.client.ClientProtocolException
12:56:48.613 [ForkJoinPool-1-worker-17] INFO  com.intuit.karate - [print] testing xlinkurl:
12:56:48.620 [ForkJoinPool-1-worker-17] ERROR com.intuit.karate - org.apache.http.client.ClientProtocolException, http call failed after 0 milliseconds for URL: 
12:56:48.620 [ForkJoinPool-1-worker-17] ERROR com.intuit.karate - http request failed: 
org.apache.http.client.ClientProtocolException
12:56:48.620 [ForkJoinPool-1-worker-17] ERROR com.intuit.karate - feature call (loop) failed at index: 8
caller: classpath:InspireTest/def/checkxlinkurl.template.feature
arg: {"link":""}
checkxlinkurl.template.feature:21 - 
org.apache.http.client.ClientProtocolException
12:56:48.621 [ForkJoinPool-1-worker-17] INFO  com.intuit.karate - [print] testing xlinkurl:
12:56:48.622 [ForkJoinPool-1-worker-17] ERROR com.intuit.karate - org.apache.http.client.ClientProtocolException, http call failed after 0 milliseconds for URL: 
12:56:48.623 [ForkJoinPool-1-worker-17] ERROR com.intuit.karate - http request failed: 
org.apache.http.client.ClientProtocolException
12:56:48.623 [ForkJoinPool-1-worker-17] ERROR com.intuit.karate - feature call (loop) failed at index: 9
caller: classpath:InspireTest/def/checkxlinkurl.template.feature
arg: {"link":""}
checkxlinkurl.template.feature:21 - 
org.apache.http.client.ClientProtocolException
12:56:48.624 [ForkJoinPool-1-worker-17] INFO  com.intuit.karate - [print] testing xlinkurl:
12:56:48.625 [ForkJoinPool-1-worker-17] ERROR com.intuit.karate - org.apache.http.client.ClientProtocolException, http call failed after 0 milliseconds for URL: 
12:56:48.626 [ForkJoinPool-1-worker-17] ERROR com.intuit.karate - http request failed: 
org.apache.http.client.ClientProtocolException
12:56:48.626 [ForkJoinPool-1-worker-17] ERROR com.intuit.karate - feature call (loop) failed at index: 10
caller: classpath:InspireTest/def/checkxlinkurl.template.feature
arg: {"link":""}
checkxlinkurl.template.feature:21 - 
org.apache.http.client.ClientProtocolException
12:56:48.626 [ForkJoinPool-1-worker-17] INFO  com.intuit.karate - [print] testing xlinkurl:
12:56:48.628 [ForkJoinPool-1-worker-17] ERROR com.intuit.karate - org.apache.http.client.ClientProtocolException, http call failed after 0 milliseconds for URL: 
12:56:48.632 [ForkJoinPool-1-worker-17] ERROR com.intuit.karate - http request failed: 
org.apache.http.client.ClientProtocolException
12:56:48.633 [ForkJoinPool-1-worker-17] ERROR com.intuit.karate - feature call (loop) failed at index: 11
caller: classpath:InspireTest/def/checkxlinkurl.template.feature
arg: {"link":""}
checkxlinkurl.template.feature:21 - 
org.apache.http.client.ClientProtocolException
12:56:48.633 [ForkJoinPool-1-worker-17] INFO  com.intuit.karate - [print] testing xlinkurl:
12:56:48.635 [ForkJoinPool-1-worker-17] ERROR com.intuit.karate - org.apache.http.client.ClientProtocolException, http call failed after 0 milliseconds for URL: 
12:56:48.635 [ForkJoinPool-1-worker-17] ERROR com.intuit.karate - http request failed: 
org.apache.http.client.ClientProtocolException
12:56:48.636 [ForkJoinPool-1-worker-17] ERROR com.intuit.karate - feature call (loop) failed at index: 12
caller: classpath:InspireTest/def/checkxlinkurl.template.feature
arg: {"link":""}
checkxlinkurl.template.feature:21 - 
org.apache.http.client.ClientProtocolException
12:56:48.637 [ForkJoinPool-1-worker-17] INFO  com.intuit.karate - [print] testing xlinkurl:
12:56:48.637 [ForkJoinPool-1-worker-17] ERROR com.intuit.karate - org.apache.http.client.ClientProtocolException, http call failed after 0 milliseconds for URL: 
12:56:48.638 [ForkJoinPool-1-worker-17] ERROR com.intuit.karate - http request failed: 
org.apache.http.client.ClientProtocolException
12:56:48.638 [ForkJoinPool-1-worker-17] ERROR com.intuit.karate - feature call (loop) failed at index: 13
caller: classpath:InspireTest/def/checkxlinkurl.template.feature
arg: {"link":""}
checkxlinkurl.template.feature:21 - 
org.apache.http.client.ClientProtocolException
12:56:48.639 [ForkJoinPool-1-worker-17] INFO  com.intuit.karate - [print] testing xlinkurl:
12:56:48.640 [ForkJoinPool-1-worker-17] ERROR com.intuit.karate - org.apache.http.client.ClientProtocolException, http call failed after 0 milliseconds for URL: 
12:56:48.643 [ForkJoinPool-1-worker-17] ERROR com.intuit.karate - http request failed: 
org.apache.http.client.ClientProtocolException
12:56:48.644 [ForkJoinPool-1-worker-17] ERROR com.intuit.karate - feature call (loop) failed at index: 14
caller: classpath:InspireTest/def/checkxlinkurl.template.feature
arg: {"link":""}
checkxlinkurl.template.feature:21 - 
org.apache.http.client.ClientProtocolException
12:56:48.646 [ForkJoinPool-1-worker-17] INFO  com.intuit.karate - [print] testing xlinkurl:
12:56:48.647 [ForkJoinPool-1-worker-17] ERROR com.intuit.karate - org.apache.http.client.ClientProtocolException, http call failed after 0 milliseconds for URL: 
12:56:48.649 [ForkJoinPool-1-worker-17] ERROR com.intuit.karate - http request failed: 
org.apache.http.client.ClientProtocolException
12:56:48.649 [ForkJoinPool-1-worker-17] ERROR com.intuit.karate - feature call (loop) failed at index: 15
caller: classpath:InspireTest/def/checkxlinkurl.template.feature
arg: {"link":""}
checkxlinkurl.template.feature:21 - 
org.apache.http.client.ClientProtocolException
12:56:48.650 [ForkJoinPool-1-worker-17] INFO  com.intuit.karate - [print] testing xlinkurl:
12:56:48.652 [ForkJoinPool-1-worker-17] ERROR com.intuit.karate - org.apache.http.client.ClientProtocolException, http call failed after 0 milliseconds for URL: 
12:56:48.656 [ForkJoinPool-1-worker-17] ERROR com.intuit.karate - http request failed: 
org.apache.http.client.ClientProtocolException
12:56:48.656 [ForkJoinPool-1-worker-17] ERROR com.intuit.karate - feature call (loop) failed at index: 16
caller: classpath:InspireTest/def/checkxlinkurl.template.feature
arg: {"link":""}
checkxlinkurl.template.feature:21 - 
org.apache.http.client.ClientProtocolException
12:56:48.658 [ForkJoinPool-1-worker-17] INFO  com.intuit.karate - [print] testing xlinkurl:
12:56:48.658 [ForkJoinPool-1-worker-17] ERROR com.intuit.karate - org.apache.http.client.ClientProtocolException, http call failed after 0 milliseconds for URL: 
12:56:48.659 [ForkJoinPool-1-worker-17] ERROR com.intuit.karate - http request failed: 
org.apache.http.client.ClientProtocolException
12:56:48.659 [ForkJoinPool-1-worker-17] ERROR com.intuit.karate - feature call (loop) failed at index: 17
caller: classpath:InspireTest/def/checkxlinkurl.template.feature
arg: {"link":""}
checkxlinkurl.template.feature:21 - 
org.apache.http.client.ClientProtocolException
12:56:48.660 [ForkJoinPool-1-worker-17] INFO  com.intuit.karate - [print] testing xlinkurl:
12:56:48.661 [ForkJoinPool-1-worker-17] ERROR com.intuit.karate - org.apache.http.client.ClientProtocolException, http call failed after 0 milliseconds for URL: 
12:56:48.661 [ForkJoinPool-1-worker-17] ERROR com.intuit.karate - http request failed: 
org.apache.http.client.ClientProtocolException
12:56:48.665 [ForkJoinPool-1-worker-17] ERROR com.intuit.karate - feature call (loop) failed at index: 18
caller: classpath:InspireTest/def/checkxlinkurl.template.feature
arg: {"link":""}
checkxlinkurl.template.feature:21 - 
org.apache.http.client.ClientProtocolException
12:56:48.666 [ForkJoinPool-1-worker-17] INFO  com.intuit.karate - [print] testing xlinkurl:
12:56:48.667 [ForkJoinPool-1-worker-17] ERROR com.intuit.karate - org.apache.http.client.ClientProtocolException, http call failed after 0 milliseconds for URL: 
12:56:48.668 [ForkJoinPool-1-worker-17] ERROR com.intuit.karate - http request failed: 
org.apache.http.client.ClientProtocolException
12:56:48.668 [ForkJoinPool-1-worker-17] ERROR com.intuit.karate - feature call (loop) failed at index: 19
caller: classpath:InspireTest/def/checkxlinkurl.template.feature
arg: {"link":""}
checkxlinkurl.template.feature:21 - 
org.apache.http.client.ClientProtocolException
12:56:48.669 [ForkJoinPool-1-worker-17] INFO  com.intuit.karate - [print] testing xlinkurl:
12:56:48.670 [ForkJoinPool-1-worker-17] ERROR com.intuit.karate - org.apache.http.client.ClientProtocolException, http call failed after 0 milliseconds for URL: 
12:56:48.670 [ForkJoinPool-1-worker-17] ERROR com.intuit.karate - http request failed: 
org.apache.http.client.ClientProtocolException
12:56:48.671 [ForkJoinPool-1-worker-17] ERROR com.intuit.karate - feature call (loop) failed at index: 20
caller: classpath:InspireTest/def/checkxlinkurl.template.feature
arg: {"link":""}
checkxlinkurl.template.feature:21 - 
org.apache.http.client.ClientProtocolException
12:56:48.672 [ForkJoinPool-1-worker-17] INFO  com.intuit.karate - [print] testing xlinkurl:
12:56:48.675 [ForkJoinPool-1-worker-17] ERROR com.intuit.karate - org.apache.http.client.ClientProtocolException, http call failed after 0 milliseconds for URL: 
12:56:48.677 [ForkJoinPool-1-worker-17] ERROR com.intuit.karate - http request failed: 
org.apache.http.client.ClientProtocolException
12:56:48.677 [ForkJoinPool-1-worker-17] ERROR com.intuit.karate - feature call (loop) failed at index: 21
caller: classpath:InspireTest/def/checkxlinkurl.template.feature
arg: {"link":""}
checkxlinkurl.template.feature:21 - 
org.apache.http.client.ClientProtocolException
12:56:48.678 [ForkJoinPool-1-worker-17] INFO  com.intuit.karate - [print] testing xlinkurl:
12:56:48.679 [ForkJoinPool-1-worker-17] ERROR com.intuit.karate - org.apache.http.client.ClientProtocolException, http call failed after 0 milliseconds for URL: 
12:56:48.679 [ForkJoinPool-1-worker-17] ERROR com.intuit.karate - http request failed: 
org.apache.http.client.ClientProtocolException
12:56:48.679 [ForkJoinPool-1-worker-17] ERROR com.intuit.karate - feature call (loop) failed at index: 22
caller: classpath:InspireTest/def/checkxlinkurl.template.feature
arg: {"link":""}
checkxlinkurl.template.feature:21 - 
org.apache.http.client.ClientProtocolException
12:56:48.680 [ForkJoinPool-1-worker-17] INFO  com.intuit.karate - [print] testing xlinkurl:
12:56:48.683 [ForkJoinPool-1-worker-17] ERROR com.intuit.karate - org.apache.http.client.ClientProtocolException, http call failed after 0 milliseconds for URL: 
12:56:48.685 [ForkJoinPool-1-worker-17] ERROR com.intuit.karate - http request failed: 
org.apache.http.client.ClientProtocolException
12:56:48.685 [ForkJoinPool-1-worker-17] ERROR com.intuit.karate - feature call (loop) failed at index: 23
caller: classpath:InspireTest/def/checkxlinkurl.template.feature
arg: {"link":""}
checkxlinkurl.template.feature:21 - 
org.apache.http.client.ClientProtocolException
12:56:48.686 [ForkJoinPool-1-worker-17] INFO  com.intuit.karate - [print] testing xlinkurl:
12:56:48.687 [ForkJoinPool-1-worker-17] ERROR com.intuit.karate - org.apache.http.client.ClientProtocolException, http call failed after 0 milliseconds for URL: 
12:56:48.687 [ForkJoinPool-1-worker-17] ERROR com.intuit.karate - http request failed: 
org.apache.http.client.ClientProtocolException
12:56:48.687 [ForkJoinPool-1-worker-17] ERROR com.intuit.karate - feature call (loop) failed at index: 24
caller: classpath:InspireTest/def/checkxlinkurl.template.feature
arg: {"link":""}
checkxlinkurl.template.feature:21 - 
org.apache.http.client.ClientProtocolException
12:56:48.690 [ForkJoinPool-1-worker-17] INFO  com.intuit.karate - [print] testing xlinkurl:
12:56:48.691 [ForkJoinPool-1-worker-17] ERROR com.intuit.karate - org.apache.http.client.ClientProtocolException, http call failed after 0 milliseconds for URL: 
12:56:48.693 [ForkJoinPool-1-worker-17] ERROR com.intuit.karate - http request failed: 
org.apache.http.client.ClientProtocolException
12:56:48.693 [ForkJoinPool-1-worker-17] ERROR com.intuit.karate - feature call (loop) failed at index: 25
caller: classpath:InspireTest/def/checkxlinkurl.template.feature
arg: {"link":""}
checkxlinkurl.template.feature:21 - 
org.apache.http.client.ClientProtocolException
12:56:48.694 [ForkJoinPool-1-worker-17] INFO  com.intuit.karate - [print] testing xlinkurl:
12:56:48.695 [ForkJoinPool-1-worker-17] ERROR com.intuit.karate - org.apache.http.client.ClientProtocolException, http call failed after 0 milliseconds for URL: 
12:56:48.695 [ForkJoinPool-1-worker-17] ERROR com.intuit.karate - http request failed: 
org.apache.http.client.ClientProtocolException
12:56:48.696 [ForkJoinPool-1-worker-17] ERROR com.intuit.karate - feature call (loop) failed at index: 26
caller: classpath:InspireTest/def/checkxlinkurl.template.feature
arg: {"link":""}
checkxlinkurl.template.feature:21 - 
org.apache.http.client.ClientProtocolException
12:56:48.697 [ForkJoinPool-1-worker-17] INFO  com.intuit.karate - [print] testing xlinkurl:
12:56:48.697 [ForkJoinPool-1-worker-17] ERROR com.intuit.karate - org.apache.http.client.ClientProtocolException, http call failed after 0 milliseconds for URL: 
12:56:48.698 [ForkJoinPool-1-worker-17] ERROR com.intuit.karate - http request failed: 
org.apache.http.client.ClientProtocolException
12:56:48.698 [ForkJoinPool-1-worker-17] ERROR com.intuit.karate - feature call (loop) failed at index: 27
caller: classpath:InspireTest/def/checkxlinkurl.template.feature
arg: {"link":""}
checkxlinkurl.template.feature:21 - 
org.apache.http.client.ClientProtocolException
12:56:48.700 [ForkJoinPool-1-worker-17] INFO  com.intuit.karate - [print] testing xlinkurl:
12:56:48.700 [ForkJoinPool-1-worker-17] ERROR com.intuit.karate - org.apache.http.client.ClientProtocolException, http call failed after 0 milliseconds for URL: 
12:56:48.701 [ForkJoinPool-1-worker-17] ERROR com.intuit.karate - http request failed: 
org.apache.http.client.ClientProtocolException
12:56:48.701 [ForkJoinPool-1-worker-17] ERROR com.intuit.karate - feature call (loop) failed at index: 28
caller: classpath:InspireTest/def/checkxlinkurl.template.feature
arg: {"link":""}
checkxlinkurl.template.feature:21 - 
org.apache.http.client.ClientProtocolException
12:56:48.702 [ForkJoinPool-1-worker-17] INFO  com.intuit.karate - [print] testing xlinkurl:
12:56:48.703 [ForkJoinPool-1-worker-17] ERROR com.intuit.karate - org.apache.http.client.ClientProtocolException, http call failed after 0 milliseconds for URL: 
12:56:48.703 [ForkJoinPool-1-worker-17] ERROR com.intuit.karate - http request failed: 
org.apache.http.client.ClientProtocolException
12:56:48.703 [ForkJoinPool-1-worker-17] ERROR com.intuit.karate - feature call (loop) failed at index: 29
caller: classpath:InspireTest/def/checkxlinkurl.template.feature
arg: {"link":""}
checkxlinkurl.template.feature:21 - 
org.apache.http.client.ClientProtocolException
12:56:48.704 [ForkJoinPool-1-worker-17] INFO  com.intuit.karate - [print] testing xlinkurl:
12:56:48.705 [ForkJoinPool-1-worker-17] ERROR com.intuit.karate - org.apache.http.client.ClientProtocolException, http call failed after 0 milliseconds for URL: 
12:56:48.705 [ForkJoinPool-1-worker-17] ERROR com.intuit.karate - http request failed: 
org.apache.http.client.ClientProtocolException
12:56:48.706 [ForkJoinPool-1-worker-17] ERROR com.intuit.karate - feature call (loop) failed at index: 30
caller: classpath:InspireTest/def/checkxlinkurl.template.feature
arg: {"link":""}
checkxlinkurl.template.feature:21 - 
org.apache.http.client.ClientProtocolException
12:56:48.707 [ForkJoinPool-1-worker-17] INFO  com.intuit.karate - [print] testing xlinkurl:
12:56:48.709 [ForkJoinPool-1-worker-17] ERROR com.intuit.karate - org.apache.http.client.ClientProtocolException, http call failed after 0 milliseconds for URL: 
12:56:48.709 [ForkJoinPool-1-worker-17] ERROR com.intuit.karate - http request failed: 
org.apache.http.client.ClientProtocolException
12:56:48.710 [ForkJoinPool-1-worker-17] ERROR com.intuit.karate - feature call (loop) failed at index: 31
caller: classpath:InspireTest/def/checkxlinkurl.template.feature
arg: {"link":""}
checkxlinkurl.template.feature:21 - 
org.apache.http.client.ClientProtocolException
12:56:48.712 [ForkJoinPool-1-worker-17] INFO  com.intuit.karate - [print] testing xlinkurl:
12:56:48.713 [ForkJoinPool-1-worker-17] ERROR com.intuit.karate - org.apache.http.client.ClientProtocolException, http call failed after 0 milliseconds for URL: 
12:56:48.714 [ForkJoinPool-1-worker-17] ERROR com.intuit.karate - http request failed: 
org.apache.http.client.ClientProtocolException
12:56:48.715 [ForkJoinPool-1-worker-17] ERROR com.intuit.karate - feature call (loop) failed at index: 32
caller: classpath:InspireTest/def/checkxlinkurl.template.feature
arg: {"link":""}
checkxlinkurl.template.feature:21 - 
org.apache.http.client.ClientProtocolException
12:56:48.717 [ForkJoinPool-1-worker-17] INFO  com.intuit.karate - [print] testing xlinkurl:
12:56:48.718 [ForkJoinPool-1-worker-17] ERROR com.intuit.karate - org.apache.http.client.ClientProtocolException, http call failed after 0 milliseconds for URL: 
12:56:48.719 [ForkJoinPool-1-worker-17] ERROR com.intuit.karate - http request failed: 
org.apache.http.client.ClientProtocolException
12:56:48.720 [ForkJoinPool-1-worker-17] ERROR com.intuit.karate - feature call (loop) failed at index: 33
caller: classpath:InspireTest/def/checkxlinkurl.template.feature
arg: {"link":""}
checkxlinkurl.template.feature:21 - 
org.apache.http.client.ClientProtocolException
12:56:48.721 [ForkJoinPool-1-worker-17] INFO  com.intuit.karate - [print] testing xlinkurl:
12:56:48.721 [ForkJoinPool-1-worker-17] ERROR com.intuit.karate - org.apache.http.client.ClientProtocolException, http call failed after 0 milliseconds for URL: 
12:56:48.722 [ForkJoinPool-1-worker-17] ERROR com.intuit.karate - http request failed: 
org.apache.http.client.ClientProtocolException
12:56:48.722 [ForkJoinPool-1-worker-17] ERROR com.intuit.karate - feature call (loop) failed at index: 34
caller: classpath:InspireTest/def/checkxlinkurl.template.feature
arg: {"link":""}
checkxlinkurl.template.feature:21 - 
org.apache.http.client.ClientProtocolException
12:56:48.723 [ForkJoinPool-1-worker-17] INFO  com.intuit.karate - [print] testing xlinkurl:
12:56:48.724 [ForkJoinPool-1-worker-17] ERROR com.intuit.karate - org.apache.http.client.ClientProtocolException, http call failed after 0 milliseconds for URL: 
12:56:48.724 [ForkJoinPool-1-worker-17] ERROR com.intuit.karate - http request failed: 
org.apache.http.client.ClientProtocolException
12:56:48.724 [ForkJoinPool-1-worker-17] ERROR com.intuit.karate - feature call (loop) failed at index: 35
caller: classpath:InspireTest/def/checkxlinkurl.template.feature
arg: {"link":""}
checkxlinkurl.template.feature:21 - 
org.apache.http.client.ClientProtocolException
12:56:48.725 [ForkJoinPool-1-worker-17] INFO  com.intuit.karate - [print] testing xlinkurl:
12:56:48.726 [ForkJoinPool-1-worker-17] ERROR com.intuit.karate - org.apache.http.client.ClientProtocolException, http call failed after 0 milliseconds for URL: 
12:56:48.726 [ForkJoinPool-1-worker-17] ERROR com.intuit.karate - http request failed: 
org.apache.http.client.ClientProtocolException
12:56:48.727 [ForkJoinPool-1-worker-17] ERROR com.intuit.karate - feature call (loop) failed at index: 36
caller: classpath:InspireTest/def/checkxlinkurl.template.feature
arg: {"link":""}
checkxlinkurl.template.feature:21 - 
org.apache.http.client.ClientProtocolException
12:56:48.728 [ForkJoinPool-1-worker-17] INFO  com.intuit.karate - [print] testing xlinkurl:
12:56:48.729 [ForkJoinPool-1-worker-17] ERROR com.intuit.karate - org.apache.http.client.ClientProtocolException, http call failed after 0 milliseconds for URL: 
12:56:48.729 [ForkJoinPool-1-worker-17] ERROR com.intuit.karate - http request failed: 
org.apache.http.client.ClientProtocolException
12:56:48.730 [ForkJoinPool-1-worker-17] ERROR com.intuit.karate - feature call (loop) failed at index: 37
caller: classpath:InspireTest/def/checkxlinkurl.template.feature
arg: {"link":""}
checkxlinkurl.template.feature:21 - 
org.apache.http.client.ClientProtocolException
12:56:48.731 [ForkJoinPool-1-worker-17] INFO  com.intuit.karate - [print] testing xlinkurl:
12:56:48.732 [ForkJoinPool-1-worker-17] ERROR com.intuit.karate - org.apache.http.client.ClientProtocolException, http call failed after 0 milliseconds for URL: 
12:56:48.732 [ForkJoinPool-1-worker-17] ERROR com.intuit.karate - http request failed: 
org.apache.http.client.ClientProtocolException
12:56:48.733 [ForkJoinPool-1-worker-17] ERROR com.intuit.karate - feature call (loop) failed at index: 38
caller: classpath:InspireTest/def/checkxlinkurl.template.feature
arg: {"link":""}
checkxlinkurl.template.feature:21 - 
org.apache.http.client.ClientProtocolException
12:56:48.734 [ForkJoinPool-1-worker-17] INFO  com.intuit.karate - [print] testing xlinkurl:
12:56:48.735 [ForkJoinPool-1-worker-17] ERROR com.intuit.karate - org.apache.http.client.ClientProtocolException, http call failed after 0 milliseconds for URL: 
12:56:48.735 [ForkJoinPool-1-worker-17] ERROR com.intuit.karate - http request failed: 
org.apache.http.client.ClientProtocolException
12:56:48.736 [ForkJoinPool-1-worker-17] ERROR com.intuit.karate - feature call (loop) failed at index: 39
caller: classpath:InspireTest/def/checkxlinkurl.template.feature
arg: {"link":""}
checkxlinkurl.template.feature:21 - 
org.apache.http.client.ClientProtocolException
12:56:48.737 [ForkJoinPool-1-worker-17] INFO  com.intuit.karate - [print] testing xlinkurl:
12:56:48.738 [ForkJoinPool-1-worker-17] ERROR com.intuit.karate - org.apache.http.client.ClientProtocolException, http call failed after 0 milliseconds for URL: 
12:56:48.738 [ForkJoinPool-1-worker-17] ERROR com.intuit.karate - http request failed: 
org.apache.http.client.ClientProtocolException
12:56:48.739 [ForkJoinPool-1-worker-17] ERROR com.intuit.karate - feature call (loop) failed at index: 40
caller: classpath:InspireTest/def/checkxlinkurl.template.feature
arg: {"link":""}
checkxlinkurl.template.feature:21 - 
org.apache.http.client.ClientProtocolException
12:56:48.740 [ForkJoinPool-1-worker-17] INFO  com.intuit.karate - [print] testing xlinkurl:http://nationaalgeoregister.nl/geonetwork/srv/dut/csw?service=CSW&version=2.0.2&request=GetRecordById&outputschema=http://www.isotc211.org/2005/gmd&elementsetname=full&id=3a7dd0a6-d130-4c4c-b0ba-24365cf036e2#MD_DataIdentification
12:56:48.842 [ForkJoinPool-1-worker-47] INFO  com.intuit.karate - [print] testing xlinkurl:http://nationaalgeoregister.nl/geonetwork/srv/dut/csw?service=CSW&version=2.0.2&request=GetRecordById&outputschema=http://www.isotc211.org/2005/gmd&elementsetname=full&id=6ea55ec4-f312-40ef-9935-68806e61b496#MD_DataIdentification
12:56:49.123 [ForkJoinPool-1-worker-47] INFO  com.intuit.karate - [print] testing xlinkurl:http://nationaalgeoregister.nl/geonetwork/srv/dut/csw?service=CSW&version=2.0.2&request=GetRecordById&outputschema=http://www.isotc211.org/2005/gmd&elementsetname=full&id=af784610-df36-4d40-bac0-23d8e728999f#MD_DataIdentification
12:56:49.352 [ForkJoinPool-1-worker-41] ERROR com.intuit.karate - java.net.SocketTimeoutException: Read timed out, http call failed after 5326 milliseconds for URL: http://inspire.ec.europa.eu/metadata-codelist/SpatialDataServiceCategory#
12:56:49.352 [ForkJoinPool-1-worker-41] ERROR com.intuit.karate - http request failed: 
java.net.SocketTimeoutException: Read timed out
12:56:49.352 [ForkJoinPool-1-worker-41] ERROR com.intuit.karate - feature call (loop) failed at index: 3
caller: classpath:InspireTest/def/checkxlinkurl.template.feature
arg: {"link":"http://inspire.ec.europa.eu/metadata-codelist/SpatialDataServiceCategory#"}
checkxlinkurl.template.feature:21 - 
java.net.SocketTimeoutException: Read timed out
12:56:49.354 [ForkJoinPool-1-worker-41] INFO  com.intuit.karate - [print] testing xlinkurl:https://www.nationaalgeoregister.nl/geonetwork/srv/eng/thesaurus.download?ref=external.theme.httpinspireeceuropaeumetadatacodelistSpatialDataServiceCategory-SpatialDataServiceCategory
12:56:49.399 [ForkJoinPool-1-worker-47] INFO  com.intuit.karate - [print] testing xlinkurl:http://nationaalgeoregister.nl/geonetwork/srv/dut/csw?service=CSW&version=2.0.2&request=GetRecordById&outputschema=http://www.isotc211.org/2005/gmd&elementsetname=full&id=24eb504e-f5f3-4ecf-b760-cc5630e82a57#MD_DataIdentification
12:56:49.556 [ForkJoinPool-1-worker-63] ERROR com.intuit.karate - java.net.SocketTimeoutException: Read timed out, http call failed after 5327 milliseconds for URL: http://inspire.ec.europa.eu/metadata-codelist/SpatialDataServiceCategory#
12:56:49.556 [ForkJoinPool-1-worker-63] ERROR com.intuit.karate - http request failed: 
java.net.SocketTimeoutException: Read timed out
12:56:49.556 [ForkJoinPool-1-worker-63] ERROR com.intuit.karate - feature call (loop) failed at index: 3
caller: classpath:InspireTest/def/checkxlinkurl.template.feature
arg: {"link":"http://inspire.ec.europa.eu/metadata-codelist/SpatialDataServiceCategory#"}
checkxlinkurl.template.feature:21 - 
java.net.SocketTimeoutException: Read timed out
12:56:49.557 [ForkJoinPool-1-worker-63] INFO  com.intuit.karate - [print] testing xlinkurl:https://www.nationaalgeoregister.nl/geonetwork/srv/eng/thesaurus.download?ref=external.theme.httpinspireeceuropaeumetadatacodelistSpatialDataServiceCategory-SpatialDataServiceCategory
12:56:49.627 [ForkJoinPool-1-worker-41] INFO  com.intuit.karate - [print] testing xlinkurl:
12:56:49.628 [ForkJoinPool-1-worker-41] ERROR com.intuit.karate - org.apache.http.client.ClientProtocolException, http call failed after 0 milliseconds for URL: 
12:56:49.628 [ForkJoinPool-1-worker-41] ERROR com.intuit.karate - http request failed: 
org.apache.http.client.ClientProtocolException
12:56:49.629 [ForkJoinPool-1-worker-41] ERROR com.intuit.karate - feature call (loop) failed at index: 5
caller: classpath:InspireTest/def/checkxlinkurl.template.feature
arg: {"link":""}
checkxlinkurl.template.feature:21 - 
org.apache.http.client.ClientProtocolException
12:56:49.631 [ForkJoinPool-1-worker-41] INFO  com.intuit.karate - [print] testing xlinkurl:
12:56:49.632 [ForkJoinPool-1-worker-41] ERROR com.intuit.karate - org.apache.http.client.ClientProtocolException, http call failed after 0 milliseconds for URL: 
12:56:49.632 [ForkJoinPool-1-worker-41] ERROR com.intuit.karate - http request failed: 
org.apache.http.client.ClientProtocolException
12:56:49.632 [ForkJoinPool-1-worker-41] ERROR com.intuit.karate - feature call (loop) failed at index: 6
caller: classpath:InspireTest/def/checkxlinkurl.template.feature
arg: {"link":""}
checkxlinkurl.template.feature:21 - 
org.apache.http.client.ClientProtocolException
12:56:49.633 [ForkJoinPool-1-worker-41] INFO  com.intuit.karate - [print] testing xlinkurl:
12:56:49.634 [ForkJoinPool-1-worker-41] ERROR com.intuit.karate - org.apache.http.client.ClientProtocolException, http call failed after 0 milliseconds for URL: 
12:56:49.634 [ForkJoinPool-1-worker-41] ERROR com.intuit.karate - http request failed: 
org.apache.http.client.ClientProtocolException
12:56:49.634 [ForkJoinPool-1-worker-41] ERROR com.intuit.karate - feature call (loop) failed at index: 7
caller: classpath:InspireTest/def/checkxlinkurl.template.feature
arg: {"link":""}
checkxlinkurl.template.feature:21 - 
org.apache.http.client.ClientProtocolException
12:56:49.635 [ForkJoinPool-1-worker-41] INFO  com.intuit.karate - [print] testing xlinkurl:
12:56:49.636 [ForkJoinPool-1-worker-41] ERROR com.intuit.karate - org.apache.http.client.ClientProtocolException, http call failed after 0 milliseconds for URL: 
12:56:49.636 [ForkJoinPool-1-worker-41] ERROR com.intuit.karate - http request failed: 
org.apache.http.client.ClientProtocolException
12:56:49.636 [ForkJoinPool-1-worker-41] ERROR com.intuit.karate - feature call (loop) failed at index: 8
caller: classpath:InspireTest/def/checkxlinkurl.template.feature
arg: {"link":""}
checkxlinkurl.template.feature:21 - 
org.apache.http.client.ClientProtocolException
12:56:49.637 [ForkJoinPool-1-worker-41] INFO  com.intuit.karate - [print] testing xlinkurl:http://nationaalgeoregister.nl/geonetwork/srv/dut/csw?service=CSW&version=2.0.2&request=GetRecordById&outputschema=http://www.isotc211.org/2005/gmd&elementsetname=full&id=d845cef6-0e23-4212-a951-b69763e39ef0#MD_DataIdentification
12:56:49.829 [ForkJoinPool-1-worker-63] INFO  com.intuit.karate - [print] testing xlinkurl:
12:56:49.830 [ForkJoinPool-1-worker-63] ERROR com.intuit.karate - org.apache.http.client.ClientProtocolException, http call failed after 0 milliseconds for URL: 
12:56:49.830 [ForkJoinPool-1-worker-63] ERROR com.intuit.karate - http request failed: 
org.apache.http.client.ClientProtocolException
12:56:49.830 [ForkJoinPool-1-worker-63] ERROR com.intuit.karate - feature call (loop) failed at index: 5
caller: classpath:InspireTest/def/checkxlinkurl.template.feature
arg: {"link":""}
checkxlinkurl.template.feature:21 - 
org.apache.http.client.ClientProtocolException
12:56:49.832 [ForkJoinPool-1-worker-63] INFO  com.intuit.karate - [print] testing xlinkurl:
12:56:49.833 [ForkJoinPool-1-worker-63] ERROR com.intuit.karate - org.apache.http.client.ClientProtocolException, http call failed after 0 milliseconds for URL: 
12:56:49.833 [ForkJoinPool-1-worker-63] ERROR com.intuit.karate - http request failed: 
org.apache.http.client.ClientProtocolException
12:56:49.834 [ForkJoinPool-1-worker-63] ERROR com.intuit.karate - feature call (loop) failed at index: 6
caller: classpath:InspireTest/def/checkxlinkurl.template.feature
arg: {"link":""}
checkxlinkurl.template.feature:21 - 
org.apache.http.client.ClientProtocolException
12:56:49.836 [ForkJoinPool-1-worker-63] INFO  com.intuit.karate - [print] testing xlinkurl:
12:56:49.837 [ForkJoinPool-1-worker-63] ERROR com.intuit.karate - org.apache.http.client.ClientProtocolException, http call failed after 0 milliseconds for URL: 
12:56:49.837 [ForkJoinPool-1-worker-63] ERROR com.intuit.karate - http request failed: 
org.apache.http.client.ClientProtocolException
12:56:49.839 [ForkJoinPool-1-worker-63] ERROR com.intuit.karate - feature call (loop) failed at index: 7
caller: classpath:InspireTest/def/checkxlinkurl.template.feature
arg: {"link":""}
checkxlinkurl.template.feature:21 - 
org.apache.http.client.ClientProtocolException
12:56:49.841 [ForkJoinPool-1-worker-63] INFO  com.intuit.karate - [print] testing xlinkurl:
12:56:49.842 [ForkJoinPool-1-worker-63] ERROR com.intuit.karate - org.apache.http.client.ClientProtocolException, http call failed after 0 milliseconds for URL: 
12:56:49.842 [ForkJoinPool-1-worker-63] ERROR com.intuit.karate - http request failed: 
org.apache.http.client.ClientProtocolException
12:56:49.842 [ForkJoinPool-1-worker-63] ERROR com.intuit.karate - feature call (loop) failed at index: 8
caller: classpath:InspireTest/def/checkxlinkurl.template.feature
arg: {"link":""}
checkxlinkurl.template.feature:21 - 
org.apache.http.client.ClientProtocolException
12:56:49.845 [ForkJoinPool-1-worker-63] INFO  com.intuit.karate - [print] testing xlinkurl:
12:56:49.847 [ForkJoinPool-1-worker-63] ERROR com.intuit.karate - org.apache.http.client.ClientProtocolException, http call failed after 0 milliseconds for URL: 
12:56:49.847 [ForkJoinPool-1-worker-63] ERROR com.intuit.karate - http request failed: 
org.apache.http.client.ClientProtocolException
12:56:49.847 [ForkJoinPool-1-worker-63] ERROR com.intuit.karate - feature call (loop) failed at index: 9
caller: classpath:InspireTest/def/checkxlinkurl.template.feature
arg: {"link":""}
checkxlinkurl.template.feature:21 - 
org.apache.http.client.ClientProtocolException
12:56:49.849 [ForkJoinPool-1-worker-63] INFO  com.intuit.karate - [print] testing xlinkurl:
12:56:49.849 [ForkJoinPool-1-worker-63] ERROR com.intuit.karate - org.apache.http.client.ClientProtocolException, http call failed after 0 milliseconds for URL: 
12:56:49.850 [ForkJoinPool-1-worker-63] ERROR com.intuit.karate - http request failed: 
org.apache.http.client.ClientProtocolException
12:56:49.850 [ForkJoinPool-1-worker-63] ERROR com.intuit.karate - feature call (loop) failed at index: 10
caller: classpath:InspireTest/def/checkxlinkurl.template.feature
arg: {"link":""}
checkxlinkurl.template.feature:21 - 
org.apache.http.client.ClientProtocolException
12:56:49.851 [ForkJoinPool-1-worker-63] INFO  com.intuit.karate - [print] testing xlinkurl:
12:56:49.852 [ForkJoinPool-1-worker-63] ERROR com.intuit.karate - org.apache.http.client.ClientProtocolException, http call failed after 0 milliseconds for URL: 
12:56:49.852 [ForkJoinPool-1-worker-63] ERROR com.intuit.karate - http request failed: 
org.apache.http.client.ClientProtocolException
12:56:49.853 [ForkJoinPool-1-worker-63] ERROR com.intuit.karate - feature call (loop) failed at index: 11
caller: classpath:InspireTest/def/checkxlinkurl.template.feature
arg: {"link":""}
checkxlinkurl.template.feature:21 - 
org.apache.http.client.ClientProtocolException
12:56:49.854 [ForkJoinPool-1-worker-63] INFO  com.intuit.karate - [print] testing xlinkurl:
12:56:49.854 [ForkJoinPool-1-worker-63] ERROR com.intuit.karate - org.apache.http.client.ClientProtocolException, http call failed after 0 milliseconds for URL: 
12:56:49.854 [ForkJoinPool-1-worker-63] ERROR com.intuit.karate - http request failed: 
org.apache.http.client.ClientProtocolException
12:56:49.854 [ForkJoinPool-1-worker-63] ERROR com.intuit.karate - feature call (loop) failed at index: 12
caller: classpath:InspireTest/def/checkxlinkurl.template.feature
arg: {"link":""}
checkxlinkurl.template.feature:21 - 
org.apache.http.client.ClientProtocolException
12:56:49.856 [ForkJoinPool-1-worker-63] INFO  com.intuit.karate - [print] testing xlinkurl:
12:56:49.857 [ForkJoinPool-1-worker-63] ERROR com.intuit.karate - org.apache.http.client.ClientProtocolException, http call failed after 0 milliseconds for URL: 
12:56:49.857 [ForkJoinPool-1-worker-63] ERROR com.intuit.karate - http request failed: 
org.apache.http.client.ClientProtocolException
12:56:49.858 [ForkJoinPool-1-worker-63] ERROR com.intuit.karate - feature call (loop) failed at index: 13
caller: classpath:InspireTest/def/checkxlinkurl.template.feature
arg: {"link":""}
checkxlinkurl.template.feature:21 - 
org.apache.http.client.ClientProtocolException
12:56:49.859 [ForkJoinPool-1-worker-63] INFO  com.intuit.karate - [print] testing xlinkurl:
12:56:49.860 [ForkJoinPool-1-worker-63] ERROR com.intuit.karate - org.apache.http.client.ClientProtocolException, http call failed after 0 milliseconds for URL: 
12:56:49.860 [ForkJoinPool-1-worker-63] ERROR com.intuit.karate - http request failed: 
org.apache.http.client.ClientProtocolException
12:56:49.860 [ForkJoinPool-1-worker-63] ERROR com.intuit.karate - feature call (loop) failed at index: 14
caller: classpath:InspireTest/def/checkxlinkurl.template.feature
arg: {"link":""}
checkxlinkurl.template.feature:21 - 
org.apache.http.client.ClientProtocolException
12:56:49.862 [ForkJoinPool-1-worker-63] INFO  com.intuit.karate - [print] testing xlinkurl:
12:56:49.862 [ForkJoinPool-1-worker-63] ERROR com.intuit.karate - org.apache.http.client.ClientProtocolException, http call failed after 0 milliseconds for URL: 
12:56:49.863 [ForkJoinPool-1-worker-63] ERROR com.intuit.karate - http request failed: 
org.apache.http.client.ClientProtocolException
12:56:49.863 [ForkJoinPool-1-worker-63] ERROR com.intuit.karate - feature call (loop) failed at index: 15
caller: classpath:InspireTest/def/checkxlinkurl.template.feature
arg: {"link":""}
checkxlinkurl.template.feature:21 - 
org.apache.http.client.ClientProtocolException
12:56:49.864 [ForkJoinPool-1-worker-63] INFO  com.intuit.karate - [print] testing xlinkurl:
12:56:49.865 [ForkJoinPool-1-worker-63] ERROR com.intuit.karate - org.apache.http.client.ClientProtocolException, http call failed after 0 milliseconds for URL: 
12:56:49.866 [ForkJoinPool-1-worker-63] ERROR com.intuit.karate - http request failed: 
org.apache.http.client.ClientProtocolException
12:56:49.866 [ForkJoinPool-1-worker-63] ERROR com.intuit.karate - feature call (loop) failed at index: 16
caller: classpath:InspireTest/def/checkxlinkurl.template.feature
arg: {"link":""}
checkxlinkurl.template.feature:21 - 
org.apache.http.client.ClientProtocolException
12:56:49.867 [ForkJoinPool-1-worker-63] INFO  com.intuit.karate - [print] testing xlinkurl:http://nationaalgeoregister.nl/geonetwork/srv/dut/csw?service=CSW&version=2.0.2&request=GetRecordById&outputschema=http://www.isotc211.org/2005/gmd&elementsetname=full&id=5a1adb58-0bbe-425d-b0fe-577a6c0a4228#MD_DataIdentification
12:56:50.316 [ForkJoinPool-1-worker-63] INFO  com.intuit.karate - [print] testing xlinkurl:http://nationaalgeoregister.nl/geonetwork/srv/dut/csw?service=CSW&version=2.0.2&request=GetRecordById&outputschema=http://www.isotc211.org/2005/gmd&elementsetname=full&id=b9dd8575-3c1c-41f4-add5-c4f5f2b67179#MD_DataIdentification
12:56:50.494 [ForkJoinPool-1-worker-63] INFO  com.intuit.karate - [print] testing xlinkurl:https://www.nationaalgeoregister.nl/geonetwork/srv/dut/csw?service=CSW&request=GetRecordById&version=2.0.2&outputSchema=http://www.isotc211.org/2005/gmd&elementSetName=full&id=00fd1fc4-c190-4fa6-a68f-606c64a16679#MD_DataIdentification
12:56:50.768 [ForkJoinPool-1-worker-63] INFO  com.intuit.karate - [print] testing xlinkurl:https://www.nationaalgeoregister.nl/geonetwork/srv/dut/csw?service=CSW&request=GetRecordById&version=2.0.2&outputSchema=http://www.isotc211.org/2005/gmd&elementSetName=full&id=00b0a2bf-57ce-44c9-b94c-f6c9a41f5c61#MD_DataIdentification
12:56:51.039 [ForkJoinPool-1-worker-63] INFO  com.intuit.karate - [print] testing xlinkurl:https://www.nationaalgeoregister.n/geonetwork/srv/dut/csw?service=CSW&request=GetRecordById&version=2.0.2&outputSchema=http://www.isotc211.org/2005/gmd&elementSetName=full&id=da237167-7f87-4310-ad64-614233de7a42#MD_DataIdentification
12:56:51.187 [ForkJoinPool-1-worker-63] ERROR com.intuit.karate - java.net.UnknownHostException: www.nationaalgeoregister.n: Name or service not known, http call failed after 146 milliseconds for URL: https://www.nationaalgeoregister.n/geonetwork/srv/dut/csw?service=CSW&request=GetRecordById&version=2.0.2&outputSchema=http://www.isotc211.org/2005/gmd&elementSetName=full&id=da237167-7f87-4310-ad64-614233de7a42#MD_DataIdentification
12:56:51.187 [ForkJoinPool-1-worker-63] ERROR com.intuit.karate - http request failed: 
java.net.UnknownHostException: www.nationaalgeoregister.n: Name or service not known
12:56:51.187 [ForkJoinPool-1-worker-63] ERROR com.intuit.karate - feature call (loop) failed at index: 21
caller: classpath:InspireTest/def/checkxlinkurl.template.feature
arg: {"link":"https://www.nationaalgeoregister.n/geonetwork/srv/dut/csw?service=CSW&request=GetRecordById&version=2.0.2&outputSchema=http://www.isotc211.org/2005/gmd&elementSetName=full&id=da237167-7f87-4310-ad64-614233de7a42#MD_DataIdentification"}
checkxlinkurl.template.feature:21 - 
java.net.UnknownHostException: www.nationaalgeoregister.n: Name or service not known
12:56:51.718 [pool-1-thread-6] INFO  com.intuit.karate.Runner - <<fail>> feature 6 of 13: classpath:InspireTest/ngr/T03_services/check-known-service-record.feature
---------------------------------------------------------
feature: classpath:InspireTest/ngr/T03_services/check-known-service-record.feature
report: target/surefire-reports/InspireTest.ngr.T03_services.check-known-service-record.json
scenarios: 25 | passed:  5 | failed: 20 | time: 238.8880
---------------------------------------------------------

HTML report: (paste into browser to view) | Karate version: 0.9.6
file:/home/runner/work/nl-ngr-validation/nl-ngr-validation/target/surefire-reports/karate-summary.html
===================================================================

Karate version: 0.9.6
======================================================
elapsed:  21.97 | threads:   24 | thread time: 250.12 
features:     3 | ignored:   10 | efficiency: 0.47
scenarios:   31 | passed:     7 | failed: 24
======================================================
failed features:
InspireTest.ngr.T04_extra.check-known-links: [1:5] check-known-links.feature:5 - could not find or read file: classpath:InspireTest/ngr/def/knownlink.csv
InspireTest.ngr.T03_services.check-known-service-record: [1.1:24] check-known-service-record.feature:72 - feature call (loop) failed: classpath:InspireTest/def/checkxlinkurl.template.feature
caller: classpath:InspireTest/ngr/T03_services/check-known-service-record.feature
items: [{link=http://rdfdata.eionet.europa.eu/inspirethemes/themes/7}, {link=http://geonetwork-opensource.org/inspire-theme#}, {link=http://inspire.ec.europa.eu/metadata-codelist/SpatialDataServiceCategory/infoFeatureAccessService}, {link=http://inspire.ec.europa.eu/metadata-codelist/SpatialDataServiceCategory}, {link=https://www.nationaalgeoregister.nl/geonetwork/srv/eng/thesaurus.download?ref=external.theme.httpinspireeceuropaeumetadatacodelistSpatialDataServiceCategory-SpatialDataServiceCategory}, {link=}, {link=}, {link=}, {link=}, {link=}, {link=}, {link=}, {link=}, {link=}, {link=}, {link=}, {link=}, {link=}, {link=}, {link=}, {link=}, {link=}, {link=}, {link=}, {link=}, {link=}, {link=}, {link=}, {link=}, {link=}, {link=}, {link=}, {link=}, {link=}, {link=}, {link=}, {link=}, {link=}, {link=}, {link=}, {link=}, {link=http://nationaalgeoregister.nl/geonetwork/srv/dut/csw?service=CSW&version=2.0.2&request=GetRecordById&outputschema=http://www.isotc211.org/2005/gmd&elementsetname=full&id=3a7dd0a6-d130-4c4c-b0ba-24365cf036e2#MD_DataIdentification}]
errors:
-------
feature call (loop) failed at index: 0
caller: classpath:InspireTest/def/checkxlinkurl.template.feature
arg: {"link":"http://rdfdata.eionet.europa.eu/inspirethemes/themes/7"}
checkxlinkurl.template.feature:28 - path: $, actual: 404, expected: 200, reason: not equal (Integer)
-------
feature call (loop) failed at index: 1
caller: classpath:InspireTest/def/checkxlinkurl.template.feature
arg: {"link":"http://geonetwork-opensource.org/inspire-theme#"}
checkxlinkurl.template.feature:28 - path: $, actual: 404, expected: 200, reason: not equal (Integer)
-------
feature call (loop) failed at index: 2
caller: classpath:InspireTest/def/checkxlinkurl.template.feature
arg: {"link":"http://inspire.ec.europa.eu/metadata-codelist/SpatialDataServiceCategory/infoFeatureAccessService"}
checkxlinkurl.template.feature:21 - 
java.net.SocketTimeoutException: Read timed out
-------
feature call (loop) failed at index: 3
caller: classpath:InspireTest/def/checkxlinkurl.template.feature
arg: {"link":"http://inspire.ec.europa.eu/metadata-codelist/SpatialDataServiceCategory"}
checkxlinkurl.template.feature:21 - 
java.net.SocketTimeoutException: Read timed out
-------
feature call (loop) failed at index: 5
caller: classpath:InspireTest/def/checkxlinkurl.template.feature
arg: {"link":""}
checkxlinkurl.template.feature:21 - 
org.apache.http.client.ClientProtocolException
-------
feature call (loop) failed at index: 6
caller: classpath:InspireTest/def/checkxlinkurl.template.feature
arg: {"link":""}
checkxlinkurl.template.feature:21 - 
org.apache.http.client.ClientProtocolException
-------
feature call (loop) failed at index: 7
caller: classpath:InspireTest/def/checkxlinkurl.template.feature
arg: {"link":""}
checkxlinkurl.template.feature:21 - 
org.apache.http.client.ClientProtocolException
-------
feature call (loop) failed at index: 8
caller: classpath:InspireTest/def/checkxlinkurl.template.feature
arg: {"link":""}
checkxlinkurl.template.feature:21 - 
org.apache.http.client.ClientProtocolException
-------
feature call (loop) failed at index: 9
caller: classpath:InspireTest/def/checkxlinkurl.template.feature
arg: {"link":""}
checkxlinkurl.template.feature:21 - 
org.apache.http.client.ClientProtocolException
-------
feature call (loop) failed at index: 10
caller: classpath:InspireTest/def/checkxlinkurl.template.feature
arg: {"link":""}
checkxlinkurl.template.feature:21 - 
org.apache.http.client.ClientProtocolException
-------
feature call (loop) failed at index: 11
caller: classpath:InspireTest/def/checkxlinkurl.template.feature
arg: {"link":""}
checkxlinkurl.template.feature:21 - 
org.apache.http.client.ClientProtocolException
-------
feature call (loop) failed at index: 12
caller: classpath:InspireTest/def/checkxlinkurl.template.feature
arg: {"link":""}
checkxlinkurl.template.feature:21 - 
org.apache.http.client.ClientProtocolException
-------
feature call (loop) failed at index: 13
caller: classpath:InspireTest/def/checkxlinkurl.template.feature
arg: {"link":""}
checkxlinkurl.template.feature:21 - 
org.apache.http.client.ClientProtocolException
-------
feature call (loop) failed at index: 14
caller: classpath:InspireTest/def/checkxlinkurl.template.feature
arg: {"link":""}
checkxlinkurl.template.feature:21 - 
org.apache.http.client.ClientProtocolException
-------
feature call (loop) failed at index: 15
caller: classpath:InspireTest/def/checkxlinkurl.template.feature
arg: {"link":""}
checkxlinkurl.template.feature:21 - 
org.apache.http.client.ClientProtocolException
-------
feature call (loop) failed at index: 16
caller: classpath:InspireTest/def/checkxlinkurl.template.feature
arg: {"link":""}
checkxlinkurl.template.feature:21 - 
org.apache.http.client.ClientProtocolException
-------
feature call (loop) failed at index: 17
caller: classpath:InspireTest/def/checkxlinkurl.template.feature
arg: {"link":""}
checkxlinkurl.template.feature:21 - 
org.apache.http.client.ClientProtocolException
-------
feature call (loop) failed at index: 18
caller: classpath:InspireTest/def/checkxlinkurl.template.feature
arg: {"link":""}
checkxlinkurl.template.feature:21 - 
org.apache.http.client.ClientProtocolException
-------
feature call (loop) failed at index: 19
caller: classpath:InspireTest/def/checkxlinkurl.template.feature
arg: {"link":""}
checkxlinkurl.template.feature:21 - 
org.apache.http.client.ClientProtocolException
-------
feature call (loop) failed at index: 20
caller: classpath:InspireTest/def/checkxlinkurl.template.feature
arg: {"link":""}
checkxlinkurl.template.feature:21 - 
org.apache.http.client.ClientProtocolException
-------
feature call (loop) failed at index: 21
caller: classpath:InspireTest/def/checkxlinkurl.template.feature
arg: {"link":""}
checkxlinkurl.template.feature:21 - 
org.apache.http.client.ClientProtocolException
-------
feature call (loop) failed at index: 22
caller: classpath:InspireTest/def/checkxlinkurl.template.feature
arg: {"link":""}
checkxlinkurl.template.feature:21 - 
org.apache.http.client.ClientProtocolException
-------
feature call (loop) failed at index: 23
caller: classpath:InspireTest/def/checkxlinkurl.template.feature
arg: {"link":""}
checkxlinkurl.template.feature:21 - 
org.apache.http.client.ClientProtocolException
-------
feature call (loop) failed at index: 24
caller: classpath:InspireTest/def/checkxlinkurl.template.feature
arg: {"link":""}
checkxlinkurl.template.feature:21 - 
org.apache.http.client.ClientProtocolException
-------
feature call (loop) failed at index: 25
caller: classpath:InspireTest/def/checkxlinkurl.template.feature
arg: {"link":""}
checkxlinkurl.template.feature:21 - 
org.apache.http.client.ClientProtocolException
-------
feature call (loop) failed at index: 26
caller: classpath:InspireTest/def/checkxlinkurl.template.feature
arg: {"link":""}
checkxlinkurl.template.feature:21 - 
org.apache.http.client.ClientProtocolException
-------
feature call (loop) failed at index: 27
caller: classpath:InspireTest/def/checkxlinkurl.template.feature
arg: {"link":""}
checkxlinkurl.template.feature:21 - 
org.apache.http.client.ClientProtocolException
-------
feature call (loop) failed at index: 28
caller: classpath:InspireTest/def/checkxlinkurl.template.feature
arg: {"link":""}
checkxlinkurl.template.feature:21 - 
org.apache.http.client.ClientProtocolException
-------
feature call (loop) failed at index: 29
caller: classpath:InspireTest/def/checkxlinkurl.template.feature
arg: {"link":""}
checkxlinkurl.template.feature:21 - 
org.apache.http.client.ClientProtocolException
-------
feature call (loop) failed at index: 30
caller: classpath:InspireTest/def/checkxlinkurl.template.feature
arg: {"link":""}
checkxlinkurl.template.feature:21 - 
org.apache.http.client.ClientProtocolException
-------
feature call (loop) failed at index: 31
caller: classpath:InspireTest/def/checkxlinkurl.template.feature
arg: {"link":""}
checkxlinkurl.template.feature:21 - 
org.apache.http.client.ClientProtocolException
-------
feature call (loop) failed at index: 32
caller: classpath:InspireTest/def/checkxlinkurl.template.feature
arg: {"link":""}
checkxlinkurl.template.feature:21 - 
org.apache.http.client.ClientProtocolException
-------
feature call (loop) failed at index: 33
caller: classpath:InspireTest/def/checkxlinkurl.template.feature
arg: {"link":""}
checkxlinkurl.template.feature:21 - 
org.apache.http.client.ClientProtocolException
-------
feature call (loop) failed at index: 34
caller: classpath:InspireTest/def/checkxlinkurl.template.feature
arg: {"link":""}
checkxlinkurl.template.feature:21 - 
org.apache.http.client.ClientProtocolException
-------
feature call (loop) failed at index: 35
caller: classpath:InspireTest/def/checkxlinkurl.template.feature
arg: {"link":""}
checkxlinkurl.template.feature:21 - 
org.apache.http.client.ClientProtocolException
-------
feature call (loop) failed at index: 36
caller: classpath:InspireTest/def/checkxlinkurl.template.feature
arg: {"link":""}
checkxlinkurl.template.feature:21 - 
org.apache.http.client.ClientProtocolException
-------
feature call (loop) failed at index: 37
caller: classpath:InspireTest/def/checkxlinkurl.template.feature
arg: {"link":""}
checkxlinkurl.template.feature:21 - 
org.apache.http.client.ClientProtocolException
-------
feature call (loop) failed at index: 38
caller: classpath:InspireTest/def/checkxlinkurl.template.feature
arg: {"link":""}
checkxlinkurl.template.feature:21 - 
org.apache.http.client.ClientProtocolException
-------
feature call (loop) failed at index: 39
caller: classpath:InspireTest/def/checkxlinkurl.template.feature
arg: {"link":""}
checkxlinkurl.template.feature:21 - 
org.apache.http.client.ClientProtocolException
-------
feature call (loop) failed at index: 40
caller: classpath:InspireTest/def/checkxlinkurl.template.feature
arg: {"link":""}
checkxlinkurl.template.feature:21 - 
org.apache.http.client.ClientProtocolException
[1.2:24] check-known-service-record.feature:72 - feature call (loop) failed: classpath:InspireTest/def/checkxlinkurl.template.feature
caller: classpath:InspireTest/ngr/T03_services/check-known-service-record.feature
items: [{link=http://rdfdata.eionet.europa.eu/inspirethemes/themes/17}, {link=http://geonetwork-opensource.org/inspire-theme#}, {link=http://inspire.ec.europa.eu/metadata-codelist/SpatialDataServiceCategory/infoMapAccessService}, {link=http://inspire.ec.europa.eu/metadata-codelist/SpatialDataServiceCategory#}, {link=https://www.nationaalgeoregister.nl/geonetwork/srv/eng/thesaurus.download?ref=external.theme.httpinspireeceuropaeumetadatacodelistSpatialDataServiceCategory-SpatialDataServiceCategory}, {link=}, {link=}, {link=}, {link=https://nationaalgeoregister.nl/geonetwork/srv/en/csw?service=CSW&version=2.0.2&request=GetRecordById&outputschema=http://www.isotc211.org/2005/gmd&elementsetname=full&id=6318009c-7b11-4ab9-9929-735584dfb692#MD_DataIdentification}]
errors:
-------
feature call (loop) failed at index: 0
caller: classpath:InspireTest/def/checkxlinkurl.template.feature
arg: {"link":"http://rdfdata.eionet.europa.eu/inspirethemes/themes/17"}
checkxlinkurl.template.feature:28 - path: $, actual: 404, expected: 200, reason: not equal (Integer)
-------
feature call (loop) failed at index: 1
caller: classpath:InspireTest/def/checkxlinkurl.template.feature
arg: {"link":"http://geonetwork-opensource.org/inspire-theme#"}
checkxlinkurl.template.feature:28 - path: $, actual: 404, expected: 200, reason: not equal (Integer)
-------
feature call (loop) failed at index: 2
caller: classpath:InspireTest/def/checkxlinkurl.template.feature
arg: {"link":"http://inspire.ec.europa.eu/metadata-codelist/SpatialDataServiceCategory/infoMapAccessService"}
checkxlinkurl.template.feature:21 - 
java.net.SocketTimeoutException: Read timed out
-------
feature call (loop) failed at index: 3
caller: classpath:InspireTest/def/checkxlinkurl.template.feature
arg: {"link":"http://inspire.ec.europa.eu/metadata-codelist/SpatialDataServiceCategory#"}
checkxlinkurl.template.feature:21 - 
java.net.SocketTimeoutException: Read timed out
-------
feature call (loop) failed at index: 5
caller: classpath:InspireTest/def/checkxlinkurl.template.feature
arg: {"link":""}
checkxlinkurl.template.feature:21 - 
org.apache.http.client.ClientProtocolException
-------
feature call (loop) failed at index: 6
caller: classpath:InspireTest/def/checkxlinkurl.template.feature
arg: {"link":""}
checkxlinkurl.template.feature:21 - 
org.apache.http.client.ClientProtocolException
-------
feature call (loop) failed at index: 7
caller: classpath:InspireTest/def/checkxlinkurl.template.feature
arg: {"link":""}
checkxlinkurl.template.feature:21 - 
org.apache.http.client.ClientProtocolException
[1.3:24] check-known-service-record.feature:72 - feature call (loop) failed: classpath:InspireTest/def/checkxlinkurl.template.feature
caller: classpath:InspireTest/ngr/T03_services/check-known-service-record.feature
items: [{link=http://inspire.ec.europa.eu/metadata-codelist/SpatialDataServiceCategory/infoMapAccessService}, {link=http://inspire.ec.europa.eu/metadata-codelist/SpatialDataServiceCategory}, {link=https://www.nationaalgeoregister.nl:443/geonetwork/srv/eng/thesaurus.download?ref=external.theme.httpinspireeceuropaeumetadatacodelistSpatialDataServiceCategory-SpatialDataServiceCategory}, {link=}, {link=}, {link=}, {link=http://www.nationaalgeoregister.nl/geonetwork/srv/en/csw?service=CSW&request=GetRecordById&version=2.0.2&outputSchema=http://www.isotc211.org/2005/gmd&elementSetName=full&id=b3f66964-a8c1-456f-9799-9cafca2cb7b1#MD_DataIdentification}]
errors:
-------
feature call (loop) failed at index: 0
caller: classpath:InspireTest/def/checkxlinkurl.template.feature
arg: {"link":"http://inspire.ec.europa.eu/metadata-codelist/SpatialDataServiceCategory/infoMapAccessService"}
checkxlinkurl.template.feature:21 - 
java.net.SocketTimeoutException: Read timed out
-------
feature call (loop) failed at index: 1
caller: classpath:InspireTest/def/checkxlinkurl.template.feature
arg: {"link":"http://inspire.ec.europa.eu/metadata-codelist/SpatialDataServiceCategory"}
checkxlinkurl.template.feature:21 - 
java.net.SocketTimeoutException: Read timed out
-------
feature call (loop) failed at index: 3
caller: classpath:InspireTest/def/checkxlinkurl.template.feature
arg: {"link":""}
checkxlinkurl.template.feature:21 - 
org.apache.http.client.ClientProtocolException
-------
feature call (loop) failed at index: 4
caller: classpath:InspireTest/def/checkxlinkurl.template.feature
arg: {"link":""}
checkxlinkurl.template.feature:21 - 
org.apache.http.client.ClientProtocolException
-------
feature call (loop) failed at index: 5
caller: classpath:InspireTest/def/checkxlinkurl.template.feature
arg: {"link":""}
checkxlinkurl.template.feature:21 - 
org.apache.http.client.ClientProtocolException
[1.4:24] check-known-service-record.feature:72 - feature call (loop) failed: classpath:InspireTest/def/checkxlinkurl.template.feature
caller: classpath:InspireTest/ngr/T03_services/check-known-service-record.feature
items: [{link=http://rdfdata.eionet.europa.eu/inspirethemes/themes/31}, {link=http://geonetwork-opensource.org/inspire-theme#}, {link=}, {link=}, {link=}, {link=}, {link=}, {link=}, {link=}, {link=}, {link=}, {link=}, {link=}, {link=}, {link=}, {link=}, {link=}, {link=}, {link=}, {link=}, {link=}, {link=}, {link=}, {link=}, {link=}, {link=}, {link=}, {link=}, {link=}, {link=}, {link=}, {link=}, {link=}, {link=}, {link=}, {link=}, {link=}, {link=}, {link=}, {link=}, {link=}, {link=}, {link=}, {link=}, {link=}, {link=}, {link=}, {link=}, {link=}, {link=}, {link=}, {link=}, {link=}, {link=}, {link=}, {link=}, {link=}, {link=}, {link=}, {link=}, {link=}, {link=}, {link=}, {link=}, {link=}, {link=}, {link=}, {link=}, {link=}, {link=}, {link=}, {link=}, {link=}, {link=}, {link=}, {link=}, {link=}, {link=}, {link=}, {link=}, {link=}, {link=}, {link=}, {link=}, {link=}, {link=}, {link=}, {link=}, {link=}, {link=}, {link=}, {link=}, {link=}, {link=}, {link=}, {link=}, {link=}, {link=}, {link=}, {link=}, {link=}, {link=}, {link=}, {link=}, {link=}, {link=}, {link=}, {link=}, {link=}, {link=}, {link=}, {link=}, {link=}, {link=}, {link=}, {link=}, {link=}, {link=}, {link=}, {link=}, {link=}, {link=}, {link=}, {link=}, {link=}, {link=}, {link=}, {link=}, {link=}, {link=}, {link=}, {link=}, {link=}, {link=}, {link=}, {link=}, {link=}, {link=}, {link=}, {link=}, {link=}, {link=}, {link=}, {link=}, {link=}, {link=}, {link=}, {link=}, {link=}, {link=}, {link=}, {link=}, {link=}, {link=}, {link=}, {link=}, {link=}, {link=}, {link=}, {link=}, {link=}, {link=}, {link=}, {link=}, {link=}, {link=}, {link=}, {link=}, {link=}, {link=}, {link=}, {link=}, {link=}, {link=}, {link=}, {link=}, {link=}, {link=}, {link=}, {link=}, {link=}, {link=}, {link=}, {link=}, {link=}, {link=}, {link=}, {link=}, {link=}, {link=}, {link=}, {link=}, {link=}, {link=}, {link=}, {link=}, {link=}, {link=}, {link=}, {link=}, {link=}, {link=}, {link=}, {link=}, {link=}, {link=}, {link=}, {link=}, {link=}, {link=}, {link=http://nationaalgeoregister.nl/geonetwork/srv/en/csw?service=CSW&version=2.0.2&request=GetRecordById&outputschema=http://www.isotc211.org/2005/gmd&elementsetname=full&id=977e0e94-7aa9-4784-b2da-eaec44adb61b#MD_DataIdentification}]
errors:
-------
feature call (loop) failed at index: 0
caller: classpath:InspireTest/def/checkxlinkurl.template.feature
arg: {"link":"http://rdfdata.eionet.europa.eu/inspirethemes/themes/31"}
checkxlinkurl.template.feature:28 - path: $, actual: 404, expected: 200, reason: not equal (Integer)
-------
feature call (loop) failed at index: 1
caller: classpath:InspireTest/def/checkxlinkurl.template.feature
arg: {"link":"http://geonetwork-opensource.org/inspire-theme#"}
checkxlinkurl.template.feature:28 - path: $, actual: 404, expected: 200, reason: not equal (Integer)
-------
feature call (loop) failed at index: 2
caller: classpath:InspireTest/def/checkxlinkurl.template.feature
arg: {"link":""}
checkxlinkurl.template.feature:21 - 
org.apache.http.client.ClientProtocolException
-------
feature call (loop) failed at index: 3
caller: classpath:InspireTest/def/checkxlinkurl.template.feature
arg: {"link":""}
checkxlinkurl.template.feature:21 - 
org.apache.http.client.ClientProtocolException
-------
feature call (loop) failed at index: 4
caller: classpath:InspireTest/def/checkxlinkurl.template.feature
arg: {"link":""}
checkxlinkurl.template.feature:21 - 
org.apache.http.client.ClientProtocolException
-------
feature call (loop) failed at index: 5
caller: classpath:InspireTest/def/checkxlinkurl.template.feature
arg: {"link":""}
checkxlinkurl.template.feature:21 - 
org.apache.http.client.ClientProtocolException
-------
feature call (loop) failed at index: 6
caller: classpath:InspireTest/def/checkxlinkurl.template.feature
arg: {"link":""}
checkxlinkurl.template.feature:21 - 
org.apache.http.client.ClientProtocolException
-------
feature call (loop) failed at index: 7
caller: classpath:InspireTest/def/checkxlinkurl.template.feature
arg: {"link":""}
checkxlinkurl.template.feature:21 - 
org.apache.http.client.ClientProtocolException
-------
feature call (loop) failed at index: 8
caller: classpath:InspireTest/def/checkxlinkurl.template.feature
arg: {"link":""}
checkxlinkurl.template.feature:21 - 
org.apache.http.client.ClientProtocolException
-------
feature call (loop) failed at index: 9
caller: classpath:InspireTest/def/checkxlinkurl.template.feature
arg: {"link":""}
checkxlinkurl.template.feature:21 - 
org.apache.http.client.ClientProtocolException
-------
feature call (loop) failed at index: 10
caller: classpath:InspireTest/def/checkxlinkurl.template.feature
arg: {"link":""}
checkxlinkurl.template.feature:21 - 
org.apache.http.client.ClientProtocolException
-------
feature call (loop) failed at index: 11
caller: classpath:InspireTest/def/checkxlinkurl.template.feature
arg: {"link":""}
checkxlinkurl.template.feature:21 - 
org.apache.http.client.ClientProtocolException
-------
feature call (loop) failed at index: 12
caller: classpath:InspireTest/def/checkxlinkurl.template.feature
arg: {"link":""}
checkxlinkurl.template.feature:21 - 
org.apache.http.client.ClientProtocolException
-------
feature call (loop) failed at index: 13
caller: classpath:InspireTest/def/checkxlinkurl.template.feature
arg: {"link":""}
checkxlinkurl.template.feature:21 - 
org.apache.http.client.ClientProtocolException
-------
feature call (loop) failed at index: 14
caller: classpath:InspireTest/def/checkxlinkurl.template.feature
arg: {"link":""}
checkxlinkurl.template.feature:21 - 
org.apache.http.client.ClientProtocolException
-------
feature call (loop) failed at index: 15
caller: classpath:InspireTest/def/checkxlinkurl.template.feature
arg: {"link":""}
checkxlinkurl.template.feature:21 - 
org.apache.http.client.ClientProtocolException
-------
feature call (loop) failed at index: 16
caller: classpath:InspireTest/def/checkxlinkurl.template.feature
arg: {"link":""}
checkxlinkurl.template.feature:21 - 
org.apache.http.client.ClientProtocolException
-------
feature call (loop) failed at index: 17
caller: classpath:InspireTest/def/checkxlinkurl.template.feature
arg: {"link":""}
checkxlinkurl.template.feature:21 - 
org.apache.http.client.ClientProtocolException
-------
feature call (loop) failed at index: 18
caller: classpath:InspireTest/def/checkxlinkurl.template.feature
arg: {"link":""}
checkxlinkurl.template.feature:21 - 
org.apache.http.client.ClientProtocolException
-------
feature call (loop) failed at index: 19
caller: classpath:InspireTest/def/checkxlinkurl.template.feature
arg: {"link":""}
checkxlinkurl.template.feature:21 - 
org.apache.http.client.ClientProtocolException
-------
feature call (loop) failed at index: 20
caller: classpath:InspireTest/def/checkxlinkurl.template.feature
arg: {"link":""}
checkxlinkurl.template.feature:21 - 
org.apache.http.client.ClientProtocolException
-------
feature call (loop) failed at index: 21
caller: classpath:InspireTest/def/checkxlinkurl.template.feature
arg: {"link":""}
checkxlinkurl.template.feature:21 - 
org.apache.http.client.ClientProtocolException
-------
feature call (loop) failed at index: 22
caller: classpath:InspireTest/def/checkxlinkurl.template.feature
arg: {"link":""}
checkxlinkurl.template.feature:21 - 
org.apache.http.client.ClientProtocolException
-------
feature call (loop) failed at index: 23
caller: classpath:InspireTest/def/checkxlinkurl.template.feature
arg: {"link":""}
checkxlinkurl.template.feature:21 - 
org.apache.http.client.ClientProtocolException
-------
feature call (loop) failed at index: 24
caller: classpath:InspireTest/def/checkxlinkurl.template.feature
arg: {"link":""}
checkxlinkurl.template.feature:21 - 
org.apache.http.client.ClientProtocolException
-------
feature call (loop) failed at index: 25
caller: classpath:InspireTest/def/checkxlinkurl.template.feature
arg: {"link":""}
checkxlinkurl.template.feature:21 - 
org.apache.http.client.ClientProtocolException
-------
feature call (loop) failed at index: 26
caller: classpath:InspireTest/def/checkxlinkurl.template.feature
arg: {"link":""}
checkxlinkurl.template.feature:21 - 
org.apache.http.client.ClientProtocolException
-------
feature call (loop) failed at index: 27
caller: classpath:InspireTest/def/checkxlinkurl.template.feature
arg: {"link":""}
checkxlinkurl.template.feature:21 - 
org.apache.http.client.ClientProtocolException
-------
feature call (loop) failed at index: 28
caller: classpath:InspireTest/def/checkxlinkurl.template.feature
arg: {"link":""}
checkxlinkurl.template.feature:21 - 
org.apache.http.client.ClientProtocolException
-------
feature call (loop) failed at index: 29
caller: classpath:InspireTest/def/checkxlinkurl.template.feature
arg: {"link":""}
checkxlinkurl.template.feature:21 - 
org.apache.http.client.ClientProtocolException
-------
feature call (loop) failed at index: 30
caller: classpath:InspireTest/def/checkxlinkurl.template.feature
arg: {"link":""}
checkxlinkurl.template.feature:21 - 
org.apache.http.client.ClientProtocolException
-------
feature call (loop) failed at index: 31
caller: classpath:InspireTest/def/checkxlinkurl.template.feature
arg: {"link":""}
checkxlinkurl.template.feature:21 - 
org.apache.http.client.ClientProtocolException
-------
feature call (loop) failed at index: 32
caller: classpath:InspireTest/def/checkxlinkurl.template.feature
arg: {"link":""}
checkxlinkurl.template.feature:21 - 
org.apache.http.client.ClientProtocolException
-------
feature call (loop) failed at index: 33
caller: classpath:InspireTest/def/checkxlinkurl.template.feature
arg: {"link":""}
checkxlinkurl.template.feature:21 - 
org.apache.http.client.ClientProtocolException
-------
feature call (loop) failed at index: 34
caller: classpath:InspireTest/def/checkxlinkurl.template.feature
arg: {"link":""}
checkxlinkurl.template.feature:21 - 
org.apache.http.client.ClientProtocolException
-------
feature call (loop) failed at index: 35
caller: classpath:InspireTest/def/checkxlinkurl.template.feature
arg: {"link":""}
checkxlinkurl.template.feature:21 - 
org.apache.http.client.ClientProtocolException
-------
feature call (loop) failed at index: 36
caller: classpath:InspireTest/def/checkxlinkurl.template.feature
arg: {"link":""}
checkxlinkurl.template.feature:21 - 
org.apache.http.client.ClientProtocolException
-------
feature call (loop) failed at index: 37
caller: classpath:InspireTest/def/checkxlinkurl.template.feature
arg: {"link":""}
checkxlinkurl.template.feature:21 - 
org.apache.http.client.ClientProtocolException
-------
feature call (loop) failed at index: 38
caller: classpath:InspireTest/def/checkxlinkurl.template.feature
arg: {"link":""}
checkxlinkurl.template.feature:21 - 
org.apache.http.client.ClientProtocolException
-------
feature call (loop) failed at index: 39
caller: classpath:InspireTest/def/checkxlinkurl.template.feature
arg: {"link":""}
checkxlinkurl.template.feature:21 - 
org.apache.http.client.ClientProtocolException
-------
feature call (loop) failed at index: 40
caller: classpath:InspireTest/def/checkxlinkurl.template.feature
arg: {"link":""}
checkxlinkurl.template.feature:21 - 
org.apache.http.client.ClientProtocolException
-------
feature call (loop) failed at index: 41
caller: classpath:InspireTest/def/checkxlinkurl.template.feature
arg: {"link":""}
checkxlinkurl.template.feature:21 - 
org.apache.http.client.ClientProtocolException
-------
feature call (loop) failed at index: 42
caller: classpath:InspireTest/def/checkxlinkurl.template.feature
arg: {"link":""}
checkxlinkurl.template.feature:21 - 
org.apache.http.client.ClientProtocolException
-------
feature call (loop) failed at index: 43
caller: classpath:InspireTest/def/checkxlinkurl.template.feature
arg: {"link":""}
checkxlinkurl.template.feature:21 - 
org.apache.http.client.ClientProtocolException
-------
feature call (loop) failed at index: 44
caller: classpath:InspireTest/def/checkxlinkurl.template.feature
arg: {"link":""}
checkxlinkurl.template.feature:21 - 
org.apache.http.client.ClientProtocolException
-------
feature call (loop) failed at index: 45
caller: classpath:InspireTest/def/checkxlinkurl.template.feature
arg: {"link":""}
checkxlinkurl.template.feature:21 - 
org.apache.http.client.ClientProtocolException
-------
feature call (loop) failed at index: 46
caller: classpath:InspireTest/def/checkxlinkurl.template.feature
arg: {"link":""}
checkxlinkurl.template.feature:21 - 
org.apache.http.client.ClientProtocolException
-------
feature call (loop) failed at index: 47
caller: classpath:InspireTest/def/checkxlinkurl.template.feature
arg: {"link":""}
checkxlinkurl.template.feature:21 - 
org.apache.http.client.ClientProtocolException
-------
feature call (loop) failed at index: 48
caller: classpath:InspireTest/def/checkxlinkurl.template.feature
arg: {"link":""}
checkxlinkurl.template.feature:21 - 
org.apache.http.client.ClientProtocolException
-------
feature call (loop) failed at index: 49
caller: classpath:InspireTest/def/checkxlinkurl.template.feature
arg: {"link":""}
checkxlinkurl.template.feature:21 - 
org.apache.http.client.ClientProtocolException
-------
feature call (loop) failed at index: 50
caller: classpath:InspireTest/def/checkxlinkurl.template.feature
arg: {"link":""}
checkxlinkurl.template.feature:21 - 
org.apache.http.client.ClientProtocolException
-------
feature call (loop) failed at index: 51
caller: classpath:InspireTest/def/checkxlinkurl.template.feature
arg: {"link":""}
checkxlinkurl.template.feature:21 - 
org.apache.http.client.ClientProtocolException
-------
feature call (loop) failed at index: 52
caller: classpath:InspireTest/def/checkxlinkurl.template.feature
arg: {"link":""}
checkxlinkurl.template.feature:21 - 
org.apache.http.client.ClientProtocolException
-------
feature call (loop) failed at index: 53
caller: classpath:InspireTest/def/checkxlinkurl.template.feature
arg: {"link":""}
checkxlinkurl.template.feature:21 - 
org.apache.http.client.ClientProtocolException
-------
feature call (loop) failed at index: 54
caller: classpath:InspireTest/def/checkxlinkurl.template.feature
arg: {"link":""}
checkxlinkurl.template.feature:21 - 
org.apache.http.client.ClientProtocolException
-------
feature call (loop) failed at index: 55
caller: classpath:InspireTest/def/checkxlinkurl.template.feature
arg: {"link":""}
checkxlinkurl.template.feature:21 - 
org.apache.http.client.ClientProtocolException
-------
feature call (loop) failed at index: 56
caller: classpath:InspireTest/def/checkxlinkurl.template.feature
arg: {"link":""}
checkxlinkurl.template.feature:21 - 
org.apache.http.client.ClientProtocolException
-------
feature call (loop) failed at index: 57
caller: classpath:InspireTest/def/checkxlinkurl.template.feature
arg: {"link":""}
checkxlinkurl.template.feature:21 - 
org.apache.http.client.ClientProtocolException
-------
feature call (loop) failed at index: 58
caller: classpath:InspireTest/def/checkxlinkurl.template.feature
arg: {"link":""}
checkxlinkurl.template.feature:21 - 
org.apache.http.client.ClientProtocolException
-------
feature call (loop) failed at index: 59
caller: classpath:InspireTest/def/checkxlinkurl.template.feature
arg: {"link":""}
checkxlinkurl.template.feature:21 - 
org.apache.http.client.ClientProtocolException
-------
feature call (loop) failed at index: 60
caller: classpath:InspireTest/def/checkxlinkurl.template.feature
arg: {"link":""}
checkxlinkurl.template.feature:21 - 
org.apache.http.client.ClientProtocolException
-------
feature call (loop) failed at index: 61
caller: classpath:InspireTest/def/checkxlinkurl.template.feature
arg: {"link":""}
checkxlinkurl.template.feature:21 - 
org.apache.http.client.ClientProtocolException
-------
feature call (loop) failed at index: 62
caller: classpath:InspireTest/def/checkxlinkurl.template.feature
arg: {"link":""}
checkxlinkurl.template.feature:21 - 
org.apache.http.client.ClientProtocolException
-------
feature call (loop) failed at index: 63
caller: classpath:InspireTest/def/checkxlinkurl.template.feature
arg: {"link":""}
checkxlinkurl.template.feature:21 - 
org.apache.http.client.ClientProtocolException
-------
feature call (loop) failed at index: 64
caller: classpath:InspireTest/def/checkxlinkurl.template.feature
arg: {"link":""}
checkxlinkurl.template.feature:21 - 
org.apache.http.client.ClientProtocolException
-------
feature call (loop) failed at index: 65
caller: classpath:InspireTest/def/checkxlinkurl.template.feature
arg: {"link":""}
checkxlinkurl.template.feature:21 - 
org.apache.http.client.ClientProtocolException
-------
feature call (loop) failed at index: 66
caller: classpath:InspireTest/def/checkxlinkurl.template.feature
arg: {"link":""}
checkxlinkurl.template.feature:21 - 
org.apache.http.client.ClientProtocolException
-------
feature call (loop) failed at index: 67
caller: classpath:InspireTest/def/checkxlinkurl.template.feature
arg: {"link":""}
checkxlinkurl.template.feature:21 - 
org.apache.http.client.ClientProtocolException
-------
feature call (loop) failed at index: 68
caller: classpath:InspireTest/def/checkxlinkurl.template.feature
arg: {"link":""}
checkxlinkurl.template.feature:21 - 
org.apache.http.client.ClientProtocolException
-------
feature call (loop) failed at index: 69
caller: classpath:InspireTest/def/checkxlinkurl.template.feature
arg: {"link":""}
checkxlinkurl.template.feature:21 - 
org.apache.http.client.ClientProtocolException
-------
feature call (loop) failed at index: 70
caller: classpath:InspireTest/def/checkxlinkurl.template.feature
arg: {"link":""}
checkxlinkurl.template.feature:21 - 
org.apache.http.client.ClientProtocolException
-------
feature call (loop) failed at index: 71
caller: classpath:InspireTest/def/checkxlinkurl.template.feature
arg: {"link":""}
checkxlinkurl.template.feature:21 - 
org.apache.http.client.ClientProtocolException
-------
feature call (loop) failed at index: 72
caller: classpath:InspireTest/def/checkxlinkurl.template.feature
arg: {"link":""}
checkxlinkurl.template.feature:21 - 
org.apache.http.client.ClientProtocolException
-------
feature call (loop) failed at index: 73
caller: classpath:InspireTest/def/checkxlinkurl.template.feature
arg: {"link":""}
checkxlinkurl.template.feature:21 - 
org.apache.http.client.ClientProtocolException
-------
feature call (loop) failed at index: 74
caller: classpath:InspireTest/def/checkxlinkurl.template.feature
arg: {"link":""}
checkxlinkurl.template.feature:21 - 
org.apache.http.client.ClientProtocolException
-------
feature call (loop) failed at index: 75
caller: classpath:InspireTest/def/checkxlinkurl.template.feature
arg: {"link":""}
checkxlinkurl.template.feature:21 - 
org.apache.http.client.ClientProtocolException
-------
feature call (loop) failed at index: 76
caller: classpath:InspireTest/def/checkxlinkurl.template.feature
arg: {"link":""}
checkxlinkurl.template.feature:21 - 
org.apache.http.client.ClientProtocolException
-------
feature call (loop) failed at index: 77
caller: classpath:InspireTest/def/checkxlinkurl.template.feature
arg: {"link":""}
checkxlinkurl.template.feature:21 - 
org.apache.http.client.ClientProtocolException
-------
feature call (loop) failed at index: 78
caller: classpath:InspireTest/def/checkxlinkurl.template.feature
arg: {"link":""}
checkxlinkurl.template.feature:21 - 
org.apache.http.client.ClientProtocolException
-------
feature call (loop) failed at index: 79
caller: classpath:InspireTest/def/checkxlinkurl.template.feature
arg: {"link":""}
checkxlinkurl.template.feature:21 - 
org.apache.http.client.ClientProtocolException
-------
feature call (loop) failed at index: 80
caller: classpath:InspireTest/def/checkxlinkurl.template.feature
arg: {"link":""}
checkxlinkurl.template.feature:21 - 
org.apache.http.client.ClientProtocolException
-------
feature call (loop) failed at index: 81
caller: classpath:InspireTest/def/checkxlinkurl.template.feature
arg: {"link":""}
checkxlinkurl.template.feature:21 - 
org.apache.http.client.ClientProtocolException
-------
feature call (loop) failed at index: 82
caller: classpath:InspireTest/def/checkxlinkurl.template.feature
arg: {"link":""}
checkxlinkurl.template.feature:21 - 
org.apache.http.client.ClientProtocolException
-------
feature call (loop) failed at index: 83
caller: classpath:InspireTest/def/checkxlinkurl.template.feature
arg: {"link":""}
checkxlinkurl.template.feature:21 - 
org.apache.http.client.ClientProtocolException
-------
feature call (loop) failed at index: 84
caller: classpath:InspireTest/def/checkxlinkurl.template.feature
arg: {"link":""}
checkxlinkurl.template.feature:21 - 
org.apache.http.client.ClientProtocolException
-------
feature call (loop) failed at index: 85
caller: classpath:InspireTest/def/checkxlinkurl.template.feature
arg: {"link":""}
checkxlinkurl.template.feature:21 - 
org.apache.http.client.ClientProtocolException
-------
feature call (loop) failed at index: 86
caller: classpath:InspireTest/def/checkxlinkurl.template.feature
arg: {"link":""}
checkxlinkurl.template.feature:21 - 
org.apache.http.client.ClientProtocolException
-------
feature call (loop) failed at index: 87
caller: classpath:InspireTest/def/checkxlinkurl.template.feature
arg: {"link":""}
checkxlinkurl.template.feature:21 - 
org.apache.http.client.ClientProtocolException
-------
feature call (loop) failed at index: 88
caller: classpath:InspireTest/def/checkxlinkurl.template.feature
arg: {"link":""}
checkxlinkurl.template.feature:21 - 
org.apache.http.client.ClientProtocolException
-------
feature call (loop) failed at index: 89
caller: classpath:InspireTest/def/checkxlinkurl.template.feature
arg: {"link":""}
checkxlinkurl.template.feature:21 - 
org.apache.http.client.ClientProtocolException
-------
feature call (loop) failed at index: 90
caller: classpath:InspireTest/def/checkxlinkurl.template.feature
arg: {"link":""}
checkxlinkurl.template.feature:21 - 
org.apache.http.client.ClientProtocolException
-------
feature call (loop) failed at index: 91
caller: classpath:InspireTest/def/checkxlinkurl.template.feature
arg: {"link":""}
checkxlinkurl.template.feature:21 - 
org.apache.http.client.ClientProtocolException
-------
feature call (loop) failed at index: 92
caller: classpath:InspireTest/def/checkxlinkurl.template.feature
arg: {"link":""}
checkxlinkurl.template.feature:21 - 
org.apache.http.client.ClientProtocolException
-------
feature call (loop) failed at index: 93
caller: classpath:InspireTest/def/checkxlinkurl.template.feature
arg: {"link":""}
checkxlinkurl.template.feature:21 - 
org.apache.http.client.ClientProtocolException
-------
feature call (loop) failed at index: 94
caller: classpath:InspireTest/def/checkxlinkurl.template.feature
arg: {"link":""}
checkxlinkurl.template.feature:21 - 
org.apache.http.client.ClientProtocolException
-------
feature call (loop) failed at index: 95
caller: classpath:InspireTest/def/checkxlinkurl.template.feature
arg: {"link":""}
checkxlinkurl.template.feature:21 - 
org.apache.http.client.ClientProtocolException
-------
feature call (loop) failed at index: 96
caller: classpath:InspireTest/def/checkxlinkurl.template.feature
arg: {"link":""}
checkxlinkurl.template.feature:21 - 
org.apache.http.client.ClientProtocolException
-------
feature call (loop) failed at index: 97
caller: classpath:InspireTest/def/checkxlinkurl.template.feature
arg: {"link":""}
checkxlinkurl.template.feature:21 - 
org.apache.http.client.ClientProtocolException
-------
feature call (loop) failed at index: 98
caller: classpath:InspireTest/def/checkxlinkurl.template.feature
arg: {"link":""}
checkxlinkurl.template.feature:21 - 
org.apache.http.client.ClientProtocolException
-------
feature call (loop) failed at index: 99
caller: classpath:InspireTest/def/checkxlinkurl.template.feature
arg: {"link":""}
checkxlinkurl.template.feature:21 - 
org.apache.http.client.ClientProtocolException
-------
feature call (loop) failed at index: 100
caller: classpath:InspireTest/def/checkxlinkurl.template.feature
arg: {"link":""}
checkxlinkurl.template.feature:21 - 
org.apache.http.client.ClientProtocolException
-------
feature call (loop) failed at index: 101
caller: classpath:InspireTest/def/checkxlinkurl.template.feature
arg: {"link":""}
checkxlinkurl.template.feature:21 - 
org.apache.http.client.ClientProtocolException
-------
feature call (loop) failed at index: 102
caller: classpath:InspireTest/def/checkxlinkurl.template.feature
arg: {"link":""}
checkxlinkurl.template.feature:21 - 
org.apache.http.client.ClientProtocolException
-------
feature call (loop) failed at index: 103
caller: classpath:InspireTest/def/checkxlinkurl.template.feature
arg: {"link":""}
checkxlinkurl.template.feature:21 - 
org.apache.http.client.ClientProtocolException
-------
feature call (loop) failed at index: 104
caller: classpath:InspireTest/def/checkxlinkurl.template.feature
arg: {"link":""}
checkxlinkurl.template.feature:21 - 
org.apache.http.client.ClientProtocolException
-------
feature call (loop) failed at index: 105
caller: classpath:InspireTest/def/checkxlinkurl.template.feature
arg: {"link":""}
checkxlinkurl.template.feature:21 - 
org.apache.http.client.ClientProtocolException
-------
feature call (loop) failed at index: 106
caller: classpath:InspireTest/def/checkxlinkurl.template.feature
arg: {"link":""}
checkxlinkurl.template.feature:21 - 
org.apache.http.client.ClientProtocolException
-------
feature call (loop) failed at index: 107
caller: classpath:InspireTest/def/checkxlinkurl.template.feature
arg: {"link":""}
checkxlinkurl.template.feature:21 - 
org.apache.http.client.ClientProtocolException
-------
feature call (loop) failed at index: 108
caller: classpath:InspireTest/def/checkxlinkurl.template.feature
arg: {"link":""}
checkxlinkurl.template.feature:21 - 
org.apache.http.client.ClientProtocolException
-------
feature call (loop) failed at index: 109
caller: classpath:InspireTest/def/checkxlinkurl.template.feature
arg: {"link":""}
checkxlinkurl.template.feature:21 - 
org.apache.http.client.ClientProtocolException
-------
feature call (loop) failed at index: 110
caller: classpath:InspireTest/def/checkxlinkurl.template.feature
arg: {"link":""}
checkxlinkurl.template.feature:21 - 
org.apache.http.client.ClientProtocolException
-------
feature call (loop) failed at index: 111
caller: classpath:InspireTest/def/checkxlinkurl.template.feature
arg: {"link":""}
checkxlinkurl.template.feature:21 - 
org.apache.http.client.ClientProtocolException
-------
feature call (loop) failed at index: 112
caller: classpath:InspireTest/def/checkxlinkurl.template.feature
arg: {"link":""}
checkxlinkurl.template.feature:21 - 
org.apache.http.client.ClientProtocolException
-------
feature call (loop) failed at index: 113
caller: classpath:InspireTest/def/checkxlinkurl.template.feature
arg: {"link":""}
checkxlinkurl.template.feature:21 - 
org.apache.http.client.ClientProtocolException
-------
feature call (loop) failed at index: 114
caller: classpath:InspireTest/def/checkxlinkurl.template.feature
arg: {"link":""}
checkxlinkurl.template.feature:21 - 
org.apache.http.client.ClientProtocolException
-------
feature call (loop) failed at index: 115
caller: classpath:InspireTest/def/checkxlinkurl.template.feature
arg: {"link":""}
checkxlinkurl.template.feature:21 - 
org.apache.http.client.ClientProtocolException
-------
feature call (loop) failed at index: 116
caller: classpath:InspireTest/def/checkxlinkurl.template.feature
arg: {"link":""}
checkxlinkurl.template.feature:21 - 
org.apache.http.client.ClientProtocolException
-------
feature call (loop) failed at index: 117
caller: classpath:InspireTest/def/checkxlinkurl.template.feature
arg: {"link":""}
checkxlinkurl.template.feature:21 - 
org.apache.http.client.ClientProtocolException
-------
feature call (loop) failed at index: 118
caller: classpath:InspireTest/def/checkxlinkurl.template.feature
arg: {"link":""}
checkxlinkurl.template.feature:21 - 
org.apache.http.client.ClientProtocolException
-------
feature call (loop) failed at index: 119
caller: classpath:InspireTest/def/checkxlinkurl.template.feature
arg: {"link":""}
checkxlinkurl.template.feature:21 - 
org.apache.http.client.ClientProtocolException
-------
feature call (loop) failed at index: 120
caller: classpath:InspireTest/def/checkxlinkurl.template.feature
arg: {"link":""}
checkxlinkurl.template.feature:21 - 
org.apache.http.client.ClientProtocolException
-------
feature call (loop) failed at index: 121
caller: classpath:InspireTest/def/checkxlinkurl.template.feature
arg: {"link":""}
checkxlinkurl.template.feature:21 - 
org.apache.http.client.ClientProtocolException
-------
feature call (loop) failed at index: 122
caller: classpath:InspireTest/def/checkxlinkurl.template.feature
arg: {"link":""}
checkxlinkurl.template.feature:21 - 
org.apache.http.client.ClientProtocolException
-------
feature call (loop) failed at index: 123
caller: classpath:InspireTest/def/checkxlinkurl.template.feature
arg: {"link":""}
checkxlinkurl.template.feature:21 - 
org.apache.http.client.ClientProtocolException
-------
feature call (loop) failed at index: 124
caller: classpath:InspireTest/def/checkxlinkurl.template.feature
arg: {"link":""}
checkxlinkurl.template.feature:21 - 
org.apache.http.client.ClientProtocolException
-------
feature call (loop) failed at index: 125
caller: classpath:InspireTest/def/checkxlinkurl.template.feature
arg: {"link":""}
checkxlinkurl.template.feature:21 - 
org.apache.http.client.ClientProtocolException
-------
feature call (loop) failed at index: 126
caller: classpath:InspireTest/def/checkxlinkurl.template.feature
arg: {"link":""}
checkxlinkurl.template.feature:21 - 
org.apache.http.client.ClientProtocolException
-------
feature call (loop) failed at index: 127
caller: classpath:InspireTest/def/checkxlinkurl.template.feature
arg: {"link":""}
checkxlinkurl.template.feature:21 - 
org.apache.http.client.ClientProtocolException
-------
feature call (loop) failed at index: 128
caller: classpath:InspireTest/def/checkxlinkurl.template.feature
arg: {"link":""}
checkxlinkurl.template.feature:21 - 
org.apache.http.client.ClientProtocolException
-------
feature call (loop) failed at index: 129
caller: classpath:InspireTest/def/checkxlinkurl.template.feature
arg: {"link":""}
checkxlinkurl.template.feature:21 - 
org.apache.http.client.ClientProtocolException
-------
feature call (loop) failed at index: 130
caller: classpath:InspireTest/def/checkxlinkurl.template.feature
arg: {"link":""}
checkxlinkurl.template.feature:21 - 
org.apache.http.client.ClientProtocolException
-------
feature call (loop) failed at index: 131
caller: classpath:InspireTest/def/checkxlinkurl.template.feature
arg: {"link":""}
checkxlinkurl.template.feature:21 - 
org.apache.http.client.ClientProtocolException
-------
feature call (loop) failed at index: 132
caller: classpath:InspireTest/def/checkxlinkurl.template.feature
arg: {"link":""}
checkxlinkurl.template.feature:21 - 
org.apache.http.client.ClientProtocolException
-------
feature call (loop) failed at index: 133
caller: classpath:InspireTest/def/checkxlinkurl.template.feature
arg: {"link":""}
checkxlinkurl.template.feature:21 - 
org.apache.http.client.ClientProtocolException
-------
feature call (loop) failed at index: 134
caller: classpath:InspireTest/def/checkxlinkurl.template.feature
arg: {"link":""}
checkxlinkurl.template.feature:21 - 
org.apache.http.client.ClientProtocolException
-------
feature call (loop) failed at index: 135
caller: classpath:InspireTest/def/checkxlinkurl.template.feature
arg: {"link":""}
checkxlinkurl.template.feature:21 - 
org.apache.http.client.ClientProtocolException
-------
feature call (loop) failed at index: 136
caller: classpath:InspireTest/def/checkxlinkurl.template.feature
arg: {"link":""}
checkxlinkurl.template.feature:21 - 
org.apache.http.client.ClientProtocolException
-------
feature call (loop) failed at index: 137
caller: classpath:InspireTest/def/checkxlinkurl.template.feature
arg: {"link":""}
checkxlinkurl.template.feature:21 - 
org.apache.http.client.ClientProtocolException
-------
feature call (loop) failed at index: 138
caller: classpath:InspireTest/def/checkxlinkurl.template.feature
arg: {"link":""}
checkxlinkurl.template.feature:21 - 
org.apache.http.client.ClientProtocolException
-------
feature call (loop) failed at index: 139
caller: classpath:InspireTest/def/checkxlinkurl.template.feature
arg: {"link":""}
checkxlinkurl.template.feature:21 - 
org.apache.http.client.ClientProtocolException
-------
feature call (loop) failed at index: 140
caller: classpath:InspireTest/def/checkxlinkurl.template.feature
arg: {"link":""}
checkxlinkurl.template.feature:21 - 
org.apache.http.client.ClientProtocolException
-------
feature call (loop) failed at index: 141
caller: classpath:InspireTest/def/checkxlinkurl.template.feature
arg: {"link":""}
checkxlinkurl.template.feature:21 - 
org.apache.http.client.ClientProtocolException
-------
feature call (loop) failed at index: 142
caller: classpath:InspireTest/def/checkxlinkurl.template.feature
arg: {"link":""}
checkxlinkurl.template.feature:21 - 
org.apache.http.client.ClientProtocolException
-------
feature call (loop) failed at index: 143
caller: classpath:InspireTest/def/checkxlinkurl.template.feature
arg: {"link":""}
checkxlinkurl.template.feature:21 - 
org.apache.http.client.ClientProtocolException
-------
feature call (loop) failed at index: 144
caller: classpath:InspireTest/def/checkxlinkurl.template.feature
arg: {"link":""}
checkxlinkurl.template.feature:21 - 
org.apache.http.client.ClientProtocolException
-------
feature call (loop) failed at index: 145
caller: classpath:InspireTest/def/checkxlinkurl.template.feature
arg: {"link":""}
checkxlinkurl.template.feature:21 - 
org.apache.http.client.ClientProtocolException
-------
feature call (loop) failed at index: 146
caller: classpath:InspireTest/def/checkxlinkurl.template.feature
arg: {"link":""}
checkxlinkurl.template.feature:21 - 
org.apache.http.client.ClientProtocolException
-------
feature call (loop) failed at index: 147
caller: classpath:InspireTest/def/checkxlinkurl.template.feature
arg: {"link":""}
checkxlinkurl.template.feature:21 - 
org.apache.http.client.ClientProtocolException
-------
feature call (loop) failed at index: 148
caller: classpath:InspireTest/def/checkxlinkurl.template.feature
arg: {"link":""}
checkxlinkurl.template.feature:21 - 
org.apache.http.client.ClientProtocolException
-------
feature call (loop) failed at index: 149
caller: classpath:InspireTest/def/checkxlinkurl.template.feature
arg: {"link":""}
checkxlinkurl.template.feature:21 - 
org.apache.http.client.ClientProtocolException
-------
feature call (loop) failed at index: 150
caller: classpath:InspireTest/def/checkxlinkurl.template.feature
arg: {"link":""}
checkxlinkurl.template.feature:21 - 
org.apache.http.client.ClientProtocolException
-------
feature call (loop) failed at index: 151
caller: classpath:InspireTest/def/checkxlinkurl.template.feature
arg: {"link":""}
checkxlinkurl.template.feature:21 - 
org.apache.http.client.ClientProtocolException
-------
feature call (loop) failed at index: 152
caller: classpath:InspireTest/def/checkxlinkurl.template.feature
arg: {"link":""}
checkxlinkurl.template.feature:21 - 
org.apache.http.client.ClientProtocolException
-------
feature call (loop) failed at index: 153
caller: classpath:InspireTest/def/checkxlinkurl.template.feature
arg: {"link":""}
checkxlinkurl.template.feature:21 - 
org.apache.http.client.ClientProtocolException
-------
feature call (loop) failed at index: 154
caller: classpath:InspireTest/def/checkxlinkurl.template.feature
arg: {"link":""}
checkxlinkurl.template.feature:21 - 
org.apache.http.client.ClientProtocolException
-------
feature call (loop) failed at index: 155
caller: classpath:InspireTest/def/checkxlinkurl.template.feature
arg: {"link":""}
checkxlinkurl.template.feature:21 - 
org.apache.http.client.ClientProtocolException
-------
feature call (loop) failed at index: 156
caller: classpath:InspireTest/def/checkxlinkurl.template.feature
arg: {"link":""}
checkxlinkurl.template.feature:21 - 
org.apache.http.client.ClientProtocolException
-------
feature call (loop) failed at index: 157
caller: classpath:InspireTest/def/checkxlinkurl.template.feature
arg: {"link":""}
checkxlinkurl.template.feature:21 - 
org.apache.http.client.ClientProtocolException
-------
feature call (loop) failed at index: 158
caller: classpath:InspireTest/def/checkxlinkurl.template.feature
arg: {"link":""}
checkxlinkurl.template.feature:21 - 
org.apache.http.client.ClientProtocolException
-------
feature call (loop) failed at index: 159
caller: classpath:InspireTest/def/checkxlinkurl.template.feature
arg: {"link":""}
checkxlinkurl.template.feature:21 - 
org.apache.http.client.ClientProtocolException
-------
feature call (loop) failed at index: 160
caller: classpath:InspireTest/def/checkxlinkurl.template.feature
arg: {"link":""}
checkxlinkurl.template.feature:21 - 
org.apache.http.client.ClientProtocolException
-------
feature call (loop) failed at index: 161
caller: classpath:InspireTest/def/checkxlinkurl.template.feature
arg: {"link":""}
checkxlinkurl.template.feature:21 - 
org.apache.http.client.ClientProtocolException
-------
feature call (loop) failed at index: 162
caller: classpath:InspireTest/def/checkxlinkurl.template.feature
arg: {"link":""}
checkxlinkurl.template.feature:21 - 
org.apache.http.client.ClientProtocolException
-------
feature call (loop) failed at index: 163
caller: classpath:InspireTest/def/checkxlinkurl.template.feature
arg: {"link":""}
checkxlinkurl.template.feature:21 - 
org.apache.http.client.ClientProtocolException
-------
feature call (loop) failed at index: 164
caller: classpath:InspireTest/def/checkxlinkurl.template.feature
arg: {"link":""}
checkxlinkurl.template.feature:21 - 
org.apache.http.client.ClientProtocolException
-------
feature call (loop) failed at index: 165
caller: classpath:InspireTest/def/checkxlinkurl.template.feature
arg: {"link":""}
checkxlinkurl.template.feature:21 - 
org.apache.http.client.ClientProtocolException
-------
feature call (loop) failed at index: 166
caller: classpath:InspireTest/def/checkxlinkurl.template.feature
arg: {"link":""}
checkxlinkurl.template.feature:21 - 
org.apache.http.client.ClientProtocolException
-------
feature call (loop) failed at index: 167
caller: classpath:InspireTest/def/checkxlinkurl.template.feature
arg: {"link":""}
checkxlinkurl.template.feature:21 - 
org.apache.http.client.ClientProtocolException
-------
feature call (loop) failed at index: 168
caller: classpath:InspireTest/def/checkxlinkurl.template.feature
arg: {"link":""}
checkxlinkurl.template.feature:21 - 
org.apache.http.client.ClientProtocolException
-------
feature call (loop) failed at index: 169
caller: classpath:InspireTest/def/checkxlinkurl.template.feature
arg: {"link":""}
checkxlinkurl.template.feature:21 - 
org.apache.http.client.ClientProtocolException
-------
feature call (loop) failed at index: 170
caller: classpath:InspireTest/def/checkxlinkurl.template.feature
arg: {"link":""}
checkxlinkurl.template.feature:21 - 
org.apache.http.client.ClientProtocolException
-------
feature call (loop) failed at index: 171
caller: classpath:InspireTest/def/checkxlinkurl.template.feature
arg: {"link":""}
checkxlinkurl.template.feature:21 - 
org.apache.http.client.ClientProtocolException
-------
feature call (loop) failed at index: 172
caller: classpath:InspireTest/def/checkxlinkurl.template.feature
arg: {"link":""}
checkxlinkurl.template.feature:21 - 
org.apache.http.client.ClientProtocolException
-------
feature call (loop) failed at index: 173
caller: classpath:InspireTest/def/checkxlinkurl.template.feature
arg: {"link":""}
checkxlinkurl.template.feature:21 - 
org.apache.http.client.ClientProtocolException
-------
feature call (loop) failed at index: 174
caller: classpath:InspireTest/def/checkxlinkurl.template.feature
arg: {"link":""}
checkxlinkurl.template.feature:21 - 
org.apache.http.client.ClientProtocolException
-------
feature call (loop) failed at index: 175
caller: classpath:InspireTest/def/checkxlinkurl.template.feature
arg: {"link":""}
checkxlinkurl.template.feature:21 - 
org.apache.http.client.ClientProtocolException
-------
feature call (loop) failed at index: 176
caller: classpath:InspireTest/def/checkxlinkurl.template.feature
arg: {"link":""}
checkxlinkurl.template.feature:21 - 
org.apache.http.client.ClientProtocolException
-------
feature call (loop) failed at index: 177
caller: classpath:InspireTest/def/checkxlinkurl.template.feature
arg: {"link":""}
checkxlinkurl.template.feature:21 - 
org.apache.http.client.ClientProtocolException
-------
feature call (loop) failed at index: 178
caller: classpath:InspireTest/def/checkxlinkurl.template.feature
arg: {"link":""}
checkxlinkurl.template.feature:21 - 
org.apache.http.client.ClientProtocolException
-------
feature call (loop) failed at index: 179
caller: classpath:InspireTest/def/checkxlinkurl.template.feature
arg: {"link":""}
checkxlinkurl.template.feature:21 - 
org.apache.http.client.ClientProtocolException
-------
feature call (loop) failed at index: 180
caller: classpath:InspireTest/def/checkxlinkurl.template.feature
arg: {"link":""}
checkxlinkurl.template.feature:21 - 
org.apache.http.client.ClientProtocolException
-------
feature call (loop) failed at index: 181
caller: classpath:InspireTest/def/checkxlinkurl.template.feature
arg: {"link":""}
checkxlinkurl.template.feature:21 - 
org.apache.http.client.ClientProtocolException
-------
feature call (loop) failed at index: 182
caller: classpath:InspireTest/def/checkxlinkurl.template.feature
arg: {"link":""}
checkxlinkurl.template.feature:21 - 
org.apache.http.client.ClientProtocolException
-------
feature call (loop) failed at index: 183
caller: classpath:InspireTest/def/checkxlinkurl.template.feature
arg: {"link":""}
checkxlinkurl.template.feature:21 - 
org.apache.http.client.ClientProtocolException
-------
feature call (loop) failed at index: 184
caller: classpath:InspireTest/def/checkxlinkurl.template.feature
arg: {"link":""}
checkxlinkurl.template.feature:21 - 
org.apache.http.client.ClientProtocolException
-------
feature call (loop) failed at index: 185
caller: classpath:InspireTest/def/checkxlinkurl.template.feature
arg: {"link":""}
checkxlinkurl.template.feature:21 - 
org.apache.http.client.ClientProtocolException
-------
feature call (loop) failed at index: 186
caller: classpath:InspireTest/def/checkxlinkurl.template.feature
arg: {"link":""}
checkxlinkurl.template.feature:21 - 
org.apache.http.client.ClientProtocolException
-------
feature call (loop) failed at index: 187
caller: classpath:InspireTest/def/checkxlinkurl.template.feature
arg: {"link":""}
checkxlinkurl.template.feature:21 - 
org.apache.http.client.ClientProtocolException
-------
feature call (loop) failed at index: 188
caller: classpath:InspireTest/def/checkxlinkurl.template.feature
arg: {"link":""}
checkxlinkurl.template.feature:21 - 
org.apache.http.client.ClientProtocolException
-------
feature call (loop) failed at index: 189
caller: classpath:InspireTest/def/checkxlinkurl.template.feature
arg: {"link":""}
checkxlinkurl.template.feature:21 - 
org.apache.http.client.ClientProtocolException
-------
feature call (loop) failed at index: 190
caller: classpath:InspireTest/def/checkxlinkurl.template.feature
arg: {"link":""}
checkxlinkurl.template.feature:21 - 
org.apache.http.client.ClientProtocolException
-------
feature call (loop) failed at index: 191
caller: classpath:InspireTest/def/checkxlinkurl.template.feature
arg: {"link":""}
checkxlinkurl.template.feature:21 - 
org.apache.http.client.ClientProtocolException
-------
feature call (loop) failed at index: 192
caller: classpath:InspireTest/def/checkxlinkurl.template.feature
arg: {"link":""}
checkxlinkurl.template.feature:21 - 
org.apache.http.client.ClientProtocolException
-------
feature call (loop) failed at index: 193
caller: classpath:InspireTest/def/checkxlinkurl.template.feature
arg: {"link":""}
checkxlinkurl.template.feature:21 - 
org.apache.http.client.ClientProtocolException
-------
feature call (loop) failed at index: 194
caller: classpath:InspireTest/def/checkxlinkurl.template.feature
arg: {"link":""}
checkxlinkurl.template.feature:21 - 
org.apache.http.client.ClientProtocolException
-------
feature call (loop) failed at index: 195
caller: classpath:InspireTest/def/checkxlinkurl.template.feature
arg: {"link":""}
checkxlinkurl.template.feature:21 - 
org.apache.http.client.ClientProtocolException
-------
feature call (loop) failed at index: 196
caller: classpath:InspireTest/def/checkxlinkurl.template.feature
arg: {"link":""}
checkxlinkurl.template.feature:21 - 
org.apache.http.client.ClientProtocolException
-------
feature call (loop) failed at index: 197
caller: classpath:InspireTest/def/checkxlinkurl.template.feature
arg: {"link":""}
checkxlinkurl.template.feature:21 - 
org.apache.http.client.ClientProtocolException
-------
feature call (loop) failed at index: 198
caller: classpath:InspireTest/def/checkxlinkurl.template.feature
arg: {"link":""}
checkxlinkurl.template.feature:21 - 
org.apache.http.client.ClientProtocolException
-------
feature call (loop) failed at index: 199
caller: classpath:InspireTest/def/checkxlinkurl.template.feature
arg: {"link":""}
checkxlinkurl.template.feature:21 - 
org.apache.http.client.ClientProtocolException
-------
feature call (loop) failed at index: 200
caller: classpath:InspireTest/def/checkxlinkurl.template.feature
arg: {"link":""}
checkxlinkurl.template.feature:21 - 
org.apache.http.client.ClientProtocolException
-------
feature call (loop) failed at index: 201
caller: classpath:InspireTest/def/checkxlinkurl.template.feature
arg: {"link":""}
checkxlinkurl.template.feature:21 - 
org.apache.http.client.ClientProtocolException
-------
feature call (loop) failed at index: 202
caller: classpath:InspireTest/def/checkxlinkurl.template.feature
arg: {"link":""}
checkxlinkurl.template.feature:21 - 
org.apache.http.client.ClientProtocolException
-------
feature call (loop) failed at index: 203
caller: classpath:InspireTest/def/checkxlinkurl.template.feature
arg: {"link":""}
checkxlinkurl.template.feature:21 - 
org.apache.http.client.ClientProtocolException
-------
feature call (loop) failed at index: 204
caller: classpath:InspireTest/def/checkxlinkurl.template.feature
arg: {"link":""}
checkxlinkurl.template.feature:21 - 
org.apache.http.client.ClientProtocolException
-------
feature call (loop) failed at index: 205
caller: classpath:InspireTest/def/checkxlinkurl.template.feature
arg: {"link":""}
checkxlinkurl.template.feature:21 - 
org.apache.http.client.ClientProtocolException
-------
feature call (loop) failed at index: 206
caller: classpath:InspireTest/def/checkxlinkurl.template.feature
arg: {"link":""}
checkxlinkurl.template.feature:21 - 
org.apache.http.client.ClientProtocolException
-------
feature call (loop) failed at index: 207
caller: classpath:InspireTest/def/checkxlinkurl.template.feature
arg: {"link":""}
checkxlinkurl.template.feature:21 - 
org.apache.http.client.ClientProtocolException
-------
feature call (loop) failed at index: 208
caller: classpath:InspireTest/def/checkxlinkurl.template.feature
arg: {"link":""}
checkxlinkurl.template.feature:21 - 
org.apache.http.client.ClientProtocolException
-------
feature call (loop) failed at index: 209
caller: classpath:InspireTest/def/checkxlinkurl.template.feature
arg: {"link":""}
checkxlinkurl.template.feature:21 - 
org.apache.http.client.ClientProtocolException
[1.5:24] check-known-service-record.feature:72 - feature call (loop) failed: classpath:InspireTest/def/checkxlinkurl.template.feature
caller: classpath:InspireTest/ngr/T03_services/check-known-service-record.feature
items: [{link=http://rdfdata.eionet.europa.eu/inspirethemes/themes/7}, {link=http://geonetwork-opensource.org/inspire-theme#}, {link=http://inspire.ec.europa.eu/metadata-codelist/SpatialDataServiceCategory/infoFeatureAccessService}, {link=http://inspire.ec.europa.eu/metadata-codelist/SpatialDataServiceCategory#}, {link=https://www.nationaalgeoregister.nl/geonetwork/srv/eng/thesaurus.download?ref=external.theme.httpinspireeceuropaeumetadatacodelistSpatialDataServiceCategory-SpatialDataServiceCategory}, {link=}, {link=}, {link=}, {link=}, {link=}, {link=}, {link=}, {link=}, {link=}, {link=}, {link=}, {link=}, {link=}, {link=}, {link=}, {link=}, {link=http://nationaalgeoregister.nl/geonetwork/srv/dut/csw?service=CSW&version=2.0.2&request=GetRecordById&outputschema=http://www.isotc211.org/2005/gmd&elementsetname=full&id=5951efa2-1ff3-4763-a966-a2f5497679ee#MD_DataIdentification}]
errors:
-------
feature call (loop) failed at index: 0
caller: classpath:InspireTest/def/checkxlinkurl.template.feature
arg: {"link":"http://rdfdata.eionet.europa.eu/inspirethemes/themes/7"}
checkxlinkurl.template.feature:28 - path: $, actual: 404, expected: 200, reason: not equal (Integer)
-------
feature call (loop) failed at index: 1
caller: classpath:InspireTest/def/checkxlinkurl.template.feature
arg: {"link":"http://geonetwork-opensource.org/inspire-theme#"}
checkxlinkurl.template.feature:28 - path: $, actual: 404, expected: 200, reason: not equal (Integer)
-------
feature call (loop) failed at index: 2
caller: classpath:InspireTest/def/checkxlinkurl.template.feature
arg: {"link":"http://inspire.ec.europa.eu/metadata-codelist/SpatialDataServiceCategory/infoFeatureAccessService"}
checkxlinkurl.template.feature:21 - 
java.net.SocketTimeoutException: Read timed out
-------
feature call (loop) failed at index: 3
caller: classpath:InspireTest/def/checkxlinkurl.template.feature
arg: {"link":"http://inspire.ec.europa.eu/metadata-codelist/SpatialDataServiceCategory#"}
checkxlinkurl.template.feature:21 - 
java.net.SocketTimeoutException: Read timed out
-------
feature call (loop) failed at index: 5
caller: classpath:InspireTest/def/checkxlinkurl.template.feature
arg: {"link":""}
checkxlinkurl.template.feature:21 - 
org.apache.http.client.ClientProtocolException
-------
feature call (loop) failed at index: 6
caller: classpath:InspireTest/def/checkxlinkurl.template.feature
arg: {"link":""}
checkxlinkurl.template.feature:21 - 
org.apache.http.client.ClientProtocolException
-------
feature call (loop) failed at index: 7
caller: classpath:InspireTest/def/checkxlinkurl.template.feature
arg: {"link":""}
checkxlinkurl.template.feature:21 - 
org.apache.http.client.ClientProtocolException
-------
feature call (loop) failed at index: 8
caller: classpath:InspireTest/def/checkxlinkurl.template.feature
arg: {"link":""}
checkxlinkurl.template.feature:21 - 
org.apache.http.client.ClientProtocolException
-------
feature call (loop) failed at index: 9
caller: classpath:InspireTest/def/checkxlinkurl.template.feature
arg: {"link":""}
checkxlinkurl.template.feature:21 - 
org.apache.http.client.ClientProtocolException
-------
feature call (loop) failed at index: 10
caller: classpath:InspireTest/def/checkxlinkurl.template.feature
arg: {"link":""}
checkxlinkurl.template.feature:21 - 
org.apache.http.client.ClientProtocolException
-------
feature call (loop) failed at index: 11
caller: classpath:InspireTest/def/checkxlinkurl.template.feature
arg: {"link":""}
checkxlinkurl.template.feature:21 - 
org.apache.http.client.ClientProtocolException
-------
feature call (loop) failed at index: 12
caller: classpath:InspireTest/def/checkxlinkurl.template.feature
arg: {"link":""}
checkxlinkurl.template.feature:21 - 
org.apache.http.client.ClientProtocolException
-------
feature call (loop) failed at index: 13
caller: classpath:InspireTest/def/checkxlinkurl.template.feature
arg: {"link":""}
checkxlinkurl.template.feature:21 - 
org.apache.http.client.ClientProtocolException
-------
feature call (loop) failed at index: 14
caller: classpath:InspireTest/def/checkxlinkurl.template.feature
arg: {"link":""}
checkxlinkurl.template.feature:21 - 
org.apache.http.client.ClientProtocolException
-------
feature call (loop) failed at index: 15
caller: classpath:InspireTest/def/checkxlinkurl.template.feature
arg: {"link":""}
checkxlinkurl.template.feature:21 - 
org.apache.http.client.ClientProtocolException
-------
feature call (loop) failed at index: 16
caller: classpath:InspireTest/def/checkxlinkurl.template.feature
arg: {"link":""}
checkxlinkurl.template.feature:21 - 
org.apache.http.client.ClientProtocolException
-------
feature call (loop) failed at index: 17
caller: classpath:InspireTest/def/checkxlinkurl.template.feature
arg: {"link":""}
checkxlinkurl.template.feature:21 - 
org.apache.http.client.ClientProtocolException
-------
feature call (loop) failed at index: 18
caller: classpath:InspireTest/def/checkxlinkurl.template.feature
arg: {"link":""}
checkxlinkurl.template.feature:21 - 
org.apache.http.client.ClientProtocolException
-------
feature call (loop) failed at index: 19
caller: classpath:InspireTest/def/checkxlinkurl.template.feature
arg: {"link":""}
checkxlinkurl.template.feature:21 - 
org.apache.http.client.ClientProtocolException
-------
feature call (loop) failed at index: 20
caller: classpath:InspireTest/def/checkxlinkurl.template.feature
arg: {"link":""}
checkxlinkurl.template.feature:21 - 
org.apache.http.client.ClientProtocolException
[1.6:24] check-known-service-record.feature:72 - feature call (loop) failed: classpath:InspireTest/def/checkxlinkurl.template.feature
caller: classpath:InspireTest/ngr/T03_services/check-known-service-record.feature
items: [{link=http://inspire.ec.europa.eu/metadata-codelist/SpatialDataServiceCategory/infoMapAccessService}, {link=http://inspire.ec.europa.eu/metadata-codelist/SpatialDataServiceCategory}, {link=https://www.nationaalgeoregister.nl:443/geonetwork/srv/eng/thesaurus.download?ref=external.theme.httpinspireeceuropaeumetadatacodelistSpatialDataServiceCategory-SpatialDataServiceCategory}, {link=}, {link=}, {link=}, {link=}, {link=}, {link=}, {link=http://nationaalgeoregister.nl/geonetwork/srv/en/csw?service=CSW&version=2.0.2&request=GetRecordById&outputschema=http://www.isotc211.org/2005/gmd&elementsetname=full&id=110f9ec6-4464-462e-9765-83d90cefbeag#MD_DataIdentification}, {link=http://nationaalgeoregister.nl/geonetwork/srv/en/csw?service=CSW&version=2.0.2&request=GetRecordById&outputschema=http://www.isotc211.org/2005/gmd&elementsetname=full&id=110f9ec6-4464-462e-9765-83d90cefbead#MD_DataIdentification}]
errors:
-------
feature call (loop) failed at index: 0
caller: classpath:InspireTest/def/checkxlinkurl.template.feature
arg: {"link":"http://inspire.ec.europa.eu/metadata-codelist/SpatialDataServiceCategory/infoMapAccessService"}
checkxlinkurl.template.feature:21 - 
java.net.SocketTimeoutException: Read timed out
-------
feature call (loop) failed at index: 1
caller: classpath:InspireTest/def/checkxlinkurl.template.feature
arg: {"link":"http://inspire.ec.europa.eu/metadata-codelist/SpatialDataServiceCategory"}
checkxlinkurl.template.feature:21 - 
java.net.SocketTimeoutException: Read timed out
-------
feature call (loop) failed at index: 3
caller: classpath:InspireTest/def/checkxlinkurl.template.feature
arg: {"link":""}
checkxlinkurl.template.feature:21 - 
org.apache.http.client.ClientProtocolException
-------
feature call (loop) failed at index: 4
caller: classpath:InspireTest/def/checkxlinkurl.template.feature
arg: {"link":""}
checkxlinkurl.template.feature:21 - 
org.apache.http.client.ClientProtocolException
-------
feature call (loop) failed at index: 5
caller: classpath:InspireTest/def/checkxlinkurl.template.feature
arg: {"link":""}
checkxlinkurl.template.feature:21 - 
org.apache.http.client.ClientProtocolException
-------
feature call (loop) failed at index: 6
caller: classpath:InspireTest/def/checkxlinkurl.template.feature
arg: {"link":""}
checkxlinkurl.template.feature:21 - 
org.apache.http.client.ClientProtocolException
-------
feature call (loop) failed at index: 7
caller: classpath:InspireTest/def/checkxlinkurl.template.feature
arg: {"link":""}
checkxlinkurl.template.feature:21 - 
org.apache.http.client.ClientProtocolException
-------
feature call (loop) failed at index: 8
caller: classpath:InspireTest/def/checkxlinkurl.template.feature
arg: {"link":""}
checkxlinkurl.template.feature:21 - 
org.apache.http.client.ClientProtocolException
[1.7:24] check-known-service-record.feature:72 - feature call (loop) failed: classpath:InspireTest/def/checkxlinkurl.template.feature
caller: classpath:InspireTest/ngr/T03_services/check-known-service-record.feature
items: [{link=http://rdfdata.eionet.europa.eu/inspirethemes/themes/33}, {link=http://geonetwork-opensource.org/inspire-theme#}, {link=http://inspire.ec.europa.eu/metadata-codelist/SpatialDataServiceCategory/infoMapAccessService}, {link=http://inspire.ec.europa.eu/metadata-codelist/SpatialDataServiceCategory#}, {link=https://www.nationaalgeoregister.nl/geonetwork/srv/eng/thesaurus.download?ref=external.theme.httpinspireeceuropaeumetadatacodelistSpatialDataServiceCategory-SpatialDataServiceCategory}, {link=}, {link=}, {link=}, {link=}, {link=}, {link=}, {link=}, {link=}, {link=}, {link=}, {link=}, {link=}, {link=}, {link=}, {link=}, {link=}, {link=}, {link=}, {link=}, {link=}, {link=}, {link=http://nationaalgeoregister.nl/geonetwork/srv/dut/csw?service=CSW&version=2.0.2&request=GetRecordById&outputschema=http://www.isotc211.org/2005/gmd&elementsetname=full&id=11d83e36-fd0d-46bc-838c-0567c5dfdb19#MD_DataIdentification}, {link=http://nationaalgeoregister.nl/geonetwork/srv/dut/csw?service=CSW&version=2.0.2&request=GetRecordById&outputschema=http://www.isotc211.org/2005/gmd&elementsetname=full&id=34dacd72-d2fb-4e28-844d-73d3b9c3fef2#MD_DataIdentification}, {link=http://nationaalgeoregister.nl/geonetwork/srv/dut/csw?service=CSW&version=2.0.2&request=GetRecordById&outputschema=http://www.isotc211.org/2005/gmd&elementsetname=full&id=419b85e5-04ee-4cc9-b910-bc58594a943a#MD_DataIdentification}, {link=http://nationaalgeoregister.nl/geonetwork/srv/dut/csw?service=CSW&version=2.0.2&request=GetRecordById&outputschema=http://www.isotc211.org/2005/gmd&elementsetname=full&id=119f7512-a71e-4d1a-82e7-7a2b63f9338b#MD_DataIdentification}, {link=http://nationaalgeoregister.nl/geonetwork/srv/dut/csw?service=CSW&version=2.0.2&request=GetRecordById&outputschema=http://www.isotc211.org/2005/gmd&elementsetname=full&id=6ea55ec4-f312-40ef-9935-68806e61b496#MD_DataIdentification}, {link=http://nationaalgeoregister.nl/geonetwork/srv/dut/csw?service=CSW&version=2.0.2&request=GetRecordById&outputschema=http://www.isotc211.org/2005/gmd&elementsetname=full&id=af784610-df36-4d40-bac0-23d8e728999f#MD_DataIdentification}, {link=http://nationaalgeoregister.nl/geonetwork/srv/dut/csw?service=CSW&version=2.0.2&request=GetRecordById&outputschema=http://www.isotc211.org/2005/gmd&elementsetname=full&id=24eb504e-f5f3-4ecf-b760-cc5630e82a57#MD_DataIdentification}]
errors:
-------
feature call (loop) failed at index: 0
caller: classpath:InspireTest/def/checkxlinkurl.template.feature
arg: {"link":"http://rdfdata.eionet.europa.eu/inspirethemes/themes/33"}
checkxlinkurl.template.feature:28 - path: $, actual: 404, expected: 200, reason: not equal (Integer)
-------
feature call (loop) failed at index: 1
caller: classpath:InspireTest/def/checkxlinkurl.template.feature
arg: {"link":"http://geonetwork-opensource.org/inspire-theme#"}
checkxlinkurl.template.feature:28 - path: $, actual: 404, expected: 200, reason: not equal (Integer)
-------
feature call (loop) failed at index: 2
caller: classpath:InspireTest/def/checkxlinkurl.template.feature
arg: {"link":"http://inspire.ec.europa.eu/metadata-codelist/SpatialDataServiceCategory/infoMapAccessService"}
checkxlinkurl.template.feature:21 - 
java.net.SocketTimeoutException: Read timed out
-------
feature call (loop) failed at index: 3
caller: classpath:InspireTest/def/checkxlinkurl.template.feature
arg: {"link":"http://inspire.ec.europa.eu/metadata-codelist/SpatialDataServiceCategory#"}
checkxlinkurl.template.feature:21 - 
java.net.SocketTimeoutException: Read timed out
-------
feature call (loop) failed at index: 5
caller: classpath:InspireTest/def/checkxlinkurl.template.feature
arg: {"link":""}
checkxlinkurl.template.feature:21 - 
org.apache.http.client.ClientProtocolException
-------
feature call (loop) failed at index: 6
caller: classpath:InspireTest/def/checkxlinkurl.template.feature
arg: {"link":""}
checkxlinkurl.template.feature:21 - 
org.apache.http.client.ClientProtocolException
-------
feature call (loop) failed at index: 7
caller: classpath:InspireTest/def/checkxlinkurl.template.feature
arg: {"link":""}
checkxlinkurl.template.feature:21 - 
org.apache.http.client.ClientProtocolException
-------
feature call (loop) failed at index: 8
caller: classpath:InspireTest/def/checkxlinkurl.template.feature
arg: {"link":""}
checkxlinkurl.template.feature:21 - 
org.apache.http.client.ClientProtocolException
-------
feature call (loop) failed at index: 9
caller: classpath:InspireTest/def/checkxlinkurl.template.feature
arg: {"link":""}
checkxlinkurl.template.feature:21 - 
org.apache.http.client.ClientProtocolException
-------
feature call (loop) failed at index: 10
caller: classpath:InspireTest/def/checkxlinkurl.template.feature
arg: {"link":""}
checkxlinkurl.template.feature:21 - 
org.apache.http.client.ClientProtocolException
-------
feature call (loop) failed at index: 11
caller: classpath:InspireTest/def/checkxlinkurl.template.feature
arg: {"link":""}
checkxlinkurl.template.feature:21 - 
org.apache.http.client.ClientProtocolException
-------
feature call (loop) failed at index: 12
caller: classpath:InspireTest/def/checkxlinkurl.template.feature
arg: {"link":""}
checkxlinkurl.template.feature:21 - 
org.apache.http.client.ClientProtocolException
-------
feature call (loop) failed at index: 13
caller: classpath:InspireTest/def/checkxlinkurl.template.feature
arg: {"link":""}
checkxlinkurl.template.feature:21 - 
org.apache.http.client.ClientProtocolException
-------
feature call (loop) failed at index: 14
caller: classpath:InspireTest/def/checkxlinkurl.template.feature
arg: {"link":""}
checkxlinkurl.template.feature:21 - 
org.apache.http.client.ClientProtocolException
-------
feature call (loop) failed at index: 15
caller: classpath:InspireTest/def/checkxlinkurl.template.feature
arg: {"link":""}
checkxlinkurl.template.feature:21 - 
org.apache.http.client.ClientProtocolException
-------
feature call (loop) failed at index: 16
caller: classpath:InspireTest/def/checkxlinkurl.template.feature
arg: {"link":""}
checkxlinkurl.template.feature:21 - 
org.apache.http.client.ClientProtocolException
-------
feature call (loop) failed at index: 17
caller: classpath:InspireTest/def/checkxlinkurl.template.feature
arg: {"link":""}
checkxlinkurl.template.feature:21 - 
org.apache.http.client.ClientProtocolException
-------
feature call (loop) failed at index: 18
caller: classpath:InspireTest/def/checkxlinkurl.template.feature
arg: {"link":""}
checkxlinkurl.template.feature:21 - 
org.apache.http.client.ClientProtocolException
-------
feature call (loop) failed at index: 19
caller: classpath:InspireTest/def/checkxlinkurl.template.feature
arg: {"link":""}
checkxlinkurl.template.feature:21 - 
org.apache.http.client.ClientProtocolException
-------
feature call (loop) failed at index: 20
caller: classpath:InspireTest/def/checkxlinkurl.template.feature
arg: {"link":""}
checkxlinkurl.template.feature:21 - 
org.apache.http.client.ClientProtocolException
-------
feature call (loop) failed at index: 21
caller: classpath:InspireTest/def/checkxlinkurl.template.feature
arg: {"link":""}
checkxlinkurl.template.feature:21 - 
org.apache.http.client.ClientProtocolException
-------
feature call (loop) failed at index: 22
caller: classpath:InspireTest/def/checkxlinkurl.template.feature
arg: {"link":""}
checkxlinkurl.template.feature:21 - 
org.apache.http.client.ClientProtocolException
-------
feature call (loop) failed at index: 23
caller: classpath:InspireTest/def/checkxlinkurl.template.feature
arg: {"link":""}
checkxlinkurl.template.feature:21 - 
org.apache.http.client.ClientProtocolException
-------
feature call (loop) failed at index: 24
caller: classpath:InspireTest/def/checkxlinkurl.template.feature
arg: {"link":""}
checkxlinkurl.template.feature:21 - 
org.apache.http.client.ClientProtocolException
-------
feature call (loop) failed at index: 25
caller: classpath:InspireTest/def/checkxlinkurl.template.feature
arg: {"link":""}
checkxlinkurl.template.feature:21 - 
org.apache.http.client.ClientProtocolException
[1.8:24] check-known-service-record.feature:72 - feature call (loop) failed: classpath:InspireTest/def/checkxlinkurl.template.feature
caller: classpath:InspireTest/ngr/T03_services/check-known-service-record.feature
items: [{link=http://inspire.ec.europa.eu/metadata-codelist/SpatialDataServiceCategory/infoMapAccessService}, {link=http://inspire.ec.europa.eu/metadata-codelist/SpatialDataServiceCategory}, {link=https://www.nationaalgeoregister.nl:443/geonetwork/srv/eng/thesaurus.download?ref=external.theme.httpinspireeceuropaeumetadatacodelistSpatialDataServiceCategory-SpatialDataServiceCategory}, {link=https://www.nationaalgeoregister.nl:443/geonetwork/srv/dut/csw?service=CSW&request=GetRecordById&version=2.0.2&outputSchema=http://www.isotc211.org/2005/gmd&elementSetName=full&id=493ab81b-75f8-4205-b030-6b2fd9eb4295#MD_DataIdentification}]
errors:
-------
feature call (loop) failed at index: 1
caller: classpath:InspireTest/def/checkxlinkurl.template.feature
arg: {"link":"http://inspire.ec.europa.eu/metadata-codelist/SpatialDataServiceCategory"}
checkxlinkurl.template.feature:21 - 
java.net.SocketTimeoutException: Read timed out
[1.9:24] check-known-service-record.feature:72 - feature call (loop) failed: classpath:InspireTest/def/checkxlinkurl.template.feature
caller: classpath:InspireTest/ngr/T03_services/check-known-service-record.feature
items: [{link=}, {link=}, {link=}, {link=http://nationaalgeoregister.nl/geonetwork/srv/dut/csw?service=CSW&version=2.0.2&request=GetRecordById&outputschema=http://www.isotc211.org/2005/gmd&elementsetname=full&id=3d59fd06-9aec-4744-91e7-65e119f74569#MD_DataIdentification}]
errors:
-------
feature call (loop) failed at index: 0
caller: classpath:InspireTest/def/checkxlinkurl.template.feature
arg: {"link":""}
checkxlinkurl.template.feature:21 - 
org.apache.http.client.ClientProtocolException
-------
feature call (loop) failed at index: 1
caller: classpath:InspireTest/def/checkxlinkurl.template.feature
arg: {"link":""}
checkxlinkurl.template.feature:21 - 
org.apache.http.client.ClientProtocolException
-------
feature call (loop) failed at index: 2
caller: classpath:InspireTest/def/checkxlinkurl.template.feature
arg: {"link":""}
checkxlinkurl.template.feature:21 - 
org.apache.http.client.ClientProtocolException
[1.11:24] check-known-service-record.feature:72 - feature call (loop) failed: classpath:InspireTest/def/checkxlinkurl.template.feature
caller: classpath:InspireTest/ngr/T03_services/check-known-service-record.feature
items: [{link=http://inspire.ec.europa.eu/metadata-codelist/SpatialDataServiceCategory/infoMapAccessService}, {link=http://inspire.ec.europa.eu/metadata-codelist/SpatialDataServiceCategory}, {link=https://www.nationaalgeoregister.nl:443/geonetwork/srv/eng/thesaurus.download?ref=external.theme.httpinspireeceuropaeumetadatacodelistSpatialDataServiceCategory-SpatialDataServiceCategory}, {link=}, {link=}, {link=}, {link=http://www.nationaalgeoregister.nl/geonetwork/srv/en/csw?service=CSW&request=GetRecordById&version=2.0.2&outputSchema=http://www.isotc211.org/2005/gmd&elementSetName=full&id=f2f86edf-ac3a-48e8-9292-0544da2d7645#MD_DataIdentification}]
errors:
-------
feature call (loop) failed at index: 0
caller: classpath:InspireTest/def/checkxlinkurl.template.feature
arg: {"link":"http://inspire.ec.europa.eu/metadata-codelist/SpatialDataServiceCategory/infoMapAccessService"}
checkxlinkurl.template.feature:21 - 
java.net.SocketTimeoutException: Read timed out
-------
feature call (loop) failed at index: 1
caller: classpath:InspireTest/def/checkxlinkurl.template.feature
arg: {"link":"http://inspire.ec.europa.eu/metadata-codelist/SpatialDataServiceCategory"}
checkxlinkurl.template.feature:21 - 
java.net.SocketTimeoutException: Read timed out
-------
feature call (loop) failed at index: 3
caller: classpath:InspireTest/def/checkxlinkurl.template.feature
arg: {"link":""}
checkxlinkurl.template.feature:21 - 
org.apache.http.client.ClientProtocolException
-------
feature call (loop) failed at index: 4
caller: classpath:InspireTest/def/checkxlinkurl.template.feature
arg: {"link":""}
checkxlinkurl.template.feature:21 - 
org.apache.http.client.ClientProtocolException
-------
feature call (loop) failed at index: 5
caller: classpath:InspireTest/def/checkxlinkurl.template.feature
arg: {"link":""}
checkxlinkurl.template.feature:21 - 
org.apache.http.client.ClientProtocolException
[1.12:24] check-known-service-record.feature:72 - feature call (loop) failed: classpath:InspireTest/def/checkxlinkurl.template.feature
caller: classpath:InspireTest/ngr/T03_services/check-known-service-record.feature
items: [{link=http://inspire.ec.europa.eu/metadata-codelist/SpatialDataServiceCategory/infoFeatureAccessService}, {link=http://inspire.ec.europa.eu/metadata-codelist/SpatialDataServiceCategory}, {link=https://www.nationaalgeoregister.nl:443/geonetwork/srv/eng/thesaurus.download?ref=external.theme.httpinspireeceuropaeumetadatacodelistSpatialDataServiceCategory-SpatialDataServiceCategory}, {link=}, {link=}, {link=}, {link=}, {link=}, {link=}, {link=}, {link=}, {link=https://nationaalgeoregister.nl/geonetwork/srv/en/csw?service=CSW&version=2.0.2&request=GetRecordById&outputschema=http://www.isotc211.org/2005/gmd&elementsetname=full&id=29c17585-e702-463f-a5dc-99d34b17d333#MD_DataIdentification}]
errors:
-------
feature call (loop) failed at index: 1
caller: classpath:InspireTest/def/checkxlinkurl.template.feature
arg: {"link":"http://inspire.ec.europa.eu/metadata-codelist/SpatialDataServiceCategory"}
checkxlinkurl.template.feature:21 - 
java.net.SocketTimeoutException: Read timed out
-------
feature call (loop) failed at index: 3
caller: classpath:InspireTest/def/checkxlinkurl.template.feature
arg: {"link":""}
checkxlinkurl.template.feature:21 - 
org.apache.http.client.ClientProtocolException
-------
feature call (loop) failed at index: 4
caller: classpath:InspireTest/def/checkxlinkurl.template.feature
arg: {"link":""}
checkxlinkurl.template.feature:21 - 
org.apache.http.client.ClientProtocolException
-------
feature call (loop) failed at index: 5
caller: classpath:InspireTest/def/checkxlinkurl.template.feature
arg: {"link":""}
checkxlinkurl.template.feature:21 - 
org.apache.http.client.ClientProtocolException
-------
feature call (loop) failed at index: 6
caller: classpath:InspireTest/def/checkxlinkurl.template.feature
arg: {"link":""}
checkxlinkurl.template.feature:21 - 
org.apache.http.client.ClientProtocolException
-------
feature call (loop) failed at index: 7
caller: classpath:InspireTest/def/checkxlinkurl.template.feature
arg: {"link":""}
checkxlinkurl.template.feature:21 - 
org.apache.http.client.ClientProtocolException
-------
feature call (loop) failed at index: 8
caller: classpath:InspireTest/def/checkxlinkurl.template.feature
arg: {"link":""}
checkxlinkurl.template.feature:21 - 
org.apache.http.client.ClientProtocolException
-------
feature call (loop) failed at index: 9
caller: classpath:InspireTest/def/checkxlinkurl.template.feature
arg: {"link":""}
checkxlinkurl.template.feature:21 - 
org.apache.http.client.ClientProtocolException
-------
feature call (loop) failed at index: 10
caller: classpath:InspireTest/def/checkxlinkurl.template.feature
arg: {"link":""}
checkxlinkurl.template.feature:21 - 
org.apache.http.client.ClientProtocolException
[1.14:24] check-known-service-record.feature:72 - feature call (loop) failed: classpath:InspireTest/def/checkxlinkurl.template.feature
caller: classpath:InspireTest/ngr/T03_services/check-known-service-record.feature
items: [{link=http://inspire.ec.europa.eu/metadata-codelist/SpatialDataServiceCategory/infoFeatureAccessService}, {link=http://inspire.ec.europa.eu/metadata-codelist/SpatialDataServiceCategory}, {link=https://www.nationaalgeoregister.nl:443/geonetwork/srv/eng/thesaurus.download?ref=external.theme.httpinspireeceuropaeumetadatacodelistSpatialDataServiceCategory-SpatialDataServiceCategory}, {link=}, {link=}, {link=}, {link=}, {link=}, {link=}, {link=}, {link=}, {link=http://nationaalgeoregister.nl/geonetwork/srv/dut/csw?service=CSW&version=2.0.2&request=GetRecordById&outputschema=http://www.isotc211.org/2005/gmd&elementsetname=full&id=be1b1514-8d1f-48e1-9624-fee9b784138b#MD_DataIdentification}, {link=http://nationaalgeoregister.nl/geonetwork/srv/dut/csw?service=CSW&version=2.0.2&request=GetRecordById&outputschema=http://www.isotc211.org/2005/gmd&elementsetname=full&id=db60a314-5583-437d-a2ff-1e59cc57704e#MD_DataIdentification}]
errors:
-------
feature call (loop) failed at index: 0
caller: classpath:InspireTest/def/checkxlinkurl.template.feature
arg: {"link":"http://inspire.ec.europa.eu/metadata-codelist/SpatialDataServiceCategory/infoFeatureAccessService"}
checkxlinkurl.template.feature:21 - 
java.net.SocketTimeoutException: Read timed out
-------
feature call (loop) failed at index: 3
caller: classpath:InspireTest/def/checkxlinkurl.template.feature
arg: {"link":""}
checkxlinkurl.template.feature:21 - 
org.apache.http.client.ClientProtocolException
-------
feature call (loop) failed at index: 4
caller: classpath:InspireTest/def/checkxlinkurl.template.feature
arg: {"link":""}
checkxlinkurl.template.feature:21 - 
org.apache.http.client.ClientProtocolException
-------
feature call (loop) failed at index: 5
caller: classpath:InspireTest/def/checkxlinkurl.template.feature
arg: {"link":""}
checkxlinkurl.template.feature:21 - 
org.apache.http.client.ClientProtocolException
-------
feature call (loop) failed at index: 6
caller: classpath:InspireTest/def/checkxlinkurl.template.feature
arg: {"link":""}
checkxlinkurl.template.feature:21 - 
org.apache.http.client.ClientProtocolException
-------
feature call (loop) failed at index: 7
caller: classpath:InspireTest/def/checkxlinkurl.template.feature
arg: {"link":""}
checkxlinkurl.template.feature:21 - 
org.apache.http.client.ClientProtocolException
-------
feature call (loop) failed at index: 8
caller: classpath:InspireTest/def/checkxlinkurl.template.feature
arg: {"link":""}
checkxlinkurl.template.feature:21 - 
org.apache.http.client.ClientProtocolException
-------
feature call (loop) failed at index: 9
caller: classpath:InspireTest/def/checkxlinkurl.template.feature
arg: {"link":""}
checkxlinkurl.template.feature:21 - 
org.apache.http.client.ClientProtocolException
-------
feature call (loop) failed at index: 10
caller: classpath:InspireTest/def/checkxlinkurl.template.feature
arg: {"link":""}
checkxlinkurl.template.feature:21 - 
org.apache.http.client.ClientProtocolException
[1.15:24] check-known-service-record.feature:72 - feature call (loop) failed: classpath:InspireTest/def/checkxlinkurl.template.feature
caller: classpath:InspireTest/ngr/T03_services/check-known-service-record.feature
items: [{link=http://rdfdata.eionet.europa.eu/inspirethemes/themes/33}, {link=http://geonetwork-opensource.org/inspire-theme#}, {link=http://inspire.ec.europa.eu/metadata-codelist/SpatialDataServiceCategory/infoFeatureAccessService}, {link=http://inspire.ec.europa.eu/metadata-codelist/SpatialDataServiceCategory#}, {link=https://www.nationaalgeoregister.nl/geonetwork/srv/eng/thesaurus.download?ref=external.theme.httpinspireeceuropaeumetadatacodelistSpatialDataServiceCategory-SpatialDataServiceCategory}, {link=}, {link=}, {link=}, {link=}, {link=http://nationaalgeoregister.nl/geonetwork/srv/dut/csw?service=CSW&version=2.0.2&request=GetRecordById&outputschema=http://www.isotc211.org/2005/gmd&elementsetname=full&id=d845cef6-0e23-4212-a951-b69763e39ef0#MD_DataIdentification}]
errors:
-------
feature call (loop) failed at index: 0
caller: classpath:InspireTest/def/checkxlinkurl.template.feature
arg: {"link":"http://rdfdata.eionet.europa.eu/inspirethemes/themes/33"}
checkxlinkurl.template.feature:28 - path: $, actual: 404, expected: 200, reason: not equal (Integer)
-------
feature call (loop) failed at index: 1
caller: classpath:InspireTest/def/checkxlinkurl.template.feature
arg: {"link":"http://geonetwork-opensource.org/inspire-theme#"}
checkxlinkurl.template.feature:28 - path: $, actual: 404, expected: 200, reason: not equal (Integer)
-------
feature call (loop) failed at index: 2
caller: classpath:InspireTest/def/checkxlinkurl.template.feature
arg: {"link":"http://inspire.ec.europa.eu/metadata-codelist/SpatialDataServiceCategory/infoFeatureAccessService"}
checkxlinkurl.template.feature:21 - 
java.net.SocketTimeoutException: Read timed out
-------
feature call (loop) failed at index: 3
caller: classpath:InspireTest/def/checkxlinkurl.template.feature
arg: {"link":"http://inspire.ec.europa.eu/metadata-codelist/SpatialDataServiceCategory#"}
checkxlinkurl.template.feature:21 - 
java.net.SocketTimeoutException: Read timed out
-------
feature call (loop) failed at index: 5
caller: classpath:InspireTest/def/checkxlinkurl.template.feature
arg: {"link":""}
checkxlinkurl.template.feature:21 - 
org.apache.http.client.ClientProtocolException
-------
feature call (loop) failed at index: 6
caller: classpath:InspireTest/def/checkxlinkurl.template.feature
arg: {"link":""}
checkxlinkurl.template.feature:21 - 
org.apache.http.client.ClientProtocolException
-------
feature call (loop) failed at index: 7
caller: classpath:InspireTest/def/checkxlinkurl.template.feature
arg: {"link":""}
checkxlinkurl.template.feature:21 - 
org.apache.http.client.ClientProtocolException
-------
feature call (loop) failed at index: 8
caller: classpath:InspireTest/def/checkxlinkurl.template.feature
arg: {"link":""}
checkxlinkurl.template.feature:21 - 
org.apache.http.client.ClientProtocolException
[1.17:24] check-known-service-record.feature:72 - feature call (loop) failed: classpath:InspireTest/def/checkxlinkurl.template.feature
caller: classpath:InspireTest/ngr/T03_services/check-known-service-record.feature
items: [{link=http://rdfdata.eionet.europa.eu/inspirethemes/themes/31}, {link=http://geonetwork-opensource.org/inspire-theme#}, {link=}, {link=}, {link=}, {link=}, {link=}, {link=}, {link=}, {link=}, {link=}, {link=}, {link=}, {link=}, {link=}, {link=}, {link=}, {link=}, {link=}, {link=}, {link=}, {link=}, {link=}, {link=}, {link=}, {link=}, {link=}, {link=}, {link=}, {link=}, {link=}, {link=}, {link=}, {link=}, {link=}, {link=}, {link=}, {link=}, {link=}, {link=}, {link=}, {link=}, {link=}, {link=}, {link=}, {link=}, {link=}, {link=}, {link=}, {link=}, {link=}, {link=}, {link=}, {link=}, {link=}, {link=}, {link=}, {link=}, {link=}, {link=}, {link=}, {link=}, {link=}, {link=}, {link=}, {link=}, {link=}, {link=}, {link=}, {link=}, {link=}, {link=}, {link=}, {link=}, {link=}, {link=}, {link=}, {link=}, {link=}, {link=}, {link=}, {link=}, {link=}, {link=}, {link=}, {link=}, {link=}, {link=}, {link=}, {link=}, {link=}, {link=}, {link=}, {link=}, {link=}, {link=}, {link=}, {link=}, {link=}, {link=}, {link=}, {link=}, {link=}, {link=}, {link=}, {link=}, {link=}, {link=}, {link=}, {link=}, {link=}, {link=}, {link=}, {link=}, {link=}, {link=}, {link=}, {link=}, {link=}, {link=}, {link=}, {link=}, {link=}, {link=}, {link=}, {link=}, {link=}, {link=}, {link=}, {link=}, {link=}, {link=}, {link=}, {link=}, {link=}, {link=}, {link=}, {link=}, {link=}, {link=}, {link=}, {link=}, {link=}, {link=}, {link=}, {link=}, {link=}, {link=}, {link=}, {link=}, {link=}, {link=}, {link=}, {link=}, {link=}, {link=}, {link=}, {link=}, {link=http://nationaalgeoregister.nl/geonetwork/srv/en/csw?service=CSW&version=2.0.2&request=GetRecordById&outputschema=http://www.isotc211.org/2005/gmd&elementsetname=full&id=977e0e94-7aa9-4784-b2da-eaec44adb61b#MD_DataIdentification}]
errors:
-------
feature call (loop) failed at index: 0
caller: classpath:InspireTest/def/checkxlinkurl.template.feature
arg: {"link":"http://rdfdata.eionet.europa.eu/inspirethemes/themes/31"}
checkxlinkurl.template.feature:28 - path: $, actual: 404, expected: 200, reason: not equal (Integer)
-------
feature call (loop) failed at index: 1
caller: classpath:InspireTest/def/checkxlinkurl.template.feature
arg: {"link":"http://geonetwork-opensource.org/inspire-theme#"}
checkxlinkurl.template.feature:28 - path: $, actual: 404, expected: 200, reason: not equal (Integer)
-------
feature call (loop) failed at index: 2
caller: classpath:InspireTest/def/checkxlinkurl.template.feature
arg: {"link":""}
checkxlinkurl.template.feature:21 - 
org.apache.http.client.ClientProtocolException
-------
feature call (loop) failed at index: 3
caller: classpath:InspireTest/def/checkxlinkurl.template.feature
arg: {"link":""}
checkxlinkurl.template.feature:21 - 
org.apache.http.client.ClientProtocolException
-------
feature call (loop) failed at index: 4
caller: classpath:InspireTest/def/checkxlinkurl.template.feature
arg: {"link":""}
checkxlinkurl.template.feature:21 - 
org.apache.http.client.ClientProtocolException
-------
feature call (loop) failed at index: 5
caller: classpath:InspireTest/def/checkxlinkurl.template.feature
arg: {"link":""}
checkxlinkurl.template.feature:21 - 
org.apache.http.client.ClientProtocolException
-------
feature call (loop) failed at index: 6
caller: classpath:InspireTest/def/checkxlinkurl.template.feature
arg: {"link":""}
checkxlinkurl.template.feature:21 - 
org.apache.http.client.ClientProtocolException
-------
feature call (loop) failed at index: 7
caller: classpath:InspireTest/def/checkxlinkurl.template.feature
arg: {"link":""}
checkxlinkurl.template.feature:21 - 
org.apache.http.client.ClientProtocolException
-------
feature call (loop) failed at index: 8
caller: classpath:InspireTest/def/checkxlinkurl.template.feature
arg: {"link":""}
checkxlinkurl.template.feature:21 - 
org.apache.http.client.ClientProtocolException
-------
feature call (loop) failed at index: 9
caller: classpath:InspireTest/def/checkxlinkurl.template.feature
arg: {"link":""}
checkxlinkurl.template.feature:21 - 
org.apache.http.client.ClientProtocolException
-------
feature call (loop) failed at index: 10
caller: classpath:InspireTest/def/checkxlinkurl.template.feature
arg: {"link":""}
checkxlinkurl.template.feature:21 - 
org.apache.http.client.ClientProtocolException
-------
feature call (loop) failed at index: 11
caller: classpath:InspireTest/def/checkxlinkurl.template.feature
arg: {"link":""}
checkxlinkurl.template.feature:21 - 
org.apache.http.client.ClientProtocolException
-------
feature call (loop) failed at index: 12
caller: classpath:InspireTest/def/checkxlinkurl.template.feature
arg: {"link":""}
checkxlinkurl.template.feature:21 - 
org.apache.http.client.ClientProtocolException
-------
feature call (loop) failed at index: 13
caller: classpath:InspireTest/def/checkxlinkurl.template.feature
arg: {"link":""}
checkxlinkurl.template.feature:21 - 
org.apache.http.client.ClientProtocolException
-------
feature call (loop) failed at index: 14
caller: classpath:InspireTest/def/checkxlinkurl.template.feature
arg: {"link":""}
checkxlinkurl.template.feature:21 - 
org.apache.http.client.ClientProtocolException
-------
feature call (loop) failed at index: 15
caller: classpath:InspireTest/def/checkxlinkurl.template.feature
arg: {"link":""}
checkxlinkurl.template.feature:21 - 
org.apache.http.client.ClientProtocolException
-------
feature call (loop) failed at index: 16
caller: classpath:InspireTest/def/checkxlinkurl.template.feature
arg: {"link":""}
checkxlinkurl.template.feature:21 - 
org.apache.http.client.ClientProtocolException
-------
feature call (loop) failed at index: 17
caller: classpath:InspireTest/def/checkxlinkurl.template.feature
arg: {"link":""}
checkxlinkurl.template.feature:21 - 
org.apache.http.client.ClientProtocolException
-------
feature call (loop) failed at index: 18
caller: classpath:InspireTest/def/checkxlinkurl.template.feature
arg: {"link":""}
checkxlinkurl.template.feature:21 - 
org.apache.http.client.ClientProtocolException
-------
feature call (loop) failed at index: 19
caller: classpath:InspireTest/def/checkxlinkurl.template.feature
arg: {"link":""}
checkxlinkurl.template.feature:21 - 
org.apache.http.client.ClientProtocolException
-------
feature call (loop) failed at index: 20
caller: classpath:InspireTest/def/checkxlinkurl.template.feature
arg: {"link":""}
checkxlinkurl.template.feature:21 - 
org.apache.http.client.ClientProtocolException
-------
feature call (loop) failed at index: 21
caller: classpath:InspireTest/def/checkxlinkurl.template.feature
arg: {"link":""}
checkxlinkurl.template.feature:21 - 
org.apache.http.client.ClientProtocolException
-------
feature call (loop) failed at index: 22
caller: classpath:InspireTest/def/checkxlinkurl.template.feature
arg: {"link":""}
checkxlinkurl.template.feature:21 - 
org.apache.http.client.ClientProtocolException
-------
feature call (loop) failed at index: 23
caller: classpath:InspireTest/def/checkxlinkurl.template.feature
arg: {"link":""}
checkxlinkurl.template.feature:21 - 
org.apache.http.client.ClientProtocolException
-------
feature call (loop) failed at index: 24
caller: classpath:InspireTest/def/checkxlinkurl.template.feature
arg: {"link":""}
checkxlinkurl.template.feature:21 - 
org.apache.http.client.ClientProtocolException
-------
feature call (loop) failed at index: 25
caller: classpath:InspireTest/def/checkxlinkurl.template.feature
arg: {"link":""}
checkxlinkurl.template.feature:21 - 
org.apache.http.client.ClientProtocolException
-------
feature call (loop) failed at index: 26
caller: classpath:InspireTest/def/checkxlinkurl.template.feature
arg: {"link":""}
checkxlinkurl.template.feature:21 - 
org.apache.http.client.ClientProtocolException
-------
feature call (loop) failed at index: 27
caller: classpath:InspireTest/def/checkxlinkurl.template.feature
arg: {"link":""}
checkxlinkurl.template.feature:21 - 
org.apache.http.client.ClientProtocolException
-------
feature call (loop) failed at index: 28
caller: classpath:InspireTest/def/checkxlinkurl.template.feature
arg: {"link":""}
checkxlinkurl.template.feature:21 - 
org.apache.http.client.ClientProtocolException
-------
feature call (loop) failed at index: 29
caller: classpath:InspireTest/def/checkxlinkurl.template.feature
arg: {"link":""}
checkxlinkurl.template.feature:21 - 
org.apache.http.client.ClientProtocolException
-------
feature call (loop) failed at index: 30
caller: classpath:InspireTest/def/checkxlinkurl.template.feature
arg: {"link":""}
checkxlinkurl.template.feature:21 - 
org.apache.http.client.ClientProtocolException
-------
feature call (loop) failed at index: 31
caller: classpath:InspireTest/def/checkxlinkurl.template.feature
arg: {"link":""}
checkxlinkurl.template.feature:21 - 
org.apache.http.client.ClientProtocolException
-------
feature call (loop) failed at index: 32
caller: classpath:InspireTest/def/checkxlinkurl.template.feature
arg: {"link":""}
checkxlinkurl.template.feature:21 - 
org.apache.http.client.ClientProtocolException
-------
feature call (loop) failed at index: 33
caller: classpath:InspireTest/def/checkxlinkurl.template.feature
arg: {"link":""}
checkxlinkurl.template.feature:21 - 
org.apache.http.client.ClientProtocolException
-------
feature call (loop) failed at index: 34
caller: classpath:InspireTest/def/checkxlinkurl.template.feature
arg: {"link":""}
checkxlinkurl.template.feature:21 - 
org.apache.http.client.ClientProtocolException
-------
feature call (loop) failed at index: 35
caller: classpath:InspireTest/def/checkxlinkurl.template.feature
arg: {"link":""}
checkxlinkurl.template.feature:21 - 
org.apache.http.client.ClientProtocolException
-------
feature call (loop) failed at index: 36
caller: classpath:InspireTest/def/checkxlinkurl.template.feature
arg: {"link":""}
checkxlinkurl.template.feature:21 - 
org.apache.http.client.ClientProtocolException
-------
feature call (loop) failed at index: 37
caller: classpath:InspireTest/def/checkxlinkurl.template.feature
arg: {"link":""}
checkxlinkurl.template.feature:21 - 
org.apache.http.client.ClientProtocolException
-------
feature call (loop) failed at index: 38
caller: classpath:InspireTest/def/checkxlinkurl.template.feature
arg: {"link":""}
checkxlinkurl.template.feature:21 - 
org.apache.http.client.ClientProtocolException
-------
feature call (loop) failed at index: 39
caller: classpath:InspireTest/def/checkxlinkurl.template.feature
arg: {"link":""}
checkxlinkurl.template.feature:21 - 
org.apache.http.client.ClientProtocolException
-------
feature call (loop) failed at index: 40
caller: classpath:InspireTest/def/checkxlinkurl.template.feature
arg: {"link":""}
checkxlinkurl.template.feature:21 - 
org.apache.http.client.ClientProtocolException
-------
feature call (loop) failed at index: 41
caller: classpath:InspireTest/def/checkxlinkurl.template.feature
arg: {"link":""}
checkxlinkurl.template.feature:21 - 
org.apache.http.client.ClientProtocolException
-------
feature call (loop) failed at index: 42
caller: classpath:InspireTest/def/checkxlinkurl.template.feature
arg: {"link":""}
checkxlinkurl.template.feature:21 - 
org.apache.http.client.ClientProtocolException
-------
feature call (loop) failed at index: 43
caller: classpath:InspireTest/def/checkxlinkurl.template.feature
arg: {"link":""}
checkxlinkurl.template.feature:21 - 
org.apache.http.client.ClientProtocolException
-------
feature call (loop) failed at index: 44
caller: classpath:InspireTest/def/checkxlinkurl.template.feature
arg: {"link":""}
checkxlinkurl.template.feature:21 - 
org.apache.http.client.ClientProtocolException
-------
feature call (loop) failed at index: 45
caller: classpath:InspireTest/def/checkxlinkurl.template.feature
arg: {"link":""}
checkxlinkurl.template.feature:21 - 
org.apache.http.client.ClientProtocolException
-------
feature call (loop) failed at index: 46
caller: classpath:InspireTest/def/checkxlinkurl.template.feature
arg: {"link":""}
checkxlinkurl.template.feature:21 - 
org.apache.http.client.ClientProtocolException
-------
feature call (loop) failed at index: 47
caller: classpath:InspireTest/def/checkxlinkurl.template.feature
arg: {"link":""}
checkxlinkurl.template.feature:21 - 
org.apache.http.client.ClientProtocolException
-------
feature call (loop) failed at index: 48
caller: classpath:InspireTest/def/checkxlinkurl.template.feature
arg: {"link":""}
checkxlinkurl.template.feature:21 - 
org.apache.http.client.ClientProtocolException
-------
feature call (loop) failed at index: 49
caller: classpath:InspireTest/def/checkxlinkurl.template.feature
arg: {"link":""}
checkxlinkurl.template.feature:21 - 
org.apache.http.client.ClientProtocolException
-------
feature call (loop) failed at index: 50
caller: classpath:InspireTest/def/checkxlinkurl.template.feature
arg: {"link":""}
checkxlinkurl.template.feature:21 - 
org.apache.http.client.ClientProtocolException
-------
feature call (loop) failed at index: 51
caller: classpath:InspireTest/def/checkxlinkurl.template.feature
arg: {"link":""}
checkxlinkurl.template.feature:21 - 
org.apache.http.client.ClientProtocolException
-------
feature call (loop) failed at index: 52
caller: classpath:InspireTest/def/checkxlinkurl.template.feature
arg: {"link":""}
checkxlinkurl.template.feature:21 - 
org.apache.http.client.ClientProtocolException
-------
feature call (loop) failed at index: 53
caller: classpath:InspireTest/def/checkxlinkurl.template.feature
arg: {"link":""}
checkxlinkurl.template.feature:21 - 
org.apache.http.client.ClientProtocolException
-------
feature call (loop) failed at index: 54
caller: classpath:InspireTest/def/checkxlinkurl.template.feature
arg: {"link":""}
checkxlinkurl.template.feature:21 - 
org.apache.http.client.ClientProtocolException
-------
feature call (loop) failed at index: 55
caller: classpath:InspireTest/def/checkxlinkurl.template.feature
arg: {"link":""}
checkxlinkurl.template.feature:21 - 
org.apache.http.client.ClientProtocolException
-------
feature call (loop) failed at index: 56
caller: classpath:InspireTest/def/checkxlinkurl.template.feature
arg: {"link":""}
checkxlinkurl.template.feature:21 - 
org.apache.http.client.ClientProtocolException
-------
feature call (loop) failed at index: 57
caller: classpath:InspireTest/def/checkxlinkurl.template.feature
arg: {"link":""}
checkxlinkurl.template.feature:21 - 
org.apache.http.client.ClientProtocolException
-------
feature call (loop) failed at index: 58
caller: classpath:InspireTest/def/checkxlinkurl.template.feature
arg: {"link":""}
checkxlinkurl.template.feature:21 - 
org.apache.http.client.ClientProtocolException
-------
feature call (loop) failed at index: 59
caller: classpath:InspireTest/def/checkxlinkurl.template.feature
arg: {"link":""}
checkxlinkurl.template.feature:21 - 
org.apache.http.client.ClientProtocolException
-------
feature call (loop) failed at index: 60
caller: classpath:InspireTest/def/checkxlinkurl.template.feature
arg: {"link":""}
checkxlinkurl.template.feature:21 - 
org.apache.http.client.ClientProtocolException
-------
feature call (loop) failed at index: 61
caller: classpath:InspireTest/def/checkxlinkurl.template.feature
arg: {"link":""}
checkxlinkurl.template.feature:21 - 
org.apache.http.client.ClientProtocolException
-------
feature call (loop) failed at index: 62
caller: classpath:InspireTest/def/checkxlinkurl.template.feature
arg: {"link":""}
checkxlinkurl.template.feature:21 - 
org.apache.http.client.ClientProtocolException
-------
feature call (loop) failed at index: 63
caller: classpath:InspireTest/def/checkxlinkurl.template.feature
arg: {"link":""}
checkxlinkurl.template.feature:21 - 
org.apache.http.client.ClientProtocolException
-------
feature call (loop) failed at index: 64
caller: classpath:InspireTest/def/checkxlinkurl.template.feature
arg: {"link":""}
checkxlinkurl.template.feature:21 - 
org.apache.http.client.ClientProtocolException
-------
feature call (loop) failed at index: 65
caller: classpath:InspireTest/def/checkxlinkurl.template.feature
arg: {"link":""}
checkxlinkurl.template.feature:21 - 
org.apache.http.client.ClientProtocolException
-------
feature call (loop) failed at index: 66
caller: classpath:InspireTest/def/checkxlinkurl.template.feature
arg: {"link":""}
checkxlinkurl.template.feature:21 - 
org.apache.http.client.ClientProtocolException
-------
feature call (loop) failed at index: 67
caller: classpath:InspireTest/def/checkxlinkurl.template.feature
arg: {"link":""}
checkxlinkurl.template.feature:21 - 
org.apache.http.client.ClientProtocolException
-------
feature call (loop) failed at index: 68
caller: classpath:InspireTest/def/checkxlinkurl.template.feature
arg: {"link":""}
checkxlinkurl.template.feature:21 - 
org.apache.http.client.ClientProtocolException
-------
feature call (loop) failed at index: 69
caller: classpath:InspireTest/def/checkxlinkurl.template.feature
arg: {"link":""}
checkxlinkurl.template.feature:21 - 
org.apache.http.client.ClientProtocolException
-------
feature call (loop) failed at index: 70
caller: classpath:InspireTest/def/checkxlinkurl.template.feature
arg: {"link":""}
checkxlinkurl.template.feature:21 - 
org.apache.http.client.ClientProtocolException
-------
feature call (loop) failed at index: 71
caller: classpath:InspireTest/def/checkxlinkurl.template.feature
arg: {"link":""}
checkxlinkurl.template.feature:21 - 
org.apache.http.client.ClientProtocolException
-------
feature call (loop) failed at index: 72
caller: classpath:InspireTest/def/checkxlinkurl.template.feature
arg: {"link":""}
checkxlinkurl.template.feature:21 - 
org.apache.http.client.ClientProtocolException
-------
feature call (loop) failed at index: 73
caller: classpath:InspireTest/def/checkxlinkurl.template.feature
arg: {"link":""}
checkxlinkurl.template.feature:21 - 
org.apache.http.client.ClientProtocolException
-------
feature call (loop) failed at index: 74
caller: classpath:InspireTest/def/checkxlinkurl.template.feature
arg: {"link":""}
checkxlinkurl.template.feature:21 - 
org.apache.http.client.ClientProtocolException
-------
feature call (loop) failed at index: 75
caller: classpath:InspireTest/def/checkxlinkurl.template.feature
arg: {"link":""}
checkxlinkurl.template.feature:21 - 
org.apache.http.client.ClientProtocolException
-------
feature call (loop) failed at index: 76
caller: classpath:InspireTest/def/checkxlinkurl.template.feature
arg: {"link":""}
checkxlinkurl.template.feature:21 - 
org.apache.http.client.ClientProtocolException
-------
feature call (loop) failed at index: 77
caller: classpath:InspireTest/def/checkxlinkurl.template.feature
arg: {"link":""}
checkxlinkurl.template.feature:21 - 
org.apache.http.client.ClientProtocolException
-------
feature call (loop) failed at index: 78
caller: classpath:InspireTest/def/checkxlinkurl.template.feature
arg: {"link":""}
checkxlinkurl.template.feature:21 - 
org.apache.http.client.ClientProtocolException
-------
feature call (loop) failed at index: 79
caller: classpath:InspireTest/def/checkxlinkurl.template.feature
arg: {"link":""}
checkxlinkurl.template.feature:21 - 
org.apache.http.client.ClientProtocolException
-------
feature call (loop) failed at index: 80
caller: classpath:InspireTest/def/checkxlinkurl.template.feature
arg: {"link":""}
checkxlinkurl.template.feature:21 - 
org.apache.http.client.ClientProtocolException
-------
feature call (loop) failed at index: 81
caller: classpath:InspireTest/def/checkxlinkurl.template.feature
arg: {"link":""}
checkxlinkurl.template.feature:21 - 
org.apache.http.client.ClientProtocolException
-------
feature call (loop) failed at index: 82
caller: classpath:InspireTest/def/checkxlinkurl.template.feature
arg: {"link":""}
checkxlinkurl.template.feature:21 - 
org.apache.http.client.ClientProtocolException
-------
feature call (loop) failed at index: 83
caller: classpath:InspireTest/def/checkxlinkurl.template.feature
arg: {"link":""}
checkxlinkurl.template.feature:21 - 
org.apache.http.client.ClientProtocolException
-------
feature call (loop) failed at index: 84
caller: classpath:InspireTest/def/checkxlinkurl.template.feature
arg: {"link":""}
checkxlinkurl.template.feature:21 - 
org.apache.http.client.ClientProtocolException
-------
feature call (loop) failed at index: 85
caller: classpath:InspireTest/def/checkxlinkurl.template.feature
arg: {"link":""}
checkxlinkurl.template.feature:21 - 
org.apache.http.client.ClientProtocolException
-------
feature call (loop) failed at index: 86
caller: classpath:InspireTest/def/checkxlinkurl.template.feature
arg: {"link":""}
checkxlinkurl.template.feature:21 - 
org.apache.http.client.ClientProtocolException
-------
feature call (loop) failed at index: 87
caller: classpath:InspireTest/def/checkxlinkurl.template.feature
arg: {"link":""}
checkxlinkurl.template.feature:21 - 
org.apache.http.client.ClientProtocolException
-------
feature call (loop) failed at index: 88
caller: classpath:InspireTest/def/checkxlinkurl.template.feature
arg: {"link":""}
checkxlinkurl.template.feature:21 - 
org.apache.http.client.ClientProtocolException
-------
feature call (loop) failed at index: 89
caller: classpath:InspireTest/def/checkxlinkurl.template.feature
arg: {"link":""}
checkxlinkurl.template.feature:21 - 
org.apache.http.client.ClientProtocolException
-------
feature call (loop) failed at index: 90
caller: classpath:InspireTest/def/checkxlinkurl.template.feature
arg: {"link":""}
checkxlinkurl.template.feature:21 - 
org.apache.http.client.ClientProtocolException
-------
feature call (loop) failed at index: 91
caller: classpath:InspireTest/def/checkxlinkurl.template.feature
arg: {"link":""}
checkxlinkurl.template.feature:21 - 
org.apache.http.client.ClientProtocolException
-------
feature call (loop) failed at index: 92
caller: classpath:InspireTest/def/checkxlinkurl.template.feature
arg: {"link":""}
checkxlinkurl.template.feature:21 - 
org.apache.http.client.ClientProtocolException
-------
feature call (loop) failed at index: 93
caller: classpath:InspireTest/def/checkxlinkurl.template.feature
arg: {"link":""}
checkxlinkurl.template.feature:21 - 
org.apache.http.client.ClientProtocolException
-------
feature call (loop) failed at index: 94
caller: classpath:InspireTest/def/checkxlinkurl.template.feature
arg: {"link":""}
checkxlinkurl.template.feature:21 - 
org.apache.http.client.ClientProtocolException
-------
feature call (loop) failed at index: 95
caller: classpath:InspireTest/def/checkxlinkurl.template.feature
arg: {"link":""}
checkxlinkurl.template.feature:21 - 
org.apache.http.client.ClientProtocolException
-------
feature call (loop) failed at index: 96
caller: classpath:InspireTest/def/checkxlinkurl.template.feature
arg: {"link":""}
checkxlinkurl.template.feature:21 - 
org.apache.http.client.ClientProtocolException
-------
feature call (loop) failed at index: 97
caller: classpath:InspireTest/def/checkxlinkurl.template.feature
arg: {"link":""}
checkxlinkurl.template.feature:21 - 
org.apache.http.client.ClientProtocolException
-------
feature call (loop) failed at index: 98
caller: classpath:InspireTest/def/checkxlinkurl.template.feature
arg: {"link":""}
checkxlinkurl.template.feature:21 - 
org.apache.http.client.ClientProtocolException
-------
feature call (loop) failed at index: 99
caller: classpath:InspireTest/def/checkxlinkurl.template.feature
arg: {"link":""}
checkxlinkurl.template.feature:21 - 
org.apache.http.client.ClientProtocolException
-------
feature call (loop) failed at index: 100
caller: classpath:InspireTest/def/checkxlinkurl.template.feature
arg: {"link":""}
checkxlinkurl.template.feature:21 - 
org.apache.http.client.ClientProtocolException
-------
feature call (loop) failed at index: 101
caller: classpath:InspireTest/def/checkxlinkurl.template.feature
arg: {"link":""}
checkxlinkurl.template.feature:21 - 
org.apache.http.client.ClientProtocolException
-------
feature call (loop) failed at index: 102
caller: classpath:InspireTest/def/checkxlinkurl.template.feature
arg: {"link":""}
checkxlinkurl.template.feature:21 - 
org.apache.http.client.ClientProtocolException
-------
feature call (loop) failed at index: 103
caller: classpath:InspireTest/def/checkxlinkurl.template.feature
arg: {"link":""}
checkxlinkurl.template.feature:21 - 
org.apache.http.client.ClientProtocolException
-------
feature call (loop) failed at index: 104
caller: classpath:InspireTest/def/checkxlinkurl.template.feature
arg: {"link":""}
checkxlinkurl.template.feature:21 - 
org.apache.http.client.ClientProtocolException
-------
feature call (loop) failed at index: 105
caller: classpath:InspireTest/def/checkxlinkurl.template.feature
arg: {"link":""}
checkxlinkurl.template.feature:21 - 
org.apache.http.client.ClientProtocolException
-------
feature call (loop) failed at index: 106
caller: classpath:InspireTest/def/checkxlinkurl.template.feature
arg: {"link":""}
checkxlinkurl.template.feature:21 - 
org.apache.http.client.ClientProtocolException
-------
feature call (loop) failed at index: 107
caller: classpath:InspireTest/def/checkxlinkurl.template.feature
arg: {"link":""}
checkxlinkurl.template.feature:21 - 
org.apache.http.client.ClientProtocolException
-------
feature call (loop) failed at index: 108
caller: classpath:InspireTest/def/checkxlinkurl.template.feature
arg: {"link":""}
checkxlinkurl.template.feature:21 - 
org.apache.http.client.ClientProtocolException
-------
feature call (loop) failed at index: 109
caller: classpath:InspireTest/def/checkxlinkurl.template.feature
arg: {"link":""}
checkxlinkurl.template.feature:21 - 
org.apache.http.client.ClientProtocolException
-------
feature call (loop) failed at index: 110
caller: classpath:InspireTest/def/checkxlinkurl.template.feature
arg: {"link":""}
checkxlinkurl.template.feature:21 - 
org.apache.http.client.ClientProtocolException
-------
feature call (loop) failed at index: 111
caller: classpath:InspireTest/def/checkxlinkurl.template.feature
arg: {"link":""}
checkxlinkurl.template.feature:21 - 
org.apache.http.client.ClientProtocolException
-------
feature call (loop) failed at index: 112
caller: classpath:InspireTest/def/checkxlinkurl.template.feature
arg: {"link":""}
checkxlinkurl.template.feature:21 - 
org.apache.http.client.ClientProtocolException
-------
feature call (loop) failed at index: 113
caller: classpath:InspireTest/def/checkxlinkurl.template.feature
arg: {"link":""}
checkxlinkurl.template.feature:21 - 
org.apache.http.client.ClientProtocolException
-------
feature call (loop) failed at index: 114
caller: classpath:InspireTest/def/checkxlinkurl.template.feature
arg: {"link":""}
checkxlinkurl.template.feature:21 - 
org.apache.http.client.ClientProtocolException
-------
feature call (loop) failed at index: 115
caller: classpath:InspireTest/def/checkxlinkurl.template.feature
arg: {"link":""}
checkxlinkurl.template.feature:21 - 
org.apache.http.client.ClientProtocolException
-------
feature call (loop) failed at index: 116
caller: classpath:InspireTest/def/checkxlinkurl.template.feature
arg: {"link":""}
checkxlinkurl.template.feature:21 - 
org.apache.http.client.ClientProtocolException
-------
feature call (loop) failed at index: 117
caller: classpath:InspireTest/def/checkxlinkurl.template.feature
arg: {"link":""}
checkxlinkurl.template.feature:21 - 
org.apache.http.client.ClientProtocolException
-------
feature call (loop) failed at index: 118
caller: classpath:InspireTest/def/checkxlinkurl.template.feature
arg: {"link":""}
checkxlinkurl.template.feature:21 - 
org.apache.http.client.ClientProtocolException
-------
feature call (loop) failed at index: 119
caller: classpath:InspireTest/def/checkxlinkurl.template.feature
arg: {"link":""}
checkxlinkurl.template.feature:21 - 
org.apache.http.client.ClientProtocolException
-------
feature call (loop) failed at index: 120
caller: classpath:InspireTest/def/checkxlinkurl.template.feature
arg: {"link":""}
checkxlinkurl.template.feature:21 - 
org.apache.http.client.ClientProtocolException
-------
feature call (loop) failed at index: 121
caller: classpath:InspireTest/def/checkxlinkurl.template.feature
arg: {"link":""}
checkxlinkurl.template.feature:21 - 
org.apache.http.client.ClientProtocolException
-------
feature call (loop) failed at index: 122
caller: classpath:InspireTest/def/checkxlinkurl.template.feature
arg: {"link":""}
checkxlinkurl.template.feature:21 - 
org.apache.http.client.ClientProtocolException
-------
feature call (loop) failed at index: 123
caller: classpath:InspireTest/def/checkxlinkurl.template.feature
arg: {"link":""}
checkxlinkurl.template.feature:21 - 
org.apache.http.client.ClientProtocolException
-------
feature call (loop) failed at index: 124
caller: classpath:InspireTest/def/checkxlinkurl.template.feature
arg: {"link":""}
checkxlinkurl.template.feature:21 - 
org.apache.http.client.ClientProtocolException
-------
feature call (loop) failed at index: 125
caller: classpath:InspireTest/def/checkxlinkurl.template.feature
arg: {"link":""}
checkxlinkurl.template.feature:21 - 
org.apache.http.client.ClientProtocolException
-------
feature call (loop) failed at index: 126
caller: classpath:InspireTest/def/checkxlinkurl.template.feature
arg: {"link":""}
checkxlinkurl.template.feature:21 - 
org.apache.http.client.ClientProtocolException
-------
feature call (loop) failed at index: 127
caller: classpath:InspireTest/def/checkxlinkurl.template.feature
arg: {"link":""}
checkxlinkurl.template.feature:21 - 
org.apache.http.client.ClientProtocolException
-------
feature call (loop) failed at index: 128
caller: classpath:InspireTest/def/checkxlinkurl.template.feature
arg: {"link":""}
checkxlinkurl.template.feature:21 - 
org.apache.http.client.ClientProtocolException
-------
feature call (loop) failed at index: 129
caller: classpath:InspireTest/def/checkxlinkurl.template.feature
arg: {"link":""}
checkxlinkurl.template.feature:21 - 
org.apache.http.client.ClientProtocolException
-------
feature call (loop) failed at index: 130
caller: classpath:InspireTest/def/checkxlinkurl.template.feature
arg: {"link":""}
checkxlinkurl.template.feature:21 - 
org.apache.http.client.ClientProtocolException
-------
feature call (loop) failed at index: 131
caller: classpath:InspireTest/def/checkxlinkurl.template.feature
arg: {"link":""}
checkxlinkurl.template.feature:21 - 
org.apache.http.client.ClientProtocolException
-------
feature call (loop) failed at index: 132
caller: classpath:InspireTest/def/checkxlinkurl.template.feature
arg: {"link":""}
checkxlinkurl.template.feature:21 - 
org.apache.http.client.ClientProtocolException
-------
feature call (loop) failed at index: 133
caller: classpath:InspireTest/def/checkxlinkurl.template.feature
arg: {"link":""}
checkxlinkurl.template.feature:21 - 
org.apache.http.client.ClientProtocolException
-------
feature call (loop) failed at index: 134
caller: classpath:InspireTest/def/checkxlinkurl.template.feature
arg: {"link":""}
checkxlinkurl.template.feature:21 - 
org.apache.http.client.ClientProtocolException
-------
feature call (loop) failed at index: 135
caller: classpath:InspireTest/def/checkxlinkurl.template.feature
arg: {"link":""}
checkxlinkurl.template.feature:21 - 
org.apache.http.client.ClientProtocolException
-------
feature call (loop) failed at index: 136
caller: classpath:InspireTest/def/checkxlinkurl.template.feature
arg: {"link":""}
checkxlinkurl.template.feature:21 - 
org.apache.http.client.ClientProtocolException
-------
feature call (loop) failed at index: 137
caller: classpath:InspireTest/def/checkxlinkurl.template.feature
arg: {"link":""}
checkxlinkurl.template.feature:21 - 
org.apache.http.client.ClientProtocolException
-------
feature call (loop) failed at index: 138
caller: classpath:InspireTest/def/checkxlinkurl.template.feature
arg: {"link":""}
checkxlinkurl.template.feature:21 - 
org.apache.http.client.ClientProtocolException
-------
feature call (loop) failed at index: 139
caller: classpath:InspireTest/def/checkxlinkurl.template.feature
arg: {"link":""}
checkxlinkurl.template.feature:21 - 
org.apache.http.client.ClientProtocolException
-------
feature call (loop) failed at index: 140
caller: classpath:InspireTest/def/checkxlinkurl.template.feature
arg: {"link":""}
checkxlinkurl.template.feature:21 - 
org.apache.http.client.ClientProtocolException
-------
feature call (loop) failed at index: 141
caller: classpath:InspireTest/def/checkxlinkurl.template.feature
arg: {"link":""}
checkxlinkurl.template.feature:21 - 
org.apache.http.client.ClientProtocolException
-------
feature call (loop) failed at index: 142
caller: classpath:InspireTest/def/checkxlinkurl.template.feature
arg: {"link":""}
checkxlinkurl.template.feature:21 - 
org.apache.http.client.ClientProtocolException
-------
feature call (loop) failed at index: 143
caller: classpath:InspireTest/def/checkxlinkurl.template.feature
arg: {"link":""}
checkxlinkurl.template.feature:21 - 
org.apache.http.client.ClientProtocolException
-------
feature call (loop) failed at index: 144
caller: classpath:InspireTest/def/checkxlinkurl.template.feature
arg: {"link":""}
checkxlinkurl.template.feature:21 - 
org.apache.http.client.ClientProtocolException
-------
feature call (loop) failed at index: 145
caller: classpath:InspireTest/def/checkxlinkurl.template.feature
arg: {"link":""}
checkxlinkurl.template.feature:21 - 
org.apache.http.client.ClientProtocolException
-------
feature call (loop) failed at index: 146
caller: classpath:InspireTest/def/checkxlinkurl.template.feature
arg: {"link":""}
checkxlinkurl.template.feature:21 - 
org.apache.http.client.ClientProtocolException
-------
feature call (loop) failed at index: 147
caller: classpath:InspireTest/def/checkxlinkurl.template.feature
arg: {"link":""}
checkxlinkurl.template.feature:21 - 
org.apache.http.client.ClientProtocolException
-------
feature call (loop) failed at index: 148
caller: classpath:InspireTest/def/checkxlinkurl.template.feature
arg: {"link":""}
checkxlinkurl.template.feature:21 - 
org.apache.http.client.ClientProtocolException
-------
feature call (loop) failed at index: 149
caller: classpath:InspireTest/def/checkxlinkurl.template.feature
arg: {"link":""}
checkxlinkurl.template.feature:21 - 
org.apache.http.client.ClientProtocolException
-------
feature call (loop) failed at index: 150
caller: classpath:InspireTest/def/checkxlinkurl.template.feature
arg: {"link":""}
checkxlinkurl.template.feature:21 - 
org.apache.http.client.ClientProtocolException
-------
feature call (loop) failed at index: 151
caller: classpath:InspireTest/def/checkxlinkurl.template.feature
arg: {"link":""}
checkxlinkurl.template.feature:21 - 
org.apache.http.client.ClientProtocolException
-------
feature call (loop) failed at index: 152
caller: classpath:InspireTest/def/checkxlinkurl.template.feature
arg: {"link":""}
checkxlinkurl.template.feature:21 - 
org.apache.http.client.ClientProtocolException
-------
feature call (loop) failed at index: 153
caller: classpath:InspireTest/def/checkxlinkurl.template.feature
arg: {"link":""}
checkxlinkurl.template.feature:21 - 
org.apache.http.client.ClientProtocolException
-------
feature call (loop) failed at index: 154
caller: classpath:InspireTest/def/checkxlinkurl.template.feature
arg: {"link":""}
checkxlinkurl.template.feature:21 - 
org.apache.http.client.ClientProtocolException
-------
feature call (loop) failed at index: 155
caller: classpath:InspireTest/def/checkxlinkurl.template.feature
arg: {"link":""}
checkxlinkurl.template.feature:21 - 
org.apache.http.client.ClientProtocolException
-------
feature call (loop) failed at index: 156
caller: classpath:InspireTest/def/checkxlinkurl.template.feature
arg: {"link":""}
checkxlinkurl.template.feature:21 - 
org.apache.http.client.ClientProtocolException
-------
feature call (loop) failed at index: 157
caller: classpath:InspireTest/def/checkxlinkurl.template.feature
arg: {"link":""}
checkxlinkurl.template.feature:21 - 
org.apache.http.client.ClientProtocolException
[1.18:24] check-known-service-record.feature:72 - feature call (loop) failed: classpath:InspireTest/def/checkxlinkurl.template.feature
caller: classpath:InspireTest/ngr/T03_services/check-known-service-record.feature
items: [{link=http://rdfdata.eionet.europa.eu/inspirethemes/themes/10}, {link=http://geonetwork-opensource.org/inspire-theme#}, {link=http://inspire.ec.europa.eu/metadata-codelist/SpatialDataServiceCategory/infoMapAccessService}, {link=http://inspire.ec.europa.eu/metadata-codelist/SpatialDataServiceCategory#}, {link=https://www.nationaalgeoregister.nl/geonetwork/srv/eng/thesaurus.download?ref=external.theme.httpinspireeceuropaeumetadatacodelistSpatialDataServiceCategory-SpatialDataServiceCategory}, {link=}, {link=}, {link=}, {link=}, {link=}, {link=}, {link=}, {link=}, {link=}, {link=}, {link=}, {link=}, {link=http://nationaalgeoregister.nl/geonetwork/srv/dut/csw?service=CSW&version=2.0.2&request=GetRecordById&outputschema=http://www.isotc211.org/2005/gmd&elementsetname=full&id=5a1adb58-0bbe-425d-b0fe-577a6c0a4228#MD_DataIdentification}, {link=http://nationaalgeoregister.nl/geonetwork/srv/dut/csw?service=CSW&version=2.0.2&request=GetRecordById&outputschema=http://www.isotc211.org/2005/gmd&elementsetname=full&id=b9dd8575-3c1c-41f4-add5-c4f5f2b67179#MD_DataIdentification}, {link=https://www.nationaalgeoregister.nl/geonetwork/srv/dut/csw?service=CSW&request=GetRecordById&version=2.0.2&outputSchema=http://www.isotc211.org/2005/gmd&elementSetName=full&id=00fd1fc4-c190-4fa6-a68f-606c64a16679#MD_DataIdentification}, {link=https://www.nationaalgeoregister.nl/geonetwork/srv/dut/csw?service=CSW&request=GetRecordById&version=2.0.2&outputSchema=http://www.isotc211.org/2005/gmd&elementSetName=full&id=00b0a2bf-57ce-44c9-b94c-f6c9a41f5c61#MD_DataIdentification}, {link=https://www.nationaalgeoregister.n/geonetwork/srv/dut/csw?service=CSW&request=GetRecordById&version=2.0.2&outputSchema=http://www.isotc211.org/2005/gmd&elementSetName=full&id=da237167-7f87-4310-ad64-614233de7a42#MD_DataIdentification}]
errors:
-------
feature call (loop) failed at index: 0
caller: classpath:InspireTest/def/checkxlinkurl.template.feature
arg: {"link":"http://rdfdata.eionet.europa.eu/inspirethemes/themes/10"}
checkxlinkurl.template.feature:28 - path: $, actual: 404, expected: 200, reason: not equal (Integer)
-------
feature call (loop) failed at index: 1
caller: classpath:InspireTest/def/checkxlinkurl.template.feature
arg: {"link":"http://geonetwork-opensource.org/inspire-theme#"}
checkxlinkurl.template.feature:28 - path: $, actual: 404, expected: 200, reason: not equal (Integer)
-------
feature call (loop) failed at index: 2
caller: classpath:InspireTest/def/checkxlinkurl.template.feature
arg: {"link":"http://inspire.ec.europa.eu/metadata-codelist/SpatialDataServiceCategory/infoMapAccessService"}
checkxlinkurl.template.feature:21 - 
java.net.SocketTimeoutException: Read timed out
-------
feature call (loop) failed at index: 3
caller: classpath:InspireTest/def/checkxlinkurl.template.feature
arg: {"link":"http://inspire.ec.europa.eu/metadata-codelist/SpatialDataServiceCategory#"}
checkxlinkurl.template.feature:21 - 
java.net.SocketTimeoutException: Read timed out
-------
feature call (loop) failed at index: 5
caller: classpath:InspireTest/def/checkxlinkurl.template.feature
arg: {"link":""}
checkxlinkurl.template.feature:21 - 
org.apache.http.client.ClientProtocolException
-------
feature call (loop) failed at index: 6
caller: classpath:InspireTest/def/checkxlinkurl.template.feature
arg: {"link":""}
checkxlinkurl.template.feature:21 - 
org.apache.http.client.ClientProtocolException
-------
feature call (loop) failed at index: 7
caller: classpath:InspireTest/def/checkxlinkurl.template.feature
arg: {"link":""}
checkxlinkurl.template.feature:21 - 
org.apache.http.client.ClientProtocolException
-------
feature call (loop) failed at index: 8
caller: classpath:InspireTest/def/checkxlinkurl.template.feature
arg: {"link":""}
checkxlinkurl.template.feature:21 - 
org.apache.http.client.ClientProtocolException
-------
feature call (loop) failed at index: 9
caller: classpath:InspireTest/def/checkxlinkurl.template.feature
arg: {"link":""}
checkxlinkurl.template.feature:21 - 
org.apache.http.client.ClientProtocolException
-------
feature call (loop) failed at index: 10
caller: classpath:InspireTest/def/checkxlinkurl.template.feature
arg: {"link":""}
checkxlinkurl.template.feature:21 - 
org.apache.http.client.ClientProtocolException
-------
feature call (loop) failed at index: 11
caller: classpath:InspireTest/def/checkxlinkurl.template.feature
arg: {"link":""}
checkxlinkurl.template.feature:21 - 
org.apache.http.client.ClientProtocolException
-------
feature call (loop) failed at index: 12
caller: classpath:InspireTest/def/checkxlinkurl.template.feature
arg: {"link":""}
checkxlinkurl.template.feature:21 - 
org.apache.http.client.ClientProtocolException
-------
feature call (loop) failed at index: 13
caller: classpath:InspireTest/def/checkxlinkurl.template.feature
arg: {"link":""}
checkxlinkurl.template.feature:21 - 
org.apache.http.client.ClientProtocolException
-------
feature call (loop) failed at index: 14
caller: classpath:InspireTest/def/checkxlinkurl.template.feature
arg: {"link":""}
checkxlinkurl.template.feature:21 - 
org.apache.http.client.ClientProtocolException
-------
feature call (loop) failed at index: 15
caller: classpath:InspireTest/def/checkxlinkurl.template.feature
arg: {"link":""}
checkxlinkurl.template.feature:21 - 
org.apache.http.client.ClientProtocolException
-------
feature call (loop) failed at index: 16
caller: classpath:InspireTest/def/checkxlinkurl.template.feature
arg: {"link":""}
checkxlinkurl.template.feature:21 - 
org.apache.http.client.ClientProtocolException
-------
feature call (loop) failed at index: 21
caller: classpath:InspireTest/def/checkxlinkurl.template.feature
arg: {"link":"https://www.nationaalgeoregister.n/geonetwork/srv/dut/csw?service=CSW&request=GetRecordById&version=2.0.2&outputSchema=http://www.isotc211.org/2005/gmd&elementSetName=full&id=da237167-7f87-4310-ad64-614233de7a42#MD_DataIdentification"}
checkxlinkurl.template.feature:21 - 
java.net.UnknownHostException: www.nationaalgeoregister.n: Name or service not known
[1.19:24] check-known-service-record.feature:72 - feature call (loop) failed: classpath:InspireTest/def/checkxlinkurl.template.feature
caller: classpath:InspireTest/ngr/T03_services/check-known-service-record.feature
items: [{link=https://www.pdok.nl}, {link=http://inspire.ec.europa.eu/metadata-codelist/SpatialDataServiceCategory/infoMapAccessService}, {link=http://inspire.ec.europa.eu/metadata-codelist/SpatialDataServiceCategory}, {link=https://www.nationaalgeoregister.nl:443/geonetwork/srv/eng/thesaurus.download?ref=external.theme.httpinspireeceuropaeumetadatacodelistSpatialDataServiceCategory-SpatialDataServiceCategory}, {link=}, {link=}, {link=}, {link=}, {link=}, {link=}, {link=}, {link=}, {link=}, {link=}, {link=}, {link=}, {link=}, {link=}, {link=}, {link=}, {link=}, {link=}, {link=}, {link=}, {link=}, {link=}, {link=}, {link=}, {link=}, {link=}, {link=}, {link=}, {link=}, {link=}, {link=}, {link=}, {link=}, {link=}, {link=}, {link=}, {link=}, {link=}, {link=}, {link=}, {link=}, {link=}, {link=}, {link=}, {link=}, {link=}, {link=}, {link=}, {link=}, {link=}, {link=}, {link=}, {link=}, {link=}, {link=}, {link=}, {link=}, {link=}, {link=}, {link=}, {link=}, {link=}, {link=}, {link=}, {link=}, {link=}, {link=}, {link=}, {link=}, {link=}, {link=}, {link=}, {link=}, {link=}, {link=}, {link=}, {link=}, {link=}, {link=}, {link=}, {link=}, {link=}, {link=}, {link=}, {link=}, {link=}, {link=}, {link=}, {link=}, {link=}, {link=}, {link=}, {link=}, {link=}, {link=}, {link=}, {link=}, {link=}, {link=}, {link=}, {link=}, {link=}, {link=}, {link=}, {link=}, {link=}, {link=}, {link=}, {link=}, {link=}, {link=}, {link=}, {link=}, {link=}, {link=}, {link=}, {link=}, {link=}, {link=}, {link=}, {link=}, {link=}, {link=}, {link=}, {link=}, {link=}, {link=}, {link=}, {link=}, {link=}, {link=}, {link=}, {link=}, {link=}, {link=}, {link=}, {link=}, {link=}, {link=}, {link=}, {link=}, {link=}, {link=}, {link=}, {link=}, {link=}, {link=}, {link=}, {link=}, {link=}, {link=}, {link=}, {link=}, {link=}, {link=}, {link=}, {link=http://nationaalgeoregister.nl/geonetwork/srv/dut/csw?service=CSW&version=2.0.2&request=GetRecordById&outputschema=http://www.isotc211.org/2005/gmd&elementsetname=full&id=977e0e94-7aa9-4784-b2da-eaec44adb61b#MD_DataIdentification}]
errors:
-------
feature call (loop) failed at index: 1
caller: classpath:InspireTest/def/checkxlinkurl.template.feature
arg: {"link":"http://inspire.ec.europa.eu/metadata-codelist/SpatialDataServiceCategory/infoMapAccessService"}
checkxlinkurl.template.feature:21 - 
java.net.SocketTimeoutException: Read timed out
-------
feature call (loop) failed at index: 2
caller: classpath:InspireTest/def/checkxlinkurl.template.feature
arg: {"link":"http://inspire.ec.europa.eu/metadata-codelist/SpatialDataServiceCategory"}
checkxlinkurl.template.feature:21 - 
java.net.SocketTimeoutException: Read timed out
-------
feature call (loop) failed at index: 4
caller: classpath:InspireTest/def/checkxlinkurl.template.feature
arg: {"link":""}
checkxlinkurl.template.feature:21 - 
org.apache.http.client.ClientProtocolException
-------
feature call (loop) failed at index: 5
caller: classpath:InspireTest/def/checkxlinkurl.template.feature
arg: {"link":""}
checkxlinkurl.template.feature:21 - 
org.apache.http.client.ClientProtocolException
-------
feature call (loop) failed at index: 6
caller: classpath:InspireTest/def/checkxlinkurl.template.feature
arg: {"link":""}
checkxlinkurl.template.feature:21 - 
org.apache.http.client.ClientProtocolException
-------
feature call (loop) failed at index: 7
caller: classpath:InspireTest/def/checkxlinkurl.template.feature
arg: {"link":""}
checkxlinkurl.template.feature:21 - 
org.apache.http.client.ClientProtocolException
-------
feature call (loop) failed at index: 8
caller: classpath:InspireTest/def/checkxlinkurl.template.feature
arg: {"link":""}
checkxlinkurl.template.feature:21 - 
org.apache.http.client.ClientProtocolException
-------
feature call (loop) failed at index: 9
caller: classpath:InspireTest/def/checkxlinkurl.template.feature
arg: {"link":""}
checkxlinkurl.template.feature:21 - 
org.apache.http.client.ClientProtocolException
-------
feature call (loop) failed at index: 10
caller: classpath:InspireTest/def/checkxlinkurl.template.feature
arg: {"link":""}
checkxlinkurl.template.feature:21 - 
org.apache.http.client.ClientProtocolException
-------
feature call (loop) failed at index: 11
caller: classpath:InspireTest/def/checkxlinkurl.template.feature
arg: {"link":""}
checkxlinkurl.template.feature:21 - 
org.apache.http.client.ClientProtocolException
-------
feature call (loop) failed at index: 12
caller: classpath:InspireTest/def/checkxlinkurl.template.feature
arg: {"link":""}
checkxlinkurl.template.feature:21 - 
org.apache.http.client.ClientProtocolException
-------
feature call (loop) failed at index: 13
caller: classpath:InspireTest/def/checkxlinkurl.template.feature
arg: {"link":""}
checkxlinkurl.template.feature:21 - 
org.apache.http.client.ClientProtocolException
-------
feature call (loop) failed at index: 14
caller: classpath:InspireTest/def/checkxlinkurl.template.feature
arg: {"link":""}
checkxlinkurl.template.feature:21 - 
org.apache.http.client.ClientProtocolException
-------
feature call (loop) failed at index: 15
caller: classpath:InspireTest/def/checkxlinkurl.template.feature
arg: {"link":""}
checkxlinkurl.template.feature:21 - 
org.apache.http.client.ClientProtocolException
-------
feature call (loop) failed at index: 16
caller: classpath:InspireTest/def/checkxlinkurl.template.feature
arg: {"link":""}
checkxlinkurl.template.feature:21 - 
org.apache.http.client.ClientProtocolException
-------
feature call (loop) failed at index: 17
caller: classpath:InspireTest/def/checkxlinkurl.template.feature
arg: {"link":""}
checkxlinkurl.template.feature:21 - 
org.apache.http.client.ClientProtocolException
-------
feature call (loop) failed at index: 18
caller: classpath:InspireTest/def/checkxlinkurl.template.feature
arg: {"link":""}
checkxlinkurl.template.feature:21 - 
org.apache.http.client.ClientProtocolException
-------
feature call (loop) failed at index: 19
caller: classpath:InspireTest/def/checkxlinkurl.template.feature
arg: {"link":""}
checkxlinkurl.template.feature:21 - 
org.apache.http.client.ClientProtocolException
-------
feature call (loop) failed at index: 20
caller: classpath:InspireTest/def/checkxlinkurl.template.feature
arg: {"link":""}
checkxlinkurl.template.feature:21 - 
org.apache.http.client.ClientProtocolException
-------
feature call (loop) failed at index: 21
caller: classpath:InspireTest/def/checkxlinkurl.template.feature
arg: {"link":""}
checkxlinkurl.template.feature:21 - 
org.apache.http.client.ClientProtocolException
-------
feature call (loop) failed at index: 22
caller: classpath:InspireTest/def/checkxlinkurl.template.feature
arg: {"link":""}
checkxlinkurl.template.feature:21 - 
org.apache.http.client.ClientProtocolException
-------
feature call (loop) failed at index: 23
caller: classpath:InspireTest/def/checkxlinkurl.template.feature
arg: {"link":""}
checkxlinkurl.template.feature:21 - 
org.apache.http.client.ClientProtocolException
-------
feature call (loop) failed at index: 24
caller: classpath:InspireTest/def/checkxlinkurl.template.feature
arg: {"link":""}
checkxlinkurl.template.feature:21 - 
org.apache.http.client.ClientProtocolException
-------
feature call (loop) failed at index: 25
caller: classpath:InspireTest/def/checkxlinkurl.template.feature
arg: {"link":""}
checkxlinkurl.template.feature:21 - 
org.apache.http.client.ClientProtocolException
-------
feature call (loop) failed at index: 26
caller: classpath:InspireTest/def/checkxlinkurl.template.feature
arg: {"link":""}
checkxlinkurl.template.feature:21 - 
org.apache.http.client.ClientProtocolException
-------
feature call (loop) failed at index: 27
caller: classpath:InspireTest/def/checkxlinkurl.template.feature
arg: {"link":""}
checkxlinkurl.template.feature:21 - 
org.apache.http.client.ClientProtocolException
-------
feature call (loop) failed at index: 28
caller: classpath:InspireTest/def/checkxlinkurl.template.feature
arg: {"link":""}
checkxlinkurl.template.feature:21 - 
org.apache.http.client.ClientProtocolException
-------
feature call (loop) failed at index: 29
caller: classpath:InspireTest/def/checkxlinkurl.template.feature
arg: {"link":""}
checkxlinkurl.template.feature:21 - 
org.apache.http.client.ClientProtocolException
-------
feature call (loop) failed at index: 30
caller: classpath:InspireTest/def/checkxlinkurl.template.feature
arg: {"link":""}
checkxlinkurl.template.feature:21 - 
org.apache.http.client.ClientProtocolException
-------
feature call (loop) failed at index: 31
caller: classpath:InspireTest/def/checkxlinkurl.template.feature
arg: {"link":""}
checkxlinkurl.template.feature:21 - 
org.apache.http.client.ClientProtocolException
-------
feature call (loop) failed at index: 32
caller: classpath:InspireTest/def/checkxlinkurl.template.feature
arg: {"link":""}
checkxlinkurl.template.feature:21 - 
org.apache.http.client.ClientProtocolException
-------
feature call (loop) failed at index: 33
caller: classpath:InspireTest/def/checkxlinkurl.template.feature
arg: {"link":""}
checkxlinkurl.template.feature:21 - 
org.apache.http.client.ClientProtocolException
-------
feature call (loop) failed at index: 34
caller: classpath:InspireTest/def/checkxlinkurl.template.feature
arg: {"link":""}
checkxlinkurl.template.feature:21 - 
org.apache.http.client.ClientProtocolException
-------
feature call (loop) failed at index: 35
caller: classpath:InspireTest/def/checkxlinkurl.template.feature
arg: {"link":""}
checkxlinkurl.template.feature:21 - 
org.apache.http.client.ClientProtocolException
-------
feature call (loop) failed at index: 36
caller: classpath:InspireTest/def/checkxlinkurl.template.feature
arg: {"link":""}
checkxlinkurl.template.feature:21 - 
org.apache.http.client.ClientProtocolException
-------
feature call (loop) failed at index: 37
caller: classpath:InspireTest/def/checkxlinkurl.template.feature
arg: {"link":""}
checkxlinkurl.template.feature:21 - 
org.apache.http.client.ClientProtocolException
-------
feature call (loop) failed at index: 38
caller: classpath:InspireTest/def/checkxlinkurl.template.feature
arg: {"link":""}
checkxlinkurl.template.feature:21 - 
org.apache.http.client.ClientProtocolException
-------
feature call (loop) failed at index: 39
caller: classpath:InspireTest/def/checkxlinkurl.template.feature
arg: {"link":""}
checkxlinkurl.template.feature:21 - 
org.apache.http.client.ClientProtocolException
-------
feature call (loop) failed at index: 40
caller: classpath:InspireTest/def/checkxlinkurl.template.feature
arg: {"link":""}
checkxlinkurl.template.feature:21 - 
org.apache.http.client.ClientProtocolException
-------
feature call (loop) failed at index: 41
caller: classpath:InspireTest/def/checkxlinkurl.template.feature
arg: {"link":""}
checkxlinkurl.template.feature:21 - 
org.apache.http.client.ClientProtocolException
-------
feature call (loop) failed at index: 42
caller: classpath:InspireTest/def/checkxlinkurl.template.feature
arg: {"link":""}
checkxlinkurl.template.feature:21 - 
org.apache.http.client.ClientProtocolException
-------
feature call (loop) failed at index: 43
caller: classpath:InspireTest/def/checkxlinkurl.template.feature
arg: {"link":""}
checkxlinkurl.template.feature:21 - 
org.apache.http.client.ClientProtocolException
-------
feature call (loop) failed at index: 44
caller: classpath:InspireTest/def/checkxlinkurl.template.feature
arg: {"link":""}
checkxlinkurl.template.feature:21 - 
org.apache.http.client.ClientProtocolException
-------
feature call (loop) failed at index: 45
caller: classpath:InspireTest/def/checkxlinkurl.template.feature
arg: {"link":""}
checkxlinkurl.template.feature:21 - 
org.apache.http.client.ClientProtocolException
-------
feature call (loop) failed at index: 46
caller: classpath:InspireTest/def/checkxlinkurl.template.feature
arg: {"link":""}
checkxlinkurl.template.feature:21 - 
org.apache.http.client.ClientProtocolException
-------
feature call (loop) failed at index: 47
caller: classpath:InspireTest/def/checkxlinkurl.template.feature
arg: {"link":""}
checkxlinkurl.template.feature:21 - 
org.apache.http.client.ClientProtocolException
-------
feature call (loop) failed at index: 48
caller: classpath:InspireTest/def/checkxlinkurl.template.feature
arg: {"link":""}
checkxlinkurl.template.feature:21 - 
org.apache.http.client.ClientProtocolException
-------
feature call (loop) failed at index: 49
caller: classpath:InspireTest/def/checkxlinkurl.template.feature
arg: {"link":""}
checkxlinkurl.template.feature:21 - 
org.apache.http.client.ClientProtocolException
-------
feature call (loop) failed at index: 50
caller: classpath:InspireTest/def/checkxlinkurl.template.feature
arg: {"link":""}
checkxlinkurl.template.feature:21 - 
org.apache.http.client.ClientProtocolException
-------
feature call (loop) failed at index: 51
caller: classpath:InspireTest/def/checkxlinkurl.template.feature
arg: {"link":""}
checkxlinkurl.template.feature:21 - 
org.apache.http.client.ClientProtocolException
-------
feature call (loop) failed at index: 52
caller: classpath:InspireTest/def/checkxlinkurl.template.feature
arg: {"link":""}
checkxlinkurl.template.feature:21 - 
org.apache.http.client.ClientProtocolException
-------
feature call (loop) failed at index: 53
caller: classpath:InspireTest/def/checkxlinkurl.template.feature
arg: {"link":""}
checkxlinkurl.template.feature:21 - 
org.apache.http.client.ClientProtocolException
-------
feature call (loop) failed at index: 54
caller: classpath:InspireTest/def/checkxlinkurl.template.feature
arg: {"link":""}
checkxlinkurl.template.feature:21 - 
org.apache.http.client.ClientProtocolException
-------
feature call (loop) failed at index: 55
caller: classpath:InspireTest/def/checkxlinkurl.template.feature
arg: {"link":""}
checkxlinkurl.template.feature:21 - 
org.apache.http.client.ClientProtocolException
-------
feature call (loop) failed at index: 56
caller: classpath:InspireTest/def/checkxlinkurl.template.feature
arg: {"link":""}
checkxlinkurl.template.feature:21 - 
org.apache.http.client.ClientProtocolException
-------
feature call (loop) failed at index: 57
caller: classpath:InspireTest/def/checkxlinkurl.template.feature
arg: {"link":""}
checkxlinkurl.template.feature:21 - 
org.apache.http.client.ClientProtocolException
-------
feature call (loop) failed at index: 58
caller: classpath:InspireTest/def/checkxlinkurl.template.feature
arg: {"link":""}
checkxlinkurl.template.feature:21 - 
org.apache.http.client.ClientProtocolException
-------
feature call (loop) failed at index: 59
caller: classpath:InspireTest/def/checkxlinkurl.template.feature
arg: {"link":""}
checkxlinkurl.template.feature:21 - 
org.apache.http.client.ClientProtocolException
-------
feature call (loop) failed at index: 60
caller: classpath:InspireTest/def/checkxlinkurl.template.feature
arg: {"link":""}
checkxlinkurl.template.feature:21 - 
org.apache.http.client.ClientProtocolException
-------
feature call (loop) failed at index: 61
caller: classpath:InspireTest/def/checkxlinkurl.template.feature
arg: {"link":""}
checkxlinkurl.template.feature:21 - 
org.apache.http.client.ClientProtocolException
-------
feature call (loop) failed at index: 62
caller: classpath:InspireTest/def/checkxlinkurl.template.feature
arg: {"link":""}
checkxlinkurl.template.feature:21 - 
org.apache.http.client.ClientProtocolException
-------
feature call (loop) failed at index: 63
caller: classpath:InspireTest/def/checkxlinkurl.template.feature
arg: {"link":""}
checkxlinkurl.template.feature:21 - 
org.apache.http.client.ClientProtocolException
-------
feature call (loop) failed at index: 64
caller: classpath:InspireTest/def/checkxlinkurl.template.feature
arg: {"link":""}
checkxlinkurl.template.feature:21 - 
org.apache.http.client.ClientProtocolException
-------
feature call (loop) failed at index: 65
caller: classpath:InspireTest/def/checkxlinkurl.template.feature
arg: {"link":""}
checkxlinkurl.template.feature:21 - 
org.apache.http.client.ClientProtocolException
-------
feature call (loop) failed at index: 66
caller: classpath:InspireTest/def/checkxlinkurl.template.feature
arg: {"link":""}
checkxlinkurl.template.feature:21 - 
org.apache.http.client.ClientProtocolException
-------
feature call (loop) failed at index: 67
caller: classpath:InspireTest/def/checkxlinkurl.template.feature
arg: {"link":""}
checkxlinkurl.template.feature:21 - 
org.apache.http.client.ClientProtocolException
-------
feature call (loop) failed at index: 68
caller: classpath:InspireTest/def/checkxlinkurl.template.feature
arg: {"link":""}
checkxlinkurl.template.feature:21 - 
org.apache.http.client.ClientProtocolException
-------
feature call (loop) failed at index: 69
caller: classpath:InspireTest/def/checkxlinkurl.template.feature
arg: {"link":""}
checkxlinkurl.template.feature:21 - 
org.apache.http.client.ClientProtocolException
-------
feature call (loop) failed at index: 70
caller: classpath:InspireTest/def/checkxlinkurl.template.feature
arg: {"link":""}
checkxlinkurl.template.feature:21 - 
org.apache.http.client.ClientProtocolException
-------
feature call (loop) failed at index: 71
caller: classpath:InspireTest/def/checkxlinkurl.template.feature
arg: {"link":""}
checkxlinkurl.template.feature:21 - 
org.apache.http.client.ClientProtocolException
-------
feature call (loop) failed at index: 72
caller: classpath:InspireTest/def/checkxlinkurl.template.feature
arg: {"link":""}
checkxlinkurl.template.feature:21 - 
org.apache.http.client.ClientProtocolException
-------
feature call (loop) failed at index: 73
caller: classpath:InspireTest/def/checkxlinkurl.template.feature
arg: {"link":""}
checkxlinkurl.template.feature:21 - 
org.apache.http.client.ClientProtocolException
-------
feature call (loop) failed at index: 74
caller: classpath:InspireTest/def/checkxlinkurl.template.feature
arg: {"link":""}
checkxlinkurl.template.feature:21 - 
org.apache.http.client.ClientProtocolException
-------
feature call (loop) failed at index: 75
caller: classpath:InspireTest/def/checkxlinkurl.template.feature
arg: {"link":""}
checkxlinkurl.template.feature:21 - 
org.apache.http.client.ClientProtocolException
-------
feature call (loop) failed at index: 76
caller: classpath:InspireTest/def/checkxlinkurl.template.feature
arg: {"link":""}
checkxlinkurl.template.feature:21 - 
org.apache.http.client.ClientProtocolException
-------
feature call (loop) failed at index: 77
caller: classpath:InspireTest/def/checkxlinkurl.template.feature
arg: {"link":""}
checkxlinkurl.template.feature:21 - 
org.apache.http.client.ClientProtocolException
-------
feature call (loop) failed at index: 78
caller: classpath:InspireTest/def/checkxlinkurl.template.feature
arg: {"link":""}
checkxlinkurl.template.feature:21 - 
org.apache.http.client.ClientProtocolException
-------
feature call (loop) failed at index: 79
caller: classpath:InspireTest/def/checkxlinkurl.template.feature
arg: {"link":""}
checkxlinkurl.template.feature:21 - 
org.apache.http.client.ClientProtocolException
-------
feature call (loop) failed at index: 80
caller: classpath:InspireTest/def/checkxlinkurl.template.feature
arg: {"link":""}
checkxlinkurl.template.feature:21 - 
org.apache.http.client.ClientProtocolException
-------
feature call (loop) failed at index: 81
caller: classpath:InspireTest/def/checkxlinkurl.template.feature
arg: {"link":""}
checkxlinkurl.template.feature:21 - 
org.apache.http.client.ClientProtocolException
-------
feature call (loop) failed at index: 82
caller: classpath:InspireTest/def/checkxlinkurl.template.feature
arg: {"link":""}
checkxlinkurl.template.feature:21 - 
org.apache.http.client.ClientProtocolException
-------
feature call (loop) failed at index: 83
caller: classpath:InspireTest/def/checkxlinkurl.template.feature
arg: {"link":""}
checkxlinkurl.template.feature:21 - 
org.apache.http.client.ClientProtocolException
-------
feature call (loop) failed at index: 84
caller: classpath:InspireTest/def/checkxlinkurl.template.feature
arg: {"link":""}
checkxlinkurl.template.feature:21 - 
org.apache.http.client.ClientProtocolException
-------
feature call (loop) failed at index: 85
caller: classpath:InspireTest/def/checkxlinkurl.template.feature
arg: {"link":""}
checkxlinkurl.template.feature:21 - 
org.apache.http.client.ClientProtocolException
-------
feature call (loop) failed at index: 86
caller: classpath:InspireTest/def/checkxlinkurl.template.feature
arg: {"link":""}
checkxlinkurl.template.feature:21 - 
org.apache.http.client.ClientProtocolException
-------
feature call (loop) failed at index: 87
caller: classpath:InspireTest/def/checkxlinkurl.template.feature
arg: {"link":""}
checkxlinkurl.template.feature:21 - 
org.apache.http.client.ClientProtocolException
-------
feature call (loop) failed at index: 88
caller: classpath:InspireTest/def/checkxlinkurl.template.feature
arg: {"link":""}
checkxlinkurl.template.feature:21 - 
org.apache.http.client.ClientProtocolException
-------
feature call (loop) failed at index: 89
caller: classpath:InspireTest/def/checkxlinkurl.template.feature
arg: {"link":""}
checkxlinkurl.template.feature:21 - 
org.apache.http.client.ClientProtocolException
-------
feature call (loop) failed at index: 90
caller: classpath:InspireTest/def/checkxlinkurl.template.feature
arg: {"link":""}
checkxlinkurl.template.feature:21 - 
org.apache.http.client.ClientProtocolException
-------
feature call (loop) failed at index: 91
caller: classpath:InspireTest/def/checkxlinkurl.template.feature
arg: {"link":""}
checkxlinkurl.template.feature:21 - 
org.apache.http.client.ClientProtocolException
-------
feature call (loop) failed at index: 92
caller: classpath:InspireTest/def/checkxlinkurl.template.feature
arg: {"link":""}
checkxlinkurl.template.feature:21 - 
org.apache.http.client.ClientProtocolException
-------
feature call (loop) failed at index: 93
caller: classpath:InspireTest/def/checkxlinkurl.template.feature
arg: {"link":""}
checkxlinkurl.template.feature:21 - 
org.apache.http.client.ClientProtocolException
-------
feature call (loop) failed at index: 94
caller: classpath:InspireTest/def/checkxlinkurl.template.feature
arg: {"link":""}
checkxlinkurl.template.feature:21 - 
org.apache.http.client.ClientProtocolException
-------
feature call (loop) failed at index: 95
caller: classpath:InspireTest/def/checkxlinkurl.template.feature
arg: {"link":""}
checkxlinkurl.template.feature:21 - 
org.apache.http.client.ClientProtocolException
-------
feature call (loop) failed at index: 96
caller: classpath:InspireTest/def/checkxlinkurl.template.feature
arg: {"link":""}
checkxlinkurl.template.feature:21 - 
org.apache.http.client.ClientProtocolException
-------
feature call (loop) failed at index: 97
caller: classpath:InspireTest/def/checkxlinkurl.template.feature
arg: {"link":""}
checkxlinkurl.template.feature:21 - 
org.apache.http.client.ClientProtocolException
-------
feature call (loop) failed at index: 98
caller: classpath:InspireTest/def/checkxlinkurl.template.feature
arg: {"link":""}
checkxlinkurl.template.feature:21 - 
org.apache.http.client.ClientProtocolException
-------
feature call (loop) failed at index: 99
caller: classpath:InspireTest/def/checkxlinkurl.template.feature
arg: {"link":""}
checkxlinkurl.template.feature:21 - 
org.apache.http.client.ClientProtocolException
-------
feature call (loop) failed at index: 100
caller: classpath:InspireTest/def/checkxlinkurl.template.feature
arg: {"link":""}
checkxlinkurl.template.feature:21 - 
org.apache.http.client.ClientProtocolException
-------
feature call (loop) failed at index: 101
caller: classpath:InspireTest/def/checkxlinkurl.template.feature
arg: {"link":""}
checkxlinkurl.template.feature:21 - 
org.apache.http.client.ClientProtocolException
-------
feature call (loop) failed at index: 102
caller: classpath:InspireTest/def/checkxlinkurl.template.feature
arg: {"link":""}
checkxlinkurl.template.feature:21 - 
org.apache.http.client.ClientProtocolException
-------
feature call (loop) failed at index: 103
caller: classpath:InspireTest/def/checkxlinkurl.template.feature
arg: {"link":""}
checkxlinkurl.template.feature:21 - 
org.apache.http.client.ClientProtocolException
-------
feature call (loop) failed at index: 104
caller: classpath:InspireTest/def/checkxlinkurl.template.feature
arg: {"link":""}
checkxlinkurl.template.feature:21 - 
org.apache.http.client.ClientProtocolException
-------
feature call (loop) failed at index: 105
caller: classpath:InspireTest/def/checkxlinkurl.template.feature
arg: {"link":""}
checkxlinkurl.template.feature:21 - 
org.apache.http.client.ClientProtocolException
-------
feature call (loop) failed at index: 106
caller: classpath:InspireTest/def/checkxlinkurl.template.feature
arg: {"link":""}
checkxlinkurl.template.feature:21 - 
org.apache.http.client.ClientProtocolException
-------
feature call (loop) failed at index: 107
caller: classpath:InspireTest/def/checkxlinkurl.template.feature
arg: {"link":""}
checkxlinkurl.template.feature:21 - 
org.apache.http.client.ClientProtocolException
-------
feature call (loop) failed at index: 108
caller: classpath:InspireTest/def/checkxlinkurl.template.feature
arg: {"link":""}
checkxlinkurl.template.feature:21 - 
org.apache.http.client.ClientProtocolException
-------
feature call (loop) failed at index: 109
caller: classpath:InspireTest/def/checkxlinkurl.template.feature
arg: {"link":""}
checkxlinkurl.template.feature:21 - 
org.apache.http.client.ClientProtocolException
-------
feature call (loop) failed at index: 110
caller: classpath:InspireTest/def/checkxlinkurl.template.feature
arg: {"link":""}
checkxlinkurl.template.feature:21 - 
org.apache.http.client.ClientProtocolException
-------
feature call (loop) failed at index: 111
caller: classpath:InspireTest/def/checkxlinkurl.template.feature
arg: {"link":""}
checkxlinkurl.template.feature:21 - 
org.apache.http.client.ClientProtocolException
-------
feature call (loop) failed at index: 112
caller: classpath:InspireTest/def/checkxlinkurl.template.feature
arg: {"link":""}
checkxlinkurl.template.feature:21 - 
org.apache.http.client.ClientProtocolException
-------
feature call (loop) failed at index: 113
caller: classpath:InspireTest/def/checkxlinkurl.template.feature
arg: {"link":""}
checkxlinkurl.template.feature:21 - 
org.apache.http.client.ClientProtocolException
-------
feature call (loop) failed at index: 114
caller: classpath:InspireTest/def/checkxlinkurl.template.feature
arg: {"link":""}
checkxlinkurl.template.feature:21 - 
org.apache.http.client.ClientProtocolException
-------
feature call (loop) failed at index: 115
caller: classpath:InspireTest/def/checkxlinkurl.template.feature
arg: {"link":""}
checkxlinkurl.template.feature:21 - 
org.apache.http.client.ClientProtocolException
-------
feature call (loop) failed at index: 116
caller: classpath:InspireTest/def/checkxlinkurl.template.feature
arg: {"link":""}
checkxlinkurl.template.feature:21 - 
org.apache.http.client.ClientProtocolException
-------
feature call (loop) failed at index: 117
caller: classpath:InspireTest/def/checkxlinkurl.template.feature
arg: {"link":""}
checkxlinkurl.template.feature:21 - 
org.apache.http.client.ClientProtocolException
-------
feature call (loop) failed at index: 118
caller: classpath:InspireTest/def/checkxlinkurl.template.feature
arg: {"link":""}
checkxlinkurl.template.feature:21 - 
org.apache.http.client.ClientProtocolException
-------
feature call (loop) failed at index: 119
caller: classpath:InspireTest/def/checkxlinkurl.template.feature
arg: {"link":""}
checkxlinkurl.template.feature:21 - 
org.apache.http.client.ClientProtocolException
-------
feature call (loop) failed at index: 120
caller: classpath:InspireTest/def/checkxlinkurl.template.feature
arg: {"link":""}
checkxlinkurl.template.feature:21 - 
org.apache.http.client.ClientProtocolException
-------
feature call (loop) failed at index: 121
caller: classpath:InspireTest/def/checkxlinkurl.template.feature
arg: {"link":""}
checkxlinkurl.template.feature:21 - 
org.apache.http.client.ClientProtocolException
-------
feature call (loop) failed at index: 122
caller: classpath:InspireTest/def/checkxlinkurl.template.feature
arg: {"link":""}
checkxlinkurl.template.feature:21 - 
org.apache.http.client.ClientProtocolException
-------
feature call (loop) failed at index: 123
caller: classpath:InspireTest/def/checkxlinkurl.template.feature
arg: {"link":""}
checkxlinkurl.template.feature:21 - 
org.apache.http.client.ClientProtocolException
-------
feature call (loop) failed at index: 124
caller: classpath:InspireTest/def/checkxlinkurl.template.feature
arg: {"link":""}
checkxlinkurl.template.feature:21 - 
org.apache.http.client.ClientProtocolException
-------
feature call (loop) failed at index: 125
caller: classpath:InspireTest/def/checkxlinkurl.template.feature
arg: {"link":""}
checkxlinkurl.template.feature:21 - 
org.apache.http.client.ClientProtocolException
-------
feature call (loop) failed at index: 126
caller: classpath:InspireTest/def/checkxlinkurl.template.feature
arg: {"link":""}
checkxlinkurl.template.feature:21 - 
org.apache.http.client.ClientProtocolException
-------
feature call (loop) failed at index: 127
caller: classpath:InspireTest/def/checkxlinkurl.template.feature
arg: {"link":""}
checkxlinkurl.template.feature:21 - 
org.apache.http.client.ClientProtocolException
-------
feature call (loop) failed at index: 128
caller: classpath:InspireTest/def/checkxlinkurl.template.feature
arg: {"link":""}
checkxlinkurl.template.feature:21 - 
org.apache.http.client.ClientProtocolException
-------
feature call (loop) failed at index: 129
caller: classpath:InspireTest/def/checkxlinkurl.template.feature
arg: {"link":""}
checkxlinkurl.template.feature:21 - 
org.apache.http.client.ClientProtocolException
-------
feature call (loop) failed at index: 130
caller: classpath:InspireTest/def/checkxlinkurl.template.feature
arg: {"link":""}
checkxlinkurl.template.feature:21 - 
org.apache.http.client.ClientProtocolException
-------
feature call (loop) failed at index: 131
caller: classpath:InspireTest/def/checkxlinkurl.template.feature
arg: {"link":""}
checkxlinkurl.template.feature:21 - 
org.apache.http.client.ClientProtocolException
-------
feature call (loop) failed at index: 132
caller: classpath:InspireTest/def/checkxlinkurl.template.feature
arg: {"link":""}
checkxlinkurl.template.feature:21 - 
org.apache.http.client.ClientProtocolException
-------
feature call (loop) failed at index: 133
caller: classpath:InspireTest/def/checkxlinkurl.template.feature
arg: {"link":""}
checkxlinkurl.template.feature:21 - 
org.apache.http.client.ClientProtocolException
-------
feature call (loop) failed at index: 134
caller: classpath:InspireTest/def/checkxlinkurl.template.feature
arg: {"link":""}
checkxlinkurl.template.feature:21 - 
org.apache.http.client.ClientProtocolException
-------
feature call (loop) failed at index: 135
caller: classpath:InspireTest/def/checkxlinkurl.template.feature
arg: {"link":""}
checkxlinkurl.template.feature:21 - 
org.apache.http.client.ClientProtocolException
-------
feature call (loop) failed at index: 136
caller: classpath:InspireTest/def/checkxlinkurl.template.feature
arg: {"link":""}
checkxlinkurl.template.feature:21 - 
org.apache.http.client.ClientProtocolException
-------
feature call (loop) failed at index: 137
caller: classpath:InspireTest/def/checkxlinkurl.template.feature
arg: {"link":""}
checkxlinkurl.template.feature:21 - 
org.apache.http.client.ClientProtocolException
-------
feature call (loop) failed at index: 138
caller: classpath:InspireTest/def/checkxlinkurl.template.feature
arg: {"link":""}
checkxlinkurl.template.feature:21 - 
org.apache.http.client.ClientProtocolException
-------
feature call (loop) failed at index: 139
caller: classpath:InspireTest/def/checkxlinkurl.template.feature
arg: {"link":""}
checkxlinkurl.template.feature:21 - 
org.apache.http.client.ClientProtocolException
-------
feature call (loop) failed at index: 140
caller: classpath:InspireTest/def/checkxlinkurl.template.feature
arg: {"link":""}
checkxlinkurl.template.feature:21 - 
org.apache.http.client.ClientProtocolException
-------
feature call (loop) failed at index: 141
caller: classpath:InspireTest/def/checkxlinkurl.template.feature
arg: {"link":""}
checkxlinkurl.template.feature:21 - 
org.apache.http.client.ClientProtocolException
-------
feature call (loop) failed at index: 142
caller: classpath:InspireTest/def/checkxlinkurl.template.feature
arg: {"link":""}
checkxlinkurl.template.feature:21 - 
org.apache.http.client.ClientProtocolException
-------
feature call (loop) failed at index: 143
caller: classpath:InspireTest/def/checkxlinkurl.template.feature
arg: {"link":""}
checkxlinkurl.template.feature:21 - 
org.apache.http.client.ClientProtocolException
-------
feature call (loop) failed at index: 144
caller: classpath:InspireTest/def/checkxlinkurl.template.feature
arg: {"link":""}
checkxlinkurl.template.feature:21 - 
org.apache.http.client.ClientProtocolException
-------
feature call (loop) failed at index: 145
caller: classpath:InspireTest/def/checkxlinkurl.template.feature
arg: {"link":""}
checkxlinkurl.template.feature:21 - 
org.apache.http.client.ClientProtocolException
-------
feature call (loop) failed at index: 146
caller: classpath:InspireTest/def/checkxlinkurl.template.feature
arg: {"link":""}
checkxlinkurl.template.feature:21 - 
org.apache.http.client.ClientProtocolException
-------
feature call (loop) failed at index: 147
caller: classpath:InspireTest/def/checkxlinkurl.template.feature
arg: {"link":""}
checkxlinkurl.template.feature:21 - 
org.apache.http.client.ClientProtocolException
-------
feature call (loop) failed at index: 148
caller: classpath:InspireTest/def/checkxlinkurl.template.feature
arg: {"link":""}
checkxlinkurl.template.feature:21 - 
org.apache.http.client.ClientProtocolException
-------
feature call (loop) failed at index: 149
caller: classpath:InspireTest/def/checkxlinkurl.template.feature
arg: {"link":""}
checkxlinkurl.template.feature:21 - 
org.apache.http.client.ClientProtocolException
-------
feature call (loop) failed at index: 150
caller: classpath:InspireTest/def/checkxlinkurl.template.feature
arg: {"link":""}
checkxlinkurl.template.feature:21 - 
org.apache.http.client.ClientProtocolException
-------
feature call (loop) failed at index: 151
caller: classpath:InspireTest/def/checkxlinkurl.template.feature
arg: {"link":""}
checkxlinkurl.template.feature:21 - 
org.apache.http.client.ClientProtocolException
-------
feature call (loop) failed at index: 152
caller: classpath:InspireTest/def/checkxlinkurl.template.feature
arg: {"link":""}
checkxlinkurl.template.feature:21 - 
org.apache.http.client.ClientProtocolException
-------
feature call (loop) failed at index: 153
caller: classpath:InspireTest/def/checkxlinkurl.template.feature
arg: {"link":""}
checkxlinkurl.template.feature:21 - 
org.apache.http.client.ClientProtocolException
-------
feature call (loop) failed at index: 154
caller: classpath:InspireTest/def/checkxlinkurl.template.feature
arg: {"link":""}
checkxlinkurl.template.feature:21 - 
org.apache.http.client.ClientProtocolException
-------
feature call (loop) failed at index: 155
caller: classpath:InspireTest/def/checkxlinkurl.template.feature
arg: {"link":""}
checkxlinkurl.template.feature:21 - 
org.apache.http.client.ClientProtocolException
-------
feature call (loop) failed at index: 156
caller: classpath:InspireTest/def/checkxlinkurl.template.feature
arg: {"link":""}
checkxlinkurl.template.feature:21 - 
org.apache.http.client.ClientProtocolException
-------
feature call (loop) failed at index: 157
caller: classpath:InspireTest/def/checkxlinkurl.template.feature
arg: {"link":""}
checkxlinkurl.template.feature:21 - 
org.apache.http.client.ClientProtocolException
-------
feature call (loop) failed at index: 158
caller: classpath:InspireTest/def/checkxlinkurl.template.feature
arg: {"link":""}
checkxlinkurl.template.feature:21 - 
org.apache.http.client.ClientProtocolException
-------
feature call (loop) failed at index: 159
caller: classpath:InspireTest/def/checkxlinkurl.template.feature
arg: {"link":""}
checkxlinkurl.template.feature:21 - 
org.apache.http.client.ClientProtocolException
[1.21:24] check-known-service-record.feature:72 - feature call (loop) failed: classpath:InspireTest/def/checkxlinkurl.template.feature
caller: classpath:InspireTest/ngr/T03_services/check-known-service-record.feature
items: [{link=}, {link=}, {link=}, {link=}, {link=}, {link=}, {link=}, {link=}, {link=}, {link=}, {link=}, {link=}, {link=}, {link=}, {link=}, {link=}, {link=}, {link=}, {link=}, {link=}, {link=}, {link=}, {link=}, {link=}, {link=}, {link=}, {link=}, {link=}, {link=}, {link=}, {link=}, {link=}, {link=}, {link=}, {link=}, {link=}, {link=}, {link=}, {link=}, {link=}, {link=}, {link=}, {link=}, {link=}, {link=}, {link=}, {link=}, {link=}, {link=}, {link=}, {link=}, {link=}, {link=}, {link=}, {link=}, {link=}, {link=}, {link=}, {link=}, {link=}, {link=}, {link=}, {link=}, {link=}, {link=}, {link=}, {link=}, {link=}, {link=}, {link=}, {link=}, {link=}, {link=}, {link=}, {link=}, {link=}, {link=}, {link=}, {link=}, {link=}, {link=}, {link=}, {link=}, {link=}, {link=}, {link=}, {link=}, {link=}, {link=}, {link=}, {link=}, {link=}, {link=}, {link=}, {link=}, {link=}, {link=}, {link=}, {link=}, {link=}, {link=}, {link=}, {link=}, {link=}, {link=}, {link=}, {link=}, {link=}, {link=}, {link=}, {link=}, {link=}, {link=}, {link=}, {link=}, {link=}, {link=}, {link=}, {link=}, {link=}, {link=}, {link=}, {link=}, {link=}, {link=}, {link=}, {link=}, {link=}, {link=}, {link=}, {link=}, {link=}, {link=}, {link=}, {link=}, {link=}, {link=}, {link=}, {link=}, {link=}, {link=}, {link=}, {link=}, {link=}, {link=}, {link=}, {link=}, {link=}, {link=}, {link=}, {link=}, {link=}, {link=}, {link=}, {link=}, {link=}, {link=}, {link=}, {link=}, {link=}, {link=}, {link=}, {link=}, {link=}, {link=}, {link=}, {link=}, {link=}, {link=}, {link=}, {link=}, {link=}, {link=}, {link=}, {link=}, {link=}, {link=}, {link=}, {link=}, {link=}, {link=}, {link=}, {link=}, {link=}, {link=}, {link=}, {link=}, {link=}, {link=}, {link=}, {link=}, {link=}, {link=}, {link=}, {link=}, {link=}, {link=}, {link=}, {link=}, {link=}, {link=}, {link=}, {link=}, {link=}, {link=}, {link=}, {link=}, {link=}, {link=http://nationaalgeoregister.nl/geonetwork/srv/en/csw?service=CSW&version=2.0.2&request=GetRecordById&outputschema=http://www.isotc211.org/2005/gmd&elementsetname=full&id=03671a9e-6aaf-464d-be99-9aad25cef9e3#MD_DataIdentification}]
errors:
-------
feature call (loop) failed at index: 0
caller: classpath:InspireTest/def/checkxlinkurl.template.feature
arg: {"link":""}
checkxlinkurl.template.feature:21 - 
org.apache.http.client.ClientProtocolException
-------
feature call (loop) failed at index: 1
caller: classpath:InspireTest/def/checkxlinkurl.template.feature
arg: {"link":""}
checkxlinkurl.template.feature:21 - 
org.apache.http.client.ClientProtocolException
-------
feature call (loop) failed at index: 2
caller: classpath:InspireTest/def/checkxlinkurl.template.feature
arg: {"link":""}
checkxlinkurl.template.feature:21 - 
org.apache.http.client.ClientProtocolException
-------
feature call (loop) failed at index: 3
caller: classpath:InspireTest/def/checkxlinkurl.template.feature
arg: {"link":""}
checkxlinkurl.template.feature:21 - 
org.apache.http.client.ClientProtocolException
-------
feature call (loop) failed at index: 4
caller: classpath:InspireTest/def/checkxlinkurl.template.feature
arg: {"link":""}
checkxlinkurl.template.feature:21 - 
org.apache.http.client.ClientProtocolException
-------
feature call (loop) failed at index: 5
caller: classpath:InspireTest/def/checkxlinkurl.template.feature
arg: {"link":""}
checkxlinkurl.template.feature:21 - 
org.apache.http.client.ClientProtocolException
-------
feature call (loop) failed at index: 6
caller: classpath:InspireTest/def/checkxlinkurl.template.feature
arg: {"link":""}
checkxlinkurl.template.feature:21 - 
org.apache.http.client.ClientProtocolException
-------
feature call (loop) failed at index: 7
caller: classpath:InspireTest/def/checkxlinkurl.template.feature
arg: {"link":""}
checkxlinkurl.template.feature:21 - 
org.apache.http.client.ClientProtocolException
-------
feature call (loop) failed at index: 8
caller: classpath:InspireTest/def/checkxlinkurl.template.feature
arg: {"link":""}
checkxlinkurl.template.feature:21 - 
org.apache.http.client.ClientProtocolException
-------
feature call (loop) failed at index: 9
caller: classpath:InspireTest/def/checkxlinkurl.template.feature
arg: {"link":""}
checkxlinkurl.template.feature:21 - 
org.apache.http.client.ClientProtocolException
-------
feature call (loop) failed at index: 10
caller: classpath:InspireTest/def/checkxlinkurl.template.feature
arg: {"link":""}
checkxlinkurl.template.feature:21 - 
org.apache.http.client.ClientProtocolException
-------
feature call (loop) failed at index: 11
caller: classpath:InspireTest/def/checkxlinkurl.template.feature
arg: {"link":""}
checkxlinkurl.template.feature:21 - 
org.apache.http.client.ClientProtocolException
-------
feature call (loop) failed at index: 12
caller: classpath:InspireTest/def/checkxlinkurl.template.feature
arg: {"link":""}
checkxlinkurl.template.feature:21 - 
org.apache.http.client.ClientProtocolException
-------
feature call (loop) failed at index: 13
caller: classpath:InspireTest/def/checkxlinkurl.template.feature
arg: {"link":""}
checkxlinkurl.template.feature:21 - 
org.apache.http.client.ClientProtocolException
-------
feature call (loop) failed at index: 14
caller: classpath:InspireTest/def/checkxlinkurl.template.feature
arg: {"link":""}
checkxlinkurl.template.feature:21 - 
org.apache.http.client.ClientProtocolException
-------
feature call (loop) failed at index: 15
caller: classpath:InspireTest/def/checkxlinkurl.template.feature
arg: {"link":""}
checkxlinkurl.template.feature:21 - 
org.apache.http.client.ClientProtocolException
-------
feature call (loop) failed at index: 16
caller: classpath:InspireTest/def/checkxlinkurl.template.feature
arg: {"link":""}
checkxlinkurl.template.feature:21 - 
org.apache.http.client.ClientProtocolException
-------
feature call (loop) failed at index: 17
caller: classpath:InspireTest/def/checkxlinkurl.template.feature
arg: {"link":""}
checkxlinkurl.template.feature:21 - 
org.apache.http.client.ClientProtocolException
-------
feature call (loop) failed at index: 18
caller: classpath:InspireTest/def/checkxlinkurl.template.feature
arg: {"link":""}
checkxlinkurl.template.feature:21 - 
org.apache.http.client.ClientProtocolException
-------
feature call (loop) failed at index: 19
caller: classpath:InspireTest/def/checkxlinkurl.template.feature
arg: {"link":""}
checkxlinkurl.template.feature:21 - 
org.apache.http.client.ClientProtocolException
-------
feature call (loop) failed at index: 20
caller: classpath:InspireTest/def/checkxlinkurl.template.feature
arg: {"link":""}
checkxlinkurl.template.feature:21 - 
org.apache.http.client.ClientProtocolException
-------
feature call (loop) failed at index: 21
caller: classpath:InspireTest/def/checkxlinkurl.template.feature
arg: {"link":""}
checkxlinkurl.template.feature:21 - 
org.apache.http.client.ClientProtocolException
-------
feature call (loop) failed at index: 22
caller: classpath:InspireTest/def/checkxlinkurl.template.feature
arg: {"link":""}
checkxlinkurl.template.feature:21 - 
org.apache.http.client.ClientProtocolException
-------
feature call (loop) failed at index: 23
caller: classpath:InspireTest/def/checkxlinkurl.template.feature
arg: {"link":""}
checkxlinkurl.template.feature:21 - 
org.apache.http.client.ClientProtocolException
-------
feature call (loop) failed at index: 24
caller: classpath:InspireTest/def/checkxlinkurl.template.feature
arg: {"link":""}
checkxlinkurl.template.feature:21 - 
org.apache.http.client.ClientProtocolException
-------
feature call (loop) failed at index: 25
caller: classpath:InspireTest/def/checkxlinkurl.template.feature
arg: {"link":""}
checkxlinkurl.template.feature:21 - 
org.apache.http.client.ClientProtocolException
-------
feature call (loop) failed at index: 26
caller: classpath:InspireTest/def/checkxlinkurl.template.feature
arg: {"link":""}
checkxlinkurl.template.feature:21 - 
org.apache.http.client.ClientProtocolException
-------
feature call (loop) failed at index: 27
caller: classpath:InspireTest/def/checkxlinkurl.template.feature
arg: {"link":""}
checkxlinkurl.template.feature:21 - 
org.apache.http.client.ClientProtocolException
-------
feature call (loop) failed at index: 28
caller: classpath:InspireTest/def/checkxlinkurl.template.feature
arg: {"link":""}
checkxlinkurl.template.feature:21 - 
org.apache.http.client.ClientProtocolException
-------
feature call (loop) failed at index: 29
caller: classpath:InspireTest/def/checkxlinkurl.template.feature
arg: {"link":""}
checkxlinkurl.template.feature:21 - 
org.apache.http.client.ClientProtocolException
-------
feature call (loop) failed at index: 30
caller: classpath:InspireTest/def/checkxlinkurl.template.feature
arg: {"link":""}
checkxlinkurl.template.feature:21 - 
org.apache.http.client.ClientProtocolException
-------
feature call (loop) failed at index: 31
caller: classpath:InspireTest/def/checkxlinkurl.template.feature
arg: {"link":""}
checkxlinkurl.template.feature:21 - 
org.apache.http.client.ClientProtocolException
-------
feature call (loop) failed at index: 32
caller: classpath:InspireTest/def/checkxlinkurl.template.feature
arg: {"link":""}
checkxlinkurl.template.feature:21 - 
org.apache.http.client.ClientProtocolException
-------
feature call (loop) failed at index: 33
caller: classpath:InspireTest/def/checkxlinkurl.template.feature
arg: {"link":""}
checkxlinkurl.template.feature:21 - 
org.apache.http.client.ClientProtocolException
-------
feature call (loop) failed at index: 34
caller: classpath:InspireTest/def/checkxlinkurl.template.feature
arg: {"link":""}
checkxlinkurl.template.feature:21 - 
org.apache.http.client.ClientProtocolException
-------
feature call (loop) failed at index: 35
caller: classpath:InspireTest/def/checkxlinkurl.template.feature
arg: {"link":""}
checkxlinkurl.template.feature:21 - 
org.apache.http.client.ClientProtocolException
-------
feature call (loop) failed at index: 36
caller: classpath:InspireTest/def/checkxlinkurl.template.feature
arg: {"link":""}
checkxlinkurl.template.feature:21 - 
org.apache.http.client.ClientProtocolException
-------
feature call (loop) failed at index: 37
caller: classpath:InspireTest/def/checkxlinkurl.template.feature
arg: {"link":""}
checkxlinkurl.template.feature:21 - 
org.apache.http.client.ClientProtocolException
-------
feature call (loop) failed at index: 38
caller: classpath:InspireTest/def/checkxlinkurl.template.feature
arg: {"link":""}
checkxlinkurl.template.feature:21 - 
org.apache.http.client.ClientProtocolException
-------
feature call (loop) failed at index: 39
caller: classpath:InspireTest/def/checkxlinkurl.template.feature
arg: {"link":""}
checkxlinkurl.template.feature:21 - 
org.apache.http.client.ClientProtocolException
-------
feature call (loop) failed at index: 40
caller: classpath:InspireTest/def/checkxlinkurl.template.feature
arg: {"link":""}
checkxlinkurl.template.feature:21 - 
org.apache.http.client.ClientProtocolException
-------
feature call (loop) failed at index: 41
caller: classpath:InspireTest/def/checkxlinkurl.template.feature
arg: {"link":""}
checkxlinkurl.template.feature:21 - 
org.apache.http.client.ClientProtocolException
-------
feature call (loop) failed at index: 42
caller: classpath:InspireTest/def/checkxlinkurl.template.feature
arg: {"link":""}
checkxlinkurl.template.feature:21 - 
org.apache.http.client.ClientProtocolException
-------
feature call (loop) failed at index: 43
caller: classpath:InspireTest/def/checkxlinkurl.template.feature
arg: {"link":""}
checkxlinkurl.template.feature:21 - 
org.apache.http.client.ClientProtocolException
-------
feature call (loop) failed at index: 44
caller: classpath:InspireTest/def/checkxlinkurl.template.feature
arg: {"link":""}
checkxlinkurl.template.feature:21 - 
org.apache.http.client.ClientProtocolException
-------
feature call (loop) failed at index: 45
caller: classpath:InspireTest/def/checkxlinkurl.template.feature
arg: {"link":""}
checkxlinkurl.template.feature:21 - 
org.apache.http.client.ClientProtocolException
-------
feature call (loop) failed at index: 46
caller: classpath:InspireTest/def/checkxlinkurl.template.feature
arg: {"link":""}
checkxlinkurl.template.feature:21 - 
org.apache.http.client.ClientProtocolException
-------
feature call (loop) failed at index: 47
caller: classpath:InspireTest/def/checkxlinkurl.template.feature
arg: {"link":""}
checkxlinkurl.template.feature:21 - 
org.apache.http.client.ClientProtocolException
-------
feature call (loop) failed at index: 48
caller: classpath:InspireTest/def/checkxlinkurl.template.feature
arg: {"link":""}
checkxlinkurl.template.feature:21 - 
org.apache.http.client.ClientProtocolException
-------
feature call (loop) failed at index: 49
caller: classpath:InspireTest/def/checkxlinkurl.template.feature
arg: {"link":""}
checkxlinkurl.template.feature:21 - 
org.apache.http.client.ClientProtocolException
-------
feature call (loop) failed at index: 50
caller: classpath:InspireTest/def/checkxlinkurl.template.feature
arg: {"link":""}
checkxlinkurl.template.feature:21 - 
org.apache.http.client.ClientProtocolException
-------
feature call (loop) failed at index: 51
caller: classpath:InspireTest/def/checkxlinkurl.template.feature
arg: {"link":""}
checkxlinkurl.template.feature:21 - 
org.apache.http.client.ClientProtocolException
-------
feature call (loop) failed at index: 52
caller: classpath:InspireTest/def/checkxlinkurl.template.feature
arg: {"link":""}
checkxlinkurl.template.feature:21 - 
org.apache.http.client.ClientProtocolException
-------
feature call (loop) failed at index: 53
caller: classpath:InspireTest/def/checkxlinkurl.template.feature
arg: {"link":""}
checkxlinkurl.template.feature:21 - 
org.apache.http.client.ClientProtocolException
-------
feature call (loop) failed at index: 54
caller: classpath:InspireTest/def/checkxlinkurl.template.feature
arg: {"link":""}
checkxlinkurl.template.feature:21 - 
org.apache.http.client.ClientProtocolException
-------
feature call (loop) failed at index: 55
caller: classpath:InspireTest/def/checkxlinkurl.template.feature
arg: {"link":""}
checkxlinkurl.template.feature:21 - 
org.apache.http.client.ClientProtocolException
-------
feature call (loop) failed at index: 56
caller: classpath:InspireTest/def/checkxlinkurl.template.feature
arg: {"link":""}
checkxlinkurl.template.feature:21 - 
org.apache.http.client.ClientProtocolException
-------
feature call (loop) failed at index: 57
caller: classpath:InspireTest/def/checkxlinkurl.template.feature
arg: {"link":""}
checkxlinkurl.template.feature:21 - 
org.apache.http.client.ClientProtocolException
-------
feature call (loop) failed at index: 58
caller: classpath:InspireTest/def/checkxlinkurl.template.feature
arg: {"link":""}
checkxlinkurl.template.feature:21 - 
org.apache.http.client.ClientProtocolException
-------
feature call (loop) failed at index: 59
caller: classpath:InspireTest/def/checkxlinkurl.template.feature
arg: {"link":""}
checkxlinkurl.template.feature:21 - 
org.apache.http.client.ClientProtocolException
-------
feature call (loop) failed at index: 60
caller: classpath:InspireTest/def/checkxlinkurl.template.feature
arg: {"link":""}
checkxlinkurl.template.feature:21 - 
org.apache.http.client.ClientProtocolException
-------
feature call (loop) failed at index: 61
caller: classpath:InspireTest/def/checkxlinkurl.template.feature
arg: {"link":""}
checkxlinkurl.template.feature:21 - 
org.apache.http.client.ClientProtocolException
-------
feature call (loop) failed at index: 62
caller: classpath:InspireTest/def/checkxlinkurl.template.feature
arg: {"link":""}
checkxlinkurl.template.feature:21 - 
org.apache.http.client.ClientProtocolException
-------
feature call (loop) failed at index: 63
caller: classpath:InspireTest/def/checkxlinkurl.template.feature
arg: {"link":""}
checkxlinkurl.template.feature:21 - 
org.apache.http.client.ClientProtocolException
-------
feature call (loop) failed at index: 64
caller: classpath:InspireTest/def/checkxlinkurl.template.feature
arg: {"link":""}
checkxlinkurl.template.feature:21 - 
org.apache.http.client.ClientProtocolException
-------
feature call (loop) failed at index: 65
caller: classpath:InspireTest/def/checkxlinkurl.template.feature
arg: {"link":""}
checkxlinkurl.template.feature:21 - 
org.apache.http.client.ClientProtocolException
-------
feature call (loop) failed at index: 66
caller: classpath:InspireTest/def/checkxlinkurl.template.feature
arg: {"link":""}
checkxlinkurl.template.feature:21 - 
org.apache.http.client.ClientProtocolException
-------
feature call (loop) failed at index: 67
caller: classpath:InspireTest/def/checkxlinkurl.template.feature
arg: {"link":""}
checkxlinkurl.template.feature:21 - 
org.apache.http.client.ClientProtocolException
-------
feature call (loop) failed at index: 68
caller: classpath:InspireTest/def/checkxlinkurl.template.feature
arg: {"link":""}
checkxlinkurl.template.feature:21 - 
org.apache.http.client.ClientProtocolException
-------
feature call (loop) failed at index: 69
caller: classpath:InspireTest/def/checkxlinkurl.template.feature
arg: {"link":""}
checkxlinkurl.template.feature:21 - 
org.apache.http.client.ClientProtocolException
-------
feature call (loop) failed at index: 70
caller: classpath:InspireTest/def/checkxlinkurl.template.feature
arg: {"link":""}
checkxlinkurl.template.feature:21 - 
org.apache.http.client.ClientProtocolException
-------
feature call (loop) failed at index: 71
caller: classpath:InspireTest/def/checkxlinkurl.template.feature
arg: {"link":""}
checkxlinkurl.template.feature:21 - 
org.apache.http.client.ClientProtocolException
-------
feature call (loop) failed at index: 72
caller: classpath:InspireTest/def/checkxlinkurl.template.feature
arg: {"link":""}
checkxlinkurl.template.feature:21 - 
org.apache.http.client.ClientProtocolException
-------
feature call (loop) failed at index: 73
caller: classpath:InspireTest/def/checkxlinkurl.template.feature
arg: {"link":""}
checkxlinkurl.template.feature:21 - 
org.apache.http.client.ClientProtocolException
-------
feature call (loop) failed at index: 74
caller: classpath:InspireTest/def/checkxlinkurl.template.feature
arg: {"link":""}
checkxlinkurl.template.feature:21 - 
org.apache.http.client.ClientProtocolException
-------
feature call (loop) failed at index: 75
caller: classpath:InspireTest/def/checkxlinkurl.template.feature
arg: {"link":""}
checkxlinkurl.template.feature:21 - 
org.apache.http.client.ClientProtocolException
-------
feature call (loop) failed at index: 76
caller: classpath:InspireTest/def/checkxlinkurl.template.feature
arg: {"link":""}
checkxlinkurl.template.feature:21 - 
org.apache.http.client.ClientProtocolException
-------
feature call (loop) failed at index: 77
caller: classpath:InspireTest/def/checkxlinkurl.template.feature
arg: {"link":""}
checkxlinkurl.template.feature:21 - 
org.apache.http.client.ClientProtocolException
-------
feature call (loop) failed at index: 78
caller: classpath:InspireTest/def/checkxlinkurl.template.feature
arg: {"link":""}
checkxlinkurl.template.feature:21 - 
org.apache.http.client.ClientProtocolException
-------
feature call (loop) failed at index: 79
caller: classpath:InspireTest/def/checkxlinkurl.template.feature
arg: {"link":""}
checkxlinkurl.template.feature:21 - 
org.apache.http.client.ClientProtocolException
-------
feature call (loop) failed at index: 80
caller: classpath:InspireTest/def/checkxlinkurl.template.feature
arg: {"link":""}
checkxlinkurl.template.feature:21 - 
org.apache.http.client.ClientProtocolException
-------
feature call (loop) failed at index: 81
caller: classpath:InspireTest/def/checkxlinkurl.template.feature
arg: {"link":""}
checkxlinkurl.template.feature:21 - 
org.apache.http.client.ClientProtocolException
-------
feature call (loop) failed at index: 82
caller: classpath:InspireTest/def/checkxlinkurl.template.feature
arg: {"link":""}
checkxlinkurl.template.feature:21 - 
org.apache.http.client.ClientProtocolException
-------
feature call (loop) failed at index: 83
caller: classpath:InspireTest/def/checkxlinkurl.template.feature
arg: {"link":""}
checkxlinkurl.template.feature:21 - 
org.apache.http.client.ClientProtocolException
-------
feature call (loop) failed at index: 84
caller: classpath:InspireTest/def/checkxlinkurl.template.feature
arg: {"link":""}
checkxlinkurl.template.feature:21 - 
org.apache.http.client.ClientProtocolException
-------
feature call (loop) failed at index: 85
caller: classpath:InspireTest/def/checkxlinkurl.template.feature
arg: {"link":""}
checkxlinkurl.template.feature:21 - 
org.apache.http.client.ClientProtocolException
-------
feature call (loop) failed at index: 86
caller: classpath:InspireTest/def/checkxlinkurl.template.feature
arg: {"link":""}
checkxlinkurl.template.feature:21 - 
org.apache.http.client.ClientProtocolException
-------
feature call (loop) failed at index: 87
caller: classpath:InspireTest/def/checkxlinkurl.template.feature
arg: {"link":""}
checkxlinkurl.template.feature:21 - 
org.apache.http.client.ClientProtocolException
-------
feature call (loop) failed at index: 88
caller: classpath:InspireTest/def/checkxlinkurl.template.feature
arg: {"link":""}
checkxlinkurl.template.feature:21 - 
org.apache.http.client.ClientProtocolException
-------
feature call (loop) failed at index: 89
caller: classpath:InspireTest/def/checkxlinkurl.template.feature
arg: {"link":""}
checkxlinkurl.template.feature:21 - 
org.apache.http.client.ClientProtocolException
-------
feature call (loop) failed at index: 90
caller: classpath:InspireTest/def/checkxlinkurl.template.feature
arg: {"link":""}
checkxlinkurl.template.feature:21 - 
org.apache.http.client.ClientProtocolException
-------
feature call (loop) failed at index: 91
caller: classpath:InspireTest/def/checkxlinkurl.template.feature
arg: {"link":""}
checkxlinkurl.template.feature:21 - 
org.apache.http.client.ClientProtocolException
-------
feature call (loop) failed at index: 92
caller: classpath:InspireTest/def/checkxlinkurl.template.feature
arg: {"link":""}
checkxlinkurl.template.feature:21 - 
org.apache.http.client.ClientProtocolException
-------
feature call (loop) failed at index: 93
caller: classpath:InspireTest/def/checkxlinkurl.template.feature
arg: {"link":""}
checkxlinkurl.template.feature:21 - 
org.apache.http.client.ClientProtocolException
-------
feature call (loop) failed at index: 94
caller: classpath:InspireTest/def/checkxlinkurl.template.feature
arg: {"link":""}
checkxlinkurl.template.feature:21 - 
org.apache.http.client.ClientProtocolException
-------
feature call (loop) failed at index: 95
caller: classpath:InspireTest/def/checkxlinkurl.template.feature
arg: {"link":""}
checkxlinkurl.template.feature:21 - 
org.apache.http.client.ClientProtocolException
-------
feature call (loop) failed at index: 96
caller: classpath:InspireTest/def/checkxlinkurl.template.feature
arg: {"link":""}
checkxlinkurl.template.feature:21 - 
org.apache.http.client.ClientProtocolException
-------
feature call (loop) failed at index: 97
caller: classpath:InspireTest/def/checkxlinkurl.template.feature
arg: {"link":""}
checkxlinkurl.template.feature:21 - 
org.apache.http.client.ClientProtocolException
-------
feature call (loop) failed at index: 98
caller: classpath:InspireTest/def/checkxlinkurl.template.feature
arg: {"link":""}
checkxlinkurl.template.feature:21 - 
org.apache.http.client.ClientProtocolException
-------
feature call (loop) failed at index: 99
caller: classpath:InspireTest/def/checkxlinkurl.template.feature
arg: {"link":""}
checkxlinkurl.template.feature:21 - 
org.apache.http.client.ClientProtocolException
-------
feature call (loop) failed at index: 100
caller: classpath:InspireTest/def/checkxlinkurl.template.feature
arg: {"link":""}
checkxlinkurl.template.feature:21 - 
org.apache.http.client.ClientProtocolException
-------
feature call (loop) failed at index: 101
caller: classpath:InspireTest/def/checkxlinkurl.template.feature
arg: {"link":""}
checkxlinkurl.template.feature:21 - 
org.apache.http.client.ClientProtocolException
-------
feature call (loop) failed at index: 102
caller: classpath:InspireTest/def/checkxlinkurl.template.feature
arg: {"link":""}
checkxlinkurl.template.feature:21 - 
org.apache.http.client.ClientProtocolException
-------
feature call (loop) failed at index: 103
caller: classpath:InspireTest/def/checkxlinkurl.template.feature
arg: {"link":""}
checkxlinkurl.template.feature:21 - 
org.apache.http.client.ClientProtocolException
-------
feature call (loop) failed at index: 104
caller: classpath:InspireTest/def/checkxlinkurl.template.feature
arg: {"link":""}
checkxlinkurl.template.feature:21 - 
org.apache.http.client.ClientProtocolException
-------
feature call (loop) failed at index: 105
caller: classpath:InspireTest/def/checkxlinkurl.template.feature
arg: {"link":""}
checkxlinkurl.template.feature:21 - 
org.apache.http.client.ClientProtocolException
-------
feature call (loop) failed at index: 106
caller: classpath:InspireTest/def/checkxlinkurl.template.feature
arg: {"link":""}
checkxlinkurl.template.feature:21 - 
org.apache.http.client.ClientProtocolException
-------
feature call (loop) failed at index: 107
caller: classpath:InspireTest/def/checkxlinkurl.template.feature
arg: {"link":""}
checkxlinkurl.template.feature:21 - 
org.apache.http.client.ClientProtocolException
-------
feature call (loop) failed at index: 108
caller: classpath:InspireTest/def/checkxlinkurl.template.feature
arg: {"link":""}
checkxlinkurl.template.feature:21 - 
org.apache.http.client.ClientProtocolException
-------
feature call (loop) failed at index: 109
caller: classpath:InspireTest/def/checkxlinkurl.template.feature
arg: {"link":""}
checkxlinkurl.template.feature:21 - 
org.apache.http.client.ClientProtocolException
-------
feature call (loop) failed at index: 110
caller: classpath:InspireTest/def/checkxlinkurl.template.feature
arg: {"link":""}
checkxlinkurl.template.feature:21 - 
org.apache.http.client.ClientProtocolException
-------
feature call (loop) failed at index: 111
caller: classpath:InspireTest/def/checkxlinkurl.template.feature
arg: {"link":""}
checkxlinkurl.template.feature:21 - 
org.apache.http.client.ClientProtocolException
-------
feature call (loop) failed at index: 112
caller: classpath:InspireTest/def/checkxlinkurl.template.feature
arg: {"link":""}
checkxlinkurl.template.feature:21 - 
org.apache.http.client.ClientProtocolException
-------
feature call (loop) failed at index: 113
caller: classpath:InspireTest/def/checkxlinkurl.template.feature
arg: {"link":""}
checkxlinkurl.template.feature:21 - 
org.apache.http.client.ClientProtocolException
-------
feature call (loop) failed at index: 114
caller: classpath:InspireTest/def/checkxlinkurl.template.feature
arg: {"link":""}
checkxlinkurl.template.feature:21 - 
org.apache.http.client.ClientProtocolException
-------
feature call (loop) failed at index: 115
caller: classpath:InspireTest/def/checkxlinkurl.template.feature
arg: {"link":""}
checkxlinkurl.template.feature:21 - 
org.apache.http.client.ClientProtocolException
-------
feature call (loop) failed at index: 116
caller: classpath:InspireTest/def/checkxlinkurl.template.feature
arg: {"link":""}
checkxlinkurl.template.feature:21 - 
org.apache.http.client.ClientProtocolException
-------
feature call (loop) failed at index: 117
caller: classpath:InspireTest/def/checkxlinkurl.template.feature
arg: {"link":""}
checkxlinkurl.template.feature:21 - 
org.apache.http.client.ClientProtocolException
-------
feature call (loop) failed at index: 118
caller: classpath:InspireTest/def/checkxlinkurl.template.feature
arg: {"link":""}
checkxlinkurl.template.feature:21 - 
org.apache.http.client.ClientProtocolException
-------
feature call (loop) failed at index: 119
caller: classpath:InspireTest/def/checkxlinkurl.template.feature
arg: {"link":""}
checkxlinkurl.template.feature:21 - 
org.apache.http.client.ClientProtocolException
-------
feature call (loop) failed at index: 120
caller: classpath:InspireTest/def/checkxlinkurl.template.feature
arg: {"link":""}
checkxlinkurl.template.feature:21 - 
org.apache.http.client.ClientProtocolException
-------
feature call (loop) failed at index: 121
caller: classpath:InspireTest/def/checkxlinkurl.template.feature
arg: {"link":""}
checkxlinkurl.template.feature:21 - 
org.apache.http.client.ClientProtocolException
-------
feature call (loop) failed at index: 122
caller: classpath:InspireTest/def/checkxlinkurl.template.feature
arg: {"link":""}
checkxlinkurl.template.feature:21 - 
org.apache.http.client.ClientProtocolException
-------
feature call (loop) failed at index: 123
caller: classpath:InspireTest/def/checkxlinkurl.template.feature
arg: {"link":""}
checkxlinkurl.template.feature:21 - 
org.apache.http.client.ClientProtocolException
-------
feature call (loop) failed at index: 124
caller: classpath:InspireTest/def/checkxlinkurl.template.feature
arg: {"link":""}
checkxlinkurl.template.feature:21 - 
org.apache.http.client.ClientProtocolException
-------
feature call (loop) failed at index: 125
caller: classpath:InspireTest/def/checkxlinkurl.template.feature
arg: {"link":""}
checkxlinkurl.template.feature:21 - 
org.apache.http.client.ClientProtocolException
-------
feature call (loop) failed at index: 126
caller: classpath:InspireTest/def/checkxlinkurl.template.feature
arg: {"link":""}
checkxlinkurl.template.feature:21 - 
org.apache.http.client.ClientProtocolException
-------
feature call (loop) failed at index: 127
caller: classpath:InspireTest/def/checkxlinkurl.template.feature
arg: {"link":""}
checkxlinkurl.template.feature:21 - 
org.apache.http.client.ClientProtocolException
-------
feature call (loop) failed at index: 128
caller: classpath:InspireTest/def/checkxlinkurl.template.feature
arg: {"link":""}
checkxlinkurl.template.feature:21 - 
org.apache.http.client.ClientProtocolException
-------
feature call (loop) failed at index: 129
caller: classpath:InspireTest/def/checkxlinkurl.template.feature
arg: {"link":""}
checkxlinkurl.template.feature:21 - 
org.apache.http.client.ClientProtocolException
-------
feature call (loop) failed at index: 130
caller: classpath:InspireTest/def/checkxlinkurl.template.feature
arg: {"link":""}
checkxlinkurl.template.feature:21 - 
org.apache.http.client.ClientProtocolException
-------
feature call (loop) failed at index: 131
caller: classpath:InspireTest/def/checkxlinkurl.template.feature
arg: {"link":""}
checkxlinkurl.template.feature:21 - 
org.apache.http.client.ClientProtocolException
-------
feature call (loop) failed at index: 132
caller: classpath:InspireTest/def/checkxlinkurl.template.feature
arg: {"link":""}
checkxlinkurl.template.feature:21 - 
org.apache.http.client.ClientProtocolException
-------
feature call (loop) failed at index: 133
caller: classpath:InspireTest/def/checkxlinkurl.template.feature
arg: {"link":""}
checkxlinkurl.template.feature:21 - 
org.apache.http.client.ClientProtocolException
-------
feature call (loop) failed at index: 134
caller: classpath:InspireTest/def/checkxlinkurl.template.feature
arg: {"link":""}
checkxlinkurl.template.feature:21 - 
org.apache.http.client.ClientProtocolException
-------
feature call (loop) failed at index: 135
caller: classpath:InspireTest/def/checkxlinkurl.template.feature
arg: {"link":""}
checkxlinkurl.template.feature:21 - 
org.apache.http.client.ClientProtocolException
-------
feature call (loop) failed at index: 136
caller: classpath:InspireTest/def/checkxlinkurl.template.feature
arg: {"link":""}
checkxlinkurl.template.feature:21 - 
org.apache.http.client.ClientProtocolException
-------
feature call (loop) failed at index: 137
caller: classpath:InspireTest/def/checkxlinkurl.template.feature
arg: {"link":""}
checkxlinkurl.template.feature:21 - 
org.apache.http.client.ClientProtocolException
-------
feature call (loop) failed at index: 138
caller: classpath:InspireTest/def/checkxlinkurl.template.feature
arg: {"link":""}
checkxlinkurl.template.feature:21 - 
org.apache.http.client.ClientProtocolException
-------
feature call (loop) failed at index: 139
caller: classpath:InspireTest/def/checkxlinkurl.template.feature
arg: {"link":""}
checkxlinkurl.template.feature:21 - 
org.apache.http.client.ClientProtocolException
-------
feature call (loop) failed at index: 140
caller: classpath:InspireTest/def/checkxlinkurl.template.feature
arg: {"link":""}
checkxlinkurl.template.feature:21 - 
org.apache.http.client.ClientProtocolException
-------
feature call (loop) failed at index: 141
caller: classpath:InspireTest/def/checkxlinkurl.template.feature
arg: {"link":""}
checkxlinkurl.template.feature:21 - 
org.apache.http.client.ClientProtocolException
-------
feature call (loop) failed at index: 142
caller: classpath:InspireTest/def/checkxlinkurl.template.feature
arg: {"link":""}
checkxlinkurl.template.feature:21 - 
org.apache.http.client.ClientProtocolException
-------
feature call (loop) failed at index: 143
caller: classpath:InspireTest/def/checkxlinkurl.template.feature
arg: {"link":""}
checkxlinkurl.template.feature:21 - 
org.apache.http.client.ClientProtocolException
-------
feature call (loop) failed at index: 144
caller: classpath:InspireTest/def/checkxlinkurl.template.feature
arg: {"link":""}
checkxlinkurl.template.feature:21 - 
org.apache.http.client.ClientProtocolException
-------
feature call (loop) failed at index: 145
caller: classpath:InspireTest/def/checkxlinkurl.template.feature
arg: {"link":""}
checkxlinkurl.template.feature:21 - 
org.apache.http.client.ClientProtocolException
-------
feature call (loop) failed at index: 146
caller: classpath:InspireTest/def/checkxlinkurl.template.feature
arg: {"link":""}
checkxlinkurl.template.feature:21 - 
org.apache.http.client.ClientProtocolException
-------
feature call (loop) failed at index: 147
caller: classpath:InspireTest/def/checkxlinkurl.template.feature
arg: {"link":""}
checkxlinkurl.template.feature:21 - 
org.apache.http.client.ClientProtocolException
-------
feature call (loop) failed at index: 148
caller: classpath:InspireTest/def/checkxlinkurl.template.feature
arg: {"link":""}
checkxlinkurl.template.feature:21 - 
org.apache.http.client.ClientProtocolException
-------
feature call (loop) failed at index: 149
caller: classpath:InspireTest/def/checkxlinkurl.template.feature
arg: {"link":""}
checkxlinkurl.template.feature:21 - 
org.apache.http.client.ClientProtocolException
-------
feature call (loop) failed at index: 150
caller: classpath:InspireTest/def/checkxlinkurl.template.feature
arg: {"link":""}
checkxlinkurl.template.feature:21 - 
org.apache.http.client.ClientProtocolException
-------
feature call (loop) failed at index: 151
caller: classpath:InspireTest/def/checkxlinkurl.template.feature
arg: {"link":""}
checkxlinkurl.template.feature:21 - 
org.apache.http.client.ClientProtocolException
-------
feature call (loop) failed at index: 152
caller: classpath:InspireTest/def/checkxlinkurl.template.feature
arg: {"link":""}
checkxlinkurl.template.feature:21 - 
org.apache.http.client.ClientProtocolException
-------
feature call (loop) failed at index: 153
caller: classpath:InspireTest/def/checkxlinkurl.template.feature
arg: {"link":""}
checkxlinkurl.template.feature:21 - 
org.apache.http.client.ClientProtocolException
-------
feature call (loop) failed at index: 154
caller: classpath:InspireTest/def/checkxlinkurl.template.feature
arg: {"link":""}
checkxlinkurl.template.feature:21 - 
org.apache.http.client.ClientProtocolException
-------
feature call (loop) failed at index: 155
caller: classpath:InspireTest/def/checkxlinkurl.template.feature
arg: {"link":""}
checkxlinkurl.template.feature:21 - 
org.apache.http.client.ClientProtocolException
-------
feature call (loop) failed at index: 156
caller: classpath:InspireTest/def/checkxlinkurl.template.feature
arg: {"link":""}
checkxlinkurl.template.feature:21 - 
org.apache.http.client.ClientProtocolException
-------
feature call (loop) failed at index: 157
caller: classpath:InspireTest/def/checkxlinkurl.template.feature
arg: {"link":""}
checkxlinkurl.template.feature:21 - 
org.apache.http.client.ClientProtocolException
-------
feature call (loop) failed at index: 158
caller: classpath:InspireTest/def/checkxlinkurl.template.feature
arg: {"link":""}
checkxlinkurl.template.feature:21 - 
org.apache.http.client.ClientProtocolException
-------
feature call (loop) failed at index: 159
caller: classpath:InspireTest/def/checkxlinkurl.template.feature
arg: {"link":""}
checkxlinkurl.template.feature:21 - 
org.apache.http.client.ClientProtocolException
-------
feature call (loop) failed at index: 160
caller: classpath:InspireTest/def/checkxlinkurl.template.feature
arg: {"link":""}
checkxlinkurl.template.feature:21 - 
org.apache.http.client.ClientProtocolException
-------
feature call (loop) failed at index: 161
caller: classpath:InspireTest/def/checkxlinkurl.template.feature
arg: {"link":""}
checkxlinkurl.template.feature:21 - 
org.apache.http.client.ClientProtocolException
-------
feature call (loop) failed at index: 162
caller: classpath:InspireTest/def/checkxlinkurl.template.feature
arg: {"link":""}
checkxlinkurl.template.feature:21 - 
org.apache.http.client.ClientProtocolException
-------
feature call (loop) failed at index: 163
caller: classpath:InspireTest/def/checkxlinkurl.template.feature
arg: {"link":""}
checkxlinkurl.template.feature:21 - 
org.apache.http.client.ClientProtocolException
-------
feature call (loop) failed at index: 164
caller: classpath:InspireTest/def/checkxlinkurl.template.feature
arg: {"link":""}
checkxlinkurl.template.feature:21 - 
org.apache.http.client.ClientProtocolException
-------
feature call (loop) failed at index: 165
caller: classpath:InspireTest/def/checkxlinkurl.template.feature
arg: {"link":""}
checkxlinkurl.template.feature:21 - 
org.apache.http.client.ClientProtocolException
-------
feature call (loop) failed at index: 166
caller: classpath:InspireTest/def/checkxlinkurl.template.feature
arg: {"link":""}
checkxlinkurl.template.feature:21 - 
org.apache.http.client.ClientProtocolException
-------
feature call (loop) failed at index: 167
caller: classpath:InspireTest/def/checkxlinkurl.template.feature
arg: {"link":""}
checkxlinkurl.template.feature:21 - 
org.apache.http.client.ClientProtocolException
-------
feature call (loop) failed at index: 168
caller: classpath:InspireTest/def/checkxlinkurl.template.feature
arg: {"link":""}
checkxlinkurl.template.feature:21 - 
org.apache.http.client.ClientProtocolException
-------
feature call (loop) failed at index: 169
caller: classpath:InspireTest/def/checkxlinkurl.template.feature
arg: {"link":""}
checkxlinkurl.template.feature:21 - 
org.apache.http.client.ClientProtocolException
-------
feature call (loop) failed at index: 170
caller: classpath:InspireTest/def/checkxlinkurl.template.feature
arg: {"link":""}
checkxlinkurl.template.feature:21 - 
org.apache.http.client.ClientProtocolException
-------
feature call (loop) failed at index: 171
caller: classpath:InspireTest/def/checkxlinkurl.template.feature
arg: {"link":""}
checkxlinkurl.template.feature:21 - 
org.apache.http.client.ClientProtocolException
-------
feature call (loop) failed at index: 172
caller: classpath:InspireTest/def/checkxlinkurl.template.feature
arg: {"link":""}
checkxlinkurl.template.feature:21 - 
org.apache.http.client.ClientProtocolException
-------
feature call (loop) failed at index: 173
caller: classpath:InspireTest/def/checkxlinkurl.template.feature
arg: {"link":""}
checkxlinkurl.template.feature:21 - 
org.apache.http.client.ClientProtocolException
-------
feature call (loop) failed at index: 174
caller: classpath:InspireTest/def/checkxlinkurl.template.feature
arg: {"link":""}
checkxlinkurl.template.feature:21 - 
org.apache.http.client.ClientProtocolException
-------
feature call (loop) failed at index: 175
caller: classpath:InspireTest/def/checkxlinkurl.template.feature
arg: {"link":""}
checkxlinkurl.template.feature:21 - 
org.apache.http.client.ClientProtocolException
-------
feature call (loop) failed at index: 176
caller: classpath:InspireTest/def/checkxlinkurl.template.feature
arg: {"link":""}
checkxlinkurl.template.feature:21 - 
org.apache.http.client.ClientProtocolException
-------
feature call (loop) failed at index: 177
caller: classpath:InspireTest/def/checkxlinkurl.template.feature
arg: {"link":""}
checkxlinkurl.template.feature:21 - 
org.apache.http.client.ClientProtocolException
-------
feature call (loop) failed at index: 178
caller: classpath:InspireTest/def/checkxlinkurl.template.feature
arg: {"link":""}
checkxlinkurl.template.feature:21 - 
org.apache.http.client.ClientProtocolException
-------
feature call (loop) failed at index: 179
caller: classpath:InspireTest/def/checkxlinkurl.template.feature
arg: {"link":""}
checkxlinkurl.template.feature:21 - 
org.apache.http.client.ClientProtocolException
-------
feature call (loop) failed at index: 180
caller: classpath:InspireTest/def/checkxlinkurl.template.feature
arg: {"link":""}
checkxlinkurl.template.feature:21 - 
org.apache.http.client.ClientProtocolException
-------
feature call (loop) failed at index: 181
caller: classpath:InspireTest/def/checkxlinkurl.template.feature
arg: {"link":""}
checkxlinkurl.template.feature:21 - 
org.apache.http.client.ClientProtocolException
-------
feature call (loop) failed at index: 182
caller: classpath:InspireTest/def/checkxlinkurl.template.feature
arg: {"link":""}
checkxlinkurl.template.feature:21 - 
org.apache.http.client.ClientProtocolException
-------
feature call (loop) failed at index: 183
caller: classpath:InspireTest/def/checkxlinkurl.template.feature
arg: {"link":""}
checkxlinkurl.template.feature:21 - 
org.apache.http.client.ClientProtocolException
-------
feature call (loop) failed at index: 184
caller: classpath:InspireTest/def/checkxlinkurl.template.feature
arg: {"link":""}
checkxlinkurl.template.feature:21 - 
org.apache.http.client.ClientProtocolException
-------
feature call (loop) failed at index: 185
caller: classpath:InspireTest/def/checkxlinkurl.template.feature
arg: {"link":""}
checkxlinkurl.template.feature:21 - 
org.apache.http.client.ClientProtocolException
-------
feature call (loop) failed at index: 186
caller: classpath:InspireTest/def/checkxlinkurl.template.feature
arg: {"link":""}
checkxlinkurl.template.feature:21 - 
org.apache.http.client.ClientProtocolException
-------
feature call (loop) failed at index: 187
caller: classpath:InspireTest/def/checkxlinkurl.template.feature
arg: {"link":""}
checkxlinkurl.template.feature:21 - 
org.apache.http.client.ClientProtocolException
-------
feature call (loop) failed at index: 188
caller: classpath:InspireTest/def/checkxlinkurl.template.feature
arg: {"link":""}
checkxlinkurl.template.feature:21 - 
org.apache.http.client.ClientProtocolException
-------
feature call (loop) failed at index: 189
caller: classpath:InspireTest/def/checkxlinkurl.template.feature
arg: {"link":""}
checkxlinkurl.template.feature:21 - 
org.apache.http.client.ClientProtocolException
-------
feature call (loop) failed at index: 190
caller: classpath:InspireTest/def/checkxlinkurl.template.feature
arg: {"link":""}
checkxlinkurl.template.feature:21 - 
org.apache.http.client.ClientProtocolException
-------
feature call (loop) failed at index: 191
caller: classpath:InspireTest/def/checkxlinkurl.template.feature
arg: {"link":""}
checkxlinkurl.template.feature:21 - 
org.apache.http.client.ClientProtocolException
-------
feature call (loop) failed at index: 192
caller: classpath:InspireTest/def/checkxlinkurl.template.feature
arg: {"link":""}
checkxlinkurl.template.feature:21 - 
org.apache.http.client.ClientProtocolException
-------
feature call (loop) failed at index: 193
caller: classpath:InspireTest/def/checkxlinkurl.template.feature
arg: {"link":""}
checkxlinkurl.template.feature:21 - 
org.apache.http.client.ClientProtocolException
-------
feature call (loop) failed at index: 194
caller: classpath:InspireTest/def/checkxlinkurl.template.feature
arg: {"link":""}
checkxlinkurl.template.feature:21 - 
org.apache.http.client.ClientProtocolException
-------
feature call (loop) failed at index: 195
caller: classpath:InspireTest/def/checkxlinkurl.template.feature
arg: {"link":""}
checkxlinkurl.template.feature:21 - 
org.apache.http.client.ClientProtocolException
-------
feature call (loop) failed at index: 196
caller: classpath:InspireTest/def/checkxlinkurl.template.feature
arg: {"link":""}
checkxlinkurl.template.feature:21 - 
org.apache.http.client.ClientProtocolException
-------
feature call (loop) failed at index: 197
caller: classpath:InspireTest/def/checkxlinkurl.template.feature
arg: {"link":""}
checkxlinkurl.template.feature:21 - 
org.apache.http.client.ClientProtocolException
-------
feature call (loop) failed at index: 198
caller: classpath:InspireTest/def/checkxlinkurl.template.feature
arg: {"link":""}
checkxlinkurl.template.feature:21 - 
org.apache.http.client.ClientProtocolException
-------
feature call (loop) failed at index: 199
caller: classpath:InspireTest/def/checkxlinkurl.template.feature
arg: {"link":""}
checkxlinkurl.template.feature:21 - 
org.apache.http.client.ClientProtocolException
-------
feature call (loop) failed at index: 200
caller: classpath:InspireTest/def/checkxlinkurl.template.feature
arg: {"link":""}
checkxlinkurl.template.feature:21 - 
org.apache.http.client.ClientProtocolException
-------
feature call (loop) failed at index: 201
caller: classpath:InspireTest/def/checkxlinkurl.template.feature
arg: {"link":""}
checkxlinkurl.template.feature:21 - 
org.apache.http.client.ClientProtocolException
-------
feature call (loop) failed at index: 202
caller: classpath:InspireTest/def/checkxlinkurl.template.feature
arg: {"link":""}
checkxlinkurl.template.feature:21 - 
org.apache.http.client.ClientProtocolException
-------
feature call (loop) failed at index: 203
caller: classpath:InspireTest/def/checkxlinkurl.template.feature
arg: {"link":""}
checkxlinkurl.template.feature:21 - 
org.apache.http.client.ClientProtocolException
-------
feature call (loop) failed at index: 204
caller: classpath:InspireTest/def/checkxlinkurl.template.feature
arg: {"link":""}
checkxlinkurl.template.feature:21 - 
org.apache.http.client.ClientProtocolException
-------
feature call (loop) failed at index: 205
caller: classpath:InspireTest/def/checkxlinkurl.template.feature
arg: {"link":""}
checkxlinkurl.template.feature:21 - 
org.apache.http.client.ClientProtocolException
-------
feature call (loop) failed at index: 206
caller: classpath:InspireTest/def/checkxlinkurl.template.feature
arg: {"link":""}
checkxlinkurl.template.feature:21 - 
org.apache.http.client.ClientProtocolException
-------
feature call (loop) failed at index: 207
caller: classpath:InspireTest/def/checkxlinkurl.template.feature
arg: {"link":""}
checkxlinkurl.template.feature:21 - 
org.apache.http.client.ClientProtocolException
[1.22:24] check-known-service-record.feature:72 - feature call (loop) failed: classpath:InspireTest/def/checkxlinkurl.template.feature
caller: classpath:InspireTest/ngr/T03_services/check-known-service-record.feature
items: [{link=}, {link=http://www.nationaalgeoregister.nl/geonetwork/srv/nl/csw?Service=CSW&Request=GetRecordById&Version=2.0.2&id=88f76a94-ee4d-4e0c-9fde-91b692403e39&outputSchema=http://www.isotc211.org/2005/gmd&elementSetName=full#MD_DataIdentification}, {link=http://www.nationaalgeoregister.nl/geonetwork/srv/nl/csw?Service=CSW&Request=GetRecordById&Version=2.0.2&id=08af1182-91fe-4d21-aa21-ee002953c3cc&outputSchema=http://www.isotc211.org/2005/gmd&elementSetName=full#MD_DataIdentification}, {link=http://www.nationaalgeoregister.nl/geonetwork/srv/nl/csw?Service=CSW&Request=GetRecordById&Version=2.0.2&id=d91126e0-e37b-11e4-b571-0800200c9a66&outputSchema=http://www.isotc211.org/2005/gmd&elementSetName=full#MD_DataIdentification}, {link=http://www.nationaalgeoregister.nl/geonetwork/srv/nl/csw?Service=CSW&Request=GetRecordById&Version=2.0.2&id=667ebfb0-e37c-11e4-b571-0800200c9a66&outputSchema=http://www.isotc211.org/2005/gmd&elementSetName=full#MD_DataIdentification}]
errors:
-------
feature call (loop) failed at index: 0
caller: classpath:InspireTest/def/checkxlinkurl.template.feature
arg: {"link":""}
checkxlinkurl.template.feature:21 - 
org.apache.http.client.ClientProtocolException
[1.23:24] check-known-service-record.feature:72 - feature call (loop) failed: classpath:InspireTest/def/checkxlinkurl.template.feature
caller: classpath:InspireTest/ngr/T03_services/check-known-service-record.feature
items: [{link=http://inspire.ec.europa.eu/metadata-codelist/SpatialDataServiceCategory/infoMapAccessService}, {link=http://inspire.ec.europa.eu/metadata-codelist/SpatialDataServiceCategory}, {link=https://www.nationaalgeoregister.nl:443/geonetwork/srv/eng/thesaurus.download?ref=external.theme.httpinspireeceuropaeumetadatacodelistSpatialDataServiceCategory-SpatialDataServiceCategory}, {link=}, {link=}, {link=}, {link=http://www.nationaalgeoregister.nl/geonetwork/srv/dut/csw?service=CSW&request=GetRecordById&version=2.0.2&outputSchema=http://www.isotc211.org/2005/gmd&elementSetName=full&id=50a2c5e6-c8e7-425d-854e-26f578196bc9#MD_DataIdentification}]
errors:
-------
feature call (loop) failed at index: 0
caller: classpath:InspireTest/def/checkxlinkurl.template.feature
arg: {"link":"http://inspire.ec.europa.eu/metadata-codelist/SpatialDataServiceCategory/infoMapAccessService"}
checkxlinkurl.template.feature:21 - 
java.net.SocketTimeoutException: Read timed out
-------
feature call (loop) failed at index: 1
caller: classpath:InspireTest/def/checkxlinkurl.template.feature
arg: {"link":"http://inspire.ec.europa.eu/metadata-codelist/SpatialDataServiceCategory"}
checkxlinkurl.template.feature:21 - 
java.net.SocketTimeoutException: Read timed out
-------
feature call (loop) failed at index: 3
caller: classpath:InspireTest/def/checkxlinkurl.template.feature
arg: {"link":""}
checkxlinkurl.template.feature:21 - 
org.apache.http.client.ClientProtocolException
-------
feature call (loop) failed at index: 4
caller: classpath:InspireTest/def/checkxlinkurl.template.feature
arg: {"link":""}
checkxlinkurl.template.feature:21 - 
org.apache.http.client.ClientProtocolException
-------
feature call (loop) failed at index: 5
caller: classpath:InspireTest/def/checkxlinkurl.template.feature
arg: {"link":""}
checkxlinkurl.template.feature:21 - 
org.apache.http.client.ClientProtocolException
[1.24:24] check-known-service-record.feature:72 - feature call (loop) failed: classpath:InspireTest/def/checkxlinkurl.template.feature
caller: classpath:InspireTest/ngr/T03_services/check-known-service-record.feature
items: [{link=}, {link=http://www.nationaalgeoregister.nl/geonetwork/srv/nl/csw?Service=CSW&Request=GetRecordById&Version=2.0.2&id=88e2a6fa-b296-4ff4-bc30-fb87e2c1627e&outputSchema=http://www.isotc211.org/2005/gmd&elementSetName=full#MD_DataIdentification}]
errors:
-------
feature call (loop) failed at index: 0
caller: classpath:InspireTest/def/checkxlinkurl.template.feature
arg: {"link":""}
checkxlinkurl.template.feature:21 - 
org.apache.http.client.ClientProtocolException
InspireTest.ngr.T02_datasets.check-known-dataset-record: [1.2:24] check-known-dataset-record.feature:72 - feature call (loop) failed: classpath:InspireTest/def/checkxlinkurl.template.feature
caller: classpath:InspireTest/ngr/T02_datasets/check-known-dataset-record.feature
items: [{link=https://nationaalgeoregister.nl/geonetwork/srv/resourcesce4a6d93-83d6-4397-afa1-d4117d5ce76b}, {link=http://rdfdata.eionet.europa.eu/inspirethemes/themes/34}, {link=http://geonetwork-opensource.org/inspire-theme#}, {link=https://www.nationaalgeoregister.nl/geonetwork/srv/eng/thesaurus.download?ref=external.theme.inspire-theme}]
errors:
-------
feature call (loop) failed at index: 0
caller: classpath:InspireTest/def/checkxlinkurl.template.feature
arg: {"link":"https://nationaalgeoregister.nl/geonetwork/srv/resourcesce4a6d93-83d6-4397-afa1-d4117d5ce76b"}
checkxlinkurl.template.feature:28 - path: $, actual: 404, expected: 200, reason: not equal (Integer)
-------
feature call (loop) failed at index: 1
caller: classpath:InspireTest/def/checkxlinkurl.template.feature
arg: {"link":"http://rdfdata.eionet.europa.eu/inspirethemes/themes/34"}
checkxlinkurl.template.feature:28 - path: $, actual: 404, expected: 200, reason: not equal (Integer)
-------
feature call (loop) failed at index: 2
caller: classpath:InspireTest/def/checkxlinkurl.template.feature
arg: {"link":"http://geonetwork-opensource.org/inspire-theme#"}
checkxlinkurl.template.feature:28 - path: $, actual: 404, expected: 200, reason: not equal (Integer)
-------
feature call (loop) failed at index: 3
caller: classpath:InspireTest/def/checkxlinkurl.template.feature
arg: {"link":"https://www.nationaalgeoregister.nl/geonetwork/srv/eng/thesaurus.download?ref=external.theme.inspire-theme"}
checkxlinkurl.template.feature:28 - path: $, actual: 500, expected: 200, reason: not equal (Integer)
[1.3:24] check-known-dataset-record.feature:45 - xpath does not exist: /GetRecordByIdResponse//@href on response
[1.4:24] check-known-dataset-record.feature:72 - feature call (loop) failed: classpath:InspireTest/def/checkxlinkurl.template.feature
caller: classpath:InspireTest/ngr/T02_datasets/check-known-dataset-record.feature
items: [{link=http://nationaalgeoregister.nl/geonetwork/srv/dut/catalog.search#/metadata/247a1d15-0a67-40ce-85be-1403c08f15a8}, {link=xlink:href=https://inspire.ec.europa.eu/id/document/tg/ps}, {link=https://data.overheid.nl/organisatie/PDOK}]
errors:
-------
feature call (loop) failed at index: 1
caller: classpath:InspireTest/def/checkxlinkurl.template.feature
arg: {"link":"xlink:href=https://inspire.ec.europa.eu/id/document/tg/ps"}
checkxlinkurl.template.feature:21 - 
org.apache.http.client.ClientProtocolException: URI does not specify a valid host name: xlink:href=https://inspire.ec.europa.eu/id/document/tg/ps
-------
feature call (loop) failed at index: 2
caller: classpath:InspireTest/def/checkxlinkurl.template.feature
arg: {"link":"https://data.overheid.nl/organisatie/PDOK"}
checkxlinkurl.template.feature:28 - path: $, actual: 404, expected: 200, reason: not equal (Integer)

]]></system-out>
    <system-err><![CDATA[Warning: Nashorn engine is planned to be removed from a future JDK release
ERROR StatusLogger No log4j2 configuration file found. Using default configuration: logging only errors to the console. Set system property 'org.apache.logging.log4j.simplelog.StatusLogger.level' to TRACE to show Log4j2 internal initialization logging.
]]></system-err>
  </testcase>
</testsuite>