<?xml version="1.0" encoding="UTF-8"?>
<testsuite xmlns:xsi="http://www.w3.org/2001/XMLSchema-instance" xsi:noNamespaceSchemaLocation="https://maven.apache.org/surefire/maven-surefire-plugin/xsd/surefire-test-report-3.0.xsd" version="3.0" name="InspireTest.TestAll" time="14.206" tests="1" errors="0" skipped="0" failures="1">
  <properties>
    <property name="java.specification.version" value="13"/>
    <property name="sun.jnu.encoding" value="UTF-8"/>
    <property name="java.class.path" value="/home/runner/work/nl-ngr-validation/nl-ngr-validation/target/test-classes:/home/runner/work/nl-ngr-validation/nl-ngr-validation/target/classes:/home/runner/.m2/repository/com/intuit/karate/karate-apache/0.9.5/karate-apache-0.9.5.jar:/home/runner/.m2/repository/com/intuit/karate/karate-core/0.9.5/karate-core-0.9.5.jar:/home/runner/.m2/repository/com/jayway/jsonpath/json-path/2.4.0/json-path-2.4.0.jar:/home/runner/.m2/repository/net/minidev/json-smart/2.3/json-smart-2.3.jar:/home/runner/.m2/repository/net/minidev/accessors-smart/1.2/accessors-smart-1.2.jar:/home/runner/.m2/repository/info/cukes/cucumber-java/1.2.5/cucumber-java-1.2.5.jar:/home/runner/.m2/repository/info/cukes/cucumber-core/1.2.5/cucumber-core-1.2.5.jar:/home/runner/.m2/repository/org/yaml/snakeyaml/1.24/snakeyaml-1.24.jar:/home/runner/.m2/repository/de/siegmar/fastcsv/1.0.3/fastcsv-1.0.3.jar:/home/runner/.m2/repository/info/picocli/picocli/4.0.3/picocli-4.0.3.jar:/home/runner/.m2/repository/org/apache/httpcomponents/httpclient/4.5.11/httpclient-4.5.11.jar:/home/runner/.m2/repository/org/apache/httpcomponents/httpcore/4.4.13/httpcore-4.4.13.jar:/home/runner/.m2/repository/commons-codec/commons-codec/1.11/commons-codec-1.11.jar:/home/runner/.m2/repository/org/apache/httpcomponents/httpmime/4.5.11/httpmime-4.5.11.jar:/home/runner/.m2/repository/org/slf4j/jcl-over-slf4j/1.7.25/jcl-over-slf4j-1.7.25.jar:/home/runner/.m2/repository/org/slf4j/slf4j-api/1.7.25/slf4j-api-1.7.25.jar:/home/runner/.m2/repository/ch/qos/logback/logback-classic/1.2.3/logback-classic-1.2.3.jar:/home/runner/.m2/repository/ch/qos/logback/logback-core/1.2.3/logback-core-1.2.3.jar:/home/runner/.m2/repository/com/intuit/karate/karate-junit5/0.9.5/karate-junit5-0.9.5.jar:/home/runner/.m2/repository/org/junit/jupiter/junit-jupiter-api/5.6.2/junit-jupiter-api-5.6.2.jar:/home/runner/.m2/repository/org/apiguardian/apiguardian-api/1.1.0/apiguardian-api-1.1.0.jar:/home/runner/.m2/repository/org/opentest4j/opentest4j/1.2.0/opentest4j-1.2.0.jar:/home/runner/.m2/repository/org/junit/platform/junit-platform-commons/1.6.2/junit-platform-commons-1.6.2.jar:/home/runner/.m2/repository/org/junit/jupiter/junit-jupiter-engine/5.6.2/junit-jupiter-engine-5.6.2.jar:/home/runner/.m2/repository/org/junit/platform/junit-platform-engine/1.6.2/junit-platform-engine-1.6.2.jar:/home/runner/.m2/repository/net/masterthought/cucumber-reporting/3.13.0/cucumber-reporting-3.13.0.jar:/home/runner/.m2/repository/org/apache/logging/log4j/log4j-api/2.8.2/log4j-api-2.8.2.jar:/home/runner/.m2/repository/org/apache/logging/log4j/log4j-core/2.8.2/log4j-core-2.8.2.jar:/home/runner/.m2/repository/com/fasterxml/jackson/core/jackson-databind/2.8.6/jackson-databind-2.8.6.jar:/home/runner/.m2/repository/com/fasterxml/jackson/core/jackson-annotations/2.8.0/jackson-annotations-2.8.0.jar:/home/runner/.m2/repository/com/fasterxml/jackson/core/jackson-core/2.8.6/jackson-core-2.8.6.jar:/home/runner/.m2/repository/org/apache/velocity/velocity/1.7/velocity-1.7.jar:/home/runner/.m2/repository/commons-collections/commons-collections/3.2.1/commons-collections-3.2.1.jar:/home/runner/.m2/repository/commons-lang/commons-lang/2.4/commons-lang-2.4.jar:/home/runner/.m2/repository/velocity-tools/velocity-tools/1.4/velocity-tools-1.4.jar:/home/runner/.m2/repository/joda-time/joda-time/2.9.9/joda-time-2.9.9.jar:/home/runner/.m2/repository/org/apache/commons/commons-lang3/3.6/commons-lang3-3.6.jar:/home/runner/.m2/repository/commons-io/commons-io/2.5/commons-io-2.5.jar:/home/runner/.m2/repository/net/lingala/zip4j/zip4j/1.3.2/zip4j-1.3.2.jar:/home/runner/.m2/repository/org/codehaus/plexus/plexus-utils/3.0.24/plexus-utils-3.0.24.jar:/home/runner/.m2/repository/org/jsoup/jsoup/1.10.3/jsoup-1.10.3.jar:/home/runner/.m2/repository/com/googlecode/owasp-java-html-sanitizer/owasp-java-html-sanitizer/20170515.1/owasp-java-html-sanitizer-20170515.1.jar:/home/runner/.m2/repository/com/google/guava/guava/20.0/guava-20.0.jar:/home/runner/.m2/repository/commons-configuration/commons-configuration/1.6/commons-configuration-1.6.jar:/home/runner/.m2/repository/commons-logging/commons-logging/1.1.1/commons-logging-1.1.1.jar:/home/runner/.m2/repository/commons-digester/commons-digester/1.8/commons-digester-1.8.jar:/home/runner/.m2/repository/commons-beanutils/commons-beanutils/1.7.0/commons-beanutils-1.7.0.jar:/home/runner/.m2/repository/commons-beanutils/commons-beanutils-core/1.8.0/commons-beanutils-core-1.8.0.jar:/home/runner/.m2/repository/org/apache/maven/plugins/maven-surefire-plugin/3.0.0-M4/maven-surefire-plugin-3.0.0-M4.jar:/home/runner/.m2/repository/org/apache/maven/surefire/maven-surefire-common/3.0.0-M4/maven-surefire-common-3.0.0-M4.jar:/home/runner/.m2/repository/org/apache/maven/surefire/surefire-api/3.0.0-M4/surefire-api-3.0.0-M4.jar:/home/runner/.m2/repository/org/apache/maven/surefire/surefire-logger-api/3.0.0-M4/surefire-logger-api-3.0.0-M4.jar:/home/runner/.m2/repository/org/apache/maven/surefire/surefire-extensions-api/3.0.0-M4/surefire-extensions-api-3.0.0-M4.jar:/home/runner/.m2/repository/org/apache/maven/surefire/surefire-booter/3.0.0-M4/surefire-booter-3.0.0-M4.jar:/home/runner/.m2/repository/org/apache/maven/maven-toolchain/3.0-alpha-2/maven-toolchain-3.0-alpha-2.jar:/home/runner/.m2/repository/org/apache/maven/shared/maven-artifact-transfer/0.11.0/maven-artifact-transfer-0.11.0.jar:/home/runner/.m2/repository/org/apache/maven/shared/maven-common-artifact-filters/3.0.1/maven-common-artifact-filters-3.0.1.jar:/home/runner/.m2/repository/org/apache/maven/maven-model/3.0/maven-model-3.0.jar:/home/runner/.m2/repository/org/apache/maven/maven-plugin-api/3.0/maven-plugin-api-3.0.jar:/home/runner/.m2/repository/org/sonatype/sisu/sisu-inject-plexus/1.4.2/sisu-inject-plexus-1.4.2.jar:/home/runner/.m2/repository/org/codehaus/plexus/plexus-classworlds/2.2.3/plexus-classworlds-2.2.3.jar:/home/runner/.m2/repository/org/sonatype/sisu/sisu-inject-bean/1.4.2/sisu-inject-bean-1.4.2.jar:/home/runner/.m2/repository/org/sonatype/sisu/sisu-guice/2.1.7/sisu-guice-2.1.7-noaop.jar:/home/runner/.m2/repository/org/apache/maven/shared/maven-shared-utils/3.1.0/maven-shared-utils-3.1.0.jar:/home/runner/.m2/repository/org/codehaus/plexus/plexus-java/1.0.3/plexus-java-1.0.3.jar:/home/runner/.m2/repository/org/ow2/asm/asm/7.0/asm-7.0.jar:/home/runner/.m2/repository/com/thoughtworks/qdox/qdox/2.0-M9/qdox-2.0-M9.jar:/home/runner/.m2/repository/org/junit/jupiter/junit-jupiter/5.6.2/junit-jupiter-5.6.2.jar:/home/runner/.m2/repository/org/junit/jupiter/junit-jupiter-params/5.6.2/junit-jupiter-params-5.6.2.jar:"/>
    <property name="java.vm.vendor" value="Azul Systems, Inc."/>
    <property name="sun.arch.data.model" value="64"/>
    <property name="java.vendor.url" value="http://www.azulsystems.com/"/>
    <property name="user.timezone" value="Etc/UTC"/>
    <property name="os.name" value="Linux"/>
    <property name="java.vm.specification.version" value="13"/>
    <property name="sun.java.launcher" value="SUN_STANDARD"/>
    <property name="sun.boot.library.path" value="/opt/hostedtoolcache/jdk/13.0.4/x64/lib"/>
    <property name="sun.java.command" value="/home/runner/work/nl-ngr-validation/nl-ngr-validation/target/surefire/surefirebooter1507169976427063891.jar /home/runner/work/nl-ngr-validation/nl-ngr-validation/target/surefire 2020-09-25T15-22-31_017-jvmRun1 surefire14979912325074816541tmp surefire_09353037101502832990tmp"/>
    <property name="jdk.debug" value="release"/>
    <property name="surefire.test.class.path" value="/home/runner/work/nl-ngr-validation/nl-ngr-validation/target/test-classes:/home/runner/work/nl-ngr-validation/nl-ngr-validation/target/classes:/home/runner/.m2/repository/com/intuit/karate/karate-apache/0.9.5/karate-apache-0.9.5.jar:/home/runner/.m2/repository/com/intuit/karate/karate-core/0.9.5/karate-core-0.9.5.jar:/home/runner/.m2/repository/com/jayway/jsonpath/json-path/2.4.0/json-path-2.4.0.jar:/home/runner/.m2/repository/net/minidev/json-smart/2.3/json-smart-2.3.jar:/home/runner/.m2/repository/net/minidev/accessors-smart/1.2/accessors-smart-1.2.jar:/home/runner/.m2/repository/info/cukes/cucumber-java/1.2.5/cucumber-java-1.2.5.jar:/home/runner/.m2/repository/info/cukes/cucumber-core/1.2.5/cucumber-core-1.2.5.jar:/home/runner/.m2/repository/org/yaml/snakeyaml/1.24/snakeyaml-1.24.jar:/home/runner/.m2/repository/de/siegmar/fastcsv/1.0.3/fastcsv-1.0.3.jar:/home/runner/.m2/repository/info/picocli/picocli/4.0.3/picocli-4.0.3.jar:/home/runner/.m2/repository/org/apache/httpcomponents/httpclient/4.5.11/httpclient-4.5.11.jar:/home/runner/.m2/repository/org/apache/httpcomponents/httpcore/4.4.13/httpcore-4.4.13.jar:/home/runner/.m2/repository/commons-codec/commons-codec/1.11/commons-codec-1.11.jar:/home/runner/.m2/repository/org/apache/httpcomponents/httpmime/4.5.11/httpmime-4.5.11.jar:/home/runner/.m2/repository/org/slf4j/jcl-over-slf4j/1.7.25/jcl-over-slf4j-1.7.25.jar:/home/runner/.m2/repository/org/slf4j/slf4j-api/1.7.25/slf4j-api-1.7.25.jar:/home/runner/.m2/repository/ch/qos/logback/logback-classic/1.2.3/logback-classic-1.2.3.jar:/home/runner/.m2/repository/ch/qos/logback/logback-core/1.2.3/logback-core-1.2.3.jar:/home/runner/.m2/repository/com/intuit/karate/karate-junit5/0.9.5/karate-junit5-0.9.5.jar:/home/runner/.m2/repository/org/junit/jupiter/junit-jupiter-api/5.6.2/junit-jupiter-api-5.6.2.jar:/home/runner/.m2/repository/org/apiguardian/apiguardian-api/1.1.0/apiguardian-api-1.1.0.jar:/home/runner/.m2/repository/org/opentest4j/opentest4j/1.2.0/opentest4j-1.2.0.jar:/home/runner/.m2/repository/org/junit/platform/junit-platform-commons/1.6.2/junit-platform-commons-1.6.2.jar:/home/runner/.m2/repository/org/junit/jupiter/junit-jupiter-engine/5.6.2/junit-jupiter-engine-5.6.2.jar:/home/runner/.m2/repository/org/junit/platform/junit-platform-engine/1.6.2/junit-platform-engine-1.6.2.jar:/home/runner/.m2/repository/net/masterthought/cucumber-reporting/3.13.0/cucumber-reporting-3.13.0.jar:/home/runner/.m2/repository/org/apache/logging/log4j/log4j-api/2.8.2/log4j-api-2.8.2.jar:/home/runner/.m2/repository/org/apache/logging/log4j/log4j-core/2.8.2/log4j-core-2.8.2.jar:/home/runner/.m2/repository/com/fasterxml/jackson/core/jackson-databind/2.8.6/jackson-databind-2.8.6.jar:/home/runner/.m2/repository/com/fasterxml/jackson/core/jackson-annotations/2.8.0/jackson-annotations-2.8.0.jar:/home/runner/.m2/repository/com/fasterxml/jackson/core/jackson-core/2.8.6/jackson-core-2.8.6.jar:/home/runner/.m2/repository/org/apache/velocity/velocity/1.7/velocity-1.7.jar:/home/runner/.m2/repository/commons-collections/commons-collections/3.2.1/commons-collections-3.2.1.jar:/home/runner/.m2/repository/commons-lang/commons-lang/2.4/commons-lang-2.4.jar:/home/runner/.m2/repository/velocity-tools/velocity-tools/1.4/velocity-tools-1.4.jar:/home/runner/.m2/repository/joda-time/joda-time/2.9.9/joda-time-2.9.9.jar:/home/runner/.m2/repository/org/apache/commons/commons-lang3/3.6/commons-lang3-3.6.jar:/home/runner/.m2/repository/commons-io/commons-io/2.5/commons-io-2.5.jar:/home/runner/.m2/repository/net/lingala/zip4j/zip4j/1.3.2/zip4j-1.3.2.jar:/home/runner/.m2/repository/org/codehaus/plexus/plexus-utils/3.0.24/plexus-utils-3.0.24.jar:/home/runner/.m2/repository/org/jsoup/jsoup/1.10.3/jsoup-1.10.3.jar:/home/runner/.m2/repository/com/googlecode/owasp-java-html-sanitizer/owasp-java-html-sanitizer/20170515.1/owasp-java-html-sanitizer-20170515.1.jar:/home/runner/.m2/repository/com/google/guava/guava/20.0/guava-20.0.jar:/home/runner/.m2/repository/commons-configuration/commons-configuration/1.6/commons-configuration-1.6.jar:/home/runner/.m2/repository/commons-logging/commons-logging/1.1.1/commons-logging-1.1.1.jar:/home/runner/.m2/repository/commons-digester/commons-digester/1.8/commons-digester-1.8.jar:/home/runner/.m2/repository/commons-beanutils/commons-beanutils/1.7.0/commons-beanutils-1.7.0.jar:/home/runner/.m2/repository/commons-beanutils/commons-beanutils-core/1.8.0/commons-beanutils-core-1.8.0.jar:/home/runner/.m2/repository/org/apache/maven/plugins/maven-surefire-plugin/3.0.0-M4/maven-surefire-plugin-3.0.0-M4.jar:/home/runner/.m2/repository/org/apache/maven/surefire/maven-surefire-common/3.0.0-M4/maven-surefire-common-3.0.0-M4.jar:/home/runner/.m2/repository/org/apache/maven/surefire/surefire-api/3.0.0-M4/surefire-api-3.0.0-M4.jar:/home/runner/.m2/repository/org/apache/maven/surefire/surefire-logger-api/3.0.0-M4/surefire-logger-api-3.0.0-M4.jar:/home/runner/.m2/repository/org/apache/maven/surefire/surefire-extensions-api/3.0.0-M4/surefire-extensions-api-3.0.0-M4.jar:/home/runner/.m2/repository/org/apache/maven/surefire/surefire-booter/3.0.0-M4/surefire-booter-3.0.0-M4.jar:/home/runner/.m2/repository/org/apache/maven/maven-toolchain/3.0-alpha-2/maven-toolchain-3.0-alpha-2.jar:/home/runner/.m2/repository/org/apache/maven/shared/maven-artifact-transfer/0.11.0/maven-artifact-transfer-0.11.0.jar:/home/runner/.m2/repository/org/apache/maven/shared/maven-common-artifact-filters/3.0.1/maven-common-artifact-filters-3.0.1.jar:/home/runner/.m2/repository/org/apache/maven/maven-model/3.0/maven-model-3.0.jar:/home/runner/.m2/repository/org/apache/maven/maven-plugin-api/3.0/maven-plugin-api-3.0.jar:/home/runner/.m2/repository/org/sonatype/sisu/sisu-inject-plexus/1.4.2/sisu-inject-plexus-1.4.2.jar:/home/runner/.m2/repository/org/codehaus/plexus/plexus-classworlds/2.2.3/plexus-classworlds-2.2.3.jar:/home/runner/.m2/repository/org/sonatype/sisu/sisu-inject-bean/1.4.2/sisu-inject-bean-1.4.2.jar:/home/runner/.m2/repository/org/sonatype/sisu/sisu-guice/2.1.7/sisu-guice-2.1.7-noaop.jar:/home/runner/.m2/repository/org/apache/maven/shared/maven-shared-utils/3.1.0/maven-shared-utils-3.1.0.jar:/home/runner/.m2/repository/org/codehaus/plexus/plexus-java/1.0.3/plexus-java-1.0.3.jar:/home/runner/.m2/repository/org/ow2/asm/asm/7.0/asm-7.0.jar:/home/runner/.m2/repository/com/thoughtworks/qdox/qdox/2.0-M9/qdox-2.0-M9.jar:/home/runner/.m2/repository/org/junit/jupiter/junit-jupiter/5.6.2/junit-jupiter-5.6.2.jar:/home/runner/.m2/repository/org/junit/jupiter/junit-jupiter-params/5.6.2/junit-jupiter-params-5.6.2.jar:"/>
    <property name="sun.cpu.endian" value="little"/>
    <property name="user.home" value="/home/runner"/>
    <property name="user.language" value="en"/>
    <property name="java.specification.vendor" value="Oracle Corporation"/>
    <property name="java.version.date" value="2020-07-14"/>
    <property name="java.home" value="/opt/hostedtoolcache/jdk/13.0.4/x64"/>
    <property name="file.separator" value="/"/>
    <property name="basedir" value="/home/runner/work/nl-ngr-validation/nl-ngr-validation"/>
    <property name="java.vm.compressedOopsMode" value="32-bit"/>
    <property name="line.separator" value="&#10;"/>
    <property name="java.vm.specification.vendor" value="Oracle Corporation"/>
    <property name="jdk.vendor.version" value="Zulu13.33+25-CA"/>
    <property name="java.specification.name" value="Java Platform API Specification"/>
    <property name="karate.options" value="--tags @step2"/>
    <property name="surefire.real.class.path" value="/home/runner/work/nl-ngr-validation/nl-ngr-validation/target/surefire/surefirebooter1507169976427063891.jar"/>
    <property name="sun.management.compiler" value="HotSpot 64-Bit Tiered Compilers"/>
    <property name="java.runtime.version" value="13.0.4+8-MTS"/>
    <property name="user.name" value="runner"/>
    <property name="path.separator" value=":"/>
    <property name="os.version" value="5.4.0-1025-azure"/>
    <property name="java.runtime.name" value="OpenJDK Runtime Environment"/>
    <property name="file.encoding" value="UTF-8"/>
    <property name="java.vm.name" value="OpenJDK 64-Bit Server VM"/>
    <property name="java.vendor.version" value="Zulu13.33+25-CA"/>
    <property name="localRepository" value="/home/runner/.m2/repository"/>
    <property name="java.vendor.url.bug" value="http://www.azulsystems.com/support/"/>
    <property name="java.io.tmpdir" value="/tmp"/>
    <property name="java.version" value="13.0.4"/>
    <property name="user.dir" value="/home/runner/work/nl-ngr-validation/nl-ngr-validation"/>
    <property name="os.arch" value="amd64"/>
    <property name="java.vm.specification.name" value="Java Virtual Machine Specification"/>
    <property name="java.library.path" value="/usr/java/packages/lib:/usr/lib64:/lib64:/lib:/usr/lib"/>
    <property name="java.vm.info" value="mixed mode, sharing"/>
    <property name="java.vendor" value="Azul Systems, Inc."/>
    <property name="java.vm.version" value="13.0.4+8-MTS"/>
    <property name="sun.io.unicode.encoding" value="UnicodeLittle"/>
    <property name="java.class.version" value="57.0"/>
  </properties>
  <testcase name="testParallel" classname="InspireTest.TestAll" time="14.179">
    <failure type="org.opentest4j.AssertionFailedError"><![CDATA[org.opentest4j.AssertionFailedError: 
failed features:
InspireTest.ngr.T04_extra.check-known-links: [1:5] check-known-links.feature:5 - could not find or read file: classpath:InspireTest/ngr/def/knownlink.csv
InspireTest.ngr.T03_services.check-known-service-record: [1.1:24] check-known-service-record.feature:36 - path: /GetRecordByIdResponse/MD_Metadata/fileIdentifier/CharacterString, actual: null, expected: '<serviceIdentifierCode>', reason: actual xpath does not exist
[1.2:24] check-known-service-record.feature:36 - path: /GetRecordByIdResponse/MD_Metadata/fileIdentifier/CharacterString, actual: null, expected: '<serviceIdentifierCode>', reason: actual xpath does not exist
[1.3:24] check-known-service-record.feature:36 - path: /GetRecordByIdResponse/MD_Metadata/fileIdentifier/CharacterString, actual: null, expected: '<serviceIdentifierCode>', reason: actual xpath does not exist
[1.4:24] check-known-service-record.feature:36 - path: /GetRecordByIdResponse/MD_Metadata/fileIdentifier/CharacterString, actual: null, expected: '<serviceIdentifierCode>', reason: actual xpath does not exist
[1.5:24] check-known-service-record.feature:36 - path: /GetRecordByIdResponse/MD_Metadata/fileIdentifier/CharacterString, actual: null, expected: '<serviceIdentifierCode>', reason: actual xpath does not exist
[1.6:24] check-known-service-record.feature:36 - path: /GetRecordByIdResponse/MD_Metadata/fileIdentifier/CharacterString, actual: null, expected: '<serviceIdentifierCode>', reason: actual xpath does not exist
[1.7:24] check-known-service-record.feature:36 - path: /GetRecordByIdResponse/MD_Metadata/fileIdentifier/CharacterString, actual: null, expected: '<serviceIdentifierCode>', reason: actual xpath does not exist
[1.8:24] check-known-service-record.feature:36 - path: /GetRecordByIdResponse/MD_Metadata/fileIdentifier/CharacterString, actual: null, expected: '<serviceIdentifierCode>', reason: actual xpath does not exist
[1.9:24] check-known-service-record.feature:36 - path: /GetRecordByIdResponse/MD_Metadata/fileIdentifier/CharacterString, actual: null, expected: '<serviceIdentifierCode>', reason: actual xpath does not exist
[1.10:24] check-known-service-record.feature:36 - path: /GetRecordByIdResponse/MD_Metadata/fileIdentifier/CharacterString, actual: null, expected: '<serviceIdentifierCode>', reason: actual xpath does not exist
[1.11:24] check-known-service-record.feature:36 - path: /GetRecordByIdResponse/MD_Metadata/fileIdentifier/CharacterString, actual: null, expected: '<serviceIdentifierCode>', reason: actual xpath does not exist
[1.12:24] check-known-service-record.feature:36 - path: /GetRecordByIdResponse/MD_Metadata/fileIdentifier/CharacterString, actual: null, expected: '<serviceIdentifierCode>', reason: actual xpath does not exist
[1.13:24] check-known-service-record.feature:36 - path: /GetRecordByIdResponse/MD_Metadata/fileIdentifier/CharacterString, actual: null, expected: '<serviceIdentifierCode>', reason: actual xpath does not exist
[1.14:24] check-known-service-record.feature:36 - path: /GetRecordByIdResponse/MD_Metadata/fileIdentifier/CharacterString, actual: null, expected: '<serviceIdentifierCode>', reason: actual xpath does not exist
[1.15:24] check-known-service-record.feature:36 - path: /GetRecordByIdResponse/MD_Metadata/fileIdentifier/CharacterString, actual: null, expected: '<serviceIdentifierCode>', reason: actual xpath does not exist
[1.16:24] check-known-service-record.feature:36 - path: /GetRecordByIdResponse/MD_Metadata/fileIdentifier/CharacterString, actual: null, expected: '<serviceIdentifierCode>', reason: actual xpath does not exist
[1.17:24] check-known-service-record.feature:36 - path: /GetRecordByIdResponse/MD_Metadata/fileIdentifier/CharacterString, actual: null, expected: '<serviceIdentifierCode>', reason: actual xpath does not exist
[1.18:24] check-known-service-record.feature:36 - path: /GetRecordByIdResponse/MD_Metadata/fileIdentifier/CharacterString, actual: null, expected: '<serviceIdentifierCode>', reason: actual xpath does not exist
[1.19:24] check-known-service-record.feature:36 - path: /GetRecordByIdResponse/MD_Metadata/fileIdentifier/CharacterString, actual: null, expected: '<serviceIdentifierCode>', reason: actual xpath does not exist
[1.20:24] check-known-service-record.feature:36 - path: /GetRecordByIdResponse/MD_Metadata/fileIdentifier/CharacterString, actual: null, expected: '<serviceIdentifierCode>', reason: actual xpath does not exist
[1.21:24] check-known-service-record.feature:36 - path: /GetRecordByIdResponse/MD_Metadata/fileIdentifier/CharacterString, actual: null, expected: '<serviceIdentifierCode>', reason: actual xpath does not exist
[1.22:24] check-known-service-record.feature:36 - path: /GetRecordByIdResponse/MD_Metadata/fileIdentifier/CharacterString, actual: null, expected: '<serviceIdentifierCode>', reason: actual xpath does not exist
[1.23:24] check-known-service-record.feature:36 - path: /GetRecordByIdResponse/MD_Metadata/fileIdentifier/CharacterString, actual: null, expected: '<serviceIdentifierCode>', reason: actual xpath does not exist
[1.24:24] check-known-service-record.feature:36 - path: /GetRecordByIdResponse/MD_Metadata/fileIdentifier/CharacterString, actual: null, expected: '<serviceIdentifierCode>', reason: actual xpath does not exist
[1.25:24] check-known-service-record.feature:36 - path: /GetRecordByIdResponse/MD_Metadata/fileIdentifier/CharacterString, actual: null, expected: '<serviceIdentifierCode>', reason: actual xpath does not exist
[1.26:24] check-known-service-record.feature:36 - path: /GetRecordByIdResponse/MD_Metadata/fileIdentifier/CharacterString, actual: null, expected: '<serviceIdentifierCode>', reason: actual xpath does not exist
[1.27:24] check-known-service-record.feature:36 - path: /GetRecordByIdResponse/MD_Metadata/fileIdentifier/CharacterString, actual: null, expected: '<serviceIdentifierCode>', reason: actual xpath does not exist
[1.28:24] check-known-service-record.feature:36 - path: /GetRecordByIdResponse/MD_Metadata/fileIdentifier/CharacterString, actual: null, expected: '<serviceIdentifierCode>', reason: actual xpath does not exist
[1.29:24] check-known-service-record.feature:36 - path: /GetRecordByIdResponse/MD_Metadata/fileIdentifier/CharacterString, actual: null, expected: '<serviceIdentifierCode>', reason: actual xpath does not exist
[1.30:24] check-known-service-record.feature:36 - path: /GetRecordByIdResponse/MD_Metadata/fileIdentifier/CharacterString, actual: null, expected: '<serviceIdentifierCode>', reason: actual xpath does not exist
[1.31:24] check-known-service-record.feature:36 - path: /GetRecordByIdResponse/MD_Metadata/fileIdentifier/CharacterString, actual: null, expected: '<serviceIdentifierCode>', reason: actual xpath does not exist
[1.32:24] check-known-service-record.feature:36 - path: /GetRecordByIdResponse/MD_Metadata/fileIdentifier/CharacterString, actual: null, expected: '<serviceIdentifierCode>', reason: actual xpath does not exist
[1.33:24] check-known-service-record.feature:36 - path: /GetRecordByIdResponse/MD_Metadata/fileIdentifier/CharacterString, actual: null, expected: '<serviceIdentifierCode>', reason: actual xpath does not exist
[1.34:24] check-known-service-record.feature:36 - path: /GetRecordByIdResponse/MD_Metadata/fileIdentifier/CharacterString, actual: null, expected: '<serviceIdentifierCode>', reason: actual xpath does not exist
InspireTest.ngr.T02_datasets.check-known-dataset-record: [1.1:24] check-known-dataset-record.feature:72 - feature call (loop) failed: classpath:InspireTest/def/checkxlinkurl.template.feature
caller: classpath:InspireTest/ngr/T02_datasets/check-known-dataset-record.feature
items: [{link=https://ngr.acceptatie.nationaalgeoregister.nl/geonetwork/srv/resourcesbbe3c19d-12b0-4912-a6f4-46eb189e85ac}, {link=http://rdfdata.eionet.europa.eu/inspirethemes/themes/16}, {link=http://geonetwork-opensource.org/inspire-theme#}, {link=https://www.nationaalgeoregister.nl/geonetwork/srv/eng/thesaurus.download?ref=external.theme.inspire-theme}]
errors:
-------
feature call (loop) failed at index: 0
caller: classpath:InspireTest/def/checkxlinkurl.template.feature
arg: {"link":"https://ngr.acceptatie.nationaalgeoregister.nl/geonetwork/srv/resourcesbbe3c19d-12b0-4912-a6f4-46eb189e85ac"}
checkxlinkurl.template.feature:28 - path: $, actual: 404, expected: 200, reason: not equal (Integer)
-------
feature call (loop) failed at index: 1
caller: classpath:InspireTest/def/checkxlinkurl.template.feature
arg: {"link":"http://rdfdata.eionet.europa.eu/inspirethemes/themes/16"}
checkxlinkurl.template.feature:28 - path: $, actual: 404, expected: 200, reason: not equal (Integer)
-------
feature call (loop) failed at index: 2
caller: classpath:InspireTest/def/checkxlinkurl.template.feature
arg: {"link":"http://geonetwork-opensource.org/inspire-theme#"}
checkxlinkurl.template.feature:28 - path: $, actual: 404, expected: 200, reason: not equal (Integer)
-------
feature call (loop) failed at index: 3
caller: classpath:InspireTest/def/checkxlinkurl.template.feature
arg: {"link":"https://www.nationaalgeoregister.nl/geonetwork/srv/eng/thesaurus.download?ref=external.theme.inspire-theme"}
checkxlinkurl.template.feature:28 - path: $, actual: 500, expected: 200, reason: not equal (Integer)
[1.2:24] check-known-dataset-record.feature:72 - feature call (loop) failed: classpath:InspireTest/def/checkxlinkurl.template.feature
caller: classpath:InspireTest/ngr/T02_datasets/check-known-dataset-record.feature
items: [{link=http://kadaster/7c22107ea-5e31-4bbc-8e24-d15fe230062e}]
errors:
-------
feature call (loop) failed at index: 0
caller: classpath:InspireTest/def/checkxlinkurl.template.feature
arg: {"link":"http://kadaster/7c22107ea-5e31-4bbc-8e24-d15fe230062e"}
checkxlinkurl.template.feature:21 - 
java.net.UnknownHostException: kadaster: Temporary failure in name resolution
[1.3:24] check-known-dataset-record.feature:72 - feature call (loop) failed: classpath:InspireTest/def/checkxlinkurl.template.feature
caller: classpath:InspireTest/ngr/T02_datasets/check-known-dataset-record.feature
items: [{link=https://data.rivm.nl/inspire/id#36a7e8cb-8300-4602-93d2-135943365a6f}]
errors:
-------
feature call (loop) failed at index: 0
caller: classpath:InspireTest/def/checkxlinkurl.template.feature
arg: {"link":"https://data.rivm.nl/inspire/id#36a7e8cb-8300-4602-93d2-135943365a6f"}
checkxlinkurl.template.feature:21 - 
javax.net.ssl.SSLException: Connection reset
[1.4:24] check-known-dataset-record.feature:72 - feature call (loop) failed: classpath:InspireTest/def/checkxlinkurl.template.feature
caller: classpath:InspireTest/ngr/T02_datasets/check-known-dataset-record.feature
items: [{link=http://www.opengis.net/def/crs/EPSG/0/https://www.opengis.net/def/crs/EPSG/0/4258}, {link=https://www.nationaalgeoregister.nl/geonetwork/srv/api/recordsc2225e5d-b46f-4e38-8445-ab10fd40c0dc}]
errors:
-------
feature call (loop) failed at index: 1
caller: classpath:InspireTest/def/checkxlinkurl.template.feature
arg: {"link":"https://www.nationaalgeoregister.nl/geonetwork/srv/api/recordsc2225e5d-b46f-4e38-8445-ab10fd40c0dc"}
checkxlinkurl.template.feature:28 - path: $, actual: 500, expected: 200, reason: not equal (Integer)
[1.5:24] check-known-dataset-record.feature:72 - feature call (loop) failed: classpath:InspireTest/def/checkxlinkurl.template.feature
caller: classpath:InspireTest/ngr/T02_datasets/check-known-dataset-record.feature
items: [{link=http://www.opengis.net/def/crs/EPSG/0/http://www.opengis.net/def/crs/EPSG/0/4258}, {link=http://kadaster/cb4edbd2-2dca-4d44-92bb-b2202048b526}]
errors:
-------
feature call (loop) failed at index: 1
caller: classpath:InspireTest/def/checkxlinkurl.template.feature
arg: {"link":"http://kadaster/cb4edbd2-2dca-4d44-92bb-b2202048b526"}
checkxlinkurl.template.feature:21 - 
java.net.UnknownHostException: kadaster
[1.6:24] check-known-dataset-record.feature:72 - feature call (loop) failed: classpath:InspireTest/def/checkxlinkurl.template.feature
caller: classpath:InspireTest/ngr/T02_datasets/check-known-dataset-record.feature
items: [{link=https://www.nationaalgeoregister.nl/geonetwork/srv/dut/catalog.search#/metadata/8de2f5eb-b09f-4f6d-8397-8878a1b86238}, {link=http://rdfdata.eionet.europa.eu/inspirethemes/themes/18}, {link=http://inspire.ec.europa.eu/metadata-codelist/PriorityDataset#}, {link=https://ngr.geocat.live/geonetwork/srv/eng/thesaurus.download?ref=external.theme.httpinspireeceuropaeumetadatacodelistPrioritydataset-Prioritydataset}, {link=urn:ogc:def:crs:EPSG::5709}]
errors:
-------
feature call (loop) failed at index: 1
caller: classpath:InspireTest/def/checkxlinkurl.template.feature
arg: {"link":"http://rdfdata.eionet.europa.eu/inspirethemes/themes/18"}
checkxlinkurl.template.feature:28 - path: $, actual: 404, expected: 200, reason: not equal (Integer)
-------
feature call (loop) failed at index: 2
caller: classpath:InspireTest/def/checkxlinkurl.template.feature
arg: {"link":"http://inspire.ec.europa.eu/metadata-codelist/PriorityDataset#"}
checkxlinkurl.template.feature:21 - 
java.net.SocketTimeoutException: Read timed out
-------
feature call (loop) failed at index: 3
caller: classpath:InspireTest/def/checkxlinkurl.template.feature
arg: {"link":"https://ngr.geocat.live/geonetwork/srv/eng/thesaurus.download?ref=external.theme.httpinspireeceuropaeumetadatacodelistPrioritydataset-Prioritydataset"}
checkxlinkurl.template.feature:28 - path: $, actual: 500, expected: 200, reason: not equal (Integer)
-------
feature call (loop) failed at index: 4
caller: classpath:InspireTest/def/checkxlinkurl.template.feature
arg: {"link":"urn:ogc:def:crs:EPSG::5709"}
checkxlinkurl.template.feature:21 - 
org.apache.http.client.ClientProtocolException: URI does not specify a valid host name: urn:ogc:def:crs:EPSG::5709
 ==> expected: <0> but was: <41>
	at InspireTest.TestAll.testParallel(InspireTest.java:27)
]]></failure>
    <system-out><![CDATA[15:22:32.222 [main] INFO  com.intuit.karate.RunnerOptions - found system property 'karate.options': --tags @step2
15:22:32.906 [main] INFO  com.intuit.karate.Runner - waiting for parallel features to complete ...
15:22:33.192 [pool-1-thread-5] INFO  com.intuit.karate - karate.env system property was:  
15:22:33.200 [pool-1-thread-6] INFO  com.intuit.karate - karate.env system property was:  
15:22:33.206 [pool-1-thread-1] INFO  com.intuit.karate - karate.env system property was:  
15:22:33.549 [pool-1-thread-5] INFO  com.intuit.karate - >> lock acquired, begin callonce: read('classpath:InspireTest/def/getservice.template.feature')
15:22:33.557 [pool-1-thread-6] INFO  com.intuit.karate - >> lock acquired, begin callonce: read('classpath:InspireTest/def/getdataset.template.feature')
15:22:33.725 [pool-1-thread-5] DEBUG com.intuit.karate - request:
1 > GET https://jlschaap.github.io/nl-ngr-validation/services.csv
1 > Accept-Encoding: gzip,deflate
1 > Connection: Keep-Alive
1 > Host: jlschaap.github.io
1 > User-Agent: Apache-HttpClient/4.5.11 (Java/13.0.4)

15:22:33.727 [pool-1-thread-6] DEBUG com.intuit.karate - request:
1 > GET https://jlschaap.github.io/nl-ngr-validation/datasets.csv
1 > Accept-Encoding: gzip,deflate
1 > Connection: Keep-Alive
1 > Host: jlschaap.github.io
1 > User-Agent: Apache-HttpClient/4.5.11 (Java/13.0.4)

15:22:33.747 [pool-1-thread-1] INFO  com.intuit.karate.Runner - <<fail>> feature 1 of 12: classpath:InspireTest/ngr/T04_extra/check-known-links.feature
---------------------------------------------------------
feature: classpath:InspireTest/ngr/T04_extra/check-known-links.feature
report: target/surefire-reports/InspireTest.ngr.T04_extra.check-known-links.json
scenarios:  1 | passed:  0 | failed:  1 | time: 0.0000
---------------------------------------------------------
15:22:34.016 [pool-1-thread-6] DEBUG com.intuit.karate - response time in milliseconds: 279.67
1 < 200
1 < Accept-Ranges: bytes
1 < Access-Control-Allow-Origin: *
1 < Age: 0
1 < Cache-Control: max-age=600
1 < Connection: keep-alive
1 < Content-Type: text/csv; charset=utf-8
1 < Date: Fri, 25 Sep 2020 15:22:34 GMT
1 < ETag: W/"5f6df800-988"
1 < Expires: Fri, 25 Sep 2020 15:32:33 GMT
1 < Last-Modified: Fri, 25 Sep 2020 14:00:32 GMT
1 < Server: GitHub.com
1 < Strict-Transport-Security: max-age=31556952
1 < Vary: Accept-Encoding
1 < Via: 1.1 varnish
1 < X-Cache: MISS
1 < X-Cache-Hits: 0
1 < X-Fastly-Request-ID: d2b24bad800d9679fdee266ebfbb10158173fdbf
1 < X-GitHub-Request-Id: C6BA:79FA:5DF9E:7201A:5F6E0B39
1 < X-Proxy-Cache: MISS
1 < X-Served-By: cache-bwi5060-BWI
1 < X-Timer: S1601047354.928601,VS0,VE88
"datasetIdentifierCode","title","dataIdentificationCitationAnchor","organisation","electronicMailAddress","metadataStandardVersion",
"a7fb2234-f7b4-4a03-b282-f10947f42fb1","Kaart van de bodemopbouw in Nederland 1:50.000 onder INSPIRE","https://ngr.acceptatie.nationaalgeoregister.nl/geonetwork/srv/resourcesbbe3c19d-12b0-4912-a6f4-46eb189e85ac","[TNO Geologische Dienst Nederland, Alterra, Wageningen UR, TNO Geologische Dienst Nederland]","[info@dinoloket.nl, geodesk.cgi@wur.nl, info@dinoloket.nl]","Nederlandse metadata profiel op ISO 19115 voor geografie 2.0",
"9d9f1738-aced-47c9-aaa0-c62474a2dcfb","Zeegebieden","http://kadaster/7c22107ea-5e31-4bbc-8e24-d15fe230062e","[Kadaster, Kadaster, Kadaster]","[PPB-GVA@kadaster.nl, kcc@kadaster.nl, kcc@kadaster.nl]","Nederlands metadata profiel op ISO 19115 voor geografie 2.0",
"36a7e8cb-8300-4602-93d2-135943365a6f","Monitoring stations (Nitraatrichtlijn) diepe filters","https://data.rivm.nl/inspire/id#36a7e8cb-8300-4602-93d2-135943365a6f","no organisationName found in dataset record","[geodata@rivm.nl, , geodata@rivm.nl]","Nederlands metadata profiel op ISO 19115 voor geografie 2.0",
"c2225e5d-b46f-4e38-8445-ab10fd40c0dc","Blokindeling Nederlands Continentaal Plat","https://www.nationaalgeoregister.nl/geonetwork/srv/api/recordsc2225e5d-b46f-4e38-8445-ab10fd40c0dc","[Ministerie van Defensie, Koninklijke Marine, Dienst der Hydrografie, Ministerie van Defensie, Koninklijke Marine, Dienst der Hydrografie, Ministerie van Defensie, Koninklijke Marine, Dienst der Hydrografie]","[data@hydro.nl, data@hydro.nl, data@hydro.nl]","Nederlands metadata profiel op ISO 19115 voor geografie 2.0",
"3a7dd0a6-d130-4c4c-b0ba-24365cf036e2","Vervoersnetwerken - Spoorwegen (INSPIRE geharmoniseerd)","http://kadaster/cb4edbd2-2dca-4d44-92bb-b2202048b526","[Kadaster, Kadaster]","[PPB-GVA@kadaster.nl, kcc@kadaster.nl]","Nederlands metadata profiel op ISO 19115 voor geografie 2.0",
"8de2f5eb-b09f-4f6d-8397-8878a1b86238","Geluidbelasting rijkswegen in Nederland 2011 (24-uurs gemiddelde)","https://www.nationaalgeoregister.nl/geonetwork/srv/dut/catalog.search#/metadata/8de2f5eb-b09f-4f6d-8397-8878a1b86238","[Rijkswaterstaat, Rijkswaterstaat, , Rijkswaterstaat, Rijkswaterstaat]","[servicedesk-data@rijkswaterstaat.nl, servicedesk-data@rijkswaterstaat.nl, , servicedesk-data@rijkswaterstaat.nl, servicedesk-data@rijkswaterstaat.nl]","Nederlands metadata profiel op ISO 19115 voor geografie 2.0",


15:22:34.027 [pool-1-thread-6] INFO  com.intuit.karate - << lock released, cached callonce: read('classpath:InspireTest/def/getdataset.template.feature')
15:22:34.036 [pool-1-thread-6] INFO  com.intuit.karate - [print] {
  "__arg": null,
  "responseType": "string",
  "responseHeaders": {
    "Connection": [
      "keep-alive"
    ],
    "Server": [
      "GitHub.com"
    ],
    "Content-Type": [
      "text/csv; charset=utf-8"
    ],
    "Strict-Transport-Security": [
      "max-age=31556952"
    ],
    "Last-Modified": [
      "Fri, 25 Sep 2020 14:00:32 GMT"
    ],
    "ETag": [
      "W/\"5f6df800-988\""
    ],
    "Access-Control-Allow-Origin": [
      "*"
    ],
    "Expires": [
      "Fri, 25 Sep 2020 15:32:33 GMT"
    ],
    "Cache-Control": [
      "max-age=600"
    ],
    "X-Proxy-Cache": [
      "MISS"
    ],
    "X-GitHub-Request-Id": [
      "C6BA:79FA:5DF9E:7201A:5F6E0B39"
    ],
    "Accept-Ranges": [
      "bytes"
    ],
    "Date": [
      "Fri, 25 Sep 2020 15:22:34 GMT"
    ],
    "Via": [
      "1.1 varnish"
    ],
    "Age": [
      "0"
    ],
    "X-Served-By": [
      "cache-bwi5060-BWI"
    ],
    "X-Cache": [
      "MISS"
    ],
    "X-Cache-Hits": [
      "0"
    ],
    "X-Timer": [
      "S1601047354.928601,VS0,VE88"
    ],
    "Vary": [
      "Accept-Encoding"
    ],
    "X-Fastly-Request-ID": [
      "d2b24bad800d9679fdee266ebfbb10158173fdbf"
    ]
  },
  "responseTime": 280,
  "response": "\"datasetIdentifierCode\",\"title\",\"dataIdentificationCitationAnchor\",\"organisation\",\"electronicMailAddress\",\"metadataStandardVersion\",\n\"a7fb2234-f7b4-4a03-b282-f10947f42fb1\",\"Kaart van de bodemopbouw in Nederland 1:50.000 onder INSPIRE\",\"https://ngr.acceptatie.nationaalgeoregister.nl/geonetwork/srv/resourcesbbe3c19d-12b0-4912-a6f4-46eb189e85ac\",\"[TNO Geologische Dienst Nederland, Alterra, Wageningen UR, TNO Geologische Dienst Nederland]\",\"[info@dinoloket.nl, geodesk.cgi@wur.nl, info@dinoloket.nl]\",\"Nederlandse metadata profiel op ISO 19115 voor geografie 2.0\",\n\"9d9f1738-aced-47c9-aaa0-c62474a2dcfb\",\"Zeegebieden\",\"http://kadaster/7c22107ea-5e31-4bbc-8e24-d15fe230062e\",\"[Kadaster, Kadaster, Kadaster]\",\"[PPB-GVA@kadaster.nl, kcc@kadaster.nl, kcc@kadaster.nl]\",\"Nederlands metadata profiel op ISO 19115 voor geografie 2.0\",\n\"36a7e8cb-8300-4602-93d2-135943365a6f\",\"Monitoring stations (Nitraatrichtlijn) diepe filters\",\"https://data.rivm.nl/inspire/id#36a7e8cb-8300-4602-93d2-135943365a6f\",\"no organisationName found in dataset record\",\"[geodata@rivm.nl, , geodata@rivm.nl]\",\"Nederlands metadata profiel op ISO 19115 voor geografie 2.0\",\n\"c2225e5d-b46f-4e38-8445-ab10fd40c0dc\",\"Blokindeling Nederlands Continentaal Plat\",\"https://www.nationaalgeoregister.nl/geonetwork/srv/api/recordsc2225e5d-b46f-4e38-8445-ab10fd40c0dc\",\"[Ministerie van Defensie, Koninklijke Marine, Dienst der Hydrografie, Ministerie van Defensie, Koninklijke Marine, Dienst der Hydrografie, Ministerie van Defensie, Koninklijke Marine, Dienst der Hydrografie]\",\"[data@hydro.nl, data@hydro.nl, data@hydro.nl]\",\"Nederlands metadata profiel op ISO 19115 voor geografie 2.0\",\n\"3a7dd0a6-d130-4c4c-b0ba-24365cf036e2\",\"Vervoersnetwerken - Spoorwegen (INSPIRE geharmoniseerd)\",\"http://kadaster/cb4edbd2-2dca-4d44-92bb-b2202048b526\",\"[Kadaster, Kadaster]\",\"[PPB-GVA@kadaster.nl, kcc@kadaster.nl]\",\"Nederlands metadata profiel op ISO 19115 voor geografie 2.0\",\n\"8de2f5eb-b09f-4f6d-8397-8878a1b86238\",\"Geluidbelasting rijkswegen in Nederland 2011 (24-uurs gemiddelde)\",\"https://www.nationaalgeoregister.nl/geonetwork/srv/dut/catalog.search#/metadata/8de2f5eb-b09f-4f6d-8397-8878a1b86238\",\"[Rijkswaterstaat, Rijkswaterstaat, , Rijkswaterstaat, Rijkswaterstaat]\",\"[servicedesk-data@rijkswaterstaat.nl, servicedesk-data@rijkswaterstaat.nl, , servicedesk-data@rijkswaterstaat.nl, servicedesk-data@rijkswaterstaat.nl]\",\"Nederlands metadata profiel op ISO 19115 voor geografie 2.0\",\n",
  "requestTimeStamp": 1601047353735,
  "env": "dev",
  "myVarName": "someValue",
  "knownlinks": [
    "http://creativecommons.org/licenses/by/3.0/deed.nl",
    "http://creativecommons.org/licenses/by/3.0/nl/",
    "http://creativecommons.org/licenses/by/4.0/deed.nl",
    "http://creativecommons.org/publicdomain/mark/1.0/deed.nl",
    "http://creativecommons.org/publicdomain/zero/1.0/deed.nl",
    "http://data.europa.eu/eli/reg/2010/1089",
    "http://inspire.ec.europa.eu/applicationschema",
    "http://inspire.ec.europa.eu/applicationschema/of",
    "http://inspire.ec.europa.eu/id/document/tg/am",
    "http://inspire.ec.europa.eu/id/document/tg/au",
    "http://inspire.ec.europa.eu/id/document/tg/ef",
    "http://inspire.ec.europa.eu/id/document/tg/el",
    "http://inspire.ec.europa.eu/id/document/tg/hh",
    "http://inspire.ec.europa.eu/id/document/tg/hy",
    "http://inspire.ec.europa.eu/id/document/tg/nz",
    "http://inspire.ec.europa.eu/id/document/tg/of",
    "http://inspire.ec.europa.eu/id/document/tg/pf",
    "http://inspire.ec.europa.eu/id/document/tg/ps",
    "http://inspire.ec.europa.eu/id/document/tg/tn",
    "http://inspire.ec.europa.eu/id/document/tg/us",
    "http://inspire.ec.europa.eu/media-types/application/x-shapefile",
    "http://inspire.ec.europa.eu/metadata-codelist/ConditionsApplyingToAccessAndUse/noConditionsApply",
    "http://inspire.ec.europa.eu/metadata-codelist/LimitationsOnPublicAccess/INSPIRE_Directive_Article13_1f",
    "http://inspire.ec.europa.eu/metadata-codelist/LimitationsOnPublicAccess/noLimitations",
    "http://inspire.ec.europa.eu/metadata-codelist/OnLineDescriptionCode/accessPoint",
    "http://inspire.ec.europa.eu/metadata-codelist/OnLineDescriptionCode/endPoint",
    "http://inspire.ec.europa.eu/metadata-codelist/PriorityDataset",
    "http://inspire.ec.europa.eu/metadata-codelist/PriorityDataset/ActualPollutantReleases-reg-2006-166",
    "http://inspire.ec.europa.eu/metadata-codelist/PriorityDataset/Agglomerations-dir-1991-271",
    "http://inspire.ec.europa.eu/metadata-codelist/PriorityDataset/BirdSpeciesDistribution-dir-2009-147",
    "http://inspire.ec.europa.eu/metadata-codelist/PriorityDataset/BirdsRange-dir-2009-147",
    "http://inspire.ec.europa.eu/metadata-codelist/PriorityDataset/CoastalWaters-dir-2000-60",
    "http://inspire.ec.europa.eu/metadata-codelist/PriorityDataset/DischargePointsToReceivingWaters-dir-1991-271",
    "http://inspire.ec.europa.eu/metadata-codelist/PriorityDataset/DrinkingWaterAbstractionPoints-dir-1998-83",
    "http://inspire.ec.europa.eu/metadata-codelist/PriorityDataset/EstablishmentsInvolvingDangerousSubstances-dir-2012-18",
    "http://inspire.ec.europa.eu/metadata-codelist/PriorityDataset/FloodedAreas-dir-2007-60",
    "http://inspire.ec.europa.eu/metadata-codelist/PriorityDataset/FloodRiskZones-dir-2007-60",
    "http://inspire.ec.europa.eu/metadata-codelist/PriorityDataset/HabitatTypesDistribution-dir-1992-43",
    "http://inspire.ec.europa.eu/metadata-codelist/PriorityDataset/HabitatTypesRange-dir-1992-43",
    "http://inspire.ec.europa.eu/metadata-codelist/PriorityDataset/IndustrialSites-EURegistry-reg-2006-166",
    "http://inspire.ec.europa.eu/metadata-codelist/PriorityDataset/InvasiveAlienSpeciesDistribution-reg-2014-1143",
    "http://inspire.ec.europa.eu/metadata-codelist/PriorityDataset/Lakes-dir-2000-60",
    "http://inspire.ec.europa.eu/metadata-codelist/PriorityDataset/MajorAirportsNoiseExposureDelineationDEN-dir-2002-49",
    "http://inspire.ec.europa.eu/metadata-codelist/PriorityDataset/MajorAirportsNoiseExposureDelineationNight-dir-2002-49",
    "http://inspire.ec.europa.eu/metadata-codelist/PriorityDataset/MajorRailwaysNoiseExposureDelineationDEN-dir-2002-49",
    "http://inspire.ec.europa.eu/metadata-codelist/PriorityDataset/MajorRailwaysNoiseExposureDelineationNight-dir-2002-49",
    "http://inspire.ec.europa.eu/metadata-codelist/PriorityDataset/MajorRoadsNoiseExposureDelineation-dir-2002-49",
    "http://inspire.ec.europa.eu/metadata-codelist/PriorityDataset/MajorRoadsNoiseExposureDelineationDEN-dir-2002-49",
    "http://inspire.ec.europa.eu/metadata-codelist/PriorityDataset/ManagementUnits-dir-2007-60",
    "http://inspire.ec.europa.eu/metadata-codelist/PriorityDataset/MarineAssessmentUnits-dir-2008-56",
    "http://inspire.ec.europa.eu/metadata-codelist/PriorityDataset/MonitoringStations-dir-2000-60",
    "http://inspire.ec.europa.eu/metadata-codelist/PriorityDataset/MonitoringStations-dir-2008-56",
    "http://inspire.ec.europa.eu/metadata-codelist/PriorityDataset/MSFDReportingUnits-dir-2008-56",
    "http://inspire.ec.europa.eu/metadata-codelist/PriorityDataset/NationallyDesignatedAreasCDDA",
    "http://inspire.ec.europa.eu/metadata-codelist/PriorityDataset/Natura2000Sites-dir-1992-43",
    "http://inspire.ec.europa.eu/metadata-codelist/PriorityDataset/Natura2000Sites-dir-2009-147",
    "http://inspire.ec.europa.eu/metadata-codelist/PriorityDataset/RiverBasinDistricts-dir-2000-60",
    "http://inspire.ec.europa.eu/metadata-codelist/PriorityDataset/RiverBasinDistrictsSubUnits-dir-2000-60",
    "http://inspire.ec.europa.eu/metadata-codelist/PriorityDataset/Rivers-dir-2000-60",
    "http://inspire.ec.europa.eu/metadata-codelist/PriorityDataset/SpeciesDistribution-dir-1992-43",
    "http://inspire.ec.europa.eu/metadata-codelist/PriorityDataset/SpeciesRange-dir-1992-43",
    "http://inspire.ec.europa.eu/metadata-codelist/PriorityDataset/SurfaceWaterBodies-dir-2000-60",
    "http://inspire.ec.europa.eu/metadata-codelist/PriorityDataset/TransitionalWaters-dir-2000-60",
    "http://inspire.ec.europa.eu/metadata-codelist/PriorityDataset/UrbanWasteWaterTreatmentPlants-dir-1991-271",
    "http://inspire.ec.europa.eu/metadata-codelist/SpatialDataServiceType/download",
    "http://inspire.ec.europa.eu/metadata-codelist/SpatialDataServiceType/http://inspire.ec.europa.eu/metadata-codelist/SpatialDataServiceType/download",
    "http://inspire.ec.europa.eu/metadata-codelist/SpatialDataServiceType/other",
    "http://inspire.ec.europa.eu/metadata-codelist/SpatialDataServiceType/view",
    "http://inspire.ec.europa.eu/metadata-codelist/SpatialScope",
    "http://inspire.ec.europa.eu/metadata-codelist/SpatialScope/european",
    "http://inspire.ec.europa.eu/metadata-codelist/SpatialScope/national",
    "http://inspire.ec.europa.eu/schemas/am/4.0/AreaManagementRestrictionRegulationZone.xsd",
    "http://inspire.ec.europa.eu/schemas/ef/4.0/EnvironmentalMonitoringFacilities.xsd",
    "http://inspire.ec.europa.eu/schemas/el-bas/4.0/ElevationBaseTypes.xsd",
    "http://inspire.ec.europa.eu/schemas/hh/4.0/HumanHealth.xsd",
    "http://inspire.ec.europa.eu/schemas/hy-n/4.0/HydroNetwork.xsd",
    "http://inspire.ec.europa.eu/schemas/hy/4.0/HydroBase.xsd",
    "http://inspire.ec.europa.eu/schemas/mu/3.0/MaritimeUnits.xsd",
    "http://inspire.ec.europa.eu/schemas/nz-core/4.0/NaturalRiskZonesCore.xsd",
    "http://inspire.ec.europa.eu/schemas/nz/0.0/NaturalRiskZones.xsd",
    "http://inspire.ec.europa.eu/schemas/of/4.0/OceanFeatures.xsd",
    "http://inspire.ec.europa.eu/schemas/pf/4.0/ProductionAndIndustrialFacilities.xsd",
    "http://inspire.ec.europa.eu/schemas/ps/4.0/ProtectedSites.xsd",
    "http://inspire.ec.europa.eu/schemas/tn-ro/4.0/RoadTransportNetwork.xsd",
    "http://inspire.ec.europa.eu/schemas/tn-w/4.0/WaterTransportNetwork.xsd",
    "http://inspire.ec.europa.eu/schemas/tn/4.0/CommonTransportElements.xsd",
    "http://inspire.ec.europa.eu/schemas/us-govserv/4.0/GovernmentalServices.xsd",
    "http://inspire.ec.europa.eu/theme#",
    "http://standaarden.overheid.nl/owms/terms/Ministerie_van_Economische_Zaken",
    "http://standaarden.overheid.nl/owms/terms/Ministerie_van_Landbouw,_Natuur_en_Voedselkwaliteit",
    "http://standaarden.overheid.nl/owms/terms/Rijksinstituut_voor_Volksgezondheid_en_Milieu",
    "http://standaarden.overheid.nl/owms/terms/RVO",
    "http://www.eionet.europa.eu/gemet/inspire_themes",
    "http://www.eionet.europa.eu/gemet/nl/inspire-theme/ac",
    "http://www.eionet.europa.eu/gemet/nl/inspire-theme/ad",
    "http://www.eionet.europa.eu/gemet/nl/inspire-theme/af",
    "http://www.eionet.europa.eu/gemet/nl/inspire-theme/am",
    "http://www.eionet.europa.eu/gemet/nl/inspire-theme/au",
    "http://www.eionet.europa.eu/gemet/nl/inspire-theme/bu",
    "http://www.eionet.europa.eu/gemet/nl/inspire-theme/cp",
    "http://www.eionet.europa.eu/gemet/nl/inspire-theme/ef",
    "http://www.eionet.europa.eu/gemet/nl/inspire-theme/er",
    "http://www.eionet.europa.eu/gemet/nl/inspire-theme/ge",
    "http://www.eionet.europa.eu/gemet/nl/inspire-theme/gn",
    "http://www.eionet.europa.eu/gemet/nl/inspire-theme/hb",
    "http://www.eionet.europa.eu/gemet/nl/inspire-theme/hh",
    "http://www.eionet.europa.eu/gemet/nl/inspire-theme/hy",
    "http://www.eionet.europa.eu/gemet/nl/inspire-theme/lc",
    "http://www.eionet.europa.eu/gemet/nl/inspire-theme/lu",
    "http://www.eionet.europa.eu/gemet/nl/inspire-theme/mf",
    "http://www.eionet.europa.eu/gemet/nl/inspire-theme/nz",
    "http://www.eionet.europa.eu/gemet/nl/inspire-theme/of",
    "http://www.eionet.europa.eu/gemet/nl/inspire-theme/oi",
    "http://www.eionet.europa.eu/gemet/nl/inspire-theme/pd",
    "http://www.eionet.europa.eu/gemet/nl/inspire-theme/pf",
    "http://www.eionet.europa.eu/gemet/nl/inspire-theme/ps",
    "http://www.eionet.europa.eu/gemet/nl/inspire-theme/rs",
    "http://www.eionet.europa.eu/gemet/nl/inspire-theme/sd",
    "http://www.eionet.europa.eu/gemet/nl/inspire-theme/so",
    "http://www.eionet.europa.eu/gemet/nl/inspire-theme/sr",
    "http://www.eionet.europa.eu/gemet/nl/inspire-theme/su",
    "http://www.eionet.europa.eu/gemet/nl/inspire-theme/tn",
    "http://www.eionet.europa.eu/gemet/nl/inspire-theme/us",
    "http://www.iana.org/assignments/media-types/application/gml+xml",
    "https://www.iana.org/assignments/media-types/application/geopackage+sqlite3",
    "https://www.iana.org/assignments/media-types/application/gml+xml",
    "https://www.iana.org/assignments/media-types/application/xml",
    "http://www.opengeospatial.org/standards/sos",
    "http://www.opengeospatial.org/standards/wcs",
    "http://www.opengeospatial.org/standards/wfs",
    "http://www.opengeospatial.org/standards/wms",
    "http://www.opengeospatial.org/standards/wmts",
    "http://www.opengis.net/def/crs/EPSG/0/3034",
    "http://www.opengis.net/def/crs/EPSG/0/3035",
    "http://www.opengis.net/def/crs/EPSG/0/3857",
    "http://www.opengis.net/def/crs/EPSG/0/4258",
    "http://www.opengis.net/def/crs/EPSG/0/4326",
    "http://www.opengis.net/def/crs/EPSG/0/5709",
    "http://www.opengis.net/def/crs/EPSG/0/5730",
    "http://www.opengis.net/def/crs/EPSG/0/5861",
    "http://www.opengis.net/def/crs/EPSG/0/23031",
    "http://www.opengis.net/def/crs/EPSG/0/25831",
    "http://www.opengis.net/def/crs/EPSG/0/25832",
    "http://www.opengis.net/def/crs/EPSG/0/28992",
    "http://www.opengis.net/def/crs/EPSG/0/EPSG:4326",
    "http://www.opengis.net/def/crs/EPSG/0/EPSG:28992",
    "http://www.opengis.net/def/crs/EPSG/0/epsg:28992",
    "http://www.opengis.net/def/serviceType/ogc/wcs",
    "http://www.opengis.net/def/serviceType/ogc/wfs",
    "http://www.opengis.net/def/serviceType/ogc/wms",
    "http://www.opengis.net/def/serviceType/ogc/wmts",
    "http://www.wur.nl/nl/Expertises-Dienstverlening/Onderzoeksinstituten/Environmental-Research.htm",
    "https://ec.europa.eu/eurostat/web/health/data/database",
    "https://geodata.cbs.nl/files/INSPIRE",
    "https://geodata.nationaalgeoregister.nl/elu/atom/elu.xml",
    "https://inspire.ec.europa.eu/id/document/tg/au",
    "https://inspire.ec.europa.eu/id/document/tg/of",
    "https://inspire.ec.europa.eu/id/document/tg/ps",
    "https://inspire.ec.europa.eu/schemas/ps/4.0/ProtectedSites.xsd",
    "https://ngr.geocat.live/geonetwork/srv/eng/thesaurus.download?ref=external.theme.httpinspireeceuropaeumetadatacodelistSpatialScope-SpatialScope",
    "https://tools.ietf.org/html/rfc4287",
    "https://tools.ietf.org/html/rfc5023",
    "https://www.cbs.nl/-/media/cbs/dossiers/nederland%20regionaal/wijk-en-buurtstatistieken/shape%202017%20versie%2020.zip",
    "https://www.cbs.nl/nl-nl/dossier/nederland-regionaal/geografische-data/wijk-en-buurtkaart-2016",
    "https://www.cbs.nl/nl-nl/dossier/nederland-regionaal/geografische-data/wijk-en-buurtkaart-2018",
    "https://www.cbs.nl/nl-nl/dossier/nederland-regionaal/geografische-data/wijk-en-buurtkaart-2019",
    "https://www.iana.org/assignments/media-types/application/gml+xml",
    "https://www.iana.org/assignments/media-types/application/zip",
    "https://www.iana.org/assignments/media-types/image/png",
    "https://www.nationaalgeoregister.nl",
    "https://www.nationaalgeoregister.nl/geonetwork/srv/eng/thesaurus.download?ref=external.theme.httpinspireeceuropaeumetadatacodelistPriorityDataset-PriorityDataset",
    "https://www.nationaalgeoregister.nl/geonetwork/srv/eng/thesaurus.download?ref=external.theme.httpinspireeceuropaeumetadatacodelistSpatialScope-SpatialScope",
    "https://www.nationaalgeoregister.nl/geonetwork/srv/eng/thesaurus.download?ref=external.theme.httpinspireeceuropaeutheme-theme",
    "https://www.nationaalgeoregister.nl:443/geonetwork/srv/eng/thesaurus.download?ref=external.theme.httpinspireeceuropaeuapplicationschema-applicationschema",
    "https://www.nationaalgeoregister.nl:443/geonetwork/srv/eng/thesaurus.download?ref=external.theme.httpinspireeceuropaeumetadatacodelistPriorityDataset-PriorityDataset",
    "https://www.nationaalgeoregister.nl:443/geonetwork/srv/eng/thesaurus.download?ref=external.theme.httpinspireeceuropaeumetadatacodelistSpatialScope-SpatialScope",
    "https://www.nationaalgeoregister.nl:443/geonetwork/srv/eng/thesaurus.download?ref=external.theme.httpinspireeceuropaeutheme-theme"
  ],
  "responseStatus": 200,
  "__loop": -1,
  "responseCookies": null
}

15:22:34.042 [pool-1-thread-5] DEBUG com.intuit.karate - response time in milliseconds: 283.36
1 < 200
1 < Accept-Ranges: bytes
1 < Access-Control-Allow-Origin: *
1 < Age: 0
1 < Cache-Control: max-age=600
1 < Connection: keep-alive
1 < Content-Type: text/csv; charset=utf-8
1 < Date: Fri, 25 Sep 2020 15:22:34 GMT
1 < ETag: W/"5f6df800-2851"
1 < Expires: Fri, 25 Sep 2020 15:32:33 GMT
1 < Last-Modified: Fri, 25 Sep 2020 14:00:32 GMT
1 < Server: GitHub.com
1 < Strict-Transport-Security: max-age=31556952
1 < Vary: Accept-Encoding
1 < Via: 1.1 varnish
1 < X-Cache: MISS
1 < X-Cache-Hits: 0
1 < X-Fastly-Request-ID: 59111714ad268a65c3f3d86a6bfe4a6718572a6d
1 < X-GitHub-Request-Id: 3606:43EB:1E8C01:22F74C:5F6E0B39
1 < X-Proxy-Cache: MISS
1 < X-Served-By: cache-bwi5025-BWI
1 < X-Timer: S1601047354.928558,VS0,VE79
"datasetIdentifierCode","title","dataIdentificationCitationAnchor","organisation","electronicMailAddress","metadataStandardVersion",
"3094a1c4-3dd6-4e8e-9929-4a63dd66992e","INSPIRE Download service voor Faciliteiten voor productie en industrie","no MD_DataIdentificationCitationAnchor","[Interprovinciaal Overleg, Interprovinciaal Overleg, Interprovinciaal Overleg]","[inspire@gbo-provincies.nl, inspire@gbo-provincies.nl]","Nederlands metadata profiel op ISO 19119 voor services 2.0",
"777f41ee-8269-4bbc-b0e4-f889c62be099","Afgevoerde hoeveelheid afval in 2011 vanuit de industrie (WMS)","no MD_DataIdentificationCitationAnchor","no organisationName found in dataset record","[emissieregistratie@rivm.nl, emissieregistratie@rivm.nl]","Nederlands metadata profiel op ISO 19119 voor services 2.0",
"d293204f-6581-4b0a-811b-1dcce97adedd","Publiekrechtelijke Beperking WMS","no MD_DataIdentificationCitationAnchor","[Beheer PDOK, Beheer PDOK]","[beheerPDOK@kadaster.nl, beheerPDOK@kadaster.nl]","Nederlands metadata profiel op ISO 19119 voor services 2.0",
"918388cf-9d8c-4264-b108-3e375bde0d52","Noordzee Vaarwegmarkeringen WMS","no MD_DataIdentificationCitationAnchor","[Beheer PDOK, Beheer PDOK]","[beheerPDOK@kadaster.nl, beheerPDOK@kadaster.nl]","Nederlands metadata profiel op ISO 19119 voor services 2.0",
"89b35a6c-c099-456b-8eaf-2b83c7a35c74","Beschermde Gebieden Nationale Parken (INSPIRE geharmoniseerd) WMS","no MD_DataIdentificationCitationAnchor","[Beheer PDOK, Beheer PDOK]","[beheerPDOK@kadaster.nl, beheerPDOK@kadaster.nl]","Nederlands metadata profiel op ISO 19119 voor services 2.0",
"b0119753-5625-4500-9df3-13823ff9868f","Habitatrichtlijn verspreiding van typen WMS","no MD_DataIdentificationCitationAnchor","[Beheer PDOK, Beheer PDOK]","[beheerPDOK@kadaster.nl, beheerPDOK@kadaster.nl]","Nederlands metadata profiel op ISO 19119 voor services 2.0",
"95e2c712-1b91-4f24-9453-c56b95227717","Emissies naar het riool in 2015 vanuit de industrie (WMS)","no MD_DataIdentificationCitationAnchor","no organisationName found in dataset record","[emissieregistratie@rivm.nl, emissieregistratie@rivm.nl]","Nederlands metadata profiel op ISO 19119 voor services 2.0",
"87a382da-c6dc-403c-a006-2379eb6daaa6","Nederlands deel PSSA Waddenzee Viewservice","no MD_DataIdentificationCitationAnchor","[Ministerie van Defensie, Koninklijke Marine, Dienst der Hydrografie, Ministerie van Defensie, Koninklijke Marine, Dienst der Hydrografie]","[data@hydro.nl, hydro.servicedesk@mindef.nl]","Nederlands metadata profiel op ISO 19119 voor services 2.0",
"627b50bf-2e33-4beb-a314-ff8c0fe8912e","Vervoersnetwerken Waterwegen RWS (INSPIRE geharmoniseerd) WMS","no MD_DataIdentificationCitationAnchor","[Beheer PDOK, Beheer PDOK]","[beheerPDOK@kadaster.nl, beheerPDOK@kadaster.nl]","Nederlands metadata profiel op ISO 19119 voor services 2.0",
"bd14098b-44e6-47e5-959d-f40dda65da5a","Ziekenhuizen in Nederland (september 2013) (WMS)","no MD_DataIdentificationCitationAnchor","no organisationName found in dataset record","[atlas@rivm.nl, geodata@rivm.nl]","Nederlands metadata profiel op ISO 19119 voor services 2.0",
"7e87a655-c4eb-404d-9d0a-efa2dccef7cc","Geografische Namen (INSPIRE geharmoniseerd) WFS","no MD_DataIdentificationCitationAnchor","[Beheer PDOK, Beheer PDOK]","[beheerPDOK@kadaster.nl, beheerPDOK@kadaster.nl]","Nederlands metadata profiel op ISO 19119 voor services 2.0",
"c56433ca-35f2-4aaf-8bfa-35d8e0e52dda","Afgevoerde hoeveelheid afval in 2015 vanuit de industrie (WMS)","no MD_DataIdentificationCitationAnchor","no organisationName found in dataset record","[emissieregistratie@rivm.nl, emissieregistratie@rivm.nl]","Nederlands metadata profiel op ISO 19119 voor services 2.0",
"dda53ebc-bee7-4765-8f1f-6ac59b0aec39","Bodemkundig boormonsterprofiel onder INSPIRE, viewservice","no MD_DataIdentificationCitationAnchor","[TNO Geologische Dienst Nederland, Alterra, Wageningen UR]","[info@dinoloket.nl, geodesk.cgi@wur.nl]","Nederlands metadata profiel op ISO 19119 voor services 2.0",
"cd370f58-0e54-48d6-b83b-ccd332bfb7c7","Emissies naar lucht en water in 2011 vanuit de industrie (WMS)","no MD_DataIdentificationCitationAnchor","no organisationName found in dataset record","[emissieregistratie@rivm.nl, emissieregistratie@rivm.nl]","Nederlands metadata profiel op ISO 19119 voor services 2.0",
"22bedc12-e9cb-4419-8e51-dfb375d46d01","INSPIRE View service voor Gebieden met natuurrisico's","no MD_DataIdentificationCitationAnchor","[Interprovinciaal Overleg, Interprovinciaal Overleg, Interprovinciaal Overleg]","[inspire@gbo-provincies.nl, inspire@gbo-provincies.nl]","Nederlands metadata profiel op ISO 19119 voor services 2.0",
"37e05521-c323-4dbe-aba4-de1178ba44a5","Vogelrichtlijn verspreiding van soorten WFS","no MD_DataIdentificationCitationAnchor","[Beheer PDOK, Beheer PDOK]","[beheerPDOK@kadaster.nl, beheerPDOK@kadaster.nl]","Nederlands metadata profiel op ISO 19119 voor services 2.0",
"7e450110-f643-4b73-9262-4f13966cffc6","Kaderrichtlijn Water EU2009 WMS","no MD_DataIdentificationCitationAnchor","[Beheer PDOK, Beheer PDOK]","[beheerpdok@kadaster.nl, beheerpdok@kadaster.nl]","Nederlands metadata profiel op ISO 19119 voor services 2.0",
"081bcfff-5f66-467c-95d0-d88dcf9aa4cf","Monitoring stations (Nitraatrichtlijn) ondiepe filters (WMS)","no MD_DataIdentificationCitationAnchor","no organisationName found in dataset record","[geodata@rivm.nl, geodata@rivm.nl]","Nederlands metadata profiel op ISO 19119 voor services 2.0",
"635bdc85-c596-4afb-ab07-de20c662310c","Zeegebieden (INSPIRE geharmoniseerd) WMS","no MD_DataIdentificationCitationAnchor","[Beheer PDOK, Beheer PDOK]","[beheerPDOK@kadaster.nl, beheerPDOK@kadaster.nl]","Nederlands metadata profiel op ISO 19119 voor services 2.0",
"ce963e61-779f-470f-a99d-48d9796e5ba3","Geografische Namen (INSPIRE geharmoniseerd) WMS","no MD_DataIdentificationCitationAnchor","[Beheer PDOK, Beheer PDOK]","[beheerPDOK@kadaster.nl, beheerPDOK@kadaster.nl]","Nederlands metadata profiel op ISO 19119 voor services 2.0",
"5be14ec9-9bb3-4395-a061-e7e78d04a527","Gebouwen (INSPIRE geharmoniseerd) WMS","no MD_DataIdentificationCitationAnchor","[Beheer PDOK, Beheer PDOK]","[beheerPDOK@kadaster.nl, beheerPDOK@kadaster.nl]","Nederlands metadata profiel op ISO 19119 voor services 2.0",
"c6fa88ab-e440-414b-a773-793c4ce6d8df","Bestuurlijke grenzen WMS","no MD_DataIdentificationCitationAnchor","[Beheer PDOK, Beheer PDOK]","[beheerPDOK@kadaster.nl, beheerPDOK@kadaster.nl]","Nederlands metadata profiel op ISO 19119 voor services 2.0",
"923a666c-ee4f-496c-8c85-94d5f81e1f30","Zones volgens EU Gemeenschappelijk Visserijbeleid tot 3M en 6M - Downloadservice","no MD_DataIdentificationCitationAnchor","[Ministerie van Defensie, Koninklijke Marine, Dienst der Hydrografie, Ministerie van Defensie, Koninklijke Marine, Dienst der Hydrografie]","[data@hydro.nl, hydro.servicedesk@mindef.nl]","Nederlands metadata profiel op ISO 19119 voor services 2.0",
"3d01c1ca-973c-4652-baa5-39458bb9e181","Schelpdierenpercelen WMS","no MD_DataIdentificationCitationAnchor","[Beheer PDOK, Beheer PDOK]","[beheerPDOK@kadaster.nl, beheerPDOK@kadaster.nl]","Nederlands metadata profiel op ISO 19119 voor services 2.0",
"7ab53b91-9df1-4c39-ba0e-06ec80ce512b","Beschermde gebieden - CDDA (INSPIRE geharmoniseerd) WMS","no MD_DataIdentificationCitationAnchor","[Beheer PDOK, Beheer PDOK]","[beheerpdok@kadaster.nl, beheerpdok@kadaster.nl]","Nederlands metadata profiel op ISO 19119 voor services 2.0",
"e08079df-6c19-486e-916e-5c9948cfafea","CBS Gebiedsindelingen (INSPIRE geharmoniseerd) WFS","no MD_DataIdentificationCitationAnchor","[Beheer PDOK, Beheer PDOK]","[beheerPDOK@kadaster.nl, beheerPDOK@kadaster.nl]","Nederlands metadata profiel op ISO 19119 voor services 2.0",
"b7880739-a701-4cc0-bb32-2bba61fa8924","Totale potentie aardwarmte uit aquifers, INSPIRE, viewservice","no MD_DataIdentificationCitationAnchor","[TNO Geologische Dienst Nederland, TNO Geologische Dienst Nederland]","[info@dinoloket.nl, info@dinoloket.nl]","Nederlands metadata profiel op ISO 19119 voor services 2.0",
"755d488b-7b94-4883-95be-6aa279604f85","Monitoring stations (Nitraatrichtlijn) diepe filters (WMS)","no MD_DataIdentificationCitationAnchor","no organisationName found in dataset record","[geodata@rivm.nl, geodata@rivm.nl]","Nederlands metadata profiel op ISO 19119 voor services 2.0",
"77971fa3-f869-4726-969a-482e0b1a8c5d","Oppervlaktegeologie, Geologische kaart onder INSPIRE, downloadservice","no MD_DataIdentificationCitationAnchor","[TNO Geologische Dienst Nederland, TNO Geologische Dienst Nederland]","[info@dinoloket.nl, info@dinoloket.nl]","Nederlands metadata profiel op ISO 19119 voor services 2.0",
"a6098c24-4caf-4528-954c-672b9ec6cf78","Kwaliteit van drinkwater in Nederland (2012) (WMS)","no MD_DataIdentificationCitationAnchor","no organisationName found in dataset record","[geodata@rivm.nl, geodata@rivm.nl]","Nederlands metadata profiel op ISO 19119 voor services 2.0",
"a1ed8a00-da07-472e-9627-99175d437c94","Geluidskaarten Schiphol 2016 lden WMS","no MD_DataIdentificationCitationAnchor","[Beheer PDOK, Beheer PDOK]","[beheerPDOK@kadaster.nl, beheerPDOK@kadaster.nl]","Nederlands metadata profiel op ISO 19119 voor services 2.0",
"wt-83730-e750-485a-9c0c-39bf9bm72cf8","Menselijke gezondheid en veiligheid - geluidbelasting rijkswegen 2016 (INSPIRE geharmoniseerd) WMS","no MD_DataIdentificationCitationAnchor","[Rijkswaterstaat, Rijkswaterstaat, Wetransform]","[servicedesk-data@rijkswaterstaat.nl, servicedesk-data@rijkswaterstaat.nl, info@wetransform.to]","Nederlands metadata profiel op ISO 19119 voor services 2.0",
"adn573b0-bd3b-4d7b-a97d-e65841e6e0b3","Bathymetrie Nederland - kust WMS","no MD_DataIdentificationCitationAnchor","[Rijkswaterstaat, Rijkswaterstaat, Rijkswaterstaat]","[servicedesk-data@rijkswaterstaat.nl, servicedesk-data@rijkswaterstaat.nl, servicedesk-data@rijkswaterstaat.nl]","Nederlands metadata profiel op ISO 19119 voor services 2.0",
"wt-f5eb-b09f-4f6d-8397-8878a1m86238","Menselijke gezondheid en veiligheid - geluidbelasting rijkswegen 2011 (INSPIRE geharmoniseerd) WMS","no MD_DataIdentificationCitationAnchor","[Rijkswaterstaat, Rijkswaterstaat, Wetransform]","[servicedesk-data@rijkswaterstaat.nl, servicedesk-data@rijkswaterstaat.nl, info@wetransform.to]","Nederlands metadata profiel op ISO 19119 voor services 2.0",


15:22:34.052 [pool-1-thread-5] INFO  com.intuit.karate - << lock released, cached callonce: read('classpath:InspireTest/def/getservice.template.feature')
15:22:34.054 [pool-1-thread-5] INFO  com.intuit.karate - [print] {
  "__arg": null,
  "responseType": "string",
  "responseHeaders": {
    "Connection": [
      "keep-alive"
    ],
    "Server": [
      "GitHub.com"
    ],
    "Content-Type": [
      "text/csv; charset=utf-8"
    ],
    "Strict-Transport-Security": [
      "max-age=31556952"
    ],
    "Last-Modified": [
      "Fri, 25 Sep 2020 14:00:32 GMT"
    ],
    "ETag": [
      "W/\"5f6df800-2851\""
    ],
    "Access-Control-Allow-Origin": [
      "*"
    ],
    "Expires": [
      "Fri, 25 Sep 2020 15:32:33 GMT"
    ],
    "Cache-Control": [
      "max-age=600"
    ],
    "X-Proxy-Cache": [
      "MISS"
    ],
    "X-GitHub-Request-Id": [
      "3606:43EB:1E8C01:22F74C:5F6E0B39"
    ],
    "Accept-Ranges": [
      "bytes"
    ],
    "Date": [
      "Fri, 25 Sep 2020 15:22:34 GMT"
    ],
    "Via": [
      "1.1 varnish"
    ],
    "Age": [
      "0"
    ],
    "X-Served-By": [
      "cache-bwi5025-BWI"
    ],
    "X-Cache": [
      "MISS"
    ],
    "X-Cache-Hits": [
      "0"
    ],
    "X-Timer": [
      "S1601047354.928558,VS0,VE79"
    ],
    "Vary": [
      "Accept-Encoding"
    ],
    "X-Fastly-Request-ID": [
      "59111714ad268a65c3f3d86a6bfe4a6718572a6d"
    ]
  },
  "responseTime": 283,
  "response": "\"datasetIdentifierCode\",\"title\",\"dataIdentificationCitationAnchor\",\"organisation\",\"electronicMailAddress\",\"metadataStandardVersion\",\n\"3094a1c4-3dd6-4e8e-9929-4a63dd66992e\",\"INSPIRE Download service voor Faciliteiten voor productie en industrie\",\"no MD_DataIdentificationCitationAnchor\",\"[Interprovinciaal Overleg, Interprovinciaal Overleg, Interprovinciaal Overleg]\",\"[inspire@gbo-provincies.nl, inspire@gbo-provincies.nl]\",\"Nederlands metadata profiel op ISO 19119 voor services 2.0\",\n\"777f41ee-8269-4bbc-b0e4-f889c62be099\",\"Afgevoerde hoeveelheid afval in 2011 vanuit de industrie (WMS)\",\"no MD_DataIdentificationCitationAnchor\",\"no organisationName found in dataset record\",\"[emissieregistratie@rivm.nl, emissieregistratie@rivm.nl]\",\"Nederlands metadata profiel op ISO 19119 voor services 2.0\",\n\"d293204f-6581-4b0a-811b-1dcce97adedd\",\"Publiekrechtelijke Beperking WMS\",\"no MD_DataIdentificationCitationAnchor\",\"[Beheer PDOK, Beheer PDOK]\",\"[beheerPDOK@kadaster.nl, beheerPDOK@kadaster.nl]\",\"Nederlands metadata profiel op ISO 19119 voor services 2.0\",\n\"918388cf-9d8c-4264-b108-3e375bde0d52\",\"Noordzee Vaarwegmarkeringen WMS\",\"no MD_DataIdentificationCitationAnchor\",\"[Beheer PDOK, Beheer PDOK]\",\"[beheerPDOK@kadaster.nl, beheerPDOK@kadaster.nl]\",\"Nederlands metadata profiel op ISO 19119 voor services 2.0\",\n\"89b35a6c-c099-456b-8eaf-2b83c7a35c74\",\"Beschermde Gebieden Nationale Parken (INSPIRE geharmoniseerd) WMS\",\"no MD_DataIdentificationCitationAnchor\",\"[Beheer PDOK, Beheer PDOK]\",\"[beheerPDOK@kadaster.nl, beheerPDOK@kadaster.nl]\",\"Nederlands metadata profiel op ISO 19119 voor services 2.0\",\n\"b0119753-5625-4500-9df3-13823ff9868f\",\"Habitatrichtlijn verspreiding van typen WMS\",\"no MD_DataIdentificationCitationAnchor\",\"[Beheer PDOK, Beheer PDOK]\",\"[beheerPDOK@kadaster.nl, beheerPDOK@kadaster.nl]\",\"Nederlands metadata profiel op ISO 19119 voor services 2.0\",\n\"95e2c712-1b91-4f24-9453-c56b95227717\",\"Emissies naar het riool in 2015 vanuit de industrie (WMS)\",\"no MD_DataIdentificationCitationAnchor\",\"no organisationName found in dataset record\",\"[emissieregistratie@rivm.nl, emissieregistratie@rivm.nl]\",\"Nederlands metadata profiel op ISO 19119 voor services 2.0\",\n\"87a382da-c6dc-403c-a006-2379eb6daaa6\",\"Nederlands deel PSSA Waddenzee Viewservice\",\"no MD_DataIdentificationCitationAnchor\",\"[Ministerie van Defensie, Koninklijke Marine, Dienst der Hydrografie, Ministerie van Defensie, Koninklijke Marine, Dienst der Hydrografie]\",\"[data@hydro.nl, hydro.servicedesk@mindef.nl]\",\"Nederlands metadata profiel op ISO 19119 voor services 2.0\",\n\"627b50bf-2e33-4beb-a314-ff8c0fe8912e\",\"Vervoersnetwerken Waterwegen RWS (INSPIRE geharmoniseerd) WMS\",\"no MD_DataIdentificationCitationAnchor\",\"[Beheer PDOK, Beheer PDOK]\",\"[beheerPDOK@kadaster.nl, beheerPDOK@kadaster.nl]\",\"Nederlands metadata profiel op ISO 19119 voor services 2.0\",\n\"bd14098b-44e6-47e5-959d-f40dda65da5a\",\"Ziekenhuizen in Nederland (september 2013) (WMS)\",\"no MD_DataIdentificationCitationAnchor\",\"no organisationName found in dataset record\",\"[atlas@rivm.nl, geodata@rivm.nl]\",\"Nederlands metadata profiel op ISO 19119 voor services 2.0\",\n\"7e87a655-c4eb-404d-9d0a-efa2dccef7cc\",\"Geografische Namen (INSPIRE geharmoniseerd) WFS\",\"no MD_DataIdentificationCitationAnchor\",\"[Beheer PDOK, Beheer PDOK]\",\"[beheerPDOK@kadaster.nl, beheerPDOK@kadaster.nl]\",\"Nederlands metadata profiel op ISO 19119 voor services 2.0\",\n\"c56433ca-35f2-4aaf-8bfa-35d8e0e52dda\",\"Afgevoerde hoeveelheid afval in 2015 vanuit de industrie (WMS)\",\"no MD_DataIdentificationCitationAnchor\",\"no organisationName found in dataset record\",\"[emissieregistratie@rivm.nl, emissieregistratie@rivm.nl]\",\"Nederlands metadata profiel op ISO 19119 voor services 2.0\",\n\"dda53ebc-bee7-4765-8f1f-6ac59b0aec39\",\"Bodemkundig boormonsterprofiel onder INSPIRE, viewservice\",\"no MD_DataIdentificationCitationAnchor\",\"[TNO Geologische Dienst Nederland, Alterra, Wageningen UR]\",\"[info@dinoloket.nl, geodesk.cgi@wur.nl]\",\"Nederlands metadata profiel op ISO 19119 voor services 2.0\",\n\"cd370f58-0e54-48d6-b83b-ccd332bfb7c7\",\"Emissies naar lucht en water in 2011 vanuit de industrie (WMS)\",\"no MD_DataIdentificationCitationAnchor\",\"no organisationName found in dataset record\",\"[emissieregistratie@rivm.nl, emissieregistratie@rivm.nl]\",\"Nederlands metadata profiel op ISO 19119 voor services 2.0\",\n\"22bedc12-e9cb-4419-8e51-dfb375d46d01\",\"INSPIRE View service voor Gebieden met natuurrisico's\",\"no MD_DataIdentificationCitationAnchor\",\"[Interprovinciaal Overleg, Interprovinciaal Overleg, Interprovinciaal Overleg]\",\"[inspire@gbo-provincies.nl, inspire@gbo-provincies.nl]\",\"Nederlands metadata profiel op ISO 19119 voor services 2.0\",\n\"37e05521-c323-4dbe-aba4-de1178ba44a5\",\"Vogelrichtlijn verspreiding van soorten WFS\",\"no MD_DataIdentificationCitationAnchor\",\"[Beheer PDOK, Beheer PDOK]\",\"[beheerPDOK@kadaster.nl, beheerPDOK@kadaster.nl]\",\"Nederlands metadata profiel op ISO 19119 voor services 2.0\",\n\"7e450110-f643-4b73-9262-4f13966cffc6\",\"Kaderrichtlijn Water EU2009 WMS\",\"no MD_DataIdentificationCitationAnchor\",\"[Beheer PDOK, Beheer PDOK]\",\"[beheerpdok@kadaster.nl, beheerpdok@kadaster.nl]\",\"Nederlands metadata profiel op ISO 19119 voor services 2.0\",\n\"081bcfff-5f66-467c-95d0-d88dcf9aa4cf\",\"Monitoring stations (Nitraatrichtlijn) ondiepe filters (WMS)\",\"no MD_DataIdentificationCitationAnchor\",\"no organisationName found in dataset record\",\"[geodata@rivm.nl, geodata@rivm.nl]\",\"Nederlands metadata profiel op ISO 19119 voor services 2.0\",\n\"635bdc85-c596-4afb-ab07-de20c662310c\",\"Zeegebieden (INSPIRE geharmoniseerd) WMS\",\"no MD_DataIdentificationCitationAnchor\",\"[Beheer PDOK, Beheer PDOK]\",\"[beheerPDOK@kadaster.nl, beheerPDOK@kadaster.nl]\",\"Nederlands metadata profiel op ISO 19119 voor services 2.0\",\n\"ce963e61-779f-470f-a99d-48d9796e5ba3\",\"Geografische Namen (INSPIRE geharmoniseerd) WMS\",\"no MD_DataIdentificationCitationAnchor\",\"[Beheer PDOK, Beheer PDOK]\",\"[beheerPDOK@kadaster.nl, beheerPDOK@kadaster.nl]\",\"Nederlands metadata profiel op ISO 19119 voor services 2.0\",\n\"5be14ec9-9bb3-4395-a061-e7e78d04a527\",\"Gebouwen (INSPIRE geharmoniseerd) WMS\",\"no MD_DataIdentificationCitationAnchor\",\"[Beheer PDOK, Beheer PDOK]\",\"[beheerPDOK@kadaster.nl, beheerPDOK@kadaster.nl]\",\"Nederlands metadata profiel op ISO 19119 voor services 2.0\",\n\"c6fa88ab-e440-414b-a773-793c4ce6d8df\",\"Bestuurlijke grenzen WMS\",\"no MD_DataIdentificationCitationAnchor\",\"[Beheer PDOK, Beheer PDOK]\",\"[beheerPDOK@kadaster.nl, beheerPDOK@kadaster.nl]\",\"Nederlands metadata profiel op ISO 19119 voor services 2.0\",\n\"923a666c-ee4f-496c-8c85-94d5f81e1f30\",\"Zones volgens EU Gemeenschappelijk Visserijbeleid tot 3M en 6M - Downloadservice\",\"no MD_DataIdentificationCitationAnchor\",\"[Ministerie van Defensie, Koninklijke Marine, Dienst der Hydrografie, Ministerie van Defensie, Koninklijke Marine, Dienst der Hydrografie]\",\"[data@hydro.nl, hydro.servicedesk@mindef.nl]\",\"Nederlands metadata profiel op ISO 19119 voor services 2.0\",\n\"3d01c1ca-973c-4652-baa5-39458bb9e181\",\"Schelpdierenpercelen WMS\",\"no MD_DataIdentificationCitationAnchor\",\"[Beheer PDOK, Beheer PDOK]\",\"[beheerPDOK@kadaster.nl, beheerPDOK@kadaster.nl]\",\"Nederlands metadata profiel op ISO 19119 voor services 2.0\",\n\"7ab53b91-9df1-4c39-ba0e-06ec80ce512b\",\"Beschermde gebieden - CDDA (INSPIRE geharmoniseerd) WMS\",\"no MD_DataIdentificationCitationAnchor\",\"[Beheer PDOK, Beheer PDOK]\",\"[beheerpdok@kadaster.nl, beheerpdok@kadaster.nl]\",\"Nederlands metadata profiel op ISO 19119 voor services 2.0\",\n\"e08079df-6c19-486e-916e-5c9948cfafea\",\"CBS Gebiedsindelingen (INSPIRE geharmoniseerd) WFS\",\"no MD_DataIdentificationCitationAnchor\",\"[Beheer PDOK, Beheer PDOK]\",\"[beheerPDOK@kadaster.nl, beheerPDOK@kadaster.nl]\",\"Nederlands metadata profiel op ISO 19119 voor services 2.0\",\n\"b7880739-a701-4cc0-bb32-2bba61fa8924\",\"Totale potentie aardwarmte uit aquifers, INSPIRE, viewservice\",\"no MD_DataIdentificationCitationAnchor\",\"[TNO Geologische Dienst Nederland, TNO Geologische Dienst Nederland]\",\"[info@dinoloket.nl, info@dinoloket.nl]\",\"Nederlands metadata profiel op ISO 19119 voor services 2.0\",\n\"755d488b-7b94-4883-95be-6aa279604f85\",\"Monitoring stations (Nitraatrichtlijn) diepe filters (WMS)\",\"no MD_DataIdentificationCitationAnchor\",\"no organisationName found in dataset record\",\"[geodata@rivm.nl, geodata@rivm.nl]\",\"Nederlands metadata profiel op ISO 19119 voor services 2.0\",\n\"77971fa3-f869-4726-969a-482e0b1a8c5d\",\"Oppervlaktegeologie, Geologische kaart onder INSPIRE, downloadservice\",\"no MD_DataIdentificationCitationAnchor\",\"[TNO Geologische Dienst Nederland, TNO Geologische Dienst Nederland]\",\"[info@dinoloket.nl, info@dinoloket.nl]\",\"Nederlands metadata profiel op ISO 19119 voor services 2.0\",\n\"a6098c24-4caf-4528-954c-672b9ec6cf78\",\"Kwaliteit van drinkwater in Nederland (2012) (WMS)\",\"no MD_DataIdentificationCitationAnchor\",\"no organisationName found in dataset record\",\"[geodata@rivm.nl, geodata@rivm.nl]\",\"Nederlands metadata profiel op ISO 19119 voor services 2.0\",\n\"a1ed8a00-da07-472e-9627-99175d437c94\",\"Geluidskaarten Schiphol 2016 lden WMS\",\"no MD_DataIdentificationCitationAnchor\",\"[Beheer PDOK, Beheer PDOK]\",\"[beheerPDOK@kadaster.nl, beheerPDOK@kadaster.nl]\",\"Nederlands metadata profiel op ISO 19119 voor services 2.0\",\n\"wt-83730-e750-485a-9c0c-39bf9bm72cf8\",\"Menselijke gezondheid en veiligheid - geluidbelasting rijkswegen 2016 (INSPIRE geharmoniseerd) WMS\",\"no MD_DataIdentificationCitationAnchor\",\"[Rijkswaterstaat, Rijkswaterstaat, Wetransform]\",\"[servicedesk-data@rijkswaterstaat.nl, servicedesk-data@rijkswaterstaat.nl, info@wetransform.to]\",\"Nederlands metadata profiel op ISO 19119 voor services 2.0\",\n\"adn573b0-bd3b-4d7b-a97d-e65841e6e0b3\",\"Bathymetrie Nederland - kust WMS\",\"no MD_DataIdentificationCitationAnchor\",\"[Rijkswaterstaat, Rijkswaterstaat, Rijkswaterstaat]\",\"[servicedesk-data@rijkswaterstaat.nl, servicedesk-data@rijkswaterstaat.nl, servicedesk-data@rijkswaterstaat.nl]\",\"Nederlands metadata profiel op ISO 19119 voor services 2.0\",\n\"wt-f5eb-b09f-4f6d-8397-8878a1m86238\",\"Menselijke gezondheid en veiligheid - geluidbelasting rijkswegen 2011 (INSPIRE geharmoniseerd) WMS\",\"no MD_DataIdentificationCitationAnchor\",\"[Rijkswaterstaat, Rijkswaterstaat, Wetransform]\",\"[servicedesk-data@rijkswaterstaat.nl, servicedesk-data@rijkswaterstaat.nl, info@wetransform.to]\",\"Nederlands metadata profiel op ISO 19119 voor services 2.0\",\n",
  "requestTimeStamp": 1601047353730,
  "env": "dev",
  "myVarName": "someValue",
  "knownlinks": [
    "http://creativecommons.org/licenses/by/3.0/deed.nl",
    "http://creativecommons.org/licenses/by/3.0/nl/",
    "http://creativecommons.org/licenses/by/4.0/deed.nl",
    "http://creativecommons.org/publicdomain/mark/1.0/deed.nl",
    "http://creativecommons.org/publicdomain/zero/1.0/deed.nl",
    "http://data.europa.eu/eli/reg/2010/1089",
    "http://inspire.ec.europa.eu/applicationschema",
    "http://inspire.ec.europa.eu/applicationschema/of",
    "http://inspire.ec.europa.eu/id/document/tg/am",
    "http://inspire.ec.europa.eu/id/document/tg/au",
    "http://inspire.ec.europa.eu/id/document/tg/ef",
    "http://inspire.ec.europa.eu/id/document/tg/el",
    "http://inspire.ec.europa.eu/id/document/tg/hh",
    "http://inspire.ec.europa.eu/id/document/tg/hy",
    "http://inspire.ec.europa.eu/id/document/tg/nz",
    "http://inspire.ec.europa.eu/id/document/tg/of",
    "http://inspire.ec.europa.eu/id/document/tg/pf",
    "http://inspire.ec.europa.eu/id/document/tg/ps",
    "http://inspire.ec.europa.eu/id/document/tg/tn",
    "http://inspire.ec.europa.eu/id/document/tg/us",
    "http://inspire.ec.europa.eu/media-types/application/x-shapefile",
    "http://inspire.ec.europa.eu/metadata-codelist/ConditionsApplyingToAccessAndUse/noConditionsApply",
    "http://inspire.ec.europa.eu/metadata-codelist/LimitationsOnPublicAccess/INSPIRE_Directive_Article13_1f",
    "http://inspire.ec.europa.eu/metadata-codelist/LimitationsOnPublicAccess/noLimitations",
    "http://inspire.ec.europa.eu/metadata-codelist/OnLineDescriptionCode/accessPoint",
    "http://inspire.ec.europa.eu/metadata-codelist/OnLineDescriptionCode/endPoint",
    "http://inspire.ec.europa.eu/metadata-codelist/PriorityDataset",
    "http://inspire.ec.europa.eu/metadata-codelist/PriorityDataset/ActualPollutantReleases-reg-2006-166",
    "http://inspire.ec.europa.eu/metadata-codelist/PriorityDataset/Agglomerations-dir-1991-271",
    "http://inspire.ec.europa.eu/metadata-codelist/PriorityDataset/BirdSpeciesDistribution-dir-2009-147",
    "http://inspire.ec.europa.eu/metadata-codelist/PriorityDataset/BirdsRange-dir-2009-147",
    "http://inspire.ec.europa.eu/metadata-codelist/PriorityDataset/CoastalWaters-dir-2000-60",
    "http://inspire.ec.europa.eu/metadata-codelist/PriorityDataset/DischargePointsToReceivingWaters-dir-1991-271",
    "http://inspire.ec.europa.eu/metadata-codelist/PriorityDataset/DrinkingWaterAbstractionPoints-dir-1998-83",
    "http://inspire.ec.europa.eu/metadata-codelist/PriorityDataset/EstablishmentsInvolvingDangerousSubstances-dir-2012-18",
    "http://inspire.ec.europa.eu/metadata-codelist/PriorityDataset/FloodedAreas-dir-2007-60",
    "http://inspire.ec.europa.eu/metadata-codelist/PriorityDataset/FloodRiskZones-dir-2007-60",
    "http://inspire.ec.europa.eu/metadata-codelist/PriorityDataset/HabitatTypesDistribution-dir-1992-43",
    "http://inspire.ec.europa.eu/metadata-codelist/PriorityDataset/HabitatTypesRange-dir-1992-43",
    "http://inspire.ec.europa.eu/metadata-codelist/PriorityDataset/IndustrialSites-EURegistry-reg-2006-166",
    "http://inspire.ec.europa.eu/metadata-codelist/PriorityDataset/InvasiveAlienSpeciesDistribution-reg-2014-1143",
    "http://inspire.ec.europa.eu/metadata-codelist/PriorityDataset/Lakes-dir-2000-60",
    "http://inspire.ec.europa.eu/metadata-codelist/PriorityDataset/MajorAirportsNoiseExposureDelineationDEN-dir-2002-49",
    "http://inspire.ec.europa.eu/metadata-codelist/PriorityDataset/MajorAirportsNoiseExposureDelineationNight-dir-2002-49",
    "http://inspire.ec.europa.eu/metadata-codelist/PriorityDataset/MajorRailwaysNoiseExposureDelineationDEN-dir-2002-49",
    "http://inspire.ec.europa.eu/metadata-codelist/PriorityDataset/MajorRailwaysNoiseExposureDelineationNight-dir-2002-49",
    "http://inspire.ec.europa.eu/metadata-codelist/PriorityDataset/MajorRoadsNoiseExposureDelineation-dir-2002-49",
    "http://inspire.ec.europa.eu/metadata-codelist/PriorityDataset/MajorRoadsNoiseExposureDelineationDEN-dir-2002-49",
    "http://inspire.ec.europa.eu/metadata-codelist/PriorityDataset/ManagementUnits-dir-2007-60",
    "http://inspire.ec.europa.eu/metadata-codelist/PriorityDataset/MarineAssessmentUnits-dir-2008-56",
    "http://inspire.ec.europa.eu/metadata-codelist/PriorityDataset/MonitoringStations-dir-2000-60",
    "http://inspire.ec.europa.eu/metadata-codelist/PriorityDataset/MonitoringStations-dir-2008-56",
    "http://inspire.ec.europa.eu/metadata-codelist/PriorityDataset/MSFDReportingUnits-dir-2008-56",
    "http://inspire.ec.europa.eu/metadata-codelist/PriorityDataset/NationallyDesignatedAreasCDDA",
    "http://inspire.ec.europa.eu/metadata-codelist/PriorityDataset/Natura2000Sites-dir-1992-43",
    "http://inspire.ec.europa.eu/metadata-codelist/PriorityDataset/Natura2000Sites-dir-2009-147",
    "http://inspire.ec.europa.eu/metadata-codelist/PriorityDataset/RiverBasinDistricts-dir-2000-60",
    "http://inspire.ec.europa.eu/metadata-codelist/PriorityDataset/RiverBasinDistrictsSubUnits-dir-2000-60",
    "http://inspire.ec.europa.eu/metadata-codelist/PriorityDataset/Rivers-dir-2000-60",
    "http://inspire.ec.europa.eu/metadata-codelist/PriorityDataset/SpeciesDistribution-dir-1992-43",
    "http://inspire.ec.europa.eu/metadata-codelist/PriorityDataset/SpeciesRange-dir-1992-43",
    "http://inspire.ec.europa.eu/metadata-codelist/PriorityDataset/SurfaceWaterBodies-dir-2000-60",
    "http://inspire.ec.europa.eu/metadata-codelist/PriorityDataset/TransitionalWaters-dir-2000-60",
    "http://inspire.ec.europa.eu/metadata-codelist/PriorityDataset/UrbanWasteWaterTreatmentPlants-dir-1991-271",
    "http://inspire.ec.europa.eu/metadata-codelist/SpatialDataServiceType/download",
    "http://inspire.ec.europa.eu/metadata-codelist/SpatialDataServiceType/http://inspire.ec.europa.eu/metadata-codelist/SpatialDataServiceType/download",
    "http://inspire.ec.europa.eu/metadata-codelist/SpatialDataServiceType/other",
    "http://inspire.ec.europa.eu/metadata-codelist/SpatialDataServiceType/view",
    "http://inspire.ec.europa.eu/metadata-codelist/SpatialScope",
    "http://inspire.ec.europa.eu/metadata-codelist/SpatialScope/european",
    "http://inspire.ec.europa.eu/metadata-codelist/SpatialScope/national",
    "http://inspire.ec.europa.eu/schemas/am/4.0/AreaManagementRestrictionRegulationZone.xsd",
    "http://inspire.ec.europa.eu/schemas/ef/4.0/EnvironmentalMonitoringFacilities.xsd",
    "http://inspire.ec.europa.eu/schemas/el-bas/4.0/ElevationBaseTypes.xsd",
    "http://inspire.ec.europa.eu/schemas/hh/4.0/HumanHealth.xsd",
    "http://inspire.ec.europa.eu/schemas/hy-n/4.0/HydroNetwork.xsd",
    "http://inspire.ec.europa.eu/schemas/hy/4.0/HydroBase.xsd",
    "http://inspire.ec.europa.eu/schemas/mu/3.0/MaritimeUnits.xsd",
    "http://inspire.ec.europa.eu/schemas/nz-core/4.0/NaturalRiskZonesCore.xsd",
    "http://inspire.ec.europa.eu/schemas/nz/0.0/NaturalRiskZones.xsd",
    "http://inspire.ec.europa.eu/schemas/of/4.0/OceanFeatures.xsd",
    "http://inspire.ec.europa.eu/schemas/pf/4.0/ProductionAndIndustrialFacilities.xsd",
    "http://inspire.ec.europa.eu/schemas/ps/4.0/ProtectedSites.xsd",
    "http://inspire.ec.europa.eu/schemas/tn-ro/4.0/RoadTransportNetwork.xsd",
    "http://inspire.ec.europa.eu/schemas/tn-w/4.0/WaterTransportNetwork.xsd",
    "http://inspire.ec.europa.eu/schemas/tn/4.0/CommonTransportElements.xsd",
    "http://inspire.ec.europa.eu/schemas/us-govserv/4.0/GovernmentalServices.xsd",
    "http://inspire.ec.europa.eu/theme#",
    "http://standaarden.overheid.nl/owms/terms/Ministerie_van_Economische_Zaken",
    "http://standaarden.overheid.nl/owms/terms/Ministerie_van_Landbouw,_Natuur_en_Voedselkwaliteit",
    "http://standaarden.overheid.nl/owms/terms/Rijksinstituut_voor_Volksgezondheid_en_Milieu",
    "http://standaarden.overheid.nl/owms/terms/RVO",
    "http://www.eionet.europa.eu/gemet/inspire_themes",
    "http://www.eionet.europa.eu/gemet/nl/inspire-theme/ac",
    "http://www.eionet.europa.eu/gemet/nl/inspire-theme/ad",
    "http://www.eionet.europa.eu/gemet/nl/inspire-theme/af",
    "http://www.eionet.europa.eu/gemet/nl/inspire-theme/am",
    "http://www.eionet.europa.eu/gemet/nl/inspire-theme/au",
    "http://www.eionet.europa.eu/gemet/nl/inspire-theme/bu",
    "http://www.eionet.europa.eu/gemet/nl/inspire-theme/cp",
    "http://www.eionet.europa.eu/gemet/nl/inspire-theme/ef",
    "http://www.eionet.europa.eu/gemet/nl/inspire-theme/er",
    "http://www.eionet.europa.eu/gemet/nl/inspire-theme/ge",
    "http://www.eionet.europa.eu/gemet/nl/inspire-theme/gn",
    "http://www.eionet.europa.eu/gemet/nl/inspire-theme/hb",
    "http://www.eionet.europa.eu/gemet/nl/inspire-theme/hh",
    "http://www.eionet.europa.eu/gemet/nl/inspire-theme/hy",
    "http://www.eionet.europa.eu/gemet/nl/inspire-theme/lc",
    "http://www.eionet.europa.eu/gemet/nl/inspire-theme/lu",
    "http://www.eionet.europa.eu/gemet/nl/inspire-theme/mf",
    "http://www.eionet.europa.eu/gemet/nl/inspire-theme/nz",
    "http://www.eionet.europa.eu/gemet/nl/inspire-theme/of",
    "http://www.eionet.europa.eu/gemet/nl/inspire-theme/oi",
    "http://www.eionet.europa.eu/gemet/nl/inspire-theme/pd",
    "http://www.eionet.europa.eu/gemet/nl/inspire-theme/pf",
    "http://www.eionet.europa.eu/gemet/nl/inspire-theme/ps",
    "http://www.eionet.europa.eu/gemet/nl/inspire-theme/rs",
    "http://www.eionet.europa.eu/gemet/nl/inspire-theme/sd",
    "http://www.eionet.europa.eu/gemet/nl/inspire-theme/so",
    "http://www.eionet.europa.eu/gemet/nl/inspire-theme/sr",
    "http://www.eionet.europa.eu/gemet/nl/inspire-theme/su",
    "http://www.eionet.europa.eu/gemet/nl/inspire-theme/tn",
    "http://www.eionet.europa.eu/gemet/nl/inspire-theme/us",
    "http://www.iana.org/assignments/media-types/application/gml+xml",
    "https://www.iana.org/assignments/media-types/application/geopackage+sqlite3",
    "https://www.iana.org/assignments/media-types/application/gml+xml",
    "https://www.iana.org/assignments/media-types/application/xml",
    "http://www.opengeospatial.org/standards/sos",
    "http://www.opengeospatial.org/standards/wcs",
    "http://www.opengeospatial.org/standards/wfs",
    "http://www.opengeospatial.org/standards/wms",
    "http://www.opengeospatial.org/standards/wmts",
    "http://www.opengis.net/def/crs/EPSG/0/3034",
    "http://www.opengis.net/def/crs/EPSG/0/3035",
    "http://www.opengis.net/def/crs/EPSG/0/3857",
    "http://www.opengis.net/def/crs/EPSG/0/4258",
    "http://www.opengis.net/def/crs/EPSG/0/4326",
    "http://www.opengis.net/def/crs/EPSG/0/5709",
    "http://www.opengis.net/def/crs/EPSG/0/5730",
    "http://www.opengis.net/def/crs/EPSG/0/5861",
    "http://www.opengis.net/def/crs/EPSG/0/23031",
    "http://www.opengis.net/def/crs/EPSG/0/25831",
    "http://www.opengis.net/def/crs/EPSG/0/25832",
    "http://www.opengis.net/def/crs/EPSG/0/28992",
    "http://www.opengis.net/def/crs/EPSG/0/EPSG:4326",
    "http://www.opengis.net/def/crs/EPSG/0/EPSG:28992",
    "http://www.opengis.net/def/crs/EPSG/0/epsg:28992",
    "http://www.opengis.net/def/serviceType/ogc/wcs",
    "http://www.opengis.net/def/serviceType/ogc/wfs",
    "http://www.opengis.net/def/serviceType/ogc/wms",
    "http://www.opengis.net/def/serviceType/ogc/wmts",
    "http://www.wur.nl/nl/Expertises-Dienstverlening/Onderzoeksinstituten/Environmental-Research.htm",
    "https://ec.europa.eu/eurostat/web/health/data/database",
    "https://geodata.cbs.nl/files/INSPIRE",
    "https://geodata.nationaalgeoregister.nl/elu/atom/elu.xml",
    "https://inspire.ec.europa.eu/id/document/tg/au",
    "https://inspire.ec.europa.eu/id/document/tg/of",
    "https://inspire.ec.europa.eu/id/document/tg/ps",
    "https://inspire.ec.europa.eu/schemas/ps/4.0/ProtectedSites.xsd",
    "https://ngr.geocat.live/geonetwork/srv/eng/thesaurus.download?ref=external.theme.httpinspireeceuropaeumetadatacodelistSpatialScope-SpatialScope",
    "https://tools.ietf.org/html/rfc4287",
    "https://tools.ietf.org/html/rfc5023",
    "https://www.cbs.nl/-/media/cbs/dossiers/nederland%20regionaal/wijk-en-buurtstatistieken/shape%202017%20versie%2020.zip",
    "https://www.cbs.nl/nl-nl/dossier/nederland-regionaal/geografische-data/wijk-en-buurtkaart-2016",
    "https://www.cbs.nl/nl-nl/dossier/nederland-regionaal/geografische-data/wijk-en-buurtkaart-2018",
    "https://www.cbs.nl/nl-nl/dossier/nederland-regionaal/geografische-data/wijk-en-buurtkaart-2019",
    "https://www.iana.org/assignments/media-types/application/gml+xml",
    "https://www.iana.org/assignments/media-types/application/zip",
    "https://www.iana.org/assignments/media-types/image/png",
    "https://www.nationaalgeoregister.nl",
    "https://www.nationaalgeoregister.nl/geonetwork/srv/eng/thesaurus.download?ref=external.theme.httpinspireeceuropaeumetadatacodelistPriorityDataset-PriorityDataset",
    "https://www.nationaalgeoregister.nl/geonetwork/srv/eng/thesaurus.download?ref=external.theme.httpinspireeceuropaeumetadatacodelistSpatialScope-SpatialScope",
    "https://www.nationaalgeoregister.nl/geonetwork/srv/eng/thesaurus.download?ref=external.theme.httpinspireeceuropaeutheme-theme",
    "https://www.nationaalgeoregister.nl:443/geonetwork/srv/eng/thesaurus.download?ref=external.theme.httpinspireeceuropaeuapplicationschema-applicationschema",
    "https://www.nationaalgeoregister.nl:443/geonetwork/srv/eng/thesaurus.download?ref=external.theme.httpinspireeceuropaeumetadatacodelistPriorityDataset-PriorityDataset",
    "https://www.nationaalgeoregister.nl:443/geonetwork/srv/eng/thesaurus.download?ref=external.theme.httpinspireeceuropaeumetadatacodelistSpatialScope-SpatialScope",
    "https://www.nationaalgeoregister.nl:443/geonetwork/srv/eng/thesaurus.download?ref=external.theme.httpinspireeceuropaeutheme-theme"
  ],
  "responseStatus": 200,
  "__loop": -1,
  "responseCookies": null
}

15:22:34.071 [pool-1-thread-6] INFO  com.intuit.karate - [print] [
  {
    "datasetIdentifierCode": "a7fb2234-f7b4-4a03-b282-f10947f42fb1",
    "title": "Kaart van de bodemopbouw in Nederland 1:50.000 onder INSPIRE",
    "dataIdentificationCitationAnchor": "https://ngr.acceptatie.nationaalgeoregister.nl/geonetwork/srv/resourcesbbe3c19d-12b0-4912-a6f4-46eb189e85ac",
    "organisation": "[TNO Geologische Dienst Nederland, Alterra, Wageningen UR, TNO Geologische Dienst Nederland]",
    "electronicMailAddress": "[info@dinoloket.nl, geodesk.cgi@wur.nl, info@dinoloket.nl]",
    "metadataStandardVersion": "Nederlandse metadata profiel op ISO 19115 voor geografie 2.0"
  },
  {
    "datasetIdentifierCode": "9d9f1738-aced-47c9-aaa0-c62474a2dcfb",
    "title": "Zeegebieden",
    "dataIdentificationCitationAnchor": "http://kadaster/7c22107ea-5e31-4bbc-8e24-d15fe230062e",
    "organisation": "[Kadaster, Kadaster, Kadaster]",
    "electronicMailAddress": "[PPB-GVA@kadaster.nl, kcc@kadaster.nl, kcc@kadaster.nl]",
    "metadataStandardVersion": "Nederlands metadata profiel op ISO 19115 voor geografie 2.0"
  },
  {
    "datasetIdentifierCode": "36a7e8cb-8300-4602-93d2-135943365a6f",
    "title": "Monitoring stations (Nitraatrichtlijn) diepe filters",
    "dataIdentificationCitationAnchor": "https://data.rivm.nl/inspire/id#36a7e8cb-8300-4602-93d2-135943365a6f",
    "organisation": "no organisationName found in dataset record",
    "electronicMailAddress": "[geodata@rivm.nl, , geodata@rivm.nl]",
    "metadataStandardVersion": "Nederlands metadata profiel op ISO 19115 voor geografie 2.0"
  },
  {
    "datasetIdentifierCode": "c2225e5d-b46f-4e38-8445-ab10fd40c0dc",
    "title": "Blokindeling Nederlands Continentaal Plat",
    "dataIdentificationCitationAnchor": "https://www.nationaalgeoregister.nl/geonetwork/srv/api/recordsc2225e5d-b46f-4e38-8445-ab10fd40c0dc",
    "organisation": "[Ministerie van Defensie, Koninklijke Marine, Dienst der Hydrografie, Ministerie van Defensie, Koninklijke Marine, Dienst der Hydrografie, Ministerie van Defensie, Koninklijke Marine, Dienst der Hydrografie]",
    "electronicMailAddress": "[data@hydro.nl, data@hydro.nl, data@hydro.nl]",
    "metadataStandardVersion": "Nederlands metadata profiel op ISO 19115 voor geografie 2.0"
  },
  {
    "datasetIdentifierCode": "3a7dd0a6-d130-4c4c-b0ba-24365cf036e2",
    "title": "Vervoersnetwerken - Spoorwegen (INSPIRE geharmoniseerd)",
    "dataIdentificationCitationAnchor": "http://kadaster/cb4edbd2-2dca-4d44-92bb-b2202048b526",
    "organisation": "[Kadaster, Kadaster]",
    "electronicMailAddress": "[PPB-GVA@kadaster.nl, kcc@kadaster.nl]",
    "metadataStandardVersion": "Nederlands metadata profiel op ISO 19115 voor geografie 2.0"
  },
  {
    "datasetIdentifierCode": "8de2f5eb-b09f-4f6d-8397-8878a1b86238",
    "title": "Geluidbelasting rijkswegen in Nederland 2011 (24-uurs gemiddelde)",
    "dataIdentificationCitationAnchor": "https://www.nationaalgeoregister.nl/geonetwork/srv/dut/catalog.search#/metadata/8de2f5eb-b09f-4f6d-8397-8878a1b86238",
    "organisation": "[Rijkswaterstaat, Rijkswaterstaat, , Rijkswaterstaat, Rijkswaterstaat]",
    "electronicMailAddress": "[servicedesk-data@rijkswaterstaat.nl, servicedesk-data@rijkswaterstaat.nl, , servicedesk-data@rijkswaterstaat.nl, servicedesk-data@rijkswaterstaat.nl]",
    "metadataStandardVersion": "Nederlands metadata profiel op ISO 19115 voor geografie 2.0"
  }
]

15:22:34.084 [pool-1-thread-5] INFO  com.intuit.karate - [print] [
  {
    "datasetIdentifierCode": "3094a1c4-3dd6-4e8e-9929-4a63dd66992e",
    "title": "INSPIRE Download service voor Faciliteiten voor productie en industrie",
    "dataIdentificationCitationAnchor": "no MD_DataIdentificationCitationAnchor",
    "organisation": "[Interprovinciaal Overleg, Interprovinciaal Overleg, Interprovinciaal Overleg]",
    "electronicMailAddress": "[inspire@gbo-provincies.nl, inspire@gbo-provincies.nl]",
    "metadataStandardVersion": "Nederlands metadata profiel op ISO 19119 voor services 2.0"
  },
  {
    "datasetIdentifierCode": "777f41ee-8269-4bbc-b0e4-f889c62be099",
    "title": "Afgevoerde hoeveelheid afval in 2011 vanuit de industrie (WMS)",
    "dataIdentificationCitationAnchor": "no MD_DataIdentificationCitationAnchor",
    "organisation": "no organisationName found in dataset record",
    "electronicMailAddress": "[emissieregistratie@rivm.nl, emissieregistratie@rivm.nl]",
    "metadataStandardVersion": "Nederlands metadata profiel op ISO 19119 voor services 2.0"
  },
  {
    "datasetIdentifierCode": "d293204f-6581-4b0a-811b-1dcce97adedd",
    "title": "Publiekrechtelijke Beperking WMS",
    "dataIdentificationCitationAnchor": "no MD_DataIdentificationCitationAnchor",
    "organisation": "[Beheer PDOK, Beheer PDOK]",
    "electronicMailAddress": "[beheerPDOK@kadaster.nl, beheerPDOK@kadaster.nl]",
    "metadataStandardVersion": "Nederlands metadata profiel op ISO 19119 voor services 2.0"
  },
  {
    "datasetIdentifierCode": "918388cf-9d8c-4264-b108-3e375bde0d52",
    "title": "Noordzee Vaarwegmarkeringen WMS",
    "dataIdentificationCitationAnchor": "no MD_DataIdentificationCitationAnchor",
    "organisation": "[Beheer PDOK, Beheer PDOK]",
    "electronicMailAddress": "[beheerPDOK@kadaster.nl, beheerPDOK@kadaster.nl]",
    "metadataStandardVersion": "Nederlands metadata profiel op ISO 19119 voor services 2.0"
  },
  {
    "datasetIdentifierCode": "89b35a6c-c099-456b-8eaf-2b83c7a35c74",
    "title": "Beschermde Gebieden Nationale Parken (INSPIRE geharmoniseerd) WMS",
    "dataIdentificationCitationAnchor": "no MD_DataIdentificationCitationAnchor",
    "organisation": "[Beheer PDOK, Beheer PDOK]",
    "electronicMailAddress": "[beheerPDOK@kadaster.nl, beheerPDOK@kadaster.nl]",
    "metadataStandardVersion": "Nederlands metadata profiel op ISO 19119 voor services 2.0"
  },
  {
    "datasetIdentifierCode": "b0119753-5625-4500-9df3-13823ff9868f",
    "title": "Habitatrichtlijn verspreiding van typen WMS",
    "dataIdentificationCitationAnchor": "no MD_DataIdentificationCitationAnchor",
    "organisation": "[Beheer PDOK, Beheer PDOK]",
    "electronicMailAddress": "[beheerPDOK@kadaster.nl, beheerPDOK@kadaster.nl]",
    "metadataStandardVersion": "Nederlands metadata profiel op ISO 19119 voor services 2.0"
  },
  {
    "datasetIdentifierCode": "95e2c712-1b91-4f24-9453-c56b95227717",
    "title": "Emissies naar het riool in 2015 vanuit de industrie (WMS)",
    "dataIdentificationCitationAnchor": "no MD_DataIdentificationCitationAnchor",
    "organisation": "no organisationName found in dataset record",
    "electronicMailAddress": "[emissieregistratie@rivm.nl, emissieregistratie@rivm.nl]",
    "metadataStandardVersion": "Nederlands metadata profiel op ISO 19119 voor services 2.0"
  },
  {
    "datasetIdentifierCode": "87a382da-c6dc-403c-a006-2379eb6daaa6",
    "title": "Nederlands deel PSSA Waddenzee Viewservice",
    "dataIdentificationCitationAnchor": "no MD_DataIdentificationCitationAnchor",
    "organisation": "[Ministerie van Defensie, Koninklijke Marine, Dienst der Hydrografie, Ministerie van Defensie, Koninklijke Marine, Dienst der Hydrografie]",
    "electronicMailAddress": "[data@hydro.nl, hydro.servicedesk@mindef.nl]",
    "metadataStandardVersion": "Nederlands metadata profiel op ISO 19119 voor services 2.0"
  },
  {
    "datasetIdentifierCode": "627b50bf-2e33-4beb-a314-ff8c0fe8912e",
    "title": "Vervoersnetwerken Waterwegen RWS (INSPIRE geharmoniseerd) WMS",
    "dataIdentificationCitationAnchor": "no MD_DataIdentificationCitationAnchor",
    "organisation": "[Beheer PDOK, Beheer PDOK]",
    "electronicMailAddress": "[beheerPDOK@kadaster.nl, beheerPDOK@kadaster.nl]",
    "metadataStandardVersion": "Nederlands metadata profiel op ISO 19119 voor services 2.0"
  },
  {
    "datasetIdentifierCode": "bd14098b-44e6-47e5-959d-f40dda65da5a",
    "title": "Ziekenhuizen in Nederland (september 2013) (WMS)",
    "dataIdentificationCitationAnchor": "no MD_DataIdentificationCitationAnchor",
    "organisation": "no organisationName found in dataset record",
    "electronicMailAddress": "[atlas@rivm.nl, geodata@rivm.nl]",
    "metadataStandardVersion": "Nederlands metadata profiel op ISO 19119 voor services 2.0"
  },
  {
    "datasetIdentifierCode": "7e87a655-c4eb-404d-9d0a-efa2dccef7cc",
    "title": "Geografische Namen (INSPIRE geharmoniseerd) WFS",
    "dataIdentificationCitationAnchor": "no MD_DataIdentificationCitationAnchor",
    "organisation": "[Beheer PDOK, Beheer PDOK]",
    "electronicMailAddress": "[beheerPDOK@kadaster.nl, beheerPDOK@kadaster.nl]",
    "metadataStandardVersion": "Nederlands metadata profiel op ISO 19119 voor services 2.0"
  },
  {
    "datasetIdentifierCode": "c56433ca-35f2-4aaf-8bfa-35d8e0e52dda",
    "title": "Afgevoerde hoeveelheid afval in 2015 vanuit de industrie (WMS)",
    "dataIdentificationCitationAnchor": "no MD_DataIdentificationCitationAnchor",
    "organisation": "no organisationName found in dataset record",
    "electronicMailAddress": "[emissieregistratie@rivm.nl, emissieregistratie@rivm.nl]",
    "metadataStandardVersion": "Nederlands metadata profiel op ISO 19119 voor services 2.0"
  },
  {
    "datasetIdentifierCode": "dda53ebc-bee7-4765-8f1f-6ac59b0aec39",
    "title": "Bodemkundig boormonsterprofiel onder INSPIRE, viewservice",
    "dataIdentificationCitationAnchor": "no MD_DataIdentificationCitationAnchor",
    "organisation": "[TNO Geologische Dienst Nederland, Alterra, Wageningen UR]",
    "electronicMailAddress": "[info@dinoloket.nl, geodesk.cgi@wur.nl]",
    "metadataStandardVersion": "Nederlands metadata profiel op ISO 19119 voor services 2.0"
  },
  {
    "datasetIdentifierCode": "cd370f58-0e54-48d6-b83b-ccd332bfb7c7",
    "title": "Emissies naar lucht en water in 2011 vanuit de industrie (WMS)",
    "dataIdentificationCitationAnchor": "no MD_DataIdentificationCitationAnchor",
    "organisation": "no organisationName found in dataset record",
    "electronicMailAddress": "[emissieregistratie@rivm.nl, emissieregistratie@rivm.nl]",
    "metadataStandardVersion": "Nederlands metadata profiel op ISO 19119 voor services 2.0"
  },
  {
    "datasetIdentifierCode": "22bedc12-e9cb-4419-8e51-dfb375d46d01",
    "title": "INSPIRE View service voor Gebieden met natuurrisico's",
    "dataIdentificationCitationAnchor": "no MD_DataIdentificationCitationAnchor",
    "organisation": "[Interprovinciaal Overleg, Interprovinciaal Overleg, Interprovinciaal Overleg]",
    "electronicMailAddress": "[inspire@gbo-provincies.nl, inspire@gbo-provincies.nl]",
    "metadataStandardVersion": "Nederlands metadata profiel op ISO 19119 voor services 2.0"
  },
  {
    "datasetIdentifierCode": "37e05521-c323-4dbe-aba4-de1178ba44a5",
    "title": "Vogelrichtlijn verspreiding van soorten WFS",
    "dataIdentificationCitationAnchor": "no MD_DataIdentificationCitationAnchor",
    "organisation": "[Beheer PDOK, Beheer PDOK]",
    "electronicMailAddress": "[beheerPDOK@kadaster.nl, beheerPDOK@kadaster.nl]",
    "metadataStandardVersion": "Nederlands metadata profiel op ISO 19119 voor services 2.0"
  },
  {
    "datasetIdentifierCode": "7e450110-f643-4b73-9262-4f13966cffc6",
    "title": "Kaderrichtlijn Water EU2009 WMS",
    "dataIdentificationCitationAnchor": "no MD_DataIdentificationCitationAnchor",
    "organisation": "[Beheer PDOK, Beheer PDOK]",
    "electronicMailAddress": "[beheerpdok@kadaster.nl, beheerpdok@kadaster.nl]",
    "metadataStandardVersion": "Nederlands metadata profiel op ISO 19119 voor services 2.0"
  },
  {
    "datasetIdentifierCode": "081bcfff-5f66-467c-95d0-d88dcf9aa4cf",
    "title": "Monitoring stations (Nitraatrichtlijn) ondiepe filters (WMS)",
    "dataIdentificationCitationAnchor": "no MD_DataIdentificationCitationAnchor",
    "organisation": "no organisationName found in dataset record",
    "electronicMailAddress": "[geodata@rivm.nl, geodata@rivm.nl]",
    "metadataStandardVersion": "Nederlands metadata profiel op ISO 19119 voor services 2.0"
  },
  {
    "datasetIdentifierCode": "635bdc85-c596-4afb-ab07-de20c662310c",
    "title": "Zeegebieden (INSPIRE geharmoniseerd) WMS",
    "dataIdentificationCitationAnchor": "no MD_DataIdentificationCitationAnchor",
    "organisation": "[Beheer PDOK, Beheer PDOK]",
    "electronicMailAddress": "[beheerPDOK@kadaster.nl, beheerPDOK@kadaster.nl]",
    "metadataStandardVersion": "Nederlands metadata profiel op ISO 19119 voor services 2.0"
  },
  {
    "datasetIdentifierCode": "ce963e61-779f-470f-a99d-48d9796e5ba3",
    "title": "Geografische Namen (INSPIRE geharmoniseerd) WMS",
    "dataIdentificationCitationAnchor": "no MD_DataIdentificationCitationAnchor",
    "organisation": "[Beheer PDOK, Beheer PDOK]",
    "electronicMailAddress": "[beheerPDOK@kadaster.nl, beheerPDOK@kadaster.nl]",
    "metadataStandardVersion": "Nederlands metadata profiel op ISO 19119 voor services 2.0"
  },
  {
    "datasetIdentifierCode": "5be14ec9-9bb3-4395-a061-e7e78d04a527",
    "title": "Gebouwen (INSPIRE geharmoniseerd) WMS",
    "dataIdentificationCitationAnchor": "no MD_DataIdentificationCitationAnchor",
    "organisation": "[Beheer PDOK, Beheer PDOK]",
    "electronicMailAddress": "[beheerPDOK@kadaster.nl, beheerPDOK@kadaster.nl]",
    "metadataStandardVersion": "Nederlands metadata profiel op ISO 19119 voor services 2.0"
  },
  {
    "datasetIdentifierCode": "c6fa88ab-e440-414b-a773-793c4ce6d8df",
    "title": "Bestuurlijke grenzen WMS",
    "dataIdentificationCitationAnchor": "no MD_DataIdentificationCitationAnchor",
    "organisation": "[Beheer PDOK, Beheer PDOK]",
    "electronicMailAddress": "[beheerPDOK@kadaster.nl, beheerPDOK@kadaster.nl]",
    "metadataStandardVersion": "Nederlands metadata profiel op ISO 19119 voor services 2.0"
  },
  {
    "datasetIdentifierCode": "923a666c-ee4f-496c-8c85-94d5f81e1f30",
    "title": "Zones volgens EU Gemeenschappelijk Visserijbeleid tot 3M en 6M - Downloadservice",
    "dataIdentificationCitationAnchor": "no MD_DataIdentificationCitationAnchor",
    "organisation": "[Ministerie van Defensie, Koninklijke Marine, Dienst der Hydrografie, Ministerie van Defensie, Koninklijke Marine, Dienst der Hydrografie]",
    "electronicMailAddress": "[data@hydro.nl, hydro.servicedesk@mindef.nl]",
    "metadataStandardVersion": "Nederlands metadata profiel op ISO 19119 voor services 2.0"
  },
  {
    "datasetIdentifierCode": "3d01c1ca-973c-4652-baa5-39458bb9e181",
    "title": "Schelpdierenpercelen WMS",
    "dataIdentificationCitationAnchor": "no MD_DataIdentificationCitationAnchor",
    "organisation": "[Beheer PDOK, Beheer PDOK]",
    "electronicMailAddress": "[beheerPDOK@kadaster.nl, beheerPDOK@kadaster.nl]",
    "metadataStandardVersion": "Nederlands metadata profiel op ISO 19119 voor services 2.0"
  },
  {
    "datasetIdentifierCode": "7ab53b91-9df1-4c39-ba0e-06ec80ce512b",
    "title": "Beschermde gebieden - CDDA (INSPIRE geharmoniseerd) WMS",
    "dataIdentificationCitationAnchor": "no MD_DataIdentificationCitationAnchor",
    "organisation": "[Beheer PDOK, Beheer PDOK]",
    "electronicMailAddress": "[beheerpdok@kadaster.nl, beheerpdok@kadaster.nl]",
    "metadataStandardVersion": "Nederlands metadata profiel op ISO 19119 voor services 2.0"
  },
  {
    "datasetIdentifierCode": "e08079df-6c19-486e-916e-5c9948cfafea",
    "title": "CBS Gebiedsindelingen (INSPIRE geharmoniseerd) WFS",
    "dataIdentificationCitationAnchor": "no MD_DataIdentificationCitationAnchor",
    "organisation": "[Beheer PDOK, Beheer PDOK]",
    "electronicMailAddress": "[beheerPDOK@kadaster.nl, beheerPDOK@kadaster.nl]",
    "metadataStandardVersion": "Nederlands metadata profiel op ISO 19119 voor services 2.0"
  },
  {
    "datasetIdentifierCode": "b7880739-a701-4cc0-bb32-2bba61fa8924",
    "title": "Totale potentie aardwarmte uit aquifers, INSPIRE, viewservice",
    "dataIdentificationCitationAnchor": "no MD_DataIdentificationCitationAnchor",
    "organisation": "[TNO Geologische Dienst Nederland, TNO Geologische Dienst Nederland]",
    "electronicMailAddress": "[info@dinoloket.nl, info@dinoloket.nl]",
    "metadataStandardVersion": "Nederlands metadata profiel op ISO 19119 voor services 2.0"
  },
  {
    "datasetIdentifierCode": "755d488b-7b94-4883-95be-6aa279604f85",
    "title": "Monitoring stations (Nitraatrichtlijn) diepe filters (WMS)",
    "dataIdentificationCitationAnchor": "no MD_DataIdentificationCitationAnchor",
    "organisation": "no organisationName found in dataset record",
    "electronicMailAddress": "[geodata@rivm.nl, geodata@rivm.nl]",
    "metadataStandardVersion": "Nederlands metadata profiel op ISO 19119 voor services 2.0"
  },
  {
    "datasetIdentifierCode": "77971fa3-f869-4726-969a-482e0b1a8c5d",
    "title": "Oppervlaktegeologie, Geologische kaart onder INSPIRE, downloadservice",
    "dataIdentificationCitationAnchor": "no MD_DataIdentificationCitationAnchor",
    "organisation": "[TNO Geologische Dienst Nederland, TNO Geologische Dienst Nederland]",
    "electronicMailAddress": "[info@dinoloket.nl, info@dinoloket.nl]",
    "metadataStandardVersion": "Nederlands metadata profiel op ISO 19119 voor services 2.0"
  },
  {
    "datasetIdentifierCode": "a6098c24-4caf-4528-954c-672b9ec6cf78",
    "title": "Kwaliteit van drinkwater in Nederland (2012) (WMS)",
    "dataIdentificationCitationAnchor": "no MD_DataIdentificationCitationAnchor",
    "organisation": "no organisationName found in dataset record",
    "electronicMailAddress": "[geodata@rivm.nl, geodata@rivm.nl]",
    "metadataStandardVersion": "Nederlands metadata profiel op ISO 19119 voor services 2.0"
  },
  {
    "datasetIdentifierCode": "a1ed8a00-da07-472e-9627-99175d437c94",
    "title": "Geluidskaarten Schiphol 2016 lden WMS",
    "dataIdentificationCitationAnchor": "no MD_DataIdentificationCitationAnchor",
    "organisation": "[Beheer PDOK, Beheer PDOK]",
    "electronicMailAddress": "[beheerPDOK@kadaster.nl, beheerPDOK@kadaster.nl]",
    "metadataStandardVersion": "Nederlands metadata profiel op ISO 19119 voor services 2.0"
  },
  {
    "datasetIdentifierCode": "wt-83730-e750-485a-9c0c-39bf9bm72cf8",
    "title": "Menselijke gezondheid en veiligheid - geluidbelasting rijkswegen 2016 (INSPIRE geharmoniseerd) WMS",
    "dataIdentificationCitationAnchor": "no MD_DataIdentificationCitationAnchor",
    "organisation": "[Rijkswaterstaat, Rijkswaterstaat, Wetransform]",
    "electronicMailAddress": "[servicedesk-data@rijkswaterstaat.nl, servicedesk-data@rijkswaterstaat.nl, info@wetransform.to]",
    "metadataStandardVersion": "Nederlands metadata profiel op ISO 19119 voor services 2.0"
  },
  {
    "datasetIdentifierCode": "adn573b0-bd3b-4d7b-a97d-e65841e6e0b3",
    "title": "Bathymetrie Nederland - kust WMS",
    "dataIdentificationCitationAnchor": "no MD_DataIdentificationCitationAnchor",
    "organisation": "[Rijkswaterstaat, Rijkswaterstaat, Rijkswaterstaat]",
    "electronicMailAddress": "[servicedesk-data@rijkswaterstaat.nl, servicedesk-data@rijkswaterstaat.nl, servicedesk-data@rijkswaterstaat.nl]",
    "metadataStandardVersion": "Nederlands metadata profiel op ISO 19119 voor services 2.0"
  },
  {
    "datasetIdentifierCode": "wt-f5eb-b09f-4f6d-8397-8878a1m86238",
    "title": "Menselijke gezondheid en veiligheid - geluidbelasting rijkswegen 2011 (INSPIRE geharmoniseerd) WMS",
    "dataIdentificationCitationAnchor": "no MD_DataIdentificationCitationAnchor",
    "organisation": "[Rijkswaterstaat, Rijkswaterstaat, Wetransform]",
    "electronicMailAddress": "[servicedesk-data@rijkswaterstaat.nl, servicedesk-data@rijkswaterstaat.nl, info@wetransform.to]",
    "metadataStandardVersion": "Nederlands metadata profiel op ISO 19119 voor services 2.0"
  }
]

15:22:34.310 [ForkJoinPool-1-worker-9] DEBUG com.intuit.karate - request:
1 > GET http://nationaalgeoregister.nl/geonetwork/srv/dut/inspire?service=CSW&version=2.0.2&request=GetRecordById&id=c2225e5d-b46f-4e38-8445-ab10fd40c0dc&elementsetname=full&outputSchema=http%3A%2F%2Fwww.isotc211.org%2F2005%2Fgmd
1 > Accept-Encoding: gzip,deflate
1 > Connection: Keep-Alive
1 > Host: nationaalgeoregister.nl
1 > User-Agent: Apache-HttpClient/4.5.11 (Java/13.0.4)

15:22:34.313 [ForkJoinPool-1-worker-11] DEBUG com.intuit.karate - request:
1 > GET http://nationaalgeoregister.nl/geonetwork/srv/dut/inspire?service=CSW&version=2.0.2&request=GetRecordById&id=3a7dd0a6-d130-4c4c-b0ba-24365cf036e2&elementsetname=full&outputSchema=http%3A%2F%2Fwww.isotc211.org%2F2005%2Fgmd
1 > Accept-Encoding: gzip,deflate
1 > Connection: Keep-Alive
1 > Host: nationaalgeoregister.nl
1 > User-Agent: Apache-HttpClient/4.5.11 (Java/13.0.4)

15:22:34.315 [ForkJoinPool-1-worker-3] DEBUG com.intuit.karate - request:
1 > GET http://nationaalgeoregister.nl/geonetwork/srv/dut/inspire?service=CSW&version=2.0.2&request=GetRecordById&id=a7fb2234-f7b4-4a03-b282-f10947f42fb1&elementsetname=full&outputSchema=http%3A%2F%2Fwww.isotc211.org%2F2005%2Fgmd
1 > Accept-Encoding: gzip,deflate
1 > Connection: Keep-Alive
1 > Host: nationaalgeoregister.nl
1 > User-Agent: Apache-HttpClient/4.5.11 (Java/13.0.4)

15:22:34.317 [ForkJoinPool-1-worker-7] DEBUG com.intuit.karate - request:
1 > GET http://nationaalgeoregister.nl/geonetwork/srv/dut/inspire?service=CSW&version=2.0.2&request=GetRecordById&id=36a7e8cb-8300-4602-93d2-135943365a6f&elementsetname=full&outputSchema=http%3A%2F%2Fwww.isotc211.org%2F2005%2Fgmd
1 > Accept-Encoding: gzip,deflate
1 > Connection: Keep-Alive
1 > Host: nationaalgeoregister.nl
1 > User-Agent: Apache-HttpClient/4.5.11 (Java/13.0.4)

15:22:34.318 [ForkJoinPool-1-worker-5] DEBUG com.intuit.karate - request:
1 > GET http://nationaalgeoregister.nl/geonetwork/srv/dut/inspire?service=CSW&version=2.0.2&request=GetRecordById&id=9d9f1738-aced-47c9-aaa0-c62474a2dcfb&elementsetname=full&outputSchema=http%3A%2F%2Fwww.isotc211.org%2F2005%2Fgmd
1 > Accept-Encoding: gzip,deflate
1 > Connection: Keep-Alive
1 > Host: nationaalgeoregister.nl
1 > User-Agent: Apache-HttpClient/4.5.11 (Java/13.0.4)

15:22:34.350 [ForkJoinPool-1-worker-13] DEBUG com.intuit.karate - request:
1 > GET http://nationaalgeoregister.nl/geonetwork/srv/dut/inspire?service=CSW&version=2.0.2&request=GetRecordById&id=8de2f5eb-b09f-4f6d-8397-8878a1b86238&elementsetname=full&outputSchema=http%3A%2F%2Fwww.isotc211.org%2F2005%2Fgmd
1 > Accept-Encoding: gzip,deflate
1 > Connection: Keep-Alive
1 > Host: nationaalgeoregister.nl
1 > User-Agent: Apache-HttpClient/4.5.11 (Java/13.0.4)

15:22:34.918 [ForkJoinPool-1-worker-9] DEBUG com.intuit.karate - response time in milliseconds: 606.82
1 < 200
1 < Cache-Control: no-cache
1 < Connection: Keep-Alive
1 < Content-Type: application/xml;charset=UTF-8
1 < Date: Fri, 25 Sep 2020 15:22:34 GMT
1 < Expires: -1
1 < Keep-Alive: timeout=5, max=100
1 < Pragma: no-cache
1 < Server: Apache
1 < Set-Cookie: JSESSIONID=CF7B18B576DFE4FF7B5EBA78AF6DFC8A; Path=/geonetwork; HttpOnly
1 < Transfer-Encoding: chunked
1 < Vary: Accept-Encoding
<?xml version="1.0" encoding="UTF-8"?>
<csw:GetRecordByIdResponse xmlns:csw="http://www.opengis.net/cat/csw/2.0.2">
  <gmd:MD_Metadata xmlns:gmd="http://www.isotc211.org/2005/gmd" xmlns:gsr="http://www.isotc211.org/2005/gsr" xmlns:gco="http://www.isotc211.org/2005/gco" xmlns:gmx="http://www.isotc211.org/2005/gmx" xmlns:xs="http://www.w3.org/2001/XMLSchema" xmlns:gml="http://www.opengis.net/gml" xmlns:xsi="http://www.w3.org/2001/XMLSchema-instance" xmlns:gts="http://www.isotc211.org/2005/gts" xmlns:srv="http://www.isotc211.org/2005/srv" xmlns:geonet="http://www.fao.org/geonetwork" xsi:schemaLocation="http://www.isotc211.org/2005/gmd http://schemas.opengis.net/iso/19139/20060504/gmd/gmd.xsd http://www.isotc211.org/2005/gmx http://schemas.opengis.net/iso/19139/20060504/gmx/gmx.xsd">
    <gmd:fileIdentifier>
      <gco:CharacterString>c2225e5d-b46f-4e38-8445-ab10fd40c0dc</gco:CharacterString>
    </gmd:fileIdentifier>
    <gmd:language>
      <gmd:LanguageCode codeList="http://www.loc.gov/standards/iso639-2/" codeListValue="dut">Nederlands; Vlaams</gmd:LanguageCode>
    </gmd:language>
    <gmd:hierarchyLevel>
      <gmd:MD_ScopeCode codeList="http://standards.iso.org/ittf/PubliclyAvailableStandards/ISO_19139_Schemas/resources/codelist/ML_gmxCodelists.xml#MD_ScopeCode" codeListValue="dataset">dataset</gmd:MD_ScopeCode>
    </gmd:hierarchyLevel>
    <gmd:contact>
      <gmd:CI_ResponsibleParty>
        <gmd:individualName gco:nilReason="missing">
          <gco:CharacterString />
        </gmd:individualName>
        <gmd:organisationName>
          <gco:CharacterString>Ministerie van Defensie, Koninklijke Marine, Dienst der Hydrografie</gco:CharacterString>
        </gmd:organisationName>
        <gmd:positionName>
          <gco:CharacterString>Hoofd Gegevens Beheer</gco:CharacterString>
        </gmd:positionName>
        <gmd:contactInfo>
          <gmd:CI_Contact>
            <gmd:phone>
              <gmd:CI_Telephone>
                <gmd:voice gco:nilReason="missing">
                  <gco:CharacterString />
                </gmd:voice>
                <gmd:facsimile gco:nilReason="missing">
                  <gco:CharacterString />
                </gmd:facsimile>
              </gmd:CI_Telephone>
            </gmd:phone>
            <gmd:address>
              <gmd:CI_Address>
                <gmd:deliveryPoint gco:nilReason="missing">
                  <gco:CharacterString />
                </gmd:deliveryPoint>
                <gmd:city gco:nilReason="missing">
                  <gco:CharacterString />
                </gmd:city>
                <gmd:administrativeArea gco:nilReason="missing">
                  <gco:CharacterString />
                </gmd:administrativeArea>
                <gmd:postalCode gco:nilReason="missing">
                  <gco:CharacterString />
                </gmd:postalCode>
                <gmd:country gco:nilReason="missing">
                  <gco:CharacterString />
                </gmd:country>
                <gmd:electronicMailAddress>
                  <gco:CharacterString>data@hydro.nl</gco:CharacterString>
                </gmd:electronicMailAddress>
              </gmd:CI_Address>
            </gmd:address>
            <gmd:onlineResource>
              <gmd:CI_OnlineResource>
                <gmd:linkage>
                  <gmd:URL>www.hydro.nl</gmd:URL>
                </gmd:linkage>
              </gmd:CI_OnlineResource>
            </gmd:onlineResource>
          </gmd:CI_Contact>
        </gmd:contactInfo>
        <gmd:role>
          <gmd:CI_RoleCode codeListValue="pointOfContact" codeList="http://standards.iso.org/ittf/PubliclyAvailableStandards/ISO_19139_Schemas/resources/codelist/ML_gmxCodelists.xml#CI_RoleCode">contactpunt</gmd:CI_RoleCode>
        </gmd:role>
      </gmd:CI_ResponsibleParty>
    </gmd:contact>
    <gmd:dateStamp>
      <gco:Date>2019-12-13</gco:Date>
    </gmd:dateStamp>
    <gmd:metadataStandardName>
      <gco:CharacterString>ISO 19115</gco:CharacterString>
    </gmd:metadataStandardName>
    <gmd:metadataStandardVersion>
      <gco:CharacterString>Nederlands metadata profiel op ISO 19115 voor geografie 2.0</gco:CharacterString>
    </gmd:metadataStandardVersion>
    <gmd:referenceSystemInfo>
      <gmd:MD_ReferenceSystem>
        <gmd:referenceSystemIdentifier>
          <gmd:RS_Identifier>
            <gmd:code>
              <gmx:Anchor xmlns:xlink="http://www.w3.org/1999/xlink" xlink:href="http://www.opengis.net/def/crs/EPSG/0/https://www.opengis.net/def/crs/EPSG/0/4258">https://www.opengis.net/def/crs/EPSG/0/4258</gmx:Anchor>
            </gmd:code>
          </gmd:RS_Identifier>
        </gmd:referenceSystemIdentifier>
      </gmd:MD_ReferenceSystem>
    </gmd:referenceSystemInfo>
    <gmd:identificationInfo>
      <gmd:MD_DataIdentification>
        <gmd:citation>
          <gmd:CI_Citation>
            <gmd:title>
              <gco:CharacterString>Blokindeling Nederlands Continentaal Plat</gco:CharacterString>
            </gmd:title>
            <gmd:date>
              <gmd:CI_Date>
                <gmd:date>
                  <gco:Date>2009-03-13</gco:Date>
                </gmd:date>
                <gmd:dateType>
                  <gmd:CI_DateTypeCode codeListValue="creation" codeList="http://standards.iso.org/ittf/PubliclyAvailableStandards/ISO_19139_Schemas/resources/codelist/ML_gmxCodelists.xml#CI_DateTypeCode">creatie</gmd:CI_DateTypeCode>
                </gmd:dateType>
              </gmd:CI_Date>
            </gmd:date>
            <gmd:identifier>
              <gmd:MD_Identifier>
                <gmd:code>
                  <gmx:Anchor xmlns:xlink="http://www.w3.org/1999/xlink" xlink:href="https://www.nationaalgeoregister.nl/geonetwork/srv/api/recordsc2225e5d-b46f-4e38-8445-ab10fd40c0dc">c2225e5d-b46f-4e38-8445-ab10fd40c0dc</gmx:Anchor>
                </gmd:code>
              </gmd:MD_Identifier>
            </gmd:identifier>
          </gmd:CI_Citation>
        </gmd:citation>
        <gmd:abstract>
          <gco:CharacterString>Blokindeling van het Nederlands Continentaal Plat volgens de Mijnbouwwet</gco:CharacterString>
        </gmd:abstract>
        <gmd:purpose gco:nilReason="missing">
          <gco:CharacterString />
        </gmd:purpose>
        <gmd:status>
          <gmd:MD_ProgressCode codeListValue="onGoing" codeList="http://standards.iso.org/ittf/PubliclyAvailableStandards/ISO_19139_Schemas/resources/codelist/ML_gmxCodelists.xml#MD_ProgressCode">continu geactualiseerd</gmd:MD_ProgressCode>
        </gmd:status>
        <gmd:pointOfContact>
          <gmd:CI_ResponsibleParty>
            <gmd:individualName gco:nilReason="missing">
              <gco:CharacterString />
            </gmd:individualName>
            <gmd:organisationName>
              <gco:CharacterString>Ministerie van Defensie, Koninklijke Marine, Dienst der Hydrografie</gco:CharacterString>
            </gmd:organisationName>
            <gmd:positionName>
              <gco:CharacterString>Hoofd Gegevens Beheer</gco:CharacterString>
            </gmd:positionName>
            <gmd:contactInfo>
              <gmd:CI_Contact>
                <gmd:phone>
                  <gmd:CI_Telephone>
                    <gmd:voice gco:nilReason="missing">
                      <gco:CharacterString />
                    </gmd:voice>
                    <gmd:facsimile gco:nilReason="missing">
                      <gco:CharacterString />
                    </gmd:facsimile>
                  </gmd:CI_Telephone>
                </gmd:phone>
                <gmd:address>
                  <gmd:CI_Address>
                    <gmd:deliveryPoint gco:nilReason="missing">
                      <gco:CharacterString />
                    </gmd:deliveryPoint>
                    <gmd:city gco:nilReason="missing">
                      <gco:CharacterString />
                    </gmd:city>
                    <gmd:administrativeArea gco:nilReason="missing">
                      <gco:CharacterString />
                    </gmd:administrativeArea>
                    <gmd:postalCode gco:nilReason="missing">
                      <gco:CharacterString />
                    </gmd:postalCode>
                    <gmd:country gco:nilReason="missing">
                      <gco:CharacterString />
                    </gmd:country>
                    <gmd:electronicMailAddress>
                      <gco:CharacterString>data@hydro.nl</gco:CharacterString>
                    </gmd:electronicMailAddress>
                  </gmd:CI_Address>
                </gmd:address>
                <gmd:onlineResource>
                  <gmd:CI_OnlineResource>
                    <gmd:linkage>
                      <gmd:URL>www.hydro.nl</gmd:URL>
                    </gmd:linkage>
                  </gmd:CI_OnlineResource>
                </gmd:onlineResource>
              </gmd:CI_Contact>
            </gmd:contactInfo>
            <gmd:role>
              <gmd:CI_RoleCode codeListValue="pointOfContact" codeList="http://standards.iso.org/ittf/PubliclyAvailableStandards/ISO_19139_Schemas/resources/codelist/ML_gmxCodelists.xml#CI_RoleCode">contactpunt</gmd:CI_RoleCode>
            </gmd:role>
          </gmd:CI_ResponsibleParty>
        </gmd:pointOfContact>
        <gmd:resourceMaintenance>
          <gmd:MD_MaintenanceInformation>
            <gmd:maintenanceAndUpdateFrequency>
              <gmd:MD_MaintenanceFrequencyCode codeList="http://standards.iso.org/ittf/PubliclyAvailableStandards/ISO_19139_Schemas/resources/codelist/ML_gmxCodelists.xml#MD_MaintenanceFrequencyCode" codeListValue="asNeeded">indien nodig</gmd:MD_MaintenanceFrequencyCode>
            </gmd:maintenanceAndUpdateFrequency>
            <gmd:dateOfNextUpdate>
              <gco:Date>2020</gco:Date>
            </gmd:dateOfNextUpdate>
          </gmd:MD_MaintenanceInformation>
        </gmd:resourceMaintenance>
        <gmd:descriptiveKeywords>
          <gmd:MD_Keywords>
            <gmd:keyword>
              <gmx:Anchor xmlns:xlink="http://www.w3.org/1999/xlink" xlink:href="http://www.eionet.europa.eu/gemet/nl/inspire-theme/am">Gebiedsbeheer, gebieden waar beperkingen gelden, gereguleerde gebieden en rapportage-eenheden</gmx:Anchor>
            </gmd:keyword>
            <gmd:type>
              <gmd:MD_KeywordTypeCode codeList="http://standards.iso.org/ittf/PubliclyAvailableStandards/ISO_19139_Schemas/resources/codelist/ML_gmxCodelists.xml#MD_KeywordTypeCode" codeListValue="theme">theme</gmd:MD_KeywordTypeCode>
            </gmd:type>
            <gmd:thesaurusName>
              <gmd:CI_Citation>
                <gmd:title>
                  <gmx:Anchor xmlns:xlink="http://www.w3.org/1999/xlink" xlink:href="http://www.eionet.europa.eu/gemet/inspire_themes">GEMET - INSPIRE themes, version 1.0</gmx:Anchor>
                </gmd:title>
                <gmd:date>
                  <gmd:CI_Date>
                    <gmd:date>
                      <gco:Date>2008-06-01</gco:Date>
                    </gmd:date>
                    <gmd:dateType>
                      <gmd:CI_DateTypeCode codeList="http://standards.iso.org/ittf/PubliclyAvailableStandards/ISO_19139_Schemas/resources/codelist/ML_gmxCodelists.xml#CI_DateTypeCode" codeListValue="publication">publicatie</gmd:CI_DateTypeCode>
                    </gmd:dateType>
                  </gmd:CI_Date>
                </gmd:date>
                <gmd:identifier>
                  <gmd:MD_Identifier>
                    <gmd:code>
                      <gmx:Anchor xmlns:xlink="http://www.w3.org/1999/xlink" xlink:href="https://www.nationaalgeoregister.nl:443/geonetwork/srv/eng/thesaurus.download?ref=external.theme.httpinspireeceuropaeutheme-theme">geonetwork.thesaurus.external.theme.httpinspireeceuropaeutheme-theme</gmx:Anchor>
                    </gmd:code>
                  </gmd:MD_Identifier>
                </gmd:identifier>
              </gmd:CI_Citation>
            </gmd:thesaurusName>
          </gmd:MD_Keywords>
        </gmd:descriptiveKeywords>
        <gmd:descriptiveKeywords>
          <gmd:MD_Keywords>
            <gmd:keyword>
              <gco:CharacterString>Blokindeling van het Nederlands Continentaal Plat</gco:CharacterString>
            </gmd:keyword>
            <gmd:keyword>
              <gco:CharacterString>Mijnbouwwet</gco:CharacterString>
            </gmd:keyword>
          </gmd:MD_Keywords>
        </gmd:descriptiveKeywords>
        <gmd:descriptiveKeywords>
          <gmd:MD_Keywords>
            <gmd:keyword>
              <gmx:Anchor xmlns:xlink="http://www.w3.org/1999/xlink" xlink:href="http://inspire.ec.europa.eu/metadata-codelist/SpatialScope/national">Nationaal</gmx:Anchor>
            </gmd:keyword>
            <gmd:type>
              <gmd:MD_KeywordTypeCode codeList="http://standards.iso.org/ittf/PubliclyAvailableStandards/ISO_19139_Schemas/resources/codelist/ML_gmxCodelists.xml#MD_KeywordTypeCode" codeListValue="theme">theme</gmd:MD_KeywordTypeCode>
            </gmd:type>
            <gmd:thesaurusName>
              <gmd:CI_Citation>
                <gmd:title>
                  <gmx:Anchor xmlns:xlink="http://www.w3.org/1999/xlink" xlink:href="http://inspire.ec.europa.eu/metadata-codelist/SpatialScope">Ruimtelijke dekking</gmx:Anchor>
                </gmd:title>
                <gmd:date>
                  <gmd:CI_Date>
                    <gmd:date>
                      <gco:Date>2018-04-04</gco:Date>
                    </gmd:date>
                    <gmd:dateType>
                      <gmd:CI_DateTypeCode codeList="http://standards.iso.org/ittf/PubliclyAvailableStandards/ISO_19139_Schemas/resources/codelist/ML_gmxCodelists.xml#CI_DateTypeCode" codeListValue="publication">publicatie</gmd:CI_DateTypeCode>
                    </gmd:dateType>
                  </gmd:CI_Date>
                </gmd:date>
                <gmd:identifier>
                  <gmd:MD_Identifier>
                    <gmd:code>
                      <gmx:Anchor xmlns:xlink="http://www.w3.org/1999/xlink" xlink:href="https://www.nationaalgeoregister.nl:443/geonetwork/srv/eng/thesaurus.download?ref=external.theme.httpinspireeceuropaeumetadatacodelistSpatialScope-SpatialScope">geonetwork.thesaurus.external.theme.httpinspireeceuropaeumetadatacodelistSpatialScope-SpatialScope</gmx:Anchor>
                    </gmd:code>
                  </gmd:MD_Identifier>
                </gmd:identifier>
              </gmd:CI_Citation>
            </gmd:thesaurusName>
          </gmd:MD_Keywords>
        </gmd:descriptiveKeywords>
        <gmd:resourceSpecificUsage>
          <gmd:MD_Usage>
            <gmd:specificUsage gco:nilReason="missing">
              <gco:CharacterString />
            </gmd:specificUsage>
            <gmd:userContactInfo />
          </gmd:MD_Usage>
        </gmd:resourceSpecificUsage>
        <gmd:resourceConstraints>
          <gmd:MD_Constraints>
            <gmd:useLimitation>
              <gco:CharacterString>De verstrekte gegevens mogen niet gebruikt worden als middel om mee te navigeren, aangezien zij op zichzelf staan en niet bijgewerkt zijn conform de Berichten aan Zeevarenden.</gco:CharacterString>
            </gmd:useLimitation>
            <gmd:useLimitation>
              <gco:CharacterString>De Dienst der Hydrografie behoudt zich het recht voor haar Morele rechten (art. 6 bis Conventie van Bern) uit te oefenen op het gereproduceerde materiaal, waarin de verstrekte gegevens verwerkt zijn.</gco:CharacterString>
            </gmd:useLimitation>
          </gmd:MD_Constraints>
        </gmd:resourceConstraints>
        <gmd:resourceConstraints>
          <gmd:MD_LegalConstraints>
            <gmd:accessConstraints>
              <gmd:MD_RestrictionCode codeListValue="otherRestrictions" codeList="http://standards.iso.org/ittf/PubliclyAvailableStandards/ISO_19139_Schemas/resources/codelist/ML_gmxCodelists.xml#MD_RestrictionCode">anders</gmd:MD_RestrictionCode>
            </gmd:accessConstraints>
            <gmd:otherConstraints>
              <gmx:Anchor xmlns:xlink="http://www.w3.org/1999/xlink" xlink:href="http://creativecommons.org/publicdomain/mark/1.0/deed.nl">Geen beperkingen</gmx:Anchor>
            </gmd:otherConstraints>
            <gmd:otherConstraints>
              <gmx:Anchor xmlns:xlink="http://www.w3.org/1999/xlink" xlink:href="http://inspire.ec.europa.eu/metadata-codelist/ConditionsApplyingToAccessAndUse/noConditionsApply">Er zijn geen condities voor toegang en gebruik</gmx:Anchor>
            </gmd:otherConstraints>
          </gmd:MD_LegalConstraints>
        </gmd:resourceConstraints>
        <gmd:resourceConstraints>
          <gmd:MD_LegalConstraints>
            <gmd:accessConstraints>
              <gmd:MD_RestrictionCode codeListValue="otherRestrictions" codeList="http://standards.iso.org/ittf/PubliclyAvailableStandards/ISO_19139_Schemas/resources/codelist/ML_gmxCodelists.xml#MD_RestrictionCode">anders</gmd:MD_RestrictionCode>
            </gmd:accessConstraints>
            <gmd:otherConstraints>
              <gmx:Anchor xmlns:xlink="http://www.w3.org/1999/xlink" xlink:href="http://inspire.ec.europa.eu/metadata-codelist/LimitationsOnPublicAccess/noLimitations">Geen beperkingen voor publieke toegang</gmx:Anchor>
            </gmd:otherConstraints>
          </gmd:MD_LegalConstraints>
        </gmd:resourceConstraints>
        <gmd:aggregationInfo>
          <gmd:MD_AggregateInformation>
            <gmd:aggregateDataSetName>
              <gmd:CI_Citation>
                <gmd:title />
                <gmd:date />
              </gmd:CI_Citation>
            </gmd:aggregateDataSetName>
            <gmd:associationType />
          </gmd:MD_AggregateInformation>
        </gmd:aggregationInfo>
        <gmd:spatialRepresentationType>
          <gmd:MD_SpatialRepresentationTypeCode codeListValue="vector" codeList="http://standards.iso.org/ittf/PubliclyAvailableStandards/ISO_19139_Schemas/resources/codelist/ML_gmxCodelists.xml#MD_SpatialRepresentationTypeCode">vector</gmd:MD_SpatialRepresentationTypeCode>
        </gmd:spatialRepresentationType>
        <gmd:spatialResolution>
          <gmd:MD_Resolution>
            <gmd:equivalentScale>
              <gmd:MD_RepresentativeFraction>
                <gmd:denominator>
                  <gco:Integer>50000</gco:Integer>
                </gmd:denominator>
              </gmd:MD_RepresentativeFraction>
            </gmd:equivalentScale>
          </gmd:MD_Resolution>
        </gmd:spatialResolution>
        <gmd:language>
          <gmd:LanguageCode codeList="http://www.loc.gov/standards/iso639-2/" codeListValue="dut">Nederlands; Vlaams</gmd:LanguageCode>
        </gmd:language>
        <gmd:characterSet>
          <gmd:MD_CharacterSetCode codeList="http://standards.iso.org/ittf/PubliclyAvailableStandards/ISO_19139_Schemas/resources/codelist/ML_gmxCodelists.xml#MD_CharacterSetCode" codeListValue="utf8">utf8</gmd:MD_CharacterSetCode>
        </gmd:characterSet>
        <gmd:topicCategory>
          <gmd:MD_TopicCategoryCode>oceans</gmd:MD_TopicCategoryCode>
        </gmd:topicCategory>
        <gmd:extent>
          <gmd:EX_Extent>
            <gmd:description>
              <gco:CharacterString>Noordzee</gco:CharacterString>
            </gmd:description>
            <gmd:geographicElement>
              <gmd:EX_GeographicBoundingBox>
                <gmd:westBoundLongitude>
                  <gco:Decimal>2</gco:Decimal>
                </gmd:westBoundLongitude>
                <gmd:eastBoundLongitude>
                  <gco:Decimal>7.5</gco:Decimal>
                </gmd:eastBoundLongitude>
                <gmd:southBoundLatitude>
                  <gco:Decimal>51</gco:Decimal>
                </gmd:southBoundLatitude>
                <gmd:northBoundLatitude>
                  <gco:Decimal>56</gco:Decimal>
                </gmd:northBoundLatitude>
              </gmd:EX_GeographicBoundingBox>
            </gmd:geographicElement>
          </gmd:EX_Extent>
        </gmd:extent>
      </gmd:MD_DataIdentification>
    </gmd:identificationInfo>
    <gmd:distributionInfo>
      <gmd:MD_Distribution>
        <gmd:distributionFormat xmlns:xlink="http://www.w3.org/1999/xlink">
          <gmd:MD_Format>
            <gmd:name>
              <gmx:Anchor xlink:href="http://www.iana.org/assignments/media-types/application/gml+xml">gml+xml</gmx:Anchor>
            </gmd:name>
            <gmd:version>
              <gco:CharacterString>GML 3.2.1</gco:CharacterString>
            </gmd:version>
            <gmd:specification>
              <gco:CharacterString>specificatie hydrografie</gco:CharacterString>
            </gmd:specification>
          </gmd:MD_Format>
        </gmd:distributionFormat>
        <gmd:distributor>
          <gmd:MD_Distributor>
            <gmd:distributorContact>
              <gmd:CI_ResponsibleParty>
                <gmd:individualName gco:nilReason="missing">
                  <gco:CharacterString />
                </gmd:individualName>
                <gmd:organisationName>
                  <gco:CharacterString>Ministerie van Defensie, Koninklijke Marine, Dienst der Hydrografie</gco:CharacterString>
                </gmd:organisationName>
                <gmd:positionName>
                  <gco:CharacterString>Hoofd Gegevens Beheer</gco:CharacterString>
                </gmd:positionName>
                <gmd:contactInfo>
                  <gmd:CI_Contact>
                    <gmd:phone>
                      <gmd:CI_Telephone>
                        <gmd:voice gco:nilReason="missing">
                          <gco:CharacterString />
                        </gmd:voice>
                        <gmd:facsimile gco:nilReason="missing">
                          <gco:CharacterString />
                        </gmd:facsimile>
                      </gmd:CI_Telephone>
                    </gmd:phone>
                    <gmd:address>
                      <gmd:CI_Address>
                        <gmd:deliveryPoint gco:nilReason="missing">
                          <gco:CharacterString />
                        </gmd:deliveryPoint>
                        <gmd:city gco:nilReason="missing">
                          <gco:CharacterString />
                        </gmd:city>
                        <gmd:administrativeArea gco:nilReason="missing">
                          <gco:CharacterString />
                        </gmd:administrativeArea>
                        <gmd:postalCode gco:nilReason="missing">
                          <gco:CharacterString />
                        </gmd:postalCode>
                        <gmd:country gco:nilReason="missing">
                          <gco:CharacterString />
                        </gmd:country>
                        <gmd:electronicMailAddress>
                          <gco:CharacterString>data@hydro.nl</gco:CharacterString>
                        </gmd:electronicMailAddress>
                      </gmd:CI_Address>
                    </gmd:address>
                    <gmd:onlineResource>
                      <gmd:CI_OnlineResource>
                        <gmd:linkage>
                          <gmd:URL>www.hydro.nl</gmd:URL>
                        </gmd:linkage>
                      </gmd:CI_OnlineResource>
                    </gmd:onlineResource>
                  </gmd:CI_Contact>
                </gmd:contactInfo>
                <gmd:role>
                  <gmd:CI_RoleCode codeList="http://standards.iso.org/ittf/PubliclyAvailableStandards/ISO_19139_Schemas/resources/codelist/ML_gmxCodelists.xml#CI_RoleCode" codeListValue="distributor">distributeur</gmd:CI_RoleCode>
                </gmd:role>
              </gmd:CI_ResponsibleParty>
            </gmd:distributorContact>
          </gmd:MD_Distributor>
        </gmd:distributor>
        <gmd:transferOptions>
          <gmd:MD_DigitalTransferOptions>
            <gmd:onLine xmlns:xlink="http://www.w3.org/1999/xlink" xmlns:java="java:org.fao.geonet.util.XslUtil">
              <gmd:CI_OnlineResource>
                <gmd:linkage>
                  <gmd:URL>https://inspire.caris.nl/server/services/ows/view/map/ncp-blokindeling_IVS?request=GetCapabilities</gmd:URL>
                </gmd:linkage>
                <gmd:protocol>
                  <gmx:Anchor xlink:href="http://www.opengis.net/def/serviceType/ogc/wms">OGC:WMS</gmx:Anchor>
                </gmd:protocol>
                <gmd:applicationProfile>
                  <gmx:Anchor xlink:href="http://inspire.ec.europa.eu/metadata-codelist/SpatialDataServiceType/view">Raadpleegdienst</gmx:Anchor>
                </gmd:applicationProfile>
                <gmd:name>
                  <gco:CharacterString>NCP_blocks.AM.ProspectingAndMiningArea.ContinentalShelf</gco:CharacterString>
                </gmd:name>
                <gmd:description>
                  <gmx:Anchor xlink:href="http://inspire.ec.europa.eu/metadata-codelist/OnLineDescriptionCode/accessPoint">accessPoint</gmx:Anchor>
                </gmd:description>
              </gmd:CI_OnlineResource>
            </gmd:onLine>
            <gmd:onLine xmlns:xlink="http://www.w3.org/1999/xlink" xmlns:java="java:org.fao.geonet.util.XslUtil">
              <gmd:CI_OnlineResource>
                <gmd:linkage>
                  <gmd:URL>https://inspire.caris.nl/server/services/ows/download/feature/ncp-blokindeling_IDS?request=GetCapabilities</gmd:URL>
                </gmd:linkage>
                <gmd:protocol>
                  <gmx:Anchor xlink:href="http://www.opengis.net/def/serviceType/ogc/wfs">OGC:WFS</gmx:Anchor>
                </gmd:protocol>
                <gmd:applicationProfile>
                  <gmx:Anchor xlink:href="http://inspire.ec.europa.eu/metadata-codelist/SpatialDataServiceType/download">Downloaddienst</gmx:Anchor>
                </gmd:applicationProfile>
                <gmd:name>
                  <gco:CharacterString>naam van de layer in de W*S</gco:CharacterString>
                </gmd:name>
                <gmd:description>
                  <gmx:Anchor xlink:href="http://inspire.ec.europa.eu/metadata-codelist/OnLineDescriptionCode/accessPoint">accessPoint</gmx:Anchor>
                </gmd:description>
              </gmd:CI_OnlineResource>
            </gmd:onLine>
            <gmd:offLine>
              <gmd:MD_Medium>
                <gmd:name>
                  <gmd:MD_MediumNameCode codeList="http://standards.iso.org/ittf/PubliclyAvailableStandards/ISO_19139_Schemas/resources/codelist/ML_gmxCodelists.xml#MD_MediumNameCode" codeListValue="dvd">dvd</gmd:MD_MediumNameCode>
                </gmd:name>
              </gmd:MD_Medium>
            </gmd:offLine>
          </gmd:MD_DigitalTransferOptions>
        </gmd:transferOptions>
      </gmd:MD_Distribution>
    </gmd:distributionInfo>
    <gmd:dataQualityInfo>
      <gmd:DQ_DataQuality>
        <gmd:scope>
          <gmd:DQ_Scope>
            <gmd:level>
              <gmd:MD_ScopeCode codeListValue="dataset" codeList="http://standards.iso.org/ittf/PubliclyAvailableStandards/ISO_19139_Schemas/resources/codelist/ML_gmxCodelists.xml#MD_ScopeCode">dataset</gmd:MD_ScopeCode>
            </gmd:level>
          </gmd:DQ_Scope>
        </gmd:scope>
        <gmd:report>
          <gmd:DQ_DomainConsistency>
            <gmd:result>
              <gmd:DQ_ConformanceResult>
                <gmd:specification>
                  <gmd:CI_Citation>
                    <gmd:title>
                      <gco:CharacterString>VERORDENING (EU) Nr. 1089/2010 VAN DE COMMISSIE van 23 november 2010 ter uitvoering van Richtlijn 2007/2/EG van het Europees Parlement en de Raad betreffende de interoperabiliteit van verzamelingen ruimtelijke gegevens en van diensten met betrekking tot ruimtelijke gegevens</gco:CharacterString>
                    </gmd:title>
                    <gmd:date>
                      <gmd:CI_Date>
                        <gmd:date>
                          <gco:Date>2010-12-08</gco:Date>
                        </gmd:date>
                        <gmd:dateType>
                          <gmd:CI_DateTypeCode codeList="http://standards.iso.org/ittf/PubliclyAvailableStandards/ISO_19139_Schemas/resources/codelist/ML_gmxCodelists.xml#CI_DateTypeCode" codeListValue="publication">publicatie</gmd:CI_DateTypeCode>
                        </gmd:dateType>
                      </gmd:CI_Date>
                    </gmd:date>
                  </gmd:CI_Citation>
                </gmd:specification>
                <gmd:explanation>
                  <gco:CharacterString>Dataset is niet geharmoniseerd</gco:CharacterString>
                </gmd:explanation>
                <gmd:pass>
                  <gco:Boolean>false</gco:Boolean>
                </gmd:pass>
              </gmd:DQ_ConformanceResult>
            </gmd:result>
          </gmd:DQ_DomainConsistency>
        </gmd:report>
        <gmd:lineage>
          <gmd:LI_Lineage>
            <gmd:statement>
              <gco:CharacterString>Ministerie van Defensie, Koninklijke Marine, Dienst der Hydrografie</gco:CharacterString>
            </gmd:statement>
            <gmd:source>
              <gmd:LI_Source />
            </gmd:source>
          </gmd:LI_Lineage>
        </gmd:lineage>
      </gmd:DQ_DataQuality>
    </gmd:dataQualityInfo>
  </gmd:MD_Metadata>
</csw:GetRecordByIdResponse>



15:22:35.010 [ForkJoinPool-1-worker-5] DEBUG com.intuit.karate - response time in milliseconds: 686.80
1 < 200
1 < Cache-Control: no-cache
1 < Connection: Keep-Alive
1 < Content-Type: application/xml;charset=UTF-8
1 < Date: Fri, 25 Sep 2020 15:22:34 GMT
1 < Expires: -1
1 < Keep-Alive: timeout=5, max=100
1 < Pragma: no-cache
1 < Server: Apache
1 < Set-Cookie: JSESSIONID=8402347E82E6002F4B1DA731A8E91FA9; Path=/geonetwork; HttpOnly
1 < Transfer-Encoding: chunked
1 < Vary: Accept-Encoding
<?xml version="1.0" encoding="UTF-8"?>
<csw:GetRecordByIdResponse xmlns:csw="http://www.opengis.net/cat/csw/2.0.2">
  <gmd:MD_Metadata xmlns:gmd="http://www.isotc211.org/2005/gmd" xmlns:gco="http://www.isotc211.org/2005/gco" xmlns:gmx="http://www.isotc211.org/2005/gmx" xmlns:gml="http://www.opengis.net/gml" xmlns:xsi="http://www.w3.org/2001/XMLSchema-instance" xmlns:xlink="http://www.w3.org/1999/xlink" xmlns:gts="http://www.isotc211.org/2005/gts" xmlns:geonet="http://www.fao.org/geonetwork" xsi:schemaLocation="http://www.isotc211.org/2005/gmd http://schemas.opengis.net/iso/19139/20060504/gmd/gmd.xsd http://www.isotc211.org/2005/gmx http://schemas.opengis.net/iso/19139/20060504/gmx/gmx.xsd">
    <gmd:fileIdentifier>
      <gco:CharacterString>9d9f1738-aced-47c9-aaa0-c62474a2dcfb</gco:CharacterString>
    </gmd:fileIdentifier>
    <gmd:language>
      <gmd:LanguageCode codeList="http://www.loc.gov/standards/iso639-2/" codeListValue="dut">Nederlands; Vlaams</gmd:LanguageCode>
    </gmd:language>
    <gmd:characterSet>
      <gmd:MD_CharacterSetCode codeListValue="utf8" codeList="http://standards.iso.org/ittf/PubliclyAvailableStandards/ISO_19139_Schemas/resources/codelist/ML_gmxCodelists.xml#MD_CharacterSetCode">utf8</gmd:MD_CharacterSetCode>
    </gmd:characterSet>
    <gmd:hierarchyLevel>
      <gmd:MD_ScopeCode codeList="http://standards.iso.org/ittf/PubliclyAvailableStandards/ISO_19139_Schemas/resources/codelist/ML_gmxCodelists.xml#MD_ScopeCode" codeListValue="dataset">dataset</gmd:MD_ScopeCode>
    </gmd:hierarchyLevel>
    <gmd:contact>
      <gmd:CI_ResponsibleParty>
        <gmd:individualName>
          <gco:CharacterString>Materiebeleid GVA, afdeling PPB</gco:CharacterString>
        </gmd:individualName>
        <gmd:organisationName>
          <gco:CharacterString>Kadaster</gco:CharacterString>
        </gmd:organisationName>
        <gmd:positionName>
          <gco:CharacterString>algemeen contactpunt metadata</gco:CharacterString>
        </gmd:positionName>
        <gmd:contactInfo>
          <gmd:CI_Contact>
            <gmd:phone>
              <gmd:CI_Telephone>
                <gmd:voice gco:nilReason="missing">
                  <gco:CharacterString />
                </gmd:voice>
                <gmd:facsimile gco:nilReason="missing">
                  <gco:CharacterString />
                </gmd:facsimile>
              </gmd:CI_Telephone>
            </gmd:phone>
            <gmd:address>
              <gmd:CI_Address>
                <gmd:deliveryPoint>
                  <gco:CharacterString>Hofstraat 110</gco:CharacterString>
                </gmd:deliveryPoint>
                <gmd:city>
                  <gco:CharacterString>Apeldoorn</gco:CharacterString>
                </gmd:city>
                <gmd:administrativeArea>
                  <gco:CharacterString>Gelderland</gco:CharacterString>
                </gmd:administrativeArea>
                <gmd:postalCode>
                  <gco:CharacterString>7311 KZ</gco:CharacterString>
                </gmd:postalCode>
                <gmd:country>
                  <gco:CharacterString>Nederland</gco:CharacterString>
                </gmd:country>
                <gmd:electronicMailAddress>
                  <gco:CharacterString>PPB-GVA@kadaster.nl</gco:CharacterString>
                </gmd:electronicMailAddress>
              </gmd:CI_Address>
            </gmd:address>
            <gmd:onlineResource>
              <gmd:CI_OnlineResource>
                <gmd:linkage>
                  <gmd:URL>https://www.kadaster.nl</gmd:URL>
                </gmd:linkage>
              </gmd:CI_OnlineResource>
            </gmd:onlineResource>
          </gmd:CI_Contact>
        </gmd:contactInfo>
        <gmd:role>
          <gmd:CI_RoleCode codeListValue="pointOfContact" codeList="http://standards.iso.org/ittf/PubliclyAvailableStandards/ISO_19139_Schemas/resources/codelist/ML_gmxCodelists.xml#CI_RoleCode">contactpunt</gmd:CI_RoleCode>
        </gmd:role>
      </gmd:CI_ResponsibleParty>
    </gmd:contact>
    <gmd:dateStamp>
      <gco:Date>2020-08-26</gco:Date>
    </gmd:dateStamp>
    <gmd:metadataStandardName>
      <gco:CharacterString>ISO 19115</gco:CharacterString>
    </gmd:metadataStandardName>
    <gmd:metadataStandardVersion>
      <gco:CharacterString>Nederlands metadata profiel op ISO 19115 voor geografie 2.0</gco:CharacterString>
    </gmd:metadataStandardVersion>
    <gmd:referenceSystemInfo>
      <gmd:MD_ReferenceSystem>
        <gmd:referenceSystemIdentifier>
          <gmd:RS_Identifier>
            <gmd:code>
              <gmx:Anchor xlink:href="http://www.opengis.net/def/crs/EPSG/0/28992">28992</gmx:Anchor>
            </gmd:code>
          </gmd:RS_Identifier>
        </gmd:referenceSystemIdentifier>
      </gmd:MD_ReferenceSystem>
    </gmd:referenceSystemInfo>
    <gmd:referenceSystemInfo>
      <gmd:MD_ReferenceSystem>
        <gmd:referenceSystemIdentifier>
          <gmd:RS_Identifier>
            <gmd:code>
              <gmx:Anchor xlink:href="http://www.opengis.net/def/crs/EPSG/0/5709">5709</gmx:Anchor>
            </gmd:code>
          </gmd:RS_Identifier>
        </gmd:referenceSystemIdentifier>
      </gmd:MD_ReferenceSystem>
    </gmd:referenceSystemInfo>
    <gmd:identificationInfo>
      <gmd:MD_DataIdentification>
        <gmd:citation>
          <gmd:CI_Citation>
            <gmd:title>
              <gco:CharacterString>Zeegebieden</gco:CharacterString>
            </gmd:title>
            <gmd:alternateTitle>
              <gco:CharacterString>INSPIRE Zeegebieden</gco:CharacterString>
            </gmd:alternateTitle>
            <gmd:date>
              <gmd:CI_Date>
                <gmd:date>
                  <gco:Date>2020-09-01</gco:Date>
                </gmd:date>
                <gmd:dateType>
                  <gmd:CI_DateTypeCode codeListValue="publication" codeList="http://standards.iso.org/ittf/PubliclyAvailableStandards/ISO_19139_Schemas/resources/codelist/ML_gmxCodelists.xml#CI_DateTypeCode">publicatie</gmd:CI_DateTypeCode>
                </gmd:dateType>
              </gmd:CI_Date>
            </gmd:date>
            <gmd:identifier>
              <gmd:MD_Identifier>
                <gmd:code>
                  <gmx:Anchor xlink:href="http://kadaster/7c22107ea-5e31-4bbc-8e24-d15fe230062e">7c22107ea-5e31-4bbc-8e24-d15fe230062e</gmx:Anchor>
                </gmd:code>
              </gmd:MD_Identifier>
            </gmd:identifier>
          </gmd:CI_Citation>
        </gmd:citation>
        <gmd:abstract>
          <gco:CharacterString>INSPIRE Zeegebieden themalaag, gevuld met Informatie over de fysieke kenmerken van zee- en zoutwatergebieden, met een onderverdeling in regio's en sub-regio's met gelijke kenmerken. Gevuld met relevante objecten uit TOP10NL (onderdeel van de Basisregistratie Topografie (BRT)), geproduceerd en beheerd door het Kadaster.</gco:CharacterString>
        </gmd:abstract>
        <gmd:purpose>
          <gco:CharacterString>Uitwisseling van (gegevens over) Zeegebieden (in de Europese Unie).</gco:CharacterString>
        </gmd:purpose>
        <gmd:status>
          <gmd:MD_ProgressCode codeListValue="onGoing" codeList="http://standards.iso.org/ittf/PubliclyAvailableStandards/ISO_19139_Schemas/resources/codelist/ML_gmxCodelists.xml#MD_ProgressCode">continu geactualiseerd</gmd:MD_ProgressCode>
        </gmd:status>
        <gmd:pointOfContact>
          <gmd:CI_ResponsibleParty>
            <gmd:individualName>
              <gco:CharacterString>Klantcontactcenter</gco:CharacterString>
            </gmd:individualName>
            <gmd:organisationName>
              <gco:CharacterString>Kadaster</gco:CharacterString>
            </gmd:organisationName>
            <gmd:positionName>
              <gco:CharacterString>algemeen contactpunt</gco:CharacterString>
            </gmd:positionName>
            <gmd:contactInfo>
              <gmd:CI_Contact>
                <gmd:phone>
                  <gmd:CI_Telephone>
                    <gmd:voice>
                      <gco:CharacterString>+31 88-1832200</gco:CharacterString>
                    </gmd:voice>
                    <gmd:facsimile gco:nilReason="missing">
                      <gco:CharacterString />
                    </gmd:facsimile>
                  </gmd:CI_Telephone>
                </gmd:phone>
                <gmd:address>
                  <gmd:CI_Address>
                    <gmd:deliveryPoint>
                      <gco:CharacterString>Postbus 9046</gco:CharacterString>
                    </gmd:deliveryPoint>
                    <gmd:city>
                      <gco:CharacterString>Apeldoorn</gco:CharacterString>
                    </gmd:city>
                    <gmd:administrativeArea>
                      <gco:CharacterString>Gelderland</gco:CharacterString>
                    </gmd:administrativeArea>
                    <gmd:postalCode>
                      <gco:CharacterString>7300 GH</gco:CharacterString>
                    </gmd:postalCode>
                    <gmd:country>
                      <gco:CharacterString>Nederland</gco:CharacterString>
                    </gmd:country>
                    <gmd:electronicMailAddress>
                      <gco:CharacterString>kcc@kadaster.nl</gco:CharacterString>
                    </gmd:electronicMailAddress>
                  </gmd:CI_Address>
                </gmd:address>
                <gmd:onlineResource>
                  <gmd:CI_OnlineResource>
                    <gmd:linkage>
                      <gmd:URL>https://www.kadaster.nl</gmd:URL>
                    </gmd:linkage>
                  </gmd:CI_OnlineResource>
                </gmd:onlineResource>
              </gmd:CI_Contact>
            </gmd:contactInfo>
            <gmd:role>
              <gmd:CI_RoleCode codeListValue="pointOfContact" codeList="http://standards.iso.org/ittf/PubliclyAvailableStandards/ISO_19139_Schemas/resources/codelist/ML_gmxCodelists.xml#CI_RoleCode">contactpunt</gmd:CI_RoleCode>
            </gmd:role>
          </gmd:CI_ResponsibleParty>
        </gmd:pointOfContact>
        <gmd:resourceMaintenance>
          <gmd:MD_MaintenanceInformation>
            <gmd:maintenanceAndUpdateFrequency>
              <gmd:MD_MaintenanceFrequencyCode codeList="http://standards.iso.org/ittf/PubliclyAvailableStandards/ISO_19139_Schemas/resources/codelist/ML_gmxCodelists.xml#MD_MaintenanceFrequencyCode" codeListValue="annually">jaarlijks</gmd:MD_MaintenanceFrequencyCode>
            </gmd:maintenanceAndUpdateFrequency>
            <gmd:dateOfNextUpdate>
              <gco:Date>2020-11-01</gco:Date>
            </gmd:dateOfNextUpdate>
          </gmd:MD_MaintenanceInformation>
        </gmd:resourceMaintenance>
        <gmd:graphicOverview>
          <gmd:MD_BrowseGraphic>
            <gmd:fileName>
              <gco:CharacterString>https://github.com/kadaster/top10nl/raw/master/TOP10NL.JPG</gco:CharacterString>
            </gmd:fileName>
            <gmd:fileDescription>
              <gco:CharacterString>thumbnail</gco:CharacterString>
            </gmd:fileDescription>
            <gmd:fileType>
              <gco:CharacterString>jpg</gco:CharacterString>
            </gmd:fileType>
          </gmd:MD_BrowseGraphic>
        </gmd:graphicOverview>
        <gmd:descriptiveKeywords>
          <gmd:MD_Keywords>
            <gmd:keyword>
              <gmx:Anchor xlink:href="http://www.eionet.europa.eu/gemet/nl/inspire-theme/sr">Zeegebieden</gmx:Anchor>
            </gmd:keyword>
            <gmd:type>
              <gmd:MD_KeywordTypeCode codeList="http://standards.iso.org/ittf/PubliclyAvailableStandards/ISO_19139_Schemas/resources/codelist/ML_gmxCodelists.xml#MD_KeywordTypeCode" codeListValue="theme">theme</gmd:MD_KeywordTypeCode>
            </gmd:type>
            <gmd:thesaurusName>
              <gmd:CI_Citation>
                <gmd:title>
                  <gmx:Anchor xlink:href="http://www.eionet.europa.eu/gemet/inspire_themes">GEMET - INSPIRE themes, version 1.0</gmx:Anchor>
                </gmd:title>
                <gmd:date>
                  <gmd:CI_Date>
                    <gmd:date>
                      <gco:Date>2008-06-01</gco:Date>
                    </gmd:date>
                    <gmd:dateType>
                      <gmd:CI_DateTypeCode codeList="http://standards.iso.org/ittf/PubliclyAvailableStandards/ISO_19139_Schemas/resources/codelist/ML_gmxCodelists.xml#CI_DateTypeCode" codeListValue="publication">publicatie</gmd:CI_DateTypeCode>
                    </gmd:dateType>
                  </gmd:CI_Date>
                </gmd:date>
                <gmd:identifier>
                  <gmd:MD_Identifier>
                    <gmd:code>
                      <gmx:Anchor xlink:href="https://www.nationaalgeoregister.nl:443/geonetwork/srv/eng/thesaurus.download?ref=external.theme.httpinspireeceuropaeutheme-theme">geonetwork.thesaurus.external.theme.httpinspireeceuropaeutheme-theme</gmx:Anchor>
                    </gmd:code>
                  </gmd:MD_Identifier>
                </gmd:identifier>
              </gmd:CI_Citation>
            </gmd:thesaurusName>
          </gmd:MD_Keywords>
        </gmd:descriptiveKeywords>
        <gmd:descriptiveKeywords>
          <gmd:MD_Keywords>
            <gmd:keyword>
              <gco:CharacterString>kustgebied</gco:CharacterString>
            </gmd:keyword>
            <gmd:keyword>
              <gco:CharacterString>zee</gco:CharacterString>
            </gmd:keyword>
            <gmd:keyword>
              <gco:CharacterString>oceaan</gco:CharacterString>
            </gmd:keyword>
            <gmd:keyword>
              <gco:CharacterString>getijden</gco:CharacterString>
            </gmd:keyword>
          </gmd:MD_Keywords>
        </gmd:descriptiveKeywords>
        <gmd:descriptiveKeywords>
          <gmd:MD_Keywords>
            <gmd:keyword>
              <gmx:Anchor xlink:href="http://inspire.ec.europa.eu/metadata-codelist/SpatialScope/national">Nationaal</gmx:Anchor>
            </gmd:keyword>
            <gmd:type>
              <gmd:MD_KeywordTypeCode codeList="http://standards.iso.org/ittf/PubliclyAvailableStandards/ISO_19139_Schemas/resources/codelist/ML_gmxCodelists.xml#MD_KeywordTypeCode" codeListValue="theme">theme</gmd:MD_KeywordTypeCode>
            </gmd:type>
            <gmd:thesaurusName>
              <gmd:CI_Citation>
                <gmd:title>
                  <gmx:Anchor xlink:href="http://inspire.ec.europa.eu/metadata-codelist/SpatialScope">Ruimtelijke dekking</gmx:Anchor>
                </gmd:title>
                <gmd:date>
                  <gmd:CI_Date>
                    <gmd:date>
                      <gco:Date>2018-04-04</gco:Date>
                    </gmd:date>
                    <gmd:dateType>
                      <gmd:CI_DateTypeCode codeList="http://standards.iso.org/ittf/PubliclyAvailableStandards/ISO_19139_Schemas/resources/codelist/ML_gmxCodelists.xml#CI_DateTypeCode" codeListValue="publication">publicatie</gmd:CI_DateTypeCode>
                    </gmd:dateType>
                  </gmd:CI_Date>
                </gmd:date>
                <gmd:identifier>
                  <gmd:MD_Identifier>
                    <gmd:code>
                      <gmx:Anchor xlink:href="https://www.nationaalgeoregister.nl:443/geonetwork/srv/eng/thesaurus.download?ref=external.theme.httpinspireeceuropaeumetadatacodelistSpatialScope-SpatialScope">geonetwork.thesaurus.external.theme.httpinspireeceuropaeumetadatacodelistSpatialScope-SpatialScope</gmx:Anchor>
                    </gmd:code>
                  </gmd:MD_Identifier>
                </gmd:identifier>
              </gmd:CI_Citation>
            </gmd:thesaurusName>
          </gmd:MD_Keywords>
        </gmd:descriptiveKeywords>
        <gmd:resourceSpecificUsage>
          <gmd:MD_Usage>
            <gmd:specificUsage>
              <gco:CharacterString>Weergave, analyses, planningen op het gebied van hydrografie</gco:CharacterString>
            </gmd:specificUsage>
            <gmd:userContactInfo />
          </gmd:MD_Usage>
        </gmd:resourceSpecificUsage>
        <gmd:resourceConstraints>
          <gmd:MD_Constraints>
            <gmd:useLimitation>
              <gco:CharacterString>Geen gebruiksbeperkingen</gco:CharacterString>
            </gmd:useLimitation>
          </gmd:MD_Constraints>
        </gmd:resourceConstraints>
        <gmd:resourceConstraints>
          <gmd:MD_LegalConstraints>
            <gmd:accessConstraints>
              <gmd:MD_RestrictionCode codeListValue="otherRestrictions" codeList="http://standards.iso.org/ittf/PubliclyAvailableStandards/ISO_19139_Schemas/resources/codelist/ML_gmxCodelists.xml#MD_RestrictionCode">anders</gmd:MD_RestrictionCode>
            </gmd:accessConstraints>
            <gmd:otherConstraints>
              <gmx:Anchor xlink:href="http://creativecommons.org/publicdomain/mark/1.0/deed.nl">Geen beperkingen</gmx:Anchor>
            </gmd:otherConstraints>
            <gmd:otherConstraints>
              <gmx:Anchor xlink:href="http://inspire.ec.europa.eu/metadata-codelist/ConditionsApplyingToAccessAndUse/noConditionsApply">Er zijn geen condities voor toegang en gebruik</gmx:Anchor>
            </gmd:otherConstraints>
          </gmd:MD_LegalConstraints>
        </gmd:resourceConstraints>
        <gmd:resourceConstraints>
          <gmd:MD_LegalConstraints>
            <gmd:accessConstraints>
              <gmd:MD_RestrictionCode codeListValue="otherRestrictions" codeList="http://standards.iso.org/ittf/PubliclyAvailableStandards/ISO_19139_Schemas/resources/codelist/ML_gmxCodelists.xml#MD_RestrictionCode">anders</gmd:MD_RestrictionCode>
            </gmd:accessConstraints>
            <gmd:otherConstraints>
              <gmx:Anchor xlink:href="http://inspire.ec.europa.eu/metadata-codelist/LimitationsOnPublicAccess/noLimitations">Geen beperkingen voor publieke toegang</gmx:Anchor>
            </gmd:otherConstraints>
          </gmd:MD_LegalConstraints>
        </gmd:resourceConstraints>
        <gmd:resourceConstraints>
          <gmd:MD_SecurityConstraints>
            <gmd:classification>
              <gmd:MD_ClassificationCode codeList="http://standards.iso.org/ittf/PubliclyAvailableStandards/ISO_19139_Schemas/resources/codelist/ML_gmxCodelists.xml#MD_ClassificationCode" codeListValue="unclassified">vrij toegankelijk</gmd:MD_ClassificationCode>
            </gmd:classification>
          </gmd:MD_SecurityConstraints>
        </gmd:resourceConstraints>
        <gmd:aggregationInfo>
          <gmd:MD_AggregateInformation>
            <gmd:aggregateDataSetName>
              <gmd:CI_Citation>
                <gmd:title />
                <gmd:date />
              </gmd:CI_Citation>
            </gmd:aggregateDataSetName>
            <gmd:associationType />
          </gmd:MD_AggregateInformation>
        </gmd:aggregationInfo>
        <gmd:spatialRepresentationType>
          <gmd:MD_SpatialRepresentationTypeCode codeListValue="vector" codeList="http://standards.iso.org/ittf/PubliclyAvailableStandards/ISO_19139_Schemas/resources/codelist/ML_gmxCodelists.xml#MD_SpatialRepresentationTypeCode">vector</gmd:MD_SpatialRepresentationTypeCode>
        </gmd:spatialRepresentationType>
        <gmd:spatialResolution>
          <gmd:MD_Resolution>
            <gmd:equivalentScale>
              <gmd:MD_RepresentativeFraction>
                <gmd:denominator>
                  <gco:Integer>10000</gco:Integer>
                </gmd:denominator>
              </gmd:MD_RepresentativeFraction>
            </gmd:equivalentScale>
          </gmd:MD_Resolution>
        </gmd:spatialResolution>
        <gmd:language>
          <gco:CharacterString>dut</gco:CharacterString>
        </gmd:language>
        <gmd:characterSet>
          <gmd:MD_CharacterSetCode codeListValue="utf8" codeList="http://standards.iso.org/ittf/PubliclyAvailableStandards/ISO_19139_Schemas/resources/codelist/ML_gmxCodelists.xml#MD_CharacterSetCode">utf8</gmd:MD_CharacterSetCode>
        </gmd:characterSet>
        <gmd:topicCategory>
          <gmd:MD_TopicCategoryCode>oceans</gmd:MD_TopicCategoryCode>
        </gmd:topicCategory>
        <gmd:topicCategory>
          <gmd:MD_TopicCategoryCode>geoscientificInformation</gmd:MD_TopicCategoryCode>
        </gmd:topicCategory>
        <gmd:extent>
          <gmd:EX_Extent>
            <gmd:description>
              <gco:CharacterString>Nederland</gco:CharacterString>
            </gmd:description>
            <gmd:geographicElement>
              <gmd:EX_GeographicBoundingBox>
                <gmd:westBoundLongitude>
                  <gco:Decimal>3.3</gco:Decimal>
                </gmd:westBoundLongitude>
                <gmd:eastBoundLongitude>
                  <gco:Decimal>7.24</gco:Decimal>
                </gmd:eastBoundLongitude>
                <gmd:southBoundLatitude>
                  <gco:Decimal>50.73</gco:Decimal>
                </gmd:southBoundLatitude>
                <gmd:northBoundLatitude>
                  <gco:Decimal>53.6</gco:Decimal>
                </gmd:northBoundLatitude>
              </gmd:EX_GeographicBoundingBox>
            </gmd:geographicElement>
            <gmd:temporalElement>
              <gmd:EX_TemporalExtent>
                <gmd:extent>
                  <gml:TimePeriod gml:id="d409401e491a1056030">
                    <gml:beginPosition>1996-01-01</gml:beginPosition>
                    <gml:endPosition>2025-12-31</gml:endPosition>
                  </gml:TimePeriod>
                </gmd:extent>
              </gmd:EX_TemporalExtent>
            </gmd:temporalElement>
            <gmd:verticalElement>
              <gmd:EX_VerticalExtent>
                <gmd:minimumValue />
                <gmd:maximumValue />
                <gmd:verticalCRS>
                  <gml:VerticalCRS gml:id="d1406e550a1049886">
                    <gml:identifier codeSpace="" />
                    <gml:scope />
                    <gml:verticalCS />
                    <gml:verticalDatum />
                  </gml:VerticalCRS>
                </gmd:verticalCRS>
              </gmd:EX_VerticalExtent>
            </gmd:verticalElement>
          </gmd:EX_Extent>
        </gmd:extent>
        <gmd:supplementalInformation>
          <gco:CharacterString>https://www.kadaster.nl/</gco:CharacterString>
        </gmd:supplementalInformation>
      </gmd:MD_DataIdentification>
    </gmd:identificationInfo>
    <gmd:distributionInfo>
      <gmd:MD_Distribution>
        <gmd:distributionFormat>
          <gmd:MD_Format>
            <gmd:name>
              <gco:CharacterString>GML</gco:CharacterString>
            </gmd:name>
            <gmd:version>
              <gco:CharacterString>3.1</gco:CharacterString>
            </gmd:version>
            <gmd:specification>
              <gco:CharacterString>TOP10NL v1.2</gco:CharacterString>
            </gmd:specification>
          </gmd:MD_Format>
        </gmd:distributionFormat>
        <gmd:distributor>
          <gmd:MD_Distributor>
            <gmd:distributorContact>
              <gmd:CI_ResponsibleParty>
                <gmd:individualName>
                  <gco:CharacterString>Klantcontactcenter</gco:CharacterString>
                </gmd:individualName>
                <gmd:organisationName>
                  <gco:CharacterString>Kadaster</gco:CharacterString>
                </gmd:organisationName>
                <gmd:positionName>
                  <gco:CharacterString>algemeen contactpunt</gco:CharacterString>
                </gmd:positionName>
                <gmd:contactInfo>
                  <gmd:CI_Contact>
                    <gmd:phone>
                      <gmd:CI_Telephone>
                        <gmd:voice>
                          <gco:CharacterString>+31 88-1832200</gco:CharacterString>
                        </gmd:voice>
                        <gmd:facsimile gco:nilReason="missing">
                          <gco:CharacterString />
                        </gmd:facsimile>
                      </gmd:CI_Telephone>
                    </gmd:phone>
                    <gmd:address>
                      <gmd:CI_Address>
                        <gmd:deliveryPoint>
                          <gco:CharacterString>Postbus 9046</gco:CharacterString>
                        </gmd:deliveryPoint>
                        <gmd:city>
                          <gco:CharacterString>Apeldoorn</gco:CharacterString>
                        </gmd:city>
                        <gmd:administrativeArea>
                          <gco:CharacterString>Gelderland</gco:CharacterString>
                        </gmd:administrativeArea>
                        <gmd:postalCode>
                          <gco:CharacterString>7300 GH</gco:CharacterString>
                        </gmd:postalCode>
                        <gmd:country>
                          <gco:CharacterString>Nederland</gco:CharacterString>
                        </gmd:country>
                        <gmd:electronicMailAddress>
                          <gco:CharacterString>kcc@kadaster.nl</gco:CharacterString>
                        </gmd:electronicMailAddress>
                      </gmd:CI_Address>
                    </gmd:address>
                    <gmd:onlineResource>
                      <gmd:CI_OnlineResource>
                        <gmd:linkage>
                          <gmd:URL>https://www.kadaster.nl/top10nl</gmd:URL>
                        </gmd:linkage>
                      </gmd:CI_OnlineResource>
                    </gmd:onlineResource>
                  </gmd:CI_Contact>
                </gmd:contactInfo>
                <gmd:role>
                  <gmd:CI_RoleCode codeList="http://standards.iso.org/ittf/PubliclyAvailableStandards/ISO_19139_Schemas/resources/codelist/ML_gmxCodelists.xml#CI_RoleCode" codeListValue="pointOfContact">contactpunt</gmd:CI_RoleCode>
                </gmd:role>
              </gmd:CI_ResponsibleParty>
            </gmd:distributorContact>
          </gmd:MD_Distributor>
        </gmd:distributor>
        <gmd:transferOptions>
          <gmd:MD_DigitalTransferOptions>
            <gmd:onLine xmlns:java="java:org.fao.geonet.util.XslUtil" xmlns:xs="http://www.w3.org/2001/XMLSchema">
              <gmd:CI_OnlineResource>
                <gmd:linkage>
                  <gmd:URL>https://geodata.nationaalgeoregister.nl/top10nlv2/wms?request=GetCapabilities</gmd:URL>
                </gmd:linkage>
                <gmd:protocol>
                  <gmx:Anchor xlink:href="http://www.opengeospatial.org/standards/wms">OGC:WMS</gmx:Anchor>
                </gmd:protocol>
                <gmd:applicationProfile>
                  <gmx:Anchor xlink:href="http://inspire.ec.europa.eu/metadata-codelist/SpatialDataServiceType/view">Raadpleegdienst</gmx:Anchor>
                </gmd:applicationProfile>
                <gmd:name>
                  <gco:CharacterString>inspire: SR.SeaRegions.atom</gco:CharacterString>
                </gmd:name>
                <gmd:description>
                  <gmx:Anchor xlink:href="http://inspire.ec.europa.eu/metadata-codelist/OnLineDescriptionCode/accessPoint">accessPoint</gmx:Anchor>
                </gmd:description>
              </gmd:CI_OnlineResource>
            </gmd:onLine>
            <gmd:onLine>
              <gmd:CI_OnlineResource>
                <gmd:linkage>
                  <gmd:URL>https://geodata.nationaalgeoregister.nl/wmts/top10nlv2?VERSION=1.0.0&amp;request=GetCapabilities</gmd:URL>
                </gmd:linkage>
                <gmd:protocol>
                  <gmx:Anchor xlink:href="http://www.opengeospatial.org/standards/wmts">OGC:WMTS</gmx:Anchor>
                </gmd:protocol>
                <gmd:applicationProfile>
                  <gmx:Anchor xlink:href="http://inspire.ec.europa.eu/metadata-codelist/SpatialDataServiceType/view">Raadpleegdienst</gmx:Anchor>
                </gmd:applicationProfile>
                <gmd:name>
                  <gco:CharacterString>WMTS view service TOP10NL</gco:CharacterString>
                </gmd:name>
                <gmd:description>
                  <gmx:Anchor xlink:href="http://inspire.ec.europa.eu/metadata-codelist/OnLineDescriptionCode/accessPoint">accessPoint</gmx:Anchor>
                </gmd:description>
              </gmd:CI_OnlineResource>
            </gmd:onLine>
            <gmd:onLine>
              <gmd:CI_OnlineResource>
                <gmd:linkage>
                  <gmd:URL>https://www.pdok.nl/introductie/-/article/basisregistratie-topografie-brt-topnl</gmd:URL>
                </gmd:linkage>
                <gmd:protocol>
                  <gmx:Anchor xlink:href="https://www.iana.org/assignments/media-types/application/gml+xml">gml</gmx:Anchor>
                </gmd:protocol>
                <gmd:applicationProfile>
                  <gmx:Anchor xlink:href="http://inspire.ec.europa.eu/metadata-codelist/SpatialDataServiceType/download">Downloaddienst</gmx:Anchor>
                </gmd:applicationProfile>
                <gmd:name>
                  <gco:CharacterString>TOP10NL</gco:CharacterString>
                </gmd:name>
                <gmd:description>
                  <gmx:Anchor xlink:href="http://inspire.ec.europa.eu/metadata-codelist/OnLineDescriptionCode/endPoint">endPoint</gmx:Anchor>
                </gmd:description>
              </gmd:CI_OnlineResource>
            </gmd:onLine>
          </gmd:MD_DigitalTransferOptions>
        </gmd:transferOptions>
      </gmd:MD_Distribution>
    </gmd:distributionInfo>
    <gmd:dataQualityInfo>
      <gmd:DQ_DataQuality>
        <gmd:scope>
          <gmd:DQ_Scope>
            <gmd:level>
              <gmd:MD_ScopeCode codeListValue="dataset" codeList="http://standards.iso.org/ittf/PubliclyAvailableStandards/ISO_19139_Schemas/resources/codelist/ML_gmxCodelists.xml#MD_ScopeCode">dataset</gmd:MD_ScopeCode>
            </gmd:level>
          </gmd:DQ_Scope>
        </gmd:scope>
        <gmd:report>
          <gmd:DQ_DomainConsistency>
            <gmd:result>
              <gmd:DQ_ConformanceResult>
                <gmd:specification>
                  <gmd:CI_Citation>
                    <gmd:title>
                      <gco:CharacterString>VERORDENING (EU) Nr. 1089/2010 VAN DE COMMISSIE van 23 november 2010 ter uitvoering van Richtlijn 2007/2/EG van het Europees Parlement en de Raad betreffende de interoperabiliteit van verzamelingen ruimtelijke gegevens en van diensten met betrekking tot ruimtelijke gegevens</gco:CharacterString>
                    </gmd:title>
                    <gmd:alternateTitle>
                      <gco:CharacterString>INSPIRE</gco:CharacterString>
                    </gmd:alternateTitle>
                    <gmd:date>
                      <gmd:CI_Date>
                        <gmd:date>
                          <gco:Date>2010-12-08</gco:Date>
                        </gmd:date>
                        <gmd:dateType>
                          <gmd:CI_DateTypeCode codeList="http://standards.iso.org/ittf/PubliclyAvailableStandards/ISO_19139_Schemas/resources/codelist/ML_gmxCodelists.xml#CI_DateTypeCode" codeListValue="publication">publicatie</gmd:CI_DateTypeCode>
                        </gmd:dateType>
                      </gmd:CI_Date>
                    </gmd:date>
                  </gmd:CI_Citation>
                </gmd:specification>
                <gmd:explanation>
                  <gco:CharacterString>De hier gehanteerde domeinen zijn conform Nederlands model.</gco:CharacterString>
                </gmd:explanation>
                <gmd:pass>
                  <gco:Boolean>false</gco:Boolean>
                </gmd:pass>
              </gmd:DQ_ConformanceResult>
            </gmd:result>
          </gmd:DQ_DomainConsistency>
        </gmd:report>
        <gmd:report>
          <gmd:DQ_DomainConsistency>
            <gmd:result>
              <gmd:DQ_ConformanceResult>
                <gmd:specification>
                  <gmd:CI_Citation>
                    <gmd:title>
                      <gco:CharacterString>INSPIRE Data specification on Sea Regions – Guidelines</gco:CharacterString>
                    </gmd:title>
                    <gmd:date>
                      <gmd:CI_Date>
                        <gmd:date>
                          <gco:Date>2013-02-04</gco:Date>
                        </gmd:date>
                        <gmd:dateType>
                          <gmd:CI_DateTypeCode codeList="http://standards.iso.org/ittf/PubliclyAvailableStandards/ISO_19139_Schemas/resources/codelist/ML_gmxCodelists.xml#CI_DateTypeCode" codeListValue="publication">publicatie</gmd:CI_DateTypeCode>
                        </gmd:dateType>
                      </gmd:CI_Date>
                    </gmd:date>
                  </gmd:CI_Citation>
                </gmd:specification>
                <gmd:explanation>
                  <gco:CharacterString>De hier gehanteerde domeinen zijn conform Nederlands model. De inhoud en structuur wijken af van de dataspecificaties.</gco:CharacterString>
                </gmd:explanation>
                <gmd:pass>
                  <gco:Boolean>false</gco:Boolean>
                </gmd:pass>
              </gmd:DQ_ConformanceResult>
            </gmd:result>
          </gmd:DQ_DomainConsistency>
        </gmd:report>
        <gmd:lineage>
          <gmd:LI_Lineage>
            <gmd:statement>
              <gco:CharacterString>Ontwikkeld uit de TOP10NL, onderdeel van de Basisregistratie Topografie (BRT).</gco:CharacterString>
            </gmd:statement>
          </gmd:LI_Lineage>
        </gmd:lineage>
      </gmd:DQ_DataQuality>
    </gmd:dataQualityInfo>
  </gmd:MD_Metadata>
</csw:GetRecordByIdResponse>



15:22:35.058 [ForkJoinPool-1-worker-3] DEBUG com.intuit.karate - response time in milliseconds: 741.90
1 < 200
1 < Cache-Control: no-cache
1 < Connection: Keep-Alive
1 < Content-Type: application/xml;charset=UTF-8
1 < Date: Fri, 25 Sep 2020 15:22:34 GMT
1 < Expires: -1
1 < Keep-Alive: timeout=5, max=100
1 < Pragma: no-cache
1 < Server: Apache
1 < Set-Cookie: JSESSIONID=182B6ACF581768DFF6AA97072F7D82ED; Path=/geonetwork; HttpOnly
1 < Transfer-Encoding: chunked
1 < Vary: Accept-Encoding
<?xml version="1.0" encoding="UTF-8"?>
<csw:GetRecordByIdResponse xmlns:csw="http://www.opengis.net/cat/csw/2.0.2">
  <gmd:MD_Metadata xmlns:gmd="http://www.isotc211.org/2005/gmd" xmlns="http://www.isotc211.org/2005/gmd" xmlns:gts="http://www.isotc211.org/2005/gts" xmlns:gco="http://www.isotc211.org/2005/gco" xmlns:gmx="http://www.isotc211.org/2005/gmx" xmlns:gml="http://www.opengis.net/gml" xmlns:xsi="http://www.w3.org/2001/XMLSchema-instance" xmlns:xlink="http://www.w3.org/1999/xlink" xmlns:srv="http://www.isotc211.org/2005/srv" xmlns:geonet="http://www.fao.org/geonetwork" xsi:schemaLocation="http://www.isotc211.org/2005/gmd http://www.isotc211.org/2005/gmd/gmd.xsd http://www.isotc211.org/2005/gmx http://www.isotc211.org/2005/gmx/gmx.xsd http://www.isotc211.org/2005/srv http://schemas.opengis.net/iso/19139/20060504/srv/srv.xsd">
    <gmd:fileIdentifier>
      <gco:CharacterString>a7fb2234-f7b4-4a03-b282-f10947f42fb1</gco:CharacterString>
    </gmd:fileIdentifier>
    <gmd:language>
      <gmd:LanguageCode codeList="http://www.loc.gov/standards/iso639-2/" codeListValue="dut" codeSpace="nederlands">Nederlands; Vlaams</gmd:LanguageCode>
    </gmd:language>
    <gmd:characterSet>
      <gmd:MD_CharacterSetCode codeList="http://standards.iso.org/ittf/PubliclyAvailableStandards/ISO_19139_Schemas/resources/codelist/ML_gmxCodelists.xml#MD_CharacterSetCode" codeListValue="utf8" codeSpace="utf8">utf8</gmd:MD_CharacterSetCode>
    </gmd:characterSet>
    <gmd:hierarchyLevel>
      <gmd:MD_ScopeCode codeList="http://standards.iso.org/ittf/PubliclyAvailableStandards/ISO_19139_Schemas/resources/codelist/ML_gmxCodelists.xml#MD_ScopeCode" codeListValue="dataset" codeSpace="dataset">dataset</gmd:MD_ScopeCode>
    </gmd:hierarchyLevel>
    <gmd:contact xlink:type="simple">
      <gmd:CI_ResponsibleParty>
        <gmd:organisationName>
          <gco:CharacterString>TNO Geologische Dienst Nederland</gco:CharacterString>
        </gmd:organisationName>
        <gmd:contactInfo xlink:type="simple">
          <gmd:CI_Contact>
            <gmd:address xlink:type="simple">
              <gmd:CI_Address>
                <gmd:electronicMailAddress>
                  <gco:CharacterString>info@dinoloket.nl</gco:CharacterString>
                </gmd:electronicMailAddress>
              </gmd:CI_Address>
            </gmd:address>
            <gmd:onlineResource xlink:type="simple">
              <gmd:CI_OnlineResource>
                <gmd:linkage>
                  <gmd:URL>http://www.dinoloket.nl</gmd:URL>
                </gmd:linkage>
              </gmd:CI_OnlineResource>
            </gmd:onlineResource>
          </gmd:CI_Contact>
        </gmd:contactInfo>
        <gmd:role>
          <gmd:CI_RoleCode codeList="http://standards.iso.org/ittf/PubliclyAvailableStandards/ISO_19139_Schemas/resources/codelist/ML_gmxCodelists.xml#CI_RoleCode" codeListValue="pointOfContact" codeSpace="contactpunt">contactpunt</gmd:CI_RoleCode>
        </gmd:role>
      </gmd:CI_ResponsibleParty>
    </gmd:contact>
    <gmd:dateStamp>
      <gco:Date>2019-12-13</gco:Date>
    </gmd:dateStamp>
    <gmd:metadataStandardName>
      <gco:CharacterString>ISO 19115</gco:CharacterString>
    </gmd:metadataStandardName>
    <gmd:metadataStandardVersion>
      <gco:CharacterString>Nederlandse metadata profiel op ISO 19115 voor geografie 2.0</gco:CharacterString>
    </gmd:metadataStandardVersion>
    <gmd:referenceSystemInfo>
      <gmd:MD_ReferenceSystem>
        <gmd:referenceSystemIdentifier>
          <gmd:RS_Identifier>
            <gmd:code>
              <gmx:Anchor xlink:href="http://www.opengis.net/def/crs/EPSG/0/28992">Rijks Driehoeksstelsel</gmx:Anchor>
            </gmd:code>
          </gmd:RS_Identifier>
        </gmd:referenceSystemIdentifier>
      </gmd:MD_ReferenceSystem>
    </gmd:referenceSystemInfo>
    <gmd:identificationInfo xlink:type="simple">
      <gmd:MD_DataIdentification>
        <gmd:citation xlink:type="simple">
          <gmd:CI_Citation>
            <gmd:title>
              <gco:CharacterString>Kaart van de bodemopbouw in Nederland 1:50.000 onder INSPIRE</gco:CharacterString>
            </gmd:title>
            <gmd:date xlink:type="simple">
              <gmd:CI_Date>
                <gmd:date>
                  <gco:Date>2014-12-18</gco:Date>
                </gmd:date>
                <gmd:dateType>
                  <gmd:CI_DateTypeCode codeList="http://standards.iso.org/ittf/PubliclyAvailableStandards/ISO_19139_Schemas/resources/codelist/ML_gmxCodelists.xml#CI_DateTypeCode" codeListValue="publication" codeSpace="publicatie">publicatie</gmd:CI_DateTypeCode>
                </gmd:dateType>
              </gmd:CI_Date>
            </gmd:date>
            <gmd:edition>
              <gco:CharacterString>v1.0</gco:CharacterString>
            </gmd:edition>
            <gmd:identifier>
              <gmd:MD_Identifier>
                <gmd:code>
                  <gmx:Anchor xlink:href="https://ngr.acceptatie.nationaalgeoregister.nl/geonetwork/srv/resourcesbbe3c19d-12b0-4912-a6f4-46eb189e85ac">bbe3c19d-12b0-4912-a6f4-46eb189e85ac</gmx:Anchor>
                </gmd:code>
              </gmd:MD_Identifier>
            </gmd:identifier>
          </gmd:CI_Citation>
        </gmd:citation>
        <gmd:abstract>
          <gco:CharacterString>Deze dataset, uit 2006, geeft informatie over de bodem-fysische gelaagdheid van de bodem tot ca. 1.20 meter diepte. Er worden 23 verschillende eenheden onderscheiden. Elke eenheid representeert een bodemprofiel met een specifieke gelaagdheid. Aan de afzonderlijke bodemlagen in het bodemprofiel kunnen bodem-fysische kenmerken uit de Staringreeks worden gekoppeld. De ligging van deze eenheden is afgeleid van de Bodemkaart van Nederland, schaal 1 : 50.000.  Hiervoor zijn de eenheden van de bodemkaart geclusterd naar de 23 verschillende bodem-fysische eenheden. De indeling is in 1985 aanvankelijk ontwikkeld op basis van de eenheden van de Bodemkaart van Nederland, schaal 1 : 250.000 voor de zogenaamde PAWN-studies (Policy Analysis for the Watermanagement of the Netherlands). De bodemkaart wordt onder INSPIRE met twee attributen uitgegeven: de geometrie en de bodem-fysische eenheid.</gco:CharacterString>
        </gmd:abstract>
        <gmd:purpose gco:nilReason="missing">
          <gco:CharacterString />
        </gmd:purpose>
        <gmd:status>
          <gmd:MD_ProgressCode codeList="http://standards.iso.org/ittf/PubliclyAvailableStandards/ISO_19139_Schemas/resources/codelist/ML_gmxCodelists.xml#MD_ProgressCode" codeListValue="completed" codeSpace="compleet">compleet</gmd:MD_ProgressCode>
        </gmd:status>
        <gmd:pointOfContact xlink:type="simple">
          <gmd:CI_ResponsibleParty>
            <gmd:organisationName>
              <gco:CharacterString>Alterra, Wageningen UR</gco:CharacterString>
            </gmd:organisationName>
            <gmd:contactInfo xlink:type="simple">
              <gmd:CI_Contact>
                <gmd:address xlink:type="simple">
                  <gmd:CI_Address>
                    <gmd:electronicMailAddress>
                      <gco:CharacterString>geodesk.cgi@wur.nl</gco:CharacterString>
                    </gmd:electronicMailAddress>
                  </gmd:CI_Address>
                </gmd:address>
                <gmd:onlineResource xlink:type="simple">
                  <gmd:CI_OnlineResource>
                    <gmd:linkage>
                      <gmd:URL>http://www.wageningenur.nl/nl/Expertises-Dienstverlening/Onderzoeksinstituten/Alterra.htm</gmd:URL>
                    </gmd:linkage>
                  </gmd:CI_OnlineResource>
                </gmd:onlineResource>
              </gmd:CI_Contact>
            </gmd:contactInfo>
            <gmd:role>
              <gmd:CI_RoleCode codeList="http://standards.iso.org/ittf/PubliclyAvailableStandards/ISO_19139_Schemas/resources/codelist/ML_gmxCodelists.xml#CI_RoleCode" codeListValue="author" codeSpace="auteur">auteur</gmd:CI_RoleCode>
            </gmd:role>
          </gmd:CI_ResponsibleParty>
        </gmd:pointOfContact>
        <gmd:resourceMaintenance xlink:type="simple">
          <gmd:MD_MaintenanceInformation>
            <gmd:maintenanceAndUpdateFrequency>
              <gmd:MD_MaintenanceFrequencyCode codeList="http://standards.iso.org/ittf/PubliclyAvailableStandards/ISO_19139_Schemas/resources/codelist/ML_gmxCodelists.xml#MD_MaintenanceFrequencyCode" codeListValue="notPlanned" codeSpace="niet gepland">niet gepland</gmd:MD_MaintenanceFrequencyCode>
            </gmd:maintenanceAndUpdateFrequency>
          </gmd:MD_MaintenanceInformation>
        </gmd:resourceMaintenance>
        <gmd:descriptiveKeywords xlink:type="simple">
          <gmd:MD_Keywords>
            <gmd:keyword>
              <gco:CharacterString>bodemkaart</gco:CharacterString>
            </gmd:keyword>
            <gmd:thesaurusName xlink:type="simple">
              <gmd:CI_Citation>
                <gmd:title>
                  <gco:CharacterString>GEMET - Concepts, version 3.1</gco:CharacterString>
                </gmd:title>
                <gmd:date xlink:type="simple">
                  <gmd:CI_Date>
                    <gmd:date>
                      <gco:Date>2012-07-20</gco:Date>
                    </gmd:date>
                    <gmd:dateType>
                      <gmd:CI_DateTypeCode codeList="http://standards.iso.org/ittf/PubliclyAvailableStandards/ISO_19139_Schemas/resources/codelist/ML_gmxCodelists.xml#CI_DateTypeCode" codeListValue="publication" codeSpace="publicatie">publicatie</gmd:CI_DateTypeCode>
                    </gmd:dateType>
                  </gmd:CI_Date>
                </gmd:date>
              </gmd:CI_Citation>
            </gmd:thesaurusName>
          </gmd:MD_Keywords>
        </gmd:descriptiveKeywords>
        <gmd:descriptiveKeywords xlink:type="simple">
          <gmd:MD_Keywords>
            <gmd:keyword>
              <gmx:Anchor xlink:href="http://rdfdata.eionet.europa.eu/inspirethemes/themes/16">Bodem</gmx:Anchor>
            </gmd:keyword>
            <gmd:type>
              <gmd:MD_KeywordTypeCode codeList="http://standards.iso.org/ittf/PubliclyAvailableStandards/ISO_19139_Schemas/resources/codelist/ML_gmxCodelists.xml#MD_KeywordTypeCode" codeListValue="theme">theme</gmd:MD_KeywordTypeCode>
            </gmd:type>
            <gmd:thesaurusName xlink:type="simple">
              <gmd:CI_Citation>
                <gmd:title>
                  <gmx:Anchor xlink:href="http://geonetwork-opensource.org/inspire-theme#">GEMET - INSPIRE themes, version 1.0</gmx:Anchor>
                </gmd:title>
                <gmd:date>
                  <gmd:CI_Date>
                    <gmd:date>
                      <gco:Date>2008-06-01</gco:Date>
                    </gmd:date>
                    <gmd:dateType>
                      <gmd:CI_DateTypeCode codeList="http://standards.iso.org/ittf/PubliclyAvailableStandards/ISO_19139_Schemas/resources/codelist/ML_gmxCodelists.xml#CI_DateTypeCode" codeListValue="publication">publicatie</gmd:CI_DateTypeCode>
                    </gmd:dateType>
                  </gmd:CI_Date>
                </gmd:date>
                <gmd:identifier>
                  <gmd:MD_Identifier>
                    <gmd:code>
                      <gmx:Anchor xlink:href="https://www.nationaalgeoregister.nl/geonetwork/srv/eng/thesaurus.download?ref=external.theme.inspire-theme">geonetwork.thesaurus.external.theme.inspire-theme</gmx:Anchor>
                    </gmd:code>
                  </gmd:MD_Identifier>
                </gmd:identifier>
              </gmd:CI_Citation>
            </gmd:thesaurusName>
          </gmd:MD_Keywords>
        </gmd:descriptiveKeywords>
        <gmd:descriptiveKeywords>
          <gmd:MD_Keywords>
            <gmd:keyword>
              <gmx:Anchor xlink:href="http://inspire.ec.europa.eu/metadata-codelist/SpatialScope/national">Nationaal</gmx:Anchor>
            </gmd:keyword>
            <gmd:type>
              <gmd:MD_KeywordTypeCode codeList="http://standards.iso.org/ittf/PubliclyAvailableStandards/ISO_19139_Schemas/resources/codelist/ML_gmxCodelists.xml#MD_KeywordTypeCode" codeListValue="theme">theme</gmd:MD_KeywordTypeCode>
            </gmd:type>
            <gmd:thesaurusName>
              <gmd:CI_Citation>
                <gmd:title>
                  <gmx:Anchor xlink:href="http://inspire.ec.europa.eu/metadata-codelist/SpatialScope">Ruimtelijke dekking</gmx:Anchor>
                </gmd:title>
                <gmd:date>
                  <gmd:CI_Date>
                    <gmd:date>
                      <gco:Date>2018-04-04</gco:Date>
                    </gmd:date>
                    <gmd:dateType>
                      <gmd:CI_DateTypeCode codeList="http://standards.iso.org/ittf/PubliclyAvailableStandards/ISO_19139_Schemas/resources/codelist/ML_gmxCodelists.xml#CI_DateTypeCode" codeListValue="publication">publicatie</gmd:CI_DateTypeCode>
                    </gmd:dateType>
                  </gmd:CI_Date>
                </gmd:date>
                <gmd:identifier>
                  <gmd:MD_Identifier>
                    <gmd:code>
                      <gmx:Anchor xlink:href="https://www.nationaalgeoregister.nl:443/geonetwork/srv/eng/thesaurus.download?ref=external.theme.httpinspireeceuropaeumetadatacodelistSpatialScope-SpatialScope">geonetwork.thesaurus.external.theme.httpinspireeceuropaeumetadatacodelistSpatialScope-SpatialScope</gmx:Anchor>
                    </gmd:code>
                  </gmd:MD_Identifier>
                </gmd:identifier>
              </gmd:CI_Citation>
            </gmd:thesaurusName>
          </gmd:MD_Keywords>
        </gmd:descriptiveKeywords>
        <gmd:resourceConstraints xlink:type="simple">
          <gmd:MD_Constraints>
            <gmd:useLimitation>
              <gco:CharacterString>Geen gebruiksbeperkingen</gco:CharacterString>
            </gmd:useLimitation>
          </gmd:MD_Constraints>
        </gmd:resourceConstraints>
        <gmd:resourceConstraints xlink:type="simple">
          <gmd:MD_LegalConstraints>
            <gmd:accessConstraints>
              <gmd:MD_RestrictionCode codeListValue="otherRestrictions" codeList="http://standards.iso.org/ittf/PubliclyAvailableStandards/ISO_19139_Schemas/resources/codelist/ML_gmxCodelists.xml#MD_RestrictionCode">anders</gmd:MD_RestrictionCode>
            </gmd:accessConstraints>
            <gmd:otherConstraints>
              <gmx:Anchor xlink:href="http://creativecommons.org/publicdomain/zero/1.0/deed.nl">Geen beperkingen</gmx:Anchor>
            </gmd:otherConstraints>
            <gmd:otherConstraints>
              <gmx:Anchor xlink:href="http://inspire.ec.europa.eu/metadata-codelist/ConditionsApplyingToAccessAndUse/noConditionsApply">Er zijn geen condities voor toegang en gebruik</gmx:Anchor>
            </gmd:otherConstraints>
          </gmd:MD_LegalConstraints>
        </gmd:resourceConstraints>
        <gmd:resourceConstraints xlink:type="simple">
          <gmd:MD_LegalConstraints>
            <gmd:accessConstraints>
              <gmd:MD_RestrictionCode codeListValue="otherRestrictions" codeList="http://standards.iso.org/ittf/PubliclyAvailableStandards/ISO_19139_Schemas/resources/codelist/ML_gmxCodelists.xml#MD_RestrictionCode">anders</gmd:MD_RestrictionCode>
            </gmd:accessConstraints>
            <gmd:otherConstraints>
              <gmx:Anchor xlink:href="http://inspire.ec.europa.eu/metadata-codelist/LimitationsOnPublicAccess/noLimitations">Geen beperkingen voor publieke toegang</gmx:Anchor>
            </gmd:otherConstraints>
          </gmd:MD_LegalConstraints>
        </gmd:resourceConstraints>
        <gmd:resourceConstraints xlink:type="simple">
          <gmd:MD_SecurityConstraints>
            <gmd:classification>
              <gmd:MD_ClassificationCode codeList="http://standards.iso.org/ittf/PubliclyAvailableStandards/ISO_19139_Schemas/resources/codelist/ML_gmxCodelists.xml#MD_ClassificationCode" codeListValue="unclassified" codeSpace="vrij toegangkelijk">vrij toegankelijk</gmd:MD_ClassificationCode>
            </gmd:classification>
          </gmd:MD_SecurityConstraints>
        </gmd:resourceConstraints>
        <gmd:spatialRepresentationType>
          <gmd:MD_SpatialRepresentationTypeCode codeList="http://standards.iso.org/ittf/PubliclyAvailableStandards/ISO_19139_Schemas/resources/codelist/ML_gmxCodelists.xml#MD_SpatialRepresentationTypeCode" codeListValue="vector" codeSpace="vector">vector</gmd:MD_SpatialRepresentationTypeCode>
        </gmd:spatialRepresentationType>
        <gmd:spatialResolution>
          <gmd:MD_Resolution>
            <gmd:equivalentScale xlink:type="simple">
              <gmd:MD_RepresentativeFraction>
                <gmd:denominator>
                  <gco:Integer>50000</gco:Integer>
                </gmd:denominator>
              </gmd:MD_RepresentativeFraction>
            </gmd:equivalentScale>
          </gmd:MD_Resolution>
        </gmd:spatialResolution>
        <gmd:language>
          <gmd:LanguageCode codeList="http://www.loc.gov/standards/iso639-2/" codeListValue="dut">Nederlands; Vlaams</gmd:LanguageCode>
        </gmd:language>
        <gmd:characterSet>
          <gmd:MD_CharacterSetCode codeList="http://standards.iso.org/ittf/PubliclyAvailableStandards/ISO_19139_Schemas/resources/codelist/ML_gmxCodelists.xml#MD_CharacterSetCode" codeListValue="utf8" codeSpace="utf8">utf8</gmd:MD_CharacterSetCode>
        </gmd:characterSet>
        <gmd:topicCategory>
          <gmd:MD_TopicCategoryCode>geoscientificInformation</gmd:MD_TopicCategoryCode>
        </gmd:topicCategory>
        <gmd:extent xlink:type="simple">
          <gmd:EX_Extent>
            <gmd:geographicElement xlink:type="simple">
              <gmd:EX_GeographicBoundingBox>
                <gmd:westBoundLongitude>
                  <gco:Decimal>3.2</gco:Decimal>
                </gmd:westBoundLongitude>
                <gmd:eastBoundLongitude>
                  <gco:Decimal>7.22</gco:Decimal>
                </gmd:eastBoundLongitude>
                <gmd:southBoundLatitude>
                  <gco:Decimal>50.75</gco:Decimal>
                </gmd:southBoundLatitude>
                <gmd:northBoundLatitude>
                  <gco:Decimal>53.7</gco:Decimal>
                </gmd:northBoundLatitude>
              </gmd:EX_GeographicBoundingBox>
            </gmd:geographicElement>
            <gmd:geographicElement xlink:type="simple">
              <gmd:EX_GeographicDescription>
                <gmd:geographicIdentifier xlink:type="simple">
                  <gmd:MD_Identifier>
                    <gmd:code>
                      <gco:CharacterString>Nederland (land)</gco:CharacterString>
                    </gmd:code>
                  </gmd:MD_Identifier>
                </gmd:geographicIdentifier>
              </gmd:EX_GeographicDescription>
            </gmd:geographicElement>
          </gmd:EX_Extent>
        </gmd:extent>
      </gmd:MD_DataIdentification>
    </gmd:identificationInfo>
    <gmd:distributionInfo xlink:type="simple">
      <gmd:MD_Distribution>
        <gmd:distributionFormat xlink:type="simple">
          <gmd:MD_Format>
            <gmd:name>
              <gco:CharacterString>Soil GML Application Schema</gco:CharacterString>
            </gmd:name>
            <gmd:version>
              <gco:CharacterString>version 3.0</gco:CharacterString>
            </gmd:version>
            <gmd:specification>
              <gco:CharacterString>D2.8.III.3 INSPIRE Data Specification on Soil - Draft Guidelines</gco:CharacterString>
            </gmd:specification>
          </gmd:MD_Format>
        </gmd:distributionFormat>
        <gmd:distributor xlink:type="simple">
          <gmd:MD_Distributor>
            <gmd:distributorContact xlink:type="simple">
              <gmd:CI_ResponsibleParty>
                <gmd:organisationName>
                  <gco:CharacterString>TNO Geologische Dienst Nederland</gco:CharacterString>
                </gmd:organisationName>
                <gmd:contactInfo xlink:type="simple">
                  <gmd:CI_Contact>
                    <gmd:address xlink:type="simple">
                      <gmd:CI_Address>
                        <gmd:electronicMailAddress>
                          <gco:CharacterString>info@dinoloket.nl</gco:CharacterString>
                        </gmd:electronicMailAddress>
                      </gmd:CI_Address>
                    </gmd:address>
                    <gmd:onlineResource xlink:type="simple">
                      <gmd:CI_OnlineResource>
                        <gmd:linkage>
                          <gmd:URL>http://www.dinoloket.nl</gmd:URL>
                        </gmd:linkage>
                      </gmd:CI_OnlineResource>
                    </gmd:onlineResource>
                  </gmd:CI_Contact>
                </gmd:contactInfo>
                <gmd:role>
                  <gmd:CI_RoleCode codeList="http://standards.iso.org/ittf/PubliclyAvailableStandards/ISO_19139_Schemas/resources/codelist/ML_gmxCodelists.xml#CI_RoleCode" codeListValue="pointOfContact" codeSpace="contactpunt">contactpunt</gmd:CI_RoleCode>
                </gmd:role>
              </gmd:CI_ResponsibleParty>
            </gmd:distributorContact>
          </gmd:MD_Distributor>
        </gmd:distributor>
        <gmd:transferOptions xlink:type="simple">
          <gmd:MD_DigitalTransferOptions>
            <gmd:onLine xlink:type="simple">
              <gmd:CI_OnlineResource>
                <gmd:linkage>
                  <gmd:URL>https://www.broinspireservices.nl/wms/ossosgm-a-v1.0?request=GetCapabilities&amp;service=WMS&amp;version=1.3.0</gmd:URL>
                </gmd:linkage>
                <gmd:protocol>
                  <gmx:Anchor xlink:href="http://www.opengeospatial.org/standards/wms">OGC:WMS</gmx:Anchor>
                </gmd:protocol>
                <gmd:applicationProfile>
                  <gmx:Anchor xlink:href="http://inspire.ec.europa.eu/metadata-codelist/SpatialDataServiceType/view">Raadpleegdienst</gmx:Anchor>
                </gmd:applicationProfile>
                <gmd:name>
                  <gco:CharacterString>so:SoilBody</gco:CharacterString>
                </gmd:name>
                <gmd:description>
                  <gmx:Anchor xlink:href="http://inspire.ec.europa.eu/metadata-codelist/OnLineDescriptionCode/accessPoint">accessPoint</gmx:Anchor>
                </gmd:description>
              </gmd:CI_OnlineResource>
            </gmd:onLine>
            <gmd:onLine xlink:type="simple">
              <gmd:CI_OnlineResource>
                <gmd:linkage>
                  <gmd:URL>https://www.broinspireservices.nl/wfs/ossosgm-a-v1.0?request=GetCapabilities&amp;service=WFS&amp;version=2.0.0</gmd:URL>
                </gmd:linkage>
                <gmd:protocol>
                  <gmx:Anchor xlink:href="http://www.opengeospatial.org/standards/wfs">OGC:WFS</gmx:Anchor>
                </gmd:protocol>
                <gmd:applicationProfile>
                  <gmx:Anchor xlink:href="http://inspire.ec.europa.eu/metadata-codelist/SpatialDataServiceType/download">Downloaddienst</gmx:Anchor>
                </gmd:applicationProfile>
                <gmd:name>
                  <gco:CharacterString>so:SoilBody</gco:CharacterString>
                </gmd:name>
                <gmd:description>
                  <gmx:Anchor xlink:href="http://inspire.ec.europa.eu/metadata-codelist/OnLineDescriptionCode/accessPoint">accessPoint</gmx:Anchor>
                </gmd:description>
              </gmd:CI_OnlineResource>
            </gmd:onLine>
          </gmd:MD_DigitalTransferOptions>
        </gmd:transferOptions>
      </gmd:MD_Distribution>
    </gmd:distributionInfo>
    <gmd:dataQualityInfo xlink:type="simple">
      <gmd:DQ_DataQuality>
        <gmd:scope xlink:type="simple">
          <gmd:DQ_Scope>
            <gmd:level>
              <gmd:MD_ScopeCode codeList="http://standards.iso.org/ittf/PubliclyAvailableStandards/ISO_19139_Schemas/resources/codelist/ML_gmxCodelists.xml#MD_ScopeCode" codeListValue="dataset" codeSpace="dataset">dataset</gmd:MD_ScopeCode>
            </gmd:level>
          </gmd:DQ_Scope>
        </gmd:scope>
        <gmd:report xlink:type="simple">
          <gmd:DQ_DomainConsistency>
            <gmd:result xlink:type="simple">
              <gmd:DQ_ConformanceResult>
                <gmd:specification xlink:type="simple">
                  <gmd:CI_Citation>
                    <gmd:title>
                      <gco:CharacterString>D2.8.III.3 INSPIRE Data Specification on Soil - Draft Guidelines</gco:CharacterString>
                    </gmd:title>
                    <gmd:date xlink:type="simple">
                      <gmd:CI_Date>
                        <gmd:date>
                          <gco:Date>2013-12-10</gco:Date>
                        </gmd:date>
                        <gmd:dateType>
                          <gmd:CI_DateTypeCode codeList="http://standards.iso.org/ittf/PubliclyAvailableStandards/ISO_19139_Schemas/resources/codelist/ML_gmxCodelists.xml#CI_DateTypeCode" codeListValue="publication" codeSpace="publicatie">publicatie</gmd:CI_DateTypeCode>
                        </gmd:dateType>
                      </gmd:CI_Date>
                    </gmd:date>
                  </gmd:CI_Citation>
                </gmd:specification>
                <gmd:explanation>
                  <gco:CharacterString>De dataset voldoet nog niet aan de richtlijnen van INSPIRE. De dataset wordt uiteindelijk afgeleid uit de Basisregistratie Ondergrond. Deze is nog in ontwikkeling waardoor het datamodel nog zal wijzigen</gco:CharacterString>
                </gmd:explanation>
                <gmd:pass>
                  <gco:Boolean>false</gco:Boolean>
                </gmd:pass>
              </gmd:DQ_ConformanceResult>
            </gmd:result>
          </gmd:DQ_DomainConsistency>
        </gmd:report>
        <gmd:report xlink:type="simple">
          <gmd:DQ_DomainConsistency>
            <gmd:result xlink:type="simple">
              <gmd:DQ_ConformanceResult>
                <gmd:specification xlink:type="simple">
                  <gmd:CI_Citation>
                    <gmd:title>
                      <gco:CharacterString>VERORDENING (EU) Nr. 1089/2010 VAN DE COMMISSIE van 23 november 2010 ter uitvoering van Richtlijn 2007/2/EG van het Europees Parlement en de Raad betreffende de interoperabiliteit van verzamelingen ruimtelijke gegevens en van diensten met betrekking tot ruimtelijke gegevens</gco:CharacterString>
                    </gmd:title>
                    <gmd:date xlink:type="simple">
                      <gmd:CI_Date>
                        <gmd:date>
                          <gco:Date>2010-12-08</gco:Date>
                        </gmd:date>
                        <gmd:dateType>
                          <gmd:CI_DateTypeCode codeList="http://standards.iso.org/ittf/PubliclyAvailableStandards/ISO_19139_Schemas/resources/codelist/ML_gmxCodelists.xml#CI_DateTypeCode" codeListValue="publication" codeSpace="publicatie">publicatie</gmd:CI_DateTypeCode>
                        </gmd:dateType>
                      </gmd:CI_Date>
                    </gmd:date>
                  </gmd:CI_Citation>
                </gmd:specification>
                <gmd:explanation>
                  <gco:CharacterString>Zie verordening</gco:CharacterString>
                </gmd:explanation>
                <gmd:pass>
                  <gco:Boolean>true</gco:Boolean>
                </gmd:pass>
              </gmd:DQ_ConformanceResult>
            </gmd:result>
          </gmd:DQ_DomainConsistency>
        </gmd:report>
        <gmd:lineage xlink:type="simple">
          <gmd:LI_Lineage>
            <gmd:statement>
              <gco:CharacterString>Clustering van de eenheden van de bodemkaart, schaal 1 : 50.000, naar 23 bodem-fysische eenheden.</gco:CharacterString>
            </gmd:statement>
          </gmd:LI_Lineage>
        </gmd:lineage>
      </gmd:DQ_DataQuality>
    </gmd:dataQualityInfo>
  </gmd:MD_Metadata>
</csw:GetRecordByIdResponse>



15:22:35.103 [ForkJoinPool-1-worker-11] DEBUG com.intuit.karate - response time in milliseconds: 789.07
1 < 200
1 < Cache-Control: no-cache
1 < Connection: Keep-Alive
1 < Content-Type: application/xml;charset=UTF-8
1 < Date: Fri, 25 Sep 2020 15:22:34 GMT
1 < Expires: -1
1 < Keep-Alive: timeout=5, max=100
1 < Pragma: no-cache
1 < Server: Apache
1 < Set-Cookie: JSESSIONID=D5A3F5F0209FEC3D0AD66AC63EF9DF2D; Path=/geonetwork; HttpOnly
1 < Transfer-Encoding: chunked
1 < Vary: Accept-Encoding
<?xml version="1.0" encoding="UTF-8"?>
<csw:GetRecordByIdResponse xmlns:csw="http://www.opengis.net/cat/csw/2.0.2">
  <gmd:MD_Metadata xmlns:gmd="http://www.isotc211.org/2005/gmd" xmlns:gts="http://www.isotc211.org/2005/gts" xmlns:gco="http://www.isotc211.org/2005/gco" xmlns:gmx="http://www.isotc211.org/2005/gmx" xmlns:gml="http://www.opengis.net/gml" xmlns:xsi="http://www.w3.org/2001/XMLSchema-instance" xmlns:xlink="http://www.w3.org/1999/xlink" xmlns:srv="http://www.isotc211.org/2005/srv" xmlns:geonet="http://www.fao.org/geonetwork" xsi:schemaLocation="http://www.isotc211.org/2005/gmd http://schemas.opengis.net/iso/19139/20060504/gmd/gmd.xsd http://www.isotc211.org/2005/gmx http://schemas.opengis.net/iso/19139/20060504/gmx/gmx.xsd">
    <gmd:fileIdentifier>
      <gco:CharacterString>3a7dd0a6-d130-4c4c-b0ba-24365cf036e2</gco:CharacterString>
    </gmd:fileIdentifier>
    <gmd:language>
      <gmd:LanguageCode codeList="http://www.loc.gov/standards/iso639-2/" codeListValue="dut">Nederlands; Vlaams</gmd:LanguageCode>
    </gmd:language>
    <gmd:characterSet>
      <gmd:MD_CharacterSetCode codeList="http://standards.iso.org/ittf/PubliclyAvailableStandards/ISO_19139_Schemas/resources/codelist/ML_gmxCodelists.xml#MD_CharacterSetCode" codeListValue="utf8">utf8</gmd:MD_CharacterSetCode>
    </gmd:characterSet>
    <gmd:hierarchyLevel>
      <gmd:MD_ScopeCode codeList="http://standards.iso.org/ittf/PubliclyAvailableStandards/ISO_19139_Schemas/resources/codelist/ML_gmxCodelists.xml#MD_ScopeCode" codeListValue="dataset">dataset</gmd:MD_ScopeCode>
    </gmd:hierarchyLevel>
    <gmd:contact>
      <gmd:CI_ResponsibleParty>
        <gmd:individualName>
          <gco:CharacterString>Materiebeleid GVA, afdeling PPB</gco:CharacterString>
        </gmd:individualName>
        <gmd:organisationName>
          <gco:CharacterString>Kadaster</gco:CharacterString>
        </gmd:organisationName>
        <gmd:positionName>
          <gco:CharacterString>algemeen contactpunt metadata</gco:CharacterString>
        </gmd:positionName>
        <gmd:contactInfo>
          <gmd:CI_Contact>
            <gmd:phone>
              <gmd:CI_Telephone>
                <gmd:voice gco:nilReason="missing">
                  <gco:CharacterString />
                </gmd:voice>
                <gmd:facsimile gco:nilReason="missing">
                  <gco:CharacterString />
                </gmd:facsimile>
              </gmd:CI_Telephone>
            </gmd:phone>
            <gmd:address>
              <gmd:CI_Address>
                <gmd:deliveryPoint>
                  <gco:CharacterString>Hofstraat 110</gco:CharacterString>
                </gmd:deliveryPoint>
                <gmd:city>
                  <gco:CharacterString>Apeldoorn</gco:CharacterString>
                </gmd:city>
                <gmd:administrativeArea>
                  <gco:CharacterString>Gelderland</gco:CharacterString>
                </gmd:administrativeArea>
                <gmd:postalCode>
                  <gco:CharacterString>7311 KZ</gco:CharacterString>
                </gmd:postalCode>
                <gmd:country>
                  <gco:CharacterString>Nederland</gco:CharacterString>
                </gmd:country>
                <gmd:electronicMailAddress>
                  <gco:CharacterString>PPB-GVA@kadaster.nl</gco:CharacterString>
                </gmd:electronicMailAddress>
              </gmd:CI_Address>
            </gmd:address>
            <gmd:onlineResource>
              <gmd:CI_OnlineResource>
                <gmd:linkage>
                  <gmd:URL>https://www.kadaster.nl</gmd:URL>
                </gmd:linkage>
              </gmd:CI_OnlineResource>
            </gmd:onlineResource>
          </gmd:CI_Contact>
        </gmd:contactInfo>
        <gmd:role>
          <gmd:CI_RoleCode codeListValue="pointOfContact" codeList="http://standards.iso.org/ittf/PubliclyAvailableStandards/ISO_19139_Schemas/resources/codelist/ML_gmxCodelists.xml#CI_RoleCode">contactpunt</gmd:CI_RoleCode>
        </gmd:role>
      </gmd:CI_ResponsibleParty>
    </gmd:contact>
    <gmd:dateStamp>
      <gco:Date>2020-08-26</gco:Date>
    </gmd:dateStamp>
    <gmd:metadataStandardName>
      <gco:CharacterString>ISO 19115</gco:CharacterString>
    </gmd:metadataStandardName>
    <gmd:metadataStandardVersion>
      <gco:CharacterString>Nederlands metadata profiel op ISO 19115 voor geografie 2.0</gco:CharacterString>
    </gmd:metadataStandardVersion>
    <gmd:referenceSystemInfo>
      <gmd:MD_ReferenceSystem>
        <gmd:referenceSystemIdentifier>
          <gmd:RS_Identifier>
            <gmd:code>
              <gmx:Anchor xlink:href="http://www.opengis.net/def/crs/EPSG/0/http://www.opengis.net/def/crs/EPSG/0/4258">http://www.opengis.net/def/crs/EPSG/0/4258</gmx:Anchor>
            </gmd:code>
          </gmd:RS_Identifier>
        </gmd:referenceSystemIdentifier>
      </gmd:MD_ReferenceSystem>
    </gmd:referenceSystemInfo>
    <gmd:identificationInfo>
      <gmd:MD_DataIdentification>
        <gmd:citation>
          <gmd:CI_Citation>
            <gmd:title>
              <gco:CharacterString>Vervoersnetwerken - Spoorwegen (INSPIRE geharmoniseerd)</gco:CharacterString>
            </gmd:title>
            <gmd:alternateTitle>
              <gco:CharacterString>INSPIRE TN Rail</gco:CharacterString>
            </gmd:alternateTitle>
            <gmd:date>
              <gmd:CI_Date>
                <gmd:date>
                  <gco:Date>2020-09-01</gco:Date>
                </gmd:date>
                <gmd:dateType>
                  <gmd:CI_DateTypeCode codeListValue="publication" codeList="http://standards.iso.org/ittf/PubliclyAvailableStandards/ISO_19139_Schemas/resources/codelist/ML_gmxCodelists.xml#CI_DateTypeCode">publicatie</gmd:CI_DateTypeCode>
                </gmd:dateType>
              </gmd:CI_Date>
            </gmd:date>
            <gmd:identifier>
              <gmd:MD_Identifier>
                <gmd:code>
                  <gmx:Anchor xlink:href="http://kadaster/cb4edbd2-2dca-4d44-92bb-b2202048b526">cb4edbd2-2dca-4d44-92bb-b2202048b526</gmx:Anchor>
                </gmd:code>
              </gmd:MD_Identifier>
            </gmd:identifier>
          </gmd:CI_Citation>
        </gmd:citation>
        <gmd:abstract>
          <gco:CharacterString>INSPIRE Vervoersnetwerken - Spoorwegen themalaag, geharmoniseerd, gevuld met relevante objecten uit TOP10NL (onderdeel van de Basisregistratie Topografie BRT), geproduceerd en beheerd door het Kadaster.</gco:CharacterString>
        </gmd:abstract>
        <gmd:purpose>
          <gco:CharacterString>Uitwisseling van (gegevens over) Vervoersnetwerken (in de Europese Unie).</gco:CharacterString>
        </gmd:purpose>
        <gmd:status>
          <gmd:MD_ProgressCode codeListValue="planned" codeList="http://standards.iso.org/ittf/PubliclyAvailableStandards/ISO_19139_Schemas/resources/codelist/ML_gmxCodelists.xml#MD_ProgressCode" />
        </gmd:status>
        <gmd:pointOfContact>
          <gmd:CI_ResponsibleParty>
            <gmd:individualName>
              <gco:CharacterString>Klantcontactcenter</gco:CharacterString>
            </gmd:individualName>
            <gmd:organisationName>
              <gco:CharacterString>Kadaster</gco:CharacterString>
            </gmd:organisationName>
            <gmd:positionName>
              <gco:CharacterString>algemeen contactpunt</gco:CharacterString>
            </gmd:positionName>
            <gmd:contactInfo>
              <gmd:CI_Contact>
                <gmd:phone>
                  <gmd:CI_Telephone>
                    <gmd:voice>
                      <gco:CharacterString>+31 88-1832200</gco:CharacterString>
                    </gmd:voice>
                    <gmd:facsimile gco:nilReason="missing">
                      <gco:CharacterString />
                    </gmd:facsimile>
                  </gmd:CI_Telephone>
                </gmd:phone>
                <gmd:address>
                  <gmd:CI_Address>
                    <gmd:deliveryPoint>
                      <gco:CharacterString>Postbus 9046</gco:CharacterString>
                    </gmd:deliveryPoint>
                    <gmd:city>
                      <gco:CharacterString>Apeldoorn</gco:CharacterString>
                    </gmd:city>
                    <gmd:administrativeArea>
                      <gco:CharacterString>Gelderland</gco:CharacterString>
                    </gmd:administrativeArea>
                    <gmd:postalCode>
                      <gco:CharacterString>7300 GH</gco:CharacterString>
                    </gmd:postalCode>
                    <gmd:country>
                      <gco:CharacterString>Nederland</gco:CharacterString>
                    </gmd:country>
                    <gmd:electronicMailAddress>
                      <gco:CharacterString>kcc@kadaster.nl</gco:CharacterString>
                    </gmd:electronicMailAddress>
                  </gmd:CI_Address>
                </gmd:address>
                <gmd:onlineResource>
                  <gmd:CI_OnlineResource>
                    <gmd:linkage>
                      <gmd:URL>https://www.kadaster.nl</gmd:URL>
                    </gmd:linkage>
                  </gmd:CI_OnlineResource>
                </gmd:onlineResource>
              </gmd:CI_Contact>
            </gmd:contactInfo>
            <gmd:role>
              <gmd:CI_RoleCode codeListValue="pointOfContact" codeList="http://standards.iso.org/ittf/PubliclyAvailableStandards/ISO_19139_Schemas/resources/codelist/ML_gmxCodelists.xml#CI_RoleCode">contactpunt</gmd:CI_RoleCode>
            </gmd:role>
          </gmd:CI_ResponsibleParty>
        </gmd:pointOfContact>
        <gmd:resourceMaintenance>
          <gmd:MD_MaintenanceInformation>
            <gmd:maintenanceAndUpdateFrequency>
              <gmd:MD_MaintenanceFrequencyCode codeList="http://standards.iso.org/ittf/PubliclyAvailableStandards/ISO_19139_Schemas/resources/codelist/ML_gmxCodelists.xml#MD_MaintenanceFrequencyCode" codeListValue="annually">jaarlijks</gmd:MD_MaintenanceFrequencyCode>
            </gmd:maintenanceAndUpdateFrequency>
            <gmd:dateOfNextUpdate>
              <gco:Date>2020-11-01</gco:Date>
            </gmd:dateOfNextUpdate>
          </gmd:MD_MaintenanceInformation>
        </gmd:resourceMaintenance>
        <gmd:graphicOverview>
          <gmd:MD_BrowseGraphic>
            <gmd:fileName>
              <gco:CharacterString>https://github.com/kadaster/top10nl/raw/master/TOP10NL.JPG</gco:CharacterString>
            </gmd:fileName>
            <gmd:fileDescription>
              <gco:CharacterString>thumbnail</gco:CharacterString>
            </gmd:fileDescription>
            <gmd:fileType>
              <gco:CharacterString>jpg</gco:CharacterString>
            </gmd:fileType>
          </gmd:MD_BrowseGraphic>
        </gmd:graphicOverview>
        <gmd:descriptiveKeywords>
          <gmd:MD_Keywords>
            <gmd:keyword>
              <gmx:Anchor xlink:href="http://www.eionet.europa.eu/gemet/nl/inspire-theme/tn">Vervoersnetwerken</gmx:Anchor>
            </gmd:keyword>
            <gmd:type>
              <gmd:MD_KeywordTypeCode codeList="http://standards.iso.org/ittf/PubliclyAvailableStandards/ISO_19139_Schemas/resources/codelist/ML_gmxCodelists.xml#MD_KeywordTypeCode" codeListValue="theme">theme</gmd:MD_KeywordTypeCode>
            </gmd:type>
            <gmd:thesaurusName>
              <gmd:CI_Citation>
                <gmd:title>
                  <gmx:Anchor xlink:href="http://www.eionet.europa.eu/gemet/inspire_themes">GEMET - INSPIRE themes, version 1.0</gmx:Anchor>
                </gmd:title>
                <gmd:date>
                  <gmd:CI_Date>
                    <gmd:date>
                      <gco:Date>2008-06-01</gco:Date>
                    </gmd:date>
                    <gmd:dateType>
                      <gmd:CI_DateTypeCode codeList="http://standards.iso.org/ittf/PubliclyAvailableStandards/ISO_19139_Schemas/resources/codelist/ML_gmxCodelists.xml#CI_DateTypeCode" codeListValue="publication">publicatie</gmd:CI_DateTypeCode>
                    </gmd:dateType>
                  </gmd:CI_Date>
                </gmd:date>
                <gmd:identifier>
                  <gmd:MD_Identifier>
                    <gmd:code>
                      <gmx:Anchor xlink:href="https://www.nationaalgeoregister.nl:443/geonetwork/srv/eng/thesaurus.download?ref=external.theme.httpinspireeceuropaeutheme-theme">geonetwork.thesaurus.external.theme.httpinspireeceuropaeutheme-theme</gmx:Anchor>
                    </gmd:code>
                  </gmd:MD_Identifier>
                </gmd:identifier>
              </gmd:CI_Citation>
            </gmd:thesaurusName>
          </gmd:MD_Keywords>
        </gmd:descriptiveKeywords>
        <gmd:descriptiveKeywords>
          <gmd:MD_Keywords>
            <gmd:keyword>
              <gco:CharacterString>vervoersnetwerken</gco:CharacterString>
            </gmd:keyword>
            <gmd:keyword>
              <gco:CharacterString>transport</gco:CharacterString>
            </gmd:keyword>
            <gmd:keyword>
              <gco:CharacterString>spoorwegen</gco:CharacterString>
            </gmd:keyword>
          </gmd:MD_Keywords>
        </gmd:descriptiveKeywords>
        <gmd:descriptiveKeywords>
          <gmd:MD_Keywords>
            <gmd:keyword>
              <gmx:Anchor xlink:href="http://inspire.ec.europa.eu/metadata-codelist/SpatialScope/national">Nationaal</gmx:Anchor>
            </gmd:keyword>
            <gmd:type>
              <gmd:MD_KeywordTypeCode codeList="http://standards.iso.org/ittf/PubliclyAvailableStandards/ISO_19139_Schemas/resources/codelist/ML_gmxCodelists.xml#MD_KeywordTypeCode" codeListValue="theme">theme</gmd:MD_KeywordTypeCode>
            </gmd:type>
            <gmd:thesaurusName>
              <gmd:CI_Citation>
                <gmd:title>
                  <gmx:Anchor xlink:href="http://inspire.ec.europa.eu/metadata-codelist/SpatialScope">Ruimtelijke dekking</gmx:Anchor>
                </gmd:title>
                <gmd:date>
                  <gmd:CI_Date>
                    <gmd:date>
                      <gco:Date>2018-04-04</gco:Date>
                    </gmd:date>
                    <gmd:dateType>
                      <gmd:CI_DateTypeCode codeList="http://standards.iso.org/ittf/PubliclyAvailableStandards/ISO_19139_Schemas/resources/codelist/ML_gmxCodelists.xml#CI_DateTypeCode" codeListValue="publication">publicatie</gmd:CI_DateTypeCode>
                    </gmd:dateType>
                  </gmd:CI_Date>
                </gmd:date>
                <gmd:identifier>
                  <gmd:MD_Identifier>
                    <gmd:code>
                      <gmx:Anchor xlink:href="https://www.nationaalgeoregister.nl:443/geonetwork/srv/eng/thesaurus.download?ref=external.theme.httpinspireeceuropaeumetadatacodelistSpatialScope-SpatialScope">geonetwork.thesaurus.external.theme.httpinspireeceuropaeumetadatacodelistSpatialScope-SpatialScope</gmx:Anchor>
                    </gmd:code>
                  </gmd:MD_Identifier>
                </gmd:identifier>
              </gmd:CI_Citation>
            </gmd:thesaurusName>
          </gmd:MD_Keywords>
        </gmd:descriptiveKeywords>
        <gmd:resourceSpecificUsage>
          <gmd:MD_Usage>
            <gmd:specificUsage>
              <gco:CharacterString>Weergave, analyses, planningen op het gebied van vervoersnetwerken</gco:CharacterString>
            </gmd:specificUsage>
            <gmd:userContactInfo />
          </gmd:MD_Usage>
        </gmd:resourceSpecificUsage>
        <gmd:resourceConstraints>
          <gmd:MD_Constraints>
            <gmd:useLimitation>
              <gco:CharacterString>Geen gebruiksbeperkingen</gco:CharacterString>
            </gmd:useLimitation>
          </gmd:MD_Constraints>
        </gmd:resourceConstraints>
        <gmd:resourceConstraints>
          <gmd:MD_LegalConstraints>
            <gmd:useLimitation>
              <gco:CharacterString>Geen gebruiksbeperkingen</gco:CharacterString>
            </gmd:useLimitation>
            <gmd:accessConstraints>
              <gmd:MD_RestrictionCode codeList="http://standards.iso.org/ittf/PubliclyAvailableStandards/ISO_19139_Schemas/resources/codelist/ML_gmxCodelists.xml#MD_RestrictionCode" codeListValue="otherRestrictions" />
            </gmd:accessConstraints>
            <gmd:otherConstraints>
              <gmx:Anchor xlink:href="http://creativecommons.org/publicdomain/mark/1.0/deed.nl">Geen beperkingen</gmx:Anchor>
            </gmd:otherConstraints>
            <gmd:otherConstraints>
              <gmx:Anchor xlink:href="http://inspire.ec.europa.eu/metadata-codelist/ConditionsApplyingToAccessAndUse/noConditionsApply">Er zijn geen condities voor toegang en gebruik</gmx:Anchor>
            </gmd:otherConstraints>
          </gmd:MD_LegalConstraints>
        </gmd:resourceConstraints>
        <gmd:resourceConstraints>
          <gmd:MD_LegalConstraints>
            <gmd:accessConstraints>
              <gmd:MD_RestrictionCode codeList="http://standards.iso.org/ittf/PubliclyAvailableStandards/ISO_19139_Schemas/resources/codelist/ML_gmxCodelists.xml#MD_RestrictionCode" codeListValue="otherRestrictions" />
            </gmd:accessConstraints>
            <gmd:otherConstraints>
              <gmx:Anchor xlink:href="http://inspire.ec.europa.eu/metadata-codelist/LimitationsOnPublicAccess/noLimitations">Geen beperkingen voor publieke toegang</gmx:Anchor>
            </gmd:otherConstraints>
          </gmd:MD_LegalConstraints>
        </gmd:resourceConstraints>
        <gmd:resourceConstraints>
          <gmd:MD_SecurityConstraints>
            <gmd:classification>
              <gmd:MD_ClassificationCode codeList="http://standards.iso.org/ittf/PubliclyAvailableStandards/ISO_19139_Schemas/resources/codelist/ML_gmxCodelists.xml#MD_ClassificationCode" codeListValue="unclassified">vrij toegankelijk</gmd:MD_ClassificationCode>
            </gmd:classification>
          </gmd:MD_SecurityConstraints>
        </gmd:resourceConstraints>
        <gmd:aggregationInfo>
          <gmd:MD_AggregateInformation>
            <gmd:aggregateDataSetName>
              <gmd:CI_Citation>
                <gmd:title />
                <gmd:date />
              </gmd:CI_Citation>
            </gmd:aggregateDataSetName>
            <gmd:associationType />
          </gmd:MD_AggregateInformation>
        </gmd:aggregationInfo>
        <gmd:spatialRepresentationType>
          <gmd:MD_SpatialRepresentationTypeCode codeList="http://standards.iso.org/ittf/PubliclyAvailableStandards/ISO_19139_Schemas/resources/codelist/ML_gmxCodelists.xml#MD_SpatialRepresentationTypeCode" codeListValue="vector" codeSpace="dut" />
        </gmd:spatialRepresentationType>
        <gmd:spatialResolution>
          <gmd:MD_Resolution>
            <gmd:equivalentScale>
              <gmd:MD_RepresentativeFraction>
                <gmd:denominator>
                  <gco:Integer>10000</gco:Integer>
                </gmd:denominator>
              </gmd:MD_RepresentativeFraction>
            </gmd:equivalentScale>
          </gmd:MD_Resolution>
        </gmd:spatialResolution>
        <gmd:language>
          <gmd:LanguageCode codeList="http://www.loc.gov/standards/iso639-2/" codeListValue="dut" />
        </gmd:language>
        <gmd:characterSet>
          <gmd:MD_CharacterSetCode codeList="http://standards.iso.org/ittf/PubliclyAvailableStandards/ISO_19139_Schemas/resources/codelist/ML_gmxCodelists.xml#MD_CharacterSetCode" codeListValue="utf8" />
        </gmd:characterSet>
        <gmd:topicCategory>
          <gmd:MD_TopicCategoryCode>transportation</gmd:MD_TopicCategoryCode>
        </gmd:topicCategory>
        <gmd:extent>
          <gmd:EX_Extent>
            <gmd:description>
              <gco:CharacterString>Nederland</gco:CharacterString>
            </gmd:description>
            <gmd:geographicElement>
              <gmd:EX_GeographicBoundingBox>
                <gmd:westBoundLongitude>
                  <gco:Decimal>3.3</gco:Decimal>
                </gmd:westBoundLongitude>
                <gmd:eastBoundLongitude>
                  <gco:Decimal>7.24</gco:Decimal>
                </gmd:eastBoundLongitude>
                <gmd:southBoundLatitude>
                  <gco:Decimal>50.73</gco:Decimal>
                </gmd:southBoundLatitude>
                <gmd:northBoundLatitude>
                  <gco:Decimal>53.6</gco:Decimal>
                </gmd:northBoundLatitude>
              </gmd:EX_GeographicBoundingBox>
            </gmd:geographicElement>
            <gmd:temporalElement>
              <gmd:EX_TemporalExtent>
                <gmd:extent>
                  <gml:TimePeriod gml:id="d409401e491a1056030">
                    <gml:beginPosition>1996-01-01</gml:beginPosition>
                    <gml:endPosition>2025-12-31</gml:endPosition>
                  </gml:TimePeriod>
                </gmd:extent>
              </gmd:EX_TemporalExtent>
            </gmd:temporalElement>
            <gmd:verticalElement>
              <gmd:EX_VerticalExtent>
                <gmd:minimumValue />
                <gmd:maximumValue />
                <gmd:verticalCRS>
                  <gml:VerticalCRS gml:id="d99e544a1049886">
                    <gml:identifier codeSpace="" />
                    <gml:scope />
                    <gml:verticalCS />
                    <gml:verticalDatum />
                  </gml:VerticalCRS>
                </gmd:verticalCRS>
              </gmd:EX_VerticalExtent>
            </gmd:verticalElement>
          </gmd:EX_Extent>
        </gmd:extent>
        <gmd:supplementalInformation>
          <gco:CharacterString>http://www.kadaster.nl</gco:CharacterString>
        </gmd:supplementalInformation>
      </gmd:MD_DataIdentification>
    </gmd:identificationInfo>
    <gmd:distributionInfo>
      <gmd:MD_Distribution>
        <gmd:distributionFormat>
          <gmd:MD_Format>
            <gmd:name>
              <gco:CharacterString>GML</gco:CharacterString>
            </gmd:name>
            <gmd:version>
              <gco:CharacterString>3.2</gco:CharacterString>
            </gmd:version>
            <gmd:specification>
              <gco:CharacterString>D2.8.I.7_v3.2 Data Specification on Transport Networks - Technical Guidelines</gco:CharacterString>
            </gmd:specification>
          </gmd:MD_Format>
        </gmd:distributionFormat>
        <gmd:transferOptions>
          <gmd:MD_DigitalTransferOptions>
            <gmd:onLine>
              <gmd:CI_OnlineResource>
                <gmd:linkage>
                  <gmd:URL>https://geodata.nationaalgeoregister.nl/inspire/tn-ra/wfs?request=GetCapabilities</gmd:URL>
                </gmd:linkage>
                <gmd:protocol>
                  <gmx:Anchor xlink:href="http://www.opengeospatial.org/standards/wfs">OGC:WFS</gmx:Anchor>
                </gmd:protocol>
                <gmd:applicationProfile>
                  <gmx:Anchor xlink:href="http://inspire.ec.europa.eu/metadata-codelist/SpatialDataServiceType/download">Downloaddienst</gmx:Anchor>
                </gmd:applicationProfile>
                <gmd:name>
                  <gco:CharacterString>tn-ra:RailwayArea</gco:CharacterString>
                </gmd:name>
                <gmd:description>
                  <gmx:Anchor xlink:href="http://inspire.ec.europa.eu/metadata-codelist/OnLineDescriptionCode/accessPoint">accessPoint</gmx:Anchor>
                </gmd:description>
              </gmd:CI_OnlineResource>
            </gmd:onLine>
            <gmd:onLine>
              <gmd:CI_OnlineResource>
                <gmd:linkage>
                  <gmd:URL>https://geodata.nationaalgeoregister.nl/inspire/tn-ra/wms?request=GetCapabilities</gmd:URL>
                </gmd:linkage>
                <gmd:protocol>
                  <gmx:Anchor xlink:href="http://www.opengeospatial.org/standards/wms">OGC:WMS</gmx:Anchor>
                </gmd:protocol>
                <gmd:applicationProfile>
                  <gmx:Anchor xlink:href="http://inspire.ec.europa.eu/metadata-codelist/SpatialDataServiceType/view">Raadpleegdienst</gmx:Anchor>
                </gmd:applicationProfile>
                <gmd:name>
                  <gco:CharacterString>TN.RailTransportNetwork.RailwayStationNode</gco:CharacterString>
                </gmd:name>
                <gmd:description>
                  <gmx:Anchor xlink:href="http://inspire.ec.europa.eu/metadata-codelist/OnLineDescriptionCode/accessPoint">accessPoint</gmx:Anchor>
                </gmd:description>
              </gmd:CI_OnlineResource>
            </gmd:onLine>
          </gmd:MD_DigitalTransferOptions>
        </gmd:transferOptions>
      </gmd:MD_Distribution>
    </gmd:distributionInfo>
    <gmd:dataQualityInfo>
      <gmd:DQ_DataQuality>
        <gmd:scope>
          <gmd:DQ_Scope>
            <gmd:level>
              <gmd:MD_ScopeCode codeListValue="dataset" codeList="http://standards.iso.org/ittf/PubliclyAvailableStandards/ISO_19139_Schemas/resources/codelist/ML_gmxCodelists.xml#MD_ScopeCode" />
            </gmd:level>
          </gmd:DQ_Scope>
        </gmd:scope>
        <gmd:report>
          <gmd:DQ_DomainConsistency>
            <gmd:result>
              <gmd:DQ_ConformanceResult>
                <gmd:specification>
                  <gmd:CI_Citation>
                    <gmd:title>
                      <gco:CharacterString>VERORDENING (EU) Nr. 1089/2010 VAN DE COMMISSIE van 23 november 2010 ter uitvoering van Richtlijn 2007/2/EG van het Europees Parlement en de Raad betreffende de interoperabiliteit van verzamelingen ruimtelijke gegevens en van diensten met betrekking tot ruimtelijke gegevens</gco:CharacterString>
                    </gmd:title>
                    <gmd:alternateTitle>
                      <gco:CharacterString>D2.8.I.7 INSPIRE Data Specification on Transport Networks</gco:CharacterString>
                    </gmd:alternateTitle>
                    <gmd:date>
                      <gmd:CI_Date>
                        <gmd:date>
                          <gco:Date>2010-12-08</gco:Date>
                        </gmd:date>
                        <gmd:dateType>
                          <gmd:CI_DateTypeCode codeList="http://standards.iso.org/ittf/PubliclyAvailableStandards/ISO_19139_Schemas/resources/codelist/ML_gmxCodelists.xml#CI_DateTypeCode" codeListValue="publication" />
                        </gmd:dateType>
                      </gmd:CI_Date>
                    </gmd:date>
                  </gmd:CI_Citation>
                </gmd:specification>
                <gmd:explanation>
                  <gco:CharacterString>Op basis van dataspecificatie voor het thema Vervoersnetwerken, waterwegen zijn selecties gemaakt uit de database van de TOP10NL, en geharmoniseerd volgens de INSPIRE-eisen.</gco:CharacterString>
                </gmd:explanation>
                <gmd:pass>
                  <gco:Boolean>true</gco:Boolean>
                </gmd:pass>
              </gmd:DQ_ConformanceResult>
            </gmd:result>
          </gmd:DQ_DomainConsistency>
        </gmd:report>
        <gmd:report>
          <gmd:DQ_DomainConsistency>
            <gmd:result>
              <gmd:DQ_ConformanceResult>
                <gmd:specification>
                  <gmd:CI_Citation>
                    <gmd:title>
                      <gco:CharacterString>INSPIRE Data Specification on Transport Networks - Technical Guidelines</gco:CharacterString>
                    </gmd:title>
                    <gmd:date>
                      <gmd:CI_Date>
                        <gmd:date>
                          <gco:Date>2013-02-04</gco:Date>
                        </gmd:date>
                        <gmd:dateType>
                          <gmd:CI_DateTypeCode codeList="http://standards.iso.org/ittf/PubliclyAvailableStandards/ISO_19139_Schemas/resources/codelist/ML_gmxCodelists.xml#CI_DateTypeCode" codeListValue="publication" />
                        </gmd:dateType>
                      </gmd:CI_Date>
                    </gmd:date>
                  </gmd:CI_Citation>
                </gmd:specification>
                <gmd:explanation>
                  <gco:CharacterString>Geharmoniseerd volgens INSPIRE richtlijnen, met data afkomstig uit de TOP10NL</gco:CharacterString>
                </gmd:explanation>
                <gmd:pass>
                  <gco:Boolean>true</gco:Boolean>
                </gmd:pass>
              </gmd:DQ_ConformanceResult>
            </gmd:result>
          </gmd:DQ_DomainConsistency>
        </gmd:report>
        <gmd:lineage>
          <gmd:LI_Lineage>
            <gmd:statement>
              <gco:CharacterString>Basisregistratie Topografie (BRT) TOP10NL</gco:CharacterString>
            </gmd:statement>
          </gmd:LI_Lineage>
        </gmd:lineage>
      </gmd:DQ_DataQuality>
    </gmd:dataQualityInfo>
  </gmd:MD_Metadata>
</csw:GetRecordByIdResponse>



15:22:35.172 [ForkJoinPool-1-worker-13] DEBUG com.intuit.karate - response time in milliseconds: 820.37
1 < 200
1 < Cache-Control: no-cache
1 < Connection: Keep-Alive
1 < Content-Type: application/xml;charset=UTF-8
1 < Date: Fri, 25 Sep 2020 15:22:34 GMT
1 < Expires: -1
1 < Keep-Alive: timeout=5, max=100
1 < Pragma: no-cache
1 < Server: Apache
1 < Set-Cookie: JSESSIONID=81ABCE58856DB685EF4BD59A2502C0A6; Path=/geonetwork; HttpOnly
1 < Transfer-Encoding: chunked
1 < Vary: Accept-Encoding
<?xml version="1.0" encoding="UTF-8"?>
<csw:GetRecordByIdResponse xmlns:csw="http://www.opengis.net/cat/csw/2.0.2">
  <gmd:MD_Metadata xmlns:gmd="http://www.isotc211.org/2005/gmd" xmlns:gco="http://www.isotc211.org/2005/gco" xmlns:gml="http://www.opengis.net/gml" xmlns:gmx="http://www.isotc211.org/2005/gmx" xmlns:xlink="http://www.w3.org/1999/xlink" xmlns:xs="http://www.w3.org/2001/XMLSchema" xmlns:xsi="http://www.w3.org/2001/XMLSchema-instance" xmlns:geonet="http://www.fao.org/geonetwork" xsi:schemaLocation="http://www.isotc211.org/2005/gmd http://schemas.opengis.net/iso/19139/20060504/gmd/gmd.xsd http://www.isotc211.org/2005/gmx http://schemas.opengis.net/iso/19139/20060504/gmx/gmx.xsd">
    <gmd:fileIdentifier>
      <gco:CharacterString>8de2f5eb-b09f-4f6d-8397-8878a1b86238</gco:CharacterString>
    </gmd:fileIdentifier>
    <gmd:language>
      <gmd:LanguageCode codeList="http://www.loc.gov/standards/iso639-2/" codeListValue="dut" codeSpace="dut">Nederlands</gmd:LanguageCode>
    </gmd:language>
    <gmd:characterSet>
      <gmd:MD_CharacterSetCode codeList="https://www.isotc211.org/2005/resources/Codelist/gmxCodelists.xml#MD_CharacterSetCode" codeListValue="utf8" codeSpace="dut">utf8</gmd:MD_CharacterSetCode>
    </gmd:characterSet>
    <gmd:parentIdentifier gco:nilReason="missing">
      <gco:CharacterString />
    </gmd:parentIdentifier>
    <gmd:hierarchyLevel>
      <gmd:MD_ScopeCode codeList="https://www.isotc211.org/2005/resources/Codelist/gmxCodelists.xml#MD_ScopeCode" codeListValue="dataset" codeSpace="dut">dataset</gmd:MD_ScopeCode>
    </gmd:hierarchyLevel>
    <gmd:hierarchyLevelName gco:nilReason="missing">
      <gco:CharacterString />
    </gmd:hierarchyLevelName>
    <gmd:contact>
      <gmd:CI_ResponsibleParty>
        <gmd:individualName>
          <gco:CharacterString>Servicedesk Data</gco:CharacterString>
        </gmd:individualName>
        <gmd:organisationName>
          <gco:CharacterString>Rijkswaterstaat</gco:CharacterString>
        </gmd:organisationName>
        <gmd:positionName>
          <gco:CharacterString>contactpunt</gco:CharacterString>
        </gmd:positionName>
        <gmd:contactInfo>
          <gmd:CI_Contact>
            <gmd:phone>
              <gmd:CI_Telephone>
                <gmd:voice>
                  <gco:CharacterString>(088) 7973999</gco:CharacterString>
                </gmd:voice>
                <gmd:facsimile gco:nilReason="missing">
                  <gco:CharacterString />
                </gmd:facsimile>
              </gmd:CI_Telephone>
            </gmd:phone>
            <gmd:address>
              <gmd:CI_Address>
                <gmd:deliveryPoint>
                  <gco:CharacterString>Postbus 2232</gco:CharacterString>
                </gmd:deliveryPoint>
                <gmd:city>
                  <gco:CharacterString>Utrecht</gco:CharacterString>
                </gmd:city>
                <gmd:administrativeArea>
                  <gco:CharacterString>Utrecht</gco:CharacterString>
                </gmd:administrativeArea>
                <gmd:postalCode>
                  <gco:CharacterString>3500 GE</gco:CharacterString>
                </gmd:postalCode>
                <gmd:country>
                  <gco:CharacterString>Nederland</gco:CharacterString>
                </gmd:country>
                <gmd:electronicMailAddress>
                  <gco:CharacterString>servicedesk-data@rijkswaterstaat.nl</gco:CharacterString>
                </gmd:electronicMailAddress>
              </gmd:CI_Address>
            </gmd:address>
            <gmd:onlineResource>
              <gmd:CI_OnlineResource>
                <gmd:linkage>
                  <gmd:URL>https://www.rijkswaterstaat.nl</gmd:URL>
                </gmd:linkage>
              </gmd:CI_OnlineResource>
            </gmd:onlineResource>
          </gmd:CI_Contact>
        </gmd:contactInfo>
        <gmd:role>
          <gmd:CI_RoleCode codeList="https://www.isotc211.org/2005/resources/Codelist/gmxCodelists.xml#CI_RoleCode" codeListValue="pointOfContact" codeSpace="dut">contactpunt</gmd:CI_RoleCode>
        </gmd:role>
      </gmd:CI_ResponsibleParty>
    </gmd:contact>
    <gmd:dateStamp>
      <gco:Date>2020-07-05</gco:Date>
    </gmd:dateStamp>
    <gmd:metadataStandardName>
      <gco:CharacterString>ISO 19115</gco:CharacterString>
    </gmd:metadataStandardName>
    <gmd:metadataStandardVersion>
      <gco:CharacterString>Nederlands metadata profiel op ISO 19115 voor geografie 2.0</gco:CharacterString>
    </gmd:metadataStandardVersion>
    <gmd:referenceSystemInfo>
      <gmd:MD_ReferenceSystem>
        <gmd:referenceSystemIdentifier>
          <gmd:RS_Identifier>
            <gmd:code>
              <gmx:Anchor xlink:href="http://www.opengis.net/def/crs/EPSG/0/28992">28992</gmx:Anchor>
            </gmd:code>
          </gmd:RS_Identifier>
        </gmd:referenceSystemIdentifier>
      </gmd:MD_ReferenceSystem>
    </gmd:referenceSystemInfo>
    <gmd:referenceSystemInfo>
      <gmd:MD_ReferenceSystem>
        <gmd:referenceSystemIdentifier>
          <gmd:RS_Identifier>
            <gmd:code>
              <gmx:Anchor xlink:href="http://www.opengis.net/def/crs/EPSG/0/5730">5730</gmx:Anchor>
            </gmd:code>
          </gmd:RS_Identifier>
        </gmd:referenceSystemIdentifier>
      </gmd:MD_ReferenceSystem>
    </gmd:referenceSystemInfo>
    <gmd:identificationInfo>
      <gmd:MD_DataIdentification>
        <gmd:citation>
          <gmd:CI_Citation>
            <gmd:title>
              <gco:CharacterString>Geluidbelasting rijkswegen in Nederland 2011 (24-uurs gemiddelde)</gco:CharacterString>
            </gmd:title>
            <gmd:alternateTitle>
              <gco:CharacterString>Geluid rijkswegen tijdens etmaal 2011</gco:CharacterString>
            </gmd:alternateTitle>
            <gmd:date>
              <gmd:CI_Date>
                <gmd:date>
                  <gco:Date>2012-07-02</gco:Date>
                </gmd:date>
                <gmd:dateType>
                  <gmd:CI_DateTypeCode codeList="https://www.isotc211.org/2005/resources/Codelist/gmxCodelists.xml#CI_DateTypeCode" codeListValue="creation" codeSpace="dut">creatie</gmd:CI_DateTypeCode>
                </gmd:dateType>
              </gmd:CI_Date>
            </gmd:date>
            <gmd:edition gco:nilReason="missing">
              <gco:CharacterString />
            </gmd:edition>
            <gmd:identifier>
              <gmd:MD_Identifier>
                <gmd:code>
                  <gmx:Anchor xlink:href="https://www.nationaalgeoregister.nl/geonetwork/srv/dut/catalog.search#/metadata/8de2f5eb-b09f-4f6d-8397-8878a1b86238">0a674ea1-6ca3-4099-90b0-cbab71f1f01f</gmx:Anchor>
                </gmd:code>
              </gmd:MD_Identifier>
            </gmd:identifier>
            <gmd:series>
              <gmd:CI_Series>
                <gmd:name gco:nilReason="missing">
                  <gco:CharacterString />
                </gmd:name>
              </gmd:CI_Series>
            </gmd:series>
          </gmd:CI_Citation>
        </gmd:citation>
        <gmd:abstract>
          <gco:CharacterString>Lden, het gemiddelde geluidsniveau van 24-uur van een jaar. De kleuren op de kaart laten zien wat de invloed is van een snelweg op de omgeving. Groen staat voor weinig geluid, paars voor veel geluid. Op de kaart is alleen het geluidsniveau opgenomen hoger dan 55 decibel. Lagere geluidsniveaus zijn niet weergegeven. Op de kaart staan alle snelwegen die worden beheerd door Rijkswaterstaat. Geluidskaarten van andere wegen en andere geluidsbronnen zijn te vinden bij provincies en een aantal gemeenten.</gco:CharacterString>
        </gmd:abstract>
        <gmd:purpose>
          <gco:CharacterString>Geluidsbelasting omgeving voorkomen</gco:CharacterString>
        </gmd:purpose>
        <gmd:status>
          <gmd:MD_ProgressCode codeList="https://www.isotc211.org/2005/resources/Codelist/gmxCodelists.xml#MD_ProgressCode" codeListValue="completed" codeSpace="dut">compleet</gmd:MD_ProgressCode>
        </gmd:status>
        <gmd:pointOfContact>
          <gmd:CI_ResponsibleParty>
            <gmd:individualName gco:nilReason="missing">
              <gco:CharacterString />
            </gmd:individualName>
            <gmd:organisationName>
              <gco:CharacterString>Rijkswaterstaat</gco:CharacterString>
            </gmd:organisationName>
            <gmd:positionName gco:nilReason="missing">
              <gco:CharacterString />
            </gmd:positionName>
            <gmd:contactInfo>
              <gmd:CI_Contact>
                <gmd:phone>
                  <gmd:CI_Telephone>
                    <gmd:voice>
                      <gco:CharacterString>(088) 7973999</gco:CharacterString>
                    </gmd:voice>
                    <gmd:facsimile gco:nilReason="missing">
                      <gco:CharacterString />
                    </gmd:facsimile>
                  </gmd:CI_Telephone>
                </gmd:phone>
                <gmd:address>
                  <gmd:CI_Address>
                    <gmd:deliveryPoint>
                      <gco:CharacterString>Postbus 2232</gco:CharacterString>
                    </gmd:deliveryPoint>
                    <gmd:city>
                      <gco:CharacterString>Utrecht</gco:CharacterString>
                    </gmd:city>
                    <gmd:administrativeArea>
                      <gco:CharacterString>Utrecht</gco:CharacterString>
                    </gmd:administrativeArea>
                    <gmd:postalCode>
                      <gco:CharacterString>3500 GE</gco:CharacterString>
                    </gmd:postalCode>
                    <gmd:country>
                      <gco:CharacterString>Nederland</gco:CharacterString>
                    </gmd:country>
                    <gmd:electronicMailAddress>
                      <gco:CharacterString>servicedesk-data@rijkswaterstaat.nl</gco:CharacterString>
                    </gmd:electronicMailAddress>
                  </gmd:CI_Address>
                </gmd:address>
                <gmd:onlineResource>
                  <gmd:CI_OnlineResource>
                    <gmd:linkage>
                      <gmd:URL>https://www.rijkswaterstaat.nl</gmd:URL>
                    </gmd:linkage>
                  </gmd:CI_OnlineResource>
                </gmd:onlineResource>
              </gmd:CI_Contact>
            </gmd:contactInfo>
            <gmd:role>
              <gmd:CI_RoleCode codeList="https://www.isotc211.org/2005/resources/Codelist/gmxCodelists.xml#CI_RoleCode" codeListValue="owner" codeSpace="dut">eigenaar</gmd:CI_RoleCode>
            </gmd:role>
          </gmd:CI_ResponsibleParty>
        </gmd:pointOfContact>
        <gmd:resourceMaintenance>
          <gmd:MD_MaintenanceInformation>
            <gmd:maintenanceAndUpdateFrequency>
              <gmd:MD_MaintenanceFrequencyCode codeList="https://www.isotc211.org/2005/resources/Codelist/gmxCodelists.xml#MD_MaintenanceFrequencyCode" codeListValue="notPlanned" codeSpace="dut">Niet gepland</gmd:MD_MaintenanceFrequencyCode>
            </gmd:maintenanceAndUpdateFrequency>
            <gmd:dateOfNextUpdate>
              <gco:Date>2017-03-15</gco:Date>
            </gmd:dateOfNextUpdate>
          </gmd:MD_MaintenanceInformation>
        </gmd:resourceMaintenance>
        <gmd:graphicOverview>
          <gmd:MD_BrowseGraphic>
            <gmd:fileName>
              <gco:CharacterString>https://www.rijkswaterstaat.nl/apps/geoservices/geodata/dmc/metadata_diversen/img/geluidbelasting_rijkswegen.jpg</gco:CharacterString>
            </gmd:fileName>
          </gmd:MD_BrowseGraphic>
        </gmd:graphicOverview>
        <gmd:descriptiveKeywords>
          <gmd:MD_Keywords>
            <gmd:keyword>
              <gmx:Anchor xlink:href="http://rdfdata.eionet.europa.eu/inspirethemes/themes/18">Menselijke gezondheid en veiligheid</gmx:Anchor>
            </gmd:keyword>
            <gmd:thesaurusName>
              <gmd:CI_Citation>
                <gmd:title>
                  <gmx:Anchor xlink:href="http://inspire.ec.europa.eu/theme#">GEMET - INSPIRE themes, version 1.0</gmx:Anchor>
                </gmd:title>
                <gmd:alternateTitle gco:nilReason="missing">
                  <gco:CharacterString />
                </gmd:alternateTitle>
                <gmd:date>
                  <gmd:CI_Date>
                    <gmd:date>
                      <gco:Date>2008-06-01</gco:Date>
                    </gmd:date>
                    <gmd:dateType>
                      <gmd:CI_DateTypeCode codeList="http://www.isotc211.org/2005/resources/Codelist/gmxCodelists.xml#CI_DateTypeCode" codeListValue="publication" codeSpace="dut">publicatie</gmd:CI_DateTypeCode>
                    </gmd:dateType>
                  </gmd:CI_Date>
                </gmd:date>
              </gmd:CI_Citation>
            </gmd:thesaurusName>
          </gmd:MD_Keywords>
        </gmd:descriptiveKeywords>
        <gmd:descriptiveKeywords>
          <gmd:MD_Keywords>
            <gmd:keyword>
              <gmx:Anchor xlink:href="http://inspire.ec.europa.eu/metadata-codelist/PriorityDataset/MajorRoadsNoiseExposureDelineationDEN-dir-2002-49">Geluidsbelasting hoofdwegen dag-avond-nacht (Richtlijn Omgevingslawaai)</gmx:Anchor>
            </gmd:keyword>
            <gmd:type>
              <gmd:MD_KeywordTypeCode codeList="https://www.isotc211.org/2005/resources/Codelist/gmxCodelists.xml#MD_KeywordTypeCode" codeListValue="theme" codeSpace="dut">thema</gmd:MD_KeywordTypeCode>
            </gmd:type>
            <gmd:thesaurusName>
              <gmd:CI_Citation>
                <gmd:title>
                  <gmx:Anchor xlink:href="http://inspire.ec.europa.eu/metadata-codelist/PriorityDataset#">INSPIRE prioritaire dataset</gmx:Anchor>
                </gmd:title>
                <gmd:date>
                  <gmd:CI_Date>
                    <gmd:date>
                      <gco:Date>2019-06-03</gco:Date>
                    </gmd:date>
                    <gmd:dateType>
                      <gmd:CI_DateTypeCode codeList="https://www.isotc211.org/2005/resources/Codelist/gmxCodelists.xml#CI_DateTypeCode" codeListValue="publication" codeSpace="dut">publicatie</gmd:CI_DateTypeCode>
                    </gmd:dateType>
                  </gmd:CI_Date>
                </gmd:date>
                <gmd:identifier>
                  <gmd:MD_Identifier>
                    <gmd:code>
                      <gmx:Anchor xlink:href="https://ngr.geocat.live/geonetwork/srv/eng/thesaurus.download?ref=external.theme.httpinspireeceuropaeumetadatacodelistPrioritydataset-Prioritydataset">geonetwork.thesaurus.external.theme.httpinspireeceuropaeumetadatacodelistPrioritydataset-Prioritydataset</gmx:Anchor>
                    </gmd:code>
                  </gmd:MD_Identifier>
                </gmd:identifier>
              </gmd:CI_Citation>
            </gmd:thesaurusName>
          </gmd:MD_Keywords>
        </gmd:descriptiveKeywords>
        <gmd:descriptiveKeywords>
          <gmd:MD_Keywords>
            <gmd:keyword>
              <gmx:Anchor xlink:href="http://inspire.ec.europa.eu/metadata-codelist/SpatialScope/national">Nationaal</gmx:Anchor>
            </gmd:keyword>
            <gmd:type>
              <gmd:MD_KeywordTypeCode codeList="https://www.isotc211.org/2005/resources/Codelist/gmxCodelists.xml#MD_KeywordTypeCode" codeListValue="theme" codeSpace="dut">thema</gmd:MD_KeywordTypeCode>
            </gmd:type>
            <gmd:thesaurusName>
              <gmd:CI_Citation>
                <gmd:title>
                  <gmx:Anchor xlink:href="http://inspire.ec.europa.eu/metadata-codelist/SpatialScope">Ruimtelijke dekking</gmx:Anchor>
                </gmd:title>
                <gmd:date>
                  <gmd:CI_Date>
                    <gmd:date>
                      <gco:Date>2019-06-03</gco:Date>
                    </gmd:date>
                    <gmd:dateType>
                      <gmd:CI_DateTypeCode codeList="https://www.isotc211.org/2005/resources/Codelist/gmxCodelists.xml#CI_DateTypeCode" codeListValue="publication" codeSpace="dut">publicatie</gmd:CI_DateTypeCode>
                    </gmd:dateType>
                  </gmd:CI_Date>
                </gmd:date>
                <gmd:identifier>
                  <gmd:MD_Identifier>
                    <gmd:code>
                      <gmx:Anchor xlink:href="https://ngr.geocat.live/geonetwork/srv/eng/thesaurus.download?ref=external.theme.httpinspireeceuropaeumetadatacodelistSpatialScope-SpatialScope">geonetwork.thesaurus.external.theme.httpinspireeceuropaeumetadatacodelistSpatialScope-SpatialScope</gmx:Anchor>
                    </gmd:code>
                  </gmd:MD_Identifier>
                </gmd:identifier>
              </gmd:CI_Citation>
            </gmd:thesaurusName>
          </gmd:MD_Keywords>
        </gmd:descriptiveKeywords>
        <gmd:descriptiveKeywords>
          <gmd:MD_Keywords>
            <gmd:keyword>
              <gco:CharacterString>geluid</gco:CharacterString>
            </gmd:keyword>
            <gmd:keyword>
              <gco:CharacterString>lawaai</gco:CharacterString>
            </gmd:keyword>
            <gmd:keyword>
              <gco:CharacterString>Lden</gco:CharacterString>
            </gmd:keyword>
          </gmd:MD_Keywords>
        </gmd:descriptiveKeywords>
        <gmd:resourceSpecificUsage>
          <gmd:MD_Usage>
            <gmd:specificUsage gco:nilReason="missing">
              <gco:CharacterString />
            </gmd:specificUsage>
            <gmd:userContactInfo>
              <gmd:CI_ResponsibleParty>
                <gmd:individualName gco:nilReason="missing">
                  <gco:CharacterString />
                </gmd:individualName>
                <gmd:organisationName gco:nilReason="missing">
                  <gco:CharacterString />
                </gmd:organisationName>
                <gmd:positionName gco:nilReason="missing">
                  <gco:CharacterString />
                </gmd:positionName>
                <gmd:contactInfo>
                  <gmd:CI_Contact>
                    <gmd:phone>
                      <gmd:CI_Telephone>
                        <gmd:voice gco:nilReason="missing">
                          <gco:CharacterString />
                        </gmd:voice>
                        <gmd:facsimile gco:nilReason="missing">
                          <gco:CharacterString />
                        </gmd:facsimile>
                      </gmd:CI_Telephone>
                    </gmd:phone>
                    <gmd:address>
                      <gmd:CI_Address>
                        <gmd:deliveryPoint gco:nilReason="missing">
                          <gco:CharacterString />
                        </gmd:deliveryPoint>
                        <gmd:city gco:nilReason="missing">
                          <gco:CharacterString />
                        </gmd:city>
                        <gmd:administrativeArea gco:nilReason="missing">
                          <gco:CharacterString />
                        </gmd:administrativeArea>
                        <gmd:postalCode gco:nilReason="missing">
                          <gco:CharacterString />
                        </gmd:postalCode>
                        <gmd:country gco:nilReason="missing">
                          <gco:CharacterString />
                        </gmd:country>
                        <gmd:electronicMailAddress gco:nilReason="missing">
                          <gco:CharacterString />
                        </gmd:electronicMailAddress>
                      </gmd:CI_Address>
                    </gmd:address>
                    <gmd:onlineResource>
                      <gmd:CI_OnlineResource>
                        <gmd:linkage gco:nilReason="missing">
                          <gmd:URL />
                        </gmd:linkage>
                      </gmd:CI_OnlineResource>
                    </gmd:onlineResource>
                  </gmd:CI_Contact>
                </gmd:contactInfo>
                <gmd:role>
                  <gmd:CI_RoleCode codeList="https://www.isotc211.org/2005/resources/Codelist/gmxCodelists.xml#CI_RoleCode" codeListValue="user" codeSpace="dut" />
                </gmd:role>
              </gmd:CI_ResponsibleParty>
            </gmd:userContactInfo>
          </gmd:MD_Usage>
        </gmd:resourceSpecificUsage>
        <gmd:resourceConstraints>
          <gmd:MD_Constraints>
            <gmd:useLimitation>
              <gco:CharacterString>Geen gebruiksbeperkingen</gco:CharacterString>
            </gmd:useLimitation>
          </gmd:MD_Constraints>
        </gmd:resourceConstraints>
        <gmd:resourceConstraints>
          <gmd:MD_LegalConstraints>
            <gmd:accessConstraints>
              <gmd:MD_RestrictionCode codeList="http://www.isotc211.org/2005/resources/Codelist/gmxCodelists.xml#MD_RestrictionCode" codeListValue="otherRestrictions" codeSpace="dut">anders</gmd:MD_RestrictionCode>
            </gmd:accessConstraints>
            <gmd:otherConstraints>
              <gmx:Anchor xlink:href="http://creativecommons.org/publicdomain/zero/1.0/deed.nl">Geen beperkingen</gmx:Anchor>
            </gmd:otherConstraints>
            <gmd:otherConstraints>
              <gmx:Anchor xlink:href="http://inspire.ec.europa.eu/metadata-codelist/ConditionsApplyingToAccessAndUse/noConditionsApply">Geen beperkingen</gmx:Anchor>
            </gmd:otherConstraints>
          </gmd:MD_LegalConstraints>
        </gmd:resourceConstraints>
        <gmd:resourceConstraints>
          <gmd:MD_LegalConstraints>
            <gmd:accessConstraints>
              <gmd:MD_RestrictionCode codeList="http://www.isotc211.org/2005/resources/Codelist/gmxCodelists.xml#MD_RestrictionCode" codeListValue="otherRestrictions" codeSpace="dut">anders</gmd:MD_RestrictionCode>
            </gmd:accessConstraints>
            <gmd:otherConstraints>
              <gmx:Anchor xlink:href="http://inspire.ec.europa.eu/metadata-codelist/LimitationsOnPublicAccess/noLimitations">Geen beperkingen</gmx:Anchor>
            </gmd:otherConstraints>
          </gmd:MD_LegalConstraints>
        </gmd:resourceConstraints>
        <gmd:resourceConstraints>
          <gmd:MD_SecurityConstraints>
            <gmd:classification>
              <gmd:MD_ClassificationCode codeList="https://www.isotc211.org/2005/resources/Codelist/gmxCodelists.xml#MD_ClassificationCode" codeListValue="unclassified" codeSpace="dut">vrij toegankelijk</gmd:MD_ClassificationCode>
            </gmd:classification>
            <gmd:userNote gco:nilReason="missing">
              <gco:CharacterString />
            </gmd:userNote>
            <gmd:classificationSystem gco:nilReason="missing">
              <gco:CharacterString />
            </gmd:classificationSystem>
            <gmd:handlingDescription gco:nilReason="missing">
              <gco:CharacterString />
            </gmd:handlingDescription>
          </gmd:MD_SecurityConstraints>
        </gmd:resourceConstraints>
        <gmd:spatialRepresentationType>
          <gmd:MD_SpatialRepresentationTypeCode codeList="https://www.isotc211.org/2005/resources/Codelist/gmxCodelists.xml#MD_SpatialRepresentationTypeCode" codeListValue="vector" codeSpace="dut">vector</gmd:MD_SpatialRepresentationTypeCode>
        </gmd:spatialRepresentationType>
        <gmd:spatialResolution>
          <gmd:MD_Resolution>
            <gmd:equivalentScale>
              <gmd:MD_RepresentativeFraction>
                <gmd:denominator>
                  <gco:Integer>5000</gco:Integer>
                </gmd:denominator>
              </gmd:MD_RepresentativeFraction>
            </gmd:equivalentScale>
          </gmd:MD_Resolution>
        </gmd:spatialResolution>
        <gmd:spatialResolution>
          <gmd:MD_Resolution>
            <gmd:distance />
          </gmd:MD_Resolution>
        </gmd:spatialResolution>
        <gmd:language>
          <gmd:LanguageCode codeList="http://www.loc.gov/standards/iso639-2/" codeListValue="dut" codeSpace="dut">Nederlands</gmd:LanguageCode>
        </gmd:language>
        <gmd:characterSet>
          <gmd:MD_CharacterSetCode codeList="https://www.isotc211.org/2005/resources/Codelist/gmxCodelists.xml#MD_CharacterSetCode" codeListValue="utf8" codeSpace="dut">utf8</gmd:MD_CharacterSetCode>
        </gmd:characterSet>
        <gmd:topicCategory>
          <gmd:MD_TopicCategoryCode>transportation</gmd:MD_TopicCategoryCode>
        </gmd:topicCategory>
        <gmd:topicCategory>
          <gmd:MD_TopicCategoryCode>environment</gmd:MD_TopicCategoryCode>
        </gmd:topicCategory>
        <gmd:extent>
          <gmd:EX_Extent>
            <gmd:description gco:nilReason="missing">
              <gco:CharacterString />
            </gmd:description>
            <gmd:geographicElement>
              <gmd:EX_GeographicBoundingBox>
                <gmd:westBoundLongitude>
                  <gco:Decimal>3.119</gco:Decimal>
                </gmd:westBoundLongitude>
                <gmd:eastBoundLongitude>
                  <gco:Decimal>7.253</gco:Decimal>
                </gmd:eastBoundLongitude>
                <gmd:southBoundLatitude>
                  <gco:Decimal>50.67</gco:Decimal>
                </gmd:southBoundLatitude>
                <gmd:northBoundLatitude>
                  <gco:Decimal>53.612</gco:Decimal>
                </gmd:northBoundLatitude>
              </gmd:EX_GeographicBoundingBox>
            </gmd:geographicElement>
            <gmd:geographicElement>
              <gmd:EX_GeographicDescription>
                <gmd:geographicIdentifier>
                  <gmd:MD_Identifier>
                    <gmd:code>
                      <gco:CharacterString>Nederland</gco:CharacterString>
                    </gmd:code>
                  </gmd:MD_Identifier>
                </gmd:geographicIdentifier>
              </gmd:EX_GeographicDescription>
            </gmd:geographicElement>
            <gmd:temporalElement>
              <gmd:EX_TemporalExtent>
                <gmd:extent>
                  <gml:TimePeriod gml:id="temporal-extent-1">
                    <gml:beginPosition>2008-01-01</gml:beginPosition>
                    <gml:endPosition>2012-07-02</gml:endPosition>
                  </gml:TimePeriod>
                </gmd:extent>
              </gmd:EX_TemporalExtent>
            </gmd:temporalElement>
            <gmd:verticalElement>
              <gmd:EX_VerticalExtent>
                <gmd:minimumValue>
                  <gco:Real>0.0</gco:Real>
                </gmd:minimumValue>
                <gmd:maximumValue>
                  <gco:Real>0.0</gco:Real>
                </gmd:maximumValue>
                <gmd:verticalCRS xlink:href="urn:ogc:def:crs:EPSG::5709" />
              </gmd:EX_VerticalExtent>
            </gmd:verticalElement>
          </gmd:EX_Extent>
        </gmd:extent>
        <gmd:supplementalInformation>
          <gco:CharacterString>https://www.rijkswaterstaat.nl/wegen/wetten-regels-en-vergunningen/geluid-langs-rijkswegen/index.aspx</gco:CharacterString>
        </gmd:supplementalInformation>
      </gmd:MD_DataIdentification>
    </gmd:identificationInfo>
    <gmd:contentInfo />
    <gmd:distributionInfo>
      <gmd:MD_Distribution>
        <gmd:distributionFormat>
          <gmd:MD_Format>
            <gmd:name>
              <gmx:Anchor xlink:href="http://inspire.ec.europa.eu/schemas/hh/4.0/HumanHealth.xsd">Human Health GML application schema</gmx:Anchor>
            </gmd:name>
            <gmd:version>
              <gco:CharacterString>4.0</gco:CharacterString>
            </gmd:version>
            <gmd:specification>
              <gmx:Anchor xlink:href="http://inspire.ec.europa.eu/id/document/tg/hh">INSPIRE data specificatie Menselijke gezondheid en veiligheid</gmx:Anchor>
            </gmd:specification>
          </gmd:MD_Format>
        </gmd:distributionFormat>
        <gmd:distributor>
          <gmd:MD_Distributor>
            <gmd:distributorContact>
              <gmd:CI_ResponsibleParty>
                <gmd:individualName gco:nilReason="missing">
                  <gco:CharacterString />
                </gmd:individualName>
                <gmd:organisationName>
                  <gco:CharacterString>Rijkswaterstaat</gco:CharacterString>
                </gmd:organisationName>
                <gmd:positionName gco:nilReason="missing">
                  <gco:CharacterString />
                </gmd:positionName>
                <gmd:contactInfo>
                  <gmd:CI_Contact>
                    <gmd:phone>
                      <gmd:CI_Telephone>
                        <gmd:voice>
                          <gco:CharacterString>(088) 7973999</gco:CharacterString>
                        </gmd:voice>
                        <gmd:facsimile gco:nilReason="missing">
                          <gco:CharacterString />
                        </gmd:facsimile>
                      </gmd:CI_Telephone>
                    </gmd:phone>
                    <gmd:address>
                      <gmd:CI_Address>
                        <gmd:deliveryPoint gco:nilReason="missing">
                          <gco:CharacterString />
                        </gmd:deliveryPoint>
                        <gmd:city gco:nilReason="missing">
                          <gco:CharacterString />
                        </gmd:city>
                        <gmd:administrativeArea gco:nilReason="missing">
                          <gco:CharacterString />
                        </gmd:administrativeArea>
                        <gmd:postalCode gco:nilReason="missing">
                          <gco:CharacterString />
                        </gmd:postalCode>
                        <gmd:country>
                          <gco:CharacterString>Nederland</gco:CharacterString>
                        </gmd:country>
                        <gmd:electronicMailAddress>
                          <gco:CharacterString>servicedesk-data@rijkswaterstaat.nl</gco:CharacterString>
                        </gmd:electronicMailAddress>
                      </gmd:CI_Address>
                    </gmd:address>
                    <gmd:onlineResource>
                      <gmd:CI_OnlineResource>
                        <gmd:linkage>
                          <gmd:URL>https://www.rijkswaterstaat.nl</gmd:URL>
                        </gmd:linkage>
                      </gmd:CI_OnlineResource>
                    </gmd:onlineResource>
                  </gmd:CI_Contact>
                </gmd:contactInfo>
                <gmd:role>
                  <gmd:CI_RoleCode codeList="https://www.isotc211.org/2005/resources/Codelist/gmxCodelists.xml#CI_RoleCode" codeListValue="distributor" codeSpace="dut">distributeur</gmd:CI_RoleCode>
                </gmd:role>
              </gmd:CI_ResponsibleParty>
            </gmd:distributorContact>
          </gmd:MD_Distributor>
        </gmd:distributor>
        <gmd:transferOptions>
          <gmd:MD_DigitalTransferOptions>
            <gmd:unitsOfDistribution gco:nilReason="missing" />
            <gmd:transferSize gco:nilReason="missing" />
            <gmd:onLine>
              <gmd:CI_OnlineResource>
                <gmd:linkage>
                  <gmd:URL>https://geodata.nationaalgeoregister.nl/rwsgeluidskaarten/wms?service=WMS&amp;version=1.3.0&amp;request=GetCapabilities</gmd:URL>
                </gmd:linkage>
                <gmd:protocol>
                  <gmx:Anchor xlink:href="http://www.opengis.net/def/serviceType/ogc/wms">OGC:WMS</gmx:Anchor>
                </gmd:protocol>
                <gmd:applicationProfile>
                  <gmx:Anchor xlink:href="http://inspire.ec.europa.eu/metadata-codelist/SpatialDataServiceType/view">Raadpleegdienst</gmx:Anchor>
                </gmd:applicationProfile>
                <gmd:name>
                  <gco:CharacterString>Lden_2011</gco:CharacterString>
                </gmd:name>
                <gmd:description>
                  <gmx:Anchor xlink:href="http://inspire.ec.europa.eu/metadata-codelist/OnLineDescriptionCode/accessPoint">accessPoint</gmx:Anchor>
                </gmd:description>
              </gmd:CI_OnlineResource>
            </gmd:onLine>
            <gmd:onLine>
              <gmd:CI_OnlineResource>
                <gmd:linkage>
                  <gmd:URL>https://geodata.nationaalgeoregister.nl/rwsgeluidskaarten/wfs?service=WFS&amp;version=2.0.0&amp;request=GetCapabilities</gmd:URL>
                </gmd:linkage>
                <gmd:protocol>
                  <gmx:Anchor xlink:href="http://www.opengis.net/def/serviceType/ogc/wfs">OGC:WFS</gmx:Anchor>
                </gmd:protocol>
                <gmd:applicationProfile>
                  <gmx:Anchor xlink:href="http://inspire.ec.europa.eu/metadata-codelist/SpatialDataServiceType/other">Andere dienst</gmx:Anchor>
                </gmd:applicationProfile>
                <gmd:name>
                  <gco:CharacterString>Lden_2011</gco:CharacterString>
                </gmd:name>
                <gmd:description>
                  <gmx:Anchor xlink:href="http://inspire.ec.europa.eu/metadata-codelist/OnLineDescriptionCode/accessPoint">accessPoint</gmx:Anchor>
                </gmd:description>
              </gmd:CI_OnlineResource>
            </gmd:onLine>
            <gmd:onLine>
              <gmd:CI_OnlineResource>
                <gmd:linkage>
                  <gmd:URL>https://geodata.nationaalgeoregister.nl/rwsgeluidskaarten/atom/rwsgeluidskaarten.xml</gmd:URL>
                </gmd:linkage>
                <gmd:protocol>
                  <gmx:Anchor xlink:href="https://tools.ietf.org/html/rfc4287">INSPIRE Atom</gmx:Anchor>
                </gmd:protocol>
                <gmd:applicationProfile>
                  <gmx:Anchor xlink:href="http://inspire.ec.europa.eu/metadata-codelist/SpatialDataServiceType/download">Downloaddienst</gmx:Anchor>
                </gmd:applicationProfile>
                <gmd:name>
                  <gco:CharacterString>Geluidbelasting rijkswegen - Atom Service Feed</gco:CharacterString>
                </gmd:name>
                <gmd:description>
                  <gmx:Anchor xlink:href="http://inspire.ec.europa.eu/metadata-codelist/OnLineDescriptionCode/accessPoint">accessPoint</gmx:Anchor>
                </gmd:description>
              </gmd:CI_OnlineResource>
            </gmd:onLine>
          </gmd:MD_DigitalTransferOptions>
        </gmd:transferOptions>
      </gmd:MD_Distribution>
    </gmd:distributionInfo>
    <gmd:dataQualityInfo>
      <gmd:DQ_DataQuality>
        <gmd:scope>
          <gmd:DQ_Scope>
            <gmd:level>
              <gmd:MD_ScopeCode codeList="https://www.isotc211.org/2005/resources/Codelist/gmxCodelists.xml#MD_ScopeCode" codeListValue="dataset" codeSpace="dut">dataset</gmd:MD_ScopeCode>
            </gmd:level>
          </gmd:DQ_Scope>
        </gmd:scope>
        <gmd:report>
          <gmd:DQ_DomainConsistency>
            <gmd:result>
              <gmd:DQ_ConformanceResult>
                <gmd:specification>
                  <gmd:CI_Citation>
                    <gmd:title>
                      <gmx:Anchor xlink:href="http://inspire.ec.europa.eu/id/document/tg/au">VERORDENING (EU) Nr. 1089/2010 VAN DE COMMISSIE van 23 november 2010 ter uitvoering van Richtlijn 2007/2/EG van het Europees Parlement en de Raad betreffende de interoperabiliteit van verzamelingen ruimtelijke gegevens en van diensten met betrekking tot ruimtelijke gegevens</gmx:Anchor>
                    </gmd:title>
                    <gmd:alternateTitle />
                    <gmd:date>
                      <gmd:CI_Date>
                        <gmd:date>
                          <gco:Date>2010-12-08</gco:Date>
                        </gmd:date>
                        <gmd:dateType>
                          <gmd:CI_DateTypeCode codeList="https://www.isotc211.org/2005/resources/Codelist/gmxCodelists.xml#CI_DateTypeCode" codeListValue="publication" codeSpace="dut">publicatie</gmd:CI_DateTypeCode>
                        </gmd:dateType>
                      </gmd:CI_Date>
                    </gmd:date>
                  </gmd:CI_Citation>
                </gmd:specification>
                <gmd:explanation>
                  <gco:CharacterString>De hier gehanteerde domeinen wijken af van de domeinen uit de dataspecificaties van INSPlRE</gco:CharacterString>
                </gmd:explanation>
                <gmd:pass>
                  <gco:Boolean>false</gco:Boolean>
                </gmd:pass>
              </gmd:DQ_ConformanceResult>
            </gmd:result>
          </gmd:DQ_DomainConsistency>
        </gmd:report>
        <gmd:report>
          <gmd:DQ_CompletenessOmission>
            <gmd:result>
              <gmd:DQ_QuantitativeResult>
                <gmd:valueUnit>
                  <gml:UnitDefinition gml:id="id-9">
                    <gml:description>tekst</gml:description>
                    <gml:identifier codeSpace="" />
                  </gml:UnitDefinition>
                </gmd:valueUnit>
                <gmd:value xmlns:xlin="http://www.w3.org/1999/xlink" xlin:type="simple">
                  <gco:Record xsi:type="xs:string">volledig</gco:Record>
                </gmd:value>
              </gmd:DQ_QuantitativeResult>
            </gmd:result>
          </gmd:DQ_CompletenessOmission>
        </gmd:report>
        <gmd:report>
          <gmd:DQ_AbsoluteExternalPositionalAccuracy>
            <gmd:result>
              <gmd:DQ_QuantitativeResult>
                <gmd:valueUnit>
                  <gml:UnitDefinition gml:id="id-10">
                    <gml:description>m</gml:description>
                    <gml:identifier codeSpace="" />
                  </gml:UnitDefinition>
                </gmd:valueUnit>
                <gmd:value xmlns:xlin="http://www.w3.org/1999/xlink" xlin:type="simple">
                  <gco:Record xsi:type="xs:string">1</gco:Record>
                </gmd:value>
              </gmd:DQ_QuantitativeResult>
            </gmd:result>
          </gmd:DQ_AbsoluteExternalPositionalAccuracy>
        </gmd:report>
        <gmd:lineage>
          <gmd:LI_Lineage>
            <gmd:statement>
              <gco:CharacterString>Dataset wordt door de Rijkswaterstaat Centrale Informatievoorziening op basis van aangeleverde informatie aangemaakt op basis van geografische data uit Basis Netwerk.</gco:CharacterString>
            </gmd:statement>
            <gmd:processStep>
              <gmd:LI_ProcessStep>
                <gmd:description>
                  <gco:CharacterString />
                </gmd:description>
                <gmd:dateTime>
                  <gco:DateTime>2016-12-15T00:00:00</gco:DateTime>
                </gmd:dateTime>
                <gmd:processor>
                  <gmd:CI_ResponsibleParty>
                    <gmd:individualName gco:nilReason="missing">
                      <gco:CharacterString />
                    </gmd:individualName>
                    <gmd:organisationName>
                      <gco:CharacterString>Rijkswaterstaat</gco:CharacterString>
                    </gmd:organisationName>
                    <gmd:positionName gco:nilReason="missing">
                      <gco:CharacterString />
                    </gmd:positionName>
                    <gmd:contactInfo>
                      <gmd:CI_Contact>
                        <gmd:phone>
                          <gmd:CI_Telephone>
                            <gmd:voice>
                              <gco:CharacterString>(088) 7973999</gco:CharacterString>
                            </gmd:voice>
                            <gmd:facsimile gco:nilReason="missing">
                              <gco:CharacterString />
                            </gmd:facsimile>
                          </gmd:CI_Telephone>
                        </gmd:phone>
                        <gmd:address>
                          <gmd:CI_Address>
                            <gmd:deliveryPoint>
                              <gco:CharacterString>Postbus 2232</gco:CharacterString>
                            </gmd:deliveryPoint>
                            <gmd:city>
                              <gco:CharacterString>Utrecht</gco:CharacterString>
                            </gmd:city>
                            <gmd:administrativeArea>
                              <gco:CharacterString>Utrecht</gco:CharacterString>
                            </gmd:administrativeArea>
                            <gmd:postalCode>
                              <gco:CharacterString>3500 GE</gco:CharacterString>
                            </gmd:postalCode>
                            <gmd:country>
                              <gco:CharacterString>Nederland</gco:CharacterString>
                            </gmd:country>
                            <gmd:electronicMailAddress>
                              <gco:CharacterString>servicedesk-data@rijkswaterstaat.nl</gco:CharacterString>
                            </gmd:electronicMailAddress>
                          </gmd:CI_Address>
                        </gmd:address>
                        <gmd:onlineResource>
                          <gmd:CI_OnlineResource>
                            <gmd:linkage>
                              <gmd:URL>https://www.rijkswaterstaat.nl</gmd:URL>
                            </gmd:linkage>
                          </gmd:CI_OnlineResource>
                        </gmd:onlineResource>
                      </gmd:CI_Contact>
                    </gmd:contactInfo>
                    <gmd:role>
                      <gmd:CI_RoleCode codeList="https://www.isotc211.org/2005/resources/Codelist/gmxCodelists.xml#CI_RoleCode" codeListValue="custodian" codeSpace="dut">maker</gmd:CI_RoleCode>
                    </gmd:role>
                  </gmd:CI_ResponsibleParty>
                </gmd:processor>
              </gmd:LI_ProcessStep>
            </gmd:processStep>
          </gmd:LI_Lineage>
        </gmd:lineage>
      </gmd:DQ_DataQuality>
    </gmd:dataQualityInfo>
  </gmd:MD_Metadata>
</csw:GetRecordByIdResponse>



15:22:35.214 [ForkJoinPool-1-worker-7] DEBUG com.intuit.karate - response time in milliseconds: 896.48
1 < 200
1 < Cache-Control: no-cache
1 < Connection: Keep-Alive
1 < Content-Type: application/xml;charset=UTF-8
1 < Date: Fri, 25 Sep 2020 15:22:34 GMT
1 < Expires: -1
1 < Keep-Alive: timeout=5, max=100
1 < Pragma: no-cache
1 < Server: Apache
1 < Set-Cookie: JSESSIONID=7EF4F176AD5B205129F81161933D1F7D; Path=/geonetwork; HttpOnly
1 < Transfer-Encoding: chunked
1 < Vary: Accept-Encoding
<?xml version="1.0" encoding="UTF-8"?>
<csw:GetRecordByIdResponse xmlns:csw="http://www.opengis.net/cat/csw/2.0.2">
  <gmd:MD_Metadata xmlns:gmd="http://www.isotc211.org/2005/gmd" xmlns:xsi="http://www.w3.org/2001/XMLSchema-instance" xmlns:geonet="http://www.fao.org/geonetwork" xmlns:gmx="http://www.isotc211.org/2005/gmx" xsi:schemaLocation="http://www.isotc211.org/2005/gmd http://schemas.opengis.net/iso/19139/20060504/gmd/gmd.xsd http://www.isotc211.org/2005/gmx http://schemas.opengis.net/iso/19139/20060504/gmx/gmx.xsd">
    <gmd:fileIdentifier>
      <gco:CharacterString xmlns:gco="http://www.isotc211.org/2005/gco">36a7e8cb-8300-4602-93d2-135943365a6f</gco:CharacterString>
    </gmd:fileIdentifier>
    <gmd:language>
      <gmd:LanguageCode codeList="http://www.loc.gov/standards/iso639-2/" codeListValue="dut">Nederlands; Vlaams</gmd:LanguageCode>
    </gmd:language>
    <gmd:characterSet>
      <gmd:MD_CharacterSetCode codeList="http://standards.iso.org/ittf/PubliclyAvailableStandards/ISO_19139_Schemas/resources/codelist/ML_gmxCodelists.xml#MD_CharacterSetCode" codeListValue="utf8">utf8</gmd:MD_CharacterSetCode>
    </gmd:characterSet>
    <gmd:parentIdentifier xmlns:gco="http://www.isotc211.org/2005/gco" gco:nilReason="missing">
      <gco:CharacterString />
    </gmd:parentIdentifier>
    <gmd:hierarchyLevel>
      <gmd:MD_ScopeCode codeList="http://standards.iso.org/ittf/PubliclyAvailableStandards/ISO_19139_Schemas/resources/codelist/ML_gmxCodelists.xml#MD_ScopeCode" codeListValue="dataset">dataset</gmd:MD_ScopeCode>
    </gmd:hierarchyLevel>
    <gmd:hierarchyLevelName xmlns:gco="http://www.isotc211.org/2005/gco" gco:nilReason="missing">
      <gco:CharacterString />
    </gmd:hierarchyLevelName>
    <gmd:contact>
      <gmd:CI_ResponsibleParty>
        <gmd:individualName xmlns:gco="http://www.isotc211.org/2005/gco" gco:nilReason="missing">
          <gco:CharacterString />
        </gmd:individualName>
        <gmd:organisationName>
          <gmx:Anchor xmlns:xlink="http://www.w3.org/1999/xlink" xlink:href="http://standaarden.overheid.nl/owms/terms/Rijksinstituut_voor_Volksgezondheid_en_Milieu">Rijksinstituut voor Volksgezondheid en Milieu</gmx:Anchor>
        </gmd:organisationName>
        <gmd:positionName xmlns:gco="http://www.isotc211.org/2005/gco" gco:nilReason="missing">
          <gco:CharacterString />
        </gmd:positionName>
        <gmd:contactInfo>
          <gmd:CI_Contact>
            <gmd:phone>
              <gmd:CI_Telephone>
                <gmd:voice xmlns:gco="http://www.isotc211.org/2005/gco" gco:nilReason="missing">
                  <gco:CharacterString />
                </gmd:voice>
                <gmd:facsimile xmlns:gco="http://www.isotc211.org/2005/gco" gco:nilReason="missing">
                  <gco:CharacterString />
                </gmd:facsimile>
              </gmd:CI_Telephone>
            </gmd:phone>
            <gmd:address>
              <gmd:CI_Address>
                <gmd:deliveryPoint xmlns:gco="http://www.isotc211.org/2005/gco" gco:nilReason="missing">
                  <gco:CharacterString />
                </gmd:deliveryPoint>
                <gmd:city xmlns:gco="http://www.isotc211.org/2005/gco" gco:nilReason="missing">
                  <gco:CharacterString />
                </gmd:city>
                <gmd:administrativeArea xmlns:gco="http://www.isotc211.org/2005/gco" gco:nilReason="missing">
                  <gco:CharacterString />
                </gmd:administrativeArea>
                <gmd:postalCode xmlns:gco="http://www.isotc211.org/2005/gco" gco:nilReason="missing">
                  <gco:CharacterString />
                </gmd:postalCode>
                <gmd:country xmlns:gco="http://www.isotc211.org/2005/gco" gco:nilReason="missing">
                  <gco:CharacterString />
                </gmd:country>
                <gmd:electronicMailAddress>
                  <gco:CharacterString xmlns:gco="http://www.isotc211.org/2005/gco">geodata@rivm.nl</gco:CharacterString>
                </gmd:electronicMailAddress>
              </gmd:CI_Address>
            </gmd:address>
            <gmd:onlineResource>
              <gmd:CI_OnlineResource>
                <gmd:linkage>
                  <gmd:URL />
                </gmd:linkage>
              </gmd:CI_OnlineResource>
            </gmd:onlineResource>
          </gmd:CI_Contact>
        </gmd:contactInfo>
        <gmd:role>
          <gmd:CI_RoleCode codeListValue="pointOfContact" codeList="http://standards.iso.org/ittf/PubliclyAvailableStandards/ISO_19139_Schemas/resources/codelist/ML_gmxCodelists.xml#CI_RoleCode">contactpunt</gmd:CI_RoleCode>
        </gmd:role>
      </gmd:CI_ResponsibleParty>
    </gmd:contact>
    <gmd:dateStamp>
      <gco:Date xmlns:gco="http://www.isotc211.org/2005/gco">2019-12-09</gco:Date>
    </gmd:dateStamp>
    <gmd:metadataStandardName>
      <gco:CharacterString xmlns:gco="http://www.isotc211.org/2005/gco">ISO 19115</gco:CharacterString>
    </gmd:metadataStandardName>
    <gmd:metadataStandardVersion>
      <gco:CharacterString xmlns:gco="http://www.isotc211.org/2005/gco">Nederlands metadata profiel op ISO 19115 voor geografie 2.0</gco:CharacterString>
    </gmd:metadataStandardVersion>
    <gmd:referenceSystemInfo>
      <gmd:MD_ReferenceSystem>
        <gmd:referenceSystemIdentifier>
          <gmd:RS_Identifier>
            <gmd:code>
              <gmx:Anchor xmlns:xlink="http://www.w3.org/1999/xlink" xlink:href="http://www.opengis.net/def/crs/EPSG/0/28992">28992</gmx:Anchor>
            </gmd:code>
          </gmd:RS_Identifier>
        </gmd:referenceSystemIdentifier>
      </gmd:MD_ReferenceSystem>
    </gmd:referenceSystemInfo>
    <gmd:identificationInfo>
      <gmd:MD_DataIdentification>
        <gmd:citation>
          <gmd:CI_Citation>
            <gmd:title>
              <gco:CharacterString xmlns:gco="http://www.isotc211.org/2005/gco">Monitoring stations (Nitraatrichtlijn) diepe filters</gco:CharacterString>
            </gmd:title>
            <gmd:date>
              <gmd:CI_Date>
                <gmd:date>
                  <gco:Date xmlns:gco="http://www.isotc211.org/2005/gco">2018-04-16</gco:Date>
                </gmd:date>
                <gmd:dateType>
                  <gmd:CI_DateTypeCode codeListValue="creation" codeList="http://standards.iso.org/ittf/PubliclyAvailableStandards/ISO_19139_Schemas/resources/codelist/ML_gmxCodelists.xml#CI_DateTypeCode">creatie</gmd:CI_DateTypeCode>
                </gmd:dateType>
              </gmd:CI_Date>
            </gmd:date>
            <gmd:identifier>
              <gmd:MD_Identifier>
                <gmd:code>
                  <gmx:Anchor xmlns:xlink="http://www.w3.org/1999/xlink" xlink:href="https://data.rivm.nl/inspire/id#36a7e8cb-8300-4602-93d2-135943365a6f">36a7e8cb-8300-4602-93d2-135943365a6f</gmx:Anchor>
                </gmd:code>
              </gmd:MD_Identifier>
            </gmd:identifier>
            <gmd:citedResponsibleParty>
              <gmd:CI_ResponsibleParty>
                <gmd:organisationName xmlns:gco="http://www.isotc211.org/2005/gco" gco:nilReason="missing">
                  <gco:CharacterString />
                </gmd:organisationName>
                <gmd:contactInfo>
                  <gmd:CI_Contact>
                    <gmd:address>
                      <gmd:CI_Address>
                        <gmd:electronicMailAddress xmlns:gco="http://www.isotc211.org/2005/gco" gco:nilReason="missing">
                          <gco:CharacterString />
                        </gmd:electronicMailAddress>
                      </gmd:CI_Address>
                    </gmd:address>
                  </gmd:CI_Contact>
                </gmd:contactInfo>
                <gmd:role>
                  <gmd:CI_RoleCode codeList="http://standards.iso.org/ittf/PubliclyAvailableStandards/ISO_19139_Schemas/resources/codelist/ML_gmxCodelists.xml#CI_RoleCode" codeListValue="" />
                </gmd:role>
              </gmd:CI_ResponsibleParty>
            </gmd:citedResponsibleParty>
          </gmd:CI_Citation>
        </gmd:citation>
        <gmd:abstract>
          <gco:CharacterString xmlns:gco="http://www.isotc211.org/2005/gco">Het Landelijk Meetnet Grondwaterkwaliteit (LMG) is opgebouwd tussen 1979 en 1984 en bestaat uit ongeveer 350 meetlocaties die zijn verspreid over heel Nederland. Er wordt bemonsterd in  permanente putten die speciaal voor monitoringsdoeleinden zijn aangelegd. Deze waarnemingsputten zijn net buiten de velden aangelegd om eenvoudig te kunnen bemonsteren en de werkzaamheden in het veld niet te hinderen. De locaties zijn geselecteerd op basis van grondsoort, het landgebruik en de hydrologische toestand. Op elke locatie worden grondwatermonsters genomen op diepten van 5-15 m (ondiepe filters) en 15-30 m onder het maaiveld (diepe filters). Op zandgrond worden uit ondiepe waarnemingsputten elk jaar monsters genomen, terwijl er op de andere grondsoorten (klei en veen) elke twee jaar monsters worden genomen uit ondiepe putten. Uit diepe putten wordt elke vier jaar een monster genomen, evenals uit ondiepe filters op meetpunten met mariene invloeden. De putten die niet elk jaar worden bemonsterd, worden in geïnterpoleerd voor de afwezige jaren.</gco:CharacterString>
        </gmd:abstract>
        <gmd:status>
          <gmd:MD_ProgressCode codeListValue="completed" codeList="http://standards.iso.org/ittf/PubliclyAvailableStandards/ISO_19139_Schemas/resources/codelist/ML_gmxCodelists.xml#MD_ProgressCode">compleet</gmd:MD_ProgressCode>
        </gmd:status>
        <gmd:pointOfContact>
          <gmd:CI_ResponsibleParty>
            <gmd:individualName xmlns:gco="http://www.isotc211.org/2005/gco" gco:nilReason="missing">
              <gco:CharacterString />
            </gmd:individualName>
            <gmd:organisationName>
              <gmx:Anchor xmlns:xlink="http://www.w3.org/1999/xlink" xlink:href="http://standaarden.overheid.nl/owms/terms/Rijksinstituut_voor_Volksgezondheid_en_Milieu">Rijksinstituut voor Volksgezondheid en Milieu</gmx:Anchor>
            </gmd:organisationName>
            <gmd:positionName xmlns:gco="http://www.isotc211.org/2005/gco" gco:nilReason="missing">
              <gco:CharacterString />
            </gmd:positionName>
            <gmd:contactInfo>
              <gmd:CI_Contact>
                <gmd:phone>
                  <gmd:CI_Telephone>
                    <gmd:voice xmlns:gco="http://www.isotc211.org/2005/gco" gco:nilReason="missing">
                      <gco:CharacterString />
                    </gmd:voice>
                    <gmd:facsimile xmlns:gco="http://www.isotc211.org/2005/gco" gco:nilReason="missing">
                      <gco:CharacterString />
                    </gmd:facsimile>
                  </gmd:CI_Telephone>
                </gmd:phone>
                <gmd:address>
                  <gmd:CI_Address>
                    <gmd:deliveryPoint xmlns:gco="http://www.isotc211.org/2005/gco" gco:nilReason="missing">
                      <gco:CharacterString />
                    </gmd:deliveryPoint>
                    <gmd:city xmlns:gco="http://www.isotc211.org/2005/gco" gco:nilReason="missing">
                      <gco:CharacterString />
                    </gmd:city>
                    <gmd:administrativeArea xmlns:gco="http://www.isotc211.org/2005/gco" gco:nilReason="missing">
                      <gco:CharacterString />
                    </gmd:administrativeArea>
                    <gmd:postalCode xmlns:gco="http://www.isotc211.org/2005/gco" gco:nilReason="missing">
                      <gco:CharacterString />
                    </gmd:postalCode>
                    <gmd:country xmlns:gco="http://www.isotc211.org/2005/gco" gco:nilReason="missing">
                      <gco:CharacterString />
                    </gmd:country>
                    <gmd:electronicMailAddress>
                      <gco:CharacterString xmlns:gco="http://www.isotc211.org/2005/gco">geodata@rivm.nl</gco:CharacterString>
                    </gmd:electronicMailAddress>
                  </gmd:CI_Address>
                </gmd:address>
                <gmd:onlineResource>
                  <gmd:CI_OnlineResource>
                    <gmd:linkage>
                      <gmd:URL />
                    </gmd:linkage>
                  </gmd:CI_OnlineResource>
                </gmd:onlineResource>
              </gmd:CI_Contact>
            </gmd:contactInfo>
            <gmd:role>
              <gmd:CI_RoleCode codeListValue="principalInvestigator" codeList="http://standards.iso.org/ittf/PubliclyAvailableStandards/ISO_19139_Schemas/resources/codelist/ML_gmxCodelists.xml#CI_RoleCode">inwinner</gmd:CI_RoleCode>
            </gmd:role>
          </gmd:CI_ResponsibleParty>
        </gmd:pointOfContact>
        <gmd:descriptiveKeywords>
          <gmd:MD_Keywords>
            <gmd:keyword>
              <gco:CharacterString xmlns:gco="http://www.isotc211.org/2005/gco">Monitoring stations (Nitraatrichtlijn)</gco:CharacterString>
            </gmd:keyword>
            <gmd:type>
              <gmd:MD_KeywordTypeCode codeList="http://standards.iso.org/ittf/PubliclyAvailableStandards/ISO_19139_Schemas/resources/codelist/ML_gmxCodelists.xml#MD_KeywordTypeCode" codeListValue="theme">theme</gmd:MD_KeywordTypeCode>
            </gmd:type>
            <gmd:thesaurusName>
              <gmd:CI_Citation>
                <gmd:title>
                  <gco:CharacterString xmlns:gco="http://www.isotc211.org/2005/gco">INSPIRE prioritaire dataset</gco:CharacterString>
                </gmd:title>
                <gmd:date>
                  <gmd:CI_Date>
                    <gmd:date>
                      <gco:Date xmlns:gco="http://www.isotc211.org/2005/gco">2018-04-04</gco:Date>
                    </gmd:date>
                    <gmd:dateType>
                      <gmd:CI_DateTypeCode codeList="http://standards.iso.org/ittf/PubliclyAvailableStandards/ISO_19139_Schemas/resources/codelist/ML_gmxCodelists.xml#CI_DateTypeCode" codeListValue="publication">publicatie</gmd:CI_DateTypeCode>
                    </gmd:dateType>
                  </gmd:CI_Date>
                </gmd:date>
                <gmd:identifier>
                  <gmd:MD_Identifier>
                    <gmd:code>
                      <gmx:Anchor xmlns:xlink="http://www.w3.org/1999/xlink" xlink:href="https://www.nationaalgeoregister.nl:443/geonetwork/srv/eng/thesaurus.download?ref=external.theme.httpinspireeceuropaeumetadatacodelistPriorityDataset-PriorityDataset">geonetwork.thesaurus.external.theme.httpinspireeceuropaeumetadatacodelistPriorityDataset-PriorityDataset</gmx:Anchor>
                    </gmd:code>
                  </gmd:MD_Identifier>
                </gmd:identifier>
              </gmd:CI_Citation>
            </gmd:thesaurusName>
          </gmd:MD_Keywords>
        </gmd:descriptiveKeywords>
        <gmd:descriptiveKeywords>
          <gmd:MD_Keywords>
            <gmd:keyword>
              <gmx:Anchor xmlns:xlink="http://www.w3.org/1999/xlink" xlink:href="http://www.eionet.europa.eu/gemet/nl/inspire-theme/ef">Milieubewakingsvoorzieningen</gmx:Anchor>
            </gmd:keyword>
            <gmd:type>
              <gmd:MD_KeywordTypeCode codeList="http://standards.iso.org/ittf/PubliclyAvailableStandards/ISO_19139_Schemas/resources/codelist/ML_gmxCodelists.xml#MD_KeywordTypeCode" codeListValue="theme">theme</gmd:MD_KeywordTypeCode>
            </gmd:type>
            <gmd:thesaurusName>
              <gmd:CI_Citation>
                <gmd:title>
                  <gmx:Anchor xmlns:xlink="http://www.w3.org/1999/xlink" xlink:href="http://www.eionet.europa.eu/gemet/inspire_themes">GEMET - INSPIRE themes, version 1.0</gmx:Anchor>
                </gmd:title>
                <gmd:date>
                  <gmd:CI_Date>
                    <gmd:date>
                      <gco:Date xmlns:gco="http://www.isotc211.org/2005/gco">2008-06-01</gco:Date>
                    </gmd:date>
                    <gmd:dateType>
                      <gmd:CI_DateTypeCode codeList="http://standards.iso.org/ittf/PubliclyAvailableStandards/ISO_19139_Schemas/resources/codelist/ML_gmxCodelists.xml#CI_DateTypeCode" codeListValue="publication">publicatie</gmd:CI_DateTypeCode>
                    </gmd:dateType>
                  </gmd:CI_Date>
                </gmd:date>
                <gmd:identifier>
                  <gmd:MD_Identifier>
                    <gmd:code>
                      <gmx:Anchor xmlns:xlink="http://www.w3.org/1999/xlink" xlink:href="https://www.nationaalgeoregister.nl:443/geonetwork/srv/eng/thesaurus.download?ref=external.theme.httpinspireeceuropaeutheme-theme">geonetwork.thesaurus.external.theme.httpinspireeceuropaeutheme-theme</gmx:Anchor>
                    </gmd:code>
                  </gmd:MD_Identifier>
                </gmd:identifier>
              </gmd:CI_Citation>
            </gmd:thesaurusName>
          </gmd:MD_Keywords>
        </gmd:descriptiveKeywords>
        <gmd:descriptiveKeywords>
          <gmd:MD_Keywords>
            <gmd:keyword>
              <gmx:Anchor xmlns:xlink="http://www.w3.org/1999/xlink" xlink:href="http://inspire.ec.europa.eu/metadata-codelist/SpatialScope/national">Nationaal</gmx:Anchor>
            </gmd:keyword>
            <gmd:type>
              <gmd:MD_KeywordTypeCode codeList="http://standards.iso.org/ittf/PubliclyAvailableStandards/ISO_19139_Schemas/resources/codelist/ML_gmxCodelists.xml#MD_KeywordTypeCode" codeListValue="theme">theme</gmd:MD_KeywordTypeCode>
            </gmd:type>
            <gmd:thesaurusName>
              <gmd:CI_Citation>
                <gmd:title>
                  <gmx:Anchor xmlns:xlink="http://www.w3.org/1999/xlink" xlink:href="http://inspire.ec.europa.eu/metadata-codelist/SpatialScope">Ruimtelijke dekking</gmx:Anchor>
                </gmd:title>
                <gmd:date>
                  <gmd:CI_Date>
                    <gmd:date>
                      <gco:Date xmlns:gco="http://www.isotc211.org/2005/gco">2018-04-04</gco:Date>
                    </gmd:date>
                    <gmd:dateType>
                      <gmd:CI_DateTypeCode codeList="http://standards.iso.org/ittf/PubliclyAvailableStandards/ISO_19139_Schemas/resources/codelist/ML_gmxCodelists.xml#CI_DateTypeCode" codeListValue="publication">publicatie</gmd:CI_DateTypeCode>
                    </gmd:dateType>
                  </gmd:CI_Date>
                </gmd:date>
                <gmd:identifier>
                  <gmd:MD_Identifier>
                    <gmd:code>
                      <gmx:Anchor xmlns:xlink="http://www.w3.org/1999/xlink" xlink:href="https://www.nationaalgeoregister.nl:443/geonetwork/srv/eng/thesaurus.download?ref=external.theme.httpinspireeceuropaeumetadatacodelistSpatialScope-SpatialScope">geonetwork.thesaurus.external.theme.httpinspireeceuropaeumetadatacodelistSpatialScope-SpatialScope</gmx:Anchor>
                    </gmd:code>
                  </gmd:MD_Identifier>
                </gmd:identifier>
              </gmd:CI_Citation>
            </gmd:thesaurusName>
          </gmd:MD_Keywords>
        </gmd:descriptiveKeywords>
        <gmd:resourceConstraints>
          <gmd:MD_Constraints>
            <gmd:useLimitation>
              <gco:CharacterString xmlns:gco="http://www.isotc211.org/2005/gco">geen beperkingen</gco:CharacterString>
            </gmd:useLimitation>
          </gmd:MD_Constraints>
        </gmd:resourceConstraints>
        <gmd:resourceConstraints>
          <gmd:MD_LegalConstraints>
            <gmd:accessConstraints>
              <gmd:MD_RestrictionCode codeListValue="otherRestrictions" codeList="http://standards.iso.org/ittf/PubliclyAvailableStandards/ISO_19139_Schemas/resources/codelist/ML_gmxCodelists.xml#MD_RestrictionCode">anders</gmd:MD_RestrictionCode>
            </gmd:accessConstraints>
            <gmd:otherConstraints>
              <gmx:Anchor xmlns:xlink="http://www.w3.org/1999/xlink" xlink:href="http://creativecommons.org/publicdomain/zero/1.0/deed.nl">Geen beperkingen</gmx:Anchor>
            </gmd:otherConstraints>
            <gmd:otherConstraints>
              <gmx:Anchor xmlns:xlink="http://www.w3.org/1999/xlink" xlink:href="http://inspire.ec.europa.eu/metadata-codelist/ConditionsApplyingToAccessAndUse/noConditionsApply">Er zijn geen condities voor toegang en gebruik</gmx:Anchor>
            </gmd:otherConstraints>
          </gmd:MD_LegalConstraints>
        </gmd:resourceConstraints>
        <gmd:resourceConstraints>
          <gmd:MD_LegalConstraints>
            <gmd:accessConstraints>
              <gmd:MD_RestrictionCode codeListValue="otherRestrictions" codeList="http://standards.iso.org/ittf/PubliclyAvailableStandards/ISO_19139_Schemas/resources/codelist/ML_gmxCodelists.xml#MD_RestrictionCode">anders</gmd:MD_RestrictionCode>
            </gmd:accessConstraints>
            <gmd:otherConstraints>
              <gmx:Anchor xmlns:xlink="http://www.w3.org/1999/xlink" xlink:href="http://inspire.ec.europa.eu/metadata-codelist/LimitationsOnPublicAccess/noLimitations">Geen beperkingen voor publieke toegang</gmx:Anchor>
            </gmd:otherConstraints>
          </gmd:MD_LegalConstraints>
        </gmd:resourceConstraints>
        <gmd:spatialRepresentationType>
          <gmd:MD_SpatialRepresentationTypeCode codeList="http://standards.iso.org/ittf/PubliclyAvailableStandards/ISO_19139_Schemas/resources/codelist/ML_gmxCodelists.xml#MD_SpatialRepresentationTypeCode" codeListValue="vector" codeSpace="dut">vector</gmd:MD_SpatialRepresentationTypeCode>
        </gmd:spatialRepresentationType>
        <gmd:spatialResolution>
          <gmd:MD_Resolution>
            <gmd:equivalentScale>
              <gmd:MD_RepresentativeFraction>
                <gmd:denominator>
                  <gco:Integer xmlns:gco="http://www.isotc211.org/2005/gco">10000</gco:Integer>
                </gmd:denominator>
              </gmd:MD_RepresentativeFraction>
            </gmd:equivalentScale>
          </gmd:MD_Resolution>
        </gmd:spatialResolution>
        <gmd:language>
          <gmd:LanguageCode codeList="http://www.loc.gov/standards/iso639-2/" codeListValue="dut">Nederlands; Vlaams</gmd:LanguageCode>
        </gmd:language>
        <gmd:topicCategory>
          <gmd:MD_TopicCategoryCode>environment</gmd:MD_TopicCategoryCode>
        </gmd:topicCategory>
        <gmd:extent>
          <gmd:EX_Extent>
            <gmd:geographicElement>
              <gmd:EX_GeographicBoundingBox>
                <gmd:westBoundLongitude>
                  <gco:Decimal xmlns:gco="http://www.isotc211.org/2005/gco">3.37</gco:Decimal>
                </gmd:westBoundLongitude>
                <gmd:eastBoundLongitude>
                  <gco:Decimal xmlns:gco="http://www.isotc211.org/2005/gco">7.21</gco:Decimal>
                </gmd:eastBoundLongitude>
                <gmd:southBoundLatitude>
                  <gco:Decimal xmlns:gco="http://www.isotc211.org/2005/gco">50.75</gco:Decimal>
                </gmd:southBoundLatitude>
                <gmd:northBoundLatitude>
                  <gco:Decimal xmlns:gco="http://www.isotc211.org/2005/gco">53.47</gco:Decimal>
                </gmd:northBoundLatitude>
              </gmd:EX_GeographicBoundingBox>
            </gmd:geographicElement>
          </gmd:EX_Extent>
        </gmd:extent>
      </gmd:MD_DataIdentification>
    </gmd:identificationInfo>
    <gmd:distributionInfo xmlns:gco="http://www.isotc211.org/2005/gco">
      <gmd:MD_Distribution>
        <gmd:distributionFormat>
          <gmd:MD_Format>
            <gmd:name>
              <gmx:Anchor xmlns:xlink="http://www.w3.org/1999/xlink" xlink:href="http://www.iana.org/assignments/media-types/application/gml+xml">http://inspire.ec.europa.eu/schemas/ef/4.0/EnvironmentalMonitoringFacilities.xsd</gmx:Anchor>
            </gmd:name>
            <gmd:version>
              <gco:CharacterString>3.2.1</gco:CharacterString>
            </gmd:version>
            <gmd:specification>
              <gco:CharacterString>https://inspire.ec.europa.eu/id/document/tg/ef</gco:CharacterString>
            </gmd:specification>
          </gmd:MD_Format>
        </gmd:distributionFormat>
        <gmd:transferOptions>
          <gmd:MD_DigitalTransferOptions>
            <gmd:onLine xmlns:xs="http://www.w3.org/2001/XMLSchema" xmlns:java="java:org.fao.geonet.util.XslUtil" xmlns:xlink="http://www.w3.org/1999/xlink">
              <gmd:CI_OnlineResource>
                <gmd:linkage>
                  <gmd:URL>https://inspire.rivm.nl/geoserver/wms?request=GetCapabilities</gmd:URL>
                </gmd:linkage>
                <gmd:protocol>
                  <gmx:Anchor xlink:href="http://www.opengeospatial.org/standards/wms">OGC:WMS</gmx:Anchor>
                </gmd:protocol>
                <gmd:applicationProfile>
                  <gmx:Anchor xlink:href="http://inspire.ec.europa.eu/metadata-codelist/SpatialDataServiceType/view">view</gmx:Anchor>
                </gmd:applicationProfile>
                <gmd:name>
                  <gco:CharacterString>inspire:lmg_f2_2015</gco:CharacterString>
                </gmd:name>
                <gmd:description>
                  <gmx:Anchor xlink:href="http://inspire.ec.europa.eu/metadata-codelist/OnLineDescriptionCode/accessPoint">accessPoint</gmx:Anchor>
                </gmd:description>
              </gmd:CI_OnlineResource>
            </gmd:onLine>
            <gmd:onLine xmlns:xs="http://www.w3.org/2001/XMLSchema" xmlns:xlink="http://www.w3.org/1999/xlink" xmlns:java="java:org.fao.geonet.util.XslUtil">
              <gmd:CI_OnlineResource>
                <gmd:linkage>
                  <gmd:URL>https://inspire.rivm.nl/geoserver/wfs?request=GetCapabilities</gmd:URL>
                </gmd:linkage>
                <gmd:protocol>
                  <gmx:Anchor xlink:href="http://www.opengeospatial.org/standards/wfs">OGC:WFS</gmx:Anchor>
                </gmd:protocol>
                <gmd:applicationProfile>
                  <gmx:Anchor xlink:href="http://inspire.ec.europa.eu/metadata-codelist/SpatialDataServiceType/download">download</gmx:Anchor>
                </gmd:applicationProfile>
                <gmd:name>
                  <gco:CharacterString>inspire:lmg_f2_2015</gco:CharacterString>
                </gmd:name>
                <gmd:description>
                  <gmx:Anchor xlink:href="http://inspire.ec.europa.eu/metadata-codelist/OnLineDescriptionCode/accessPoint">accessPoint</gmx:Anchor>
                </gmd:description>
              </gmd:CI_OnlineResource>
            </gmd:onLine>
          </gmd:MD_DigitalTransferOptions>
        </gmd:transferOptions>
      </gmd:MD_Distribution>
    </gmd:distributionInfo>
    <gmd:dataQualityInfo>
      <gmd:DQ_DataQuality>
        <gmd:scope>
          <gmd:DQ_Scope>
            <gmd:level>
              <gmd:MD_ScopeCode codeListValue="dataset" codeList="http://standards.iso.org/ittf/PubliclyAvailableStandards/ISO_19139_Schemas/resources/codelist/ML_gmxCodelists.xml#MD_ScopeCode">dataset</gmd:MD_ScopeCode>
            </gmd:level>
          </gmd:DQ_Scope>
        </gmd:scope>
        <gmd:report>
          <gmd:DQ_DomainConsistency>
            <gmd:result>
              <gmd:DQ_ConformanceResult>
                <gmd:specification>
                  <gmd:CI_Citation>
                    <gmd:title>
                      <gco:CharacterString xmlns:gco="http://www.isotc211.org/2005/gco">VERORDENING (EU) Nr. 1089/2010 VAN DE COMMISSIE van 23 november 2010 ter uitvoering van Richtlijn 2007/2/EG van het Europees Parlement en de Raad betreffende de interoperabiliteit van verzamelingen ruimtelijke gegevens en van diensten met betrekking tot ruimtelijke gegevens</gco:CharacterString>
                    </gmd:title>
                    <gmd:date>
                      <gmd:CI_Date>
                        <gmd:date>
                          <gco:Date xmlns:gco="http://www.isotc211.org/2005/gco">2010-12-08</gco:Date>
                        </gmd:date>
                        <gmd:dateType>
                          <gmd:CI_DateTypeCode codeList="http://standards.iso.org/ittf/PubliclyAvailableStandards/ISO_19139_Schemas/resources/codelist/ML_gmxCodelists.xml#CI_DateTypeCode" codeListValue="publication">publicatie</gmd:CI_DateTypeCode>
                        </gmd:dateType>
                      </gmd:CI_Date>
                    </gmd:date>
                  </gmd:CI_Citation>
                </gmd:specification>
                <gmd:explanation>
                  <gco:CharacterString xmlns:gco="http://www.isotc211.org/2005/gco">Levering 'as is'</gco:CharacterString>
                </gmd:explanation>
                <gmd:pass>
                  <gco:Boolean xmlns:gco="http://www.isotc211.org/2005/gco">false</gco:Boolean>
                </gmd:pass>
              </gmd:DQ_ConformanceResult>
            </gmd:result>
          </gmd:DQ_DomainConsistency>
        </gmd:report>
        <gmd:lineage>
          <gmd:LI_Lineage>
            <gmd:statement>
              <gco:CharacterString xmlns:gco="http://www.isotc211.org/2005/gco">RIVM, Landelijk Meetnet Grondwaterkwaliteit</gco:CharacterString>
            </gmd:statement>
          </gmd:LI_Lineage>
        </gmd:lineage>
      </gmd:DQ_DataQuality>
    </gmd:dataQualityInfo>
  </gmd:MD_Metadata>
</csw:GetRecordByIdResponse>



15:22:35.539 [ForkJoinPool-1-worker-7] INFO  com.intuit.karate - [print] testing xlinkurl:https://data.rivm.nl/inspire/id#36a7e8cb-8300-4602-93d2-135943365a6f
15:22:35.543 [ForkJoinPool-1-worker-3] INFO  com.intuit.karate - [print] testing xlinkurl:https://ngr.acceptatie.nationaalgeoregister.nl/geonetwork/srv/resourcesbbe3c19d-12b0-4912-a6f4-46eb189e85ac
15:22:35.543 [ForkJoinPool-1-worker-5] INFO  com.intuit.karate - [print] testing xlinkurl:http://kadaster/7c22107ea-5e31-4bbc-8e24-d15fe230062e
15:22:35.544 [ForkJoinPool-1-worker-13] INFO  com.intuit.karate - [print] testing xlinkurl:https://www.nationaalgeoregister.nl/geonetwork/srv/dut/catalog.search#/metadata/8de2f5eb-b09f-4f6d-8397-8878a1b86238
15:22:35.544 [ForkJoinPool-1-worker-11] INFO  com.intuit.karate - [print] testing xlinkurl:http://www.opengis.net/def/crs/EPSG/0/http://www.opengis.net/def/crs/EPSG/0/4258
15:22:35.566 [ForkJoinPool-1-worker-9] INFO  com.intuit.karate - [print] testing xlinkurl:http://www.opengis.net/def/crs/EPSG/0/https://www.opengis.net/def/crs/EPSG/0/4258
15:22:35.578 [ForkJoinPool-1-worker-11] DEBUG com.intuit.karate - request:
1 > HEAD http://www.opengis.net/def/crs/EPSG/0/http://www.opengis.net/def/crs/EPSG/0/4258
1 > Accept-Encoding: gzip,deflate
1 > Connection: Keep-Alive
1 > Cookie: JSESSIONID=D5A3F5F0209FEC3D0AD66AC63EF9DF2D
1 > Host: www.opengis.net
1 > User-Agent: Apache-HttpClient/4.5.11 (Java/13.0.4)

15:22:35.581 [ForkJoinPool-1-worker-7] DEBUG com.intuit.karate - request:
1 > HEAD https://data.rivm.nl/inspire/id#36a7e8cb-8300-4602-93d2-135943365a6f
1 > Accept-Encoding: gzip,deflate
1 > Connection: Keep-Alive
1 > Cookie: JSESSIONID=7EF4F176AD5B205129F81161933D1F7D
1 > Host: data.rivm.nl
1 > User-Agent: Apache-HttpClient/4.5.11 (Java/13.0.4)

15:22:35.579 [ForkJoinPool-1-worker-5] DEBUG com.intuit.karate - request:
1 > HEAD http://kadaster/7c22107ea-5e31-4bbc-8e24-d15fe230062e
1 > Accept-Encoding: gzip,deflate
1 > Connection: Keep-Alive
1 > Cookie: JSESSIONID=8402347E82E6002F4B1DA731A8E91FA9
1 > Host: kadaster
1 > User-Agent: Apache-HttpClient/4.5.11 (Java/13.0.4)

15:22:35.580 [ForkJoinPool-1-worker-13] DEBUG com.intuit.karate - request:
1 > HEAD https://www.nationaalgeoregister.nl/geonetwork/srv/dut/catalog.search#/metadata/8de2f5eb-b09f-4f6d-8397-8878a1b86238
1 > Accept-Encoding: gzip,deflate
1 > Connection: Keep-Alive
1 > Cookie: JSESSIONID=81ABCE58856DB685EF4BD59A2502C0A6
1 > Host: www.nationaalgeoregister.nl
1 > User-Agent: Apache-HttpClient/4.5.11 (Java/13.0.4)

15:22:35.580 [ForkJoinPool-1-worker-9] DEBUG com.intuit.karate - request:
1 > HEAD http://www.opengis.net/def/crs/EPSG/0/https://www.opengis.net/def/crs/EPSG/0/4258
1 > Accept-Encoding: gzip,deflate
1 > Connection: Keep-Alive
1 > Cookie: JSESSIONID=CF7B18B576DFE4FF7B5EBA78AF6DFC8A
1 > Host: www.opengis.net
1 > User-Agent: Apache-HttpClient/4.5.11 (Java/13.0.4)

15:22:35.581 [ForkJoinPool-1-worker-3] DEBUG com.intuit.karate - request:
1 > HEAD https://ngr.acceptatie.nationaalgeoregister.nl/geonetwork/srv/resourcesbbe3c19d-12b0-4912-a6f4-46eb189e85ac
1 > Accept-Encoding: gzip,deflate
1 > Connection: Keep-Alive
1 > Cookie: JSESSIONID=182B6ACF581768DFF6AA97072F7D82ED
1 > Host: ngr.acceptatie.nationaalgeoregister.nl
1 > User-Agent: Apache-HttpClient/4.5.11 (Java/13.0.4)

15:22:35.613 [ForkJoinPool-1-worker-5] ERROR com.intuit.karate - java.net.UnknownHostException: kadaster: Temporary failure in name resolution, http call failed after 31 milliseconds for URL: http://kadaster/7c22107ea-5e31-4bbc-8e24-d15fe230062e
15:22:35.613 [ForkJoinPool-1-worker-5] ERROR com.intuit.karate - http request failed: 
java.net.UnknownHostException: kadaster: Temporary failure in name resolution
15:22:35.613 [ForkJoinPool-1-worker-5] ERROR com.intuit.karate - feature call (loop) failed at index: 0
caller: classpath:InspireTest/def/checkxlinkurl.template.feature
arg: {"link":"http://kadaster/7c22107ea-5e31-4bbc-8e24-d15fe230062e"}
checkxlinkurl.template.feature:21 - 
java.net.UnknownHostException: kadaster: Temporary failure in name resolution
15:22:35.620 [ForkJoinPool-1-worker-5] DEBUG com.intuit.karate - request:
1 > GET http://nationaalgeoregister.nl/geonetwork/srv/dut/inspire?service=CSW&version=2.0.2&request=GetRecordById&id=%3CserviceIdentifierCode%3E&elementsetname=full&outputSchema=http%3A%2F%2Fwww.isotc211.org%2F2005%2Fgmd
1 > Accept-Encoding: gzip,deflate
1 > Connection: Keep-Alive
1 > Host: nationaalgeoregister.nl
1 > User-Agent: Apache-HttpClient/4.5.11 (Java/13.0.4)

15:22:35.809 [ForkJoinPool-1-worker-5] DEBUG com.intuit.karate - response time in milliseconds: 183.73
1 < 200
1 < Cache-Control: no-cache
1 < Connection: Keep-Alive
1 < Content-Type: application/xml;charset=UTF-8
1 < Date: Fri, 25 Sep 2020 15:22:35 GMT
1 < Expires: -1
1 < Keep-Alive: timeout=5, max=100
1 < Pragma: no-cache
1 < Server: Apache
1 < Set-Cookie: JSESSIONID=8DB16F7411CA87ECC1907129F510135A; Path=/geonetwork; HttpOnly
1 < Transfer-Encoding: chunked
1 < Vary: Accept-Encoding
<?xml version="1.0" encoding="UTF-8"?>
<csw:GetRecordByIdResponse xmlns:csw="http://www.opengis.net/cat/csw/2.0.2" />



15:22:35.816 [ForkJoinPool-1-worker-5] ERROR com.intuit.karate - assertion failed: path: /GetRecordByIdResponse/MD_Metadata/fileIdentifier/CharacterString, actual: null, expected: '<serviceIdentifierCode>', reason: actual xpath does not exist
15:22:35.841 [ForkJoinPool-1-worker-5] DEBUG com.intuit.karate - request:
1 > GET http://nationaalgeoregister.nl/geonetwork/srv/dut/inspire?service=CSW&version=2.0.2&request=GetRecordById&id=%3CserviceIdentifierCode%3E&elementsetname=full&outputSchema=http%3A%2F%2Fwww.isotc211.org%2F2005%2Fgmd
1 > Accept-Encoding: gzip,deflate
1 > Connection: Keep-Alive
1 > Host: nationaalgeoregister.nl
1 > User-Agent: Apache-HttpClient/4.5.11 (Java/13.0.4)

15:22:35.962 [ForkJoinPool-1-worker-9] DEBUG com.intuit.karate - response time in milliseconds: 379.19
1 < 200
1 < Connection: Keep-Alive
1 < Content-Encoding: gzip
1 < Content-Language: en-GB
1 < Content-Length: 20
1 < Content-Type: text/html;charset=ISO-8859-1
1 < Date: Fri, 25 Sep 2020 15:22:35 GMT
1 < Keep-Alive: timeout=5, max=100
1 < Vary: Accept-Encoding

15:22:35.972 [ForkJoinPool-1-worker-11] DEBUG com.intuit.karate - response time in milliseconds: 390.86
1 < 200
1 < Connection: Keep-Alive
1 < Content-Encoding: gzip
1 < Content-Language: en-GB
1 < Content-Length: 20
1 < Content-Type: text/html;charset=ISO-8859-1
1 < Date: Fri, 25 Sep 2020 15:22:35 GMT
1 < Keep-Alive: timeout=5, max=100
1 < Vary: Accept-Encoding

15:22:35.984 [ForkJoinPool-1-worker-11] INFO  com.intuit.karate - [print] testing xlinkurl:http://kadaster/cb4edbd2-2dca-4d44-92bb-b2202048b526
15:22:35.987 [ForkJoinPool-1-worker-9] INFO  com.intuit.karate - [print] testing xlinkurl:https://www.nationaalgeoregister.nl/geonetwork/srv/api/recordsc2225e5d-b46f-4e38-8445-ab10fd40c0dc
15:22:36.010 [ForkJoinPool-1-worker-11] DEBUG com.intuit.karate - request:
1 > HEAD http://kadaster/cb4edbd2-2dca-4d44-92bb-b2202048b526
1 > Accept-Encoding: gzip,deflate
1 > Connection: Keep-Alive
1 > Cookie: JSESSIONID=D5A3F5F0209FEC3D0AD66AC63EF9DF2D
1 > Host: kadaster
1 > User-Agent: Apache-HttpClient/4.5.11 (Java/13.0.4)

15:22:36.018 [ForkJoinPool-1-worker-11] ERROR com.intuit.karate - java.net.UnknownHostException: kadaster, http call failed after 0 milliseconds for URL: http://kadaster/cb4edbd2-2dca-4d44-92bb-b2202048b526
15:22:36.018 [ForkJoinPool-1-worker-11] ERROR com.intuit.karate - http request failed: 
java.net.UnknownHostException: kadaster
15:22:36.018 [ForkJoinPool-1-worker-11] ERROR com.intuit.karate - feature call (loop) failed at index: 1
caller: classpath:InspireTest/def/checkxlinkurl.template.feature
arg: {"link":"http://kadaster/cb4edbd2-2dca-4d44-92bb-b2202048b526"}
checkxlinkurl.template.feature:21 - 
java.net.UnknownHostException: kadaster
15:22:36.022 [ForkJoinPool-1-worker-5] DEBUG com.intuit.karate - response time in milliseconds: 180.90
1 < 200
1 < Cache-Control: no-cache
1 < Connection: Keep-Alive
1 < Content-Type: application/xml;charset=UTF-8
1 < Date: Fri, 25 Sep 2020 15:22:35 GMT
1 < Expires: -1
1 < Keep-Alive: timeout=5, max=100
1 < Pragma: no-cache
1 < Server: Apache
1 < Set-Cookie: JSESSIONID=8F901745A28F52D70AABC5AB91E58965; Path=/geonetwork; HttpOnly
1 < Transfer-Encoding: chunked
1 < Vary: Accept-Encoding
<?xml version="1.0" encoding="UTF-8"?>
<csw:GetRecordByIdResponse xmlns:csw="http://www.opengis.net/cat/csw/2.0.2" />



15:22:36.025 [ForkJoinPool-1-worker-5] ERROR com.intuit.karate - assertion failed: path: /GetRecordByIdResponse/MD_Metadata/fileIdentifier/CharacterString, actual: null, expected: '<serviceIdentifierCode>', reason: actual xpath does not exist
15:22:36.029 [ForkJoinPool-1-worker-5] DEBUG com.intuit.karate - request:
1 > GET http://nationaalgeoregister.nl/geonetwork/srv/dut/inspire?service=CSW&version=2.0.2&request=GetRecordById&id=%3CserviceIdentifierCode%3E&elementsetname=full&outputSchema=http%3A%2F%2Fwww.isotc211.org%2F2005%2Fgmd
1 > Accept-Encoding: gzip,deflate
1 > Connection: Keep-Alive
1 > Host: nationaalgeoregister.nl
1 > User-Agent: Apache-HttpClient/4.5.11 (Java/13.0.4)

15:22:36.019 [ForkJoinPool-1-worker-9] DEBUG com.intuit.karate - request:
1 > HEAD https://www.nationaalgeoregister.nl/geonetwork/srv/api/recordsc2225e5d-b46f-4e38-8445-ab10fd40c0dc
1 > Accept-Encoding: gzip,deflate
1 > Connection: Keep-Alive
1 > Cookie: JSESSIONID=CF7B18B576DFE4FF7B5EBA78AF6DFC8A
1 > Host: www.nationaalgeoregister.nl
1 > User-Agent: Apache-HttpClient/4.5.11 (Java/13.0.4)

15:22:36.042 [ForkJoinPool-1-worker-11] DEBUG com.intuit.karate - request:
1 > GET http://nationaalgeoregister.nl/geonetwork/srv/dut/inspire?service=CSW&version=2.0.2&request=GetRecordById&id=%3CserviceIdentifierCode%3E&elementsetname=full&outputSchema=http%3A%2F%2Fwww.isotc211.org%2F2005%2Fgmd
1 > Accept-Encoding: gzip,deflate
1 > Connection: Keep-Alive
1 > Host: nationaalgeoregister.nl
1 > User-Agent: Apache-HttpClient/4.5.11 (Java/13.0.4)

15:22:36.169 [ForkJoinPool-1-worker-13] DEBUG com.intuit.karate - response time in milliseconds: 586.94
1 < 200
1 < Cache-Control: no-cache
1 < Connection: Keep-Alive
1 < Content-Encoding: gzip
1 < Content-Type: text/html;charset=UTF-8
1 < Date: Fri, 25 Sep 2020 15:22:36 GMT
1 < Expires: -1
1 < Keep-Alive: timeout=5, max=100
1 < Pragma: no-cache
1 < Server: Apache
1 < Set-Cookie: [serverTime=1601047356092; Path=/, sessionExpiry=1601047356092; Path=/]
1 < Vary: Accept-Encoding

15:22:36.177 [ForkJoinPool-1-worker-13] INFO  com.intuit.karate - [print] testing xlinkurl:http://rdfdata.eionet.europa.eu/inspirethemes/themes/18
15:22:36.181 [ForkJoinPool-1-worker-13] DEBUG com.intuit.karate - request:
1 > HEAD http://rdfdata.eionet.europa.eu/inspirethemes/themes/18
1 > Accept-Encoding: gzip,deflate
1 > Connection: Keep-Alive
1 > Cookie: JSESSIONID=81ABCE58856DB685EF4BD59A2502C0A6; serverTime=1601047356092; sessionExpiry=1601047356092
1 > Host: rdfdata.eionet.europa.eu
1 > User-Agent: Apache-HttpClient/4.5.11 (Java/13.0.4)

15:22:36.216 [ForkJoinPool-1-worker-5] DEBUG com.intuit.karate - response time in milliseconds: 182.18
1 < 200
1 < Cache-Control: no-cache
1 < Connection: Keep-Alive
1 < Content-Type: application/xml;charset=UTF-8
1 < Date: Fri, 25 Sep 2020 15:22:36 GMT
1 < Expires: -1
1 < Keep-Alive: timeout=5, max=100
1 < Pragma: no-cache
1 < Server: Apache
1 < Set-Cookie: JSESSIONID=A94896CB72A16A6DD7E05E52076FDEC7; Path=/geonetwork; HttpOnly
1 < Transfer-Encoding: chunked
1 < Vary: Accept-Encoding
<?xml version="1.0" encoding="UTF-8"?>
<csw:GetRecordByIdResponse xmlns:csw="http://www.opengis.net/cat/csw/2.0.2" />



15:22:36.219 [ForkJoinPool-1-worker-5] ERROR com.intuit.karate - assertion failed: path: /GetRecordByIdResponse/MD_Metadata/fileIdentifier/CharacterString, actual: null, expected: '<serviceIdentifierCode>', reason: actual xpath does not exist
15:22:36.225 [ForkJoinPool-1-worker-11] DEBUG com.intuit.karate - response time in milliseconds: 182.40
1 < 200
1 < Cache-Control: no-cache
1 < Connection: Keep-Alive
1 < Content-Type: application/xml;charset=UTF-8
1 < Date: Fri, 25 Sep 2020 15:22:36 GMT
1 < Expires: -1
1 < Keep-Alive: timeout=5, max=100
1 < Pragma: no-cache
1 < Server: Apache
1 < Set-Cookie: JSESSIONID=DB09F8A03B7EF474F7027C1C690F008B; Path=/geonetwork; HttpOnly
1 < Transfer-Encoding: chunked
1 < Vary: Accept-Encoding
<?xml version="1.0" encoding="UTF-8"?>
<csw:GetRecordByIdResponse xmlns:csw="http://www.opengis.net/cat/csw/2.0.2" />



15:22:36.228 [ForkJoinPool-1-worker-11] ERROR com.intuit.karate - assertion failed: path: /GetRecordByIdResponse/MD_Metadata/fileIdentifier/CharacterString, actual: null, expected: '<serviceIdentifierCode>', reason: actual xpath does not exist
15:22:36.230 [ForkJoinPool-1-worker-7] ERROR com.intuit.karate - javax.net.ssl.SSLException: Connection reset, http call failed after 649 milliseconds for URL: https://data.rivm.nl/inspire/id#36a7e8cb-8300-4602-93d2-135943365a6f
15:22:36.231 [ForkJoinPool-1-worker-7] ERROR com.intuit.karate - http request failed: 
javax.net.ssl.SSLException: Connection reset
15:22:36.231 [ForkJoinPool-1-worker-7] ERROR com.intuit.karate - feature call (loop) failed at index: 0
caller: classpath:InspireTest/def/checkxlinkurl.template.feature
arg: {"link":"https://data.rivm.nl/inspire/id#36a7e8cb-8300-4602-93d2-135943365a6f"}
checkxlinkurl.template.feature:21 - 
javax.net.ssl.SSLException: Connection reset
15:22:36.235 [ForkJoinPool-1-worker-7] DEBUG com.intuit.karate - request:
1 > GET http://nationaalgeoregister.nl/geonetwork/srv/dut/inspire?service=CSW&version=2.0.2&request=GetRecordById&id=%3CserviceIdentifierCode%3E&elementsetname=full&outputSchema=http%3A%2F%2Fwww.isotc211.org%2F2005%2Fgmd
1 > Accept-Encoding: gzip,deflate
1 > Connection: Keep-Alive
1 > Host: nationaalgeoregister.nl
1 > User-Agent: Apache-HttpClient/4.5.11 (Java/13.0.4)

15:22:36.235 [ForkJoinPool-1-worker-5] DEBUG com.intuit.karate - request:
1 > GET http://nationaalgeoregister.nl/geonetwork/srv/dut/inspire?service=CSW&version=2.0.2&request=GetRecordById&id=%3CserviceIdentifierCode%3E&elementsetname=full&outputSchema=http%3A%2F%2Fwww.isotc211.org%2F2005%2Fgmd
1 > Accept-Encoding: gzip,deflate
1 > Connection: Keep-Alive
1 > Host: nationaalgeoregister.nl
1 > User-Agent: Apache-HttpClient/4.5.11 (Java/13.0.4)

15:22:36.246 [ForkJoinPool-1-worker-11] DEBUG com.intuit.karate - request:
1 > GET http://nationaalgeoregister.nl/geonetwork/srv/dut/inspire?service=CSW&version=2.0.2&request=GetRecordById&id=%3CserviceIdentifierCode%3E&elementsetname=full&outputSchema=http%3A%2F%2Fwww.isotc211.org%2F2005%2Fgmd
1 > Accept-Encoding: gzip,deflate
1 > Connection: Keep-Alive
1 > Host: nationaalgeoregister.nl
1 > User-Agent: Apache-HttpClient/4.5.11 (Java/13.0.4)

15:22:36.296 [ForkJoinPool-1-worker-3] DEBUG com.intuit.karate - response time in milliseconds: 713.11
1 < 404
1 < Connection: Keep-Alive
1 < Content-Language: en
1 < Content-Type: text/html;charset=utf-8
1 < Date: Fri, 25 Sep 2020 15:22:36 GMT
1 < Keep-Alive: timeout=5, max=100
1 < Server: Apache

15:22:36.298 [ForkJoinPool-1-worker-3] ERROR com.intuit.karate - assertion failed: path: $, actual: 404, expected: 200, reason: not equal (Integer)
15:22:36.298 [ForkJoinPool-1-worker-3] ERROR com.intuit.karate - feature call (loop) failed at index: 0
caller: classpath:InspireTest/def/checkxlinkurl.template.feature
arg: {"link":"https://ngr.acceptatie.nationaalgeoregister.nl/geonetwork/srv/resourcesbbe3c19d-12b0-4912-a6f4-46eb189e85ac"}
checkxlinkurl.template.feature:28 - path: $, actual: 404, expected: 200, reason: not equal (Integer)
15:22:36.301 [ForkJoinPool-1-worker-3] INFO  com.intuit.karate - [print] testing xlinkurl:http://rdfdata.eionet.europa.eu/inspirethemes/themes/16
15:22:36.313 [ForkJoinPool-1-worker-3] DEBUG com.intuit.karate - request:
1 > HEAD http://rdfdata.eionet.europa.eu/inspirethemes/themes/16
1 > Accept-Encoding: gzip,deflate
1 > Connection: Keep-Alive
1 > Cookie: JSESSIONID=182B6ACF581768DFF6AA97072F7D82ED
1 > Host: rdfdata.eionet.europa.eu
1 > User-Agent: Apache-HttpClient/4.5.11 (Java/13.0.4)

15:22:36.420 [ForkJoinPool-1-worker-7] DEBUG com.intuit.karate - response time in milliseconds: 183.75
1 < 200
1 < Cache-Control: no-cache
1 < Connection: Keep-Alive
1 < Content-Type: application/xml;charset=UTF-8
1 < Date: Fri, 25 Sep 2020 15:22:36 GMT
1 < Expires: -1
1 < Keep-Alive: timeout=5, max=100
1 < Pragma: no-cache
1 < Server: Apache
1 < Set-Cookie: JSESSIONID=98F15AC7A5EB69E29DD06F58C4AD0EFD; Path=/geonetwork; HttpOnly
1 < Transfer-Encoding: chunked
1 < Vary: Accept-Encoding
<?xml version="1.0" encoding="UTF-8"?>
<csw:GetRecordByIdResponse xmlns:csw="http://www.opengis.net/cat/csw/2.0.2" />



15:22:36.425 [ForkJoinPool-1-worker-7] ERROR com.intuit.karate - assertion failed: path: /GetRecordByIdResponse/MD_Metadata/fileIdentifier/CharacterString, actual: null, expected: '<serviceIdentifierCode>', reason: actual xpath does not exist
15:22:36.431 [ForkJoinPool-1-worker-7] DEBUG com.intuit.karate - request:
1 > GET http://nationaalgeoregister.nl/geonetwork/srv/dut/inspire?service=CSW&version=2.0.2&request=GetRecordById&id=%3CserviceIdentifierCode%3E&elementsetname=full&outputSchema=http%3A%2F%2Fwww.isotc211.org%2F2005%2Fgmd
1 > Accept-Encoding: gzip,deflate
1 > Connection: Keep-Alive
1 > Host: nationaalgeoregister.nl
1 > User-Agent: Apache-HttpClient/4.5.11 (Java/13.0.4)

15:22:36.434 [ForkJoinPool-1-worker-5] DEBUG com.intuit.karate - response time in milliseconds: 183.87
1 < 200
1 < Cache-Control: no-cache
1 < Connection: Keep-Alive
1 < Content-Type: application/xml;charset=UTF-8
1 < Date: Fri, 25 Sep 2020 15:22:36 GMT
1 < Expires: -1
1 < Keep-Alive: timeout=5, max=100
1 < Pragma: no-cache
1 < Server: Apache
1 < Set-Cookie: JSESSIONID=93695D7F6573BF3410DC139B42C82A10; Path=/geonetwork; HttpOnly
1 < Transfer-Encoding: chunked
1 < Vary: Accept-Encoding
<?xml version="1.0" encoding="UTF-8"?>
<csw:GetRecordByIdResponse xmlns:csw="http://www.opengis.net/cat/csw/2.0.2" />



15:22:36.434 [ForkJoinPool-1-worker-11] DEBUG com.intuit.karate - response time in milliseconds: 183.85
1 < 200
1 < Cache-Control: no-cache
1 < Connection: Keep-Alive
1 < Content-Type: application/xml;charset=UTF-8
1 < Date: Fri, 25 Sep 2020 15:22:36 GMT
1 < Expires: -1
1 < Keep-Alive: timeout=5, max=100
1 < Pragma: no-cache
1 < Server: Apache
1 < Set-Cookie: JSESSIONID=20B81A8080A07476AE38154293D2671C; Path=/geonetwork; HttpOnly
1 < Transfer-Encoding: chunked
1 < Vary: Accept-Encoding
<?xml version="1.0" encoding="UTF-8"?>
<csw:GetRecordByIdResponse xmlns:csw="http://www.opengis.net/cat/csw/2.0.2" />



15:22:36.444 [ForkJoinPool-1-worker-11] ERROR com.intuit.karate - assertion failed: path: /GetRecordByIdResponse/MD_Metadata/fileIdentifier/CharacterString, actual: null, expected: '<serviceIdentifierCode>', reason: actual xpath does not exist
15:22:36.444 [ForkJoinPool-1-worker-5] ERROR com.intuit.karate - assertion failed: path: /GetRecordByIdResponse/MD_Metadata/fileIdentifier/CharacterString, actual: null, expected: '<serviceIdentifierCode>', reason: actual xpath does not exist
15:22:36.449 [ForkJoinPool-1-worker-5] DEBUG com.intuit.karate - request:
1 > GET http://nationaalgeoregister.nl/geonetwork/srv/dut/inspire?service=CSW&version=2.0.2&request=GetRecordById&id=%3CserviceIdentifierCode%3E&elementsetname=full&outputSchema=http%3A%2F%2Fwww.isotc211.org%2F2005%2Fgmd
1 > Accept-Encoding: gzip,deflate
1 > Connection: Keep-Alive
1 > Host: nationaalgeoregister.nl
1 > User-Agent: Apache-HttpClient/4.5.11 (Java/13.0.4)

15:22:36.449 [ForkJoinPool-1-worker-11] DEBUG com.intuit.karate - request:
1 > GET http://nationaalgeoregister.nl/geonetwork/srv/dut/inspire?service=CSW&version=2.0.2&request=GetRecordById&id=%3CserviceIdentifierCode%3E&elementsetname=full&outputSchema=http%3A%2F%2Fwww.isotc211.org%2F2005%2Fgmd
1 > Accept-Encoding: gzip,deflate
1 > Connection: Keep-Alive
1 > Host: nationaalgeoregister.nl
1 > User-Agent: Apache-HttpClient/4.5.11 (Java/13.0.4)

15:22:36.518 [ForkJoinPool-1-worker-9] DEBUG com.intuit.karate - response time in milliseconds: 484.00
1 < 500
1 < Cache-Control: no-cache
1 < Connection: close
1 < Content-Type: text/html;charset=UTF-8
1 < Date: Fri, 25 Sep 2020 15:22:36 GMT
1 < Expires: -1
1 < Pragma: no-cache
1 < Server: Apache
1 < Set-Cookie: [serverTime=1601047356306; Path=/, sessionExpiry=1601047356306; Path=/]

15:22:36.520 [ForkJoinPool-1-worker-9] ERROR com.intuit.karate - assertion failed: path: $, actual: 500, expected: 200, reason: not equal (Integer)
15:22:36.520 [ForkJoinPool-1-worker-9] ERROR com.intuit.karate - feature call (loop) failed at index: 1
caller: classpath:InspireTest/def/checkxlinkurl.template.feature
arg: {"link":"https://www.nationaalgeoregister.nl/geonetwork/srv/api/recordsc2225e5d-b46f-4e38-8445-ab10fd40c0dc"}
checkxlinkurl.template.feature:28 - path: $, actual: 500, expected: 200, reason: not equal (Integer)
15:22:36.549 [ForkJoinPool-1-worker-9] DEBUG com.intuit.karate - request:
1 > GET http://nationaalgeoregister.nl/geonetwork/srv/dut/inspire?service=CSW&version=2.0.2&request=GetRecordById&id=%3CserviceIdentifierCode%3E&elementsetname=full&outputSchema=http%3A%2F%2Fwww.isotc211.org%2F2005%2Fgmd
1 > Accept-Encoding: gzip,deflate
1 > Connection: Keep-Alive
1 > Host: nationaalgeoregister.nl
1 > User-Agent: Apache-HttpClient/4.5.11 (Java/13.0.4)

15:22:36.631 [ForkJoinPool-1-worker-7] DEBUG com.intuit.karate - response time in milliseconds: 181.65
1 < 200
1 < Cache-Control: no-cache
1 < Connection: Keep-Alive
1 < Content-Type: application/xml;charset=UTF-8
1 < Date: Fri, 25 Sep 2020 15:22:36 GMT
1 < Expires: -1
1 < Keep-Alive: timeout=5, max=100
1 < Pragma: no-cache
1 < Server: Apache
1 < Set-Cookie: JSESSIONID=1294627A63B87B57C31A82B51C5137B1; Path=/geonetwork; HttpOnly
1 < Transfer-Encoding: chunked
1 < Vary: Accept-Encoding
<?xml version="1.0" encoding="UTF-8"?>
<csw:GetRecordByIdResponse xmlns:csw="http://www.opengis.net/cat/csw/2.0.2" />



15:22:36.636 [ForkJoinPool-1-worker-5] DEBUG com.intuit.karate - response time in milliseconds: 182.54
1 < 200
1 < Cache-Control: no-cache
1 < Connection: Keep-Alive
1 < Content-Type: application/xml;charset=UTF-8
1 < Date: Fri, 25 Sep 2020 15:22:36 GMT
1 < Expires: -1
1 < Keep-Alive: timeout=5, max=100
1 < Pragma: no-cache
1 < Server: Apache
1 < Set-Cookie: JSESSIONID=CA47FB47F861C5DA928A0FB996817F99; Path=/geonetwork; HttpOnly
1 < Transfer-Encoding: chunked
1 < Vary: Accept-Encoding
<?xml version="1.0" encoding="UTF-8"?>
<csw:GetRecordByIdResponse xmlns:csw="http://www.opengis.net/cat/csw/2.0.2" />



15:22:36.639 [ForkJoinPool-1-worker-7] ERROR com.intuit.karate - assertion failed: path: /GetRecordByIdResponse/MD_Metadata/fileIdentifier/CharacterString, actual: null, expected: '<serviceIdentifierCode>', reason: actual xpath does not exist
15:22:36.640 [ForkJoinPool-1-worker-11] DEBUG com.intuit.karate - response time in milliseconds: 186.44
1 < 200
1 < Cache-Control: no-cache
1 < Connection: Keep-Alive
1 < Content-Type: application/xml;charset=UTF-8
1 < Date: Fri, 25 Sep 2020 15:22:36 GMT
1 < Expires: -1
1 < Keep-Alive: timeout=5, max=100
1 < Pragma: no-cache
1 < Server: Apache
1 < Set-Cookie: JSESSIONID=EB42C53FD6268710030071ACCCF2DDC6; Path=/geonetwork; HttpOnly
1 < Transfer-Encoding: chunked
1 < Vary: Accept-Encoding
<?xml version="1.0" encoding="UTF-8"?>
<csw:GetRecordByIdResponse xmlns:csw="http://www.opengis.net/cat/csw/2.0.2" />



15:22:36.644 [ForkJoinPool-1-worker-11] ERROR com.intuit.karate - assertion failed: path: /GetRecordByIdResponse/MD_Metadata/fileIdentifier/CharacterString, actual: null, expected: '<serviceIdentifierCode>', reason: actual xpath does not exist
15:22:36.641 [ForkJoinPool-1-worker-5] ERROR com.intuit.karate - assertion failed: path: /GetRecordByIdResponse/MD_Metadata/fileIdentifier/CharacterString, actual: null, expected: '<serviceIdentifierCode>', reason: actual xpath does not exist
15:22:36.649 [ForkJoinPool-1-worker-11] DEBUG com.intuit.karate - request:
1 > GET http://nationaalgeoregister.nl/geonetwork/srv/dut/inspire?service=CSW&version=2.0.2&request=GetRecordById&id=%3CserviceIdentifierCode%3E&elementsetname=full&outputSchema=http%3A%2F%2Fwww.isotc211.org%2F2005%2Fgmd
1 > Accept-Encoding: gzip,deflate
1 > Connection: Keep-Alive
1 > Host: nationaalgeoregister.nl
1 > User-Agent: Apache-HttpClient/4.5.11 (Java/13.0.4)

15:22:36.651 [ForkJoinPool-1-worker-5] DEBUG com.intuit.karate - request:
1 > GET http://nationaalgeoregister.nl/geonetwork/srv/dut/inspire?service=CSW&version=2.0.2&request=GetRecordById&id=%3CserviceIdentifierCode%3E&elementsetname=full&outputSchema=http%3A%2F%2Fwww.isotc211.org%2F2005%2Fgmd
1 > Accept-Encoding: gzip,deflate
1 > Connection: Keep-Alive
1 > Host: nationaalgeoregister.nl
1 > User-Agent: Apache-HttpClient/4.5.11 (Java/13.0.4)

15:22:36.653 [ForkJoinPool-1-worker-7] DEBUG com.intuit.karate - request:
1 > GET http://nationaalgeoregister.nl/geonetwork/srv/dut/inspire?service=CSW&version=2.0.2&request=GetRecordById&id=%3CserviceIdentifierCode%3E&elementsetname=full&outputSchema=http%3A%2F%2Fwww.isotc211.org%2F2005%2Fgmd
1 > Accept-Encoding: gzip,deflate
1 > Connection: Keep-Alive
1 > Host: nationaalgeoregister.nl
1 > User-Agent: Apache-HttpClient/4.5.11 (Java/13.0.4)

15:22:36.735 [ForkJoinPool-1-worker-9] DEBUG com.intuit.karate - response time in milliseconds: 181.46
1 < 200
1 < Cache-Control: no-cache
1 < Connection: Keep-Alive
1 < Content-Type: application/xml;charset=UTF-8
1 < Date: Fri, 25 Sep 2020 15:22:36 GMT
1 < Expires: -1
1 < Keep-Alive: timeout=5, max=100
1 < Pragma: no-cache
1 < Server: Apache
1 < Set-Cookie: JSESSIONID=590FCB3F7554C2FF7A818CDF1EC271A1; Path=/geonetwork; HttpOnly
1 < Transfer-Encoding: chunked
1 < Vary: Accept-Encoding
<?xml version="1.0" encoding="UTF-8"?>
<csw:GetRecordByIdResponse xmlns:csw="http://www.opengis.net/cat/csw/2.0.2" />



15:22:36.762 [ForkJoinPool-1-worker-9] ERROR com.intuit.karate - assertion failed: path: /GetRecordByIdResponse/MD_Metadata/fileIdentifier/CharacterString, actual: null, expected: '<serviceIdentifierCode>', reason: actual xpath does not exist
15:22:36.775 [ForkJoinPool-1-worker-9] DEBUG com.intuit.karate - request:
1 > GET http://nationaalgeoregister.nl/geonetwork/srv/dut/inspire?service=CSW&version=2.0.2&request=GetRecordById&id=%3CserviceIdentifierCode%3E&elementsetname=full&outputSchema=http%3A%2F%2Fwww.isotc211.org%2F2005%2Fgmd
1 > Accept-Encoding: gzip,deflate
1 > Connection: Keep-Alive
1 > Host: nationaalgeoregister.nl
1 > User-Agent: Apache-HttpClient/4.5.11 (Java/13.0.4)

15:22:36.820 [ForkJoinPool-1-worker-3] DEBUG com.intuit.karate - response time in milliseconds: 504.21
1 < 404
1 < Content-Type: text/html; charset=iso-8859-1
1 < Date: Fri, 25 Sep 2020 15:22:36 GMT
1 < Server: Apache/2.4.23 (Unix)
1 < Set-Cookie: route=a1ba236ee7700a2cb53185ef7b13b33ffbcd13d6; path=/

15:22:36.820 [ForkJoinPool-1-worker-13] DEBUG com.intuit.karate - response time in milliseconds: 623.01
1 < 404
1 < Content-Type: text/html; charset=iso-8859-1
1 < Date: Fri, 25 Sep 2020 15:22:36 GMT
1 < Server: Apache/2.4.23 (Unix)
1 < Set-Cookie: route=a1ba236ee7700a2cb53185ef7b13b33ffbcd13d6; path=/

15:22:36.824 [ForkJoinPool-1-worker-13] ERROR com.intuit.karate - assertion failed: path: $, actual: 404, expected: 200, reason: not equal (Integer)
15:22:36.825 [ForkJoinPool-1-worker-13] ERROR com.intuit.karate - feature call (loop) failed at index: 1
caller: classpath:InspireTest/def/checkxlinkurl.template.feature
arg: {"link":"http://rdfdata.eionet.europa.eu/inspirethemes/themes/18"}
checkxlinkurl.template.feature:28 - path: $, actual: 404, expected: 200, reason: not equal (Integer)
15:22:36.827 [ForkJoinPool-1-worker-13] INFO  com.intuit.karate - [print] testing xlinkurl:http://inspire.ec.europa.eu/metadata-codelist/PriorityDataset#
15:22:36.825 [ForkJoinPool-1-worker-3] ERROR com.intuit.karate - assertion failed: path: $, actual: 404, expected: 200, reason: not equal (Integer)
15:22:36.828 [ForkJoinPool-1-worker-3] ERROR com.intuit.karate - feature call (loop) failed at index: 1
caller: classpath:InspireTest/def/checkxlinkurl.template.feature
arg: {"link":"http://rdfdata.eionet.europa.eu/inspirethemes/themes/16"}
checkxlinkurl.template.feature:28 - path: $, actual: 404, expected: 200, reason: not equal (Integer)
15:22:36.832 [ForkJoinPool-1-worker-3] INFO  com.intuit.karate - [print] testing xlinkurl:http://geonetwork-opensource.org/inspire-theme#
15:22:36.840 [ForkJoinPool-1-worker-3] DEBUG com.intuit.karate - request:
1 > HEAD http://geonetwork-opensource.org/inspire-theme#
1 > Accept-Encoding: gzip,deflate
1 > Connection: Keep-Alive
1 > Cookie: JSESSIONID=182B6ACF581768DFF6AA97072F7D82ED; route=a1ba236ee7700a2cb53185ef7b13b33ffbcd13d6
1 > Host: geonetwork-opensource.org
1 > User-Agent: Apache-HttpClient/4.5.11 (Java/13.0.4)

15:22:36.840 [ForkJoinPool-1-worker-13] DEBUG com.intuit.karate - request:
1 > HEAD http://inspire.ec.europa.eu/metadata-codelist/PriorityDataset#
1 > Accept-Encoding: gzip,deflate
1 > Connection: Keep-Alive
1 > Cookie: JSESSIONID=81ABCE58856DB685EF4BD59A2502C0A6; route=a1ba236ee7700a2cb53185ef7b13b33ffbcd13d6; serverTime=1601047356092; sessionExpiry=1601047356092
1 > Host: inspire.ec.europa.eu
1 > User-Agent: Apache-HttpClient/4.5.11 (Java/13.0.4)

15:22:36.846 [ForkJoinPool-1-worker-11] DEBUG com.intuit.karate - response time in milliseconds: 189.82
1 < 200
1 < Cache-Control: no-cache
1 < Connection: Keep-Alive
1 < Content-Type: application/xml;charset=UTF-8
1 < Date: Fri, 25 Sep 2020 15:22:36 GMT
1 < Expires: -1
1 < Keep-Alive: timeout=5, max=100
1 < Pragma: no-cache
1 < Server: Apache
1 < Set-Cookie: JSESSIONID=8440DECDC965F5A6CED642195869D74D; Path=/geonetwork; HttpOnly
1 < Transfer-Encoding: chunked
1 < Vary: Accept-Encoding
<?xml version="1.0" encoding="UTF-8"?>
<csw:GetRecordByIdResponse xmlns:csw="http://www.opengis.net/cat/csw/2.0.2" />



15:22:36.849 [ForkJoinPool-1-worker-7] DEBUG com.intuit.karate - response time in milliseconds: 188.44
1 < 200
1 < Cache-Control: no-cache
1 < Connection: Keep-Alive
1 < Content-Type: application/xml;charset=UTF-8
1 < Date: Fri, 25 Sep 2020 15:22:36 GMT
1 < Expires: -1
1 < Keep-Alive: timeout=5, max=100
1 < Pragma: no-cache
1 < Server: Apache
1 < Set-Cookie: JSESSIONID=68884C8C893EC64AAEFD8D24EDF017D5; Path=/geonetwork; HttpOnly
1 < Transfer-Encoding: chunked
1 < Vary: Accept-Encoding
<?xml version="1.0" encoding="UTF-8"?>
<csw:GetRecordByIdResponse xmlns:csw="http://www.opengis.net/cat/csw/2.0.2" />



15:22:36.853 [ForkJoinPool-1-worker-5] DEBUG com.intuit.karate - response time in milliseconds: 188.24
1 < 200
1 < Cache-Control: no-cache
1 < Connection: Keep-Alive
1 < Content-Type: application/xml;charset=UTF-8
1 < Date: Fri, 25 Sep 2020 15:22:36 GMT
1 < Expires: -1
1 < Keep-Alive: timeout=5, max=100
1 < Pragma: no-cache
1 < Server: Apache
1 < Set-Cookie: JSESSIONID=1753E9348A1EE38CC2F2C7FD073798A4; Path=/geonetwork; HttpOnly
1 < Transfer-Encoding: chunked
1 < Vary: Accept-Encoding
<?xml version="1.0" encoding="UTF-8"?>
<csw:GetRecordByIdResponse xmlns:csw="http://www.opengis.net/cat/csw/2.0.2" />



15:22:36.855 [ForkJoinPool-1-worker-5] ERROR com.intuit.karate - assertion failed: path: /GetRecordByIdResponse/MD_Metadata/fileIdentifier/CharacterString, actual: null, expected: '<serviceIdentifierCode>', reason: actual xpath does not exist
15:22:36.858 [ForkJoinPool-1-worker-5] DEBUG com.intuit.karate - request:
1 > GET http://nationaalgeoregister.nl/geonetwork/srv/dut/inspire?service=CSW&version=2.0.2&request=GetRecordById&id=%3CserviceIdentifierCode%3E&elementsetname=full&outputSchema=http%3A%2F%2Fwww.isotc211.org%2F2005%2Fgmd
1 > Accept-Encoding: gzip,deflate
1 > Connection: Keep-Alive
1 > Host: nationaalgeoregister.nl
1 > User-Agent: Apache-HttpClient/4.5.11 (Java/13.0.4)

15:22:36.858 [ForkJoinPool-1-worker-11] ERROR com.intuit.karate - assertion failed: path: /GetRecordByIdResponse/MD_Metadata/fileIdentifier/CharacterString, actual: null, expected: '<serviceIdentifierCode>', reason: actual xpath does not exist
15:22:36.862 [ForkJoinPool-1-worker-11] DEBUG com.intuit.karate - request:
1 > GET http://nationaalgeoregister.nl/geonetwork/srv/dut/inspire?service=CSW&version=2.0.2&request=GetRecordById&id=%3CserviceIdentifierCode%3E&elementsetname=full&outputSchema=http%3A%2F%2Fwww.isotc211.org%2F2005%2Fgmd
1 > Accept-Encoding: gzip,deflate
1 > Connection: Keep-Alive
1 > Host: nationaalgeoregister.nl
1 > User-Agent: Apache-HttpClient/4.5.11 (Java/13.0.4)

15:22:36.859 [ForkJoinPool-1-worker-7] ERROR com.intuit.karate - assertion failed: path: /GetRecordByIdResponse/MD_Metadata/fileIdentifier/CharacterString, actual: null, expected: '<serviceIdentifierCode>', reason: actual xpath does not exist
15:22:36.876 [ForkJoinPool-1-worker-7] DEBUG com.intuit.karate - request:
1 > GET http://nationaalgeoregister.nl/geonetwork/srv/dut/inspire?service=CSW&version=2.0.2&request=GetRecordById&id=%3CserviceIdentifierCode%3E&elementsetname=full&outputSchema=http%3A%2F%2Fwww.isotc211.org%2F2005%2Fgmd
1 > Accept-Encoding: gzip,deflate
1 > Connection: Keep-Alive
1 > Host: nationaalgeoregister.nl
1 > User-Agent: Apache-HttpClient/4.5.11 (Java/13.0.4)

15:22:36.964 [ForkJoinPool-1-worker-9] DEBUG com.intuit.karate - response time in milliseconds: 181.75
1 < 200
1 < Cache-Control: no-cache
1 < Connection: Keep-Alive
1 < Content-Type: application/xml;charset=UTF-8
1 < Date: Fri, 25 Sep 2020 15:22:36 GMT
1 < Expires: -1
1 < Keep-Alive: timeout=5, max=100
1 < Pragma: no-cache
1 < Server: Apache
1 < Set-Cookie: JSESSIONID=948DA3CFF25BB802BD1B9912D6904D88; Path=/geonetwork; HttpOnly
1 < Transfer-Encoding: chunked
1 < Vary: Accept-Encoding
<?xml version="1.0" encoding="UTF-8"?>
<csw:GetRecordByIdResponse xmlns:csw="http://www.opengis.net/cat/csw/2.0.2" />



15:22:36.967 [ForkJoinPool-1-worker-9] ERROR com.intuit.karate - assertion failed: path: /GetRecordByIdResponse/MD_Metadata/fileIdentifier/CharacterString, actual: null, expected: '<serviceIdentifierCode>', reason: actual xpath does not exist
15:22:36.971 [ForkJoinPool-1-worker-9] DEBUG com.intuit.karate - request:
1 > GET http://nationaalgeoregister.nl/geonetwork/srv/dut/inspire?service=CSW&version=2.0.2&request=GetRecordById&id=%3CserviceIdentifierCode%3E&elementsetname=full&outputSchema=http%3A%2F%2Fwww.isotc211.org%2F2005%2Fgmd
1 > Accept-Encoding: gzip,deflate
1 > Connection: Keep-Alive
1 > Host: nationaalgeoregister.nl
1 > User-Agent: Apache-HttpClient/4.5.11 (Java/13.0.4)

15:22:37.045 [ForkJoinPool-1-worker-5] DEBUG com.intuit.karate - response time in milliseconds: 181.52
1 < 200
1 < Cache-Control: no-cache
1 < Connection: Keep-Alive
1 < Content-Type: application/xml;charset=UTF-8
1 < Date: Fri, 25 Sep 2020 15:22:37 GMT
1 < Expires: -1
1 < Keep-Alive: timeout=5, max=100
1 < Pragma: no-cache
1 < Server: Apache
1 < Set-Cookie: JSESSIONID=E949485E47DB20FADE9EC7149A0E6930; Path=/geonetwork; HttpOnly
1 < Transfer-Encoding: chunked
1 < Vary: Accept-Encoding
<?xml version="1.0" encoding="UTF-8"?>
<csw:GetRecordByIdResponse xmlns:csw="http://www.opengis.net/cat/csw/2.0.2" />



15:22:37.047 [ForkJoinPool-1-worker-5] ERROR com.intuit.karate - assertion failed: path: /GetRecordByIdResponse/MD_Metadata/fileIdentifier/CharacterString, actual: null, expected: '<serviceIdentifierCode>', reason: actual xpath does not exist
15:22:37.051 [ForkJoinPool-1-worker-5] DEBUG com.intuit.karate - request:
1 > GET http://nationaalgeoregister.nl/geonetwork/srv/dut/inspire?service=CSW&version=2.0.2&request=GetRecordById&id=%3CserviceIdentifierCode%3E&elementsetname=full&outputSchema=http%3A%2F%2Fwww.isotc211.org%2F2005%2Fgmd
1 > Accept-Encoding: gzip,deflate
1 > Connection: Keep-Alive
1 > Host: nationaalgeoregister.nl
1 > User-Agent: Apache-HttpClient/4.5.11 (Java/13.0.4)

15:22:37.053 [ForkJoinPool-1-worker-11] DEBUG com.intuit.karate - response time in milliseconds: 184.38
1 < 200
1 < Cache-Control: no-cache
1 < Connection: Keep-Alive
1 < Content-Type: application/xml;charset=UTF-8
1 < Date: Fri, 25 Sep 2020 15:22:37 GMT
1 < Expires: -1
1 < Keep-Alive: timeout=5, max=100
1 < Pragma: no-cache
1 < Server: Apache
1 < Set-Cookie: JSESSIONID=9540E81BA8C2E6205A970B627027D89C; Path=/geonetwork; HttpOnly
1 < Transfer-Encoding: chunked
1 < Vary: Accept-Encoding
<?xml version="1.0" encoding="UTF-8"?>
<csw:GetRecordByIdResponse xmlns:csw="http://www.opengis.net/cat/csw/2.0.2" />



15:22:37.055 [ForkJoinPool-1-worker-11] ERROR com.intuit.karate - assertion failed: path: /GetRecordByIdResponse/MD_Metadata/fileIdentifier/CharacterString, actual: null, expected: '<serviceIdentifierCode>', reason: actual xpath does not exist
15:22:37.059 [ForkJoinPool-1-worker-7] DEBUG com.intuit.karate - response time in milliseconds: 182.68
1 < 200
1 < Cache-Control: no-cache
1 < Connection: Keep-Alive
1 < Content-Type: application/xml;charset=UTF-8
1 < Date: Fri, 25 Sep 2020 15:22:37 GMT
1 < Expires: -1
1 < Keep-Alive: timeout=5, max=100
1 < Pragma: no-cache
1 < Server: Apache
1 < Set-Cookie: JSESSIONID=90B2CF9B3BE5EBFF4B702380C702CD1F; Path=/geonetwork; HttpOnly
1 < Transfer-Encoding: chunked
1 < Vary: Accept-Encoding
<?xml version="1.0" encoding="UTF-8"?>
<csw:GetRecordByIdResponse xmlns:csw="http://www.opengis.net/cat/csw/2.0.2" />



15:22:37.061 [ForkJoinPool-1-worker-7] ERROR com.intuit.karate - assertion failed: path: /GetRecordByIdResponse/MD_Metadata/fileIdentifier/CharacterString, actual: null, expected: '<serviceIdentifierCode>', reason: actual xpath does not exist
15:22:37.064 [ForkJoinPool-1-worker-7] DEBUG com.intuit.karate - request:
1 > GET http://nationaalgeoregister.nl/geonetwork/srv/dut/inspire?service=CSW&version=2.0.2&request=GetRecordById&id=%3CserviceIdentifierCode%3E&elementsetname=full&outputSchema=http%3A%2F%2Fwww.isotc211.org%2F2005%2Fgmd
1 > Accept-Encoding: gzip,deflate
1 > Connection: Keep-Alive
1 > Host: nationaalgeoregister.nl
1 > User-Agent: Apache-HttpClient/4.5.11 (Java/13.0.4)

15:22:37.064 [ForkJoinPool-1-worker-11] DEBUG com.intuit.karate - request:
1 > GET http://nationaalgeoregister.nl/geonetwork/srv/dut/inspire?service=CSW&version=2.0.2&request=GetRecordById&id=%3CserviceIdentifierCode%3E&elementsetname=full&outputSchema=http%3A%2F%2Fwww.isotc211.org%2F2005%2Fgmd
1 > Accept-Encoding: gzip,deflate
1 > Connection: Keep-Alive
1 > Host: nationaalgeoregister.nl
1 > User-Agent: Apache-HttpClient/4.5.11 (Java/13.0.4)

15:22:37.136 [ForkJoinPool-1-worker-3] DEBUG com.intuit.karate - response time in milliseconds: 294.62
1 < 301
1 < Connection: Keep-Alive
1 < Content-Encoding: gzip
1 < Content-Length: 20
1 < Content-Type: text/html; charset=iso-8859-1
1 < Date: Fri, 25 Sep 2020 15:22:37 GMT
1 < Keep-Alive: timeout=25, max=800
1 < Location: https://geonetwork-opensource.org/inspire-theme
1 < Server: Apache/2.2.22 (Ubuntu)
1 < Vary: Accept-Encoding

15:22:37.140 [ForkJoinPool-1-worker-3] DEBUG com.intuit.karate - request:
2 > HEAD http://geonetwork-opensource.org/inspire-theme#
2 > Accept-Encoding: gzip,deflate
2 > Connection: Keep-Alive
2 > Cookie: JSESSIONID=182B6ACF581768DFF6AA97072F7D82ED; route=a1ba236ee7700a2cb53185ef7b13b33ffbcd13d6
2 > Host: geonetwork-opensource.org
2 > User-Agent: Apache-HttpClient/4.5.11 (Java/13.0.4)

15:22:37.156 [ForkJoinPool-1-worker-9] DEBUG com.intuit.karate - response time in milliseconds: 182.19
1 < 200
1 < Cache-Control: no-cache
1 < Connection: Keep-Alive
1 < Content-Type: application/xml;charset=UTF-8
1 < Date: Fri, 25 Sep 2020 15:22:37 GMT
1 < Expires: -1
1 < Keep-Alive: timeout=5, max=100
1 < Pragma: no-cache
1 < Server: Apache
1 < Set-Cookie: JSESSIONID=E45ED70C52EC92B36139D9A732BDC7C5; Path=/geonetwork; HttpOnly
1 < Transfer-Encoding: chunked
1 < Vary: Accept-Encoding
<?xml version="1.0" encoding="UTF-8"?>
<csw:GetRecordByIdResponse xmlns:csw="http://www.opengis.net/cat/csw/2.0.2" />



15:22:37.163 [ForkJoinPool-1-worker-9] ERROR com.intuit.karate - assertion failed: path: /GetRecordByIdResponse/MD_Metadata/fileIdentifier/CharacterString, actual: null, expected: '<serviceIdentifierCode>', reason: actual xpath does not exist
15:22:37.169 [ForkJoinPool-1-worker-9] DEBUG com.intuit.karate - request:
1 > GET http://nationaalgeoregister.nl/geonetwork/srv/dut/inspire?service=CSW&version=2.0.2&request=GetRecordById&id=%3CserviceIdentifierCode%3E&elementsetname=full&outputSchema=http%3A%2F%2Fwww.isotc211.org%2F2005%2Fgmd
1 > Accept-Encoding: gzip,deflate
1 > Connection: Keep-Alive
1 > Host: nationaalgeoregister.nl
1 > User-Agent: Apache-HttpClient/4.5.11 (Java/13.0.4)

15:22:37.246 [ForkJoinPool-1-worker-7] DEBUG com.intuit.karate - response time in milliseconds: 182.05
1 < 200
1 < Cache-Control: no-cache
1 < Connection: Keep-Alive
1 < Content-Type: application/xml;charset=UTF-8
1 < Date: Fri, 25 Sep 2020 15:22:37 GMT
1 < Expires: -1
1 < Keep-Alive: timeout=5, max=100
1 < Pragma: no-cache
1 < Server: Apache
1 < Set-Cookie: JSESSIONID=10FDF94BAE37E5AA0C1D8A3B4CD4A055; Path=/geonetwork; HttpOnly
1 < Transfer-Encoding: chunked
1 < Vary: Accept-Encoding
<?xml version="1.0" encoding="UTF-8"?>
<csw:GetRecordByIdResponse xmlns:csw="http://www.opengis.net/cat/csw/2.0.2" />



15:22:37.249 [ForkJoinPool-1-worker-7] ERROR com.intuit.karate - assertion failed: path: /GetRecordByIdResponse/MD_Metadata/fileIdentifier/CharacterString, actual: null, expected: '<serviceIdentifierCode>', reason: actual xpath does not exist
15:22:37.252 [ForkJoinPool-1-worker-7] DEBUG com.intuit.karate - request:
1 > GET http://nationaalgeoregister.nl/geonetwork/srv/dut/inspire?service=CSW&version=2.0.2&request=GetRecordById&id=%3CserviceIdentifierCode%3E&elementsetname=full&outputSchema=http%3A%2F%2Fwww.isotc211.org%2F2005%2Fgmd
1 > Accept-Encoding: gzip,deflate
1 > Connection: Keep-Alive
1 > Host: nationaalgeoregister.nl
1 > User-Agent: Apache-HttpClient/4.5.11 (Java/13.0.4)

15:22:37.252 [ForkJoinPool-1-worker-11] DEBUG com.intuit.karate - response time in milliseconds: 185.90
1 < 200
1 < Cache-Control: no-cache
1 < Connection: Keep-Alive
1 < Content-Type: application/xml;charset=UTF-8
1 < Date: Fri, 25 Sep 2020 15:22:37 GMT
1 < Expires: -1
1 < Keep-Alive: timeout=5, max=100
1 < Pragma: no-cache
1 < Server: Apache
1 < Set-Cookie: JSESSIONID=D99E3A7279EB0AD1C3A50A77747B4368; Path=/geonetwork; HttpOnly
1 < Transfer-Encoding: chunked
1 < Vary: Accept-Encoding
<?xml version="1.0" encoding="UTF-8"?>
<csw:GetRecordByIdResponse xmlns:csw="http://www.opengis.net/cat/csw/2.0.2" />



15:22:37.254 [ForkJoinPool-1-worker-11] ERROR com.intuit.karate - assertion failed: path: /GetRecordByIdResponse/MD_Metadata/fileIdentifier/CharacterString, actual: null, expected: '<serviceIdentifierCode>', reason: actual xpath does not exist
15:22:37.256 [ForkJoinPool-1-worker-11] DEBUG com.intuit.karate - request:
1 > GET http://nationaalgeoregister.nl/geonetwork/srv/dut/inspire?service=CSW&version=2.0.2&request=GetRecordById&id=%3CserviceIdentifierCode%3E&elementsetname=full&outputSchema=http%3A%2F%2Fwww.isotc211.org%2F2005%2Fgmd
1 > Accept-Encoding: gzip,deflate
1 > Connection: Keep-Alive
1 > Host: nationaalgeoregister.nl
1 > User-Agent: Apache-HttpClient/4.5.11 (Java/13.0.4)

15:22:37.260 [ForkJoinPool-1-worker-5] DEBUG com.intuit.karate - response time in milliseconds: 186.45
1 < 200
1 < Cache-Control: no-cache
1 < Connection: Keep-Alive
1 < Content-Type: application/xml;charset=UTF-8
1 < Date: Fri, 25 Sep 2020 15:22:37 GMT
1 < Expires: -1
1 < Keep-Alive: timeout=5, max=100
1 < Pragma: no-cache
1 < Server: Apache
1 < Set-Cookie: JSESSIONID=0186F5465FB1E87763105AA4B4E69920; Path=/geonetwork; HttpOnly
1 < Transfer-Encoding: chunked
1 < Vary: Accept-Encoding
<?xml version="1.0" encoding="UTF-8"?>
<csw:GetRecordByIdResponse xmlns:csw="http://www.opengis.net/cat/csw/2.0.2" />



15:22:37.262 [ForkJoinPool-1-worker-5] ERROR com.intuit.karate - assertion failed: path: /GetRecordByIdResponse/MD_Metadata/fileIdentifier/CharacterString, actual: null, expected: '<serviceIdentifierCode>', reason: actual xpath does not exist
15:22:37.265 [ForkJoinPool-1-worker-5] DEBUG com.intuit.karate - request:
1 > GET http://nationaalgeoregister.nl/geonetwork/srv/dut/inspire?service=CSW&version=2.0.2&request=GetRecordById&id=%3CserviceIdentifierCode%3E&elementsetname=full&outputSchema=http%3A%2F%2Fwww.isotc211.org%2F2005%2Fgmd
1 > Accept-Encoding: gzip,deflate
1 > Connection: Keep-Alive
1 > Host: nationaalgeoregister.nl
1 > User-Agent: Apache-HttpClient/4.5.11 (Java/13.0.4)

15:22:37.361 [ForkJoinPool-1-worker-9] DEBUG com.intuit.karate - response time in milliseconds: 182.42
1 < 200
1 < Cache-Control: no-cache
1 < Connection: Keep-Alive
1 < Content-Type: application/xml;charset=UTF-8
1 < Date: Fri, 25 Sep 2020 15:22:37 GMT
1 < Expires: -1
1 < Keep-Alive: timeout=5, max=100
1 < Pragma: no-cache
1 < Server: Apache
1 < Set-Cookie: JSESSIONID=C5FDFD678818FB721044404500531259; Path=/geonetwork; HttpOnly
1 < Transfer-Encoding: chunked
1 < Vary: Accept-Encoding
<?xml version="1.0" encoding="UTF-8"?>
<csw:GetRecordByIdResponse xmlns:csw="http://www.opengis.net/cat/csw/2.0.2" />



15:22:37.363 [ForkJoinPool-1-worker-9] ERROR com.intuit.karate - assertion failed: path: /GetRecordByIdResponse/MD_Metadata/fileIdentifier/CharacterString, actual: null, expected: '<serviceIdentifierCode>', reason: actual xpath does not exist
15:22:37.368 [ForkJoinPool-1-worker-9] DEBUG com.intuit.karate - request:
1 > GET http://nationaalgeoregister.nl/geonetwork/srv/dut/inspire?service=CSW&version=2.0.2&request=GetRecordById&id=%3CserviceIdentifierCode%3E&elementsetname=full&outputSchema=http%3A%2F%2Fwww.isotc211.org%2F2005%2Fgmd
1 > Accept-Encoding: gzip,deflate
1 > Connection: Keep-Alive
1 > Host: nationaalgeoregister.nl
1 > User-Agent: Apache-HttpClient/4.5.11 (Java/13.0.4)

15:22:37.433 [ForkJoinPool-1-worker-7] DEBUG com.intuit.karate - response time in milliseconds: 180.91
1 < 200
1 < Cache-Control: no-cache
1 < Connection: Keep-Alive
1 < Content-Type: application/xml;charset=UTF-8
1 < Date: Fri, 25 Sep 2020 15:22:37 GMT
1 < Expires: -1
1 < Keep-Alive: timeout=5, max=100
1 < Pragma: no-cache
1 < Server: Apache
1 < Set-Cookie: JSESSIONID=9DCA57A7A175783E5C7F223EC2DB610C; Path=/geonetwork; HttpOnly
1 < Transfer-Encoding: chunked
1 < Vary: Accept-Encoding
<?xml version="1.0" encoding="UTF-8"?>
<csw:GetRecordByIdResponse xmlns:csw="http://www.opengis.net/cat/csw/2.0.2" />



15:22:37.436 [ForkJoinPool-1-worker-7] ERROR com.intuit.karate - assertion failed: path: /GetRecordByIdResponse/MD_Metadata/fileIdentifier/CharacterString, actual: null, expected: '<serviceIdentifierCode>', reason: actual xpath does not exist
15:22:37.441 [ForkJoinPool-1-worker-11] DEBUG com.intuit.karate - response time in milliseconds: 184.22
1 < 200
1 < Cache-Control: no-cache
1 < Connection: Keep-Alive
1 < Content-Type: application/xml;charset=UTF-8
1 < Date: Fri, 25 Sep 2020 15:22:37 GMT
1 < Expires: -1
1 < Keep-Alive: timeout=5, max=100
1 < Pragma: no-cache
1 < Server: Apache
1 < Set-Cookie: JSESSIONID=E9CE38AB9215A35A4B2626F3B66ACFE1; Path=/geonetwork; HttpOnly
1 < Transfer-Encoding: chunked
1 < Vary: Accept-Encoding
<?xml version="1.0" encoding="UTF-8"?>
<csw:GetRecordByIdResponse xmlns:csw="http://www.opengis.net/cat/csw/2.0.2" />



15:22:37.443 [ForkJoinPool-1-worker-11] ERROR com.intuit.karate - assertion failed: path: /GetRecordByIdResponse/MD_Metadata/fileIdentifier/CharacterString, actual: null, expected: '<serviceIdentifierCode>', reason: actual xpath does not exist
15:22:37.446 [ForkJoinPool-1-worker-5] DEBUG com.intuit.karate - response time in milliseconds: 180.68
1 < 200
1 < Cache-Control: no-cache
1 < Connection: Keep-Alive
1 < Content-Type: application/xml;charset=UTF-8
1 < Date: Fri, 25 Sep 2020 15:22:37 GMT
1 < Expires: -1
1 < Keep-Alive: timeout=5, max=100
1 < Pragma: no-cache
1 < Server: Apache
1 < Set-Cookie: JSESSIONID=7F42E4B027ED3E1AE83CB5021CD839D0; Path=/geonetwork; HttpOnly
1 < Transfer-Encoding: chunked
1 < Vary: Accept-Encoding
<?xml version="1.0" encoding="UTF-8"?>
<csw:GetRecordByIdResponse xmlns:csw="http://www.opengis.net/cat/csw/2.0.2" />



15:22:37.448 [ForkJoinPool-1-worker-5] ERROR com.intuit.karate - assertion failed: path: /GetRecordByIdResponse/MD_Metadata/fileIdentifier/CharacterString, actual: null, expected: '<serviceIdentifierCode>', reason: actual xpath does not exist
15:22:37.450 [ForkJoinPool-1-worker-5] DEBUG com.intuit.karate - request:
1 > GET http://nationaalgeoregister.nl/geonetwork/srv/dut/inspire?service=CSW&version=2.0.2&request=GetRecordById&id=%3CserviceIdentifierCode%3E&elementsetname=full&outputSchema=http%3A%2F%2Fwww.isotc211.org%2F2005%2Fgmd
1 > Accept-Encoding: gzip,deflate
1 > Connection: Keep-Alive
1 > Host: nationaalgeoregister.nl
1 > User-Agent: Apache-HttpClient/4.5.11 (Java/13.0.4)

15:22:37.456 [ForkJoinPool-1-worker-11] DEBUG com.intuit.karate - request:
1 > GET http://nationaalgeoregister.nl/geonetwork/srv/dut/inspire?service=CSW&version=2.0.2&request=GetRecordById&id=%3CserviceIdentifierCode%3E&elementsetname=full&outputSchema=http%3A%2F%2Fwww.isotc211.org%2F2005%2Fgmd
1 > Accept-Encoding: gzip,deflate
1 > Connection: Keep-Alive
1 > Host: nationaalgeoregister.nl
1 > User-Agent: Apache-HttpClient/4.5.11 (Java/13.0.4)

15:22:37.466 [ForkJoinPool-1-worker-7] DEBUG com.intuit.karate - request:
1 > GET http://nationaalgeoregister.nl/geonetwork/srv/dut/inspire?service=CSW&version=2.0.2&request=GetRecordById&id=%3CserviceIdentifierCode%3E&elementsetname=full&outputSchema=http%3A%2F%2Fwww.isotc211.org%2F2005%2Fgmd
1 > Accept-Encoding: gzip,deflate
1 > Connection: Keep-Alive
1 > Host: nationaalgeoregister.nl
1 > User-Agent: Apache-HttpClient/4.5.11 (Java/13.0.4)

15:22:37.552 [ForkJoinPool-1-worker-3] DEBUG com.intuit.karate - response time in milliseconds: 412.23
2 < 404
2 < Connection: Keep-Alive
2 < Content-Encoding: gzip
2 < Content-Length: 20
2 < Content-Type: text/html; charset=iso-8859-1
2 < Date: Fri, 25 Sep 2020 15:22:37 GMT
2 < Keep-Alive: timeout=25, max=800
2 < Server: Apache/2.2.22 (Ubuntu)
2 < Vary: Accept-Encoding

15:22:37.554 [ForkJoinPool-1-worker-3] ERROR com.intuit.karate - assertion failed: path: $, actual: 404, expected: 200, reason: not equal (Integer)
15:22:37.554 [ForkJoinPool-1-worker-9] DEBUG com.intuit.karate - response time in milliseconds: 180.89
1 < 200
1 < Cache-Control: no-cache
1 < Connection: Keep-Alive
1 < Content-Type: application/xml;charset=UTF-8
1 < Date: Fri, 25 Sep 2020 15:22:37 GMT
1 < Expires: -1
1 < Keep-Alive: timeout=5, max=100
1 < Pragma: no-cache
1 < Server: Apache
1 < Set-Cookie: JSESSIONID=4A5CD2980068943F210F6B33597F50ED; Path=/geonetwork; HttpOnly
1 < Transfer-Encoding: chunked
1 < Vary: Accept-Encoding
<?xml version="1.0" encoding="UTF-8"?>
<csw:GetRecordByIdResponse xmlns:csw="http://www.opengis.net/cat/csw/2.0.2" />



15:22:37.555 [ForkJoinPool-1-worker-3] ERROR com.intuit.karate - feature call (loop) failed at index: 2
caller: classpath:InspireTest/def/checkxlinkurl.template.feature
arg: {"link":"http://geonetwork-opensource.org/inspire-theme#"}
checkxlinkurl.template.feature:28 - path: $, actual: 404, expected: 200, reason: not equal (Integer)
15:22:37.557 [ForkJoinPool-1-worker-9] ERROR com.intuit.karate - assertion failed: path: /GetRecordByIdResponse/MD_Metadata/fileIdentifier/CharacterString, actual: null, expected: '<serviceIdentifierCode>', reason: actual xpath does not exist
15:22:37.557 [ForkJoinPool-1-worker-3] INFO  com.intuit.karate - [print] testing xlinkurl:https://www.nationaalgeoregister.nl/geonetwork/srv/eng/thesaurus.download?ref=external.theme.inspire-theme
15:22:37.560 [ForkJoinPool-1-worker-3] DEBUG com.intuit.karate - request:
1 > HEAD https://www.nationaalgeoregister.nl/geonetwork/srv/eng/thesaurus.download?ref=external.theme.inspire-theme
1 > Accept-Encoding: gzip,deflate
1 > Connection: Keep-Alive
1 > Cookie: JSESSIONID=182B6ACF581768DFF6AA97072F7D82ED; route=a1ba236ee7700a2cb53185ef7b13b33ffbcd13d6
1 > Host: www.nationaalgeoregister.nl
1 > User-Agent: Apache-HttpClient/4.5.11 (Java/13.0.4)

15:22:37.567 [ForkJoinPool-1-worker-9] DEBUG com.intuit.karate - request:
1 > GET http://nationaalgeoregister.nl/geonetwork/srv/dut/inspire?service=CSW&version=2.0.2&request=GetRecordById&id=%3CserviceIdentifierCode%3E&elementsetname=full&outputSchema=http%3A%2F%2Fwww.isotc211.org%2F2005%2Fgmd
1 > Accept-Encoding: gzip,deflate
1 > Connection: Keep-Alive
1 > Host: nationaalgeoregister.nl
1 > User-Agent: Apache-HttpClient/4.5.11 (Java/13.0.4)

15:22:37.633 [ForkJoinPool-1-worker-5] DEBUG com.intuit.karate - response time in milliseconds: 182.12
1 < 200
1 < Cache-Control: no-cache
1 < Connection: Keep-Alive
1 < Content-Type: application/xml;charset=UTF-8
1 < Date: Fri, 25 Sep 2020 15:22:37 GMT
1 < Expires: -1
1 < Keep-Alive: timeout=5, max=100
1 < Pragma: no-cache
1 < Server: Apache
1 < Set-Cookie: JSESSIONID=6E3BF328FBAD03A9523A11370934E11C; Path=/geonetwork; HttpOnly
1 < Transfer-Encoding: chunked
1 < Vary: Accept-Encoding
<?xml version="1.0" encoding="UTF-8"?>
<csw:GetRecordByIdResponse xmlns:csw="http://www.opengis.net/cat/csw/2.0.2" />



15:22:37.636 [ForkJoinPool-1-worker-5] ERROR com.intuit.karate - assertion failed: path: /GetRecordByIdResponse/MD_Metadata/fileIdentifier/CharacterString, actual: null, expected: '<serviceIdentifierCode>', reason: actual xpath does not exist
15:22:37.640 [ForkJoinPool-1-worker-5] DEBUG com.intuit.karate - request:
1 > GET http://nationaalgeoregister.nl/geonetwork/srv/dut/inspire?service=CSW&version=2.0.2&request=GetRecordById&id=%3CserviceIdentifierCode%3E&elementsetname=full&outputSchema=http%3A%2F%2Fwww.isotc211.org%2F2005%2Fgmd
1 > Accept-Encoding: gzip,deflate
1 > Connection: Keep-Alive
1 > Host: nationaalgeoregister.nl
1 > User-Agent: Apache-HttpClient/4.5.11 (Java/13.0.4)

15:22:37.645 [ForkJoinPool-1-worker-11] DEBUG com.intuit.karate - response time in milliseconds: 183.91
1 < 200
1 < Cache-Control: no-cache
1 < Connection: Keep-Alive
1 < Content-Type: application/xml;charset=UTF-8
1 < Date: Fri, 25 Sep 2020 15:22:37 GMT
1 < Expires: -1
1 < Keep-Alive: timeout=5, max=100
1 < Pragma: no-cache
1 < Server: Apache
1 < Set-Cookie: JSESSIONID=4982F3E3D8E79B059BB96CF228352A50; Path=/geonetwork; HttpOnly
1 < Transfer-Encoding: chunked
1 < Vary: Accept-Encoding
<?xml version="1.0" encoding="UTF-8"?>
<csw:GetRecordByIdResponse xmlns:csw="http://www.opengis.net/cat/csw/2.0.2" />



15:22:37.649 [ForkJoinPool-1-worker-11] ERROR com.intuit.karate - assertion failed: path: /GetRecordByIdResponse/MD_Metadata/fileIdentifier/CharacterString, actual: null, expected: '<serviceIdentifierCode>', reason: actual xpath does not exist
15:22:37.654 [ForkJoinPool-1-worker-11] DEBUG com.intuit.karate - request:
1 > GET http://nationaalgeoregister.nl/geonetwork/srv/dut/inspire?service=CSW&version=2.0.2&request=GetRecordById&id=%3CserviceIdentifierCode%3E&elementsetname=full&outputSchema=http%3A%2F%2Fwww.isotc211.org%2F2005%2Fgmd
1 > Accept-Encoding: gzip,deflate
1 > Connection: Keep-Alive
1 > Host: nationaalgeoregister.nl
1 > User-Agent: Apache-HttpClient/4.5.11 (Java/13.0.4)

15:22:37.655 [ForkJoinPool-1-worker-7] DEBUG com.intuit.karate - response time in milliseconds: 185.69
1 < 200
1 < Cache-Control: no-cache
1 < Connection: Keep-Alive
1 < Content-Type: application/xml;charset=UTF-8
1 < Date: Fri, 25 Sep 2020 15:22:37 GMT
1 < Expires: -1
1 < Keep-Alive: timeout=5, max=100
1 < Pragma: no-cache
1 < Server: Apache
1 < Set-Cookie: JSESSIONID=383A66194AA0D95305A7AEFE1FAF9A93; Path=/geonetwork; HttpOnly
1 < Transfer-Encoding: chunked
1 < Vary: Accept-Encoding
<?xml version="1.0" encoding="UTF-8"?>
<csw:GetRecordByIdResponse xmlns:csw="http://www.opengis.net/cat/csw/2.0.2" />



15:22:37.658 [ForkJoinPool-1-worker-7] ERROR com.intuit.karate - assertion failed: path: /GetRecordByIdResponse/MD_Metadata/fileIdentifier/CharacterString, actual: null, expected: '<serviceIdentifierCode>', reason: actual xpath does not exist
15:22:37.660 [ForkJoinPool-1-worker-7] DEBUG com.intuit.karate - request:
1 > GET http://nationaalgeoregister.nl/geonetwork/srv/dut/inspire?service=CSW&version=2.0.2&request=GetRecordById&id=%3CserviceIdentifierCode%3E&elementsetname=full&outputSchema=http%3A%2F%2Fwww.isotc211.org%2F2005%2Fgmd
1 > Accept-Encoding: gzip,deflate
1 > Connection: Keep-Alive
1 > Host: nationaalgeoregister.nl
1 > User-Agent: Apache-HttpClient/4.5.11 (Java/13.0.4)

15:22:37.751 [ForkJoinPool-1-worker-9] DEBUG com.intuit.karate - response time in milliseconds: 182.03
1 < 200
1 < Cache-Control: no-cache
1 < Connection: Keep-Alive
1 < Content-Type: application/xml;charset=UTF-8
1 < Date: Fri, 25 Sep 2020 15:22:37 GMT
1 < Expires: -1
1 < Keep-Alive: timeout=5, max=100
1 < Pragma: no-cache
1 < Server: Apache
1 < Set-Cookie: JSESSIONID=00C884915559C422BCC091F67E4F29F3; Path=/geonetwork; HttpOnly
1 < Transfer-Encoding: chunked
1 < Vary: Accept-Encoding
<?xml version="1.0" encoding="UTF-8"?>
<csw:GetRecordByIdResponse xmlns:csw="http://www.opengis.net/cat/csw/2.0.2" />



15:22:37.757 [ForkJoinPool-1-worker-9] ERROR com.intuit.karate - assertion failed: path: /GetRecordByIdResponse/MD_Metadata/fileIdentifier/CharacterString, actual: null, expected: '<serviceIdentifierCode>', reason: actual xpath does not exist
15:22:37.824 [ForkJoinPool-1-worker-5] DEBUG com.intuit.karate - response time in milliseconds: 184.31
1 < 200
1 < Cache-Control: no-cache
1 < Connection: Keep-Alive
1 < Content-Type: application/xml;charset=UTF-8
1 < Date: Fri, 25 Sep 2020 15:22:37 GMT
1 < Expires: -1
1 < Keep-Alive: timeout=5, max=100
1 < Pragma: no-cache
1 < Server: Apache
1 < Set-Cookie: JSESSIONID=B477A17B20E74202F6402D36BED96294; Path=/geonetwork; HttpOnly
1 < Transfer-Encoding: chunked
1 < Vary: Accept-Encoding
<?xml version="1.0" encoding="UTF-8"?>
<csw:GetRecordByIdResponse xmlns:csw="http://www.opengis.net/cat/csw/2.0.2" />



15:22:37.828 [ForkJoinPool-1-worker-5] ERROR com.intuit.karate - assertion failed: path: /GetRecordByIdResponse/MD_Metadata/fileIdentifier/CharacterString, actual: null, expected: '<serviceIdentifierCode>', reason: actual xpath does not exist
15:22:37.850 [ForkJoinPool-1-worker-7] DEBUG com.intuit.karate - response time in milliseconds: 188.65
1 < 200
1 < Cache-Control: no-cache
1 < Connection: Keep-Alive
1 < Content-Type: application/xml;charset=UTF-8
1 < Date: Fri, 25 Sep 2020 15:22:37 GMT
1 < Expires: -1
1 < Keep-Alive: timeout=5, max=100
1 < Pragma: no-cache
1 < Server: Apache
1 < Set-Cookie: JSESSIONID=913008E2EF84F2543A6139CE6B687797; Path=/geonetwork; HttpOnly
1 < Transfer-Encoding: chunked
1 < Vary: Accept-Encoding
<?xml version="1.0" encoding="UTF-8"?>
<csw:GetRecordByIdResponse xmlns:csw="http://www.opengis.net/cat/csw/2.0.2" />



15:22:37.852 [ForkJoinPool-1-worker-7] ERROR com.intuit.karate - assertion failed: path: /GetRecordByIdResponse/MD_Metadata/fileIdentifier/CharacterString, actual: null, expected: '<serviceIdentifierCode>', reason: actual xpath does not exist
15:22:37.850 [ForkJoinPool-1-worker-11] DEBUG com.intuit.karate - response time in milliseconds: 183.79
1 < 200
1 < Cache-Control: no-cache
1 < Connection: Keep-Alive
1 < Content-Type: application/xml;charset=UTF-8
1 < Date: Fri, 25 Sep 2020 15:22:37 GMT
1 < Expires: -1
1 < Keep-Alive: timeout=5, max=100
1 < Pragma: no-cache
1 < Server: Apache
1 < Set-Cookie: JSESSIONID=E8E7EACA1F100C311DD632A775DAD4A1; Path=/geonetwork; HttpOnly
1 < Transfer-Encoding: chunked
1 < Vary: Accept-Encoding
<?xml version="1.0" encoding="UTF-8"?>
<csw:GetRecordByIdResponse xmlns:csw="http://www.opengis.net/cat/csw/2.0.2" />



15:22:37.855 [ForkJoinPool-1-worker-11] ERROR com.intuit.karate - assertion failed: path: /GetRecordByIdResponse/MD_Metadata/fileIdentifier/CharacterString, actual: null, expected: '<serviceIdentifierCode>', reason: actual xpath does not exist
15:22:38.054 [pool-1-thread-5] INFO  com.intuit.karate.Runner - <<fail>> feature 5 of 12: classpath:InspireTest/ngr/T03_services/check-known-service-record.feature
---------------------------------------------------------
feature: classpath:InspireTest/ngr/T03_services/check-known-service-record.feature
report: target/surefire-reports/InspireTest.ngr.T03_services.check-known-service-record.json
scenarios: 34 | passed:  0 | failed: 34 | time: 6.8870
---------------------------------------------------------
15:22:38.062 [ForkJoinPool-1-worker-3] DEBUG com.intuit.karate - response time in milliseconds: 501.52
1 < 500
1 < Cache-Control: no-cache
1 < Connection: close
1 < Content-Type: text/html;charset=UTF-8
1 < Date: Fri, 25 Sep 2020 15:22:37 GMT
1 < Expires: -1
1 < Pragma: no-cache
1 < Server: Apache
1 < Set-Cookie: [serverTime=1601047357818; Path=/, sessionExpiry=1601047357818; Path=/]

15:22:38.064 [ForkJoinPool-1-worker-3] ERROR com.intuit.karate - assertion failed: path: $, actual: 500, expected: 200, reason: not equal (Integer)
15:22:38.064 [ForkJoinPool-1-worker-3] ERROR com.intuit.karate - feature call (loop) failed at index: 3
caller: classpath:InspireTest/def/checkxlinkurl.template.feature
arg: {"link":"https://www.nationaalgeoregister.nl/geonetwork/srv/eng/thesaurus.download?ref=external.theme.inspire-theme"}
checkxlinkurl.template.feature:28 - path: $, actual: 500, expected: 200, reason: not equal (Integer)
15:22:38.216 [ForkJoinPool-1-worker-13] DEBUG com.intuit.karate - response time in milliseconds: 1373.84
1 < 302
1 < Connection: Keep-Alive
1 < Content-Length: 0
1 < Location: https://inspire.ec.europa.eu/metadata-codelist/PriorityDataset
1 < Server: BigIP

15:22:38.217 [ForkJoinPool-1-worker-13] DEBUG com.intuit.karate - request:
2 > HEAD http://inspire.ec.europa.eu/metadata-codelist/PriorityDataset#
2 > Accept-Encoding: gzip,deflate
2 > Connection: Keep-Alive
2 > Cookie: JSESSIONID=81ABCE58856DB685EF4BD59A2502C0A6; route=a1ba236ee7700a2cb53185ef7b13b33ffbcd13d6; serverTime=1601047356092; sessionExpiry=1601047356092
2 > Host: inspire.ec.europa.eu
2 > User-Agent: Apache-HttpClient/4.5.11 (Java/13.0.4)

15:22:43.563 [ForkJoinPool-1-worker-13] ERROR com.intuit.karate - java.net.SocketTimeoutException: Read timed out, http call failed after 5346 milliseconds for URL: http://inspire.ec.europa.eu/metadata-codelist/PriorityDataset#
15:22:43.564 [ForkJoinPool-1-worker-13] ERROR com.intuit.karate - http request failed: 
java.net.SocketTimeoutException: Read timed out
15:22:43.564 [ForkJoinPool-1-worker-13] ERROR com.intuit.karate - feature call (loop) failed at index: 2
caller: classpath:InspireTest/def/checkxlinkurl.template.feature
arg: {"link":"http://inspire.ec.europa.eu/metadata-codelist/PriorityDataset#"}
checkxlinkurl.template.feature:21 - 
java.net.SocketTimeoutException: Read timed out
15:22:43.570 [ForkJoinPool-1-worker-13] INFO  com.intuit.karate - [print] testing xlinkurl:https://ngr.geocat.live/geonetwork/srv/eng/thesaurus.download?ref=external.theme.httpinspireeceuropaeumetadatacodelistPrioritydataset-Prioritydataset
15:22:43.579 [ForkJoinPool-1-worker-13] DEBUG com.intuit.karate - request:
1 > HEAD https://ngr.geocat.live/geonetwork/srv/eng/thesaurus.download?ref=external.theme.httpinspireeceuropaeumetadatacodelistPrioritydataset-Prioritydataset
1 > Accept-Encoding: gzip,deflate
1 > Connection: Keep-Alive
1 > Cookie: JSESSIONID=81ABCE58856DB685EF4BD59A2502C0A6; route=a1ba236ee7700a2cb53185ef7b13b33ffbcd13d6; serverTime=1601047356092; sessionExpiry=1601047356092
1 > Host: ngr.geocat.live
1 > User-Agent: Apache-HttpClient/4.5.11 (Java/13.0.4)

15:22:44.011 [ForkJoinPool-1-worker-13] DEBUG com.intuit.karate - response time in milliseconds: 429.77
1 < 500
1 < Cache-Control: no-cache
1 < Connection: close
1 < Content-Type: text/html;charset=UTF-8
1 < Date: Fri, 25 Sep 2020 15:22:43 GMT
1 < Expires: -1
1 < Pragma: no-cache
1 < Server: Apache
1 < Set-Cookie: [serverTime=1601047363933; Path=/, sessionExpiry=1601047363933; Path=/]

15:22:44.014 [ForkJoinPool-1-worker-13] ERROR com.intuit.karate - assertion failed: path: $, actual: 500, expected: 200, reason: not equal (Integer)
15:22:44.014 [ForkJoinPool-1-worker-13] ERROR com.intuit.karate - feature call (loop) failed at index: 3
caller: classpath:InspireTest/def/checkxlinkurl.template.feature
arg: {"link":"https://ngr.geocat.live/geonetwork/srv/eng/thesaurus.download?ref=external.theme.httpinspireeceuropaeumetadatacodelistPrioritydataset-Prioritydataset"}
checkxlinkurl.template.feature:28 - path: $, actual: 500, expected: 200, reason: not equal (Integer)
15:22:44.016 [ForkJoinPool-1-worker-13] INFO  com.intuit.karate - [print] testing xlinkurl:urn:ogc:def:crs:EPSG::5709
15:22:44.019 [ForkJoinPool-1-worker-13] ERROR com.intuit.karate - org.apache.http.client.ClientProtocolException: URI does not specify a valid host name: urn:ogc:def:crs:EPSG::5709, http call failed after 0 milliseconds for URL: urn:ogc:def:crs:EPSG::5709
15:22:44.019 [ForkJoinPool-1-worker-13] ERROR com.intuit.karate - http request failed: 
org.apache.http.client.ClientProtocolException: URI does not specify a valid host name: urn:ogc:def:crs:EPSG::5709
15:22:44.019 [ForkJoinPool-1-worker-13] ERROR com.intuit.karate - feature call (loop) failed at index: 4
caller: classpath:InspireTest/def/checkxlinkurl.template.feature
arg: {"link":"urn:ogc:def:crs:EPSG::5709"}
checkxlinkurl.template.feature:21 - 
org.apache.http.client.ClientProtocolException: URI does not specify a valid host name: urn:ogc:def:crs:EPSG::5709
15:22:44.082 [pool-1-thread-6] INFO  com.intuit.karate.Runner - <<fail>> feature 6 of 12: classpath:InspireTest/ngr/T02_datasets/check-known-dataset-record.feature
---------------------------------------------------------
feature: classpath:InspireTest/ngr/T02_datasets/check-known-dataset-record.feature
report: target/surefire-reports/InspireTest.ngr.T02_datasets.check-known-dataset-record.json
scenarios:  6 | passed:  0 | failed:  6 | time: 20.8505
---------------------------------------------------------
Karate version: 0.9.5
======================================================
elapsed:  11.78 | threads:    6 | thread time: 27.74 
features:     3 | ignored:    9 | efficiency: 0.39
scenarios:   41 | passed:     0 | failed: 41
======================================================
failed features:
InspireTest.ngr.T04_extra.check-known-links: [1:5] check-known-links.feature:5 - could not find or read file: classpath:InspireTest/ngr/def/knownlink.csv
InspireTest.ngr.T03_services.check-known-service-record: [1.1:24] check-known-service-record.feature:36 - path: /GetRecordByIdResponse/MD_Metadata/fileIdentifier/CharacterString, actual: null, expected: '<serviceIdentifierCode>', reason: actual xpath does not exist
[1.2:24] check-known-service-record.feature:36 - path: /GetRecordByIdResponse/MD_Metadata/fileIdentifier/CharacterString, actual: null, expected: '<serviceIdentifierCode>', reason: actual xpath does not exist
[1.3:24] check-known-service-record.feature:36 - path: /GetRecordByIdResponse/MD_Metadata/fileIdentifier/CharacterString, actual: null, expected: '<serviceIdentifierCode>', reason: actual xpath does not exist
[1.4:24] check-known-service-record.feature:36 - path: /GetRecordByIdResponse/MD_Metadata/fileIdentifier/CharacterString, actual: null, expected: '<serviceIdentifierCode>', reason: actual xpath does not exist
[1.5:24] check-known-service-record.feature:36 - path: /GetRecordByIdResponse/MD_Metadata/fileIdentifier/CharacterString, actual: null, expected: '<serviceIdentifierCode>', reason: actual xpath does not exist
[1.6:24] check-known-service-record.feature:36 - path: /GetRecordByIdResponse/MD_Metadata/fileIdentifier/CharacterString, actual: null, expected: '<serviceIdentifierCode>', reason: actual xpath does not exist
[1.7:24] check-known-service-record.feature:36 - path: /GetRecordByIdResponse/MD_Metadata/fileIdentifier/CharacterString, actual: null, expected: '<serviceIdentifierCode>', reason: actual xpath does not exist
[1.8:24] check-known-service-record.feature:36 - path: /GetRecordByIdResponse/MD_Metadata/fileIdentifier/CharacterString, actual: null, expected: '<serviceIdentifierCode>', reason: actual xpath does not exist
[1.9:24] check-known-service-record.feature:36 - path: /GetRecordByIdResponse/MD_Metadata/fileIdentifier/CharacterString, actual: null, expected: '<serviceIdentifierCode>', reason: actual xpath does not exist
[1.10:24] check-known-service-record.feature:36 - path: /GetRecordByIdResponse/MD_Metadata/fileIdentifier/CharacterString, actual: null, expected: '<serviceIdentifierCode>', reason: actual xpath does not exist
[1.11:24] check-known-service-record.feature:36 - path: /GetRecordByIdResponse/MD_Metadata/fileIdentifier/CharacterString, actual: null, expected: '<serviceIdentifierCode>', reason: actual xpath does not exist
[1.12:24] check-known-service-record.feature:36 - path: /GetRecordByIdResponse/MD_Metadata/fileIdentifier/CharacterString, actual: null, expected: '<serviceIdentifierCode>', reason: actual xpath does not exist
[1.13:24] check-known-service-record.feature:36 - path: /GetRecordByIdResponse/MD_Metadata/fileIdentifier/CharacterString, actual: null, expected: '<serviceIdentifierCode>', reason: actual xpath does not exist
[1.14:24] check-known-service-record.feature:36 - path: /GetRecordByIdResponse/MD_Metadata/fileIdentifier/CharacterString, actual: null, expected: '<serviceIdentifierCode>', reason: actual xpath does not exist
[1.15:24] check-known-service-record.feature:36 - path: /GetRecordByIdResponse/MD_Metadata/fileIdentifier/CharacterString, actual: null, expected: '<serviceIdentifierCode>', reason: actual xpath does not exist
[1.16:24] check-known-service-record.feature:36 - path: /GetRecordByIdResponse/MD_Metadata/fileIdentifier/CharacterString, actual: null, expected: '<serviceIdentifierCode>', reason: actual xpath does not exist
[1.17:24] check-known-service-record.feature:36 - path: /GetRecordByIdResponse/MD_Metadata/fileIdentifier/CharacterString, actual: null, expected: '<serviceIdentifierCode>', reason: actual xpath does not exist
[1.18:24] check-known-service-record.feature:36 - path: /GetRecordByIdResponse/MD_Metadata/fileIdentifier/CharacterString, actual: null, expected: '<serviceIdentifierCode>', reason: actual xpath does not exist
[1.19:24] check-known-service-record.feature:36 - path: /GetRecordByIdResponse/MD_Metadata/fileIdentifier/CharacterString, actual: null, expected: '<serviceIdentifierCode>', reason: actual xpath does not exist
[1.20:24] check-known-service-record.feature:36 - path: /GetRecordByIdResponse/MD_Metadata/fileIdentifier/CharacterString, actual: null, expected: '<serviceIdentifierCode>', reason: actual xpath does not exist
[1.21:24] check-known-service-record.feature:36 - path: /GetRecordByIdResponse/MD_Metadata/fileIdentifier/CharacterString, actual: null, expected: '<serviceIdentifierCode>', reason: actual xpath does not exist
[1.22:24] check-known-service-record.feature:36 - path: /GetRecordByIdResponse/MD_Metadata/fileIdentifier/CharacterString, actual: null, expected: '<serviceIdentifierCode>', reason: actual xpath does not exist
[1.23:24] check-known-service-record.feature:36 - path: /GetRecordByIdResponse/MD_Metadata/fileIdentifier/CharacterString, actual: null, expected: '<serviceIdentifierCode>', reason: actual xpath does not exist
[1.24:24] check-known-service-record.feature:36 - path: /GetRecordByIdResponse/MD_Metadata/fileIdentifier/CharacterString, actual: null, expected: '<serviceIdentifierCode>', reason: actual xpath does not exist
[1.25:24] check-known-service-record.feature:36 - path: /GetRecordByIdResponse/MD_Metadata/fileIdentifier/CharacterString, actual: null, expected: '<serviceIdentifierCode>', reason: actual xpath does not exist
[1.26:24] check-known-service-record.feature:36 - path: /GetRecordByIdResponse/MD_Metadata/fileIdentifier/CharacterString, actual: null, expected: '<serviceIdentifierCode>', reason: actual xpath does not exist
[1.27:24] check-known-service-record.feature:36 - path: /GetRecordByIdResponse/MD_Metadata/fileIdentifier/CharacterString, actual: null, expected: '<serviceIdentifierCode>', reason: actual xpath does not exist
[1.28:24] check-known-service-record.feature:36 - path: /GetRecordByIdResponse/MD_Metadata/fileIdentifier/CharacterString, actual: null, expected: '<serviceIdentifierCode>', reason: actual xpath does not exist
[1.29:24] check-known-service-record.feature:36 - path: /GetRecordByIdResponse/MD_Metadata/fileIdentifier/CharacterString, actual: null, expected: '<serviceIdentifierCode>', reason: actual xpath does not exist
[1.30:24] check-known-service-record.feature:36 - path: /GetRecordByIdResponse/MD_Metadata/fileIdentifier/CharacterString, actual: null, expected: '<serviceIdentifierCode>', reason: actual xpath does not exist
[1.31:24] check-known-service-record.feature:36 - path: /GetRecordByIdResponse/MD_Metadata/fileIdentifier/CharacterString, actual: null, expected: '<serviceIdentifierCode>', reason: actual xpath does not exist
[1.32:24] check-known-service-record.feature:36 - path: /GetRecordByIdResponse/MD_Metadata/fileIdentifier/CharacterString, actual: null, expected: '<serviceIdentifierCode>', reason: actual xpath does not exist
[1.33:24] check-known-service-record.feature:36 - path: /GetRecordByIdResponse/MD_Metadata/fileIdentifier/CharacterString, actual: null, expected: '<serviceIdentifierCode>', reason: actual xpath does not exist
[1.34:24] check-known-service-record.feature:36 - path: /GetRecordByIdResponse/MD_Metadata/fileIdentifier/CharacterString, actual: null, expected: '<serviceIdentifierCode>', reason: actual xpath does not exist
InspireTest.ngr.T02_datasets.check-known-dataset-record: [1.1:24] check-known-dataset-record.feature:72 - feature call (loop) failed: classpath:InspireTest/def/checkxlinkurl.template.feature
caller: classpath:InspireTest/ngr/T02_datasets/check-known-dataset-record.feature
items: [{link=https://ngr.acceptatie.nationaalgeoregister.nl/geonetwork/srv/resourcesbbe3c19d-12b0-4912-a6f4-46eb189e85ac}, {link=http://rdfdata.eionet.europa.eu/inspirethemes/themes/16}, {link=http://geonetwork-opensource.org/inspire-theme#}, {link=https://www.nationaalgeoregister.nl/geonetwork/srv/eng/thesaurus.download?ref=external.theme.inspire-theme}]
errors:
-------
feature call (loop) failed at index: 0
caller: classpath:InspireTest/def/checkxlinkurl.template.feature
arg: {"link":"https://ngr.acceptatie.nationaalgeoregister.nl/geonetwork/srv/resourcesbbe3c19d-12b0-4912-a6f4-46eb189e85ac"}
checkxlinkurl.template.feature:28 - path: $, actual: 404, expected: 200, reason: not equal (Integer)
-------
feature call (loop) failed at index: 1
caller: classpath:InspireTest/def/checkxlinkurl.template.feature
arg: {"link":"http://rdfdata.eionet.europa.eu/inspirethemes/themes/16"}
checkxlinkurl.template.feature:28 - path: $, actual: 404, expected: 200, reason: not equal (Integer)
-------
feature call (loop) failed at index: 2
caller: classpath:InspireTest/def/checkxlinkurl.template.feature
arg: {"link":"http://geonetwork-opensource.org/inspire-theme#"}
checkxlinkurl.template.feature:28 - path: $, actual: 404, expected: 200, reason: not equal (Integer)
-------
feature call (loop) failed at index: 3
caller: classpath:InspireTest/def/checkxlinkurl.template.feature
arg: {"link":"https://www.nationaalgeoregister.nl/geonetwork/srv/eng/thesaurus.download?ref=external.theme.inspire-theme"}
checkxlinkurl.template.feature:28 - path: $, actual: 500, expected: 200, reason: not equal (Integer)
[1.2:24] check-known-dataset-record.feature:72 - feature call (loop) failed: classpath:InspireTest/def/checkxlinkurl.template.feature
caller: classpath:InspireTest/ngr/T02_datasets/check-known-dataset-record.feature
items: [{link=http://kadaster/7c22107ea-5e31-4bbc-8e24-d15fe230062e}]
errors:
-------
feature call (loop) failed at index: 0
caller: classpath:InspireTest/def/checkxlinkurl.template.feature
arg: {"link":"http://kadaster/7c22107ea-5e31-4bbc-8e24-d15fe230062e"}
checkxlinkurl.template.feature:21 - 
java.net.UnknownHostException: kadaster: Temporary failure in name resolution
[1.3:24] check-known-dataset-record.feature:72 - feature call (loop) failed: classpath:InspireTest/def/checkxlinkurl.template.feature
caller: classpath:InspireTest/ngr/T02_datasets/check-known-dataset-record.feature
items: [{link=https://data.rivm.nl/inspire/id#36a7e8cb-8300-4602-93d2-135943365a6f}]
errors:
-------
feature call (loop) failed at index: 0
caller: classpath:InspireTest/def/checkxlinkurl.template.feature
arg: {"link":"https://data.rivm.nl/inspire/id#36a7e8cb-8300-4602-93d2-135943365a6f"}
checkxlinkurl.template.feature:21 - 
javax.net.ssl.SSLException: Connection reset
[1.4:24] check-known-dataset-record.feature:72 - feature call (loop) failed: classpath:InspireTest/def/checkxlinkurl.template.feature
caller: classpath:InspireTest/ngr/T02_datasets/check-known-dataset-record.feature
items: [{link=http://www.opengis.net/def/crs/EPSG/0/https://www.opengis.net/def/crs/EPSG/0/4258}, {link=https://www.nationaalgeoregister.nl/geonetwork/srv/api/recordsc2225e5d-b46f-4e38-8445-ab10fd40c0dc}]
errors:
-------
feature call (loop) failed at index: 1
caller: classpath:InspireTest/def/checkxlinkurl.template.feature
arg: {"link":"https://www.nationaalgeoregister.nl/geonetwork/srv/api/recordsc2225e5d-b46f-4e38-8445-ab10fd40c0dc"}
checkxlinkurl.template.feature:28 - path: $, actual: 500, expected: 200, reason: not equal (Integer)
[1.5:24] check-known-dataset-record.feature:72 - feature call (loop) failed: classpath:InspireTest/def/checkxlinkurl.template.feature
caller: classpath:InspireTest/ngr/T02_datasets/check-known-dataset-record.feature
items: [{link=http://www.opengis.net/def/crs/EPSG/0/http://www.opengis.net/def/crs/EPSG/0/4258}, {link=http://kadaster/cb4edbd2-2dca-4d44-92bb-b2202048b526}]
errors:
-------
feature call (loop) failed at index: 1
caller: classpath:InspireTest/def/checkxlinkurl.template.feature
arg: {"link":"http://kadaster/cb4edbd2-2dca-4d44-92bb-b2202048b526"}
checkxlinkurl.template.feature:21 - 
java.net.UnknownHostException: kadaster
[1.6:24] check-known-dataset-record.feature:72 - feature call (loop) failed: classpath:InspireTest/def/checkxlinkurl.template.feature
caller: classpath:InspireTest/ngr/T02_datasets/check-known-dataset-record.feature
items: [{link=https://www.nationaalgeoregister.nl/geonetwork/srv/dut/catalog.search#/metadata/8de2f5eb-b09f-4f6d-8397-8878a1b86238}, {link=http://rdfdata.eionet.europa.eu/inspirethemes/themes/18}, {link=http://inspire.ec.europa.eu/metadata-codelist/PriorityDataset#}, {link=https://ngr.geocat.live/geonetwork/srv/eng/thesaurus.download?ref=external.theme.httpinspireeceuropaeumetadatacodelistPrioritydataset-Prioritydataset}, {link=urn:ogc:def:crs:EPSG::5709}]
errors:
-------
feature call (loop) failed at index: 1
caller: classpath:InspireTest/def/checkxlinkurl.template.feature
arg: {"link":"http://rdfdata.eionet.europa.eu/inspirethemes/themes/18"}
checkxlinkurl.template.feature:28 - path: $, actual: 404, expected: 200, reason: not equal (Integer)
-------
feature call (loop) failed at index: 2
caller: classpath:InspireTest/def/checkxlinkurl.template.feature
arg: {"link":"http://inspire.ec.europa.eu/metadata-codelist/PriorityDataset#"}
checkxlinkurl.template.feature:21 - 
java.net.SocketTimeoutException: Read timed out
-------
feature call (loop) failed at index: 3
caller: classpath:InspireTest/def/checkxlinkurl.template.feature
arg: {"link":"https://ngr.geocat.live/geonetwork/srv/eng/thesaurus.download?ref=external.theme.httpinspireeceuropaeumetadatacodelistPrioritydataset-Prioritydataset"}
checkxlinkurl.template.feature:28 - path: $, actual: 500, expected: 200, reason: not equal (Integer)
-------
feature call (loop) failed at index: 4
caller: classpath:InspireTest/def/checkxlinkurl.template.feature
arg: {"link":"urn:ogc:def:crs:EPSG::5709"}
checkxlinkurl.template.feature:21 - 
org.apache.http.client.ClientProtocolException: URI does not specify a valid host name: urn:ogc:def:crs:EPSG::5709

]]></system-out>
    <system-err><![CDATA[Warning: Nashorn engine is planned to be removed from a future JDK release
ERROR StatusLogger No log4j2 configuration file found. Using default configuration: logging only errors to the console. Set system property 'org.apache.logging.log4j.simplelog.StatusLogger.level' to TRACE to show Log4j2 internal initialization logging.
]]></system-err>
  </testcase>
</testsuite>